>Sequence
Normalized_weight: 0.048
A     P     V     I     N     I     E     D     L     T     E     K     D     K     L     K     M     E     V     D     Q     L     K     K     E     V     T     L     E     R     M     L     V     S     K     C     C     E     E     F     R     D     Y     V     E     E     R     S     G     E     D     P     L     V     K     G     I     P     E     D     K     N     P     F     K     E     L     K     
0.500 0.167 0.250 0.167 0.250 0.125 0.111 0.040 0.036 0.083 0.018 0.017 0.021 0.028 0.015 0.021 0.014 0.013 0.006 0.056 0.010 0.010 0.013 0.010 0.010 0.033 0.037 0.014 0.008 0.010 0.018 0.042 0.011 0.028 0.013 0.029 0.028 0.040 0.010 0.200 0.028 0.017 0.012 0.031 0.005 0.017 0.033 0.028 0.013 0.010 0.028 0.008 0.014 0.021 0.013 0.011 0.020 0.007 0.014 0.016 0.010 0.028 0.028 0.014 0.020 0.014 0.250 0.037 
>Sequence
Normalized_weight: 0.014
-     -     -     -     -     -     -     -     -     -     S     I     A     Q     A     R     K     L     V     E     Q     L     K     M     E     A     N     I     D     R     I     K     V     S     K     A     A     A     D     L     M     A     Y     C     E     A     H     A     K     E     D     P     L     L     T     P     V     P     A     S     E     N     P     F     -     -     -     -     
0.014 0.015 0.008 0.010 0.008 0.008 0.012 0.008 0.010 0.007 0.021 0.020 0.021 0.010 0.014 0.016 0.009 0.011 0.006 0.007 0.010 0.010 0.013 0.030 0.010 0.013 0.016 0.012 0.031 0.010 0.007 0.008 0.011 0.028 0.013 0.010 0.010 0.012 0.015 0.010 0.010 0.025 0.012 0.013 0.005 0.019 0.013 0.008 0.023 0.010 0.028 0.008 0.014 0.013 0.016 0.067 0.013 0.007 0.014 0.011 0.013 0.028 0.028 0.014 0.013 0.013 0.015 0.013 
>Sequence
Normalized_weight: 0.047
-     P     I     I     D     V     E     N     M     T     D     L     D     K     A     K     M     E     V     T     Q     L     K     T     E     V     K     L     E     R     A     K     V     S     K     C     C     E     E     I     T     E     Y     I     Q     G     G     A     D     E     D     P     L     V     K     G     I     P     E     E     K     N     P     F     K     E     K     -     
0.014 0.167 0.250 0.167 0.125 0.250 0.111 0.100 0.083 0.083 0.042 0.020 0.021 0.028 0.014 0.021 0.014 0.013 0.006 0.167 0.010 0.010 0.013 0.045 0.010 0.033 0.016 0.014 0.008 0.010 0.045 0.008 0.011 0.028 0.013 0.029 0.028 0.040 0.010 0.025 0.111 0.017 0.012 0.050 0.125 0.167 0.167 0.008 0.030 0.010 0.028 0.008 0.014 0.021 0.013 0.011 0.020 0.007 0.014 0.143 0.010 0.028 0.028 0.014 0.020 0.014 0.017 0.013 
>Sequence
Normalized_weight: 0.027
-     -     -     -     -     -     Q     D     L     S     E     K     D     L     L     K     M     E     V     E     Q     L     K     K     E     V     K     N     T     R     I     P     I     S     K     A     G     K     E     I     K     E     Y     V     E     A     Q     A     G     N     D     P     F     L     K     G     I     P     E     D     K     N     P     F     K     E     K     -     
0.014 0.015 0.008 0.010 0.008 0.008 0.067 0.040 0.036 0.028 0.018 0.017 0.021 0.037 0.015 0.021 0.014 0.013 0.006 0.007 0.010 0.010 0.013 0.010 0.010 0.033 0.016 0.029 0.042 0.010 0.007 0.021 0.083 0.028 0.013 0.010 0.056 0.029 0.010 0.025 0.019 0.017 0.012 0.031 0.005 0.019 0.042 0.008 0.013 0.016 0.028 0.008 0.500 0.013 0.013 0.011 0.020 0.007 0.014 0.016 0.010 0.028 0.028 0.014 0.020 0.014 0.017 0.013 
>Sequence
Normalized_weight: 0.040
-     P     A     L     H     I     E     D     L     P     E     K     E     K     L     K     M     E     V     E     Q     L     R     K     E     V     K     L     Q     R     Q     Q     V     S     K     C     S     E     E     I     K     N     Y     I     E     E     R     S     G     E     D     P     L     V     K     G     I     P     E     D     K     N     P     F     K     E     K     -     
0.014 0.167 0.250 0.333 0.250 0.125 0.111 0.040 0.036 0.167 0.018 0.017 0.025 0.028 0.015 0.021 0.014 0.013 0.006 0.007 0.010 0.010 0.013 0.010 0.010 0.033 0.016 0.014 0.042 0.010 0.045 0.167 0.011 0.028 0.013 0.029 0.028 0.040 0.010 0.025 0.019 0.050 0.012 0.050 0.005 0.017 0.033 0.028 0.013 0.010 0.028 0.008 0.014 0.021 0.013 0.011 0.020 0.007 0.014 0.016 0.010 0.028 0.028 0.014 0.020 0.014 0.017 0.013 
>Sequence
Normalized_weight: 0.016
-     -     -     -     -     -     -     -     -     -     -     -     -     -     A     R     R     T     V     Q     Q     L     R     M     E     A     S     I     E     R     I     K     V     S     K     A     S     A     D     L     M     S     Y     C     E     E     H     A     R     N     D     P     L     L     M     G     I     P     T     S     E     N     P     F     K     D     K     K     
0.014 0.015 0.008 0.010 0.008 0.008 0.012 0.008 0.010 0.007 0.013 0.010 0.014 0.012 0.014 0.016 0.022 0.025 0.006 0.033 0.010 0.010 0.013 0.030 0.010 0.013 0.019 0.012 0.008 0.010 0.007 0.008 0.011 0.028 0.013 0.010 0.028 0.012 0.015 0.010 0.010 0.025 0.012 0.013 0.005 0.017 0.013 0.008 0.015 0.016 0.028 0.008 0.014 0.013 0.062 0.011 0.020 0.007 0.029 0.011 0.013 0.028 0.028 0.014 0.020 0.067 0.017 0.037 
>Sequence
Normalized_weight: 0.018
-     -     -     -     -     -     -     -     -     -     -     -     -     -     A     R     R     T     V     Q     Q     L     R     L     E     A     S     I     E     R     I     K     V     S     K     A     S     A     D     L     M     S     Y     C     E     E     H     A     R     S     D     P     L     L     M     G     I     P     T     S     E     N     P     F     K     D     K     K     
0.014 0.015 0.008 0.010 0.008 0.008 0.012 0.008 0.010 0.007 0.013 0.010 0.014 0.012 0.014 0.016 0.022 0.025 0.006 0.033 0.010 0.010 0.013 0.011 0.010 0.013 0.019 0.012 0.008 0.010 0.007 0.008 0.011 0.028 0.013 0.010 0.028 0.012 0.015 0.010 0.010 0.025 0.012 0.013 0.005 0.017 0.013 0.008 0.015 0.143 0.028 0.008 0.014 0.013 0.062 0.011 0.020 0.007 0.029 0.011 0.013 0.028 0.028 0.014 0.020 0.067 0.017 0.037 
>Sequence
Normalized_weight: 0.023
-     -     -     -     -     -     Q     D     L     S     E     R     E     L     L     R     M     E     V     E     Q     L     K     K     E     V     K     N     P     R     D     L     I     S     K     T     G     K     E     I     K     D     Y     V     E     A     Q     A     G     T     D     P     L     L     K     G     I     P     E     D     K     N     P     F     K     E     K     -     
0.014 0.015 0.008 0.010 0.008 0.008 0.067 0.040 0.036 0.028 0.018 0.050 0.025 0.037 0.015 0.016 0.014 0.013 0.006 0.007 0.010 0.010 0.013 0.010 0.010 0.033 0.016 0.029 0.062 0.010 0.091 0.042 0.083 0.028 0.013 0.050 0.056 0.029 0.010 0.025 0.019 0.017 0.012 0.031 0.005 0.019 0.042 0.008 0.013 0.071 0.028 0.008 0.014 0.013 0.013 0.011 0.020 0.007 0.014 0.016 0.010 0.028 0.028 0.014 0.020 0.014 0.017 0.013 
>Sequence
Normalized_weight: 0.024
-     -     -     -     -     -     -     D     M     S     D     K     D     I     L     K     M     E     L     E     Q     L     Q     K     E     A     K     N     T     R     E     P     V     S     K     T     A     K     E     I     C     E     W     V     E     A     Q     S     A     E     D     P     L     V     K     G     V     P     E     D     K     N     P     F     K     E     K     -     
0.014 0.015 0.008 0.010 0.008 0.008 0.012 0.040 0.083 0.028 0.042 0.017 0.021 0.056 0.015 0.021 0.014 0.013 0.083 0.007 0.010 0.010 0.067 0.010 0.010 0.013 0.016 0.029 0.042 0.010 0.045 0.021 0.011 0.028 0.013 0.050 0.010 0.029 0.010 0.025 0.056 0.017 0.167 0.031 0.005 0.019 0.042 0.028 0.030 0.010 0.028 0.008 0.014 0.021 0.013 0.011 0.013 0.007 0.014 0.016 0.010 0.028 0.028 0.014 0.020 0.014 0.017 0.013 
>Sequence
Normalized_weight: 0.024
-     -     -     -     -     -     Q     E     L     S     E     K     E     L     L     K     M     E     V     E     Q     L     K     K     E     V     K     N     P     R     A     L     I     S     K     T     G     K     E     I     K     D     Y     V     E     A     E     A     G     N     D     P     L     L     K     G     I     P     E     D     K     N     P     F     K     E     K     -     
0.014 0.015 0.008 0.010 0.008 0.008 0.067 0.100 0.036 0.028 0.018 0.017 0.025 0.037 0.015 0.021 0.014 0.013 0.006 0.007 0.010 0.010 0.013 0.010 0.010 0.033 0.016 0.029 0.062 0.010 0.045 0.042 0.083 0.028 0.013 0.050 0.056 0.029 0.010 0.025 0.019 0.017 0.012 0.031 0.005 0.019 0.167 0.008 0.013 0.016 0.028 0.008 0.014 0.013 0.013 0.011 0.020 0.007 0.014 0.016 0.010 0.028 0.028 0.014 0.020 0.014 0.017 0.013 
>Sequence
Normalized_weight: 0.025
-     -     -     -     -     -     Q     E     L     S     E     K     D     I     L     K     M     E     L     E     Q     L     Q     K     E     A     K     N     T     R     E     P     V     S     K     T     A     K     E     I     C     E     W     V     E     A     Q     S     A     E     D     P     L     V     K     G     V     P     E     D     K     N     P     F     K     E     K     -     
0.014 0.015 0.008 0.010 0.008 0.008 0.067 0.100 0.036 0.028 0.018 0.017 0.021 0.056 0.015 0.021 0.014 0.013 0.083 0.007 0.010 0.010 0.067 0.010 0.010 0.013 0.016 0.029 0.042 0.010 0.045 0.021 0.011 0.028 0.013 0.050 0.010 0.029 0.010 0.025 0.056 0.017 0.167 0.031 0.005 0.019 0.042 0.028 0.030 0.010 0.028 0.008 0.014 0.021 0.013 0.011 0.013 0.007 0.014 0.016 0.010 0.028 0.028 0.014 0.020 0.014 0.017 0.013 
>Sequence
Normalized_weight: 0.023
-     -     -     -     -     -     -     -     -     -     -     -     -     -     A     R     K     A     V     E     Q     L     K     M     E     A     C     M     D     R     V     K     V     S     Q     A     A     A     D     L     L     A     Y     C     E     A     H     V     R     E     D     P     L     I     I     P     V     P     A     S     E     N     P     F     R     E     K     K     
0.014 0.015 0.008 0.010 0.008 0.008 0.012 0.008 0.010 0.007 0.013 0.010 0.014 0.012 0.014 0.016 0.009 0.100 0.006 0.007 0.010 0.010 0.013 0.030 0.010 0.013 0.111 0.048 0.031 0.010 0.018 0.008 0.011 0.028 0.025 0.010 0.010 0.012 0.015 0.010 0.037 0.025 0.012 0.013 0.005 0.019 0.013 0.167 0.015 0.010 0.028 0.008 0.014 0.062 0.125 0.067 0.013 0.007 0.014 0.011 0.013 0.028 0.028 0.014 0.033 0.014 0.017 0.037 
>Sequence
Normalized_weight: 0.035
-     -     -     -     -     -     -     N     M     A     K     I     A     E     A     R     K     T     V     E     Q     L     K     L     E     V     N     I     D     R     M     K     V     S     Q     A     A     A     E     L     L     A     F     C     E     T     H     A     K     D     D     P     L     V     T     P     V     P     A     A     E     N     P     F     R     D     K     R     
0.014 0.015 0.008 0.010 0.008 0.008 0.012 0.100 0.083 0.167 0.125 0.020 0.021 0.111 0.014 0.016 0.009 0.025 0.006 0.007 0.010 0.010 0.013 0.011 0.010 0.033 0.016 0.012 0.031 0.010 0.018 0.008 0.011 0.028 0.025 0.010 0.010 0.012 0.010 0.010 0.037 0.025 0.056 0.013 0.005 0.167 0.013 0.008 0.023 0.143 0.028 0.008 0.014 0.021 0.016 0.067 0.013 0.007 0.014 0.071 0.013 0.028 0.028 0.014 0.033 0.067 0.017 0.333 
>Sequence
Normalized_weight: 0.020
-     -     -     -     -     -     -     -     -     -     -     -     -     -     M     K     K     V     V     Q     Q     L     R     L     E     A     G     L     N     R     V     K     V     S     Q     A     A     A     D     L     K     Q     F     C     L     Q     N     A     Q     H     D     P     L     L     T     G     V     S     S     S     T     N     P     F     R     P     Q     K     
0.014 0.015 0.008 0.010 0.008 0.008 0.012 0.008 0.010 0.007 0.013 0.010 0.014 0.012 0.056 0.021 0.009 0.025 0.006 0.033 0.010 0.010 0.013 0.011 0.010 0.013 0.014 0.014 0.025 0.010 0.018 0.008 0.011 0.028 0.025 0.010 0.010 0.012 0.015 0.010 0.019 0.014 0.056 0.013 0.042 0.013 0.014 0.008 0.030 0.048 0.028 0.008 0.014 0.013 0.016 0.011 0.013 0.042 0.020 0.011 0.048 0.028 0.028 0.014 0.033 0.100 0.083 0.037 
>Sequence
Normalized_weight: 0.024
-     -     -     -     -     -     -     -     -     -     -     -     -     -     M     K     K     V     V     Q     Q     L     R     F     E     A     N     I     N     R     V     K     V     S     Q     A     A     A     E     L     Q     Q     F     C     I     Q     N     A     V     H     D     P     L     L     T     G     V     S     S     S     T     N     P     F     R     T     Q     K     
0.014 0.015 0.008 0.010 0.008 0.008 0.012 0.008 0.010 0.007 0.013 0.010 0.014 0.012 0.056 0.021 0.009 0.025 0.006 0.033 0.010 0.010 0.013 0.091 0.010 0.013 0.016 0.012 0.025 0.010 0.018 0.008 0.011 0.028 0.025 0.010 0.010 0.012 0.010 0.010 0.022 0.014 0.056 0.013 0.062 0.013 0.014 0.008 0.091 0.048 0.028 0.008 0.014 0.013 0.016 0.011 0.013 0.042 0.020 0.011 0.048 0.028 0.028 0.014 0.033 0.200 0.083 0.037 
>Sequence
Normalized_weight: 0.026
-     -     -     -     -     -     -     -     -     -     -     -     -     -     -     -     -     -     V     Q     Q     L     Q     L     E     A     G     L     N     S     V     K     V     S     Q     A     A     A     D     L     K     Q     F     C     L     Q     N     A     Q     H     D     P     L     L     T     G     V     S     S     S     T     N     P     F     R     P     Q     K     
0.014 0.015 0.008 0.010 0.008 0.008 0.012 0.008 0.010 0.007 0.013 0.010 0.014 0.012 0.042 0.050 0.022 0.020 0.006 0.033 0.010 0.010 0.067 0.011 0.010 0.013 0.014 0.014 0.025 0.333 0.018 0.008 0.011 0.028 0.025 0.010 0.010 0.012 0.015 0.010 0.019 0.014 0.056 0.013 0.042 0.013 0.014 0.008 0.030 0.048 0.028 0.008 0.014 0.013 0.016 0.011 0.013 0.042 0.020 0.011 0.048 0.028 0.028 0.014 0.033 0.100 0.083 0.037 
>Sequence
Normalized_weight: 0.050
-     -     -     -     D     F     Q     R     R     D     E     M     E     N     I     K     T     T     T     E     Q     L     R     T     E     A     N     I     Q     R     K     K     V     S     E     V     A     K     D     L     V     E     F     C     E     K     N     K     A     T     D     M     L     V     S     G     P     L     D     A     H     N     P     F     Q     E     K     K     
0.014 0.015 0.008 0.010 0.125 0.250 0.067 0.200 0.250 0.167 0.018 0.100 0.025 0.056 0.083 0.021 0.111 0.025 0.056 0.007 0.010 0.010 0.013 0.045 0.010 0.013 0.016 0.012 0.042 0.010 0.045 0.008 0.011 0.028 0.050 0.100 0.010 0.029 0.015 0.010 0.111 0.017 0.056 0.013 0.005 0.083 0.014 0.083 0.030 0.071 0.028 0.100 0.014 0.021 0.025 0.011 0.067 0.167 0.071 0.071 0.071 0.028 0.028 0.014 0.067 0.014 0.017 0.037 
>Sequence
Normalized_weight: 0.053
-     -     -     -     -     -     -     -     -     -     -     -     -     -     -     -     -     -     -     -     -     -     -     -     -     -     -     -     E     T     L     K     V     S     Q     A     A     A     E     L     Q     Q     Y     C     M     Q     N     A     C     K     D     A     L     L     V     G     V     P     A     G     S     N     P     F     R     E     -     -     
0.014 0.015 0.008 0.010 0.008 0.008 0.012 0.008 0.010 0.007 0.013 0.010 0.014 0.012 0.042 0.050 0.022 0.020 0.167 0.167 0.333 0.333 0.200 0.091 0.333 0.333 0.111 0.143 0.008 0.333 0.091 0.008 0.011 0.028 0.025 0.010 0.010 0.012 0.010 0.010 0.022 0.014 0.012 0.013 0.042 0.013 0.014 0.008 0.015 0.024 0.028 0.050 0.014 0.013 0.016 0.011 0.013 0.007 0.014 0.036 0.036 0.028 0.028 0.014 0.033 0.014 0.015 0.013 
>Sequence
Normalized_weight: 0.036
-     -     -     -     -     -     -     -     -     -     -     -     E     N     I     K     A     S     T     E     Q     L     C     A     E     A     N     I     Q     R     K     K     V     S     E     V     S     K     E     L     L     D     F     C     E     K     N     K     T     N     D     M     L     V     S     G     P     T     D     Q     H     N     P     F     Q     E     K     K     
0.014 0.015 0.008 0.010 0.008 0.008 0.012 0.008 0.010 0.007 0.013 0.010 0.025 0.056 0.083 0.021 0.111 0.100 0.056 0.007 0.010 0.010 0.200 0.091 0.010 0.013 0.016 0.012 0.042 0.010 0.045 0.008 0.011 0.028 0.050 0.100 0.028 0.029 0.010 0.010 0.037 0.017 0.056 0.013 0.005 0.083 0.014 0.083 0.091 0.016 0.028 0.100 0.014 0.021 0.025 0.011 0.067 0.056 0.071 0.048 0.071 0.028 0.028 0.014 0.067 0.014 0.017 0.037 
>Sequence
Normalized_weight: 0.030
-     -     -     -     -     -     -     -     L     S     Q     Q     R     K     L     -     -     -     V     E     Q     L     R     Q     E     A     N     L     N     R     R     P     V     S     E     C     V     Q     E     M     I     V     Y     M     E     Q     N     R     D     K     D     C     L     V     S     G     F     A     S     K     K     N     P     F     Q     E     K     -     
0.014 0.015 0.008 0.010 0.008 0.008 0.012 0.008 0.036 0.028 0.125 0.100 0.125 0.028 0.015 0.050 0.022 0.020 0.006 0.007 0.010 0.010 0.013 0.045 0.010 0.013 0.016 0.014 0.025 0.010 0.045 0.021 0.011 0.028 0.050 0.029 0.083 0.067 0.010 0.040 0.037 0.050 0.012 0.083 0.005 0.013 0.014 0.083 0.030 0.024 0.028 0.050 0.014 0.021 0.025 0.011 0.040 0.083 0.020 0.036 0.010 0.028 0.028 0.014 0.067 0.014 0.017 0.013 
>Sequence
Normalized_weight: 0.071
-     -     -     -     -     -     -     -     -     -     D     R     D     A     L     K     K     Q     I     E     N     M     K     Y     Q     A     S     M     E     R     W     P     L     S     K     S     I     A     A     M     R     E     Y     V     E     E     N     E     K     N     D     P     L     I     H     A     P     D     K     K     N     N     P     W     A     E     K     -     
0.014 0.015 0.008 0.010 0.008 0.008 0.012 0.008 0.010 0.007 0.042 0.050 0.021 0.037 0.015 0.021 0.009 0.100 0.167 0.007 0.333 0.333 0.013 0.091 0.333 0.013 0.019 0.048 0.008 0.010 0.091 0.021 0.333 0.028 0.013 0.100 0.083 0.012 0.200 0.040 0.028 0.017 0.012 0.031 0.005 0.017 0.014 0.042 0.023 0.016 0.028 0.008 0.014 0.062 0.125 0.333 0.067 0.167 0.143 0.036 0.143 0.028 0.028 0.500 0.200 0.014 0.017 0.013 
>Sequence
Normalized_weight: 0.015
-     -     -     -     -     -     -     -     -     -     N     V     A     Q     A     R     K     L     V     E     Q     L     R     I     E     A     G     I     E     R     I     K     V     S     K     A     S     S     D     L     M     G     Y     C     E     Q     H     A     R     N     D     P     L     L     V     G     V     P     A     S     E     N     P     F     -     -     -     -     
0.014 0.015 0.008 0.010 0.008 0.008 0.012 0.008 0.010 0.007 0.018 0.025 0.021 0.010 0.014 0.016 0.009 0.011 0.006 0.007 0.010 0.010 0.013 0.018 0.010 0.013 0.014 0.012 0.008 0.010 0.007 0.008 0.011 0.028 0.013 0.010 0.028 0.050 0.015 0.010 0.010 0.100 0.012 0.013 0.005 0.013 0.013 0.008 0.015 0.016 0.028 0.008 0.014 0.013 0.016 0.011 0.013 0.007 0.014 0.011 0.013 0.028 0.028 0.014 0.013 0.013 0.015 0.013 
>Sequence
Normalized_weight: 0.019
-     -     -     -     -     -     -     -     -     -     S     V     G     Q     A     R     K     L     V     E     Q     L     K     I     E     A     S     F     C     R     I     K     V     S     K     A     A     A     D     L     M     A     Y     C     D     A     H     A     C     E     D     P     L     I     T     P     V     P     T     S     E     N     P     F     -     -     -     -     
0.014 0.015 0.008 0.010 0.008 0.008 0.012 0.008 0.010 0.007 0.021 0.025 0.062 0.010 0.014 0.016 0.009 0.011 0.006 0.007 0.010 0.010 0.013 0.018 0.010 0.013 0.019 0.143 0.062 0.010 0.007 0.008 0.011 0.028 0.013 0.010 0.010 0.012 0.015 0.010 0.010 0.025 0.012 0.013 0.062 0.019 0.013 0.008 0.015 0.010 0.028 0.008 0.014 0.062 0.016 0.067 0.013 0.007 0.029 0.011 0.013 0.028 0.028 0.014 0.013 0.013 0.015 0.013 
>Sequence
Normalized_weight: 0.013
-     -     -     -     -     -     -     -     -     -     N     I     A     Q     A     R     K     L     V     E     Q     L     R     I     E     A     G     I     E     R     I     K     V     S     K     A     A     S     D     L     M     S     Y     C     E     Q     H     A     R     N     D     P     L     L     V     G     V     P     A     S     E     N     P     F     -     -     -     -     
0.014 0.015 0.008 0.010 0.008 0.008 0.012 0.008 0.010 0.007 0.018 0.020 0.021 0.010 0.014 0.016 0.009 0.011 0.006 0.007 0.010 0.010 0.013 0.018 0.010 0.013 0.014 0.012 0.008 0.010 0.007 0.008 0.011 0.028 0.013 0.010 0.010 0.050 0.015 0.010 0.010 0.025 0.012 0.013 0.005 0.013 0.013 0.008 0.015 0.016 0.028 0.008 0.014 0.013 0.016 0.011 0.013 0.007 0.014 0.011 0.013 0.028 0.028 0.014 0.013 0.013 0.015 0.013 
>Sequence
Normalized_weight: 0.015
-     -     -     -     -     -     -     -     -     -     N     I     A     Q     A     R     K     L     V     E     Q     L     R     L     E     A     G     I     E     R     V     K     V     S     K     A     A     A     D     L     M     N     Y     C     E     Q     H     A     K     N     D     P     L     L     V     G     M     P     T     S     E     N     P     F     -     -     -     -     
0.014 0.015 0.008 0.010 0.008 0.008 0.012 0.008 0.010 0.007 0.018 0.020 0.021 0.010 0.014 0.016 0.009 0.011 0.006 0.007 0.010 0.010 0.013 0.011 0.010 0.013 0.014 0.012 0.008 0.010 0.018 0.008 0.011 0.028 0.013 0.010 0.010 0.012 0.015 0.010 0.010 0.050 0.012 0.013 0.005 0.013 0.013 0.008 0.023 0.016 0.028 0.008 0.014 0.013 0.016 0.011 0.100 0.007 0.029 0.011 0.013 0.028 0.028 0.014 0.013 0.013 0.015 0.013 
>Sequence
Normalized_weight: 0.019
-     -     -     -     -     -     -     -     -     -     S     I     G     Q     A     R     K     M     V     E     Q     L     K     I     E     A     S     L     C     R     I     K     V     S     K     A     A     A     D     L     M     T     Y     C     D     A     H     A     C     E     D     P     L     I     T     P     V     P     T     S     E     N     P     F     -     -     -     -     
0.014 0.015 0.008 0.010 0.008 0.008 0.012 0.008 0.010 0.007 0.021 0.020 0.062 0.010 0.014 0.016 0.009 0.100 0.006 0.007 0.010 0.010 0.013 0.018 0.010 0.013 0.019 0.014 0.062 0.010 0.007 0.008 0.011 0.028 0.013 0.010 0.010 0.012 0.015 0.010 0.010 0.100 0.012 0.013 0.062 0.019 0.013 0.008 0.015 0.010 0.028 0.008 0.014 0.062 0.016 0.067 0.013 0.007 0.029 0.011 0.013 0.028 0.028 0.014 0.013 0.013 0.015 0.013 
>Sequence
Normalized_weight: 0.014
-     -     -     -     -     -     -     -     -     -     N     V     A     Q     A     R     K     L     V     E     Q     L     R     I     E     A     G     I     E     R     I     K     V     S     K     A     S     S     E     L     M     S     Y     C     E     Q     H     A     R     N     D     P     L     L     V     G     V     P     A     S     E     N     P     F     -     -     -     -     
0.014 0.015 0.008 0.010 0.008 0.008 0.012 0.008 0.010 0.007 0.018 0.025 0.021 0.010 0.014 0.016 0.009 0.011 0.006 0.007 0.010 0.010 0.013 0.018 0.010 0.013 0.014 0.012 0.008 0.010 0.007 0.008 0.011 0.028 0.013 0.010 0.028 0.050 0.010 0.010 0.010 0.025 0.012 0.013 0.005 0.013 0.013 0.008 0.015 0.016 0.028 0.008 0.014 0.013 0.016 0.011 0.013 0.007 0.014 0.011 0.013 0.028 0.028 0.014 0.013 0.013 0.015 0.013 
>Sequence
Normalized_weight: 0.019
-     -     -     -     -     -     -     -     -     -     S     V     S     A     L     Q     R     L     V     E     Q     L     K     L     E     A     G     V     E     R     I     K     V     S     Q     A     A     A     E     L     Q     Q     Y     C     I     Q     N     A     C     K     D     A     L     L     L     G     V     P     A     G     S     N     P     F     -     -     -     -     
0.014 0.015 0.008 0.010 0.008 0.008 0.012 0.008 0.010 0.007 0.021 0.025 0.031 0.037 0.015 0.083 0.022 0.011 0.006 0.007 0.010 0.010 0.013 0.011 0.010 0.013 0.014 0.036 0.008 0.010 0.007 0.008 0.011 0.028 0.025 0.010 0.010 0.012 0.010 0.010 0.022 0.014 0.012 0.013 0.062 0.013 0.014 0.008 0.015 0.024 0.028 0.050 0.014 0.013 0.125 0.011 0.013 0.007 0.014 0.036 0.036 0.028 0.028 0.014 0.013 0.013 0.015 0.013 
>Sequence
Normalized_weight: 0.021
-     -     -     -     -     -     -     -     -     -     N     F     S     T     M     Q     R     V     V     E     Q     L     R     L     E     A     S     V     E     R     I     K     V     S     Q     A     A     A     E     L     Q     Q     Y     C     M     Q     N     A     C     K     D     A     L     L     V     G     M     P     A     G     S     N     P     F     -     -     -     -     
0.014 0.015 0.008 0.010 0.008 0.008 0.012 0.008 0.010 0.007 0.018 0.100 0.031 0.111 0.056 0.083 0.022 0.025 0.006 0.007 0.010 0.010 0.013 0.011 0.010 0.013 0.019 0.036 0.008 0.010 0.007 0.008 0.011 0.028 0.025 0.010 0.010 0.012 0.010 0.010 0.022 0.014 0.012 0.013 0.042 0.013 0.014 0.008 0.015 0.024 0.028 0.050 0.014 0.013 0.016 0.011 0.100 0.007 0.014 0.036 0.036 0.028 0.028 0.014 0.013 0.013 0.015 0.013 
>Sequence
Normalized_weight: 0.018
-     -     -     -     -     -     -     -     -     -     S     A     S     A     L     Q     R     L     V     E     Q     L     K     L     E     A     G     V     E     R     I     K     V     S     Q     A     A     A     E     L     Q     Q     Y     C     M     Q     N     A     C     K     D     A     L     L     V     G     V     P     A     G     S     N     P     F     -     -     -     -     
0.014 0.015 0.008 0.010 0.008 0.008 0.012 0.008 0.010 0.007 0.021 0.100 0.031 0.037 0.015 0.083 0.022 0.011 0.006 0.007 0.010 0.010 0.013 0.011 0.010 0.013 0.014 0.036 0.008 0.010 0.007 0.008 0.011 0.028 0.025 0.010 0.010 0.012 0.010 0.010 0.022 0.014 0.012 0.013 0.042 0.013 0.014 0.008 0.015 0.024 0.028 0.050 0.014 0.013 0.016 0.011 0.013 0.007 0.014 0.036 0.036 0.028 0.028 0.014 0.013 0.013 0.015 0.013 
>Sequence
Normalized_weight: 0.033
-     -     -     -     -     -     -     -     -     -     S     L     Q     Q     Q     R     V     V     V     E     Q     L     R     R     E     A     A     I     D     R     Q     T     I     S     E     S     C     A     K     M     M     K     Y     I     T     E     H     E     Q     E     D     Y     L     L     T     G     F     T     S     Q     K     N     P     F     -     -     -     -     
0.014 0.015 0.008 0.010 0.008 0.008 0.012 0.008 0.010 0.007 0.021 0.020 0.042 0.010 0.042 0.016 0.111 0.025 0.006 0.007 0.010 0.010 0.013 0.030 0.010 0.013 0.056 0.012 0.031 0.010 0.045 0.167 0.083 0.028 0.050 0.100 0.028 0.012 0.200 0.040 0.010 0.033 0.012 0.050 0.125 0.017 0.013 0.042 0.030 0.010 0.028 0.200 0.014 0.013 0.016 0.011 0.040 0.056 0.020 0.048 0.010 0.028 0.028 0.014 0.013 0.013 0.015 0.013 
>Sequence
Normalized_weight: 0.040
-     -     -     -     -     -     -     -     -     -     N     L     Q     Q     Q     R     S     I     N     L     Q     L     R     R     E     V     E     M     E     R     M     P     V     S     V     A     C     S     L     M     M     K     Y     M     L     E     H     E     E     E     D     C     L     L     S     G     F     T     Q     K     V     N     P     F     -     -     -     -     
0.014 0.015 0.008 0.010 0.008 0.008 0.012 0.008 0.010 0.007 0.018 0.020 0.042 0.010 0.042 0.016 0.111 0.050 0.167 0.167 0.010 0.010 0.013 0.030 0.010 0.033 0.111 0.048 0.008 0.010 0.018 0.021 0.011 0.028 0.250 0.010 0.028 0.050 0.200 0.040 0.010 0.033 0.012 0.083 0.042 0.017 0.013 0.042 0.091 0.010 0.028 0.050 0.014 0.013 0.025 0.011 0.040 0.056 0.143 0.036 0.143 0.028 0.028 0.014 0.013 0.013 0.015 0.013 
>Sequence
Normalized_weight: 0.032
-     -     -     -     -     -     -     -     -     -     N     L     Q     Q     Q     R     Q     I     T     E     Q     L     R     R     E     A     A     V     K     R     I     P     V     S     Q     A     I     Q     D     I     I     K     Y     I     R     E     R     E     M     E     D     C     L     M     V     G     F     S     S     Q     K     N     P     F     -     -     -     -     
0.014 0.015 0.008 0.010 0.008 0.008 0.012 0.008 0.010 0.007 0.018 0.020 0.042 0.010 0.042 0.016 0.111 0.050 0.056 0.007 0.010 0.010 0.013 0.030 0.010 0.013 0.056 0.036 0.125 0.010 0.007 0.021 0.011 0.028 0.025 0.010 0.083 0.067 0.015 0.025 0.037 0.033 0.012 0.050 0.125 0.017 0.033 0.042 0.091 0.010 0.028 0.050 0.014 0.250 0.016 0.011 0.040 0.042 0.020 0.048 0.010 0.028 0.028 0.014 0.013 0.013 0.015 0.013 
>Sequence
Normalized_weight: 0.021
-     -     -     -     -     -     -     -     -     -     -     -     -     -     -     -     -     -     V     D     Q     L     K     K     E     V     T     L     E     R     M     M     V     S     K     C     C     E     E     V     R     D     Y     I     E     E     R     S     G     E     D     P     L     V     K     G     I     P     E     D     K     N     P     F     -     -     -     -     
0.014 0.015 0.008 0.010 0.008 0.008 0.012 0.008 0.010 0.007 0.013 0.010 0.014 0.012 0.042 0.050 0.022 0.020 0.006 0.056 0.010 0.010 0.013 0.010 0.010 0.033 0.037 0.014 0.008 0.010 0.018 0.167 0.011 0.028 0.013 0.029 0.028 0.040 0.010 0.100 0.028 0.017 0.012 0.050 0.005 0.017 0.033 0.028 0.013 0.010 0.028 0.008 0.014 0.021 0.013 0.011 0.020 0.007 0.014 0.016 0.010 0.028 0.028 0.014 0.013 0.013 0.015 0.013 
>Sequence
Normalized_weight: 0.026
-     -     -     -     -     -     -     -     -     -     T     L     S     Q     Q     R     K     L     V     E     Q     L     R     Q     E     A     N     L     N     R     R     P     V     S     E     C     V     Q     E     M     I     V     Y     M     E     Q     N     R     D     K     D     C     L     V     S     G     F     A     S     K     K     N     P     F     -     -     -     -     
0.014 0.015 0.008 0.010 0.008 0.008 0.012 0.008 0.010 0.007 0.125 0.020 0.031 0.010 0.042 0.016 0.009 0.011 0.006 0.007 0.010 0.010 0.013 0.045 0.010 0.013 0.016 0.014 0.025 0.010 0.045 0.021 0.011 0.028 0.050 0.029 0.083 0.067 0.010 0.040 0.037 0.050 0.012 0.083 0.005 0.013 0.014 0.083 0.030 0.024 0.028 0.050 0.014 0.021 0.025 0.011 0.040 0.083 0.020 0.036 0.010 0.028 0.028 0.014 0.013 0.013 0.015 0.013 
>Sequence
Normalized_weight: 0.019
-     -     -     -     -     -     -     -     -     -     -     -     -     -     -     -     -     -     V     D     Q     L     K     K     E     V     T     L     E     R     M     L     V     S     K     C     C     E     E     V     R     D     Y     V     E     E     R     S     G     E     D     P     L     V     K     G     I     P     E     D     K     N     P     F     -     -     -     -     
0.014 0.015 0.008 0.010 0.008 0.008 0.012 0.008 0.010 0.007 0.013 0.010 0.014 0.012 0.042 0.050 0.022 0.020 0.006 0.056 0.010 0.010 0.013 0.010 0.010 0.033 0.037 0.014 0.008 0.010 0.018 0.042 0.011 0.028 0.013 0.029 0.028 0.040 0.010 0.100 0.028 0.017 0.012 0.031 0.005 0.017 0.033 0.028 0.013 0.010 0.028 0.008 0.014 0.021 0.013 0.011 0.020 0.007 0.014 0.016 0.010 0.028 0.028 0.014 0.013 0.013 0.015 0.013 
