>Sequence
Normalized_weight: 0.026
E     Y     F     T     L     Q     I     R     G     R     E     R     F     E     M     F     R     E     L     N     E     A     L     E     L     K     D     A     Q     A     G     
0.045 0.028 0.017 0.017 0.024 0.026 0.026 0.024 0.045 0.011 0.013 0.024 0.036 0.025 0.010 0.024 0.022 0.020 0.017 0.045 0.029 0.025 0.045 0.024 0.024 0.012 0.026 0.019 0.013 0.023 0.071 
>Sequence
Normalized_weight: 0.042
E     Y     F     T     L     Q     I     R     G     R     E     R     F     E     K     I     R     E     Y     N     E     A     L     E     L     K     D     A     Q     -     -     
0.045 0.028 0.017 0.017 0.024 0.026 0.026 0.024 0.045 0.011 0.013 0.024 0.036 0.025 0.167 0.167 0.022 0.020 0.250 0.045 0.029 0.025 0.045 0.024 0.024 0.012 0.026 0.019 0.013 0.036 0.033 
>Sequence
Normalized_weight: 0.034
E     Y     F     T     L     Q     I     R     G     R     E     R     Y     E     M     F     R     N     L     N     E     A     L     E     L     K     D     A     Q     S     G     
0.045 0.028 0.017 0.017 0.024 0.026 0.026 0.024 0.045 0.011 0.013 0.024 0.062 0.025 0.010 0.024 0.022 0.167 0.017 0.045 0.029 0.025 0.045 0.024 0.024 0.012 0.026 0.019 0.013 0.083 0.071 
>Sequence
Normalized_weight: 0.033
E     Y     F     T     L     Q     I     R     G     R     K     R     F     E     M     F     R     E     L     N     E     A     L     E     L     M     D     A     Q     A     G     
0.045 0.028 0.017 0.017 0.024 0.026 0.026 0.024 0.045 0.011 0.033 0.024 0.036 0.025 0.010 0.024 0.022 0.020 0.017 0.045 0.029 0.025 0.045 0.024 0.024 0.200 0.026 0.019 0.013 0.023 0.071 
>Sequence
Normalized_weight: 0.033
E     Y     F     T     L     Q     I     R     G     R     E     R     F     E     M     L     R     E     I     N     E     A     L     E     L     K     D     A     M     A     G     
0.045 0.028 0.017 0.017 0.024 0.026 0.026 0.024 0.045 0.011 0.013 0.024 0.036 0.025 0.010 0.056 0.022 0.020 0.050 0.045 0.029 0.025 0.045 0.024 0.024 0.012 0.026 0.019 0.167 0.023 0.071 
>Sequence
Normalized_weight: 0.028
E     Y     F     T     L     K     I     R     G     R     K     R     F     E     M     F     R     E     L     N     E     A     L     E     L     K     D     A     H     A     -     
0.045 0.028 0.017 0.017 0.024 0.042 0.026 0.024 0.045 0.011 0.033 0.024 0.036 0.025 0.010 0.024 0.022 0.020 0.017 0.045 0.029 0.025 0.045 0.024 0.024 0.012 0.026 0.019 0.083 0.023 0.033 
>Sequence
Normalized_weight: 0.030
E     Y     F     T     L     K     I     R     G     R     E     R     F     E     M     F     R     E     L     N     E     A     L     E     L     K     D     A     R     A     -     
0.045 0.028 0.017 0.017 0.024 0.042 0.026 0.024 0.045 0.011 0.013 0.024 0.036 0.025 0.010 0.024 0.022 0.020 0.017 0.045 0.029 0.025 0.045 0.024 0.024 0.012 0.026 0.019 0.167 0.023 0.033 
>Sequence
Normalized_weight: 0.036
E     Y     F     I     L     K     I     R     G     R     E     R     F     E     M     F     R     E     L     N     E     A     L     E     L     K     D     A     Q     A     -     
0.045 0.028 0.017 0.333 0.024 0.042 0.026 0.024 0.045 0.011 0.013 0.024 0.036 0.025 0.010 0.024 0.022 0.020 0.017 0.045 0.029 0.025 0.045 0.024 0.024 0.012 0.026 0.019 0.013 0.023 0.033 
>Sequence
Normalized_weight: 0.028
E     Y     F     T     L     Q     I     R     G     R     E     R     F     E     M     F     R     E     L     N     D     A     L     E     L     K     D     A     Q     -     -     
0.045 0.028 0.017 0.017 0.024 0.026 0.026 0.024 0.045 0.011 0.013 0.024 0.036 0.025 0.010 0.024 0.022 0.020 0.017 0.045 0.100 0.025 0.045 0.024 0.024 0.012 0.026 0.019 0.013 0.036 0.033 
>Sequence
Normalized_weight: 0.031
E     Y     F     T     L     K     I     R     G     R     K     R     F     E     V     F     R     E     L     N     E     A     L     E     L     K     D     A     Q     A     -     
0.045 0.028 0.017 0.017 0.024 0.042 0.026 0.024 0.045 0.011 0.033 0.024 0.036 0.025 0.167 0.024 0.022 0.020 0.017 0.045 0.029 0.025 0.045 0.024 0.024 0.012 0.026 0.019 0.013 0.023 0.033 
>Sequence
Normalized_weight: 0.033
E     Y     F     T     L     K     I     R     G     R     A     R     F     E     M     F     Q     E     L     N     E     A     L     E     L     K     D     A     Q     A     -     
0.045 0.028 0.017 0.017 0.024 0.042 0.026 0.024 0.045 0.011 0.167 0.024 0.036 0.025 0.010 0.024 0.111 0.020 0.017 0.045 0.029 0.025 0.045 0.024 0.024 0.012 0.026 0.019 0.013 0.023 0.033 
>Sequence
Normalized_weight: 0.059
E     Y     S     T     F     Q     I     R     G     R     E     R     Y     E     M     F     R     N     L     N     E     A     L     E     L     K     D     A     Q     S     G     
0.045 0.028 0.333 0.017 0.500 0.026 0.026 0.024 0.045 0.011 0.013 0.024 0.062 0.025 0.010 0.024 0.022 0.167 0.017 0.045 0.029 0.025 0.045 0.024 0.024 0.012 0.026 0.019 0.013 0.083 0.071 
>Sequence
Normalized_weight: 0.042
E     Y     F     T     L     K     I     R     G     Q     E     R     F     K     M     F     Q     E     L     N     E     A     L     E     L     K     D     A     Q     A     -     
0.045 0.028 0.017 0.017 0.024 0.042 0.026 0.024 0.045 0.200 0.013 0.024 0.036 0.250 0.010 0.024 0.111 0.020 0.017 0.045 0.029 0.025 0.045 0.024 0.024 0.012 0.026 0.019 0.013 0.023 0.033 
>Sequence
Normalized_weight: 0.048
E     Y     F     T     L     Q     I     R     G     F     K     R     Y     E     M     F     R     E     L     N     D     A     L     E     L     K     D     A     L     D     G     
0.045 0.028 0.017 0.017 0.024 0.026 0.026 0.024 0.045 0.200 0.033 0.024 0.062 0.025 0.010 0.024 0.022 0.020 0.017 0.045 0.100 0.025 0.045 0.024 0.024 0.012 0.026 0.019 0.167 0.250 0.071 
>Sequence
Normalized_weight: 0.042
E     Y     F     T     L     K     I     R     G     H     E     R     F     K     M     F     Q     E     L     N     E     A     L     E     L     K     D     A     Q     A     -     
0.045 0.028 0.017 0.017 0.024 0.042 0.026 0.024 0.045 0.200 0.013 0.024 0.036 0.250 0.010 0.024 0.111 0.020 0.017 0.045 0.029 0.025 0.045 0.024 0.024 0.012 0.026 0.019 0.013 0.023 0.033 
>Sequence
Normalized_weight: 0.047
E     Y     F     T     L     Q     I     R     G     R     Q     R     Y     E     L     L     R     E     I     N     E     A     L     E     L     K     E     A     H     S     -     
0.045 0.028 0.017 0.017 0.024 0.026 0.026 0.024 0.045 0.011 0.167 0.024 0.062 0.025 0.167 0.056 0.022 0.020 0.050 0.045 0.029 0.025 0.045 0.024 0.024 0.012 0.167 0.019 0.083 0.083 0.033 
>Sequence
Normalized_weight: 0.062
E     Y     F     T     L     K     I     R     G     R     K     N     F     E     I     L     R     E     I     N     E     A     L     E     F     K     D     A     Q     -     -     
0.045 0.028 0.017 0.017 0.024 0.042 0.026 0.024 0.045 0.011 0.033 0.500 0.036 0.025 0.083 0.056 0.022 0.020 0.050 0.045 0.029 0.025 0.045 0.024 0.500 0.012 0.026 0.019 0.013 0.036 0.033 
>Sequence
Normalized_weight: 0.058
E     I     F     T     L     Q     V     R     G     R     E     R     Y     E     I     L     K     K     L     N     D     S     L     E     L     S     D     -     -     -     -     
0.045 0.125 0.017 0.017 0.024 0.026 0.167 0.024 0.045 0.011 0.013 0.024 0.062 0.025 0.083 0.056 0.083 0.111 0.017 0.045 0.100 0.250 0.045 0.024 0.024 0.100 0.026 0.111 0.042 0.036 0.033 
>Sequence
Normalized_weight: 0.083
E     I     F     Y     L     Q     V     R     G     R     R     R     Y     E     M     L     K     E     I     N     E     A     L     Q     L     A     E     -     -     -     -     
0.045 0.125 0.017 0.333 0.024 0.026 0.167 0.024 0.045 0.011 0.167 0.024 0.062 0.025 0.010 0.056 0.083 0.020 0.050 0.045 0.029 0.025 0.045 0.500 0.024 0.200 0.167 0.111 0.042 0.036 0.033 
>Sequence
Normalized_weight: 0.093
E     I     F     T     L     R     I     K     G     R     S     R     Y     E     M     I     K     K     L     N     D     A     L     E     L     Q     E     S     -     -     -     
0.045 0.125 0.017 0.017 0.024 0.333 0.026 0.500 0.045 0.011 0.167 0.024 0.062 0.025 0.010 0.167 0.083 0.111 0.017 0.045 0.100 0.025 0.045 0.024 0.024 0.200 0.167 0.333 0.042 0.036 0.033 
>Sequence
Normalized_weight: 0.073
E     I     Y     T     L     Q     V     R     G     K     E     R     Y     E     M     L     K     K     I     N     D     S     L     E     L     S     D     -     -     -     -     
0.045 0.125 0.333 0.017 0.024 0.026 0.167 0.024 0.045 0.200 0.013 0.024 0.062 0.025 0.010 0.056 0.083 0.111 0.050 0.045 0.100 0.250 0.045 0.024 0.024 0.100 0.026 0.111 0.042 0.036 0.033 
>Sequence
Normalized_weight: 0.039
E     Y     F     T     L     Q     I     R     G     R     E     R     F     E     Q     F     R     E     R     N     E     A     L     E     L     K     D     A     Q     A     G     
0.045 0.028 0.017 0.017 0.024 0.026 0.026 0.024 0.045 0.011 0.013 0.024 0.036 0.025 0.167 0.024 0.022 0.020 0.250 0.045 0.029 0.025 0.045 0.024 0.024 0.012 0.026 0.019 0.013 0.023 0.071 
