>Sequence
Normalized_weight: 0.019
K     S     C     C     K     S     T     L     G     R     N     C     Y     N     L     C     R     A     R     G     A     -     -     Q     K     L     -     C     A     N     V     C     R     C     K     L     T     S     G     L     S     C     P     K     D     F     P     K     
0.012 0.012 0.028 0.014 0.026 0.013 0.012 0.011 0.036 0.010 0.012 0.010 0.017 0.028 0.025 0.028 0.015 0.018 0.025 0.028 0.025 0.009 0.009 0.033 0.018 0.017 0.009 0.028 0.015 0.029 0.014 0.013 0.024 0.028 0.019 0.048 0.028 0.008 0.005 0.021 0.033 0.028 0.014 0.014 0.007 0.025 0.007 0.010 
>Sequence
Normalized_weight: 0.020
K     S     C     C     R     S     T     L     G     R     N     C     Y     N     L     C     R     A     R     G     A     -     -     Q     K     L     -     C     A     G     V     C     R     C     K     I     S     S     G     L     S     C     P     K     G     F     P     K     
0.012 0.012 0.028 0.014 0.037 0.013 0.012 0.011 0.036 0.010 0.012 0.010 0.017 0.028 0.025 0.028 0.015 0.018 0.025 0.028 0.025 0.009 0.009 0.033 0.018 0.017 0.009 0.028 0.015 0.024 0.014 0.013 0.024 0.028 0.019 0.012 0.083 0.008 0.005 0.021 0.033 0.028 0.014 0.014 0.028 0.025 0.007 0.010 
>Sequence
Normalized_weight: 0.037
T     T     C     C     P     S     I     V     A     R     S     N     F     N     V     C     R     L     P     G     T     P     S     E     A     L     I     C     A     T     Y     T     G     C     I     I     I     P     G     A     T     C     P     G     D     Y     A     N     
0.067 0.056 0.028 0.014 0.024 0.013 0.042 0.025 0.023 0.010 0.048 0.036 0.071 0.028 0.012 0.028 0.015 0.008 0.011 0.028 0.014 0.062 0.250 0.200 0.143 0.017 0.042 0.028 0.015 0.010 0.021 0.048 0.019 0.028 0.050 0.012 0.007 0.029 0.005 0.018 0.013 0.028 0.014 0.016 0.007 0.008 0.040 0.036 
>Sequence
Normalized_weight: 0.021
K     S     C     C     R     S     T     L     G     R     N     C     Y     N     L     C     R     V     R     G     A     -     -     Q     K     L     -     C     A     N     A     C     R     C     K     L     T     S     G     L     K     C     P     S     S     F     P     K     
0.012 0.012 0.028 0.014 0.037 0.013 0.012 0.011 0.036 0.010 0.012 0.010 0.017 0.028 0.025 0.028 0.015 0.048 0.025 0.028 0.025 0.009 0.009 0.033 0.018 0.017 0.009 0.028 0.015 0.029 0.014 0.013 0.024 0.028 0.019 0.048 0.028 0.008 0.005 0.021 0.018 0.028 0.014 0.012 0.083 0.025 0.007 0.010 
>Sequence
Normalized_weight: 0.027
K     S     C     C     R     T     T     L     G     R     N     C     Y     N     L     C     R     S     R     G     A     -     -     Q     K     L     -     C     S     T     V     C     R     C     K     L     T     S     G     L     S     C     P     K     G     F     P     K     
0.012 0.012 0.028 0.014 0.037 0.100 0.012 0.011 0.036 0.010 0.012 0.010 0.017 0.028 0.025 0.028 0.015 0.071 0.025 0.028 0.025 0.009 0.009 0.033 0.018 0.017 0.009 0.028 0.250 0.010 0.014 0.013 0.024 0.028 0.019 0.048 0.028 0.008 0.005 0.021 0.033 0.028 0.014 0.014 0.028 0.025 0.007 0.010 
>Sequence
Normalized_weight: 0.027
K     S     C     C     K     S     T     L     G     R     N     C     Y     N     L     C     R     T     R     G     A     -     -     Q     K     L     -     C     A     N     F     C     R     C     K     L     I     S     S     T     S     C     P     K     E     F     P     K     
0.012 0.012 0.028 0.014 0.026 0.013 0.012 0.011 0.036 0.010 0.012 0.010 0.017 0.028 0.025 0.028 0.015 0.143 0.025 0.028 0.025 0.009 0.009 0.033 0.018 0.017 0.009 0.028 0.015 0.029 0.083 0.013 0.024 0.028 0.019 0.048 0.007 0.008 0.036 0.025 0.033 0.028 0.014 0.014 0.167 0.025 0.007 0.010 
>Sequence
Normalized_weight: 0.023
K     S     C     C     R     S     T     L     G     R     N     C     Y     N     L     C     R     V     R     G     A     -     -     Q     K     L     -     C     A     G     V     C     R     C     K     L     T     S     S     G     K     C     P     T     G     F     P     K     
0.012 0.012 0.028 0.014 0.037 0.013 0.012 0.011 0.036 0.010 0.012 0.010 0.017 0.028 0.025 0.028 0.015 0.048 0.025 0.028 0.025 0.009 0.009 0.033 0.018 0.017 0.009 0.028 0.015 0.024 0.014 0.013 0.024 0.028 0.019 0.048 0.028 0.008 0.036 0.031 0.018 0.028 0.014 0.111 0.028 0.025 0.007 0.010 
>Sequence
Normalized_weight: 0.017
K     S     C     C     K     D     T     T     A     R     N     C     Y     N     V     C     R     I     P     G     T     -     -     P     P     V     -     C     A     T     T     C     R     C     K     I     I     S     G     N     K     C     P     K     D     Y     P     K     
0.012 0.012 0.028 0.014 0.026 0.040 0.012 0.010 0.023 0.010 0.012 0.010 0.017 0.028 0.012 0.028 0.015 0.048 0.011 0.028 0.014 0.009 0.009 0.012 0.009 0.013 0.009 0.028 0.015 0.010 0.017 0.013 0.024 0.028 0.019 0.012 0.007 0.008 0.005 0.042 0.018 0.028 0.014 0.014 0.007 0.008 0.007 0.010 
>Sequence
Normalized_weight: 0.016
K     S     C     C     K     N     T     T     G     R     N     C     Y     N     A     C     R     L     P     G     T     -     -     P     P     V     -     C     A     N     L     C     G     C     K     I     I     S     G     P     T     C     P     R     D     Y     P     K     
0.012 0.012 0.028 0.014 0.026 0.017 0.012 0.010 0.036 0.010 0.012 0.010 0.017 0.028 0.033 0.028 0.015 0.008 0.011 0.028 0.014 0.009 0.009 0.012 0.009 0.013 0.009 0.028 0.015 0.029 0.014 0.013 0.019 0.028 0.019 0.012 0.007 0.008 0.005 0.021 0.013 0.028 0.014 0.028 0.007 0.008 0.007 0.010 
>Sequence
Normalized_weight: 0.018
K     S     C     C     K     D     T     L     A     R     N     C     Y     N     T     C     R     A     G     G     S     -     -     R     P     V     -     C     A     G     A     C     R     C     K     I     I     S     G     P     K     C     P     S     D     Y     P     K     
0.012 0.012 0.028 0.014 0.026 0.040 0.012 0.011 0.023 0.010 0.012 0.010 0.017 0.028 0.050 0.028 0.015 0.018 0.029 0.028 0.036 0.009 0.009 0.022 0.009 0.013 0.009 0.028 0.015 0.024 0.014 0.013 0.024 0.028 0.019 0.012 0.007 0.008 0.005 0.021 0.018 0.028 0.014 0.012 0.007 0.008 0.007 0.010 
>Sequence
Normalized_weight: 0.017
K     S     C     C     K     N     T     T     G     R     N     C     Y     N     A     C     R     A     G     G     S     -     -     R     P     V     -     C     A     T     A     C     G     C     K     I     I     S     G     P     T     C     P     R     D     Y     P     K     
0.012 0.012 0.028 0.014 0.026 0.017 0.012 0.010 0.036 0.010 0.012 0.010 0.017 0.028 0.033 0.028 0.015 0.018 0.029 0.028 0.036 0.009 0.009 0.022 0.009 0.013 0.009 0.028 0.015 0.010 0.014 0.013 0.019 0.028 0.019 0.012 0.007 0.008 0.005 0.021 0.013 0.028 0.014 0.028 0.007 0.008 0.007 0.010 
>Sequence
Normalized_weight: 0.020
K     S     C     C     K     D     I     M     A     R     N     C     Y     N     V     C     R     I     P     G     T     -     -     P     P     V     -     C     A     T     T     C     R     C     K     I     I     S     G     N     K     C     P     K     D     Y     P     K     
0.012 0.012 0.028 0.014 0.026 0.040 0.042 0.125 0.023 0.010 0.012 0.010 0.017 0.028 0.012 0.028 0.015 0.048 0.011 0.028 0.014 0.009 0.009 0.012 0.009 0.013 0.009 0.028 0.015 0.010 0.017 0.013 0.024 0.028 0.019 0.012 0.007 0.008 0.005 0.042 0.018 0.028 0.014 0.014 0.007 0.008 0.007 0.010 
>Sequence
Normalized_weight: 0.021
K     S     C     C     K     D     T     L     A     R     N     C     Y     N     T     C     H     A     G     G     S     -     -     R     P     V     -     C     A     G     A     C     R     C     K     I     I     S     G     P     K     C     P     S     D     Y     P     K     
0.012 0.012 0.028 0.014 0.026 0.040 0.012 0.011 0.023 0.010 0.012 0.010 0.017 0.028 0.050 0.028 0.167 0.018 0.029 0.028 0.036 0.009 0.009 0.022 0.009 0.013 0.009 0.028 0.015 0.024 0.014 0.013 0.024 0.028 0.019 0.012 0.007 0.008 0.005 0.021 0.018 0.028 0.014 0.012 0.007 0.008 0.007 0.010 
>Sequence
Normalized_weight: 0.020
K     S     C     C     K     N     T     T     G     R     N     C     Y     N     A     C     H     A     G     G     S     -     -     R     P     V     -     C     A     T     A     C     G     C     K     I     I     S     G     P     T     C     P     R     D     Y     P     K     
0.012 0.012 0.028 0.014 0.026 0.017 0.012 0.010 0.036 0.010 0.012 0.010 0.017 0.028 0.033 0.028 0.167 0.018 0.029 0.028 0.036 0.009 0.009 0.022 0.009 0.013 0.009 0.028 0.015 0.010 0.014 0.013 0.019 0.028 0.019 0.012 0.007 0.008 0.005 0.021 0.013 0.028 0.014 0.028 0.007 0.008 0.007 0.010 
>Sequence
Normalized_weight: 0.024
K     S     C     C     K     A     T     L     A     R     N     C     Y     N     T     C     H     A     G     G     S     -     -     R     P     V     -     C     A     G     A     C     R     C     K     I     I     S     G     P     K     C     P     S     D     Y     P     K     
0.012 0.012 0.028 0.014 0.026 0.200 0.012 0.011 0.023 0.010 0.012 0.010 0.017 0.028 0.050 0.028 0.167 0.018 0.029 0.028 0.036 0.009 0.009 0.022 0.009 0.013 0.009 0.028 0.015 0.024 0.014 0.013 0.024 0.028 0.019 0.012 0.007 0.008 0.005 0.021 0.018 0.028 0.014 0.012 0.007 0.008 0.007 0.010 
>Sequence
Normalized_weight: 0.021
K     S     C     C     P     S     T     A     A     R     N     C     Y     N     V     C     R     F     P     G     T     -     -     P     P     V     -     C     A     A     T     C     G     C     K     I     I     T     G     T     K     C     P     P     D     Y     P     K     
0.012 0.012 0.028 0.014 0.024 0.013 0.012 0.042 0.023 0.010 0.012 0.010 0.017 0.028 0.012 0.028 0.015 0.143 0.011 0.028 0.014 0.009 0.009 0.012 0.009 0.013 0.009 0.028 0.015 0.048 0.017 0.013 0.019 0.028 0.019 0.012 0.007 0.100 0.005 0.025 0.018 0.028 0.014 0.028 0.007 0.008 0.007 0.010 
>Sequence
Normalized_weight: 0.023
K     S     C     C     R     N     T     T     A     R     N     C     Y     N     V     C     R     L     P     G     T     -     -     P     P     V     -     C     A     A     T     C     D     C     K     I     I     S     S     G     K     C     P     P     G     Y     E     K     
0.012 0.012 0.028 0.014 0.037 0.017 0.012 0.010 0.023 0.010 0.012 0.010 0.017 0.028 0.012 0.028 0.015 0.008 0.011 0.028 0.014 0.009 0.009 0.012 0.009 0.013 0.009 0.028 0.015 0.048 0.017 0.013 0.083 0.028 0.019 0.012 0.007 0.008 0.036 0.031 0.018 0.028 0.014 0.028 0.028 0.008 0.200 0.010 
>Sequence
Normalized_weight: 0.023
K     S     C     C     K     N     T     L     G     R     N     C     Y     N     L     C     R     A     R     G     A     -     -     P     K     L     -     C     S     T     V     C     R     C     K     L     T     S     G     L     S     C     P     K     D     F     P     K     
0.012 0.012 0.028 0.014 0.026 0.017 0.012 0.011 0.036 0.010 0.012 0.010 0.017 0.028 0.025 0.028 0.015 0.018 0.025 0.028 0.025 0.009 0.009 0.012 0.018 0.017 0.009 0.028 0.250 0.010 0.014 0.013 0.024 0.028 0.019 0.048 0.028 0.008 0.005 0.021 0.033 0.028 0.014 0.014 0.007 0.025 0.007 0.010 
>Sequence
Normalized_weight: 0.020
K     S     C     C     R     N     T     L     G     R     N     C     Y     N     L     C     R     S     R     G     A     -     -     P     K     L     -     C     A     T     V     C     R     C     K     I     S     S     G     L     S     C     P     K     D     F     P     K     
0.012 0.012 0.028 0.014 0.037 0.017 0.012 0.011 0.036 0.010 0.012 0.010 0.017 0.028 0.025 0.028 0.015 0.071 0.025 0.028 0.025 0.009 0.009 0.012 0.018 0.017 0.009 0.028 0.015 0.010 0.014 0.013 0.024 0.028 0.019 0.012 0.083 0.008 0.005 0.021 0.033 0.028 0.014 0.014 0.007 0.025 0.007 0.010 
>Sequence
Normalized_weight: 0.037
K     S     C     C     K     S     T     T     A     I     N     C     Y     N     V     C     R     L     A     G     A     -     -     P     P     V     -     C     A     G     P     C     G     C     K     L     L     D     V     T     T     C     P     S     D     W     P     K     
0.012 0.012 0.028 0.014 0.026 0.013 0.012 0.010 0.023 0.333 0.012 0.010 0.017 0.028 0.012 0.028 0.015 0.008 0.200 0.028 0.025 0.009 0.009 0.012 0.009 0.013 0.009 0.028 0.015 0.024 0.083 0.013 0.019 0.028 0.019 0.048 0.083 0.100 0.071 0.025 0.013 0.028 0.014 0.012 0.007 0.200 0.007 0.010 
>Sequence
Normalized_weight: 0.026
K     S     C     C     R     N     T     T     G     R     N     C     Y     N     A     C     R     V     P     G     T     -     -     P     P     V     -     C     A     S     L     C     D     C     K     I     I     S     G     S     K     C     P     A     D     Y     P     R     
0.012 0.012 0.028 0.014 0.037 0.017 0.012 0.010 0.036 0.010 0.012 0.010 0.017 0.028 0.033 0.028 0.015 0.048 0.011 0.028 0.014 0.009 0.009 0.012 0.009 0.013 0.009 0.028 0.015 0.036 0.014 0.013 0.083 0.028 0.019 0.012 0.007 0.008 0.005 0.031 0.018 0.028 0.014 0.111 0.007 0.008 0.007 0.250 
>Sequence
Normalized_weight: 0.047
-     T     C     C     K     D     D     I     A     R     N     C     Y     N     V     C     R     I     P     G     T     -     -     P     T     I     -     C     A     N     M     C     R     C     I     I     T     R     R     N     E     C     P     N     D     Y     P     K     
0.083 0.056 0.028 0.014 0.026 0.040 0.333 0.125 0.023 0.010 0.012 0.010 0.017 0.028 0.012 0.028 0.015 0.048 0.011 0.028 0.014 0.009 0.009 0.012 0.143 0.056 0.009 0.028 0.015 0.029 0.083 0.013 0.024 0.028 0.050 0.012 0.028 0.200 0.143 0.042 0.200 0.028 0.014 0.111 0.007 0.008 0.007 0.010 
>Sequence
Normalized_weight: 0.045
K     S     C     C     R     T     T     A     A     R     N     C     Y     N     V     C     R     L     G     G     T     -     -     P     Q     L     -     C     A     R     T     C     D     C     I     H     I     T     T     G     N     C     P     R     S     H     P     K     
0.012 0.012 0.028 0.014 0.037 0.100 0.012 0.042 0.023 0.010 0.012 0.010 0.017 0.028 0.012 0.028 0.015 0.008 0.029 0.028 0.014 0.009 0.009 0.012 0.143 0.017 0.009 0.028 0.015 0.143 0.017 0.013 0.083 0.028 0.050 0.333 0.007 0.100 0.143 0.031 0.100 0.028 0.014 0.028 0.083 0.200 0.007 0.010 
>Sequence
Normalized_weight: 0.026
K     S     C     C     P     N     T     T     G     R     N     I     Y     N     A     C     R     L     T     G     A     -     -     P     P     T     -     C     A     K     L     S     G     C     K     I     I     S     G     S     T     C     P     S     D     Y     P     K     
0.012 0.012 0.028 0.014 0.024 0.017 0.012 0.010 0.036 0.010 0.012 0.125 0.017 0.028 0.033 0.028 0.015 0.008 0.100 0.028 0.025 0.009 0.009 0.012 0.009 0.167 0.009 0.028 0.015 0.071 0.014 0.083 0.019 0.028 0.019 0.012 0.007 0.008 0.005 0.031 0.013 0.028 0.014 0.012 0.007 0.008 0.007 0.010 
>Sequence
Normalized_weight: 0.033
K     S     C     C     P     S     I     T     A     R     N     T     Y     N     V     C     R     L     P     G     T     -     -     P     P     V     -     C     A     S     I     S     G     C     K     I     L     S     V     T     K     C     P     S     N     L     P     -     
0.012 0.012 0.028 0.014 0.024 0.013 0.042 0.010 0.023 0.010 0.012 0.125 0.017 0.028 0.012 0.028 0.015 0.008 0.011 0.028 0.014 0.009 0.009 0.012 0.009 0.013 0.009 0.028 0.015 0.036 0.083 0.083 0.019 0.028 0.019 0.012 0.083 0.008 0.071 0.025 0.018 0.028 0.014 0.012 0.167 0.200 0.007 0.083 
>Sequence
Normalized_weight: 0.027
K     S     C     C     P     N     T     T     G     R     N     I     Y     N     T     C     R     L     G     G     S     -     -     R     E     R     -     C     A     S     L     S     G     C     K     I     I     S     A     S     T     C     P     S     D     Y     P     K     
0.012 0.012 0.028 0.014 0.024 0.017 0.012 0.010 0.036 0.010 0.012 0.125 0.017 0.028 0.050 0.028 0.015 0.008 0.029 0.028 0.036 0.009 0.009 0.022 0.071 0.083 0.009 0.028 0.015 0.036 0.014 0.083 0.019 0.028 0.019 0.012 0.007 0.008 0.143 0.031 0.013 0.028 0.014 0.012 0.007 0.008 0.007 0.010 
>Sequence
Normalized_weight: 0.056
K     S     C     F     P     S     T     A     A     K     Y     C     Y     N     A     C     R     L     P     G     C     -     -     R     P     I     -     C     A     A     R     C     G     C     K     I     I     S     S     G     N     C     P     P     G     Y     -     -     
0.012 0.012 0.028 0.500 0.024 0.013 0.012 0.042 0.023 0.333 0.333 0.010 0.017 0.028 0.033 0.028 0.015 0.008 0.011 0.028 0.250 0.009 0.009 0.022 0.009 0.056 0.009 0.028 0.015 0.048 0.083 0.013 0.019 0.028 0.019 0.012 0.007 0.008 0.036 0.031 0.100 0.028 0.014 0.028 0.028 0.008 0.200 0.083 
>Sequence
Normalized_weight: 0.035
K     S     C     C     P     S     T     S     A     R     N     C     Y     N     V     C     R     L     T     G     T     -     -     R     P     R     -     C     A     S     L     C     G     C     K     I     V     D     G     -     T     C     P     D     G     Y     S     K     
0.012 0.012 0.028 0.014 0.024 0.013 0.012 0.125 0.023 0.010 0.012 0.010 0.017 0.028 0.012 0.028 0.015 0.008 0.100 0.028 0.014 0.009 0.009 0.022 0.009 0.083 0.009 0.028 0.015 0.036 0.014 0.013 0.019 0.028 0.019 0.012 0.167 0.100 0.005 0.125 0.013 0.028 0.014 0.111 0.028 0.008 0.200 0.010 
>Sequence
Normalized_weight: 0.024
K     S     C     C     R     N     T     W     A     R     N     C     Y     N     V     C     R     L     P     G     S     -     -     R     E     I     -     C     A     K     K     C     D     C     K     I     I     S     G     T     T     C     P     S     D     Y     P     K     
0.012 0.012 0.028 0.014 0.037 0.017 0.012 0.125 0.023 0.010 0.012 0.010 0.017 0.028 0.012 0.028 0.015 0.008 0.011 0.028 0.036 0.009 0.009 0.022 0.071 0.056 0.009 0.028 0.015 0.071 0.083 0.013 0.083 0.028 0.019 0.012 0.007 0.008 0.005 0.025 0.013 0.028 0.014 0.012 0.007 0.008 0.007 0.010 
>Sequence
Normalized_weight: 0.026
T     T     C     C     P     S     I     V     A     R     S     N     F     N     V     C     R     L     P     G     T     A     E     P     -     -     I     C     A     T     D     T     G     C     I     I     I     P     G     A     T     C     P     G     D     Y     P     N     
0.067 0.056 0.028 0.014 0.024 0.013 0.042 0.025 0.023 0.010 0.048 0.036 0.071 0.028 0.012 0.028 0.015 0.008 0.011 0.028 0.014 0.083 0.042 0.012 0.020 0.024 0.042 0.028 0.015 0.010 0.028 0.048 0.019 0.028 0.050 0.012 0.007 0.029 0.005 0.018 0.013 0.028 0.014 0.016 0.007 0.008 0.007 0.036 
>Sequence
Normalized_weight: 0.031
T     T     C     C     P     S     I     V     A     R     S     N     F     N     V     C     R     L     P     G     T     S     E     A     -     -     I     C     A     T     Y     T     G     C     I     I     I     P     G     A     T     C     P     G     D     Y     A     N     
0.067 0.056 0.028 0.014 0.024 0.013 0.042 0.025 0.023 0.010 0.048 0.036 0.071 0.028 0.012 0.028 0.015 0.008 0.011 0.028 0.014 0.250 0.042 0.067 0.020 0.024 0.042 0.028 0.015 0.010 0.021 0.048 0.019 0.028 0.050 0.012 0.007 0.029 0.005 0.018 0.013 0.028 0.014 0.016 0.007 0.008 0.040 0.036 
>Sequence
Normalized_weight: 0.028
-     -     C     C     P     N     T     T     A     R     S     N     F     N     V     C     R     L     P     G     T     A     E     P     -     -     I     C     A     T     D     T     G     C     I     I     I     P     G     A     T     C     P     G     D     Y     P     N     
0.083 0.167 0.028 0.014 0.024 0.017 0.012 0.010 0.023 0.010 0.048 0.036 0.071 0.028 0.012 0.028 0.015 0.008 0.011 0.028 0.014 0.083 0.042 0.012 0.020 0.024 0.042 0.028 0.015 0.010 0.028 0.048 0.019 0.028 0.050 0.012 0.007 0.029 0.005 0.018 0.013 0.028 0.014 0.016 0.007 0.008 0.007 0.036 
>Sequence
Normalized_weight: 0.028
-     -     C     C     P     N     T     T     A     R     S     N     F     N     V     C     R     L     P     G     T     A     E     P     -     -     I     C     A     T     D     T     G     C     I     I     I     P     G     A     T     C     P     G     D     Y     A     N     
0.083 0.167 0.028 0.014 0.024 0.017 0.012 0.010 0.023 0.010 0.048 0.036 0.071 0.028 0.012 0.028 0.015 0.008 0.011 0.028 0.014 0.083 0.042 0.012 0.020 0.024 0.042 0.028 0.015 0.010 0.028 0.048 0.019 0.028 0.050 0.012 0.007 0.029 0.005 0.018 0.013 0.028 0.014 0.016 0.007 0.008 0.040 0.036 
>Sequence
Normalized_weight: 0.031
T     T     C     C     P     S     I     V     A     R     S     N     F     N     V     C     R     L     P     G     T     P     E     A     -     -     L     C     A     T     Y     T     G     C     I     I     I     P     G     A     T     C     P     G     D     Y     A     N     
0.067 0.056 0.028 0.014 0.024 0.013 0.042 0.025 0.023 0.010 0.048 0.036 0.071 0.028 0.012 0.028 0.015 0.008 0.011 0.028 0.014 0.062 0.042 0.067 0.020 0.024 0.250 0.028 0.015 0.010 0.021 0.048 0.019 0.028 0.050 0.012 0.007 0.029 0.005 0.018 0.013 0.028 0.014 0.016 0.007 0.008 0.040 0.036 
>Sequence
Normalized_weight: 0.027
T     T     C     C     P     S     I     V     A     R     S     N     F     N     V     C     R     L     P     G     T     P     E     A     -     -     I     C     A     T     Y     T     G     C     I     I     I     P     G     A     T     C     P     G     D     Y     A     N     
0.067 0.056 0.028 0.014 0.024 0.013 0.042 0.025 0.023 0.010 0.048 0.036 0.071 0.028 0.012 0.028 0.015 0.008 0.011 0.028 0.014 0.062 0.042 0.067 0.020 0.024 0.042 0.028 0.015 0.010 0.021 0.048 0.019 0.028 0.050 0.012 0.007 0.029 0.005 0.018 0.013 0.028 0.014 0.016 0.007 0.008 0.040 0.036 
>Sequence
Normalized_weight: 0.058
-     S     C     C     P     S     I     T     A     R     N     T     Y     N     I     C     R     L     P     G     T     P     R     P     -     -     V     C     A     T     L     S     G     C     I     I     Q     S     D     S     T     C     K     P     P     Y     P     -     
0.083 0.012 0.028 0.014 0.024 0.013 0.042 0.010 0.023 0.010 0.012 0.125 0.017 0.028 0.200 0.028 0.015 0.008 0.011 0.028 0.014 0.062 0.250 0.012 0.020 0.024 0.250 0.028 0.015 0.010 0.014 0.083 0.019 0.028 0.050 0.012 0.167 0.008 0.143 0.031 0.013 0.028 0.500 0.028 0.167 0.008 0.007 0.083 
