>Sequence
Normalized_weight: 0.007
P     S     D     F     E     H     T     I     H     V     G     F     D     A     V     T     G     E     F     T     -     -     G     M     P     E     Q     W     A     R     L     L     Q     T     S     N     I     T     K     S     E     Q     K     K     -     -     N     P     Q     A     V     L     D     V     L     E     F     Y     -     -     N     S     K     K     T     S     -     -     -     N     S     Q     K     Y     M     S     F     T     D     
0.009 0.006 0.026 0.003 0.006 0.008 0.008 0.009 0.008 0.005 0.004 0.004 0.006 0.008 0.008 0.004 0.004 0.004 0.004 0.004 0.004 0.006 0.006 0.013 0.009 0.005 0.004 0.009 0.005 0.005 0.003 0.005 0.005 0.006 0.004 0.007 0.004 0.004 0.003 0.012 0.005 0.003 0.004 0.004 0.004 0.006 0.004 0.003 0.004 0.003 0.003 0.006 0.002 0.005 0.006 0.009 0.003 0.003 0.006 0.006 0.023 0.008 0.011 0.008 0.011 0.007 0.006 0.006 0.008 0.008 0.011 0.006 0.006 0.009 0.008 0.011 0.013 0.015 0.050 
>Sequence
Normalized_weight: 0.025
-     S     G     F     K     H     V     S     H     V     G     W     D     P     Q     N     G     -     F     D     V     N     N     L     D     P     D     L     R     S     L     F     S     R     A     G     I     S     E     A     Q     L     T     D     A     E     T     S     K     L     I     Y     D     F     I     E     D     Q     G     G     L     E     A     V     R     Q     E     M     R     R     Q     G     -     -     -     -     -     -     -     
0.050 0.006 0.056 0.003 0.008 0.008 0.009 0.017 0.008 0.005 0.004 0.013 0.006 0.004 0.006 0.020 0.004 0.007 0.004 0.018 0.100 0.048 0.033 0.005 0.071 0.005 0.017 0.071 0.015 0.009 0.003 0.018 0.017 0.033 0.013 0.004 0.004 0.006 0.010 0.014 0.033 0.009 0.077 0.013 0.100 0.042 0.012 0.014 0.009 0.045 0.010 0.011 0.002 0.024 0.020 0.009 0.111 0.025 0.056 0.056 0.030 0.020 0.011 0.011 0.038 0.019 0.067 0.111 0.083 0.014 0.019 0.100 0.002 0.004 0.003 0.004 0.006 0.004 0.009 
>Sequence
Normalized_weight: 0.007
P     S     D     F     E     H     T     I     H     V     G     F     D     A     V     T     G     E     F     T     -     -     G     M     P     E     Q     W     A     R     L     L     Q     T     S     N     I     T     K     L     E     Q     K     K     -     -     N     P     Q     A     V     L     D     V     L     K     F     Y     -     -     D     S     K     E     T     S     -     -     -     N     N     Q     K     Y     M     S     F     T     D     
0.009 0.006 0.026 0.003 0.006 0.008 0.008 0.009 0.008 0.005 0.004 0.004 0.006 0.008 0.008 0.004 0.004 0.004 0.004 0.004 0.004 0.006 0.006 0.013 0.009 0.005 0.004 0.009 0.005 0.005 0.003 0.005 0.005 0.006 0.004 0.007 0.004 0.004 0.003 0.017 0.005 0.003 0.004 0.004 0.004 0.006 0.004 0.003 0.004 0.003 0.003 0.006 0.002 0.005 0.006 0.007 0.003 0.003 0.006 0.006 0.015 0.008 0.011 0.015 0.011 0.007 0.006 0.006 0.008 0.008 0.028 0.006 0.006 0.009 0.008 0.011 0.013 0.015 0.050 
>Sequence
Normalized_weight: 0.009
P     S     D     F     E     H     T     I     H     V     G     F     D     S     V     T     G     E     F     T     -     -     G     M     P     E     Q     W     A     R     L     L     Q     T     S     N     I     T     K     S     E     Q     K     K     -     -     N     P     Q     A     V     L     D     V     L     K     F     Y     -     -     D     S     T     G     N     S     -     -     -     R     -     Q     K     Y     L     S     F     T     D     
0.009 0.006 0.026 0.003 0.006 0.008 0.008 0.009 0.008 0.005 0.004 0.004 0.006 0.010 0.008 0.004 0.004 0.004 0.004 0.004 0.004 0.006 0.006 0.013 0.009 0.005 0.004 0.009 0.005 0.005 0.003 0.005 0.005 0.006 0.004 0.007 0.004 0.004 0.003 0.012 0.005 0.003 0.004 0.004 0.004 0.006 0.004 0.003 0.004 0.003 0.003 0.006 0.002 0.005 0.006 0.007 0.003 0.003 0.006 0.006 0.015 0.008 0.019 0.038 0.077 0.007 0.006 0.006 0.008 0.014 0.005 0.006 0.006 0.009 0.025 0.011 0.013 0.015 0.050 
>Sequence
Normalized_weight: 0.010
P     F     G     Y     E     H     I     Y     H     V     G     I     D     P     A     T     G     E     F     T     -     -     G     M     P     N     Q     W     A     R     L     L     K     H     A     N     I     S     K     I     D     Q     K     K     -     -     N     P     Q     A     V     L     D     V     L     N     F     Y     -     -     S     S     E     T     T     S     -     -     -     K     S     Q     K     Y     M     S     F     T     D     
0.009 0.013 0.056 0.062 0.006 0.008 0.010 0.050 0.008 0.005 0.004 0.029 0.006 0.004 0.013 0.004 0.004 0.004 0.004 0.004 0.004 0.006 0.006 0.013 0.009 0.038 0.004 0.009 0.005 0.005 0.003 0.005 0.008 0.013 0.013 0.007 0.004 0.006 0.003 0.028 0.009 0.003 0.004 0.004 0.004 0.006 0.004 0.003 0.004 0.003 0.003 0.006 0.002 0.005 0.006 0.025 0.003 0.003 0.006 0.006 0.008 0.008 0.013 0.010 0.011 0.007 0.006 0.006 0.008 0.021 0.011 0.006 0.006 0.009 0.008 0.011 0.013 0.015 0.050 
>Sequence
Normalized_weight: 0.008
P     S     D     F     E     H     T     I     H     V     G     F     D     A     V     T     G     E     F     T     -     -     G     M     P     E     Q     W     A     R     L     L     Q     T     S     N     I     T     K     L     E     Q     K     K     -     -     N     P     Q     A     V     L     D     V     L     K     F     Y     -     -     D     S     K     H     T     -     -     -     -     D     K     Q     K     Y     L     S     F     S     -     
0.009 0.006 0.026 0.003 0.006 0.008 0.008 0.009 0.008 0.005 0.004 0.004 0.006 0.008 0.008 0.004 0.004 0.004 0.004 0.004 0.004 0.006 0.006 0.013 0.009 0.005 0.004 0.009 0.005 0.005 0.003 0.005 0.005 0.006 0.004 0.007 0.004 0.004 0.003 0.017 0.005 0.003 0.004 0.004 0.004 0.006 0.004 0.003 0.004 0.003 0.003 0.006 0.002 0.005 0.006 0.007 0.003 0.003 0.006 0.006 0.015 0.008 0.011 0.026 0.011 0.003 0.006 0.006 0.008 0.017 0.028 0.006 0.006 0.009 0.025 0.011 0.013 0.083 0.009 
>Sequence
Normalized_weight: 0.008
P     S     D     F     E     H     T     I     H     V     G     F     D     A     V     T     G     E     F     T     -     -     G     I     P     E     Q     W     A     R     L     L     Q     T     S     N     I     T     K     L     E     Q     K     K     -     -     N     P     Q     A     V     L     D     V     L     K     F     Y     -     -     D     S     K     E     T     V     -     -     -     N     N     Q     K     Y     M     S     F     T     -     
0.009 0.006 0.026 0.003 0.006 0.008 0.008 0.009 0.008 0.005 0.004 0.004 0.006 0.008 0.008 0.004 0.004 0.004 0.004 0.004 0.004 0.006 0.006 0.033 0.009 0.005 0.004 0.009 0.005 0.005 0.003 0.005 0.005 0.006 0.004 0.007 0.004 0.004 0.003 0.017 0.005 0.003 0.004 0.004 0.004 0.006 0.004 0.003 0.004 0.003 0.003 0.006 0.002 0.005 0.006 0.007 0.003 0.003 0.006 0.006 0.015 0.008 0.011 0.015 0.011 0.038 0.006 0.006 0.008 0.008 0.028 0.006 0.006 0.009 0.008 0.011 0.013 0.015 0.009 
>Sequence
Normalized_weight: 0.007
P     S     D     F     E     H     T     I     H     V     G     F     D     A     V     T     G     E     F     T     -     -     G     M     P     E     Q     W     A     R     L     L     Q     T     S     N     I     T     K     L     E     Q     K     K     -     -     N     P     Q     A     V     L     D     V     L     K     F     Y     -     -     D     S     N     T     V     -     -     -     -     -     K     Q     K     Y     L     S     F     T     -     
0.009 0.006 0.026 0.003 0.006 0.008 0.008 0.009 0.008 0.005 0.004 0.004 0.006 0.008 0.008 0.004 0.004 0.004 0.004 0.004 0.004 0.006 0.006 0.013 0.009 0.005 0.004 0.009 0.005 0.005 0.003 0.005 0.005 0.006 0.004 0.007 0.004 0.004 0.003 0.017 0.005 0.003 0.004 0.004 0.004 0.006 0.004 0.003 0.004 0.003 0.003 0.006 0.002 0.005 0.006 0.007 0.003 0.003 0.006 0.006 0.015 0.008 0.019 0.010 0.038 0.003 0.006 0.006 0.008 0.003 0.028 0.006 0.006 0.009 0.025 0.011 0.013 0.015 0.009 
>Sequence
Normalized_weight: 0.012
P     F     G     C     E     H     I     H     H     V     G     I     D     P     A     T     G     E     F     T     -     -     G     M     P     H     Q     W     A     S     L     L     K     N     A     K     I     S     K     I     D     Q     K     K     -     -     N     P     Q     V     V     L     D     V     L     N     F     Y     -     -     S     S     E     T     T     S     -     -     -     K     S     Q     K     Y     M     S     F     T     D     
0.009 0.013 0.056 0.125 0.006 0.008 0.010 0.033 0.008 0.005 0.004 0.029 0.006 0.004 0.013 0.004 0.004 0.004 0.004 0.004 0.004 0.006 0.006 0.013 0.009 0.077 0.004 0.009 0.005 0.009 0.003 0.005 0.008 0.013 0.013 0.045 0.004 0.006 0.003 0.028 0.009 0.003 0.004 0.004 0.004 0.006 0.004 0.003 0.004 0.015 0.003 0.006 0.002 0.005 0.006 0.025 0.003 0.003 0.006 0.006 0.008 0.008 0.013 0.010 0.011 0.007 0.006 0.006 0.008 0.021 0.011 0.006 0.006 0.009 0.008 0.011 0.013 0.015 0.050 
>Sequence
Normalized_weight: 0.013
P     F     G     Y     E     H     I     Y     H     V     G     I     D     P     A     T     G     E     F     T     -     -     G     M     P     N     Q     W     A     R     S     L     K     H     A     N     I     S     K     I     D     Q     K     K     -     -     N     P     Q     A     V     L     E     L     L     N     F     Y     -     -     S     S     E     T     T     S     -     -     -     K     S     Q     K     Y     M     S     F     T     D     
0.009 0.013 0.056 0.062 0.006 0.008 0.010 0.050 0.008 0.005 0.004 0.029 0.006 0.004 0.013 0.004 0.004 0.004 0.004 0.004 0.004 0.006 0.006 0.013 0.009 0.038 0.004 0.009 0.005 0.005 0.143 0.005 0.008 0.013 0.013 0.007 0.004 0.006 0.003 0.028 0.009 0.003 0.004 0.004 0.004 0.006 0.004 0.003 0.004 0.003 0.003 0.006 0.009 0.071 0.006 0.025 0.003 0.003 0.006 0.006 0.008 0.008 0.013 0.010 0.011 0.007 0.006 0.006 0.008 0.021 0.011 0.006 0.006 0.009 0.008 0.011 0.013 0.015 0.050 
>Sequence
Normalized_weight: 0.010
P     T     N     F     E     H     T     V     H     V     G     F     D     A     V     T     G     E     F     T     -     -     G     M     P     E     Q     W     A     L     M     L     K     N     S     N     I     S     K     Q     E     Q     K     K     -     -     N     P     Q     A     V     L     D     V     L     N     F     F     -     -     N     S     N     K     Q     R     -     -     -     P     S     S     K     Y     M     T     -     -     -     
0.009 0.006 0.007 0.003 0.006 0.008 0.008 0.004 0.008 0.005 0.004 0.004 0.006 0.008 0.008 0.004 0.004 0.004 0.004 0.004 0.004 0.006 0.006 0.013 0.009 0.005 0.004 0.009 0.005 0.045 0.048 0.005 0.008 0.013 0.004 0.007 0.004 0.006 0.003 0.014 0.005 0.003 0.004 0.004 0.004 0.006 0.004 0.003 0.004 0.003 0.003 0.006 0.002 0.005 0.006 0.025 0.003 0.062 0.006 0.006 0.023 0.008 0.019 0.008 0.026 0.019 0.006 0.006 0.008 0.028 0.011 0.050 0.006 0.009 0.008 0.036 0.006 0.004 0.009 
>Sequence
Normalized_weight: 0.011
P     T     N     F     E     H     T     V     H     V     G     F     D     A     V     T     G     E     F     T     -     -     G     M     P     E     A     W     A     R     L     L     M     N     S     N     I     S     K     Q     E     Q     K     K     -     -     N     P     Q     A     V     L     D     V     L     K     W     F     -     -     N     T     T     K     Q     R     -     -     -     P     S     S     K     Y     M     T     -     -     -     
0.009 0.006 0.007 0.003 0.006 0.008 0.008 0.004 0.008 0.005 0.004 0.004 0.006 0.008 0.008 0.004 0.004 0.004 0.004 0.004 0.004 0.006 0.006 0.013 0.009 0.005 0.033 0.009 0.005 0.005 0.003 0.005 0.083 0.013 0.004 0.007 0.004 0.006 0.003 0.014 0.005 0.003 0.004 0.004 0.004 0.006 0.004 0.003 0.004 0.003 0.003 0.006 0.002 0.005 0.006 0.007 0.111 0.062 0.006 0.006 0.023 0.020 0.019 0.008 0.026 0.019 0.006 0.006 0.008 0.028 0.011 0.050 0.006 0.009 0.008 0.036 0.006 0.004 0.009 
>Sequence
Normalized_weight: 0.014
P     S     N     F     E     H     T     I     H     V     G     Y     D     P     K     T     G     E     F     T     -     -     G     M     P     E     A     W     A     R     L     L     T     D     S     Q     I     S     K     Q     E     Q     Q     Q     -     -     N     P     Q     A     V     L     D     A     L     K     Y     Y     -     -     -     T     Q     G     E     S     -     -     -     S     G     Q     K     W     L     Q     Y     -     -     
0.009 0.006 0.007 0.003 0.006 0.008 0.008 0.009 0.008 0.005 0.004 0.020 0.006 0.004 0.009 0.004 0.004 0.004 0.004 0.004 0.004 0.006 0.006 0.013 0.009 0.005 0.033 0.009 0.005 0.005 0.003 0.005 0.012 0.017 0.004 0.023 0.004 0.006 0.003 0.014 0.005 0.003 0.019 0.015 0.004 0.006 0.004 0.003 0.004 0.003 0.003 0.006 0.002 0.020 0.006 0.007 0.037 0.003 0.006 0.006 0.005 0.020 0.015 0.038 0.015 0.007 0.006 0.006 0.008 0.042 0.014 0.006 0.006 0.071 0.025 0.048 0.250 0.004 0.009 
>Sequence
Normalized_weight: 0.009
P     T     N     F     S     H     R     V     H     V     G     F     D     P     R     T     G     A     F     V     -     -     G     L     P     P     E     W     E     K     L     L     T     A     S     A     I     T     K     E     D     Y     K     K     -     -     N     P     Q     A     V     I     E     V     L     E     F     Y     -     -     S     D     I     K     E     Q     -     -     -     N     P     Q     Y     Y     -     -     -     -     -     
0.009 0.006 0.007 0.003 0.031 0.008 0.007 0.004 0.008 0.005 0.004 0.004 0.006 0.004 0.015 0.004 0.004 0.083 0.004 0.013 0.004 0.006 0.006 0.005 0.009 0.005 0.004 0.009 0.009 0.005 0.003 0.005 0.012 0.013 0.004 0.008 0.004 0.004 0.003 0.005 0.009 0.013 0.004 0.004 0.004 0.006 0.004 0.003 0.004 0.003 0.003 0.010 0.009 0.005 0.006 0.009 0.003 0.003 0.006 0.006 0.008 0.009 0.026 0.008 0.015 0.019 0.006 0.006 0.008 0.008 0.037 0.006 0.083 0.009 0.003 0.004 0.006 0.004 0.009 
>Sequence
Normalized_weight: 0.011
P     T     N     F     S     H     A     V     H     V     G     F     D     P     Q     T     G     E     F     V     -     -     G     L     P     P     E     W     S     K     L     L     N     S     S     A     I     T     K     E     D     Y     E     R     -     -     N     P     Q     A     V     F     E     V     L     D     F     Y     -     -     S     D     L     T     K     R     -     -     -     N     D     N     Q     Y     S     S     L     T     -     
0.009 0.006 0.007 0.003 0.031 0.008 0.026 0.004 0.008 0.005 0.004 0.004 0.006 0.004 0.006 0.004 0.004 0.004 0.004 0.013 0.004 0.006 0.006 0.005 0.009 0.005 0.004 0.009 0.011 0.005 0.003 0.005 0.017 0.005 0.004 0.008 0.004 0.004 0.003 0.005 0.009 0.013 0.010 0.010 0.004 0.006 0.004 0.003 0.004 0.003 0.003 0.037 0.009 0.005 0.006 0.020 0.003 0.003 0.006 0.006 0.008 0.009 0.077 0.010 0.006 0.019 0.006 0.006 0.008 0.008 0.022 0.050 0.028 0.009 0.050 0.011 0.083 0.015 0.009 
>Sequence
Normalized_weight: 0.013
P     T     N     F     V     H     Q     V     H     V     G     F     D     P     K     S     G     G     F     T     -     -     G     L     P     P     Q     W     S     K     L     L     T     S     S     A     I     T     K     E     E     A     A     R     -     -     N     P     E     A     V     L     D     V     L     Q     F     Y     -     -     T     Q     Q     Q     A     G     -     -     -     N     V     E     G     Y     Q     Q     F     P     -     
0.009 0.006 0.007 0.003 0.011 0.008 0.019 0.004 0.008 0.005 0.004 0.004 0.006 0.004 0.009 0.020 0.004 0.017 0.004 0.004 0.004 0.006 0.006 0.005 0.009 0.005 0.004 0.009 0.011 0.005 0.003 0.005 0.012 0.005 0.004 0.008 0.004 0.004 0.003 0.005 0.005 0.026 0.009 0.010 0.004 0.006 0.004 0.003 0.012 0.003 0.003 0.006 0.002 0.005 0.006 0.010 0.003 0.003 0.006 0.006 0.015 0.020 0.015 0.038 0.026 0.026 0.006 0.006 0.008 0.008 0.111 0.013 0.083 0.009 0.100 0.048 0.013 0.083 0.009 
>Sequence
Normalized_weight: 0.008
P     T     N     F     V     H     Q     V     H     V     G     F     D     P     K     S     G     G     F     T     -     -     G     L     P     A     Q     W     S     K     L     L     T     S     S     A     I     T     K     E     E     A     A     K     -     -     N     P     E     A     V     L     D     V     L     Q     F     Y     -     -     T     Q     Q     H     A     S     -     -     -     D     G     -     -     -     -     -     -     -     -     
0.009 0.006 0.007 0.003 0.011 0.008 0.019 0.004 0.008 0.005 0.004 0.004 0.006 0.004 0.009 0.020 0.004 0.017 0.004 0.004 0.004 0.006 0.006 0.005 0.009 0.038 0.004 0.009 0.011 0.005 0.003 0.005 0.012 0.005 0.004 0.008 0.004 0.004 0.003 0.005 0.005 0.026 0.009 0.004 0.004 0.006 0.004 0.003 0.012 0.003 0.003 0.006 0.002 0.005 0.006 0.010 0.003 0.003 0.006 0.006 0.015 0.020 0.015 0.026 0.026 0.007 0.006 0.006 0.008 0.017 0.014 0.003 0.002 0.004 0.003 0.004 0.006 0.004 0.009 
>Sequence
Normalized_weight: 0.010
P     T     N     F     T     H     K     V     H     V     G     F     D     P     K     S     G     G     F     T     -     -     G     L     P     E     E     W     T     R     L     L     T     A     S     A     I     T     K     E     D     Y     A     K     -     -     N     P     E     A     V     I     E     V     L     Q     F     Y     -     -     S     D     T     Q     L     R     -     -     -     E     K     E     E     F     -     -     -     -     -     
0.009 0.006 0.007 0.003 0.018 0.008 0.013 0.004 0.008 0.005 0.004 0.004 0.006 0.004 0.009 0.020 0.004 0.017 0.004 0.004 0.004 0.006 0.006 0.005 0.009 0.005 0.004 0.009 0.077 0.005 0.003 0.005 0.012 0.013 0.004 0.008 0.004 0.004 0.003 0.005 0.009 0.013 0.009 0.004 0.004 0.006 0.004 0.003 0.012 0.003 0.003 0.010 0.009 0.005 0.006 0.010 0.003 0.003 0.006 0.006 0.008 0.009 0.019 0.038 0.077 0.019 0.006 0.006 0.008 0.017 0.028 0.013 0.042 0.024 0.003 0.004 0.006 0.004 0.009 
>Sequence
Normalized_weight: 0.013
P     T     N     F     S     H     A     V     H     V     G     F     D     P     K     T     G     E     F     V     -     -     G     L     P     P     E     W     S     K     L     L     N     S     S     A     I     T     K     E     D     Y     E     R     -     -     N     P     Q     A     V     F     E     V     L     D     F     Y     -     -     T     D     K     R     A     E     -     -     -     N     P     N     Q     Y     P     S     L     T     -     
0.009 0.006 0.007 0.003 0.031 0.008 0.026 0.004 0.008 0.005 0.004 0.004 0.006 0.004 0.009 0.004 0.004 0.004 0.004 0.013 0.004 0.006 0.006 0.005 0.009 0.005 0.004 0.009 0.011 0.005 0.003 0.005 0.017 0.005 0.004 0.008 0.004 0.004 0.003 0.005 0.009 0.013 0.010 0.010 0.004 0.006 0.004 0.003 0.004 0.003 0.003 0.037 0.009 0.005 0.006 0.020 0.003 0.003 0.006 0.006 0.015 0.009 0.011 0.077 0.026 0.038 0.006 0.006 0.008 0.008 0.037 0.050 0.028 0.009 0.100 0.011 0.083 0.015 0.009 
>Sequence
Normalized_weight: 0.010
P     T     N     F     V     H     Q     V     H     V     G     F     D     P     K     S     G     G     F     T     -     -     G     L     P     T     Q     W     S     K     L     L     T     S     S     A     I     T     K     E     E     A     A     K     -     -     N     P     E     A     V     L     D     V     L     Q     F     Y     -     -     T     Q     Q     H     V     S     -     -     -     D     G     R     E     -     -     -     -     -     -     
0.009 0.006 0.007 0.003 0.011 0.008 0.019 0.004 0.008 0.005 0.004 0.004 0.006 0.004 0.009 0.020 0.004 0.017 0.004 0.004 0.004 0.006 0.006 0.005 0.009 0.026 0.004 0.009 0.011 0.005 0.003 0.005 0.012 0.005 0.004 0.008 0.004 0.004 0.003 0.005 0.005 0.026 0.009 0.004 0.004 0.006 0.004 0.003 0.012 0.003 0.003 0.006 0.002 0.005 0.006 0.010 0.003 0.003 0.006 0.006 0.015 0.020 0.015 0.026 0.038 0.007 0.006 0.006 0.008 0.017 0.014 0.100 0.042 0.004 0.003 0.004 0.006 0.004 0.009 
>Sequence
Normalized_weight: 0.020
-     S     D     F     E     H     T     I     H     V     G     F     D     A     V     T     G     E     S     L     -     -     G     I     P     E     Q     W     A     R     L     L     Q     T     S     N     I     P     K     L     E     P     E     E     -     -     E     P     Q     A     C     S     R     C     L     K     F     Y     -     -     D     S     K     E     P     V     -     -     -     T     N     Q     K     Y     M     S     F     T     -     
0.050 0.006 0.026 0.003 0.006 0.008 0.008 0.009 0.008 0.005 0.004 0.004 0.006 0.008 0.008 0.004 0.004 0.004 0.100 0.143 0.004 0.006 0.006 0.033 0.009 0.005 0.004 0.009 0.005 0.005 0.003 0.005 0.005 0.006 0.004 0.007 0.004 0.125 0.003 0.017 0.005 0.019 0.010 0.013 0.004 0.006 0.056 0.003 0.004 0.003 0.125 0.111 0.083 0.143 0.006 0.007 0.003 0.003 0.006 0.006 0.015 0.008 0.011 0.015 0.019 0.038 0.006 0.006 0.008 0.042 0.028 0.006 0.006 0.009 0.008 0.011 0.013 0.015 0.009 
>Sequence
Normalized_weight: 0.009
P     T     N     F     S     H     A     V     H     V     G     F     D     P     Q     T     G     E     F     V     -     -     G     L     P     P     E     W     S     K     L     L     N     S     S     A     I     T     Q     E     D     Y     E     R     -     -     N     P     Q     A     V     F     E     V     L     D     F     Y     -     -     S     D     F     N     K     N     -     -     -     G     G     Q     -     -     -     -     -     -     -     
0.009 0.006 0.007 0.003 0.031 0.008 0.026 0.004 0.008 0.005 0.004 0.004 0.006 0.004 0.006 0.004 0.004 0.004 0.004 0.013 0.004 0.006 0.006 0.005 0.009 0.005 0.004 0.009 0.011 0.005 0.003 0.005 0.017 0.005 0.004 0.008 0.004 0.004 0.023 0.005 0.009 0.013 0.010 0.010 0.004 0.006 0.004 0.003 0.004 0.003 0.003 0.037 0.009 0.005 0.006 0.020 0.003 0.003 0.006 0.006 0.008 0.009 0.077 0.019 0.006 0.011 0.006 0.006 0.008 0.083 0.014 0.006 0.002 0.004 0.003 0.004 0.006 0.004 0.009 
>Sequence
Normalized_weight: 0.013
P     Y     N     A     T     H     V     H     H     V     G     V     D     S     R     T     G     E     Y     T     -     -     G     L     P     E     E     W     E     R     L     L     A     S     S     G     I     S     K     K     E     Q     Q     Q     -     -     H     P     Q     A     V     M     D     I     V     K     F     Y     -     -     Q     D     V     T     G     T     -     -     -     S     G     E     D     F     K     T     F     N     -     
0.009 0.025 0.007 0.042 0.018 0.008 0.009 0.033 0.008 0.005 0.004 0.071 0.006 0.010 0.015 0.004 0.004 0.004 0.025 0.004 0.004 0.006 0.006 0.005 0.009 0.005 0.004 0.009 0.009 0.005 0.003 0.005 0.028 0.005 0.004 0.004 0.004 0.006 0.003 0.010 0.005 0.003 0.019 0.015 0.004 0.006 0.016 0.003 0.004 0.003 0.003 0.028 0.002 0.016 0.025 0.007 0.003 0.003 0.006 0.006 0.011 0.009 0.038 0.010 0.038 0.026 0.006 0.006 0.008 0.042 0.014 0.013 0.028 0.024 0.025 0.036 0.013 0.083 0.009 
>Sequence
Normalized_weight: 0.015
P     E     N     P     V     H     V     T     H     V     G     Y     D     S     N     T     G     Q     F     T     -     -     G     L     P     K     E     W     Q     R     L     I     S     E     S     G     I     T     E     K     D     R     R     E     -     -     H     P     Q     I     L     V     D     V     L     T     F     Y     -     -     T     T     E     K     P     Q     -     -     -     E     D     Q     Q     L     E     K     F     H     D     
0.009 0.042 0.007 0.018 0.011 0.008 0.009 0.013 0.008 0.005 0.004 0.020 0.006 0.010 0.013 0.004 0.004 0.028 0.004 0.004 0.004 0.006 0.006 0.005 0.009 0.008 0.004 0.009 0.006 0.005 0.003 0.029 0.017 0.013 0.004 0.004 0.004 0.004 0.010 0.010 0.009 0.038 0.019 0.013 0.004 0.006 0.016 0.003 0.004 0.091 0.021 0.012 0.002 0.005 0.006 0.100 0.003 0.003 0.006 0.006 0.015 0.020 0.013 0.008 0.019 0.019 0.006 0.006 0.008 0.017 0.022 0.006 0.028 0.048 0.050 0.036 0.013 0.056 0.050 
>Sequence
Normalized_weight: 0.018
P     E     N     P     V     H     V     T     H     V     G     Y     D     N     Q     T     G     Q     F     T     -     -     G     L     P     K     E     W     Q     R     L     L     Q     E     S     G     I     T     Q     K     E     Q     E     E     -     -     H     P     Q     T     M     V     D     I     M     R     F     Y     -     -     E     K     N     A     R     G     -     -     -     D     D     E     V     W     H     K     F     -     -     
0.009 0.042 0.007 0.018 0.011 0.008 0.009 0.013 0.008 0.005 0.004 0.020 0.006 0.050 0.006 0.004 0.004 0.028 0.004 0.004 0.004 0.006 0.006 0.005 0.009 0.008 0.004 0.009 0.006 0.005 0.003 0.005 0.005 0.013 0.004 0.004 0.004 0.004 0.023 0.010 0.005 0.003 0.010 0.013 0.004 0.006 0.016 0.003 0.004 0.023 0.125 0.012 0.002 0.016 0.067 0.100 0.003 0.003 0.006 0.006 0.091 0.033 0.019 0.077 0.038 0.026 0.006 0.006 0.008 0.017 0.022 0.013 0.028 0.071 0.100 0.036 0.013 0.004 0.009 
>Sequence
Normalized_weight: 0.013
P     Y     N     A     K     H     I     H     H     V     G     V     D     S     K     T     G     E     Y     T     -     -     G     L     P     E     E     W     E     K     L     L     T     S     S     G     I     S     K     R     E     Q     Q     Q     -     -     N     M     Q     A     V     M     D     I     V     K     F     Y     -     -     Q     D     V     T     E     T     -     -     -     N     G     E     D     K     M     -     -     -     -     
0.009 0.025 0.007 0.042 0.008 0.008 0.010 0.033 0.008 0.005 0.004 0.071 0.006 0.010 0.009 0.004 0.004 0.004 0.025 0.004 0.004 0.006 0.006 0.005 0.009 0.005 0.004 0.009 0.009 0.005 0.003 0.005 0.012 0.005 0.004 0.004 0.004 0.006 0.003 0.083 0.005 0.003 0.019 0.015 0.004 0.006 0.004 0.125 0.004 0.003 0.003 0.028 0.002 0.016 0.025 0.007 0.003 0.003 0.006 0.006 0.011 0.009 0.038 0.010 0.015 0.026 0.006 0.006 0.008 0.008 0.014 0.013 0.028 0.071 0.008 0.004 0.006 0.004 0.009 
>Sequence
Normalized_weight: 0.014
P     E     N     P     V     H     V     T     H     V     G     Y     D     S     A     T     G     Q     F     T     -     -     G     L     P     K     E     W     Q     R     L     I     S     E     S     G     I     T     E     K     E     R     R     E     -     -     N     P     E     T     L     V     N     V     I     K     F     Y     -     -     T     T     E     K     P     A     -     -     -     E     D     Q     V     L     E     K     F     H     D     
0.009 0.042 0.007 0.018 0.011 0.008 0.009 0.013 0.008 0.005 0.004 0.020 0.006 0.010 0.013 0.004 0.004 0.028 0.004 0.004 0.004 0.006 0.006 0.005 0.009 0.008 0.004 0.009 0.006 0.005 0.003 0.029 0.017 0.013 0.004 0.004 0.004 0.004 0.010 0.010 0.005 0.038 0.019 0.013 0.004 0.006 0.004 0.003 0.012 0.023 0.021 0.012 0.042 0.005 0.020 0.007 0.003 0.003 0.006 0.006 0.015 0.020 0.013 0.008 0.019 0.077 0.006 0.006 0.008 0.017 0.022 0.006 0.028 0.048 0.050 0.036 0.013 0.056 0.050 
>Sequence
Normalized_weight: 0.011
P     Y     D     P     V     H     L     T     H     V     G     F     N     S     D     T     G     E     F     T     -     -     G     L     P     K     E     W     Q     Q     L     L     Q     E     S     G     I     S     R     Q     D     Q     E     A     -     -     N     P     Q     A     V     I     D     I     V     A     F     Y     -     -     Q     D     A     T     Q     S     -     -     -     Q     G     -     -     -     -     -     -     -     -     
0.009 0.025 0.026 0.018 0.011 0.008 0.026 0.013 0.008 0.005 0.004 0.004 0.056 0.010 0.019 0.004 0.004 0.004 0.004 0.004 0.004 0.006 0.006 0.005 0.009 0.008 0.004 0.009 0.006 0.023 0.003 0.005 0.005 0.013 0.004 0.004 0.004 0.006 0.015 0.014 0.009 0.003 0.010 0.091 0.004 0.006 0.004 0.003 0.004 0.003 0.003 0.010 0.002 0.016 0.025 0.033 0.003 0.003 0.006 0.006 0.011 0.009 0.011 0.010 0.026 0.007 0.006 0.006 0.008 0.083 0.014 0.003 0.002 0.004 0.003 0.004 0.006 0.004 0.009 
>Sequence
Normalized_weight: 0.008
P     T     N     F     T     H     K     V     H     V     G     F     D     P     I     S     G     G     F     T     -     -     G     L     P     D     A     W     S     K     L     L     S     T     S     A     I     T     K     E     D     Y     A     K     -     -     N     P     Q     A     V     I     E     V     L     E     F     Y     -     -     S     K     E     N     -     -     -     -     -     -     -     -     -     -     -     -     -     -     -     
0.009 0.006 0.007 0.003 0.018 0.008 0.013 0.004 0.008 0.005 0.004 0.004 0.006 0.004 0.077 0.020 0.004 0.017 0.004 0.004 0.004 0.006 0.006 0.005 0.009 0.026 0.033 0.009 0.011 0.005 0.003 0.005 0.017 0.006 0.004 0.008 0.004 0.004 0.003 0.005 0.009 0.013 0.009 0.004 0.004 0.006 0.004 0.003 0.004 0.003 0.003 0.010 0.009 0.005 0.006 0.009 0.003 0.003 0.006 0.006 0.008 0.033 0.013 0.019 0.004 0.003 0.006 0.006 0.008 0.003 0.005 0.003 0.002 0.004 0.003 0.004 0.006 0.004 0.009 
>Sequence
Normalized_weight: 0.023
P     T     N     F     T     H     K     V     H     V     G     F     D     P     K     V     G     N     F     V     -     -     G     V     P     D     S     W     A     K     L     L     Q     T     S     E     I     T     Y     D     D     W     N     R     -     -     N     S     K     A     V     I     K     A     L     Q     F     Y     -     -     -     -     -     E     D     Y     -     -     -     N     G     L     D     T     M     Q     F     N     D     
0.009 0.006 0.007 0.003 0.018 0.008 0.013 0.004 0.008 0.005 0.004 0.004 0.006 0.004 0.009 0.143 0.004 0.028 0.004 0.013 0.004 0.006 0.006 0.200 0.009 0.026 0.100 0.009 0.005 0.005 0.003 0.005 0.005 0.006 0.004 0.091 0.004 0.004 0.091 0.017 0.009 0.019 0.026 0.010 0.004 0.006 0.004 0.014 0.009 0.003 0.003 0.010 0.083 0.020 0.006 0.010 0.003 0.003 0.006 0.006 0.005 0.005 0.004 0.015 0.038 0.077 0.006 0.006 0.008 0.008 0.014 0.100 0.028 0.143 0.008 0.048 0.013 0.083 0.050 
>Sequence
Normalized_weight: 0.014
P     I     N     F     T     H     K     V     H     V     G     F     D     P     A     S     G     N     F     T     -     -     G     L     P     D     T     W     K     S     L     L     Q     H     S     K     I     T     N     E     D     W     K     K     -     -     D     P     V     A     V     I     E     V     L     E     F     Y     -     -     S     D     I     N     G     G     -     -     -     N     S     -     -     -     -     -     -     -     -     
0.009 0.125 0.007 0.003 0.018 0.008 0.013 0.004 0.008 0.005 0.004 0.004 0.006 0.004 0.013 0.020 0.004 0.028 0.004 0.004 0.004 0.006 0.006 0.005 0.009 0.026 0.100 0.009 0.011 0.009 0.003 0.005 0.005 0.013 0.004 0.045 0.004 0.004 0.091 0.005 0.009 0.019 0.004 0.004 0.004 0.006 0.019 0.003 0.111 0.003 0.003 0.010 0.009 0.005 0.006 0.009 0.003 0.003 0.006 0.006 0.008 0.009 0.026 0.019 0.038 0.026 0.006 0.006 0.008 0.008 0.011 0.003 0.002 0.004 0.003 0.004 0.006 0.004 0.009 
>Sequence
Normalized_weight: 0.021
P     M     N     P     K     H     Q     V     H     V     G     I     D     N     -     E     G     N     Y     V     -     -     G     L     P     K     E     W     I     L     L     L     Q     S     S     S     I     T     K     Q     E     C     M     E     -     -     E     P     K     A     V     I     Q     A     L     D     F     Y     -     -     S     K     Q     L     D     T     -     -     -     T     S     E     T     K     D     S     F     S     -     
0.009 0.125 0.007 0.018 0.008 0.008 0.019 0.004 0.008 0.005 0.004 0.029 0.006 0.050 0.077 0.016 0.004 0.028 0.025 0.013 0.004 0.006 0.006 0.005 0.009 0.008 0.004 0.009 0.038 0.045 0.003 0.005 0.005 0.005 0.004 0.045 0.004 0.004 0.003 0.014 0.005 0.077 0.015 0.013 0.004 0.006 0.056 0.003 0.009 0.003 0.003 0.010 0.021 0.020 0.006 0.020 0.003 0.003 0.006 0.006 0.008 0.033 0.015 0.077 0.038 0.026 0.006 0.006 0.008 0.042 0.011 0.013 0.083 0.071 0.100 0.011 0.013 0.083 0.009 
>Sequence
Normalized_weight: 0.012
P     F     D     P     K     H     V     T     H     V     G     F     N     Y     D     T     G     E     F     T     -     -     G     M     P     T     E     W     Q     A     L     L     K     V     S     G     I     T     K     S     E     Q     V     Q     -     -     H     P     Q     A     V     L     D     A     M     A     F     Y     -     -     S     Q     S     K     K     -     -     -     -     -     -     -     -     -     -     -     -     -     -     
0.009 0.013 0.026 0.018 0.008 0.008 0.009 0.013 0.008 0.005 0.004 0.004 0.056 0.100 0.019 0.004 0.004 0.004 0.004 0.004 0.004 0.006 0.006 0.013 0.009 0.026 0.004 0.009 0.006 0.045 0.003 0.005 0.008 0.067 0.004 0.004 0.004 0.004 0.003 0.012 0.005 0.003 0.038 0.015 0.004 0.006 0.016 0.003 0.004 0.003 0.003 0.006 0.002 0.020 0.067 0.033 0.003 0.003 0.006 0.006 0.008 0.020 0.038 0.008 0.006 0.003 0.006 0.006 0.008 0.003 0.005 0.003 0.002 0.004 0.003 0.004 0.006 0.004 0.009 
>Sequence
Normalized_weight: 0.026
P     T     N     F     Q     R     H     F     H     V     S     R     N     Q     E     T     G     D     L     E     -     -     G     L     P     A     P     W     V     R     L     M     N     -     S     Q     I     T     R     D     E     Q     D     K     -     -     N     P     D     A     A     Y     H     A     V     K     Y     Y     -     -     N     S     I     K     K     K     -     -     -     E     N     E     V     F     K     P     F     -     -     
0.009 0.006 0.007 0.003 0.025 0.167 0.077 0.100 0.008 0.005 0.067 0.143 0.056 0.020 0.011 0.004 0.004 0.042 0.067 0.024 0.004 0.006 0.006 0.005 0.009 0.038 0.033 0.009 0.077 0.005 0.003 0.100 0.017 0.011 0.004 0.023 0.004 0.004 0.015 0.017 0.005 0.003 0.077 0.004 0.004 0.006 0.004 0.003 0.111 0.003 0.062 0.011 0.083 0.020 0.025 0.007 0.037 0.003 0.006 0.006 0.023 0.008 0.026 0.008 0.006 0.038 0.006 0.006 0.008 0.017 0.028 0.013 0.028 0.024 0.025 0.071 0.013 0.004 0.009 
>Sequence
Normalized_weight: 0.010
P     T     N     F     T     H     K     V     H     V     G     F     D     P     E     T     G     S     F     V     -     -     G     M     P     F     N     W     E     K     L     L     K     H     S     R     I     T     G     E     D     W     N     N     -     -     N     S     A     A     V     I     Q     V     L     Q     F     Y     -     -     Q     -     -     -     -     -     -     -     -     -     -     -     -     -     -     -     -     -     -     
0.009 0.006 0.007 0.003 0.018 0.008 0.013 0.004 0.008 0.005 0.004 0.004 0.006 0.004 0.011 0.004 0.004 0.028 0.004 0.013 0.004 0.006 0.006 0.013 0.009 0.077 0.050 0.009 0.009 0.005 0.003 0.005 0.008 0.013 0.004 0.045 0.004 0.004 0.045 0.005 0.009 0.019 0.026 0.023 0.004 0.006 0.004 0.014 0.037 0.003 0.003 0.010 0.021 0.005 0.006 0.010 0.003 0.003 0.006 0.006 0.011 0.005 0.004 0.004 0.004 0.003 0.006 0.006 0.008 0.003 0.005 0.003 0.002 0.004 0.003 0.004 0.006 0.004 0.009 
>Sequence
Normalized_weight: 0.026
P     T     N     V     V     H     G     M     H     V     S     K     N     Q     L     T     G     H     L     E     -     -     G     L     P     K     P     W     I     R     M     M     D     -     A     M     I     T     H     D     E     Q     S     K     -     -     N     P     E     A     A     Y     Q     A     V     K     F     Y     -     -     S     Y     K     K     K     D     -     -     -     A     S     E     P     F     K     P     F     -     -     
0.009 0.006 0.007 0.042 0.011 0.008 0.038 0.050 0.008 0.005 0.067 0.143 0.056 0.020 0.077 0.004 0.004 0.083 0.067 0.024 0.004 0.006 0.006 0.005 0.009 0.008 0.033 0.009 0.038 0.005 0.048 0.100 0.012 0.011 0.013 0.045 0.004 0.004 0.091 0.017 0.005 0.003 0.077 0.004 0.004 0.006 0.004 0.003 0.012 0.003 0.062 0.011 0.021 0.020 0.025 0.007 0.003 0.003 0.006 0.006 0.008 0.100 0.011 0.008 0.006 0.077 0.006 0.006 0.008 0.083 0.011 0.013 0.083 0.024 0.025 0.071 0.013 0.004 0.009 
>Sequence
Normalized_weight: 0.018
P     F     N     A     K     H     L     A     H     V     G     I     D     -     D     N     G     S     Y     T     -     -     G     L     P     I     E     W     E     R     L     L     S     A     S     G     I     T     K     K     E     Q     Q     Q     -     -     H     P     Q     A     V     M     D     I     V     A     F     Y     -     -     Q     D     T     S     E     N     -     -     -     D     D     A     A     F     K     K     F     H     -     
0.009 0.013 0.007 0.042 0.008 0.008 0.026 0.100 0.008 0.005 0.004 0.029 0.006 0.100 0.019 0.020 0.004 0.028 0.025 0.004 0.004 0.006 0.006 0.005 0.009 0.077 0.004 0.009 0.009 0.005 0.003 0.005 0.017 0.013 0.004 0.004 0.004 0.004 0.003 0.010 0.005 0.003 0.019 0.015 0.004 0.006 0.016 0.003 0.004 0.003 0.003 0.028 0.002 0.016 0.025 0.033 0.003 0.003 0.006 0.006 0.011 0.009 0.019 0.077 0.015 0.011 0.006 0.006 0.008 0.017 0.022 0.100 0.083 0.024 0.025 0.036 0.013 0.056 0.009 
>Sequence
Normalized_weight: 0.010
P     T     N     F     T     H     K     V     H     V     G     F     D     P     E     T     G     S     F     V     -     -     G     M     P     T     N     W     E     N     L     L     K     H     S     R     I     T     G     E     D     W     N     N     -     -     D     S     A     A     V     I     Q     V     L     Q     F     Y     -     -     Q     -     -     -     -     -     -     -     -     -     -     -     -     -     -     -     -     -     -     
0.009 0.006 0.007 0.003 0.018 0.008 0.013 0.004 0.008 0.005 0.004 0.004 0.006 0.004 0.011 0.004 0.004 0.028 0.004 0.013 0.004 0.006 0.006 0.013 0.009 0.026 0.050 0.009 0.009 0.023 0.003 0.005 0.008 0.013 0.004 0.045 0.004 0.004 0.045 0.005 0.009 0.019 0.026 0.023 0.004 0.006 0.019 0.014 0.037 0.003 0.003 0.010 0.021 0.005 0.006 0.010 0.003 0.003 0.006 0.006 0.011 0.005 0.004 0.004 0.004 0.003 0.006 0.006 0.008 0.003 0.005 0.003 0.002 0.004 0.003 0.004 0.006 0.004 0.009 
>Sequence
Normalized_weight: 0.016
P     Y     D     P     V     H     V     T     H     V     G     F     D     F     Q     T     G     K     Y     T     -     -     G     M     P     P     K     W     Q     Q     V     L     D     D     N     G     I     T     Q     D     E     Q     E     R     -     -     N     P     N     G     V     M     A     V     V     Q     Y     -     -     -     -     -     -     -     -     -     -     -     -     -     -     -     -     -     -     -     -     -     -     
0.009 0.025 0.026 0.018 0.011 0.008 0.009 0.013 0.008 0.005 0.004 0.004 0.006 0.100 0.006 0.004 0.004 0.008 0.025 0.004 0.004 0.006 0.006 0.013 0.009 0.005 0.100 0.009 0.006 0.023 0.143 0.005 0.012 0.017 0.048 0.004 0.004 0.004 0.023 0.017 0.005 0.003 0.010 0.010 0.004 0.006 0.004 0.003 0.056 0.091 0.003 0.028 0.083 0.005 0.025 0.010 0.037 0.009 0.006 0.006 0.005 0.005 0.004 0.004 0.004 0.003 0.006 0.006 0.008 0.003 0.005 0.003 0.002 0.004 0.003 0.004 0.006 0.004 0.009 
>Sequence
Normalized_weight: 0.025
P     F     N     L     K     H     E     V     H     V     D     F     N     S     A     T     G     -     F     S     -     -     G     L     P     K     E     W     E     V     I     L     K     S     S     N     V     S     K     Q     E     V     L     D     -     -     K     P     S     E     W     L     S     V     L     E     F     Q     -     -     A     T     M     E     K     S     -     -     -     N     S     Q     N     L     S     A     L     P     D     
0.009 0.013 0.007 0.062 0.008 0.008 0.013 0.004 0.008 0.005 0.200 0.004 0.056 0.010 0.013 0.004 0.004 0.007 0.004 0.071 0.004 0.006 0.006 0.005 0.009 0.008 0.004 0.009 0.009 0.030 0.024 0.005 0.008 0.005 0.004 0.007 0.100 0.006 0.003 0.014 0.005 0.026 0.026 0.013 0.004 0.006 0.111 0.003 0.028 0.045 0.125 0.006 0.042 0.005 0.006 0.009 0.003 0.025 0.006 0.006 0.045 0.020 0.038 0.015 0.006 0.007 0.006 0.006 0.008 0.008 0.011 0.006 0.083 0.048 0.050 0.143 0.083 0.083 0.050 
>Sequence
Normalized_weight: 0.017
P     T     N     F     K     R     E     M     H     I     G     F     D     S     Q     T     G     T     F     E     -     -     G     L     P     E     E     W     K     I     M     L     G     T     S     G     L     S     Q     K     E     I     E     S     -     -     D     P     K     T     L     V     E     V     M     Q     F     Q     -     -     Q     -     -     -     -     -     -     -     -     -     -     -     -     -     -     -     -     -     -     
0.009 0.006 0.007 0.003 0.008 0.167 0.013 0.050 0.008 0.042 0.004 0.004 0.006 0.010 0.006 0.004 0.004 0.042 0.004 0.024 0.004 0.006 0.006 0.005 0.009 0.005 0.004 0.009 0.011 0.091 0.048 0.005 0.021 0.006 0.004 0.004 0.200 0.006 0.023 0.010 0.005 0.077 0.010 0.045 0.004 0.006 0.019 0.003 0.009 0.023 0.021 0.012 0.009 0.005 0.067 0.010 0.003 0.025 0.006 0.006 0.011 0.005 0.004 0.004 0.004 0.003 0.006 0.006 0.008 0.003 0.005 0.003 0.002 0.004 0.003 0.004 0.006 0.004 0.009 
>Sequence
Normalized_weight: 0.019
P     F     N     V     K     H     N     I     H     V     N     Y     H     S     V     T     G     -     F     E     -     -     G     L     P     K     E     W     E     V     I     L     Q     S     S     G     I     T     R     E     D     V     V     E     -     -     H     S     E     V     V     I     D     V     L     D     F     H     -     -     M     L     N     N     P     K     -     -     -     P     P     -     -     -     -     -     -     -     -     
0.009 0.013 0.007 0.042 0.008 0.008 0.077 0.009 0.008 0.005 0.067 0.020 0.333 0.010 0.008 0.004 0.004 0.007 0.004 0.024 0.004 0.006 0.006 0.005 0.009 0.008 0.004 0.009 0.009 0.030 0.024 0.005 0.005 0.005 0.004 0.004 0.004 0.004 0.015 0.005 0.009 0.026 0.038 0.013 0.004 0.006 0.016 0.014 0.012 0.015 0.003 0.010 0.002 0.005 0.006 0.020 0.003 0.062 0.006 0.006 0.091 0.100 0.019 0.019 0.019 0.038 0.006 0.006 0.008 0.028 0.037 0.003 0.002 0.004 0.003 0.004 0.006 0.004 0.009 
>Sequence
Normalized_weight: 0.026
P     Y     N     T     V     H     R     V     H     V     G     Y     D     G     Q     -     -     K     F     S     -     -     G     L     P     Q     P     W     M     D     I     L     -     L     R     D     I     S     L     A     D     Q     K     S     -     -     N     P     N     A     V     V     T     A     L     K     F     Y     -     -     Q     S     M     K     E     N     -     -     -     E     K     T     K     F     M     T     -     -     -     
0.009 0.025 0.007 0.125 0.011 0.008 0.007 0.004 0.008 0.005 0.004 0.020 0.006 0.100 0.006 0.143 0.250 0.008 0.004 0.071 0.004 0.006 0.006 0.005 0.009 0.026 0.033 0.009 0.077 0.091 0.024 0.005 0.021 0.033 0.071 0.091 0.004 0.006 0.091 0.014 0.009 0.003 0.004 0.045 0.004 0.006 0.004 0.003 0.056 0.003 0.003 0.012 0.083 0.020 0.006 0.007 0.003 0.003 0.006 0.006 0.011 0.008 0.038 0.008 0.015 0.011 0.006 0.006 0.008 0.017 0.028 0.100 0.006 0.024 0.008 0.036 0.006 0.004 0.009 
>Sequence
Normalized_weight: 0.016
P     F     N     V     K     H     D     V     H     V     N     F     N     A     D     T     G     -     F     E     -     -     G     L     P     K     E     W     E     V     L     I     K     -     S     N     F     Q     E     P     E     V     M     Q     -     -     H     P     E     E     V     L     D     V     V     K     F     H     -     -     A     Q     -     -     -     -     -     -     -     -     -     -     -     -     -     -     -     -     -     
0.009 0.013 0.007 0.042 0.008 0.008 0.077 0.004 0.008 0.005 0.067 0.004 0.056 0.008 0.019 0.004 0.004 0.007 0.004 0.024 0.004 0.006 0.006 0.005 0.009 0.008 0.004 0.009 0.009 0.030 0.003 0.029 0.008 0.011 0.004 0.007 0.200 0.125 0.010 0.021 0.005 0.026 0.015 0.015 0.004 0.006 0.016 0.003 0.012 0.045 0.003 0.006 0.002 0.005 0.025 0.007 0.003 0.062 0.006 0.006 0.045 0.020 0.004 0.004 0.004 0.003 0.006 0.006 0.008 0.003 0.005 0.003 0.002 0.004 0.003 0.004 0.006 0.004 0.009 
>Sequence
Normalized_weight: 0.015
P     S     N     F     E     H     R     I     H     A     G     F     D     A     R     T     G     T     Y     T     -     -     G     L     P     K     Q     W     Q     A     L     L     G     P     R     S     I     S     R     P     K     P     M     V     -     -     D     P     S     C     I     T     P     V     -     -     -     -     -     -     -     -     -     -     -     -     -     -     -     -     -     -     -     -     -     -     -     -     -     
0.009 0.006 0.007 0.003 0.006 0.008 0.007 0.009 0.008 0.250 0.004 0.004 0.006 0.008 0.015 0.004 0.004 0.042 0.025 0.004 0.004 0.006 0.006 0.005 0.009 0.008 0.004 0.009 0.006 0.045 0.003 0.005 0.021 0.067 0.071 0.045 0.004 0.006 0.015 0.021 0.056 0.019 0.015 0.030 0.004 0.006 0.019 0.003 0.028 0.030 0.010 0.037 0.028 0.005 0.015 0.008 0.009 0.009 0.006 0.006 0.005 0.005 0.004 0.004 0.004 0.003 0.006 0.006 0.008 0.003 0.005 0.003 0.002 0.004 0.003 0.004 0.006 0.004 0.009 
>Sequence
Normalized_weight: 0.010
P     S     N     F     E     H     R     V     H     T     G     F     D     Q     H     E     Q     K     F     T     -     -     G     L     P     R     Q     W     Q     S     L     I     -     -     -     -     -     -     -     E     E     S     A     R     -     -     R     P     K     P     L     I     D     -     -     -     -     -     -     -     -     -     -     -     -     -     -     -     -     -     -     -     -     -     -     -     -     -     -     
0.009 0.006 0.007 0.003 0.006 0.008 0.007 0.004 0.008 0.031 0.004 0.004 0.006 0.020 0.038 0.016 0.042 0.008 0.004 0.004 0.004 0.006 0.006 0.005 0.009 0.019 0.004 0.009 0.006 0.009 0.003 0.029 0.021 0.011 0.036 0.018 0.029 0.025 0.015 0.005 0.005 0.026 0.009 0.010 0.004 0.006 0.028 0.003 0.009 0.023 0.021 0.010 0.002 0.014 0.015 0.008 0.009 0.009 0.006 0.006 0.005 0.005 0.004 0.004 0.004 0.003 0.006 0.006 0.008 0.003 0.005 0.003 0.002 0.004 0.003 0.004 0.006 0.004 0.009 
>Sequence
Normalized_weight: 0.010
P     S     N     F     E     H     R     V     H     T     G     F     D     Q     H     E     Q     K     F     T     -     -     G     L     P     R     Q     W     Q     S     L     I     -     -     -     -     -     -     -     E     E     S     A     R     -     -     R     P     K     P     L     V     D     -     -     -     -     -     -     -     -     -     -     -     -     -     -     -     -     -     -     -     -     -     -     -     -     -     -     
0.009 0.006 0.007 0.003 0.006 0.008 0.007 0.004 0.008 0.031 0.004 0.004 0.006 0.020 0.038 0.016 0.042 0.008 0.004 0.004 0.004 0.006 0.006 0.005 0.009 0.019 0.004 0.009 0.006 0.009 0.003 0.029 0.021 0.011 0.036 0.018 0.029 0.025 0.015 0.005 0.005 0.026 0.009 0.010 0.004 0.006 0.028 0.003 0.009 0.023 0.021 0.012 0.002 0.014 0.015 0.008 0.009 0.009 0.006 0.006 0.005 0.005 0.004 0.004 0.004 0.003 0.006 0.006 0.008 0.003 0.005 0.003 0.002 0.004 0.003 0.004 0.006 0.004 0.009 
>Sequence
Normalized_weight: 0.010
P     S     N     F     E     H     R     V     H     T     G     F     D     Q     Q     E     Q     K     F     T     -     -     G     L     P     R     Q     W     Q     S     L     I     -     -     -     -     -     -     -     E     E     S     A     K     -     -     R     P     K     P     L     V     D     -     -     -     -     -     -     -     -     -     -     -     -     -     -     -     -     -     -     -     -     -     -     -     -     -     -     
0.009 0.006 0.007 0.003 0.006 0.008 0.007 0.004 0.008 0.031 0.004 0.004 0.006 0.020 0.006 0.016 0.042 0.008 0.004 0.004 0.004 0.006 0.006 0.005 0.009 0.019 0.004 0.009 0.006 0.009 0.003 0.029 0.021 0.011 0.036 0.018 0.029 0.025 0.015 0.005 0.005 0.026 0.009 0.004 0.004 0.006 0.028 0.003 0.009 0.023 0.021 0.012 0.002 0.014 0.015 0.008 0.009 0.009 0.006 0.006 0.005 0.005 0.004 0.004 0.004 0.003 0.006 0.006 0.008 0.003 0.005 0.003 0.002 0.004 0.003 0.004 0.006 0.004 0.009 
>Sequence
Normalized_weight: 0.015
P     S     N     F     E     H     R     V     H     T     G     F     D     K     R     E     G     R     Y     V     -     -     G     L     P     L     Q     W     A     S     I     V     G     N     N     Q     I     L     K     S     S     N     R     P     -     -     L     P     -     -     -     -     -     -     -     -     -     -     -     -     -     -     -     -     -     -     -     -     -     -     -     -     -     -     -     -     -     -     -     
0.009 0.006 0.007 0.003 0.006 0.008 0.007 0.004 0.008 0.031 0.004 0.004 0.006 0.025 0.015 0.016 0.004 0.083 0.025 0.013 0.004 0.006 0.006 0.005 0.009 0.038 0.004 0.009 0.005 0.009 0.024 0.100 0.021 0.013 0.048 0.023 0.004 0.042 0.003 0.012 0.083 0.038 0.019 0.045 0.004 0.006 0.056 0.003 0.022 0.018 0.025 0.019 0.014 0.014 0.015 0.008 0.009 0.009 0.006 0.006 0.005 0.005 0.004 0.004 0.004 0.003 0.006 0.006 0.008 0.003 0.005 0.003 0.002 0.004 0.003 0.004 0.006 0.004 0.009 
>Sequence
Normalized_weight: 0.013
P     S     N     F     E     H     R     V     H     T     G     F     D     P     Q     E     Q     K     F     T     -     -     G     L     P     Q     Q     W     H     S     L     L     A     D     T     A     -     N     R     P     K     P     M     V     -     -     D     P     S     C     I     T     P     I     -     -     -     -     -     -     -     -     -     -     -     -     -     -     -     -     -     -     -     -     -     -     -     -     -     
0.009 0.006 0.007 0.003 0.006 0.008 0.007 0.004 0.008 0.031 0.004 0.004 0.006 0.004 0.006 0.016 0.042 0.008 0.004 0.004 0.004 0.006 0.006 0.005 0.009 0.026 0.004 0.009 0.038 0.009 0.003 0.005 0.028 0.017 0.071 0.008 0.029 0.062 0.015 0.021 0.056 0.019 0.015 0.030 0.004 0.006 0.019 0.003 0.028 0.030 0.010 0.037 0.028 0.016 0.015 0.008 0.009 0.009 0.006 0.006 0.005 0.005 0.004 0.004 0.004 0.003 0.006 0.006 0.008 0.003 0.005 0.003 0.002 0.004 0.003 0.004 0.006 0.004 0.009 
>Sequence
Normalized_weight: 0.013
P     S     N     F     E     H     R     V     H     T     G     F     D     A     Q     E     Q     K     F     T     -     -     G     L     P     Q     Q     W     H     S     L     L     A     D     T     A     -     N     R     P     K     P     M     V     -     -     D     P     S     C     I     T     P     I     -     -     -     -     -     -     -     -     -     -     -     -     -     -     -     -     -     -     -     -     -     -     -     -     -     
0.009 0.006 0.007 0.003 0.006 0.008 0.007 0.004 0.008 0.031 0.004 0.004 0.006 0.008 0.006 0.016 0.042 0.008 0.004 0.004 0.004 0.006 0.006 0.005 0.009 0.026 0.004 0.009 0.038 0.009 0.003 0.005 0.028 0.017 0.071 0.008 0.029 0.062 0.015 0.021 0.056 0.019 0.015 0.030 0.004 0.006 0.019 0.003 0.028 0.030 0.010 0.037 0.028 0.016 0.015 0.008 0.009 0.009 0.006 0.006 0.005 0.005 0.004 0.004 0.004 0.003 0.006 0.006 0.008 0.003 0.005 0.003 0.002 0.004 0.003 0.004 0.006 0.004 0.009 
>Sequence
Normalized_weight: 0.012
P     Q     N     F     Q     H     R     V     H     T     S     F     D     P     K     E     G     K     F     V     -     -     G     L     P     P     Q     W     Q     N     I     L     D     T     -     -     -     -     -     -     -     -     L     R     -     -     R     P     K     P     V     V     D     -     -     -     -     -     -     -     -     -     -     -     -     -     -     -     -     -     -     -     -     -     -     -     -     -     -     
0.009 0.125 0.007 0.003 0.025 0.008 0.007 0.004 0.008 0.031 0.067 0.004 0.006 0.004 0.009 0.016 0.004 0.008 0.004 0.013 0.004 0.006 0.006 0.005 0.009 0.005 0.004 0.009 0.006 0.023 0.024 0.005 0.012 0.006 0.036 0.018 0.029 0.025 0.015 0.028 0.056 0.015 0.026 0.010 0.004 0.006 0.028 0.003 0.009 0.023 0.003 0.012 0.002 0.014 0.015 0.008 0.009 0.009 0.006 0.006 0.005 0.005 0.004 0.004 0.004 0.003 0.006 0.006 0.008 0.003 0.005 0.003 0.002 0.004 0.003 0.004 0.006 0.004 0.009 
>Sequence
Normalized_weight: 0.017
P     S     N     F     E     H     R     V     H     T     G     F     D     K     R     E     N     K     Y     V     -     -     G     L     P     L     Q     W     A     S     I     V     G     N     N     Q     I     L     K     S     S     N     R     P     -     -     L     P     -     -     -     -     -     -     -     -     -     -     -     -     -     -     -     -     -     -     -     -     -     -     -     -     -     -     -     -     -     -     -     
0.009 0.006 0.007 0.003 0.006 0.008 0.007 0.004 0.008 0.031 0.004 0.004 0.006 0.025 0.015 0.016 0.250 0.008 0.025 0.013 0.004 0.006 0.006 0.005 0.009 0.038 0.004 0.009 0.005 0.009 0.024 0.100 0.021 0.013 0.048 0.023 0.004 0.042 0.003 0.012 0.083 0.038 0.019 0.045 0.004 0.006 0.056 0.003 0.022 0.018 0.025 0.019 0.014 0.014 0.015 0.008 0.009 0.009 0.006 0.006 0.005 0.005 0.004 0.004 0.004 0.003 0.006 0.006 0.008 0.003 0.005 0.003 0.002 0.004 0.003 0.004 0.006 0.004 0.009 
>Sequence
Normalized_weight: 0.023
P     F     D     L     K     R     G     I     S     V     R     Y     D     P     Q     T     G     K     F     T     -     -     G     L     P     E     E     W     Q     K     L     I     P     E     S     M     I     S     -     -     -     -     -     -     -     -     -     -     -     -     -     -     -     -     -     -     -     -     -     -     -     -     -     -     -     -     -     -     -     -     -     -     -     -     -     -     -     -     -     
0.009 0.013 0.026 0.062 0.008 0.167 0.038 0.009 0.500 0.005 0.200 0.020 0.006 0.004 0.006 0.004 0.004 0.008 0.004 0.004 0.004 0.006 0.006 0.005 0.009 0.005 0.004 0.009 0.006 0.005 0.003 0.029 0.083 0.013 0.004 0.045 0.004 0.006 0.015 0.028 0.056 0.015 0.026 0.030 0.004 0.006 0.037 0.042 0.022 0.018 0.025 0.019 0.014 0.014 0.015 0.008 0.009 0.009 0.006 0.006 0.005 0.005 0.004 0.004 0.004 0.003 0.006 0.006 0.008 0.003 0.005 0.003 0.002 0.004 0.003 0.004 0.006 0.004 0.009 
>Sequence
Normalized_weight: 0.013
P     T     N     F     K     H     E     S     H     I     G     W     D     P     E     N     G     D     I     K     -     -     N     I     P     P     D     W     R     K     L     F     Q     S     A     G     I     K     K     S     E     -     -     -     -     -     -     -     -     -     -     -     -     -     -     -     -     -     -     -     -     -     -     -     -     -     -     -     -     -     -     -     -     -     -     -     -     -     -     
0.009 0.006 0.007 0.003 0.008 0.008 0.013 0.017 0.008 0.042 0.004 0.013 0.006 0.004 0.011 0.020 0.004 0.042 0.100 0.071 0.004 0.006 0.033 0.033 0.009 0.005 0.017 0.009 0.015 0.005 0.003 0.018 0.005 0.005 0.013 0.004 0.004 0.031 0.003 0.012 0.005 0.015 0.026 0.030 0.004 0.006 0.037 0.042 0.022 0.018 0.025 0.019 0.014 0.014 0.015 0.008 0.009 0.009 0.006 0.006 0.005 0.005 0.004 0.004 0.004 0.003 0.006 0.006 0.008 0.003 0.005 0.003 0.002 0.004 0.003 0.004 0.006 0.004 0.009 
>Sequence
Normalized_weight: 0.012
P     T     D     F     K     H     E     S     H     I     G     W     D     K     E     N     G     E     I     K     -     -     N     I     P     P     E     W     R     Q     L     F     Q     A     A     G     I     K     K     K     D     -     L     K     -     -     N     P     E     T     V     -     -     -     -     -     -     -     -     -     -     -     -     -     -     -     -     -     -     -     -     -     -     -     -     -     -     -     -     
0.009 0.006 0.026 0.003 0.008 0.008 0.013 0.017 0.008 0.042 0.004 0.013 0.006 0.025 0.011 0.020 0.004 0.004 0.100 0.071 0.004 0.006 0.033 0.033 0.009 0.005 0.004 0.009 0.015 0.023 0.003 0.018 0.005 0.013 0.013 0.004 0.004 0.031 0.003 0.010 0.009 0.015 0.026 0.004 0.004 0.006 0.004 0.003 0.012 0.023 0.003 0.019 0.014 0.014 0.015 0.008 0.009 0.009 0.006 0.006 0.005 0.005 0.004 0.004 0.004 0.003 0.006 0.006 0.008 0.003 0.005 0.003 0.002 0.004 0.003 0.004 0.006 0.004 0.009 
>Sequence
Normalized_weight: 0.019
P     F     G     F     A     H     I     T     H     V     N     F     D     S     S     N     Q     E     L     T     -     -     G     L     P     R     D     W     G     K     T     L     K     R     S     -     -     -     -     -     -     -     -     -     -     -     -     -     -     -     -     -     -     -     -     -     -     -     -     -     -     -     -     -     -     -     -     -     -     -     -     -     -     -     -     -     -     -     -     
0.009 0.013 0.056 0.003 0.125 0.008 0.010 0.013 0.008 0.005 0.067 0.004 0.006 0.010 0.077 0.020 0.042 0.004 0.067 0.004 0.004 0.006 0.006 0.005 0.009 0.019 0.017 0.009 0.077 0.005 0.143 0.005 0.008 0.033 0.004 0.018 0.029 0.025 0.015 0.028 0.056 0.015 0.026 0.030 0.004 0.006 0.037 0.042 0.022 0.018 0.025 0.019 0.014 0.014 0.015 0.008 0.009 0.009 0.006 0.006 0.005 0.005 0.004 0.004 0.004 0.003 0.006 0.006 0.008 0.003 0.005 0.003 0.002 0.004 0.003 0.004 0.006 0.004 0.009 
>Sequence
Normalized_weight: 0.020
-     S     N     F     Q     H     I     G     H     V     G     W     D     P     N     T     G     -     F     D     L     N     N     L     D     P     E     L     K     N     L     F     D     M     C     G     I     S     E     A     Q     L     K     D     R     E     T     S     K     V     I     Y     D     F     I     E     K     T     G     G     V     E     A     V     K     N     E     L     R     R     Q     -     -     -     -     -     -     -     -     
0.050 0.006 0.007 0.003 0.025 0.008 0.010 0.025 0.008 0.005 0.004 0.013 0.006 0.004 0.013 0.004 0.004 0.007 0.004 0.018 0.050 0.048 0.033 0.005 0.071 0.005 0.004 0.071 0.011 0.023 0.003 0.018 0.012 0.022 0.036 0.004 0.004 0.006 0.010 0.014 0.033 0.009 0.004 0.013 0.067 0.042 0.012 0.014 0.009 0.015 0.010 0.011 0.002 0.024 0.020 0.009 0.028 0.042 0.056 0.056 0.023 0.020 0.011 0.011 0.006 0.011 0.067 0.111 0.083 0.014 0.019 0.003 0.002 0.004 0.003 0.004 0.006 0.004 0.009 
>Sequence
Normalized_weight: 0.021
-     S     N     F     R     H     V     G     H     V     G     W     D     P     N     T     G     -     F     D     L     N     N     L     D     P     D     L     K     K     L     F     D     M     C     G     I     S     E     D     E     L     K     D     K     E     T     S     K     V     I     Y     D     L     I     E     K     Q     G     G     V     E     A     V     K     N     E     M     R     R     Q     -     -     -     -     -     -     -     -     
0.050 0.006 0.007 0.003 0.125 0.008 0.009 0.025 0.008 0.005 0.004 0.013 0.006 0.004 0.013 0.004 0.004 0.007 0.004 0.018 0.050 0.048 0.033 0.005 0.071 0.005 0.017 0.071 0.011 0.005 0.003 0.018 0.012 0.022 0.036 0.004 0.004 0.006 0.010 0.017 0.005 0.009 0.004 0.013 0.067 0.042 0.012 0.014 0.009 0.015 0.010 0.011 0.002 0.071 0.020 0.009 0.028 0.025 0.056 0.056 0.023 0.020 0.011 0.011 0.006 0.011 0.067 0.111 0.083 0.014 0.019 0.003 0.002 0.004 0.003 0.004 0.006 0.004 0.009 
>Sequence
Normalized_weight: 0.020
-     S     N     F     Q     H     I     G     H     V     G     W     D     P     N     T     G     -     F     D     V     N     N     L     D     P     E     L     K     K     L     F     D     L     C     G     I     S     E     A     Q     L     K     D     K     E     T     S     K     V     I     Y     D     F     I     E     K     T     G     G     V     E     A     V     K     N     E     L     R     R     Q     -     -     -     -     -     -     -     -     
0.050 0.006 0.007 0.003 0.025 0.008 0.010 0.025 0.008 0.005 0.004 0.013 0.006 0.004 0.013 0.004 0.004 0.007 0.004 0.018 0.100 0.048 0.033 0.005 0.071 0.005 0.004 0.071 0.011 0.005 0.003 0.018 0.012 0.033 0.036 0.004 0.004 0.006 0.010 0.014 0.033 0.009 0.004 0.013 0.067 0.042 0.012 0.014 0.009 0.015 0.010 0.011 0.002 0.024 0.020 0.009 0.028 0.042 0.056 0.056 0.023 0.020 0.011 0.011 0.006 0.011 0.067 0.111 0.083 0.014 0.019 0.003 0.002 0.004 0.003 0.004 0.006 0.004 0.009 
>Sequence
Normalized_weight: 0.030
-     S     G     F     K     H     V     T     H     I     G     W     D     P     N     S     G     -     F     D     T     N     N     L     D     P     D     L     K     K     L     F     N     I     A     G     I     S     D     A     Q     L     A     D     K     E     T     S     K     L     I     Y     D     F     I     E     Q     S     G     G     L     D     A     V     K     E     G     M     R     K     Q     -     -     -     -     -     -     -     -     
0.050 0.006 0.056 0.003 0.008 0.008 0.009 0.013 0.008 0.042 0.004 0.013 0.006 0.004 0.013 0.020 0.004 0.007 0.004 0.018 0.200 0.048 0.033 0.005 0.071 0.005 0.017 0.071 0.011 0.005 0.003 0.018 0.017 0.067 0.013 0.004 0.004 0.006 0.091 0.014 0.033 0.009 0.009 0.013 0.067 0.042 0.012 0.014 0.009 0.045 0.010 0.011 0.002 0.024 0.020 0.009 0.111 0.125 0.056 0.056 0.030 0.009 0.011 0.011 0.006 0.038 0.333 0.111 0.083 0.021 0.019 0.003 0.002 0.004 0.003 0.004 0.006 0.004 0.009 
>Sequence
Normalized_weight: 0.023
-     S     N     F     Q     H     I     G     H     V     G     W     D     P     N     T     G     -     S     D     L     N     N     L     D     P     E     L     K     N     L     F     D     M     C     G     I     L     E     A     Q     L     K     E     R     E     T     L     K     V     I     Y     D     F     I     E     K     T     G     G     V     E     A     V     K     N     E     L     R     R     Q     -     -     -     -     -     -     -     -     
0.050 0.006 0.007 0.003 0.025 0.008 0.010 0.025 0.008 0.005 0.004 0.013 0.006 0.004 0.013 0.004 0.004 0.007 0.100 0.018 0.050 0.048 0.033 0.005 0.071 0.005 0.004 0.071 0.011 0.023 0.003 0.018 0.012 0.022 0.036 0.004 0.004 0.042 0.010 0.014 0.033 0.009 0.004 0.013 0.067 0.042 0.012 0.125 0.009 0.015 0.010 0.011 0.002 0.024 0.020 0.009 0.028 0.042 0.056 0.056 0.023 0.020 0.011 0.011 0.006 0.011 0.067 0.111 0.083 0.014 0.019 0.003 0.002 0.004 0.003 0.004 0.006 0.004 0.009 
>Sequence
Normalized_weight: 0.018
-     T     N     F     K     H     E     S     H     I     G     W     D     P     E     N     G     -     F     D     I     K     N     I     P     P     D     W     R     K     L     F     Q     S     A     G     I     K     K     S     E     L     K     N     A     E     T     A     Q     F     I     V     N     I     I     G     E     Q     -     -     -     -     -     -     -     -     -     -     -     -     -     -     -     -     -     -     -     -     -     
0.050 0.006 0.007 0.003 0.008 0.008 0.013 0.017 0.008 0.042 0.004 0.013 0.006 0.004 0.011 0.020 0.004 0.007 0.004 0.018 0.100 0.167 0.033 0.033 0.009 0.005 0.017 0.009 0.015 0.005 0.003 0.018 0.005 0.005 0.013 0.004 0.004 0.031 0.003 0.012 0.005 0.009 0.004 0.023 0.100 0.042 0.012 0.125 0.004 0.030 0.010 0.012 0.042 0.016 0.020 0.050 0.056 0.025 0.006 0.006 0.005 0.005 0.004 0.004 0.004 0.003 0.006 0.006 0.008 0.003 0.005 0.003 0.002 0.004 0.003 0.004 0.006 0.004 0.009 
>Sequence
Normalized_weight: 0.021
-     T     D     F     K     H     E     S     H     I     G     W     D     K     E     N     G     -     F     E     I     K     N     I     P     P     E     W     R     Q     L     F     Q     A     A     G     I     K     K     K     D     L     K     N     P     E     T     V     Q     F     I     Y     S     I     I     G     E     N     -     -     -     -     -     -     -     -     -     -     -     -     -     -     -     -     -     -     -     -     -     
0.050 0.006 0.026 0.003 0.008 0.008 0.013 0.017 0.008 0.042 0.004 0.013 0.006 0.025 0.011 0.020 0.004 0.007 0.004 0.024 0.100 0.167 0.033 0.033 0.009 0.005 0.004 0.009 0.015 0.023 0.003 0.018 0.005 0.013 0.013 0.004 0.004 0.031 0.003 0.010 0.009 0.009 0.004 0.023 0.200 0.042 0.012 0.125 0.004 0.030 0.010 0.011 0.042 0.016 0.020 0.050 0.056 0.062 0.006 0.006 0.005 0.005 0.004 0.004 0.004 0.003 0.006 0.006 0.008 0.003 0.005 0.003 0.002 0.004 0.003 0.004 0.006 0.004 0.009 
>Sequence
Normalized_weight: 0.047
-     T     N     F     V     H     L     S     H     V     G     W     D     A     Q     K     G     -     F     D     L     N     E     N     D     E     V     L     N     E     F     F     V     K     A     G     V     S     E     V     E     L     K     D     R     D     T     R     A     F     I     Y     D     F     I     Q     S     N     N     V     L     A     S     V     K     Q     -     -     -     -     -     -     -     -     -     -     -     -     -     
0.050 0.006 0.007 0.003 0.011 0.008 0.026 0.017 0.008 0.005 0.004 0.013 0.006 0.008 0.006 0.143 0.004 0.007 0.004 0.018 0.050 0.048 0.333 0.200 0.071 0.005 0.100 0.071 0.077 0.091 0.143 0.018 0.083 0.067 0.013 0.004 0.100 0.006 0.010 0.083 0.005 0.009 0.004 0.013 0.067 0.333 0.012 0.125 0.037 0.030 0.010 0.011 0.002 0.024 0.020 0.010 0.111 0.062 0.333 0.333 0.030 0.100 0.038 0.011 0.006 0.019 0.006 0.006 0.008 0.003 0.005 0.003 0.002 0.004 0.003 0.004 0.006 0.004 0.009 
