>Sequence
Normalized_weight: 0.038
-     -     -     -     -     -     -     -     -     -     -     E     L     T     P     A     V     T     T     Y     K     L     V     I     N     G     K     -     T     L     K     G     E     T     T     T     K     A     V     D     A     E     T     A     E     K     A     F     K     Q     Y     A     N     D     N     -     -     -     G     V     D     G     V     W     T     Y     D     D     A     T     K     T     F     T     V     T     E     M     V     T     E     V     P     V     A     
0.015 0.015 0.017 0.011 0.012 0.012 0.011 0.013 0.010 0.010 0.008 0.016 0.025 0.020 0.025 0.028 0.083 0.014 0.008 0.015 0.011 0.011 0.022 0.019 0.015 0.009 0.013 0.016 0.014 0.013 0.017 0.013 0.013 0.011 0.018 0.017 0.022 0.024 0.018 0.016 0.013 0.031 0.013 0.029 0.010 0.013 0.021 0.013 0.012 0.009 0.010 0.008 0.011 0.011 0.017 0.012 0.024 0.012 0.014 0.020 0.010 0.016 0.062 0.010 0.015 0.013 0.009 0.006 0.013 0.011 0.008 0.008 0.009 0.017 0.017 0.013 0.017 0.167 0.125 0.167 0.125 0.250 0.125 0.500 0.500 
>Sequence
Normalized_weight: 0.015
-     -     -     -     -     -     -     -     -     -     -     -     -     -     -     -     -     M     T     Y     K     L     I     L     N     G     K     -     T     L     K     G     E     T     T     T     E     A     V     D     A     A     T     A     E     K     V     F     K     Q     Y     A     N     D     N     -     -     -     G     V     D     G     E     W     T     Y     D     D     A     T     K     T     F     T     V     T     E     -     -     -     -     -     -     -     -     
0.015 0.015 0.017 0.011 0.012 0.012 0.011 0.013 0.010 0.010 0.008 0.017 0.017 0.013 0.017 0.030 0.024 0.067 0.008 0.015 0.011 0.011 0.020 0.016 0.015 0.009 0.013 0.016 0.014 0.013 0.017 0.013 0.013 0.011 0.018 0.017 0.045 0.024 0.018 0.016 0.013 0.028 0.013 0.029 0.010 0.013 0.014 0.013 0.012 0.009 0.010 0.008 0.011 0.011 0.017 0.012 0.024 0.012 0.014 0.020 0.010 0.016 0.016 0.010 0.015 0.013 0.009 0.006 0.013 0.011 0.008 0.008 0.009 0.017 0.017 0.013 0.017 0.020 0.014 0.011 0.017 0.008 0.017 0.015 0.015 
>Sequence
Normalized_weight: 0.024
-     -     -     -     -     -     -     -     -     -     -     -     -     -     -     -     M     T     T     F     K     L     I     I     N     G     K     -     T     L     K     G     E     I     T     I     E     A     V     D     A     A     E     A     E     K     I     F     K     Q     Y     A     N     D     N     -     -     -     G     I     D     G     E     W     T     Y     D     D     A     T     K     T     F     T     V     T     E     -     -     -     -     -     -     -     -     
0.015 0.015 0.017 0.011 0.012 0.012 0.011 0.013 0.010 0.010 0.008 0.017 0.017 0.013 0.017 0.030 0.042 0.014 0.008 0.083 0.011 0.011 0.020 0.019 0.015 0.009 0.013 0.016 0.014 0.013 0.017 0.013 0.013 0.200 0.018 0.333 0.045 0.024 0.018 0.016 0.013 0.028 0.025 0.029 0.010 0.013 0.125 0.013 0.012 0.009 0.010 0.008 0.011 0.011 0.017 0.012 0.024 0.012 0.014 0.083 0.010 0.016 0.016 0.010 0.015 0.013 0.009 0.006 0.013 0.011 0.008 0.008 0.009 0.017 0.017 0.013 0.017 0.020 0.014 0.011 0.017 0.008 0.017 0.015 0.015 
>Sequence
Normalized_weight: 0.063
E     N     K     E     E     T     P     E     T     P     E     T     D     S     E     E     E     V     T     I     K     A     N     L     I     F     A     N     G     S     T     Q     T     A     E     F     K     G     T     F     -     E     K     A     T     S     E     A     Y     A     Y     A     D     T     L     K     K     D     N     G     E     Y     T     V     D     V     A     D     K     G     Y     T     L     N     I     K     F     A     G     -     -     -     -     -     -     
0.500 0.500 0.125 0.333 0.111 0.111 0.333 0.056 0.250 0.250 0.200 0.250 0.250 0.200 0.125 0.030 0.014 0.015 0.008 0.019 0.011 0.029 0.015 0.016 0.014 0.017 0.011 0.111 0.018 0.036 0.020 0.019 0.019 0.015 0.028 0.026 0.022 0.038 0.026 0.028 0.019 0.031 0.062 0.029 0.018 0.040 0.010 0.021 0.017 0.028 0.010 0.008 0.018 0.048 0.026 0.050 0.038 0.050 0.018 0.026 0.017 0.033 0.019 0.040 0.015 0.042 0.033 0.006 0.050 0.018 0.024 0.008 0.028 0.026 0.026 0.023 0.026 0.022 0.021 0.011 0.017 0.008 0.017 0.015 0.015 
>Sequence
Normalized_weight: 0.015
-     -     -     -     -     -     -     -     -     -     -     E     L     T     P     A     V     T     T     Y     K     L     V     I     N     G     K     -     T     L     K     G     E     T     T     T     E     A     V     D     A     A     T     A     E     K     V     F     K     Q     Y     A     N     D     N     -     -     -     G     V     D     G     E     W     T     Y     D     D     A     T     K     T     F     T     V     T     E     -     -     -     -     -     -     -     -     
0.015 0.015 0.017 0.011 0.012 0.012 0.011 0.013 0.010 0.010 0.008 0.016 0.025 0.020 0.025 0.028 0.083 0.014 0.008 0.015 0.011 0.011 0.022 0.019 0.015 0.009 0.013 0.016 0.014 0.013 0.017 0.013 0.013 0.011 0.018 0.017 0.045 0.024 0.018 0.016 0.013 0.028 0.013 0.029 0.010 0.013 0.014 0.013 0.012 0.009 0.010 0.008 0.011 0.011 0.017 0.012 0.024 0.012 0.014 0.020 0.010 0.016 0.016 0.010 0.015 0.013 0.009 0.006 0.013 0.011 0.008 0.008 0.009 0.017 0.017 0.013 0.017 0.020 0.014 0.011 0.017 0.008 0.017 0.015 0.015 
>Sequence
Normalized_weight: 0.019
-     -     -     -     -     -     -     -     -     -     -     E     L     T     P     A     L     T     T     Y     K     L     I     V     K     G     N     -     T     F     S     G     E     T     T     T     K     A     V     D     A     E     T     A     E     K     A     F     K     Q     Y     A     N     E     N     -     -     -     G     V     Y     G     E     W     S     Y     D     D     A     T     K     T     F     T     V     T     E     -     -     -     -     -     -     -     -     
0.015 0.015 0.017 0.011 0.012 0.012 0.011 0.013 0.010 0.010 0.008 0.016 0.025 0.020 0.025 0.028 0.021 0.014 0.008 0.015 0.011 0.011 0.020 0.062 0.024 0.009 0.029 0.016 0.014 0.020 0.029 0.013 0.013 0.011 0.018 0.017 0.022 0.024 0.018 0.016 0.013 0.031 0.013 0.029 0.010 0.013 0.021 0.013 0.012 0.009 0.010 0.008 0.011 0.071 0.017 0.012 0.024 0.012 0.014 0.020 0.167 0.016 0.016 0.010 0.050 0.013 0.009 0.006 0.013 0.011 0.008 0.008 0.009 0.017 0.017 0.013 0.017 0.020 0.014 0.011 0.017 0.008 0.017 0.015 0.015 
>Sequence
Normalized_weight: 0.018
-     -     -     -     -     -     -     -     -     -     -     E     L     T     P     A     L     T     T     Y     K     L     I     V     K     G     N     -     T     F     S     G     E     T     T     T     K     A     I     D     A     A     T     A     E     K     E     F     K     Q     Y     A     T     A     N     -     -     -     G     V     D     G     E     W     S     Y     D     D     A     T     K     T     F     T     V     T     E     -     -     -     -     -     -     -     -     
0.015 0.015 0.017 0.011 0.012 0.012 0.011 0.013 0.010 0.010 0.008 0.016 0.025 0.020 0.025 0.028 0.021 0.014 0.008 0.015 0.011 0.011 0.020 0.062 0.024 0.009 0.029 0.016 0.014 0.020 0.029 0.013 0.013 0.011 0.018 0.017 0.022 0.024 0.167 0.016 0.013 0.028 0.013 0.029 0.010 0.013 0.010 0.013 0.012 0.009 0.010 0.008 0.067 0.029 0.017 0.012 0.024 0.012 0.014 0.020 0.010 0.016 0.016 0.010 0.050 0.013 0.009 0.006 0.013 0.011 0.008 0.008 0.009 0.017 0.017 0.013 0.017 0.020 0.014 0.011 0.017 0.008 0.017 0.015 0.015 
>Sequence
Normalized_weight: 0.017
-     -     -     -     -     -     -     -     -     -     -     E     L     T     P     A     L     T     T     Y     K     L     I     V     K     G     N     -     T     F     S     G     E     T     T     T     K     A     V     D     A     E     T     A     E     K     A     F     K     Q     Y     A     T     A     N     -     -     -     N     V     D     G     E     W     S     Y     D     D     A     T     K     T     F     T     V     T     E     -     -     -     -     -     -     -     -     
0.015 0.015 0.017 0.011 0.012 0.012 0.011 0.013 0.010 0.010 0.008 0.016 0.025 0.020 0.025 0.028 0.021 0.014 0.008 0.015 0.011 0.011 0.020 0.062 0.024 0.009 0.029 0.016 0.014 0.020 0.029 0.013 0.013 0.011 0.018 0.017 0.022 0.024 0.018 0.016 0.013 0.031 0.013 0.029 0.010 0.013 0.021 0.013 0.012 0.009 0.010 0.008 0.067 0.029 0.017 0.012 0.024 0.012 0.018 0.020 0.010 0.016 0.016 0.010 0.050 0.013 0.009 0.006 0.013 0.011 0.008 0.008 0.009 0.017 0.017 0.013 0.017 0.020 0.014 0.011 0.017 0.008 0.017 0.015 0.015 
>Sequence
Normalized_weight: 0.021
-     -     -     -     -     -     -     -     -     -     -     E     L     T     P     A     L     T     T     Y     K     L     V     V     K     G     N     -     T     F     S     G     E     T     T     T     K     A     I     D     T     A     T     A     E     K     E     F     K     Q     Y     A     T     A     N     -     -     -     N     V     D     G     E     W     S     Y     D     D     A     T     K     T     F     T     V     T     E     -     -     -     -     -     -     -     -     
0.015 0.015 0.017 0.011 0.012 0.012 0.011 0.013 0.010 0.010 0.008 0.016 0.025 0.020 0.025 0.028 0.021 0.014 0.008 0.015 0.011 0.011 0.022 0.062 0.024 0.009 0.029 0.016 0.014 0.020 0.029 0.013 0.013 0.011 0.018 0.017 0.022 0.024 0.167 0.016 0.250 0.028 0.013 0.029 0.010 0.013 0.010 0.013 0.012 0.009 0.010 0.008 0.067 0.029 0.017 0.012 0.024 0.012 0.018 0.020 0.010 0.016 0.016 0.010 0.050 0.013 0.009 0.006 0.013 0.011 0.008 0.008 0.009 0.017 0.017 0.013 0.017 0.020 0.014 0.011 0.017 0.008 0.017 0.015 0.015 
>Sequence
Normalized_weight: 0.029
-     -     -     -     -     -     -     -     -     -     -     E     L     T     P     A     L     T     T     Y     K     L     V     I     N     G     K     -     T     L     K     G     E     T     T     T     K     A     V     D     V     E     T     A     E     K     A     F     K     Q     Y     A     N     E     N     -     -     -     G     V     D     G     V     W     T     Y     D     D     A     T     K     T     F     T     V     T     E     M     V     T     E     I     P     -     -     
0.015 0.015 0.017 0.011 0.012 0.012 0.011 0.013 0.010 0.010 0.008 0.016 0.025 0.020 0.025 0.028 0.021 0.014 0.008 0.015 0.011 0.011 0.022 0.019 0.015 0.009 0.013 0.016 0.014 0.013 0.017 0.013 0.013 0.011 0.018 0.017 0.022 0.024 0.018 0.016 0.250 0.031 0.013 0.029 0.010 0.013 0.021 0.013 0.012 0.009 0.010 0.008 0.011 0.071 0.017 0.012 0.024 0.012 0.014 0.020 0.010 0.016 0.062 0.010 0.015 0.013 0.009 0.006 0.013 0.011 0.008 0.008 0.009 0.017 0.017 0.013 0.017 0.167 0.125 0.167 0.125 0.250 0.125 0.015 0.015 
>Sequence
Normalized_weight: 0.029
-     -     -     -     -     -     -     -     -     -     -     E     L     T     P     A     L     T     T     Y     R     L     V     I     K     G     V     -     T     F     S     G     E     T     A     T     K     A     V     D     A     A     T     A     E     Q     A     F     R     Q     Y     A     N     D     N     -     -     -     G     V     T     G     E     W     A     Y     D     A     A     T     K     T     F     T     V     T     E     A     L     E     E     S     P     -     -     
0.015 0.015 0.017 0.011 0.012 0.012 0.011 0.013 0.010 0.010 0.008 0.016 0.025 0.020 0.025 0.028 0.021 0.014 0.008 0.015 0.167 0.011 0.022 0.019 0.024 0.009 0.071 0.016 0.014 0.020 0.029 0.013 0.013 0.011 0.111 0.017 0.022 0.024 0.018 0.016 0.013 0.028 0.013 0.029 0.010 0.067 0.021 0.013 0.067 0.009 0.010 0.008 0.011 0.011 0.017 0.012 0.024 0.012 0.014 0.020 0.083 0.016 0.016 0.010 0.067 0.013 0.009 0.083 0.013 0.011 0.008 0.008 0.009 0.017 0.017 0.013 0.017 0.022 0.125 0.167 0.125 0.125 0.125 0.015 0.015 
>Sequence
Normalized_weight: 0.028
-     -     -     -     -     -     -     -     -     -     -     E     L     T     P     A     L     T     S     Y     K     L     V     I     K     G     A     -     T     F     S     G     E     T     A     T     K     A     V     D     A     A     V     A     E     Q     T     F     R     D     Y     A     N     K     N     -     -     -     G     V     D     G     V     W     A     Y     D     A     A     T     K     T     F     T     V     T     E     -     -     -     -     -     -     -     -     
0.015 0.015 0.017 0.011 0.012 0.012 0.011 0.013 0.010 0.010 0.008 0.016 0.025 0.020 0.025 0.028 0.021 0.014 0.250 0.015 0.011 0.011 0.022 0.019 0.024 0.009 0.011 0.016 0.014 0.020 0.029 0.013 0.013 0.011 0.111 0.017 0.022 0.024 0.018 0.016 0.013 0.028 0.250 0.029 0.010 0.067 0.062 0.013 0.067 0.167 0.010 0.008 0.011 0.071 0.017 0.012 0.024 0.012 0.014 0.020 0.010 0.016 0.062 0.010 0.067 0.013 0.009 0.083 0.013 0.011 0.008 0.008 0.009 0.017 0.017 0.013 0.017 0.020 0.014 0.011 0.017 0.008 0.017 0.015 0.015 
>Sequence
Normalized_weight: 0.031
-     -     -     -     -     -     -     -     -     -     -     E     L     T     P     A     L     T     T     Y     R     L     V     I     K     G     V     -     T     F     S     G     E     T     A     T     K     A     V     D     A     A     T     A     E     Q     T     F     R     Q     Y     A     N     D     N     -     -     -     G     I     T     G     E     W     A     Y     D     T     A     T     K     T     F     T     V     T     E     A     L     E     E     S     P     -     -     
0.015 0.015 0.017 0.011 0.012 0.012 0.011 0.013 0.010 0.010 0.008 0.016 0.025 0.020 0.025 0.028 0.021 0.014 0.008 0.015 0.167 0.011 0.022 0.019 0.024 0.009 0.071 0.016 0.014 0.020 0.029 0.013 0.013 0.011 0.111 0.017 0.022 0.024 0.018 0.016 0.013 0.028 0.013 0.029 0.010 0.067 0.062 0.013 0.067 0.009 0.010 0.008 0.011 0.011 0.017 0.012 0.024 0.012 0.014 0.083 0.083 0.016 0.016 0.010 0.067 0.013 0.009 0.167 0.013 0.011 0.008 0.008 0.009 0.017 0.017 0.013 0.017 0.022 0.125 0.167 0.125 0.125 0.125 0.015 0.015 
>Sequence
Normalized_weight: 0.041
-     -     -     -     -     -     -     -     -     -     -     -     -     -     -     -     -     -     -     -     -     -     -     -     -     -     -     -     -     M     K     G     E     T     T     T     E     A     V     D     A     A     T     A     E     K     V     F     K     Q     Y     A     N     D     N     -     -     -     G     V     D     G     E     W     T     Y     D     D     A     T     K     T     F     T     V     T     E     -     -     -     -     -     -     -     -     
0.015 0.015 0.017 0.011 0.012 0.012 0.011 0.013 0.010 0.010 0.008 0.017 0.017 0.013 0.017 0.030 0.024 0.100 0.250 0.250 0.333 0.200 0.200 0.250 0.167 0.167 0.143 0.016 0.250 0.143 0.017 0.013 0.013 0.011 0.018 0.017 0.045 0.024 0.018 0.016 0.013 0.028 0.013 0.029 0.010 0.013 0.014 0.013 0.012 0.009 0.010 0.008 0.011 0.011 0.017 0.012 0.024 0.012 0.014 0.020 0.010 0.016 0.016 0.010 0.015 0.013 0.009 0.006 0.013 0.011 0.008 0.008 0.009 0.017 0.017 0.013 0.017 0.020 0.014 0.011 0.017 0.008 0.017 0.015 0.015 
>Sequence
Normalized_weight: 0.016
-     -     -     -     -     -     -     -     -     -     -     -     -     -     -     -     M     T     T     F     K     L     I     I     N     G     K     -     T     L     K     G     E     T     T     T     E     A     V     D     A     A     T     A     E     K     V     F     K     Q     Y     A     N     D     N     -     -     -     G     I     D     G     E     W     T     Y     D     D     A     T     K     T     F     T     V     T     E     -     -     -     -     -     -     -     -     
0.015 0.015 0.017 0.011 0.012 0.012 0.011 0.013 0.010 0.010 0.008 0.017 0.017 0.013 0.017 0.030 0.042 0.014 0.008 0.083 0.011 0.011 0.020 0.019 0.015 0.009 0.013 0.016 0.014 0.013 0.017 0.013 0.013 0.011 0.018 0.017 0.045 0.024 0.018 0.016 0.013 0.028 0.013 0.029 0.010 0.013 0.014 0.013 0.012 0.009 0.010 0.008 0.011 0.011 0.017 0.012 0.024 0.012 0.014 0.083 0.010 0.016 0.016 0.010 0.015 0.013 0.009 0.006 0.013 0.011 0.008 0.008 0.009 0.017 0.017 0.013 0.017 0.020 0.014 0.011 0.017 0.008 0.017 0.015 0.015 
>Sequence
Normalized_weight: 0.036
-     -     -     -     -     -     -     -     -     -     -     -     -     -     -     A     M     D     T     Y     K     L     F     I     V     I     G     -     D     R     V     V     V     V     T     T     E     A     V     D     A     A     T     A     E     K     V     F     K     Q     Y     A     N     D     N     -     -     -     G     V     D     G     E     W     T     Y     D     D     A     A     K     T     F     T     V     T     E     -     -     -     -     -     -     -     -     
0.015 0.015 0.017 0.011 0.012 0.012 0.011 0.013 0.010 0.010 0.008 0.017 0.017 0.013 0.017 0.028 0.042 0.100 0.008 0.015 0.011 0.011 0.200 0.019 0.083 0.167 0.143 0.016 0.250 0.143 0.100 0.250 0.250 0.200 0.018 0.017 0.045 0.024 0.018 0.016 0.013 0.028 0.013 0.029 0.010 0.013 0.014 0.013 0.012 0.009 0.010 0.008 0.011 0.011 0.017 0.012 0.024 0.012 0.014 0.020 0.010 0.016 0.016 0.010 0.015 0.013 0.009 0.006 0.013 0.100 0.008 0.008 0.009 0.017 0.017 0.013 0.017 0.020 0.014 0.011 0.017 0.008 0.017 0.015 0.015 
>Sequence
Normalized_weight: 0.024
-     -     -     -     -     -     -     -     -     -     -     -     -     -     -     -     -     T     T     F     K     L     I     I     N     G     K     -     T     L     K     G     E     T     T     T     E     A     V     D     A     A     T     A     E     K     V     L     K     Q     Y     I     N     D     N     -     -     -     G     I     D     G     E     W     T     Y     D     D     A     T     K     T     W     T     V     T     E     -     -     -     -     -     -     -     -     
0.015 0.015 0.017 0.011 0.012 0.012 0.011 0.013 0.010 0.010 0.008 0.017 0.017 0.013 0.017 0.030 0.024 0.014 0.008 0.083 0.011 0.011 0.020 0.019 0.015 0.009 0.013 0.016 0.014 0.013 0.017 0.013 0.013 0.011 0.018 0.017 0.045 0.024 0.018 0.016 0.013 0.028 0.013 0.029 0.010 0.013 0.014 0.250 0.012 0.009 0.010 0.250 0.011 0.011 0.017 0.012 0.024 0.012 0.014 0.083 0.010 0.016 0.016 0.010 0.015 0.013 0.009 0.006 0.013 0.011 0.008 0.008 0.167 0.017 0.017 0.013 0.017 0.020 0.014 0.011 0.017 0.008 0.017 0.015 0.015 
>Sequence
Normalized_weight: 0.025
-     -     -     -     -     -     -     -     -     -     -     -     -     -     -     A     M     D     T     Y     K     L     V     I     V     L     N     -     G     T     T     F     T     Y     T     T     E     A     V     D     A     A     T     A     E     K     V     F     K     Q     Y     A     N     D     N     -     -     -     G     V     D     G     E     W     T     Y     A     D     A     T     K     T     F     T     V     T     E     -     -     -     -     -     -     -     -     
0.015 0.015 0.017 0.011 0.012 0.012 0.011 0.013 0.010 0.010 0.008 0.017 0.017 0.013 0.017 0.028 0.042 0.100 0.008 0.015 0.011 0.011 0.022 0.019 0.083 0.167 0.029 0.016 0.018 0.071 0.020 0.250 0.019 0.200 0.018 0.017 0.045 0.024 0.018 0.016 0.013 0.028 0.013 0.029 0.010 0.013 0.014 0.013 0.012 0.009 0.010 0.008 0.011 0.011 0.017 0.012 0.024 0.012 0.014 0.020 0.010 0.016 0.016 0.010 0.015 0.013 0.033 0.006 0.013 0.011 0.008 0.008 0.009 0.017 0.017 0.013 0.017 0.020 0.014 0.011 0.017 0.008 0.017 0.015 0.015 
>Sequence
Normalized_weight: 0.021
-     -     -     -     -     -     -     -     -     -     -     -     -     -     -     -     -     T     T     Y     K     L     I     L     N     G     K     -     T     L     K     G     E     T     T     T     E     A     V     D     A     E     T     A     E     R     V     F     K     E     Y     A     K     K     N     -     -     -     G     V     D     G     E     W     T     Y     D     D     A     T     K     T     F     T     V     T     E     -     -     -     -     -     -     -     -     
0.015 0.015 0.017 0.011 0.012 0.012 0.011 0.013 0.010 0.010 0.008 0.017 0.017 0.013 0.017 0.030 0.024 0.014 0.008 0.015 0.011 0.011 0.020 0.016 0.015 0.009 0.013 0.016 0.014 0.013 0.017 0.013 0.013 0.011 0.018 0.017 0.045 0.024 0.018 0.016 0.013 0.031 0.013 0.029 0.010 0.200 0.014 0.013 0.012 0.167 0.010 0.008 0.200 0.071 0.017 0.012 0.024 0.012 0.014 0.020 0.010 0.016 0.016 0.010 0.015 0.013 0.009 0.006 0.013 0.011 0.008 0.008 0.009 0.017 0.017 0.013 0.017 0.020 0.014 0.011 0.017 0.008 0.017 0.015 0.015 
>Sequence
Normalized_weight: 0.025
-     -     -     -     -     -     -     -     -     -     -     -     -     -     -     -     -     M     Q     Y     K     V     I     L     N     G     K     -     T     L     K     G     E     T     T     T     E     A     V     D     A     A     T     A     E     K     V     V     K     Q     F     F     N     D     N     -     -     -     G     V     D     G     E     W     T     Y     D     D     A     T     K     T     F     T     V     T     E     -     -     -     -     -     -     -     -     
0.015 0.015 0.017 0.011 0.012 0.012 0.011 0.013 0.010 0.010 0.008 0.017 0.017 0.013 0.017 0.030 0.024 0.067 0.125 0.015 0.011 0.033 0.020 0.016 0.015 0.009 0.013 0.016 0.014 0.013 0.017 0.013 0.013 0.011 0.018 0.017 0.045 0.024 0.018 0.016 0.013 0.028 0.013 0.029 0.010 0.013 0.014 0.125 0.012 0.009 0.333 0.250 0.011 0.011 0.017 0.012 0.024 0.012 0.014 0.020 0.010 0.016 0.016 0.010 0.015 0.013 0.009 0.006 0.013 0.011 0.008 0.008 0.009 0.017 0.017 0.013 0.017 0.020 0.014 0.011 0.017 0.008 0.017 0.015 0.015 
>Sequence
Normalized_weight: 0.017
-     -     -     -     -     -     -     -     -     -     -     -     -     -     -     -     -     M     Q     Y     K     L     V     I     N     G     K     -     T     L     K     G     E     T     T     T     K     A     V     D     A     E     T     A     E     K     A     F     K     Q     Y     A     N     D     N     -     -     -     G     V     D     G     V     W     T     Y     D     D     A     T     K     T     F     T     V     T     E     -     -     -     -     -     -     -     -     
0.015 0.015 0.017 0.011 0.012 0.012 0.011 0.013 0.010 0.010 0.008 0.017 0.017 0.013 0.017 0.030 0.024 0.067 0.125 0.015 0.011 0.011 0.022 0.019 0.015 0.009 0.013 0.016 0.014 0.013 0.017 0.013 0.013 0.011 0.018 0.017 0.022 0.024 0.018 0.016 0.013 0.031 0.013 0.029 0.010 0.013 0.021 0.013 0.012 0.009 0.010 0.008 0.011 0.011 0.017 0.012 0.024 0.012 0.014 0.020 0.010 0.016 0.062 0.010 0.015 0.013 0.009 0.006 0.013 0.011 0.008 0.008 0.009 0.017 0.017 0.013 0.017 0.020 0.014 0.011 0.017 0.008 0.017 0.015 0.015 
>Sequence
Normalized_weight: 0.079
-     -     -     -     -     -     -     -     -     -     -     -     -     -     -     -     -     -     T     Y     K     L     I     L     N     G     K     -     T     L     K     G     E     T     T     T     E     A     V     D     A     A     T     A     R     S     F     F     P     I     L     E     N     S     S     -     -     -     S     V     P     G     D     -     -     -     -     -     -     -     -     -     -     -     -     -     -     -     -     -     -     -     -     -     -     
0.015 0.015 0.017 0.011 0.012 0.012 0.011 0.013 0.010 0.010 0.008 0.017 0.017 0.013 0.017 0.030 0.024 0.100 0.008 0.015 0.011 0.011 0.020 0.016 0.015 0.009 0.013 0.016 0.014 0.013 0.017 0.013 0.013 0.011 0.018 0.017 0.045 0.024 0.018 0.016 0.013 0.028 0.013 0.029 0.200 0.040 0.125 0.013 0.200 0.167 0.333 0.250 0.011 0.143 0.333 0.012 0.024 0.012 0.250 0.020 0.167 0.016 0.250 0.200 0.200 0.250 0.167 0.167 0.250 0.200 0.167 0.250 0.167 0.333 0.333 0.250 0.333 0.020 0.014 0.011 0.017 0.008 0.017 0.015 0.015 
>Sequence
Normalized_weight: 0.029
-     -     K     F     A     G     K     E     K     T     P     E     E     P     K     E     E     V     T     I     K     A     N     L     I     Y     A     D     G     K     T     Q     T     A     E     F     K     G     T     F     -     E     E     A     T     A     E     A     Y     R     Y     A     D     A     L     K     K     D     N     G     E     Y     T     V     D     V     A     D     K     G     Y     T     L     N     I     K     F     A     G     -     -     -     -     -     -     
0.015 0.015 0.125 0.111 0.111 0.111 0.111 0.056 0.050 0.050 0.033 0.016 0.031 0.029 0.036 0.030 0.014 0.015 0.008 0.019 0.011 0.029 0.015 0.016 0.014 0.056 0.011 0.033 0.018 0.018 0.020 0.019 0.019 0.015 0.028 0.026 0.022 0.038 0.026 0.028 0.019 0.031 0.025 0.029 0.018 0.022 0.010 0.021 0.017 0.024 0.010 0.008 0.018 0.029 0.026 0.050 0.038 0.050 0.018 0.026 0.017 0.033 0.019 0.040 0.015 0.042 0.033 0.006 0.050 0.018 0.024 0.008 0.028 0.026 0.026 0.023 0.026 0.022 0.021 0.011 0.017 0.008 0.017 0.015 0.015 
>Sequence
Normalized_weight: 0.030
-     -     K     F     A     G     K     E     K     T     P     E     E     P     K     E     E     V     T     I     K     A     N     L     I     Y     A     D     G     K     T     Q     T     A     E     F     K     G     T     F     -     E     E     A     T     A     E     A     Y     R     Y     A     D     L     L     A     K     E     N     G     K     Y     T     V     D     V     A     D     K     G     Y     T     L     N     I     K     F     A     G     -     -     -     -     -     -     
0.015 0.015 0.125 0.111 0.111 0.111 0.111 0.056 0.050 0.050 0.033 0.016 0.031 0.029 0.036 0.030 0.014 0.015 0.008 0.019 0.011 0.029 0.015 0.016 0.014 0.056 0.011 0.033 0.018 0.018 0.020 0.019 0.019 0.015 0.028 0.026 0.022 0.038 0.026 0.028 0.019 0.031 0.025 0.029 0.018 0.022 0.010 0.021 0.017 0.024 0.010 0.008 0.018 0.018 0.026 0.036 0.038 0.050 0.018 0.026 0.056 0.033 0.019 0.040 0.015 0.042 0.033 0.006 0.050 0.018 0.024 0.008 0.028 0.026 0.026 0.023 0.026 0.022 0.021 0.011 0.017 0.008 0.017 0.015 0.015 
>Sequence
Normalized_weight: 0.030
-     -     K     F     A     G     K     E     K     T     P     E     E     P     K     E     E     V     T     I     K     A     N     L     I     Y     A     D     G     K     T     Q     T     A     E     F     K     G     T     F     -     A     E     A     T     A     E     A     Y     R     Y     A     D     L     L     A     K     E     N     G     K     Y     T     A     D     L     E     D     G     G     Y     T     I     N     I     R     F     A     G     -     -     -     -     -     -     
0.015 0.015 0.125 0.111 0.111 0.111 0.111 0.056 0.050 0.050 0.033 0.016 0.031 0.029 0.036 0.030 0.014 0.015 0.008 0.019 0.011 0.029 0.015 0.016 0.014 0.056 0.011 0.033 0.018 0.018 0.020 0.019 0.019 0.015 0.028 0.026 0.022 0.038 0.026 0.028 0.019 0.028 0.025 0.029 0.018 0.022 0.010 0.021 0.017 0.024 0.010 0.008 0.018 0.018 0.026 0.036 0.038 0.050 0.018 0.026 0.056 0.033 0.019 0.029 0.015 0.036 0.024 0.006 0.031 0.018 0.024 0.008 0.033 0.026 0.026 0.125 0.026 0.022 0.021 0.011 0.017 0.008 0.017 0.015 0.015 
>Sequence
Normalized_weight: 0.043
-     -     -     -     -     -     -     -     -     E     K     P     E     E     K     E     Q     V     T     I     K     E     N     I     Y     F     E     D     G     T     V     Q     T     A     T     F     K     G     T     F     -     A     E     A     T     A     E     A     Y     R     Y     A     D     L     L     S     K     E     H     G     K     Y     T     A     D     L     E     D     G     G     Y     T     I     N     I     R     F     A     G     -     -     -     -     -     -     
0.015 0.015 0.017 0.011 0.012 0.012 0.011 0.013 0.010 0.125 0.200 0.125 0.031 0.200 0.036 0.030 0.167 0.015 0.008 0.019 0.011 0.200 0.015 0.019 0.167 0.017 0.143 0.033 0.018 0.071 0.100 0.019 0.019 0.015 0.018 0.026 0.022 0.038 0.026 0.028 0.019 0.028 0.025 0.029 0.018 0.022 0.010 0.021 0.017 0.024 0.010 0.008 0.018 0.018 0.026 0.250 0.038 0.050 0.250 0.026 0.056 0.033 0.019 0.029 0.015 0.036 0.024 0.006 0.031 0.018 0.024 0.008 0.033 0.026 0.026 0.125 0.026 0.022 0.021 0.011 0.017 0.008 0.017 0.015 0.015 
>Sequence
Normalized_weight: 0.028
-     -     -     -     -     -     -     -     -     -     -     -     -     -     -     E     E     V     T     I     K     A     N     L     I     F     A     N     G     S     T     Q     T     A     E     F     K     G     T     F     -     E     K     A     T     S     E     A     Y     A     Y     A     D     T     L     K     K     D     N     G     E     W     T     V     D     V     V     P     K     A     Y     T     L     N     I     K     F     A     G     -     -     -     -     -     -     
0.015 0.015 0.017 0.011 0.012 0.012 0.011 0.013 0.010 0.010 0.008 0.017 0.017 0.013 0.017 0.030 0.014 0.015 0.008 0.019 0.011 0.029 0.015 0.016 0.014 0.017 0.011 0.111 0.018 0.036 0.020 0.019 0.019 0.015 0.028 0.026 0.022 0.038 0.026 0.028 0.019 0.031 0.062 0.029 0.018 0.040 0.010 0.021 0.017 0.028 0.010 0.008 0.018 0.048 0.026 0.050 0.038 0.050 0.018 0.026 0.017 0.111 0.019 0.040 0.015 0.042 0.167 0.167 0.050 0.100 0.024 0.008 0.028 0.026 0.026 0.023 0.026 0.022 0.021 0.011 0.017 0.008 0.017 0.015 0.015 
>Sequence
Normalized_weight: 0.037
-     -     -     -     -     -     -     E     K     E     T     P     E     P     E     E     E     V     T     I     K     A     N     L     I     F     A     D     G     S     T     Q     N     A     E     F     K     G     T     F     -     A     K     A     V     S     D     A     Y     A     Y     A     D     A     L     K     K     D     N     G     E     Y     T     V     D     V     A     D     K     G     L     T     L     N     I     K     F     A     G     -     -     -     -     -     -     
0.015 0.015 0.017 0.011 0.012 0.012 0.011 0.056 0.050 0.125 0.200 0.125 0.031 0.029 0.125 0.030 0.014 0.015 0.008 0.019 0.011 0.029 0.015 0.016 0.014 0.017 0.011 0.033 0.018 0.036 0.020 0.019 0.250 0.015 0.028 0.026 0.022 0.038 0.026 0.028 0.019 0.028 0.062 0.029 0.200 0.040 0.125 0.021 0.017 0.028 0.010 0.008 0.018 0.029 0.026 0.050 0.038 0.050 0.018 0.026 0.017 0.033 0.019 0.040 0.015 0.042 0.033 0.006 0.050 0.018 0.167 0.008 0.028 0.026 0.026 0.023 0.026 0.022 0.021 0.011 0.017 0.008 0.017 0.015 0.015 
>Sequence
Normalized_weight: 0.027
-     -     -     -     E     T     -     P     E     T     P     E     E     P     K     E     E     V     T     I     K     V     N     L     I     F     A     D     G     K     T     Q     T     A     E     F     K     G     T     F     -     E     E     A     T     A     E     A     Y     R     Y     A     D     L     L     A     K     V     N     G     E     Y     T     A     D     L     E     D     G     G     Y     T     I     N     I     K     F     A     G     -     -     -     -     -     -     
0.015 0.015 0.017 0.011 0.111 0.111 0.011 0.167 0.125 0.050 0.033 0.016 0.031 0.029 0.036 0.030 0.014 0.015 0.008 0.019 0.011 0.033 0.015 0.016 0.014 0.017 0.011 0.033 0.018 0.018 0.020 0.019 0.019 0.015 0.028 0.026 0.022 0.038 0.026 0.028 0.019 0.031 0.025 0.029 0.018 0.022 0.010 0.021 0.017 0.024 0.010 0.008 0.018 0.018 0.026 0.036 0.038 0.083 0.018 0.026 0.017 0.033 0.019 0.029 0.015 0.036 0.024 0.006 0.031 0.018 0.024 0.008 0.033 0.026 0.026 0.023 0.026 0.022 0.021 0.011 0.017 0.008 0.017 0.015 0.015 
>Sequence
Normalized_weight: 0.023
-     -     -     -     -     -     -     E     K     -     P     E     E     P     K     E     E     V     T     I     K     V     N     L     I     F     A     D     G     K     T     Q     T     A     E     F     K     G     T     F     -     E     E     A     T     A     K     A     Y     A     Y     A     D     L     L     A     K     E     N     G     E     Y     T     A     D     L     E     D     G     G     N     T     I     N     I     K     F     A     G     -     -     -     -     -     -     
0.015 0.015 0.017 0.011 0.012 0.012 0.011 0.056 0.050 0.010 0.033 0.016 0.031 0.029 0.036 0.030 0.014 0.015 0.008 0.019 0.011 0.033 0.015 0.016 0.014 0.017 0.011 0.033 0.018 0.018 0.020 0.019 0.019 0.015 0.028 0.026 0.022 0.038 0.026 0.028 0.019 0.031 0.025 0.029 0.018 0.022 0.062 0.021 0.017 0.028 0.010 0.008 0.018 0.018 0.026 0.036 0.038 0.050 0.018 0.026 0.017 0.033 0.019 0.029 0.015 0.036 0.024 0.006 0.031 0.018 0.042 0.008 0.033 0.026 0.026 0.023 0.026 0.022 0.021 0.011 0.017 0.008 0.017 0.015 0.015 
>Sequence
Normalized_weight: 0.028
-     -     -     -     E     T     -     P     E     T     P     E     E     P     K     E     E     V     T     I     K     V     N     L     I     F     A     D     G     K     I     Q     T     A     E     F     K     G     T     F     -     E     E     A     T     A     K     A     Y     A     Y     A     N     L     L     A     K     E     N     G     E     Y     T     A     D     L     E     D     G     G     N     T     I     N     I     K     F     A     G     -     -     -     -     -     -     
0.015 0.015 0.017 0.011 0.111 0.111 0.011 0.167 0.125 0.050 0.033 0.016 0.031 0.029 0.036 0.030 0.014 0.015 0.008 0.019 0.011 0.033 0.015 0.016 0.014 0.017 0.011 0.033 0.018 0.018 0.067 0.019 0.019 0.015 0.028 0.026 0.022 0.038 0.026 0.028 0.019 0.031 0.025 0.029 0.018 0.022 0.062 0.021 0.017 0.028 0.010 0.008 0.011 0.018 0.026 0.036 0.038 0.050 0.018 0.026 0.017 0.033 0.019 0.029 0.015 0.036 0.024 0.006 0.031 0.018 0.042 0.008 0.033 0.026 0.026 0.023 0.026 0.022 0.021 0.011 0.017 0.008 0.017 0.015 0.015 
>Sequence
Normalized_weight: 0.026
-     -     -     -     -     -     -     -     -     -     -     -     -     -     -     -     E     V     T     I     K     V     N     L     I     F     A     D     G     K     I     Q     T     A     E     F     K     G     T     F     -     E     E     A     T     A     E     A     Y     R     Y     A     A     L     L     A     K     V     N     G     E     W     T     A     D     L     E     D     G     G     N     H     M     N     I     K     F     A     G     -     -     -     -     -     -     
0.015 0.015 0.017 0.011 0.012 0.012 0.011 0.013 0.010 0.010 0.008 0.017 0.017 0.013 0.017 0.030 0.014 0.015 0.008 0.019 0.011 0.033 0.015 0.016 0.014 0.017 0.011 0.033 0.018 0.018 0.067 0.019 0.019 0.015 0.028 0.026 0.022 0.038 0.026 0.028 0.019 0.031 0.025 0.029 0.018 0.022 0.010 0.021 0.017 0.024 0.010 0.008 0.200 0.018 0.026 0.036 0.038 0.083 0.018 0.026 0.017 0.111 0.019 0.029 0.015 0.036 0.024 0.006 0.031 0.018 0.042 0.125 0.083 0.026 0.026 0.023 0.026 0.022 0.021 0.011 0.017 0.008 0.017 0.015 0.015 
>Sequence
Normalized_weight: 0.045
-     -     -     -     -     -     -     -     -     -     -     -     -     -     -     E     E     V     T     I     K     A     N     L     I     F     A     N     G     S     T     Q     T     A     E     F     K     G     T     K     -     E     K     A     L     S     E     V     L     A     Y     A     D     T     L     K     K     D     N     G     E     W     T     I     D     V     T     N     G     V     I     I     L     N     I     K     F     A     G     -     -     -     -     -     -     
0.015 0.015 0.017 0.011 0.012 0.012 0.011 0.013 0.010 0.010 0.008 0.017 0.017 0.013 0.017 0.030 0.014 0.015 0.008 0.019 0.011 0.029 0.015 0.016 0.014 0.017 0.011 0.111 0.018 0.036 0.020 0.019 0.019 0.015 0.028 0.026 0.022 0.038 0.026 0.333 0.019 0.031 0.062 0.029 0.200 0.040 0.010 0.125 0.200 0.028 0.010 0.008 0.018 0.048 0.026 0.050 0.038 0.050 0.018 0.026 0.017 0.111 0.019 0.200 0.015 0.042 0.167 0.167 0.031 0.200 0.167 0.250 0.028 0.026 0.026 0.023 0.026 0.022 0.021 0.011 0.017 0.008 0.017 0.015 0.015 
>Sequence
Normalized_weight: 0.023
-     -     -     -     -     -     -     -     -     -     -     -     -     -     -     -     E     V     T     I     K     V     N     L     I     F     A     D     G     K     I     Q     T     A     E     F     K     G     T     F     -     E     E     A     T     A     E     A     Y     R     Y     A     D     L     L     A     K     V     N     G     E     Y     T     A     D     L     E     D     G     G     N     H     M     N     I     K     F     A     -     -     -     -     -     -     -     
0.015 0.015 0.017 0.011 0.012 0.012 0.011 0.013 0.010 0.010 0.008 0.017 0.017 0.013 0.017 0.030 0.014 0.015 0.008 0.019 0.011 0.033 0.015 0.016 0.014 0.017 0.011 0.033 0.018 0.018 0.067 0.019 0.019 0.015 0.028 0.026 0.022 0.038 0.026 0.028 0.019 0.031 0.025 0.029 0.018 0.022 0.010 0.021 0.017 0.024 0.010 0.008 0.018 0.018 0.026 0.036 0.038 0.083 0.018 0.026 0.017 0.033 0.019 0.029 0.015 0.036 0.024 0.006 0.031 0.018 0.042 0.125 0.083 0.026 0.026 0.023 0.026 0.022 0.014 0.011 0.017 0.008 0.017 0.015 0.015 
