>Sequence
Normalized_weight: 0.019
D     R     I     C     T     N     C     C     A     G     T     K     G     C     K     Y     F     S     D     D     G     T     F     V     C     E     G     E     S     D     P     R     N     P     K     A     C     P     R     N     C     D     P     R     I     A     Y     G     I     C     P     L     A     
0.056 0.015 0.010 0.022 0.012 0.013 0.011 0.022 0.010 0.022 0.014 0.008 0.008 0.022 0.023 0.022 0.019 0.006 0.018 0.007 0.022 0.005 0.009 0.031 0.022 0.007 0.022 0.006 0.008 0.005 0.004 0.018 0.004 0.005 0.010 0.004 0.009 0.011 0.007 0.008 0.013 0.009 0.013 0.007 0.007 0.007 0.006 0.012 0.010 0.014 0.015 0.033 0.333 
>Sequence
Normalized_weight: 0.015
-     P     I     C     T     N     C     C     A     G     Y     K     G     C     N     Y     Y     S     A     N     G     A     F     I     C     E     G     Q     S     D     P     K     K     P     K     A     C     P     L     N     C     D     P     H     I     A     Y     S     K     C     P     R     -     
0.017 0.018 0.010 0.022 0.012 0.013 0.011 0.022 0.010 0.022 0.008 0.008 0.008 0.022 0.009 0.022 0.026 0.006 0.005 0.017 0.022 0.056 0.009 0.017 0.022 0.007 0.022 0.083 0.008 0.005 0.004 0.008 0.022 0.005 0.010 0.004 0.009 0.011 0.014 0.008 0.013 0.009 0.013 0.056 0.007 0.007 0.006 0.009 0.010 0.014 0.015 0.009 0.014 
>Sequence
Normalized_weight: 0.015
N     P     I     C     T     N     C     C     A     G     Y     K     G     C     N     Y     Y     S     A     N     G     T     F     I     C     E     G     Q     S     H     P     K     N     P     K     A     C     P     R     N     C     D     P     H     I     A     Y     S     K     C     P     R     S     
0.017 0.018 0.010 0.022 0.012 0.013 0.011 0.022 0.010 0.022 0.008 0.008 0.008 0.022 0.009 0.022 0.026 0.006 0.005 0.017 0.022 0.005 0.009 0.017 0.022 0.007 0.022 0.083 0.008 0.071 0.004 0.008 0.004 0.005 0.010 0.004 0.009 0.011 0.007 0.008 0.013 0.009 0.013 0.056 0.007 0.007 0.006 0.009 0.010 0.014 0.015 0.009 0.015 
>Sequence
Normalized_weight: 0.042
-     -     -     C     T     T     C     C     T     G     Y     T     D     C     Y     Y     F     G     K     D     G     K     F     V     C     E     G     E     S     -     -     I     E     P     K     A     C     T     L     E     C     D     S     R     L     -     -     -     -     -     -     -     -     
0.017 0.013 0.048 0.022 0.012 0.071 0.011 0.022 0.056 0.022 0.008 0.333 0.333 0.022 0.042 0.022 0.019 0.033 0.018 0.007 0.022 0.033 0.009 0.031 0.022 0.007 0.022 0.006 0.008 0.071 0.021 0.062 0.037 0.005 0.010 0.004 0.009 0.030 0.014 0.025 0.013 0.009 0.200 0.007 0.250 0.022 0.022 0.019 0.014 0.050 0.042 0.009 0.014 
>Sequence
Normalized_weight: 0.014
N     R     I     C     T     N     C     C     A     G     Y     K     G     C     N     Y     Y     S     A     N     G     A     F     I     C     E     G     E     S     D     P     K     K     P     K     A     C     P     R     N     C     D     P     H     I     A     Y     S     K     C     P     R     S     
0.017 0.015 0.010 0.022 0.012 0.013 0.011 0.022 0.010 0.022 0.008 0.008 0.008 0.022 0.009 0.022 0.026 0.006 0.005 0.017 0.022 0.056 0.009 0.017 0.022 0.007 0.022 0.006 0.008 0.005 0.004 0.008 0.022 0.005 0.010 0.004 0.009 0.011 0.007 0.008 0.013 0.009 0.013 0.056 0.007 0.007 0.006 0.009 0.010 0.014 0.015 0.009 0.015 
>Sequence
Normalized_weight: 0.014
D     R     I     C     T     N     C     C     A     G     K     K     G     C     K     Y     F     S     D     D     G     T     F     V     C     E     G     E     S     D     P     R     N     P     K     A     C     P     R     N     C     D     G     R     I     A     Y     G     I     C     P     L     S     
0.056 0.015 0.010 0.022 0.012 0.013 0.011 0.022 0.010 0.022 0.018 0.008 0.008 0.022 0.023 0.022 0.019 0.006 0.018 0.007 0.022 0.005 0.009 0.031 0.022 0.007 0.022 0.006 0.008 0.005 0.004 0.018 0.004 0.005 0.010 0.004 0.009 0.011 0.007 0.008 0.013 0.009 0.022 0.007 0.007 0.007 0.006 0.012 0.010 0.014 0.015 0.033 0.015 
>Sequence
Normalized_weight: 0.023
D     R     I     C     T     N     C     C     A     G     K     K     G     C     K     Y     F     S     D     D     G     T     F     I     C     E     G     E     S     E     -     -     -     -     -     -     -     -     -     -     -     -     -     -     -     -     -     -     -     -     -     -     -     
0.056 0.015 0.010 0.022 0.012 0.013 0.011 0.022 0.010 0.022 0.018 0.008 0.008 0.022 0.023 0.022 0.019 0.006 0.018 0.007 0.022 0.005 0.009 0.017 0.022 0.007 0.022 0.006 0.008 0.020 0.021 0.031 0.037 0.042 0.056 0.017 0.056 0.056 0.016 0.025 0.062 0.042 0.025 0.021 0.031 0.022 0.022 0.019 0.014 0.050 0.042 0.009 0.014 
>Sequence
Normalized_weight: 0.014
N     R     I     C     T     N     C     C     A     G     Y     K     G     C     N     Y     Y     S     A     N     G     A     F     I     C     E     G     E     S     D     P     K     N     P     N     V     C     P     R     N     C     D     T     N     I     A     Y     S     K     C     P     R     S     
0.017 0.015 0.010 0.022 0.012 0.013 0.011 0.022 0.010 0.022 0.008 0.008 0.008 0.022 0.009 0.022 0.026 0.006 0.005 0.017 0.022 0.056 0.009 0.017 0.022 0.007 0.022 0.006 0.008 0.005 0.004 0.008 0.004 0.005 0.048 0.050 0.009 0.011 0.007 0.008 0.013 0.009 0.017 0.024 0.007 0.007 0.006 0.009 0.010 0.014 0.015 0.009 0.015 
>Sequence
Normalized_weight: 0.016
N     R     I     C     T     N     C     C     A     G     R     K     G     C     N     Y     F     S     D     I     G     T     F     I     C     E     G     E     S     H     P     N     N     P     K     A     C     P     R     N     C     D     T     R     I     A     Y     S     K     -     -     -     -     
0.017 0.015 0.010 0.022 0.012 0.013 0.011 0.022 0.010 0.022 0.020 0.008 0.008 0.022 0.009 0.022 0.019 0.006 0.018 0.100 0.022 0.005 0.009 0.017 0.022 0.007 0.022 0.006 0.008 0.071 0.004 0.016 0.004 0.005 0.010 0.004 0.009 0.011 0.007 0.008 0.013 0.009 0.017 0.007 0.007 0.007 0.006 0.009 0.010 0.050 0.042 0.009 0.014 
>Sequence
Normalized_weight: 0.017
N     P     I     C     I     N     C     C     S     G     Y     K     G     C     N     Y     Y     S     A     F     G     R     F     I     C     E     G     E     S     D     P     K     N     P     K     A     C     P     L     N     C     D     T     N     I     A     Y     S     R     C     P     R     S     
0.017 0.018 0.010 0.022 0.125 0.013 0.011 0.022 0.042 0.022 0.008 0.008 0.008 0.022 0.009 0.022 0.026 0.006 0.005 0.050 0.022 0.083 0.009 0.017 0.022 0.007 0.022 0.006 0.008 0.005 0.004 0.008 0.004 0.005 0.010 0.004 0.009 0.011 0.014 0.008 0.013 0.009 0.017 0.024 0.007 0.007 0.006 0.009 0.031 0.014 0.015 0.009 0.015 
>Sequence
Normalized_weight: 0.023
N     P     I     C     I     N     C     C     S     G     Y     K     G     C     N     Y     Y     S     V     F     G     R     F     I     C     E     G     E     S     D     L     K     N     P     K     A     C     P     L     N     C     D     T     N     I     A     Y     S     R     C     P     H     S     
0.017 0.018 0.010 0.022 0.125 0.013 0.011 0.022 0.042 0.022 0.008 0.008 0.008 0.022 0.009 0.022 0.026 0.006 0.042 0.050 0.022 0.083 0.009 0.017 0.022 0.007 0.022 0.006 0.008 0.005 0.125 0.008 0.004 0.005 0.010 0.004 0.009 0.011 0.014 0.008 0.013 0.009 0.017 0.024 0.007 0.007 0.006 0.009 0.031 0.014 0.015 0.167 0.015 
>Sequence
Normalized_weight: 0.025
N     P     I     C     I     N     C     C     S     G     Y     K     G     C     N     Y     Y     S     A     F     G     D     L     I     C     Q     G     E     S     D     P     K     N     P     K     A     C     P     L     N     C     D     T     N     I     A     Y     S     R     C     P     R     S     
0.017 0.018 0.010 0.022 0.125 0.013 0.011 0.022 0.042 0.022 0.008 0.008 0.008 0.022 0.009 0.022 0.026 0.006 0.005 0.050 0.022 0.083 0.167 0.017 0.022 0.250 0.022 0.006 0.008 0.005 0.004 0.008 0.004 0.005 0.010 0.004 0.009 0.011 0.014 0.008 0.013 0.009 0.017 0.024 0.007 0.007 0.006 0.009 0.031 0.014 0.015 0.009 0.015 
>Sequence
Normalized_weight: 0.013
D     R     I     C     T     N     C     C     A     G     T     K     G     C     K     Y     F     S     D     D     G     T     F     I     C     E     G     E     S     D     P     R     N     P     K     A     C     P     R     N     C     D     G     R     I     A     Y     G     I     C     P     R     S     
0.056 0.015 0.010 0.022 0.012 0.013 0.011 0.022 0.010 0.022 0.014 0.008 0.008 0.022 0.023 0.022 0.019 0.006 0.018 0.007 0.022 0.005 0.009 0.017 0.022 0.007 0.022 0.006 0.008 0.005 0.004 0.018 0.004 0.005 0.010 0.004 0.009 0.011 0.007 0.008 0.013 0.009 0.022 0.007 0.007 0.007 0.006 0.012 0.010 0.014 0.015 0.009 0.015 
>Sequence
Normalized_weight: 0.022
N     Q     I     C     T     N     C     C     A     G     T     K     G     C     N     Y     F     S     A     N     G     T     F     I     C     E     G     E     S     E     -     -     -     -     -     -     -     -     -     -     -     -     -     -     -     -     -     -     -     -     -     -     -     
0.017 0.033 0.010 0.022 0.012 0.013 0.011 0.022 0.010 0.022 0.014 0.008 0.008 0.022 0.009 0.022 0.019 0.006 0.005 0.017 0.022 0.005 0.009 0.017 0.022 0.007 0.022 0.006 0.008 0.020 0.021 0.031 0.037 0.042 0.056 0.017 0.056 0.056 0.016 0.025 0.062 0.042 0.025 0.021 0.031 0.022 0.022 0.019 0.014 0.050 0.042 0.009 0.014 
>Sequence
Normalized_weight: 0.028
N     P     I     C     T     N     C     C     S     G     Y     K     G     C     N     Y     Y     Y     A     N     G     T     F     I     C     E     G     T     S     D     P     K     N     P     N     I     C     P     S     Y     C     D     P     Q     I     A     Y     S     K     C     P     R     S     
0.017 0.018 0.010 0.022 0.012 0.013 0.011 0.022 0.042 0.022 0.008 0.008 0.008 0.022 0.009 0.022 0.026 0.200 0.005 0.017 0.022 0.005 0.009 0.017 0.022 0.007 0.022 0.250 0.008 0.005 0.004 0.008 0.004 0.005 0.048 0.100 0.009 0.011 0.125 0.100 0.013 0.009 0.013 0.083 0.007 0.007 0.006 0.009 0.010 0.014 0.015 0.009 0.015 
>Sequence
Normalized_weight: 0.034
-     -     -     C     T     T     C     C     T     G     Y     K     G     C     Y     Y     F     G     Q     D     G     E     F     V     C     E     G     E     S     -     -     I     E     P     K     G     C     T     K     E     C     D     P     R     V     A     Y     M     T     C     P     S     S     
0.017 0.013 0.048 0.022 0.012 0.071 0.011 0.022 0.056 0.022 0.008 0.008 0.008 0.022 0.042 0.022 0.019 0.033 0.062 0.007 0.022 0.083 0.009 0.031 0.022 0.007 0.022 0.006 0.008 0.071 0.021 0.062 0.037 0.005 0.010 0.100 0.009 0.030 0.021 0.025 0.013 0.009 0.013 0.007 0.125 0.007 0.006 0.167 0.125 0.014 0.015 0.167 0.015 
>Sequence
Normalized_weight: 0.024
N     P     I     C     I     N     C     C     S     G     Y     K     G     C     N     Y     Y     N     S     F     G     K     F     I     C     E     G     E     S     D     P     K     R     P     N     A     C     T     F     N     C     D     P     N     I     A     Y     S     R     C     P     R     S     
0.017 0.018 0.010 0.022 0.125 0.013 0.011 0.022 0.042 0.022 0.008 0.008 0.008 0.022 0.009 0.022 0.026 0.067 0.125 0.050 0.022 0.033 0.009 0.017 0.022 0.007 0.022 0.006 0.008 0.005 0.004 0.008 0.111 0.005 0.048 0.004 0.009 0.030 0.062 0.008 0.013 0.009 0.013 0.024 0.007 0.007 0.006 0.009 0.031 0.014 0.015 0.009 0.015 
>Sequence
Normalized_weight: 0.014
N     R     I     C     T     N     C     C     A     G     R     K     G     C     N     Y     Y     S     A     D     G     T     F     I     C     E     G     E     S     D     P     N     N     P     K     A     C     P     R     Y     C     D     T     R     I     A     Y     S     K     C     P     R     S     
0.017 0.015 0.010 0.022 0.012 0.013 0.011 0.022 0.010 0.022 0.020 0.008 0.008 0.022 0.009 0.022 0.026 0.006 0.005 0.007 0.022 0.005 0.009 0.017 0.022 0.007 0.022 0.006 0.008 0.005 0.004 0.016 0.004 0.005 0.010 0.004 0.009 0.011 0.007 0.100 0.013 0.009 0.017 0.007 0.007 0.007 0.006 0.009 0.010 0.014 0.015 0.009 0.015 
>Sequence
Normalized_weight: 0.014
N     R     I     C     T     N     C     C     A     G     R     K     G     C     N     Y     Y     S     V     I     G     T     F     I     C     E     G     E     S     D     P     N     N     P     K     A     C     P     R     N     C     D     T     R     I     A     Y     S     K     C     P     R     S     
0.017 0.015 0.010 0.022 0.012 0.013 0.011 0.022 0.010 0.022 0.020 0.008 0.008 0.022 0.009 0.022 0.026 0.006 0.042 0.100 0.022 0.005 0.009 0.017 0.022 0.007 0.022 0.006 0.008 0.005 0.004 0.016 0.004 0.005 0.010 0.004 0.009 0.011 0.007 0.008 0.013 0.009 0.017 0.007 0.007 0.007 0.006 0.009 0.010 0.014 0.015 0.009 0.015 
>Sequence
Normalized_weight: 0.020
N     R     L     C     T     N     C     C     A     G     R     K     V     C     N     Y     Y     S     A     D     G     T     F     I     C     E     G     E     S     D     P     N     N     P     K     A     C     P     R     N     C     D     P     N     I     A     Y     S     L     C     -     -     -     
0.017 0.015 0.056 0.022 0.012 0.013 0.011 0.022 0.010 0.022 0.020 0.008 0.333 0.022 0.009 0.022 0.026 0.006 0.005 0.007 0.022 0.005 0.009 0.017 0.022 0.007 0.022 0.006 0.008 0.005 0.004 0.016 0.004 0.005 0.010 0.004 0.009 0.011 0.007 0.008 0.013 0.009 0.013 0.024 0.007 0.007 0.006 0.009 0.062 0.014 0.042 0.009 0.014 
>Sequence
Normalized_weight: 0.024
-     P     I     C     T     N     C     C     S     G     Y     K     G     C     N     Y     Y     S     A     K     G     D     L     I     C     E     G     E     S     D     P     R     N     P     K     D     C     T     F     E     C     D     T     Q     I     A     Y     S     K     C     P     R     S     
0.017 0.018 0.010 0.022 0.012 0.013 0.011 0.022 0.042 0.022 0.008 0.008 0.008 0.022 0.009 0.022 0.026 0.006 0.005 0.200 0.022 0.083 0.167 0.017 0.022 0.007 0.022 0.006 0.008 0.005 0.004 0.018 0.004 0.005 0.010 0.033 0.009 0.030 0.062 0.025 0.013 0.009 0.017 0.083 0.007 0.007 0.006 0.009 0.010 0.014 0.015 0.009 0.015 
>Sequence
Normalized_weight: 0.017
N     Q     I     C     T     N     C     C     A     G     T     K     G     C     N     Y     F     S     A     D     G     T     F     V     C     E     G     E     Y     D     P     K     N     P     K     A     C     P     R     N     C     D     P     R     I     S     Y     G     V     C     P     R     S     
0.017 0.033 0.010 0.022 0.012 0.013 0.011 0.022 0.010 0.022 0.014 0.008 0.008 0.022 0.009 0.022 0.019 0.006 0.005 0.007 0.022 0.005 0.009 0.031 0.022 0.007 0.022 0.006 0.167 0.005 0.004 0.008 0.004 0.005 0.010 0.004 0.009 0.011 0.007 0.008 0.013 0.009 0.013 0.007 0.007 0.100 0.006 0.012 0.031 0.014 0.015 0.009 0.015 
>Sequence
Normalized_weight: 0.014
N     Q     I     C     T     N     C     C     A     G     T     K     G     C     N     Y     F     S     A     D     G     T     F     V     C     E     G     E     S     D     P     R     N     P     K     A     C     P     L     N     C     D     G     R     I     A     Y     E     I     C     P     -     -     
0.017 0.033 0.010 0.022 0.012 0.013 0.011 0.022 0.010 0.022 0.014 0.008 0.008 0.022 0.009 0.022 0.019 0.006 0.005 0.007 0.022 0.005 0.009 0.031 0.022 0.007 0.022 0.006 0.008 0.005 0.004 0.018 0.004 0.005 0.010 0.004 0.009 0.011 0.014 0.008 0.013 0.009 0.022 0.007 0.007 0.007 0.006 0.083 0.010 0.014 0.015 0.009 0.014 
>Sequence
Normalized_weight: 0.016
N     Q     I     C     T     N     C     C     A     G     T     K     G     C     N     Y     F     S     A     D     G     T     F     V     C     E     G     E     Y     D     P     K     N     P     K     A     C     P     R     N     C     D     G     R     I     D     Y     G     V     C     P     R     S     
0.017 0.033 0.010 0.022 0.012 0.013 0.011 0.022 0.010 0.022 0.014 0.008 0.008 0.022 0.009 0.022 0.019 0.006 0.005 0.007 0.022 0.005 0.009 0.031 0.022 0.007 0.022 0.006 0.167 0.005 0.004 0.008 0.004 0.005 0.010 0.004 0.009 0.011 0.007 0.008 0.013 0.009 0.022 0.007 0.007 0.040 0.006 0.012 0.031 0.014 0.015 0.009 0.015 
>Sequence
Normalized_weight: 0.018
D     R     I     C     T     N     C     C     A     G     M     K     G     C     N     Y     F     S     A     D     G     T     F     V     C     E     G     E     S     G     P     K     N     P     K     A     C     P     R     N     C     D     G     R     I     A     Y     G     V     C     P     -     -     
0.056 0.015 0.010 0.022 0.012 0.013 0.011 0.022 0.010 0.022 0.143 0.008 0.008 0.022 0.009 0.022 0.019 0.006 0.005 0.007 0.022 0.005 0.009 0.031 0.022 0.007 0.022 0.006 0.008 0.143 0.004 0.008 0.004 0.005 0.010 0.004 0.009 0.011 0.007 0.008 0.013 0.009 0.022 0.007 0.007 0.007 0.006 0.012 0.031 0.014 0.015 0.009 0.014 
>Sequence
Normalized_weight: 0.022
N     W     I     C     T     N     C     C     A     G     T     K     G     C     N     Y     F     S     A     D     G     T     F     V     C     E     G     E     S     D     P     R     N     P     K     A     C     P     R     N     C     D     P     R     I     S     D     E     I     C     P     R     S     
0.017 0.200 0.010 0.022 0.012 0.013 0.011 0.022 0.010 0.022 0.014 0.008 0.008 0.022 0.009 0.022 0.019 0.006 0.005 0.007 0.022 0.005 0.009 0.031 0.022 0.007 0.022 0.006 0.008 0.005 0.004 0.018 0.004 0.005 0.010 0.004 0.009 0.011 0.007 0.008 0.013 0.009 0.013 0.007 0.007 0.100 0.200 0.083 0.010 0.014 0.015 0.009 0.015 
>Sequence
Normalized_weight: 0.025
N     Q     I     C     T     N     C     C     A     G     T     K     G     C     N     Y     F     N     A     N     G     T     F     I     C     E     G     E     S     E     Y     V     N     K     -     -     -     -     -     -     -     -     -     -     -     -     -     -     -     -     -     -     -     
0.017 0.033 0.010 0.022 0.012 0.013 0.011 0.022 0.010 0.022 0.014 0.008 0.008 0.022 0.009 0.022 0.019 0.067 0.005 0.017 0.022 0.005 0.009 0.017 0.022 0.007 0.022 0.006 0.008 0.020 0.125 0.031 0.004 0.056 0.056 0.017 0.056 0.056 0.016 0.025 0.062 0.042 0.025 0.021 0.031 0.022 0.022 0.019 0.014 0.050 0.042 0.009 0.014 
>Sequence
Normalized_weight: 0.023
D     P     I     C     T     T     C     C     A     G     Y     K     G     C     N     Y     Y     S     A     N     G     T     F     I     C     E     G     S     S     D     P     K     N     P     N     V     C     P     Q     F     C     D     P     D     I     A     Y     S     K     C     P     R     S     
0.056 0.018 0.010 0.022 0.012 0.071 0.011 0.022 0.010 0.022 0.008 0.008 0.008 0.022 0.009 0.022 0.026 0.006 0.005 0.017 0.022 0.005 0.009 0.017 0.022 0.007 0.022 0.125 0.008 0.005 0.004 0.008 0.004 0.005 0.048 0.050 0.009 0.011 0.125 0.100 0.013 0.009 0.013 0.083 0.007 0.007 0.006 0.009 0.010 0.014 0.015 0.009 0.015 
>Sequence
Normalized_weight: 0.038
-     -     -     C     T     T     C     C     T     G     Y     K     G     C     Y     Y     F     G     Q     D     G     E     F     V     C     E     G     E     S     D     -     -     E     P     K     S     C     T     T     E     C     D     P     R     V     A     T     I     S     C     P     F     S     
0.017 0.013 0.048 0.022 0.012 0.071 0.011 0.022 0.056 0.022 0.008 0.008 0.008 0.022 0.042 0.022 0.019 0.033 0.062 0.007 0.022 0.083 0.009 0.031 0.022 0.007 0.022 0.006 0.008 0.005 0.021 0.031 0.037 0.005 0.010 0.100 0.009 0.030 0.125 0.025 0.013 0.009 0.013 0.007 0.125 0.007 0.200 0.167 0.125 0.014 0.015 0.167 0.015 
>Sequence
Normalized_weight: 0.018
N     R     I     C     T     N     C     C     A     G     R     K     G     C     N     Y     Y     S     A     D     G     T     F     I     C     E     G     E     S     D     P     N     N     P     K     P     C     T     L     N     C     D     P     R     I     F     Y     S     K     C     P     R     S     
0.017 0.015 0.010 0.022 0.012 0.013 0.011 0.022 0.010 0.022 0.020 0.008 0.008 0.022 0.009 0.022 0.026 0.006 0.005 0.007 0.022 0.005 0.009 0.017 0.022 0.007 0.022 0.006 0.008 0.005 0.004 0.016 0.004 0.005 0.010 0.100 0.009 0.030 0.014 0.008 0.013 0.009 0.013 0.007 0.007 0.200 0.006 0.009 0.010 0.014 0.015 0.009 0.015 
>Sequence
Normalized_weight: 0.019
-     P     I     C     T     N     C     C     A     G     L     K     G     C     N     Y     Y     N     A     D     G     T     F     I     C     E     G     E     S     D     P     N     H     P     K     A     C     P     K     N     C     D     P     N     I     A     Y     S     L     C     -     -     -     
0.017 0.018 0.010 0.022 0.012 0.013 0.011 0.022 0.010 0.022 0.143 0.008 0.008 0.022 0.009 0.022 0.026 0.067 0.005 0.007 0.022 0.005 0.009 0.017 0.022 0.007 0.022 0.006 0.008 0.005 0.004 0.016 0.111 0.005 0.010 0.004 0.009 0.011 0.021 0.008 0.013 0.009 0.013 0.024 0.007 0.007 0.006 0.009 0.062 0.014 0.042 0.009 0.014 
>Sequence
Normalized_weight: 0.020
N     P     I     C     T     N     C     C     S     G     Y     K     G     C     N     Y     Y     S     A     N     G     T     F     I     C     E     G     S     S     D     P     K     N     P     N     T     C     P     L     F     C     D     G     D     I     A     Y     S     K     C     P     R     S     
0.017 0.018 0.010 0.022 0.012 0.013 0.011 0.022 0.042 0.022 0.008 0.008 0.008 0.022 0.009 0.022 0.026 0.006 0.005 0.017 0.022 0.005 0.009 0.017 0.022 0.007 0.022 0.125 0.008 0.005 0.004 0.008 0.004 0.005 0.048 0.100 0.009 0.011 0.014 0.100 0.013 0.009 0.022 0.083 0.007 0.007 0.006 0.009 0.010 0.014 0.015 0.009 0.015 
>Sequence
Normalized_weight: 0.020
-     Q     I     C     T     N     C     C     A     G     R     K     G     C     S     Y     F     S     E     D     G     T     F     I     C     K     G     E     S     N     P     E     N     P     K     A     C     P     R     N     C     D     G     R     I     A     Y     G     I     C     P     L     S     
0.017 0.033 0.010 0.022 0.012 0.013 0.011 0.022 0.010 0.022 0.020 0.008 0.008 0.022 0.125 0.022 0.019 0.006 0.062 0.007 0.022 0.005 0.009 0.017 0.022 0.125 0.022 0.006 0.008 0.071 0.004 0.042 0.004 0.005 0.010 0.004 0.009 0.011 0.007 0.008 0.013 0.009 0.022 0.007 0.007 0.007 0.006 0.012 0.010 0.014 0.015 0.033 0.015 
>Sequence
Normalized_weight: 0.042
-     -     -     C     T     N     C     C     S     G     T     E     G     C     N     Y     Y     S     A     N     G     T     F     I     C     E     G     Q     T     K     K     E     T     N     K     A     C     P     R     N     C     N     P     R     I     A     Y     S     I     C     P     -     -     
0.017 0.013 0.048 0.022 0.012 0.013 0.011 0.022 0.042 0.022 0.014 0.333 0.008 0.022 0.009 0.022 0.026 0.006 0.005 0.017 0.022 0.005 0.009 0.017 0.022 0.007 0.022 0.083 0.333 0.071 0.125 0.042 0.111 0.167 0.010 0.004 0.009 0.011 0.007 0.008 0.013 0.333 0.013 0.007 0.007 0.007 0.006 0.009 0.010 0.014 0.015 0.009 0.014 
>Sequence
Normalized_weight: 0.030
-     R     I     C     T     N     C     C     A     G     S     K     G     C     N     Y     Y     T     V     D     G     T     F     V     C     E     G     E     S     K     -     -     -     -     -     -     -     -     -     -     -     -     -     -     -     -     -     -     -     -     -     -     -     
0.017 0.015 0.010 0.022 0.012 0.013 0.011 0.022 0.010 0.022 0.143 0.008 0.008 0.022 0.009 0.022 0.026 0.200 0.042 0.007 0.022 0.005 0.009 0.031 0.022 0.007 0.022 0.006 0.008 0.071 0.021 0.031 0.037 0.042 0.056 0.017 0.056 0.056 0.016 0.025 0.062 0.042 0.025 0.021 0.031 0.022 0.022 0.019 0.014 0.050 0.042 0.009 0.014 
>Sequence
Normalized_weight: 0.021
-     -     L     C     T     N     C     C     A     G     K     K     G     C     K     Y     F     S     K     D     G     T     Y     I     C     D     G     E     S     E     W     V     S     K     K     A     C     T     K     E     C     D     T     R     I     D     F     G     I     C     P     L     -     
0.017 0.013 0.056 0.022 0.012 0.013 0.011 0.022 0.010 0.022 0.018 0.008 0.008 0.022 0.023 0.022 0.019 0.006 0.018 0.007 0.022 0.005 0.067 0.017 0.022 0.050 0.022 0.006 0.008 0.020 0.042 0.031 0.037 0.056 0.010 0.004 0.009 0.030 0.021 0.025 0.013 0.009 0.017 0.007 0.007 0.040 0.050 0.012 0.010 0.014 0.015 0.033 0.014 
>Sequence
Normalized_weight: 0.022
-     -     L     C     T     N     C     C     A     G     K     K     G     C     K     Y     F     S     K     D     G     T     Y     I     C     D     G     E     S     E     W     V     S     E     K     D     C     T     K     E     C     D     T     R     I     D     F     G     I     C     P     L     -     
0.017 0.013 0.056 0.022 0.012 0.013 0.011 0.022 0.010 0.022 0.018 0.008 0.008 0.022 0.023 0.022 0.019 0.006 0.018 0.007 0.022 0.005 0.067 0.017 0.022 0.050 0.022 0.006 0.008 0.020 0.042 0.031 0.037 0.083 0.010 0.033 0.009 0.030 0.021 0.025 0.013 0.009 0.017 0.007 0.007 0.040 0.050 0.012 0.010 0.014 0.015 0.033 0.014 
>Sequence
Normalized_weight: 0.025
-     -     L     C     T     N     C     C     A     G     K     K     G     C     K     Y     F     S     A     D     G     T     Y     I     C     D     G     E     S     E     W     V     S     -     -     -     -     -     -     -     -     -     -     -     -     -     -     -     -     -     -     -     -     
0.017 0.013 0.056 0.022 0.012 0.013 0.011 0.022 0.010 0.022 0.018 0.008 0.008 0.022 0.023 0.022 0.019 0.006 0.005 0.007 0.022 0.005 0.067 0.017 0.022 0.050 0.022 0.006 0.008 0.020 0.042 0.031 0.037 0.042 0.056 0.017 0.056 0.056 0.016 0.025 0.062 0.042 0.025 0.021 0.031 0.022 0.022 0.019 0.014 0.050 0.042 0.009 0.014 
>Sequence
Normalized_weight: 0.028
-     -     -     C     T     T     C     C     T     G     Y     K     G     C     Y     Y     F     G     T     N     G     K     F     V     C     E     G     E     S     D     E     P     K     P     -     -     -     -     -     -     -     -     -     -     -     -     -     -     -     -     -     -     -     
0.017 0.013 0.048 0.022 0.012 0.071 0.011 0.022 0.056 0.022 0.008 0.008 0.008 0.022 0.042 0.022 0.019 0.033 0.125 0.017 0.022 0.033 0.009 0.031 0.022 0.007 0.022 0.006 0.008 0.005 0.042 0.042 0.022 0.005 0.056 0.017 0.056 0.056 0.016 0.025 0.062 0.042 0.025 0.021 0.031 0.022 0.022 0.019 0.014 0.050 0.042 0.009 0.014 
>Sequence
Normalized_weight: 0.029
-     -     -     C     T     T     C     C     T     G     Y     K     G     C     Y     Y     F     G     K     N     G     K     F     V     C     E     G     E     S     D     E     P     K     A     N     M     Y     P     -     -     -     -     -     -     -     -     -     -     -     -     -     -     -     
0.017 0.013 0.048 0.022 0.012 0.071 0.011 0.022 0.056 0.022 0.008 0.008 0.008 0.022 0.042 0.022 0.019 0.033 0.018 0.017 0.022 0.033 0.009 0.031 0.022 0.007 0.022 0.006 0.008 0.005 0.042 0.042 0.022 0.083 0.048 0.050 0.167 0.011 0.016 0.025 0.062 0.042 0.025 0.021 0.031 0.022 0.022 0.019 0.014 0.050 0.042 0.009 0.014 
>Sequence
Normalized_weight: 0.029
-     -     -     C     T     T     C     C     T     G     Y     K     G     C     Y     Y     F     G     K     D     G     K     F     V     C     E     G     E     S     D     E     P     K     A     N     M     Y     P     -     -     -     -     -     -     -     -     -     -     -     -     -     -     -     
0.017 0.013 0.048 0.022 0.012 0.071 0.011 0.022 0.056 0.022 0.008 0.008 0.008 0.022 0.042 0.022 0.019 0.033 0.018 0.007 0.022 0.033 0.009 0.031 0.022 0.007 0.022 0.006 0.008 0.005 0.042 0.042 0.022 0.083 0.048 0.050 0.167 0.011 0.016 0.025 0.062 0.042 0.025 0.021 0.031 0.022 0.022 0.019 0.014 0.050 0.042 0.009 0.014 
>Sequence
Normalized_weight: 0.013
-     -     I     C     T     N     C     C     A     G     T     K     G     C     K     Y     F     S     D     D     G     T     F     V     C     E     G     E     S     D     P     R     N     P     K     A     C     T     L     N     C     D     P     R     I     A     Y     G     V     C     P     R     -     
0.017 0.013 0.010 0.022 0.012 0.013 0.011 0.022 0.010 0.022 0.014 0.008 0.008 0.022 0.023 0.022 0.019 0.006 0.018 0.007 0.022 0.005 0.009 0.031 0.022 0.007 0.022 0.006 0.008 0.005 0.004 0.018 0.004 0.005 0.010 0.004 0.009 0.030 0.014 0.008 0.013 0.009 0.013 0.007 0.007 0.007 0.006 0.012 0.031 0.014 0.015 0.009 0.014 
>Sequence
Normalized_weight: 0.012
-     -     I     C     T     N     C     C     A     G     K     K     G     C     K     Y     F     S     D     D     G     T     F     V     C     E     G     E     S     D     P     K     N     P     K     A     C     P     R     N     C     D     G     R     I     A     Y     G     I     C     P     -     -     
0.017 0.013 0.010 0.022 0.012 0.013 0.011 0.022 0.010 0.022 0.018 0.008 0.008 0.022 0.023 0.022 0.019 0.006 0.018 0.007 0.022 0.005 0.009 0.031 0.022 0.007 0.022 0.006 0.008 0.005 0.004 0.008 0.004 0.005 0.010 0.004 0.009 0.011 0.007 0.008 0.013 0.009 0.022 0.007 0.007 0.007 0.006 0.012 0.010 0.014 0.015 0.009 0.014 
>Sequence
Normalized_weight: 0.028
-     -     I     C     T     N     N     C     A     G     R     K     G     C     S     Y     F     S     E     D     G     T     F     I     C     K     G     E     S     N     P     E     N     P     K     A     C     P     R     N     C     D     G     R     I     A     Y     G     I     C     P     -     -     
0.017 0.013 0.010 0.022 0.012 0.013 0.500 0.022 0.010 0.022 0.020 0.008 0.008 0.022 0.125 0.022 0.019 0.006 0.062 0.007 0.022 0.005 0.009 0.017 0.022 0.125 0.022 0.006 0.008 0.071 0.004 0.042 0.004 0.005 0.010 0.004 0.009 0.011 0.007 0.008 0.013 0.009 0.022 0.007 0.007 0.007 0.006 0.012 0.010 0.014 0.015 0.009 0.014 
>Sequence
Normalized_weight: 0.021
-     -     L     C     T     N     C     C     A     G     K     K     G     C     K     Y     F     S     K     D     G     T     Y     I     C     D     G     E     S     E     N     N     L     K     K     A     C     T     K     E     C     D     T     R     I     D     F     G     I     C     P     -     -     
0.017 0.013 0.056 0.022 0.012 0.013 0.011 0.022 0.010 0.022 0.018 0.008 0.008 0.022 0.023 0.022 0.019 0.006 0.018 0.007 0.022 0.005 0.067 0.017 0.022 0.050 0.022 0.006 0.008 0.020 0.062 0.016 0.056 0.056 0.010 0.004 0.009 0.030 0.021 0.025 0.013 0.009 0.017 0.007 0.007 0.040 0.050 0.012 0.010 0.014 0.015 0.009 0.014 
>Sequence
Normalized_weight: 0.021
-     -     L     C     T     N     C     C     A     G     K     K     G     C     K     Y     F     S     K     D     G     T     Y     I     C     D     G     E     S     D     N     N     L     E     K     D     C     T     K     E     C     D     T     R     I     D     F     G     I     C     P     -     -     
0.017 0.013 0.056 0.022 0.012 0.013 0.011 0.022 0.010 0.022 0.018 0.008 0.008 0.022 0.023 0.022 0.019 0.006 0.018 0.007 0.022 0.005 0.067 0.017 0.022 0.050 0.022 0.006 0.008 0.005 0.062 0.016 0.056 0.083 0.010 0.033 0.009 0.030 0.021 0.025 0.013 0.009 0.017 0.007 0.007 0.040 0.050 0.012 0.010 0.014 0.015 0.009 0.014 
