>Sequence
Normalized_weight: 0.092
-     -     -     -     -     -     -     -     D     C     Y     C     R     I     P     A     C     I     A     G     E     R     R     Y     G     T     C     I     Y     Q     G     R     L     W     A     F     C     C     -     -     
0.038 0.062 0.050 0.067 0.100 0.040 0.050 0.050 0.200 0.100 0.050 0.071 0.067 0.067 0.067 0.100 0.071 0.333 0.067 0.033 0.067 0.042 0.100 0.100 0.071 0.071 0.071 0.250 0.100 0.200 0.111 0.100 0.200 0.067 0.100 0.100 0.071 0.100 0.037 0.056 
>Sequence
Normalized_weight: 0.080
A     P     L     S     C     G     R     N     G     G     V     C     I     P     I     R     C     P     V     P     M     R     Q     I     G     T     C     F     G     R     -     -     P     V     K     C     C     R     S     W     
0.500 0.083 0.062 0.048 0.056 0.200 0.042 0.042 0.050 0.056 0.125 0.071 0.111 0.048 0.042 0.056 0.071 0.037 0.333 0.056 0.048 0.042 0.056 0.056 0.071 0.071 0.071 0.025 0.056 0.029 0.037 0.056 0.033 0.042 0.056 0.056 0.071 0.056 0.083 0.100 
>Sequence
Normalized_weight: 0.073
-     -     -     -     -     -     -     -     -     C     Y     C     R     I     P     A     C     L     A     G     E     R     R     Y     G     T     C     F     Y     M     G     R     V     W     A     F     C     C     -     -     
0.038 0.062 0.050 0.067 0.100 0.040 0.050 0.050 0.050 0.100 0.050 0.071 0.067 0.067 0.067 0.100 0.071 0.083 0.067 0.033 0.067 0.042 0.100 0.100 0.071 0.071 0.071 0.025 0.100 0.200 0.111 0.100 0.050 0.067 0.100 0.100 0.071 0.100 0.037 0.056 
>Sequence
Normalized_weight: 0.071
-     -     -     -     -     -     -     -     -     C     Y     C     R     I     P     A     C     L     A     G     E     R     R     Y     G     T     C     F     Y     L     G     R     V     W     A     F     C     C     -     -     
0.038 0.062 0.050 0.067 0.100 0.040 0.050 0.050 0.050 0.100 0.050 0.071 0.067 0.067 0.067 0.100 0.071 0.083 0.067 0.033 0.067 0.042 0.100 0.100 0.071 0.071 0.071 0.025 0.100 0.100 0.111 0.100 0.050 0.067 0.100 0.100 0.071 0.100 0.037 0.056 
>Sequence
Normalized_weight: 0.070
-     -     -     -     -     -     -     -     -     C     Y     C     R     I     P     A     C     L     A     G     E     R     R     Y     G     T     C     F     Y     R     R     R     V     W     A     F     C     C     -     -     
0.038 0.062 0.050 0.067 0.100 0.040 0.050 0.050 0.050 0.100 0.050 0.071 0.067 0.067 0.067 0.100 0.071 0.083 0.067 0.033 0.067 0.042 0.100 0.100 0.071 0.071 0.071 0.025 0.100 0.029 0.167 0.100 0.050 0.067 0.100 0.100 0.071 0.100 0.037 0.056 
>Sequence
Normalized_weight: 0.072
-     -     -     -     -     -     -     -     -     C     Y     C     R     I     P     A     C     L     A     G     E     R     R     Y     G     T     C     F     Y     L     R     R     V     W     A     F     C     C     -     -     
0.038 0.062 0.050 0.067 0.100 0.040 0.050 0.050 0.050 0.100 0.050 0.071 0.067 0.067 0.067 0.100 0.071 0.083 0.067 0.033 0.067 0.042 0.100 0.100 0.071 0.071 0.071 0.025 0.100 0.100 0.167 0.100 0.050 0.067 0.100 0.100 0.071 0.100 0.037 0.056 
>Sequence
Normalized_weight: 0.060
-     P     L     S     C     R     R     K     G     G     I     C     I     L     I     R     C     P     G     P     M     R     Q     I     G     T     C     F     G     R     -     -     P     V     K     C     C     R     S     W     
0.038 0.083 0.062 0.048 0.056 0.040 0.042 0.125 0.050 0.056 0.050 0.071 0.111 0.167 0.042 0.056 0.071 0.037 0.042 0.056 0.048 0.042 0.056 0.056 0.071 0.071 0.071 0.025 0.056 0.029 0.037 0.056 0.033 0.042 0.056 0.056 0.071 0.056 0.083 0.100 
>Sequence
Normalized_weight: 0.057
-     P     L     S     C     R     R     N     G     G     V     C     I     P     I     R     C     P     G     P     M     R     Q     I     G     T     C     F     G     R     -     -     P     V     K     C     C     R     S     W     
0.038 0.083 0.062 0.048 0.056 0.040 0.042 0.042 0.050 0.056 0.125 0.071 0.111 0.048 0.042 0.056 0.071 0.037 0.042 0.056 0.048 0.042 0.056 0.056 0.071 0.071 0.071 0.025 0.056 0.029 0.037 0.056 0.033 0.042 0.056 0.056 0.071 0.056 0.083 0.100 
>Sequence
Normalized_weight: 0.080
-     -     V     T     C     R     I     N     R     G     F     C     V     P     I     R     C     P     G     R     T     R     Q     I     G     T     C     F     G     P     -     -     R     I     K     C     C     R     S     W     
0.038 0.062 0.062 0.167 0.056 0.040 0.125 0.042 0.200 0.056 0.125 0.071 0.056 0.048 0.042 0.056 0.071 0.037 0.042 0.083 0.167 0.042 0.056 0.056 0.071 0.071 0.071 0.025 0.056 0.067 0.037 0.056 0.200 0.333 0.056 0.056 0.071 0.056 0.083 0.100 
>Sequence
Normalized_weight: 0.065
-     P     V     S     C     V     R     N     K     G     I     C     V     P     I     R     C     P     G     S     M     K     Q     I     G     T     C     V     G     R     -     -     A     V     K     C     C     R     -     -     
0.038 0.083 0.062 0.048 0.056 0.100 0.042 0.042 0.050 0.056 0.050 0.071 0.056 0.048 0.042 0.056 0.071 0.037 0.042 0.167 0.048 0.250 0.056 0.056 0.071 0.071 0.071 0.125 0.056 0.029 0.037 0.056 0.100 0.042 0.056 0.056 0.071 0.056 0.037 0.056 
>Sequence
Normalized_weight: 0.063
-     P     V     S     C     V     R     N     K     G     I     C     V     P     I     R     C     P     G     N     M     K     Q     I     G     T     C     V     G     R     -     -     A     V     K     C     C     R     -     -     
0.038 0.083 0.062 0.048 0.056 0.100 0.042 0.042 0.050 0.056 0.050 0.071 0.056 0.048 0.042 0.056 0.071 0.037 0.042 0.083 0.048 0.250 0.056 0.056 0.071 0.071 0.071 0.125 0.056 0.029 0.037 0.056 0.100 0.042 0.056 0.056 0.071 0.056 0.037 0.056 
>Sequence
Normalized_weight: 0.072
-     -     L     S     C     R     W     K     K     G     I     C     V     L     T     R     C     P     G     T     M     R     Q     I     G     T     C     F     G     P     -     -     P     V     K     C     C     R     -     -     
0.038 0.062 0.062 0.048 0.056 0.040 0.250 0.125 0.050 0.056 0.050 0.071 0.056 0.167 0.333 0.056 0.071 0.037 0.042 0.167 0.048 0.042 0.056 0.056 0.071 0.071 0.071 0.025 0.056 0.067 0.037 0.056 0.033 0.042 0.056 0.056 0.071 0.056 0.037 0.056 
>Sequence
Normalized_weight: 0.068
-     P     Q     S     C     H     R     N     K     G     I     C     V     P     I     R     C     P     G     N     M     R     Q     I     G     T     C     L     G     P     -     -     P     V     K     C     C     R     -     -     
0.038 0.083 0.250 0.048 0.056 0.200 0.042 0.042 0.050 0.056 0.050 0.071 0.056 0.048 0.042 0.056 0.071 0.037 0.042 0.083 0.048 0.042 0.056 0.056 0.071 0.071 0.071 0.250 0.056 0.067 0.037 0.056 0.033 0.042 0.056 0.056 0.071 0.056 0.037 0.056 
>Sequence
Normalized_weight: 0.075
-     -     V     T     C     R     I     Y     G     G     F     C     V     P     I     R     C     P     G     R     T     R     Q     I     G     T     C     F     G     R     -     -     P     V     K     C     C     R     R     W     
0.038 0.062 0.062 0.167 0.056 0.040 0.125 0.250 0.050 0.056 0.125 0.071 0.056 0.048 0.042 0.056 0.071 0.037 0.042 0.083 0.167 0.042 0.056 0.056 0.071 0.071 0.071 0.025 0.056 0.029 0.037 0.056 0.033 0.042 0.056 0.056 0.071 0.056 0.333 0.100 
