>Sequence
Normalized_weight: 0.021
-     -     -     -     -     -     -     -     -     -     G     S     A     R     E     N     E     M     D     E     N     L     E     Q     V     S     G     I     I     G     N     L     R     H     M     A     L     D     M     G     N     E     I     D     T     Q     N     R     Q     I     D     R     I     M     E     K     A     D     S     N     K     T     R     I     D     E     A     N     Q     R     A     T     K     M     L     W     
0.014 0.008 0.010 0.008 0.010 0.010 0.006 0.014 0.010 0.021 0.200 0.250 0.008 0.007 0.006 0.017 0.006 0.009 0.020 0.006 0.006 0.006 0.013 0.006 0.010 0.008 0.010 0.008 0.013 0.005 0.004 0.008 0.011 0.015 0.010 0.008 0.006 0.006 0.006 0.005 0.008 0.008 0.012 0.008 0.018 0.012 0.004 0.007 0.003 0.013 0.005 0.004 0.007 0.020 0.009 0.005 0.005 0.008 0.006 0.006 0.013 0.011 0.004 0.007 0.006 0.007 0.005 0.004 0.008 0.006 0.005 0.012 0.006 0.040 0.010 0.500 
>Sequence
Normalized_weight: 0.019
P     S     S     G     Y     V     T     R     I     T     N     D     A     R     E     D     D     M     E     N     N     M     K     E     V     S     S     M     I     G     N     L     R     N     M     A     I     D     M     G     N     E     I     G     S     Q     N     R     Q     V     D     R     I     Q     Q     K     A     E     S     N     E     S     R     I     D     E     A     N     K     K     A     T     K     L     L     -     
0.071 0.020 0.125 0.013 0.019 0.083 0.024 0.019 0.016 0.025 0.013 0.012 0.008 0.007 0.006 0.005 0.167 0.009 0.026 0.071 0.006 0.040 0.091 0.024 0.010 0.008 0.008 0.010 0.013 0.005 0.004 0.008 0.011 0.004 0.010 0.008 0.010 0.006 0.006 0.005 0.008 0.008 0.012 0.056 0.010 0.012 0.004 0.007 0.003 0.062 0.005 0.004 0.007 0.033 0.021 0.005 0.005 0.013 0.006 0.006 0.013 0.019 0.004 0.007 0.006 0.007 0.005 0.004 0.006 0.021 0.005 0.012 0.006 0.008 0.010 0.012 
>Sequence
Normalized_weight: 0.015
-     -     -     -     -     -     -     -     -     -     -     -     A     R     E     D     E     M     E     E     N     L     T     Q     V     G     S     I     L     G     N     L     K     D     M     A     L     N     I     G     N     E     I     D     A     Q     N     P     Q     I     K     R     I     T     D     K     A     D     T     N     R     D     R     I     D     I     A     N     A     R     A     K     K     L     I     -     
0.014 0.008 0.010 0.008 0.010 0.010 0.006 0.014 0.010 0.021 0.010 0.013 0.008 0.007 0.006 0.005 0.006 0.009 0.026 0.006 0.006 0.006 0.018 0.006 0.010 0.012 0.008 0.008 0.010 0.005 0.004 0.008 0.010 0.023 0.010 0.008 0.006 0.200 0.067 0.005 0.008 0.008 0.012 0.008 0.018 0.012 0.004 0.033 0.003 0.013 0.071 0.004 0.007 0.011 0.009 0.005 0.005 0.008 0.020 0.006 0.050 0.038 0.004 0.007 0.006 0.022 0.005 0.004 0.023 0.006 0.005 0.014 0.006 0.008 0.050 0.012 
>Sequence
Normalized_weight: 0.017
-     -     -     -     -     -     -     -     -     -     -     -     -     E     K     A     K     Q     D     D     G     L     S     D     L     S     D     I     L     G     E     L     K     N     M     A     V     D     M     G     S     E     I     E     K     Q     N     K     G     L     D     H     L     H     D     D     V     D     E     L     N     F     R     V     Q     Q     S     N     Q     R     G     R     R     L     L     -     
0.014 0.008 0.010 0.008 0.010 0.010 0.006 0.014 0.010 0.021 0.010 0.013 0.023 0.033 0.028 0.017 0.017 0.022 0.020 0.020 0.050 0.006 0.030 0.018 0.028 0.008 0.028 0.008 0.010 0.005 0.033 0.008 0.010 0.004 0.010 0.008 0.016 0.006 0.006 0.005 0.008 0.008 0.012 0.010 0.030 0.012 0.004 0.013 0.077 0.013 0.005 0.031 0.022 0.020 0.009 0.024 0.011 0.008 0.017 0.016 0.014 0.026 0.004 0.014 0.042 0.033 0.062 0.004 0.008 0.006 0.062 0.008 0.019 0.008 0.010 0.012 
>Sequence
Normalized_weight: 0.025
-     -     -     -     -     -     -     -     -     -     -     -     -     -     -     A     K     Q     D     E     A     L     T     D     L     S     A     L     L     G     E     L     K     N     M     A     V     D     M     G     T     A     I     E     R     Q     T     N     E     L     D     H     L     Q     D     N     A     D     E     L     N     Y     R     V     K     Q     S     N     Q     R     A     R     Y     L     L     -     
0.014 0.008 0.010 0.008 0.010 0.010 0.006 0.014 0.010 0.021 0.010 0.013 0.023 0.028 0.033 0.017 0.017 0.022 0.020 0.006 0.067 0.006 0.018 0.018 0.028 0.008 0.021 0.062 0.010 0.005 0.033 0.008 0.010 0.004 0.010 0.008 0.016 0.006 0.006 0.005 0.013 0.333 0.012 0.010 0.023 0.012 0.036 0.100 0.077 0.013 0.005 0.031 0.022 0.033 0.009 0.167 0.005 0.008 0.017 0.016 0.014 0.038 0.004 0.014 0.008 0.033 0.062 0.004 0.008 0.006 0.005 0.008 0.111 0.008 0.010 0.012 
>Sequence
Normalized_weight: 0.026
-     -     -     -     -     -     -     -     -     -     -     -     A     E     K     A     R     Q     D     D     A     F     A     D     L     S     N     I     L     G     G     L     K     D     M     A     L     D     M     G     T     E     I     D     R     Q     N     K     S     L     D     T     F     G     D     D     V     D     E     L     N     F     R     V     K     G     A     N     Q     R     G     R     R     L     L     -     
0.014 0.008 0.010 0.008 0.010 0.010 0.006 0.014 0.010 0.021 0.010 0.013 0.008 0.033 0.028 0.017 0.167 0.022 0.020 0.020 0.067 0.200 0.091 0.018 0.028 0.008 0.028 0.008 0.010 0.005 0.100 0.008 0.010 0.023 0.010 0.008 0.006 0.006 0.006 0.005 0.013 0.008 0.012 0.008 0.023 0.012 0.004 0.013 0.077 0.013 0.005 0.125 0.200 0.033 0.009 0.024 0.011 0.008 0.017 0.016 0.014 0.026 0.004 0.014 0.008 0.013 0.005 0.004 0.008 0.006 0.062 0.008 0.019 0.008 0.010 0.012 
>Sequence
Normalized_weight: 0.010
-     -     -     -     -     -     -     -     -     -     -     -     A     R     E     D     E     M     E     E     N     V     G     Q     V     N     T     M     I     G     N     L     R     N     M     A     I     D     M     G     S     E     L     E     N     Q     N     R     Q     I     D     R     I     K     N     K     A     E     S     N     E     E     R     I     K     V     A     N     Q     R     A     H     N     L     L     -     
0.014 0.008 0.010 0.008 0.010 0.010 0.006 0.014 0.010 0.021 0.010 0.013 0.008 0.007 0.006 0.005 0.006 0.009 0.026 0.006 0.006 0.040 0.009 0.006 0.010 0.018 0.010 0.010 0.013 0.005 0.004 0.008 0.011 0.004 0.010 0.008 0.010 0.006 0.006 0.005 0.008 0.008 0.026 0.010 0.010 0.012 0.004 0.007 0.003 0.013 0.005 0.004 0.007 0.025 0.017 0.005 0.005 0.013 0.006 0.006 0.013 0.026 0.004 0.007 0.008 0.017 0.005 0.004 0.008 0.006 0.005 0.028 0.019 0.008 0.010 0.012 
>Sequence
Normalized_weight: 0.016
-     -     -     -     -     -     -     -     -     -     -     -     A     R     E     D     E     M     E     E     N     V     G     Q     V     N     T     M     I     G     N     L     R     N     M     A     I     D     M     G     S     E     L     E     N     Q     N     R     Q     I     D     R     I     K     N     K     A     E     S     N     E     E     R     H     D     S     R     T     N     K     -     -     -     -     -     -     
0.014 0.008 0.010 0.008 0.010 0.010 0.006 0.014 0.010 0.021 0.010 0.013 0.008 0.007 0.006 0.005 0.006 0.009 0.026 0.006 0.006 0.040 0.009 0.006 0.010 0.018 0.010 0.010 0.013 0.005 0.004 0.008 0.011 0.004 0.010 0.008 0.010 0.006 0.006 0.005 0.008 0.008 0.026 0.010 0.010 0.012 0.004 0.007 0.003 0.013 0.005 0.004 0.007 0.025 0.017 0.005 0.005 0.013 0.006 0.006 0.013 0.026 0.004 0.167 0.006 0.013 0.125 0.050 0.091 0.021 0.031 0.021 0.019 0.033 0.021 0.012 
>Sequence
Normalized_weight: 0.017
-     -     -     -     -     -     -     -     -     -     -     -     -     E     K     A     K     Q     D     D     G     L     S     D     L     S     D     I     L     G     D     L     K     S     M     A     V     D     M     G     S     E     I     D     K     Q     N     K     A     L     D     H     L     G     D     D     V     D     E     L     N     S     R     V     Q     G     A     N     Q     R     A     R     H     L     L     -     
0.014 0.008 0.010 0.008 0.010 0.010 0.006 0.014 0.010 0.021 0.010 0.013 0.023 0.033 0.028 0.017 0.017 0.022 0.020 0.020 0.050 0.006 0.030 0.018 0.028 0.008 0.028 0.008 0.010 0.005 0.050 0.008 0.010 0.091 0.010 0.008 0.016 0.006 0.006 0.005 0.008 0.008 0.012 0.008 0.030 0.012 0.004 0.013 0.038 0.013 0.005 0.031 0.022 0.033 0.009 0.024 0.011 0.008 0.017 0.016 0.014 0.019 0.004 0.014 0.042 0.013 0.005 0.004 0.008 0.006 0.005 0.008 0.056 0.008 0.010 0.012 
>Sequence
Normalized_weight: 0.018
-     -     -     -     -     -     -     -     -     -     -     -     A     R     E     D     E     M     E     E     N     V     G     Q     V     N     T     M     I     G     N     L     R     N     M     A     I     D     M     G     S     E     L     E     N     Q     N     R     Q     I     D     R     I     K     N     K     A     E     M     -     -     -     -     -     -     -     -     -     -     -     -     -     -     -     -     -     
0.014 0.008 0.010 0.008 0.010 0.010 0.006 0.014 0.010 0.021 0.010 0.013 0.008 0.007 0.006 0.005 0.006 0.009 0.026 0.006 0.006 0.040 0.009 0.006 0.010 0.018 0.010 0.010 0.013 0.005 0.004 0.008 0.011 0.004 0.010 0.008 0.010 0.006 0.006 0.005 0.008 0.008 0.026 0.010 0.010 0.012 0.004 0.007 0.003 0.013 0.005 0.004 0.007 0.025 0.017 0.005 0.005 0.013 0.033 0.071 0.050 0.038 0.056 0.083 0.042 0.033 0.062 0.050 0.045 0.083 0.031 0.021 0.019 0.033 0.021 0.012 
>Sequence
Normalized_weight: 0.023
-     -     -     -     -     -     -     -     -     -     -     -     -     E     K     A     K     Q     D     D     G     L     S     D     L     S     D     I     L     T     E     L     K     G     M     A     I     D     M     G     T     E     I     E     G     Q     T     K     D     L     G     H     A     E     K     D     F     D     E     L     N     Y     R     V     K     G     A     N     A     R     T     R     R     L     L     -     
0.014 0.008 0.010 0.008 0.010 0.010 0.006 0.014 0.010 0.021 0.010 0.013 0.023 0.033 0.028 0.017 0.017 0.022 0.020 0.020 0.050 0.006 0.030 0.018 0.028 0.008 0.028 0.008 0.010 0.083 0.033 0.008 0.010 0.023 0.010 0.008 0.010 0.006 0.006 0.005 0.013 0.008 0.012 0.010 0.091 0.012 0.036 0.013 0.077 0.013 0.024 0.031 0.200 0.033 0.083 0.024 0.111 0.008 0.017 0.016 0.014 0.038 0.004 0.014 0.008 0.013 0.005 0.004 0.023 0.006 0.062 0.008 0.019 0.008 0.010 0.012 
>Sequence
Normalized_weight: 0.032
-     -     -     -     -     -     -     -     -     -     -     -     -     -     Q     A     Q     I     D     S     N     L     E     E     M     C     S     N     L     S     V     L     K     M     L     A     T     D     L     G     G     E     I     E     S     Q     N     E     L     L     D     N     M     N     Y     K     I     E     D     V     D     L     K     I     H     K     Q     N     K     D     M     S     K     L     L     -     
0.014 0.008 0.010 0.008 0.010 0.010 0.006 0.014 0.010 0.021 0.010 0.013 0.023 0.028 0.167 0.017 0.056 0.025 0.020 0.036 0.006 0.006 0.013 0.024 0.050 0.143 0.008 0.042 0.010 0.042 0.100 0.008 0.010 0.091 0.033 0.008 0.056 0.006 0.040 0.005 0.100 0.008 0.012 0.010 0.010 0.012 0.004 0.020 0.038 0.013 0.005 0.125 0.067 0.010 0.028 0.005 0.111 0.013 0.050 0.048 0.009 0.019 0.056 0.007 0.042 0.067 0.042 0.004 0.006 0.167 0.031 0.028 0.006 0.008 0.010 0.012 
>Sequence
Normalized_weight: 0.021
-     -     -     -     -     -     -     -     -     -     -     -     A     Y     H     Q     K     I     D     S     N     L     D     E     L     S     V     G     L     G     R     L     K     D     I     A     L     G     M     Q     T     E     I     E     E     Q     D     D     I     L     D     R     L     T     T     K     V     D     K     L     D     V     N     I     K     S     T     E     K     K     V     R     Q     L     -     -     
0.014 0.008 0.010 0.008 0.010 0.010 0.006 0.014 0.010 0.021 0.010 0.013 0.008 0.083 0.083 0.050 0.017 0.025 0.020 0.036 0.006 0.006 0.008 0.024 0.028 0.008 0.083 0.021 0.010 0.005 0.013 0.008 0.010 0.023 0.167 0.008 0.006 0.050 0.006 0.033 0.013 0.008 0.012 0.010 0.023 0.012 0.036 0.033 0.019 0.013 0.005 0.004 0.022 0.011 0.028 0.005 0.011 0.008 0.025 0.016 0.009 0.015 0.028 0.007 0.008 0.013 0.025 0.050 0.006 0.021 0.042 0.008 0.037 0.008 0.021 0.012 
>Sequence
Normalized_weight: 0.022
-     -     -     -     -     -     -     -     -     -     -     -     A     Y     H     Q     K     I     D     S     N     L     D     E     L     S     M     G     L     G     R     L     K     D     I     A     L     G     M     Q     T     E     I     E     E     Q     D     D     I     L     D     R     L     T     T     K     V     D     K     L     D     V     N     I     K     S     T     E     R     K     V     R     Q     L     L     -     
0.014 0.008 0.010 0.008 0.010 0.010 0.006 0.014 0.010 0.021 0.010 0.013 0.008 0.083 0.083 0.050 0.017 0.025 0.020 0.036 0.006 0.006 0.008 0.024 0.028 0.008 0.083 0.021 0.010 0.005 0.013 0.008 0.010 0.023 0.167 0.008 0.006 0.050 0.006 0.033 0.013 0.008 0.012 0.010 0.023 0.012 0.036 0.033 0.019 0.013 0.005 0.004 0.022 0.011 0.028 0.005 0.011 0.008 0.025 0.016 0.009 0.015 0.028 0.007 0.008 0.013 0.025 0.050 0.091 0.021 0.042 0.008 0.037 0.008 0.010 0.012 
>Sequence
Normalized_weight: 0.025
-     -     -     -     -     -     -     -     -     -     -     -     -     E     K     K     K     Q     D     D     A     L     D     D     L     S     G     V     L     G     Q     L     Q     G     M     A     V     D     M     G     S     E     L     D     R     Q     N     K     A     L     D     D     M     H     G     D     V     E     E     -     -     -     -     -     -     -     -     -     -     -     -     -     -     -     -     -     
0.014 0.008 0.010 0.008 0.010 0.010 0.006 0.014 0.010 0.021 0.010 0.013 0.023 0.033 0.028 0.050 0.017 0.022 0.020 0.020 0.067 0.006 0.008 0.018 0.028 0.008 0.010 0.042 0.010 0.005 0.050 0.008 0.067 0.023 0.010 0.008 0.016 0.006 0.006 0.005 0.008 0.008 0.026 0.008 0.023 0.012 0.004 0.013 0.038 0.013 0.005 0.062 0.067 0.020 0.021 0.024 0.011 0.013 0.017 0.071 0.050 0.038 0.056 0.083 0.042 0.033 0.062 0.050 0.045 0.083 0.031 0.021 0.019 0.033 0.021 0.012 
>Sequence
Normalized_weight: 0.042
-     -     -     -     -     -     -     -     -     -     -     -     -     -     -     -     E     Q     D     D     E     L     E     L     V     G     N     S     V     R     T     L     R     G     M     S     S     M     I     G     D     E     L     D     Q     Q     S     T     M     L     D     D     L     G     Q     E     M     E     Y     S     E     T     R     L     D     T     A     M     K     K     M     A     K     L     -     -     
0.014 0.008 0.010 0.008 0.010 0.010 0.006 0.014 0.010 0.021 0.010 0.013 0.023 0.028 0.033 0.033 0.006 0.022 0.020 0.020 0.200 0.006 0.013 0.071 0.010 0.012 0.028 0.125 0.040 0.042 0.100 0.008 0.011 0.023 0.010 0.333 0.056 0.200 0.067 0.005 0.100 0.008 0.026 0.008 0.045 0.012 0.143 0.100 0.015 0.013 0.005 0.062 0.022 0.033 0.021 0.167 0.056 0.013 0.100 0.143 0.013 0.011 0.004 0.042 0.006 0.033 0.005 0.100 0.006 0.021 0.031 0.083 0.006 0.008 0.021 0.012 
>Sequence
Normalized_weight: 0.030
-     -     -     -     -     -     -     -     -     -     -     -     A     M     E     K     E     I     D     G     N     L     D     Q     I     G     A     L     A     T     R     L     K     G     L     A     Y     A     T     G     Q     E     I     D     S     Q     N     A     R     L     G     S     I     H     D     K     S     D     R     L     D     T     D     V     Y     L     N     V     E     R     L     R     H     I     -     -     
0.014 0.008 0.010 0.008 0.010 0.010 0.006 0.014 0.010 0.021 0.010 0.013 0.008 0.033 0.006 0.050 0.006 0.025 0.020 0.143 0.006 0.006 0.008 0.006 0.050 0.012 0.021 0.062 0.200 0.083 0.013 0.008 0.010 0.023 0.033 0.008 0.111 0.050 0.100 0.005 0.033 0.008 0.012 0.008 0.010 0.012 0.004 0.050 0.038 0.013 0.024 0.125 0.007 0.020 0.009 0.005 0.056 0.008 0.020 0.016 0.009 0.011 0.056 0.014 0.083 0.033 0.042 0.100 0.030 0.006 0.042 0.008 0.056 0.029 0.021 0.012 
>Sequence
Normalized_weight: 0.020
-     -     -     -     -     -     -     -     -     -     -     -     -     -     -     -     K     V     D     S     N     L     D     D     M     S     L     G     L     G     R     L     K     N     L     A     L     G     L     Q     T     E     I     D     D     Q     D     E     M     L     G     R     L     T     G     K     V     D     K     M     D     L     N     I     K     T     T     D     K     R     I     R     -     -     -     -     
0.014 0.008 0.010 0.008 0.010 0.010 0.006 0.014 0.010 0.021 0.010 0.013 0.023 0.028 0.033 0.033 0.017 0.100 0.020 0.036 0.006 0.006 0.008 0.018 0.050 0.008 0.042 0.021 0.010 0.005 0.013 0.008 0.010 0.004 0.033 0.008 0.006 0.050 0.040 0.033 0.013 0.008 0.012 0.008 0.091 0.012 0.036 0.020 0.015 0.013 0.024 0.004 0.022 0.011 0.021 0.005 0.011 0.008 0.025 0.048 0.009 0.019 0.028 0.007 0.008 0.033 0.025 0.020 0.006 0.006 0.062 0.008 0.019 0.033 0.021 0.012 
>Sequence
Normalized_weight: 0.039
-     -     -     -     -     -     -     -     -     -     -     -     -     -     -     E     E     Q     D     E     D     L     E     V     L     T     R     V     I     R     R     Q     K     E     M     G     L     A     I     E     E     E     V     K     Q     Q     T     E     M     L     D     R     M     N     E     D     V     D     R     V     G     G     K     I     K     V     A     K     D     R     T     R     K     L     -     -     
0.014 0.008 0.010 0.008 0.010 0.010 0.006 0.014 0.010 0.021 0.010 0.013 0.023 0.028 0.033 0.050 0.006 0.022 0.020 0.006 0.200 0.006 0.013 0.143 0.028 0.143 0.083 0.042 0.013 0.042 0.013 0.333 0.010 0.091 0.010 0.111 0.006 0.050 0.067 0.167 0.050 0.008 0.083 0.083 0.045 0.012 0.036 0.020 0.015 0.013 0.005 0.004 0.067 0.010 0.009 0.024 0.011 0.008 0.020 0.048 0.100 0.026 0.056 0.007 0.008 0.017 0.005 0.100 0.045 0.006 0.062 0.008 0.006 0.008 0.021 0.012 
>Sequence
Normalized_weight: 0.035
-     -     -     -     -     -     -     -     -     -     -     -     -     R     K     I     K     Q     E     Q     G     L     D     M     I     S     E     G     L     D     A     L     K     N     M     A     S     D     M     N     E     E     L     D     R     Q     V     P     L     M     D     E     I     D     T     K     V     D     R     A     T     S     D     L     K     N     T     N     V     R     -     -     -     -     -     -     
0.014 0.008 0.010 0.008 0.010 0.010 0.006 0.014 0.010 0.021 0.010 0.013 0.023 0.007 0.028 0.100 0.017 0.022 0.026 0.029 0.050 0.006 0.008 0.048 0.050 0.008 0.083 0.021 0.010 0.167 0.100 0.008 0.010 0.004 0.010 0.008 0.056 0.006 0.006 0.083 0.050 0.008 0.026 0.008 0.023 0.012 0.143 0.033 0.038 0.250 0.005 0.125 0.007 0.100 0.028 0.005 0.011 0.008 0.020 0.143 0.050 0.019 0.056 0.042 0.008 0.067 0.025 0.004 0.091 0.006 0.031 0.021 0.019 0.033 0.021 0.012 
>Sequence
Normalized_weight: 0.020
-     -     -     -     -     -     -     -     -     -     -     -     -     -     -     -     K     V     D     N     N     L     D     D     M     S     L     G     L     G     R     L     K     N     L     A     L     G     L     Q     T     E     I     D     E     Q     D     D     I     L     G     R     L     T     G     K     V     D     K     M     D     L     N     I     K     A     T     D     K     R     I     R     -     -     -     -     
0.014 0.008 0.010 0.008 0.010 0.010 0.006 0.014 0.010 0.021 0.010 0.013 0.023 0.028 0.033 0.033 0.017 0.100 0.020 0.071 0.006 0.006 0.008 0.018 0.050 0.008 0.042 0.021 0.010 0.005 0.013 0.008 0.010 0.004 0.033 0.008 0.006 0.050 0.040 0.033 0.013 0.008 0.012 0.008 0.023 0.012 0.036 0.033 0.019 0.013 0.024 0.004 0.022 0.011 0.021 0.005 0.011 0.008 0.025 0.048 0.009 0.019 0.028 0.007 0.008 0.033 0.025 0.020 0.006 0.006 0.062 0.008 0.019 0.033 0.021 0.012 
>Sequence
Normalized_weight: 0.012
-     S     G     G     F     I     R     R     V     T     D     D     A     R     E     N     E     M     D     E     N     L     E     Q     V     G     G     I     I     G     N     L     R     H     M     A     L     D     M     G     N     E     I     D     T     Q     N     R     Q     I     D     R     I     M     E     K     A     D     S     N     K     T     R     I     D     E     A     N     Q     R     A     T     K     M     L     -     
0.014 0.020 0.017 0.013 0.042 0.016 0.036 0.019 0.083 0.025 0.040 0.012 0.008 0.007 0.006 0.017 0.006 0.009 0.020 0.006 0.006 0.006 0.013 0.006 0.010 0.012 0.010 0.008 0.013 0.005 0.004 0.008 0.011 0.015 0.010 0.008 0.006 0.006 0.006 0.005 0.008 0.008 0.012 0.008 0.018 0.012 0.004 0.007 0.003 0.013 0.005 0.004 0.007 0.020 0.009 0.005 0.005 0.008 0.006 0.006 0.013 0.011 0.004 0.007 0.006 0.007 0.005 0.004 0.008 0.006 0.005 0.012 0.006 0.040 0.010 0.012 
>Sequence
Normalized_weight: 0.013
-     S     G     G     Y     I     K     R     I     T     N     D     A     R     E     D     E     M     E     E     N     L     T     Q     V     G     S     I     L     G     N     L     K     N     M     A     L     D     M     G     N     E     I     D     A     Q     N     Q     Q     I     Q     K     I     T     E     K     A     D     T     N     K     N     R     I     D     I     A     N     T     R     A     K     K     L     I     -     
0.014 0.020 0.017 0.013 0.019 0.016 0.036 0.019 0.016 0.025 0.013 0.012 0.008 0.007 0.006 0.005 0.006 0.009 0.026 0.006 0.006 0.006 0.018 0.006 0.010 0.012 0.008 0.008 0.010 0.005 0.004 0.008 0.010 0.004 0.010 0.008 0.006 0.006 0.006 0.005 0.008 0.008 0.012 0.008 0.018 0.012 0.004 0.025 0.003 0.013 0.071 0.062 0.007 0.011 0.009 0.005 0.005 0.008 0.020 0.006 0.013 0.038 0.004 0.007 0.006 0.022 0.005 0.004 0.045 0.006 0.005 0.014 0.006 0.008 0.050 0.012 
>Sequence
Normalized_weight: 0.022
P     Q     G     G     Y     I     T     K     I     T     N     D     A     R     E     D     E     M     D     E     N     V     Q     Q     V     S     T     M     V     G     N     L     R     N     M     A     I     D     M     S     T     E     V     S     N     Q     N     R     Q     L     D     R     I     H     D     K     A     Q     S     N     E     V     R     V     E     S     A     N     K     R     A     K     N     L     I     -     
0.071 0.040 0.017 0.013 0.019 0.016 0.024 0.167 0.016 0.025 0.013 0.012 0.008 0.007 0.006 0.005 0.006 0.009 0.020 0.006 0.006 0.040 0.045 0.006 0.010 0.008 0.010 0.010 0.040 0.005 0.004 0.008 0.011 0.004 0.010 0.008 0.010 0.006 0.006 0.083 0.013 0.008 0.083 0.167 0.010 0.012 0.004 0.007 0.003 0.013 0.005 0.004 0.007 0.020 0.009 0.005 0.005 0.200 0.006 0.006 0.013 0.015 0.004 0.014 0.042 0.013 0.005 0.004 0.006 0.006 0.005 0.014 0.019 0.008 0.050 0.012 
>Sequence
Normalized_weight: 0.015
-     S     G     G     F     V     R     R     V     T     N     D     A     R     E     T     E     M     D     E     N     L     E     Q     V     G     G     I     I     G     N     L     R     H     M     A     L     D     M     G     N     E     I     D     T     Q     N     R     Q     I     D     R     I     M     E     K     A     D     S     N     K     A     R     I     D     E     A     N     K     H     A     T     K     M     L     -     
0.014 0.020 0.017 0.013 0.042 0.083 0.036 0.019 0.083 0.025 0.013 0.012 0.008 0.007 0.006 0.100 0.006 0.009 0.020 0.006 0.006 0.006 0.013 0.006 0.010 0.012 0.010 0.008 0.013 0.005 0.004 0.008 0.011 0.015 0.010 0.008 0.006 0.006 0.006 0.005 0.008 0.008 0.012 0.008 0.018 0.012 0.004 0.007 0.003 0.013 0.005 0.004 0.007 0.020 0.009 0.005 0.005 0.008 0.006 0.006 0.013 0.015 0.004 0.007 0.006 0.007 0.005 0.004 0.006 0.083 0.005 0.012 0.006 0.040 0.010 0.012 
>Sequence
Normalized_weight: 0.012
-     S     G     P     Y     I     K     R     I     T     N     D     A     R     E     D     E     M     E     E     N     L     D     Q     V     G     S     I     I     G     N     L     K     N     L     A     L     D     M     G     N     E     I     D     K     Q     N     K     T     I     D     R     I     T     D     K     A     D     M     N     K     A     R     I     D     E     A     N     Q     R     A     N     K     L     L     -     
0.014 0.020 0.017 0.067 0.019 0.016 0.036 0.019 0.016 0.025 0.013 0.012 0.008 0.007 0.006 0.005 0.006 0.009 0.026 0.006 0.006 0.006 0.008 0.006 0.010 0.012 0.008 0.008 0.013 0.005 0.004 0.008 0.010 0.004 0.033 0.008 0.006 0.006 0.006 0.005 0.008 0.008 0.012 0.008 0.030 0.012 0.004 0.013 0.077 0.013 0.005 0.004 0.007 0.011 0.009 0.005 0.005 0.008 0.033 0.006 0.013 0.015 0.004 0.007 0.006 0.007 0.005 0.004 0.008 0.006 0.005 0.028 0.006 0.008 0.010 0.012 
>Sequence
Normalized_weight: 0.016
P     Q     A     G     Y     I     G     R     I     T     N     D     A     R     E     D     E     M     E     E     N     M     G     Q     V     N     T     M     I     G     N     L     R     N     M     A     L     D     M     G     S     E     L     E     N     Q     N     R     Q     I     D     R     I     N     R     K     G     D     S     N     A     T     R     I     A     A     A     N     E     R     A     H     D     L     L     -     
0.071 0.040 0.083 0.013 0.019 0.016 0.036 0.019 0.016 0.025 0.013 0.012 0.008 0.007 0.006 0.005 0.006 0.009 0.026 0.006 0.006 0.040 0.009 0.006 0.010 0.018 0.010 0.010 0.013 0.005 0.004 0.008 0.011 0.004 0.010 0.008 0.006 0.006 0.006 0.005 0.008 0.008 0.026 0.010 0.010 0.012 0.004 0.007 0.003 0.013 0.005 0.004 0.007 0.010 0.042 0.005 0.022 0.008 0.006 0.006 0.100 0.011 0.004 0.007 0.028 0.033 0.005 0.004 0.030 0.006 0.005 0.028 0.111 0.008 0.010 0.012 
>Sequence
Normalized_weight: 0.014
-     S     G     G     F     I     R     R     V     T     N     D     A     R     E     N     E     M     D     E     N     L     E     Q     V     G     S     I     I     G     N     L     R     H     M     A     L     D     M     G     N     E     I     D     T     Q     N     R     Q     I     D     R     I     M     D     M     A     D     S     N     K     T     R     I     D     E     A     N     Q     R     A     T     K     M     L     -     
0.014 0.020 0.017 0.013 0.042 0.016 0.036 0.019 0.083 0.025 0.013 0.012 0.008 0.007 0.006 0.017 0.006 0.009 0.020 0.006 0.006 0.006 0.013 0.006 0.010 0.012 0.008 0.008 0.013 0.005 0.004 0.008 0.011 0.015 0.010 0.008 0.006 0.006 0.006 0.005 0.008 0.008 0.012 0.008 0.018 0.012 0.004 0.007 0.003 0.013 0.005 0.004 0.007 0.020 0.009 0.167 0.005 0.008 0.006 0.006 0.013 0.011 0.004 0.007 0.006 0.007 0.005 0.004 0.008 0.006 0.005 0.012 0.006 0.040 0.010 0.012 
>Sequence
Normalized_weight: 0.016
P     Q     G     G     Y     I     G     R     I     T     N     D     A     R     E     D     E     M     E     E     N     V     G     Q     V     N     T     M     I     G     N     L     R     N     M     A     I     D     M     G     S     E     L     E     N     Q     N     R     Q     I     D     R     I     K     N     K     A     E     S     N     E     E     R     I     K     V     A     N     Q     R     A     S     N     L     M     -     
0.071 0.040 0.017 0.013 0.019 0.016 0.036 0.019 0.016 0.025 0.013 0.012 0.008 0.007 0.006 0.005 0.006 0.009 0.026 0.006 0.006 0.040 0.009 0.006 0.010 0.018 0.010 0.010 0.013 0.005 0.004 0.008 0.011 0.004 0.010 0.008 0.010 0.006 0.006 0.005 0.008 0.008 0.026 0.010 0.010 0.012 0.004 0.007 0.003 0.013 0.005 0.004 0.007 0.025 0.017 0.005 0.005 0.013 0.006 0.006 0.013 0.026 0.004 0.007 0.008 0.017 0.005 0.004 0.008 0.006 0.005 0.028 0.019 0.008 0.250 0.012 
>Sequence
Normalized_weight: 0.018
P     T     G     G     Y     I     T     R     I     T     N     D     A     R     E     D     E     M     E     Q     N     I     G     E     V     A     G     M     V     S     N     L     R     N     M     A     V     D     M     G     N     E     I     E     S     Q     N     K     Q     L     D     R     I     N     Q     K     G     G     S     L     N     V     R     V     D     E     A     N     K     R     A     N     R     I     L     -     
0.071 0.067 0.017 0.013 0.019 0.016 0.024 0.019 0.016 0.025 0.013 0.012 0.008 0.007 0.006 0.005 0.006 0.009 0.026 0.029 0.006 0.200 0.009 0.024 0.010 0.071 0.010 0.010 0.040 0.042 0.004 0.008 0.011 0.004 0.010 0.008 0.016 0.006 0.006 0.005 0.008 0.008 0.012 0.010 0.010 0.012 0.004 0.013 0.003 0.013 0.005 0.004 0.007 0.010 0.021 0.005 0.022 0.100 0.006 0.016 0.014 0.015 0.004 0.014 0.006 0.007 0.005 0.004 0.006 0.006 0.005 0.028 0.019 0.029 0.010 0.012 
>Sequence
Normalized_weight: 0.013
-     Q     A     G     Y     I     G     R     I     T     N     D     A     R     E     D     E     M     E     E     N     M     G     Q     V     N     T     M     I     G     N     L     R     N     M     A     L     D     M     G     S     E     L     E     N     Q     N     R     Q     I     D     R     I     N     R     K     G     E     S     N     E     A     R     I     A     V     A     N     Q     R     A     H     Q     L     L     -     
0.014 0.040 0.083 0.013 0.019 0.016 0.036 0.019 0.016 0.025 0.013 0.012 0.008 0.007 0.006 0.005 0.006 0.009 0.026 0.006 0.006 0.040 0.009 0.006 0.010 0.018 0.010 0.010 0.013 0.005 0.004 0.008 0.011 0.004 0.010 0.008 0.006 0.006 0.006 0.005 0.008 0.008 0.026 0.010 0.010 0.012 0.004 0.007 0.003 0.013 0.005 0.004 0.007 0.010 0.042 0.005 0.022 0.013 0.006 0.006 0.013 0.015 0.004 0.007 0.028 0.017 0.005 0.004 0.008 0.006 0.005 0.028 0.037 0.008 0.010 0.012 
>Sequence
Normalized_weight: 0.018
-     S     G     P     Y     I     K     R     I     T     N     D     D     R     E     D     E     M     D     E     N     L     V     Q     V     G     S     I     L     G     N     L     K     N     M     A     I     D     M     G     N     E     L     E     S     H     N     Q     Q     I     G     R     I     N     E     K     A     E     T     N     K     T     R     I     D     E     A     N     T     K     A     K     K     L     I     -     
0.014 0.020 0.017 0.067 0.019 0.016 0.036 0.019 0.016 0.025 0.013 0.012 0.125 0.007 0.006 0.005 0.006 0.009 0.020 0.006 0.006 0.006 0.091 0.006 0.010 0.012 0.008 0.008 0.010 0.005 0.004 0.008 0.010 0.004 0.010 0.008 0.010 0.006 0.006 0.005 0.008 0.008 0.026 0.010 0.010 0.250 0.004 0.025 0.003 0.013 0.024 0.004 0.007 0.010 0.009 0.005 0.005 0.013 0.020 0.006 0.013 0.011 0.004 0.007 0.006 0.007 0.005 0.004 0.045 0.021 0.005 0.014 0.006 0.008 0.050 0.012 
>Sequence
Normalized_weight: 0.021
P     Q     S     G     Y     V     A     R     I     T     N     D     A     R     E     D     E     M     D     E     N     L     G     Q     V     N     S     M     L     G     N     L     R     N     M     A     L     D     M     G     S     E     L     E     N     Q     N     K     Q     V     D     R     I     N     A     K     G     D     A     N     N     I     R     M     D     G     V     N     K     R     A     N     N     L     L     -     
0.071 0.040 0.125 0.013 0.019 0.083 0.143 0.019 0.016 0.025 0.013 0.012 0.008 0.007 0.006 0.005 0.006 0.009 0.020 0.006 0.006 0.006 0.009 0.006 0.010 0.018 0.008 0.010 0.010 0.005 0.004 0.008 0.011 0.004 0.010 0.008 0.006 0.006 0.006 0.005 0.008 0.008 0.026 0.010 0.010 0.012 0.004 0.013 0.003 0.062 0.005 0.004 0.007 0.010 0.042 0.005 0.022 0.008 0.100 0.006 0.014 0.038 0.004 0.167 0.006 0.013 0.062 0.004 0.006 0.006 0.005 0.028 0.019 0.008 0.010 0.012 
>Sequence
Normalized_weight: 0.020
P     S     G     G     F     I     T     K     I     T     N     D     A     R     E     E     E     M     E     Q     N     M     G     E     V     S     N     M     I     S     N     L     R     N     M     A     V     D     M     G     S     E     I     D     S     Q     N     R     Q     V     D     R     I     N     N     K     M     T     S     N     Q     L     R     I     S     D     A     N     K     R     A     S     K     L     L     -     
0.071 0.020 0.017 0.013 0.042 0.016 0.024 0.167 0.016 0.025 0.013 0.012 0.008 0.007 0.006 0.050 0.006 0.009 0.026 0.029 0.006 0.040 0.009 0.024 0.010 0.008 0.028 0.010 0.013 0.042 0.004 0.008 0.011 0.004 0.010 0.008 0.016 0.006 0.006 0.005 0.008 0.008 0.012 0.008 0.010 0.012 0.004 0.007 0.003 0.062 0.005 0.004 0.007 0.010 0.017 0.005 0.056 0.200 0.006 0.006 0.050 0.019 0.004 0.007 0.042 0.022 0.005 0.004 0.006 0.006 0.005 0.028 0.006 0.008 0.010 0.012 
>Sequence
Normalized_weight: 0.018
-     S     G     G     Y     I     G     R     I     T     N     D     A     R     E     D     E     M     E     D     N     M     G     Q     V     N     T     M     I     G     N     L     R     N     M     A     I     D     M     G     S     E     I     E     N     Q     N     R     Q     I     T     R     I     N     A     K     A     G     S     N     T     A     R     V     N     M     A     N     E     R     A     G     S     L     L     -     
0.014 0.020 0.017 0.013 0.019 0.016 0.036 0.019 0.016 0.025 0.013 0.012 0.008 0.007 0.006 0.005 0.006 0.009 0.026 0.020 0.006 0.040 0.009 0.006 0.010 0.018 0.010 0.010 0.013 0.005 0.004 0.008 0.011 0.004 0.010 0.008 0.010 0.006 0.006 0.005 0.008 0.008 0.012 0.010 0.010 0.012 0.004 0.007 0.003 0.013 0.143 0.004 0.007 0.010 0.042 0.005 0.005 0.100 0.006 0.006 0.050 0.015 0.004 0.014 0.042 0.033 0.005 0.004 0.030 0.006 0.005 0.083 0.111 0.008 0.010 0.012 
>Sequence
Normalized_weight: 0.017
-     S     G     G     Y     I     R     R     I     T     D     D     A     R     E     N     E     M     E     E     N     L     D     Q     V     G     S     I     I     G     N     L     R     H     M     A     L     D     M     S     N     E     I     G     S     Q     N     A     Q     I     D     R     I     V     V     K     G     D     M     N     K     A     R     I     D     E     A     N     K     H     A     T     K     M     L     -     
0.014 0.020 0.017 0.013 0.019 0.016 0.036 0.019 0.016 0.025 0.040 0.012 0.008 0.007 0.006 0.017 0.006 0.009 0.026 0.006 0.006 0.006 0.008 0.006 0.010 0.012 0.008 0.008 0.013 0.005 0.004 0.008 0.011 0.015 0.010 0.008 0.006 0.006 0.006 0.083 0.008 0.008 0.012 0.056 0.010 0.012 0.004 0.050 0.003 0.013 0.005 0.004 0.007 0.100 0.083 0.005 0.022 0.008 0.033 0.006 0.013 0.015 0.004 0.007 0.006 0.007 0.005 0.004 0.006 0.083 0.005 0.012 0.006 0.040 0.010 0.012 
>Sequence
Normalized_weight: 0.021
-     -     G     G     Y     I     T     R     I     T     D     D     A     R     E     D     A     L     E     E     N     L     T     Q     V     G     S     I     L     G     D     L     K     N     M     A     L     D     M     G     N     E     I     D     A     Q     T     Q     Q     I     Q     K     L     T     E     K     P     D     T     N     R     N     R     I     G     I     A     N     A     R     A     E     K     L     I     -     
0.014 0.008 0.017 0.013 0.019 0.016 0.024 0.019 0.016 0.025 0.040 0.012 0.008 0.007 0.006 0.005 0.167 0.100 0.026 0.006 0.006 0.006 0.018 0.006 0.010 0.012 0.008 0.008 0.010 0.005 0.050 0.008 0.010 0.004 0.010 0.008 0.006 0.006 0.006 0.005 0.008 0.008 0.012 0.008 0.018 0.012 0.036 0.025 0.003 0.013 0.071 0.062 0.022 0.011 0.009 0.005 0.111 0.008 0.020 0.006 0.050 0.038 0.004 0.007 0.083 0.022 0.005 0.004 0.023 0.006 0.005 0.083 0.006 0.008 0.050 0.012 
>Sequence
Normalized_weight: 0.037
-     T     G     P     F     I     N     R     I     T     N     D     D     R     E     D     E     M     E     Q     N     L     Q     Q     V     S     G     M     V     S     Q     L     H     T     M     A     T     D     M     N     Q     E     I     T     T     H     N     Q     I     I     D     R     I     N     Q     K     A     E     V     N     Q     S     E     L     S     Y     A     Q     K     K     A     D     K     F     L     -     
0.014 0.067 0.017 0.067 0.042 0.016 0.143 0.019 0.016 0.025 0.013 0.012 0.125 0.007 0.006 0.005 0.006 0.009 0.026 0.029 0.006 0.006 0.045 0.006 0.010 0.008 0.010 0.010 0.040 0.042 0.050 0.008 0.200 0.091 0.010 0.008 0.056 0.006 0.006 0.083 0.033 0.008 0.012 0.167 0.018 0.250 0.004 0.025 0.019 0.013 0.005 0.004 0.007 0.010 0.021 0.005 0.005 0.013 0.100 0.006 0.050 0.019 0.111 0.042 0.042 0.067 0.005 0.100 0.006 0.021 0.005 0.042 0.006 0.200 0.010 0.012 
>Sequence
Normalized_weight: 0.024
-     N     A     S     M     I     T     R     I     T     N     D     A     R     E     D     E     M     D     E     N     L     T     Q     V     S     G     I     V     G     N     L     R     H     M     A     I     D     M     Q     S     E     I     G     A     Q     N     S     Q     V     G     R     I     T     S     K     A     E     S     N     E     G     R     I     N     S     A     D     K     R     A     K     N     I     L     -     
0.014 0.200 0.083 0.200 0.250 0.016 0.024 0.019 0.016 0.025 0.013 0.012 0.008 0.007 0.006 0.005 0.006 0.009 0.020 0.006 0.006 0.006 0.018 0.006 0.010 0.008 0.010 0.008 0.040 0.005 0.004 0.008 0.011 0.015 0.010 0.008 0.010 0.006 0.006 0.033 0.008 0.008 0.012 0.056 0.018 0.012 0.004 0.050 0.003 0.062 0.024 0.004 0.007 0.011 0.083 0.005 0.005 0.013 0.006 0.006 0.013 0.026 0.004 0.007 0.042 0.013 0.005 0.020 0.006 0.006 0.005 0.014 0.019 0.029 0.010 0.012 
>Sequence
Normalized_weight: 0.025
-     -     -     -     -     -     -     -     -     -     -     E     A     M     D     N     Q     I     D     E     N     L     D     M     M     S     A     N     L     R     N     L     Q     R     L     G     A     D     L     G     K     E     V     D     S     Q     N     E     M     L     D     R     I     Q     Y     K     A     E     R     N     D     G     I     V     R     D     Q     D     K     Q     M     Q     K     I     L     -     
0.014 0.008 0.010 0.008 0.010 0.010 0.006 0.014 0.010 0.021 0.010 0.083 0.008 0.033 0.083 0.017 0.056 0.025 0.020 0.006 0.006 0.006 0.008 0.048 0.050 0.008 0.021 0.042 0.010 0.042 0.004 0.008 0.067 0.045 0.033 0.111 0.111 0.006 0.040 0.005 0.050 0.008 0.083 0.008 0.010 0.012 0.004 0.020 0.015 0.013 0.005 0.004 0.007 0.033 0.028 0.005 0.005 0.013 0.020 0.006 0.009 0.026 0.056 0.014 0.042 0.022 0.042 0.020 0.006 0.083 0.031 0.042 0.006 0.029 0.010 0.012 
>Sequence
Normalized_weight: 0.061
-     T     G     D     F     M     K     R     L     T     C     D     A     I     E     D     E     L     E     R     N     L     M     Q     I     D     Q     G     L     E     S     V     K     N     L     A     V     D     M     H     V     Q     L     K     L     Q     E     P     K     L     N     R     I     E     E     L     T     E     T     N     D     F     V     V     E     G     V     N     D     K     V     K     K     L     L     -     
0.014 0.067 0.017 0.200 0.042 0.250 0.036 0.019 0.250 0.025 0.200 0.012 0.008 0.167 0.006 0.005 0.006 0.100 0.026 0.071 0.006 0.006 0.091 0.006 0.050 0.143 0.042 0.021 0.010 0.167 0.100 0.333 0.010 0.004 0.033 0.008 0.016 0.006 0.006 0.167 0.100 0.333 0.026 0.083 0.091 0.012 0.143 0.033 0.077 0.013 0.143 0.004 0.007 0.033 0.009 0.167 0.111 0.013 0.020 0.006 0.009 0.026 0.111 0.014 0.042 0.013 0.062 0.004 0.045 0.021 0.042 0.014 0.006 0.008 0.010 0.012 
>Sequence
Normalized_weight: 0.025
-     -     -     -     -     -     -     -     -     -     -     E     A     M     D     N     Q     I     D     E     N     L     D     M     M     S     A     N     L     R     N     L     Q     R     L     G     Q     D     L     G     K     E     V     D     A     Q     N     E     M     L     D     R     I     H     Y     K     A     D     R     N     D     V     I     V     R     D     Q     D     K     Q     M     Q     R     I     L     -     
0.014 0.008 0.010 0.008 0.010 0.010 0.006 0.014 0.010 0.021 0.010 0.083 0.008 0.033 0.083 0.017 0.056 0.025 0.020 0.006 0.006 0.006 0.008 0.048 0.050 0.008 0.021 0.042 0.010 0.042 0.004 0.008 0.067 0.045 0.033 0.111 0.111 0.006 0.040 0.005 0.050 0.008 0.083 0.008 0.018 0.012 0.004 0.020 0.015 0.013 0.005 0.004 0.007 0.020 0.028 0.005 0.005 0.008 0.020 0.006 0.009 0.015 0.056 0.014 0.042 0.022 0.042 0.020 0.006 0.083 0.031 0.042 0.019 0.029 0.010 0.012 
>Sequence
Normalized_weight: 0.036
-     -     -     -     -     -     -     -     -     -     D     E     A     M     E     D     E     I     E     Q     N     L     N     L     I     A     G     A     S     G     R     L     N     L     L     A     K     A     T     G     R     E     L     D     E     Q     N     R     H     L     E     R     I     M     G     K     S     E     S     V     D     D     Q     L     A     M     N     R     A     R     L     D     R     I     -     -     
0.014 0.008 0.010 0.008 0.010 0.010 0.006 0.014 0.010 0.021 0.040 0.083 0.008 0.033 0.006 0.005 0.006 0.025 0.026 0.029 0.006 0.006 0.091 0.071 0.050 0.071 0.010 0.125 0.100 0.005 0.013 0.008 0.200 0.091 0.033 0.008 0.111 0.050 0.100 0.005 0.100 0.008 0.026 0.008 0.023 0.012 0.004 0.007 0.077 0.013 0.143 0.004 0.007 0.020 0.021 0.005 0.056 0.013 0.006 0.048 0.009 0.038 0.111 0.042 0.028 0.033 0.042 0.100 0.023 0.006 0.042 0.042 0.019 0.029 0.021 0.012 
>Sequence
Normalized_weight: 0.034
-     -     -     -     -     -     -     -     -     -     D     D     E     M     E     F     E     I     D     R     N     L     D     K     I     G     Q     V     S     G     R     L     K     K     L     A     I     A     A     G     Q     E     I     D     S     Q     Q     S     R     I     K     R     I     E     E     D     A     D     D     M     D     I     R     I     H     L     N     T     S     R     L     T     N     I     -     -     
0.014 0.008 0.010 0.008 0.010 0.010 0.006 0.014 0.010 0.021 0.040 0.012 0.250 0.033 0.006 0.100 0.006 0.025 0.020 0.071 0.006 0.006 0.008 0.143 0.050 0.012 0.042 0.042 0.100 0.005 0.013 0.008 0.010 0.091 0.033 0.008 0.010 0.050 0.200 0.005 0.033 0.008 0.012 0.008 0.010 0.012 0.143 0.050 0.038 0.013 0.071 0.004 0.007 0.033 0.009 0.024 0.005 0.008 0.050 0.048 0.009 0.038 0.004 0.007 0.042 0.033 0.042 0.050 0.091 0.006 0.042 0.012 0.019 0.029 0.021 0.012 
