>Sequence
Normalized_weight: 0.186
E     N     F     S     G     G     C     V     A     G     Y     M     R     T     P     D     G     R     C     K     P     T     F     Y     Q     
0.143 0.143 0.143 0.250 0.083 0.143 0.143 0.333 0.250 0.143 0.125 0.083 0.143 0.143 0.250 0.143 0.143 0.143 0.143 0.143 0.143 0.143 0.143 0.500 0.500 
>Sequence
Normalized_weight: 0.140
E     N     F     N     G     G     C     L     A     G     Y     M     R     T     A     D     G     R     C     K     P     T     F     -     -     
0.143 0.143 0.143 0.250 0.083 0.143 0.143 0.167 0.250 0.143 0.125 0.083 0.143 0.143 0.100 0.143 0.143 0.143 0.143 0.143 0.143 0.143 0.143 0.083 0.083 
>Sequence
Normalized_weight: 0.125
E     N     F     A     G     G     C     A     T     G     Y     L     R     T     A     D     G     R     C     K     P     T     F     -     -     
0.143 0.143 0.143 0.062 0.083 0.143 0.143 0.083 0.100 0.143 0.125 0.125 0.143 0.143 0.100 0.143 0.143 0.143 0.143 0.143 0.143 0.143 0.143 0.083 0.083 
>Sequence
Normalized_weight: 0.135
E     N     F     A     G     G     C     L     T     G     F     M     R     T     P     D     G     R     C     K     P     T     F     -     -     
0.143 0.143 0.143 0.062 0.083 0.143 0.143 0.167 0.100 0.143 0.167 0.083 0.143 0.143 0.250 0.143 0.143 0.143 0.143 0.143 0.143 0.143 0.143 0.083 0.083 
>Sequence
Normalized_weight: 0.127
E     N     F     A     G     G     C     A     T     G     F     L     R     T     A     D     G     R     C     K     P     T     F     -     -     
0.143 0.143 0.143 0.062 0.083 0.143 0.143 0.083 0.100 0.143 0.167 0.125 0.143 0.143 0.100 0.143 0.143 0.143 0.143 0.143 0.143 0.143 0.143 0.083 0.083 
>Sequence
Normalized_weight: 0.147
E     N     F     A     A     G     C     A     T     G     Y     Q     R     T     A     D     G     R     C     K     P     T     F     -     -     
0.143 0.143 0.143 0.062 0.500 0.143 0.143 0.083 0.100 0.143 0.125 0.250 0.143 0.143 0.100 0.143 0.143 0.143 0.143 0.143 0.143 0.143 0.143 0.083 0.083 
>Sequence
Normalized_weight: 0.139
E     N     F     V     G     G     C     A     T     G     F     K     R     T     A     D     G     R     C     K     P     T     F     -     -     
0.143 0.143 0.143 0.250 0.083 0.143 0.143 0.083 0.100 0.143 0.167 0.250 0.143 0.143 0.100 0.143 0.143 0.143 0.143 0.143 0.143 0.143 0.143 0.083 0.083 
