>Sequence
Normalized_weight: 0.008
-     -     E     E     C     -     G     P     N     E     V     F     N     T     C     G     S     -     A     C     A     P     T     C     A     -     Q     -     -     -     -     -     P     K     T     R     I     C     T     M     -     -     -     Q     C     R     -     I     G     C     Q     C     Q     -     -     E     G     F     L     R     N     G     E     G     A     C     V     L     P     E     N     C     -     -     -     -     -     -     -     -     -     -     -     -     -     -     -     
0.004 0.003 0.009 0.009 0.003 0.006 0.005 0.004 0.002 0.004 0.006 0.006 0.024 0.012 0.005 0.004 0.004 0.006 0.005 0.005 0.025 0.003 0.004 0.005 0.004 0.002 0.022 0.003 0.004 0.005 0.004 0.003 0.003 0.017 0.009 0.033 0.012 0.003 0.004 0.016 0.009 0.003 0.003 0.004 0.002 0.013 0.002 0.018 0.003 0.008 0.004 0.015 0.038 0.005 0.003 0.009 0.003 0.004 0.011 0.003 0.004 0.004 0.028 0.002 0.010 0.007 0.005 0.010 0.005 0.005 0.031 0.008 0.005 0.003 0.003 0.003 0.003 0.004 0.003 0.003 0.006 0.008 0.005 0.004 0.004 0.005 0.007 
>Sequence
Normalized_weight: 0.016
E     A     E     K     C     T     K     P     N     E     Q     W     T     K     C     G     G     -     -     C     E     G     T     C     A     -     Q     -     -     -     -     -     K     I     V     P     -     C     T     R     -     -     -     E     C     K     P     P     R     C     E     C     I     A     S     A     G     F     V     R     D     A     Q     G     N     C     I     K     F     E     D     C     P     K     -     -     -     -     -     -     -     -     -     -     -     -     -     
0.083 0.021 0.009 0.008 0.003 0.333 0.062 0.004 0.002 0.004 0.012 0.007 0.010 0.012 0.005 0.004 0.012 0.006 0.005 0.005 0.003 0.022 0.004 0.005 0.004 0.002 0.022 0.003 0.004 0.005 0.004 0.003 0.038 0.033 0.018 0.003 0.003 0.003 0.004 0.010 0.009 0.003 0.003 0.031 0.002 0.038 0.010 0.004 0.014 0.008 0.008 0.015 0.038 0.031 0.083 0.015 0.003 0.004 0.005 0.003 0.010 0.021 0.010 0.002 0.013 0.007 0.008 0.016 0.017 0.005 0.006 0.008 0.011 0.071 0.003 0.003 0.003 0.004 0.003 0.003 0.006 0.008 0.005 0.004 0.004 0.005 0.007 
>Sequence
Normalized_weight: 0.011
G     Q     E     S     C     -     G     P     N     E     V     W     T     E     C     T     G     -     -     C     E     M     K     C     G     P     D     -     -     -     -     -     E     N     T     P     -     C     P     L     -     -     -     M     C     R     R     P     S     C     E     C     S     P     G     R     G     M     R     R     T     N     D     G     K     C     I     P     A     S     Q     C     P     -     -     -     -     -     -     -     -     -     -     -     -     -     -     
0.062 0.062 0.009 0.030 0.003 0.006 0.005 0.004 0.002 0.004 0.006 0.007 0.010 0.004 0.005 0.011 0.012 0.006 0.005 0.005 0.003 0.033 0.013 0.005 0.005 0.091 0.008 0.003 0.004 0.005 0.004 0.003 0.011 0.007 0.009 0.003 0.003 0.003 0.004 0.005 0.009 0.003 0.003 0.013 0.002 0.013 0.042 0.004 0.025 0.008 0.008 0.015 0.010 0.036 0.028 0.015 0.003 0.021 0.009 0.003 0.014 0.014 0.004 0.002 0.005 0.007 0.008 0.002 0.007 0.009 0.007 0.008 0.011 0.003 0.003 0.003 0.003 0.004 0.003 0.003 0.006 0.008 0.005 0.004 0.004 0.005 0.007 
>Sequence
Normalized_weight: 0.042
K     A     T     M     Q     C     G     E     N     E     K     Y     D     S     C     G     S     K     E     C     D     K     K     C     K     Y     D     G     V     E     E     E     D     D     E     E     P     N     V     P     C     L     V     R     V     C     H     Q     D     C     V     C     E     -     -     E     G     F     Y     R     N     K     D     D     K     C     V     S     A     E     D     C     E     L     D     N     M     D     F     I     Y     P     G     T     R     N     P     
0.062 0.021 0.056 0.091 0.143 0.028 0.005 0.007 0.002 0.004 0.042 0.007 0.018 0.008 0.005 0.004 0.004 0.067 0.025 0.005 0.025 0.017 0.013 0.005 0.018 0.030 0.008 0.067 0.083 0.083 0.050 0.067 0.013 0.006 0.030 0.013 0.024 0.056 0.012 0.021 0.042 0.036 0.042 0.010 0.025 0.006 0.042 0.036 0.033 0.008 0.009 0.015 0.026 0.005 0.003 0.009 0.003 0.004 0.016 0.003 0.004 0.012 0.004 0.024 0.005 0.007 0.005 0.031 0.007 0.005 0.006 0.008 0.050 0.048 0.024 0.033 0.029 0.250 0.042 0.033 0.042 0.071 0.056 0.125 0.250 0.333 0.500 
>Sequence
Normalized_weight: 0.011
-     -     K     K     C     -     G     P     N     E     D     F     K     E     C     G     T     -     A     C     E     A     N     C     A     -     E     -     -     -     -     -     G     H     V     M     F     C     T     M     -     -     -     Q     C     I     -     V     N     C     Q     C     K     -     -     D     G     F     F     R     N     K     D     K     K     C     -     -     -     -     -     -     -     -     -     -     -     -     -     -     -     -     -     -     -     -     -     
0.004 0.003 0.019 0.008 0.003 0.006 0.005 0.004 0.002 0.004 0.042 0.006 0.014 0.004 0.005 0.004 0.006 0.006 0.005 0.005 0.003 0.010 0.025 0.005 0.004 0.002 0.008 0.003 0.004 0.005 0.004 0.003 0.026 0.022 0.018 0.017 0.018 0.003 0.004 0.016 0.009 0.003 0.003 0.004 0.002 0.008 0.002 0.014 0.013 0.008 0.004 0.015 0.009 0.005 0.003 0.010 0.003 0.004 0.021 0.003 0.004 0.012 0.004 0.014 0.005 0.007 0.200 0.021 0.022 0.028 0.031 0.071 0.005 0.003 0.003 0.003 0.003 0.004 0.003 0.003 0.006 0.008 0.005 0.004 0.004 0.005 0.007 
>Sequence
Normalized_weight: 0.009
-     -     -     -     C     -     P     P     N     S     H     Y     E     S     C     V     S     -     L     C     Q     P     R     C     A     -     A     -     -     -     -     -     I     R     L     K     S     C     G     H     -     -     -     Y     C     V     -     E     G     C     Q     C     D     -     -     P     G     Y     V     L     N     G     K     -     S     C     I     L     P     Q     N     C     -     -     -     -     -     -     -     -     -     -     -     -     -     -     -     
0.004 0.003 0.003 0.004 0.003 0.006 0.005 0.004 0.002 0.008 0.006 0.007 0.005 0.008 0.005 0.033 0.004 0.006 0.125 0.005 0.020 0.003 0.033 0.005 0.004 0.002 0.010 0.003 0.004 0.005 0.004 0.003 0.019 0.011 0.018 0.010 0.010 0.003 0.036 0.021 0.009 0.003 0.003 0.021 0.002 0.006 0.002 0.005 0.003 0.008 0.004 0.015 0.005 0.005 0.003 0.009 0.003 0.007 0.005 0.009 0.004 0.004 0.010 0.006 0.013 0.007 0.008 0.010 0.005 0.010 0.031 0.008 0.005 0.003 0.003 0.003 0.003 0.004 0.003 0.003 0.006 0.008 0.005 0.004 0.004 0.005 0.007 
>Sequence
Normalized_weight: 0.011
-     -     -     -     C     -     P     E     N     S     H     F     E     E     C     M     S     -     -     C     V     E     T     C     E     -     T     -     -     -     -     -     L     A     T     G     C     C     M     D     -     -     -     T     C     T     -     E     G     C     Q     C     D     -     -     E     G     F     A     L     R     S     P     -     -     C     V     P     R     G     E     C     -     -     -     -     -     -     -     -     -     -     -     -     -     -     -     
0.004 0.003 0.003 0.004 0.003 0.006 0.005 0.007 0.002 0.008 0.006 0.006 0.005 0.004 0.005 0.050 0.004 0.006 0.005 0.005 0.033 0.011 0.004 0.005 0.014 0.002 0.017 0.003 0.004 0.005 0.004 0.003 0.010 0.033 0.009 0.067 0.014 0.003 0.024 0.010 0.009 0.003 0.003 0.013 0.002 0.026 0.002 0.005 0.003 0.008 0.004 0.015 0.005 0.005 0.003 0.009 0.003 0.004 0.125 0.009 0.100 0.006 0.021 0.006 0.033 0.007 0.005 0.002 0.017 0.014 0.010 0.008 0.005 0.003 0.003 0.003 0.003 0.004 0.003 0.003 0.006 0.008 0.005 0.004 0.004 0.005 0.007 
>Sequence
Normalized_weight: 0.008
-     -     -     -     C     -     P     P     N     S     H     Y     E     S     C     V     S     -     V     C     Q     P     R     C     A     -     A     -     -     -     -     -     I     R     L     K     S     C     N     H     -     -     -     Y     C     V     -     E     G     C     Q     C     D     -     -     A     G     Y     V     L     N     G     K     -     S     C     I     L     P     H     N     C     -     -     -     -     -     -     -     -     -     -     -     -     -     -     -     
0.004 0.003 0.003 0.004 0.003 0.006 0.005 0.004 0.002 0.008 0.006 0.007 0.005 0.008 0.005 0.033 0.004 0.006 0.042 0.005 0.020 0.003 0.033 0.005 0.004 0.002 0.010 0.003 0.004 0.005 0.004 0.003 0.019 0.011 0.018 0.010 0.010 0.003 0.036 0.021 0.009 0.003 0.003 0.021 0.002 0.006 0.002 0.005 0.003 0.008 0.004 0.015 0.005 0.005 0.003 0.015 0.003 0.007 0.005 0.009 0.004 0.004 0.010 0.006 0.013 0.007 0.008 0.010 0.005 0.021 0.031 0.008 0.005 0.003 0.003 0.003 0.003 0.004 0.003 0.003 0.006 0.008 0.005 0.004 0.004 0.005 0.007 
>Sequence
Normalized_weight: 0.010
-     -     -     E     C     -     P     E     N     S     H     F     E     E     C     M     T     -     -     C     T     E     T     C     E     -     T     -     -     -     -     -     L     A     L     P     I     C     V     D     -     -     -     S     C     S     -     E     G     C     Q     C     D     -     -     E     G     Y     R     L     Q     G     S     -     Q     C     V     T     R     S     E     C     -     -     -     -     -     -     -     -     -     -     -     -     -     -     -     
0.004 0.003 0.003 0.009 0.003 0.006 0.005 0.007 0.002 0.008 0.006 0.006 0.005 0.004 0.005 0.050 0.006 0.006 0.005 0.005 0.050 0.011 0.004 0.005 0.014 0.002 0.017 0.003 0.004 0.005 0.004 0.003 0.010 0.033 0.018 0.003 0.012 0.003 0.012 0.010 0.009 0.003 0.003 0.008 0.002 0.077 0.002 0.005 0.003 0.008 0.004 0.015 0.005 0.005 0.003 0.009 0.003 0.007 0.009 0.009 0.100 0.004 0.017 0.006 0.010 0.007 0.005 0.016 0.017 0.009 0.010 0.008 0.005 0.003 0.003 0.003 0.003 0.004 0.003 0.003 0.006 0.008 0.005 0.004 0.004 0.005 0.007 
>Sequence
Normalized_weight: 0.008
-     -     -     -     C     -     P     P     N     S     H     Y     E     S     C     V     S     -     V     C     Q     P     R     C     A     -     A     -     -     -     -     -     I     R     L     K     S     C     S     H     -     -     -     Y     C     V     -     E     G     C     H     C     D     -     -     A     G     Y     V     L     N     G     K     -     S     C     I     L     P     H     S     C     -     -     -     -     -     -     -     -     -     -     -     -     -     -     -     
0.004 0.003 0.003 0.004 0.003 0.006 0.005 0.004 0.002 0.008 0.006 0.007 0.005 0.008 0.005 0.033 0.004 0.006 0.042 0.005 0.020 0.003 0.033 0.005 0.004 0.002 0.010 0.003 0.004 0.005 0.004 0.003 0.019 0.011 0.018 0.010 0.010 0.003 0.012 0.021 0.009 0.003 0.003 0.021 0.002 0.006 0.002 0.005 0.003 0.008 0.045 0.015 0.005 0.005 0.003 0.015 0.003 0.007 0.005 0.009 0.004 0.004 0.010 0.006 0.013 0.007 0.008 0.010 0.005 0.021 0.031 0.008 0.005 0.003 0.003 0.003 0.003 0.004 0.003 0.003 0.006 0.008 0.005 0.004 0.004 0.005 0.007 
>Sequence
Normalized_weight: 0.008
-     -     Q     R     C     -     P     S     N     E     E     F     R     S     C     G     T     -     A     C     E     P     T     C     Q     -     N     -     -     -     -     -     P     N     P     Q     V     C     T     L     -     -     -     Q     C     I     -     L     N     C     Q     C     S     -     -     Q     G     F     V     R     -     G     P     N     G     C     V     P     P     Q     D     C     -     -     -     -     -     -     -     -     -     -     -     -     -     -     -     
0.004 0.003 0.016 0.013 0.003 0.006 0.005 0.100 0.002 0.004 0.014 0.006 0.014 0.008 0.005 0.004 0.006 0.006 0.005 0.005 0.003 0.003 0.004 0.005 0.010 0.002 0.006 0.003 0.004 0.005 0.004 0.003 0.003 0.007 0.004 0.010 0.024 0.003 0.004 0.005 0.009 0.003 0.003 0.004 0.002 0.008 0.002 0.071 0.013 0.008 0.004 0.015 0.010 0.005 0.003 0.019 0.003 0.004 0.005 0.003 0.011 0.004 0.021 0.012 0.010 0.007 0.005 0.002 0.005 0.010 0.006 0.008 0.005 0.003 0.003 0.003 0.003 0.004 0.003 0.003 0.006 0.008 0.005 0.004 0.004 0.005 0.007 
>Sequence
Normalized_weight: 0.007
-     -     -     -     C     -     G     Q     N     E     E     F     T     Q     C     G     S     -     A     C     E     P     S     C     N     -     R     -     -     -     -     -     P     R     A     Q     A     C     T     L     -     -     -     Q     C     I     -     V     G     C     Q     C     R     -     -     Q     G     F     L     R     N     S     S     G     R     C     V     T     P     R     E     C     -     -     -     -     -     -     -     -     -     -     -     -     -     -     -     
0.004 0.003 0.003 0.004 0.003 0.006 0.005 0.033 0.002 0.004 0.014 0.006 0.010 0.036 0.005 0.004 0.004 0.006 0.005 0.005 0.003 0.003 0.009 0.005 0.018 0.002 0.033 0.003 0.004 0.005 0.004 0.003 0.003 0.011 0.018 0.010 0.012 0.003 0.004 0.005 0.009 0.003 0.003 0.004 0.002 0.008 0.002 0.014 0.003 0.008 0.004 0.015 0.019 0.005 0.003 0.019 0.003 0.004 0.011 0.003 0.004 0.006 0.017 0.002 0.010 0.007 0.005 0.016 0.005 0.028 0.010 0.008 0.005 0.003 0.003 0.003 0.003 0.004 0.003 0.003 0.006 0.008 0.005 0.004 0.004 0.005 0.007 
>Sequence
Normalized_weight: 0.008
-     -     K     K     C     -     A     E     N     E     E     F     K     E     C     G     T     -     A     C     E     A     N     C     A     -     D     -     -     -     -     -     G     H     V     M     F     C     T     M     -     -     -     Q     C     I     -     V     N     C     Q     C     K     -     -     N     G     F     F     R     N     K     D     K     K     C     V     P     K     N     K     C     -     -     -     -     -     -     -     -     -     -     -     -     -     -     -     
0.004 0.003 0.019 0.008 0.003 0.006 0.021 0.007 0.002 0.004 0.014 0.006 0.014 0.004 0.005 0.004 0.006 0.006 0.005 0.005 0.003 0.010 0.025 0.005 0.004 0.002 0.008 0.003 0.004 0.005 0.004 0.003 0.026 0.022 0.018 0.017 0.018 0.003 0.004 0.016 0.009 0.003 0.003 0.004 0.002 0.008 0.002 0.014 0.013 0.008 0.004 0.015 0.009 0.005 0.003 0.010 0.003 0.004 0.021 0.003 0.004 0.012 0.004 0.014 0.005 0.007 0.005 0.002 0.011 0.017 0.042 0.008 0.005 0.003 0.003 0.003 0.003 0.004 0.003 0.003 0.006 0.008 0.005 0.004 0.004 0.005 0.007 
>Sequence
Normalized_weight: 0.009
-     -     Q     R     C     -     G     R     N     E     T     F     R     T     C     G     S     -     S     C     E     P     S     C     T     -     T     -     -     -     -     -     P     R     P     Q     A     C     T     M     -     -     -     Q     C     I     -     V     N     C     Q     C     S     -     -     E     G     F     V     R     -     G     P     S     G     C     V     R     Q     R     D     C     -     -     -     -     -     -     -     -     -     -     -     -     -     -     -     
0.004 0.003 0.016 0.013 0.003 0.006 0.005 0.100 0.002 0.004 0.008 0.006 0.014 0.012 0.005 0.004 0.004 0.006 0.031 0.005 0.003 0.003 0.009 0.005 0.071 0.002 0.017 0.003 0.004 0.005 0.004 0.003 0.003 0.011 0.004 0.010 0.012 0.003 0.004 0.016 0.009 0.003 0.003 0.004 0.002 0.008 0.002 0.014 0.013 0.008 0.004 0.015 0.010 0.005 0.003 0.009 0.003 0.004 0.005 0.003 0.011 0.004 0.021 0.036 0.010 0.007 0.005 0.008 0.033 0.028 0.006 0.008 0.005 0.003 0.003 0.003 0.003 0.004 0.003 0.003 0.006 0.008 0.005 0.004 0.004 0.005 0.007 
>Sequence
Normalized_weight: 0.009
-     -     Q     E     C     -     K     E     N     E     S     F     Q     T     C     G     T     -     A     C     E     P     T     C     G     -     L     -     -     -     -     -     P     T     P     T     F     C     T     L     -     -     -     Q     C     V     -     M     G     C     Q     C     N     -     -     S     G     F     F     R     T     S     D     N     R     C     V     E     Q     K     D     C     -     -     -     -     -     -     -     -     -     -     -     -     -     -     -     
0.004 0.003 0.016 0.009 0.003 0.006 0.062 0.007 0.002 0.004 0.021 0.006 0.014 0.012 0.005 0.004 0.006 0.006 0.005 0.005 0.003 0.003 0.004 0.005 0.005 0.002 0.013 0.003 0.004 0.005 0.004 0.003 0.003 0.010 0.004 0.033 0.018 0.003 0.004 0.005 0.009 0.003 0.003 0.004 0.002 0.006 0.002 0.071 0.003 0.008 0.004 0.015 0.015 0.005 0.003 0.013 0.003 0.004 0.021 0.003 0.014 0.006 0.004 0.012 0.010 0.007 0.005 0.062 0.033 0.042 0.006 0.008 0.005 0.003 0.003 0.003 0.003 0.004 0.003 0.003 0.006 0.008 0.005 0.004 0.004 0.005 0.007 
>Sequence
Normalized_weight: 0.007
-     -     Q     R     C     -     G     A     N     E     T     F     R     T     C     G     T     -     A     C     E     P     T     C     Q     -     N     -     -     -     -     -     P     N     P     Q     A     C     T     L     -     -     -     Q     C     I     -     S     N     C     Q     C     N     -     -     Q     G     F     V     R     -     G     P     S     G     C     I     R     R     Q     Q     C     -     -     -     -     -     -     -     -     -     -     -     -     -     -     -     
0.004 0.003 0.016 0.013 0.003 0.006 0.005 0.011 0.002 0.004 0.008 0.006 0.014 0.012 0.005 0.004 0.006 0.006 0.005 0.005 0.003 0.003 0.004 0.005 0.010 0.002 0.006 0.003 0.004 0.005 0.004 0.003 0.003 0.007 0.004 0.010 0.012 0.003 0.004 0.005 0.009 0.003 0.003 0.004 0.002 0.008 0.002 0.012 0.013 0.008 0.004 0.015 0.015 0.005 0.003 0.019 0.003 0.004 0.005 0.003 0.011 0.004 0.021 0.036 0.010 0.007 0.008 0.008 0.017 0.010 0.007 0.008 0.005 0.003 0.003 0.003 0.003 0.004 0.003 0.003 0.006 0.008 0.005 0.004 0.004 0.005 0.007 
>Sequence
Normalized_weight: 0.008
-     -     -     K     C     -     P     Q     N     E     Q     F     R     G     C     G     T     -     A     C     E     P     T     C     E     -     N     -     -     -     -     -     P     K     P     M     A     C     T     K     -     -     -     Q     C     I     -     I     N     C     Q     C     A     -     -     K     G     F     V     R     H     G     D     -     R     C     I     A     E     K     D     C     -     -     -     -     -     -     -     -     -     -     -     -     -     -     -     
0.004 0.003 0.003 0.008 0.003 0.006 0.005 0.033 0.002 0.004 0.012 0.006 0.014 0.036 0.005 0.004 0.006 0.006 0.005 0.005 0.003 0.003 0.004 0.005 0.014 0.002 0.006 0.003 0.004 0.005 0.004 0.003 0.003 0.017 0.004 0.017 0.012 0.003 0.004 0.062 0.009 0.003 0.003 0.004 0.002 0.008 0.002 0.018 0.013 0.008 0.004 0.015 0.026 0.005 0.003 0.009 0.003 0.004 0.005 0.003 0.025 0.004 0.004 0.006 0.010 0.007 0.008 0.031 0.013 0.042 0.006 0.008 0.005 0.003 0.003 0.003 0.003 0.004 0.003 0.003 0.006 0.008 0.005 0.004 0.004 0.005 0.007 
>Sequence
Normalized_weight: 0.010
-     -     E     N     C     -     P     M     F     Q     S     F     S     H     C     -     -     -     A     C     E     S     T     C     N     -     N     -     -     -     -     -     P     D     P     -     Y     C     S     -     -     -     -     K     C     E     -     P     G     C     T     C     R     -     -     N     G     F     V     R     N     S     L     K     L     C     V     L     P     E     E     C     -     -     -     -     -     -     -     -     -     -     -     -     -     -     -     
0.004 0.003 0.009 0.091 0.003 0.006 0.005 0.050 0.062 0.029 0.021 0.006 0.006 0.036 0.005 0.014 0.010 0.006 0.005 0.005 0.003 0.022 0.004 0.005 0.018 0.002 0.006 0.003 0.004 0.005 0.004 0.003 0.003 0.006 0.004 0.007 0.036 0.003 0.012 0.016 0.009 0.003 0.003 0.031 0.002 0.013 0.002 0.004 0.003 0.008 0.013 0.015 0.019 0.005 0.003 0.010 0.003 0.004 0.005 0.003 0.004 0.006 0.021 0.014 0.033 0.007 0.005 0.010 0.005 0.005 0.010 0.008 0.005 0.003 0.003 0.003 0.003 0.004 0.003 0.003 0.006 0.008 0.005 0.004 0.004 0.005 0.007 
>Sequence
Normalized_weight: 0.008
-     -     -     K     C     -     P     E     N     E     T     F     H     E     C     G     S     -     A     C     E     P     S     C     A     -     N     -     -     -     -     -     P     N     P     E     I     C     T     E     -     -     -     Q     C     I     -     I     N     C     Q     C     A     -     -     P     G     F     V     R     H     G     F     N     -     C     V     S     P     I     E     C     -     -     -     -     -     -     -     -     -     -     -     -     -     -     -     
0.004 0.003 0.003 0.008 0.003 0.006 0.005 0.007 0.002 0.004 0.008 0.006 0.071 0.004 0.005 0.004 0.004 0.006 0.005 0.005 0.003 0.003 0.009 0.005 0.004 0.002 0.006 0.003 0.004 0.005 0.004 0.003 0.003 0.007 0.004 0.013 0.012 0.003 0.004 0.013 0.009 0.003 0.003 0.004 0.002 0.008 0.002 0.018 0.013 0.008 0.004 0.015 0.026 0.005 0.003 0.009 0.003 0.004 0.005 0.003 0.025 0.004 0.083 0.012 0.033 0.007 0.005 0.031 0.005 0.021 0.010 0.008 0.005 0.003 0.003 0.003 0.003 0.004 0.003 0.003 0.006 0.008 0.005 0.004 0.004 0.005 0.007 
>Sequence
Normalized_weight: 0.011
-     -     E     S     C     -     P     P     N     A     H     I     E     L     C     -     -     -     A     C     P     A     S     C     E     -     S     -     -     -     -     -     P     K     P     -     S     C     Q     P     -     -     -     P     C     I     -     P     G     C     V     C     N     -     -     P     G     F     L     F     -     S     N     N     Q     C     I     N     E     S     S     C     -     -     -     -     -     -     -     -     -     -     -     -     -     -     -     
0.004 0.003 0.009 0.030 0.003 0.006 0.005 0.004 0.002 0.048 0.006 0.125 0.005 0.018 0.005 0.014 0.010 0.006 0.005 0.005 0.011 0.010 0.009 0.005 0.014 0.002 0.013 0.003 0.004 0.005 0.004 0.003 0.003 0.017 0.004 0.007 0.010 0.003 0.036 0.021 0.009 0.003 0.003 0.021 0.002 0.008 0.002 0.004 0.003 0.008 0.009 0.015 0.015 0.005 0.003 0.009 0.003 0.004 0.011 0.056 0.011 0.006 0.008 0.012 0.010 0.007 0.008 0.062 0.013 0.009 0.031 0.008 0.005 0.003 0.003 0.003 0.003 0.004 0.003 0.003 0.006 0.008 0.005 0.004 0.004 0.005 0.007 
>Sequence
Normalized_weight: 0.011
-     -     E     H     C     -     P     M     F     Q     S     F     S     H     C     -     -     -     A     C     E     P     T     C     N     -     N     -     -     -     -     -     P     N     P     -     I     C     E     -     -     -     -     N     C     E     -     P     G     C     T     C     R     -     -     N     G     F     V     R     S     S     L     R     L     C     V     L     P     E     E     C     -     -     -     -     -     -     -     -     -     -     -     -     -     -     -     
0.004 0.003 0.009 0.091 0.003 0.006 0.005 0.050 0.062 0.029 0.021 0.006 0.006 0.036 0.005 0.014 0.010 0.006 0.005 0.005 0.003 0.003 0.004 0.005 0.018 0.002 0.006 0.003 0.004 0.005 0.004 0.003 0.003 0.007 0.004 0.007 0.012 0.003 0.036 0.016 0.009 0.003 0.003 0.021 0.002 0.013 0.002 0.004 0.003 0.008 0.013 0.015 0.019 0.005 0.003 0.010 0.003 0.004 0.005 0.003 0.025 0.006 0.021 0.071 0.033 0.007 0.005 0.010 0.005 0.005 0.010 0.008 0.005 0.003 0.003 0.003 0.003 0.004 0.003 0.003 0.006 0.008 0.005 0.004 0.004 0.005 0.007 
>Sequence
Normalized_weight: 0.010
-     -     E     R     C     -     P     P     N     A     R     Y     E     S     C     -     -     -     A     C     P     A     S     C     K     -     S     -     -     -     -     -     P     R     P     -     S     C     G     P     -     -     -     L     C     R     -     E     G     C     V     C     N     -     -     P     G     F     L     F     -     S     D     N     H     C     I     Q     A     S     S     C     -     -     -     -     -     -     -     -     -     -     -     -     -     -     -     
0.004 0.003 0.009 0.013 0.003 0.006 0.005 0.004 0.002 0.048 0.021 0.007 0.005 0.008 0.005 0.014 0.010 0.006 0.005 0.005 0.011 0.010 0.009 0.005 0.018 0.002 0.013 0.003 0.004 0.005 0.004 0.003 0.003 0.011 0.004 0.007 0.010 0.003 0.036 0.021 0.009 0.003 0.003 0.062 0.002 0.013 0.002 0.005 0.003 0.008 0.009 0.015 0.015 0.005 0.003 0.009 0.003 0.004 0.011 0.056 0.011 0.006 0.004 0.012 0.067 0.007 0.008 0.062 0.007 0.009 0.031 0.008 0.005 0.003 0.003 0.003 0.003 0.004 0.003 0.003 0.006 0.008 0.005 0.004 0.004 0.005 0.007 
>Sequence
Normalized_weight: 0.013
-     -     -     -     C     -     P     P     N     S     K     Y     S     L     C     A     K     -     P     C     P     D     T     C     H     -     S     -     -     -     -     -     G     S     G     M     F     C     S     D     -     -     -     R     C     V     -     E     A     C     E     C     N     -     -     P     G     F     V     L     S     G     -     L     E     C     I     P     R     S     Q     C     -     -     -     -     -     -     -     -     -     -     -     -     -     -     -     
0.004 0.003 0.003 0.004 0.003 0.006 0.005 0.004 0.002 0.008 0.042 0.007 0.006 0.018 0.005 0.017 0.024 0.006 0.042 0.005 0.011 0.067 0.004 0.005 0.071 0.002 0.013 0.003 0.004 0.005 0.004 0.003 0.026 0.017 0.091 0.017 0.018 0.003 0.012 0.010 0.009 0.003 0.003 0.010 0.002 0.006 0.002 0.005 0.100 0.008 0.008 0.015 0.015 0.005 0.003 0.009 0.003 0.004 0.005 0.009 0.025 0.004 0.042 0.071 0.017 0.007 0.008 0.002 0.017 0.009 0.007 0.008 0.005 0.003 0.003 0.003 0.003 0.004 0.003 0.003 0.006 0.008 0.005 0.004 0.004 0.005 0.007 
>Sequence
Normalized_weight: 0.009
-     -     -     -     C     -     P     E     N     S     H     Y     E     V     C     G     S     -     P     C     P     A     S     C     P     -     S     -     -     -     -     -     P     T     P     A     V     C     E     G     -     -     -     P     C     V     -     E     G     C     Q     C     D     -     -     A     G     F     V     L     S     A     D     -     R     C     V     P     L     N     N     -     -     -     -     -     -     -     -     -     -     -     -     -     -     -     -     
0.004 0.003 0.003 0.004 0.003 0.006 0.005 0.007 0.002 0.008 0.006 0.007 0.005 0.007 0.005 0.004 0.004 0.006 0.042 0.005 0.011 0.010 0.009 0.005 0.036 0.002 0.013 0.003 0.004 0.005 0.004 0.003 0.003 0.010 0.004 0.033 0.024 0.003 0.036 0.031 0.009 0.003 0.003 0.021 0.002 0.006 0.002 0.005 0.003 0.008 0.004 0.015 0.005 0.005 0.003 0.015 0.003 0.004 0.005 0.009 0.025 0.021 0.004 0.006 0.010 0.007 0.005 0.002 0.013 0.017 0.031 0.071 0.005 0.003 0.003 0.003 0.003 0.004 0.003 0.003 0.006 0.008 0.005 0.004 0.004 0.005 0.007 
>Sequence
Normalized_weight: 0.008
-     -     -     E     C     -     P     P     N     S     H     Y     E     L     C     A     D     -     T     C     S     L     G     C     S     -     A     -     -     -     -     -     L     S     P     P     Q     C     Q     D     -     -     -     G     C     A     -     E     G     C     Q     C     D     -     -     S     G     F     L     Y     N     G     Q     -     A     C     V     P     I     Q     Q     C     -     -     -     -     -     -     -     -     -     -     -     -     -     -     -     
0.004 0.003 0.003 0.009 0.003 0.006 0.005 0.004 0.002 0.008 0.006 0.007 0.005 0.018 0.005 0.017 0.018 0.006 0.031 0.005 0.025 0.007 0.020 0.005 0.018 0.002 0.010 0.003 0.004 0.005 0.004 0.003 0.010 0.017 0.004 0.003 0.024 0.003 0.036 0.010 0.009 0.003 0.003 0.013 0.002 0.019 0.002 0.005 0.003 0.008 0.004 0.015 0.005 0.005 0.003 0.013 0.003 0.004 0.011 0.028 0.004 0.004 0.010 0.006 0.010 0.007 0.005 0.002 0.017 0.010 0.007 0.008 0.005 0.003 0.003 0.003 0.003 0.004 0.003 0.003 0.006 0.008 0.005 0.004 0.004 0.005 0.007 
>Sequence
Normalized_weight: 0.008
-     -     -     E     C     -     P     Q     N     S     H     Y     E     L     C     A     D     -     T     C     S     L     G     C     S     -     A     -     -     -     -     -     L     S     P     L     Q     C     P     D     -     -     -     G     C     A     -     E     G     C     Q     C     D     -     -     S     G     F     L     Y     N     G     Q     -     A     C     V     P     I     Q     Q     C     -     -     -     -     -     -     -     -     -     -     -     -     -     -     -     
0.004 0.003 0.003 0.009 0.003 0.006 0.005 0.033 0.002 0.008 0.006 0.007 0.005 0.018 0.005 0.017 0.018 0.006 0.031 0.005 0.025 0.007 0.020 0.005 0.018 0.002 0.010 0.003 0.004 0.005 0.004 0.003 0.010 0.017 0.004 0.033 0.024 0.003 0.004 0.010 0.009 0.003 0.003 0.013 0.002 0.019 0.002 0.005 0.003 0.008 0.004 0.015 0.005 0.005 0.003 0.013 0.003 0.004 0.011 0.028 0.004 0.004 0.010 0.006 0.010 0.007 0.005 0.002 0.017 0.010 0.007 0.008 0.005 0.003 0.003 0.003 0.003 0.004 0.003 0.003 0.006 0.008 0.005 0.004 0.004 0.005 0.007 
>Sequence
Normalized_weight: 0.009
-     -     -     -     C     -     P     L     N     S     H     P     S     V     C     T     S     -     S     C     P     S     T     C     A     -     E     -     -     -     -     -     P     F     P     E     I     C     D     Q     -     -     -     G     C     V     -     D     G     C     E     C     D     -     -     P     G     Y     V     I     D     G     S     M     K     C     I     R     L     D     Q     C     -     -     -     -     -     -     -     -     -     -     -     -     -     -     -     
0.004 0.003 0.003 0.004 0.003 0.006 0.005 0.020 0.002 0.008 0.006 0.062 0.006 0.007 0.005 0.011 0.004 0.006 0.031 0.005 0.011 0.022 0.004 0.005 0.004 0.002 0.008 0.003 0.004 0.005 0.004 0.003 0.003 0.033 0.004 0.013 0.012 0.003 0.036 0.013 0.009 0.003 0.003 0.013 0.002 0.006 0.002 0.024 0.003 0.008 0.008 0.015 0.005 0.005 0.003 0.009 0.003 0.007 0.005 0.056 0.010 0.004 0.017 0.071 0.005 0.007 0.008 0.008 0.013 0.014 0.007 0.008 0.005 0.003 0.003 0.003 0.003 0.004 0.003 0.003 0.006 0.008 0.005 0.004 0.004 0.005 0.007 
>Sequence
Normalized_weight: 0.013
-     -     Q     R     C     -     G     P     G     E     V     F     N     Q     C     G     S     -     A     C     P     R     V     C     G     -     R     -     -     -     -     -     P     P     A     Q     A     C     T     L     -     -     -     Q     C     V     -     S     G     C     F     C     R     -     -     R     G     Y     I     R     T     Q     R     G     G     C     I     P     E     R     Q     C     -     -     -     -     -     -     -     -     -     -     -     -     -     -     -     
0.004 0.003 0.016 0.013 0.003 0.006 0.005 0.004 0.125 0.004 0.006 0.006 0.024 0.036 0.005 0.004 0.004 0.006 0.005 0.005 0.011 0.033 0.100 0.005 0.005 0.002 0.033 0.003 0.004 0.005 0.004 0.003 0.003 0.022 0.018 0.010 0.012 0.003 0.004 0.005 0.009 0.003 0.003 0.004 0.002 0.006 0.002 0.012 0.003 0.008 0.023 0.015 0.019 0.005 0.003 0.015 0.003 0.007 0.042 0.003 0.014 0.083 0.083 0.002 0.010 0.007 0.008 0.002 0.013 0.028 0.007 0.008 0.005 0.003 0.003 0.003 0.003 0.004 0.003 0.003 0.006 0.008 0.005 0.004 0.004 0.005 0.007 
>Sequence
Normalized_weight: 0.010
-     -     -     -     C     -     P     L     N     A     H     P     S     T     C     T     S     -     S     C     P     S     T     C     A     -     E     -     -     -     -     -     P     F     P     E     Y     C     D     Q     -     -     -     G     C     V     -     D     G     C     E     C     D     -     -     P     G     Y     V     I     D     G     S     I     K     C     I     R     L     D     Q     C     -     -     -     -     -     -     -     -     -     -     -     -     -     -     -     
0.004 0.003 0.003 0.004 0.003 0.006 0.005 0.020 0.002 0.048 0.006 0.062 0.006 0.012 0.005 0.011 0.004 0.006 0.031 0.005 0.011 0.022 0.004 0.005 0.004 0.002 0.008 0.003 0.004 0.005 0.004 0.003 0.003 0.033 0.004 0.013 0.036 0.003 0.036 0.013 0.009 0.003 0.003 0.013 0.002 0.006 0.002 0.024 0.003 0.008 0.008 0.015 0.005 0.005 0.003 0.009 0.003 0.007 0.005 0.056 0.010 0.004 0.017 0.071 0.005 0.007 0.008 0.008 0.013 0.014 0.007 0.008 0.005 0.003 0.003 0.003 0.003 0.004 0.003 0.003 0.006 0.008 0.005 0.004 0.004 0.005 0.007 
>Sequence
Normalized_weight: 0.018
-     -     -     -     C     -     G     P     N     E     E     L     L     E     C     G     T     -     A     C     P     K     T     C     A     -     D     -     -     -     -     -     L     N     P     K     V     C     T     L     -     -     -     Q     C     V     -     Q     G     C     F     C     K     -     -     P     G     F     V     R     E     S     L     H     G     K     C     V     P     E     S     C     -     -     -     -     -     -     -     -     -     -     -     -     -     -     -     
0.004 0.003 0.003 0.004 0.003 0.006 0.005 0.004 0.002 0.004 0.014 0.042 0.071 0.004 0.005 0.004 0.006 0.006 0.005 0.005 0.011 0.017 0.004 0.005 0.004 0.002 0.008 0.003 0.004 0.005 0.004 0.003 0.010 0.007 0.004 0.010 0.024 0.003 0.004 0.005 0.009 0.003 0.003 0.004 0.002 0.006 0.002 0.036 0.003 0.008 0.023 0.015 0.009 0.005 0.003 0.009 0.003 0.004 0.005 0.003 0.100 0.006 0.021 0.024 0.010 0.500 0.200 0.062 0.005 0.005 0.031 0.008 0.005 0.003 0.003 0.003 0.003 0.004 0.003 0.003 0.006 0.008 0.005 0.004 0.004 0.005 0.007 
>Sequence
Normalized_weight: 0.009
-     -     -     K     C     -     P     P     H     S     H     Y     E     V     C     A     D     -     T     C     S     L     G     C     A     -     L     -     -     -     -     -     S     T     P     Q     K     C     P     E     -     -     -     V     C     A     -     E     G     C     E     C     D     -     -     S     G     F     L     Y     N     G     K     -     A     C     V     P     I     Q     E     C     -     -     -     -     -     -     -     -     -     -     -     -     -     -     -     
0.004 0.003 0.003 0.008 0.003 0.006 0.005 0.004 0.042 0.008 0.006 0.007 0.005 0.007 0.005 0.017 0.018 0.006 0.031 0.005 0.025 0.007 0.020 0.005 0.004 0.002 0.013 0.003 0.004 0.005 0.004 0.003 0.019 0.010 0.004 0.010 0.071 0.003 0.004 0.013 0.009 0.003 0.003 0.062 0.002 0.019 0.002 0.005 0.003 0.008 0.008 0.015 0.005 0.005 0.003 0.013 0.003 0.004 0.011 0.028 0.004 0.004 0.010 0.006 0.010 0.007 0.005 0.002 0.017 0.010 0.010 0.008 0.005 0.003 0.003 0.003 0.003 0.004 0.003 0.003 0.006 0.008 0.005 0.004 0.004 0.005 0.007 
>Sequence
Normalized_weight: 0.012
-     -     -     Q     C     -     P     A     H     S     H     Y     S     V     C     T     Y     -     S     C     Q     G     S     C     A     -     A     -     -     -     -     -     L     S     L     T     G     C     T     S     -     -     -     Q     C     F     -     E     G     C     E     C     D     -     -     D     H     F     L     L     -     S     Q     G     V     C     I     P     A     Q     D     C     -     -     -     -     -     -     -     -     -     -     -     -     -     -     -     
0.004 0.003 0.003 0.015 0.003 0.006 0.005 0.011 0.042 0.008 0.006 0.007 0.006 0.007 0.005 0.011 0.071 0.006 0.031 0.005 0.020 0.022 0.009 0.005 0.004 0.002 0.010 0.003 0.004 0.005 0.004 0.003 0.010 0.017 0.018 0.033 0.071 0.003 0.004 0.016 0.009 0.003 0.003 0.004 0.002 0.077 0.002 0.005 0.003 0.008 0.008 0.015 0.005 0.005 0.003 0.010 0.167 0.004 0.011 0.009 0.011 0.006 0.010 0.002 0.022 0.007 0.008 0.002 0.007 0.010 0.006 0.008 0.005 0.003 0.003 0.003 0.003 0.004 0.003 0.003 0.006 0.008 0.005 0.004 0.004 0.005 0.007 
>Sequence
Normalized_weight: 0.010
-     -     -     -     C     -     L     A     N     E     E     F     R     T     C     G     T     -     A     C     E     P     S     C     Q     -     N     -     -     -     -     -     P     E     P     K     T     C     N     L     -     -     -     K     C     I     -     V     N     C     Q     C     V     -     -     N     G     F     V     R     -     G     D     N     G     C     V     R     L     Q     E     C     -     -     -     -     -     -     -     -     -     -     -     -     -     -     -     
0.004 0.003 0.003 0.004 0.003 0.006 0.125 0.011 0.002 0.004 0.014 0.006 0.014 0.012 0.005 0.004 0.006 0.006 0.005 0.005 0.003 0.003 0.009 0.005 0.010 0.002 0.006 0.003 0.004 0.005 0.004 0.003 0.003 0.022 0.004 0.010 0.071 0.003 0.036 0.005 0.009 0.003 0.003 0.031 0.002 0.008 0.002 0.014 0.013 0.008 0.004 0.015 0.077 0.005 0.003 0.010 0.003 0.004 0.005 0.003 0.011 0.004 0.004 0.012 0.010 0.007 0.005 0.008 0.013 0.010 0.010 0.008 0.005 0.003 0.003 0.003 0.003 0.004 0.003 0.003 0.006 0.008 0.005 0.004 0.004 0.005 0.007 
>Sequence
Normalized_weight: 0.011
-     -     -     K     C     -     P     P     N     S     S     Y     S     P     C     G     S     -     P     C     P     G     T     C     L     -     S     -     -     -     -     -     L     H     P     K     D     C     T     L     -     -     -     P     C     V     -     E     G     C     E     C     Q     -     -     N     G     Y     I     L     S     G     -     T     S     C     V     P     L     N     Q     C     -     -     -     -     -     -     -     -     -     -     -     -     -     -     -     
0.004 0.003 0.003 0.008 0.003 0.006 0.005 0.004 0.002 0.008 0.021 0.007 0.006 0.036 0.005 0.004 0.004 0.006 0.042 0.005 0.011 0.022 0.004 0.005 0.071 0.002 0.013 0.003 0.004 0.005 0.004 0.003 0.010 0.022 0.004 0.010 0.071 0.003 0.004 0.005 0.009 0.003 0.003 0.021 0.002 0.006 0.002 0.005 0.003 0.008 0.008 0.015 0.038 0.005 0.003 0.010 0.003 0.007 0.042 0.009 0.025 0.004 0.042 0.071 0.013 0.007 0.005 0.002 0.013 0.017 0.007 0.008 0.005 0.003 0.003 0.003 0.003 0.004 0.003 0.003 0.006 0.008 0.005 0.004 0.004 0.005 0.007 
>Sequence
Normalized_weight: 0.014
-     -     -     -     C     -     N     E     Y     E     V     H     K     D     C     G     S     -     A     C     H     P     T     C     E     -     E     -     -     -     -     -     D     D     V     N     I     C     T     L     -     -     -     Q     C     V     -     I     G     C     Y     C     K     -     -     D     G     L     Y     R     T     N     S     G     A     C     V     P     G     D     K     C     -     -     -     -     -     -     -     -     -     -     -     -     -     -     -     
0.004 0.003 0.003 0.004 0.003 0.006 0.125 0.007 0.125 0.004 0.006 0.125 0.014 0.024 0.005 0.004 0.004 0.006 0.005 0.005 0.100 0.003 0.004 0.005 0.014 0.002 0.008 0.003 0.004 0.005 0.004 0.003 0.013 0.006 0.018 0.067 0.012 0.003 0.004 0.005 0.009 0.003 0.003 0.004 0.002 0.006 0.002 0.018 0.003 0.008 0.018 0.015 0.009 0.005 0.003 0.010 0.003 0.025 0.016 0.003 0.014 0.014 0.017 0.002 0.010 0.007 0.005 0.002 0.067 0.014 0.042 0.008 0.005 0.003 0.003 0.003 0.003 0.004 0.003 0.003 0.006 0.008 0.005 0.004 0.004 0.005 0.007 
>Sequence
Normalized_weight: 0.015
-     -     -     -     -     -     -     -     -     -     -     Y     N     S     C     A     P     -     A     C     Q     V     T     C     Q     -     H     -     -     -     -     -     P     E     P     L     A     C     P     V     -     -     -     Q     C     V     -     E     G     C     H     C     P     -     -     P     G     K     I     L     D     E     L     Q     T     C     V     D     P     E     D     C     -     -     -     -     -     -     -     -     -     -     -     -     -     -     -     
0.004 0.003 0.003 0.004 0.020 0.006 0.018 0.014 0.025 0.036 0.021 0.007 0.024 0.008 0.005 0.017 0.071 0.006 0.005 0.005 0.020 0.067 0.004 0.005 0.010 0.002 0.067 0.003 0.004 0.005 0.004 0.003 0.003 0.022 0.004 0.033 0.012 0.003 0.004 0.062 0.009 0.003 0.003 0.004 0.002 0.006 0.002 0.005 0.003 0.008 0.045 0.015 0.006 0.005 0.003 0.009 0.003 0.125 0.042 0.009 0.010 0.083 0.021 0.071 0.022 0.007 0.005 0.062 0.005 0.005 0.006 0.008 0.005 0.003 0.003 0.003 0.003 0.004 0.003 0.003 0.006 0.008 0.005 0.004 0.004 0.005 0.007 
>Sequence
Normalized_weight: 0.009
-     -     -     E     C     -     P     P     H     S     H     Y     E     V     C     A     D     -     T     C     S     L     G     C     W     -     A     -     -     -     -     -     L     N     P     Q     Q     C     P     E     -     -     -     G     C     A     -     E     G     C     E     C     D     -     -     S     G     F     L     Y     N     G     K     -     A     C     V     P     I     E     Q     C     -     -     -     -     -     -     -     -     -     -     -     -     -     -     -     
0.004 0.003 0.003 0.009 0.003 0.006 0.005 0.004 0.042 0.008 0.006 0.007 0.005 0.007 0.005 0.017 0.018 0.006 0.031 0.005 0.025 0.007 0.020 0.005 0.071 0.002 0.010 0.003 0.004 0.005 0.004 0.003 0.010 0.007 0.004 0.010 0.024 0.003 0.004 0.013 0.009 0.003 0.003 0.013 0.002 0.019 0.002 0.005 0.003 0.008 0.008 0.015 0.005 0.005 0.003 0.013 0.003 0.004 0.011 0.028 0.004 0.004 0.010 0.006 0.010 0.007 0.005 0.002 0.017 0.005 0.007 0.008 0.005 0.003 0.003 0.003 0.003 0.004 0.003 0.003 0.006 0.008 0.005 0.004 0.004 0.005 0.007 
>Sequence
Normalized_weight: 0.010
-     -     -     Q     C     -     P     A     N     Q     V     Y     Q     E     C     G     S     -     A     C     V     K     T     C     S     -     N     -     -     -     -     -     P     Q     -     H     S     C     S     S     -     -     -     S     C     T     -     F     G     C     F     C     P     -     -     E     G     T     V     L     N     N     N     H     T     C     V     P     V     T     Q     C     -     -     -     -     -     -     -     -     -     -     -     -     -     -     -     
0.004 0.003 0.003 0.015 0.003 0.006 0.005 0.011 0.002 0.029 0.006 0.007 0.014 0.004 0.005 0.004 0.004 0.006 0.005 0.005 0.033 0.017 0.004 0.005 0.018 0.002 0.006 0.003 0.004 0.005 0.004 0.003 0.003 0.017 0.010 0.033 0.010 0.003 0.012 0.016 0.009 0.003 0.003 0.008 0.002 0.026 0.002 0.036 0.003 0.008 0.023 0.015 0.006 0.005 0.003 0.009 0.003 0.062 0.005 0.009 0.004 0.014 0.008 0.024 0.022 0.007 0.005 0.002 0.013 0.083 0.007 0.008 0.005 0.003 0.003 0.003 0.003 0.004 0.003 0.003 0.006 0.008 0.005 0.004 0.004 0.005 0.007 
>Sequence
Normalized_weight: 0.011
-     -     -     Q     C     -     P     A     N     Q     V     Y     Q     E     C     G     E     -     V     C     V     K     T     C     S     -     N     -     -     -     -     -     P     Q     -     H     S     C     S     S     -     -     -     F     C     T     -     F     G     C     F     C     P     -     -     H     G     T     L     L     D     G     N     H     S     C     V     P     V     N     Q     C     -     -     -     -     -     -     -     -     -     -     -     -     -     -     -     
0.004 0.003 0.003 0.015 0.003 0.006 0.005 0.011 0.002 0.029 0.006 0.007 0.014 0.004 0.005 0.004 0.024 0.006 0.042 0.005 0.033 0.017 0.004 0.005 0.018 0.002 0.006 0.003 0.004 0.005 0.004 0.003 0.003 0.017 0.010 0.033 0.010 0.003 0.012 0.016 0.009 0.003 0.003 0.062 0.002 0.026 0.002 0.036 0.003 0.008 0.023 0.015 0.006 0.005 0.003 0.077 0.003 0.062 0.011 0.009 0.010 0.004 0.008 0.024 0.013 0.007 0.005 0.002 0.013 0.017 0.007 0.008 0.005 0.003 0.003 0.003 0.003 0.004 0.003 0.003 0.006 0.008 0.005 0.004 0.004 0.005 0.007 
>Sequence
Normalized_weight: 0.010
-     -     -     -     -     -     -     -     N     E     V     W     M     V     C     S     S     -     -     C     E     E     E     C     G     -     K     -     -     -     -     -     P     P     Q     P     -     C     P     R     -     -     -     I     C     Q     P     A     R     C     Q     C     P     A     H     K     G     Y     R     R     N     S     K     G     E     C     V     F     C     H     D     -     -     -     -     -     -     -     -     -     -     -     -     -     -     -     -     
0.004 0.003 0.003 0.004 0.020 0.006 0.018 0.014 0.002 0.004 0.006 0.007 0.018 0.007 0.005 0.017 0.004 0.006 0.005 0.005 0.003 0.011 0.025 0.005 0.005 0.002 0.033 0.003 0.004 0.005 0.004 0.003 0.003 0.022 0.045 0.003 0.003 0.003 0.004 0.010 0.009 0.003 0.003 0.010 0.002 0.019 0.010 0.018 0.014 0.008 0.004 0.015 0.006 0.031 0.042 0.009 0.003 0.007 0.009 0.003 0.004 0.006 0.010 0.002 0.017 0.007 0.005 0.021 0.033 0.021 0.006 0.071 0.005 0.003 0.003 0.003 0.003 0.004 0.003 0.003 0.006 0.008 0.005 0.004 0.004 0.005 0.007 
>Sequence
Normalized_weight: 0.011
-     -     -     -     -     -     -     -     N     E     V     W     M     V     C     S     S     -     -     C     E     E     E     C     G     -     K     -     -     -     -     -     T     P     Q     P     -     C     P     R     -     -     -     I     C     Q     P     A     R     C     Q     C     P     A     H     K     G     Y     R     R     D     G     Q     G     N     C     I     F     C     H     D     -     -     -     -     -     -     -     -     -     -     -     -     -     -     -     -     
0.004 0.003 0.003 0.004 0.020 0.006 0.018 0.014 0.002 0.004 0.006 0.007 0.018 0.007 0.005 0.017 0.004 0.006 0.005 0.005 0.003 0.011 0.025 0.005 0.005 0.002 0.033 0.003 0.004 0.005 0.004 0.003 0.077 0.022 0.045 0.003 0.003 0.003 0.004 0.010 0.009 0.003 0.003 0.010 0.002 0.019 0.010 0.018 0.014 0.008 0.004 0.015 0.006 0.031 0.042 0.009 0.003 0.007 0.009 0.003 0.010 0.004 0.010 0.002 0.013 0.007 0.008 0.021 0.033 0.021 0.006 0.071 0.005 0.003 0.003 0.003 0.003 0.004 0.003 0.003 0.006 0.008 0.005 0.004 0.004 0.005 0.007 
>Sequence
Normalized_weight: 0.024
-     -     -     -     -     -     -     -     -     P     G     W     T     K     G     G     C     -     -     E     T     C     G     C     A     -     Q     -     -     -     -     -     K     I     V     P     -     C     T     R     -     -     -     E     T     K     P     P     Q     C     P     C     I     A     S     A     G     F     V     R     D     A     Q     G     N     C     I     K     F     E     D     C     P     K     -     -     -     -     -     -     -     -     -     -     -     -     -     
0.004 0.003 0.003 0.004 0.020 0.006 0.018 0.014 0.025 0.143 0.083 0.007 0.010 0.012 0.111 0.004 0.071 0.006 0.005 0.333 0.050 0.067 0.020 0.005 0.004 0.002 0.022 0.003 0.004 0.005 0.004 0.003 0.038 0.033 0.018 0.003 0.003 0.003 0.004 0.010 0.009 0.003 0.003 0.031 0.125 0.038 0.010 0.004 0.100 0.008 0.091 0.015 0.038 0.031 0.083 0.015 0.003 0.004 0.005 0.003 0.010 0.021 0.010 0.002 0.013 0.007 0.008 0.016 0.017 0.005 0.006 0.008 0.011 0.071 0.003 0.003 0.003 0.004 0.003 0.003 0.006 0.008 0.005 0.004 0.004 0.005 0.007 
>Sequence
Normalized_weight: 0.014
E     N     E     E     T     C     E     A     N     S     T     W     A     K     C     G     A     -     -     C     E     P     T     C     A     -     N     -     -     -     -     -     D     T     A     P     -     C     P     A     -     -     -     S     C     E     K     P     G     C     T     C     -     -     A     D     N     Y     V     R     H     -     N     G     K     C     I     Y     W     G     D     C     P     E     -     -     -     -     -     -     -     -     -     -     -     -     -     
0.083 0.062 0.009 0.009 0.143 0.028 0.062 0.011 0.002 0.008 0.008 0.007 0.018 0.012 0.005 0.004 0.018 0.006 0.005 0.005 0.003 0.003 0.004 0.005 0.004 0.002 0.006 0.003 0.004 0.005 0.004 0.003 0.013 0.010 0.018 0.003 0.003 0.003 0.004 0.009 0.009 0.003 0.003 0.008 0.002 0.013 0.017 0.004 0.003 0.008 0.013 0.015 0.019 0.005 0.083 0.010 0.083 0.007 0.005 0.003 0.025 0.042 0.008 0.002 0.005 0.007 0.008 0.016 0.017 0.014 0.006 0.008 0.011 0.071 0.003 0.003 0.003 0.004 0.003 0.003 0.006 0.008 0.005 0.004 0.004 0.005 0.007 
>Sequence
Normalized_weight: 0.012
E     N     E     E     S     C     A     A     N     S     T     W     A     K     C     G     A     -     -     C     E     P     T     C     A     -     N     -     -     -     -     -     D     T     A     P     -     C     P     A     -     -     -     S     C     E     K     P     G     C     T     C     -     -     A     D     N     Y     V     R     H     -     N     G     Q     C     I     Y     W     G     D     C     P     E     -     -     -     -     -     -     -     -     -     -     -     -     -     
0.083 0.062 0.009 0.009 0.036 0.028 0.021 0.011 0.002 0.008 0.008 0.007 0.018 0.012 0.005 0.004 0.018 0.006 0.005 0.005 0.003 0.003 0.004 0.005 0.004 0.002 0.006 0.003 0.004 0.005 0.004 0.003 0.013 0.010 0.018 0.003 0.003 0.003 0.004 0.009 0.009 0.003 0.003 0.008 0.002 0.013 0.017 0.004 0.003 0.008 0.013 0.015 0.019 0.005 0.083 0.010 0.083 0.007 0.005 0.003 0.025 0.042 0.008 0.002 0.010 0.007 0.008 0.016 0.017 0.014 0.006 0.008 0.011 0.071 0.003 0.003 0.003 0.004 0.003 0.003 0.006 0.008 0.005 0.004 0.004 0.005 0.007 
>Sequence
Normalized_weight: 0.010
-     -     -     P     C     -     A     L     N     E     V     W     M     V     C     S     S     -     -     C     E     E     E     C     G     K     P     -     -     -     -     -     P     Q     -     P     -     C     P     R     -     -     -     I     C     Q     P     A     R     C     Q     C     P     A     H     K     G     Y     R     R     N     S     K     G     E     C     V     -     -     -     -     -     -     -     -     -     -     -     -     -     -     -     -     -     -     -     -     
0.004 0.003 0.003 0.015 0.003 0.006 0.021 0.020 0.002 0.004 0.006 0.007 0.018 0.007 0.005 0.017 0.004 0.006 0.005 0.005 0.003 0.011 0.025 0.005 0.005 0.045 0.017 0.003 0.004 0.005 0.004 0.003 0.003 0.017 0.010 0.003 0.003 0.003 0.004 0.010 0.009 0.003 0.003 0.010 0.002 0.019 0.010 0.018 0.014 0.008 0.004 0.015 0.006 0.031 0.042 0.009 0.003 0.007 0.009 0.003 0.004 0.006 0.010 0.002 0.017 0.007 0.005 0.021 0.022 0.028 0.031 0.071 0.005 0.003 0.003 0.003 0.003 0.004 0.003 0.003 0.006 0.008 0.005 0.004 0.004 0.005 0.007 
>Sequence
Normalized_weight: 0.010
-     -     K     P     C     -     G     L     N     E     V     W     M     V     C     S     S     -     -     C     E     E     E     C     G     K     T     -     -     -     -     -     P     Q     -     P     -     C     P     R     -     -     -     I     C     Q     P     A     R     C     Q     C     P     A     H     K     G     Y     R     R     D     G     Q     G     N     C     I     -     -     -     -     -     -     -     -     -     -     -     -     -     -     -     -     -     -     -     -     
0.004 0.003 0.019 0.015 0.003 0.006 0.005 0.020 0.002 0.004 0.006 0.007 0.018 0.007 0.005 0.017 0.004 0.006 0.005 0.005 0.003 0.011 0.025 0.005 0.005 0.045 0.017 0.003 0.004 0.005 0.004 0.003 0.003 0.017 0.010 0.003 0.003 0.003 0.004 0.010 0.009 0.003 0.003 0.010 0.002 0.019 0.010 0.018 0.014 0.008 0.004 0.015 0.006 0.031 0.042 0.009 0.003 0.007 0.009 0.003 0.010 0.004 0.010 0.002 0.013 0.007 0.008 0.021 0.022 0.028 0.031 0.071 0.005 0.003 0.003 0.003 0.003 0.004 0.003 0.003 0.006 0.008 0.005 0.004 0.004 0.005 0.007 
>Sequence
Normalized_weight: 0.010
-     E     H     Q     C     -     G     P     N     E     Q     W     S     D     C     P     G     -     -     C     E     L     Q     C     G     -     E     -     -     -     -     -     S     D     K     P     -     C     P     A     -     -     -     M     C     G     D     P     K     C     Y     C     S     P     D     Q     -     Y     R     R     I     P     D     G     R     C     I     R     K     I     Q     C     P     -     -     -     -     -     -     -     -     -     -     -     -     -     -     
0.004 0.021 0.037 0.015 0.003 0.006 0.005 0.004 0.002 0.004 0.012 0.007 0.006 0.024 0.005 0.020 0.012 0.006 0.005 0.005 0.003 0.007 0.033 0.005 0.005 0.002 0.008 0.003 0.004 0.005 0.004 0.003 0.019 0.006 0.018 0.003 0.003 0.003 0.004 0.009 0.009 0.003 0.003 0.013 0.002 0.015 0.042 0.004 0.033 0.008 0.018 0.015 0.010 0.036 0.033 0.019 0.056 0.007 0.009 0.003 0.033 0.028 0.004 0.002 0.010 0.007 0.008 0.008 0.011 0.021 0.007 0.008 0.011 0.003 0.003 0.003 0.003 0.004 0.003 0.003 0.006 0.008 0.005 0.004 0.004 0.005 0.007 
>Sequence
Normalized_weight: 0.011
-     E     H     Q     C     -     G     P     N     E     Q     W     S     D     C     P     K     -     -     C     E     L     Q     C     G     -     E     -     -     -     -     -     S     D     K     P     -     C     A     T     -     -     -     I     C     G     E     P     K     C     Y     C     S     P     D     K     -     Y     R     R     I     P     D     G     R     C     I     R     K     I     Q     C     P     -     -     -     -     -     -     -     -     -     -     -     -     -     -     
0.004 0.021 0.037 0.015 0.003 0.006 0.005 0.004 0.002 0.004 0.012 0.007 0.006 0.024 0.005 0.020 0.024 0.006 0.005 0.005 0.003 0.007 0.033 0.005 0.005 0.002 0.008 0.003 0.004 0.005 0.004 0.003 0.019 0.006 0.018 0.003 0.003 0.003 0.018 0.031 0.009 0.003 0.003 0.010 0.002 0.015 0.017 0.004 0.033 0.008 0.018 0.015 0.010 0.036 0.033 0.009 0.056 0.007 0.009 0.003 0.033 0.028 0.004 0.002 0.010 0.007 0.008 0.008 0.011 0.021 0.007 0.008 0.011 0.003 0.003 0.003 0.003 0.004 0.003 0.003 0.006 0.008 0.005 0.004 0.004 0.005 0.007 
>Sequence
Normalized_weight: 0.010
G     Q     E     R     C     -     G     P     N     E     V     W     T     E     C     T     G     -     -     C     E     M     K     C     G     D     P     -     -     -     -     -     E     N     T     P     -     C     P     L     -     -     -     M     C     R     R     P     S     C     E     C     S     P     G     R     G     M     R     R     T     N     D     G     K     C     I     P     A     S     Q     C     P     -     -     -     -     -     -     -     -     -     -     -     -     -     -     
0.062 0.062 0.009 0.013 0.003 0.006 0.005 0.004 0.002 0.004 0.006 0.007 0.010 0.004 0.005 0.011 0.012 0.006 0.005 0.005 0.003 0.033 0.013 0.005 0.005 0.091 0.017 0.003 0.004 0.005 0.004 0.003 0.011 0.007 0.009 0.003 0.003 0.003 0.004 0.005 0.009 0.003 0.003 0.013 0.002 0.013 0.042 0.004 0.025 0.008 0.008 0.015 0.010 0.036 0.028 0.015 0.003 0.021 0.009 0.003 0.014 0.014 0.004 0.002 0.005 0.007 0.008 0.002 0.007 0.009 0.007 0.008 0.011 0.003 0.003 0.003 0.003 0.004 0.003 0.003 0.006 0.008 0.005 0.004 0.004 0.005 0.007 
>Sequence
Normalized_weight: 0.014
-     E     H     Q     C     -     G     P     N     E     Q     W     S     G     C     P     K     -     -     C     E     L     Q     S     G     -     E     -     -     -     -     -     S     D     K     P     -     C     A     T     -     -     -     I     C     G     E     P     K     C     Y     C     S     P     D     K     -     Y     R     R     I     P     D     G     R     C     I     R     K     I     Q     C     P     -     -     -     -     -     -     -     -     -     -     -     -     -     -     
0.004 0.021 0.037 0.015 0.003 0.006 0.005 0.004 0.002 0.004 0.012 0.007 0.006 0.036 0.005 0.020 0.024 0.006 0.005 0.005 0.003 0.007 0.033 0.333 0.005 0.002 0.008 0.003 0.004 0.005 0.004 0.003 0.019 0.006 0.018 0.003 0.003 0.003 0.018 0.031 0.009 0.003 0.003 0.010 0.002 0.015 0.017 0.004 0.033 0.008 0.018 0.015 0.010 0.036 0.033 0.009 0.056 0.007 0.009 0.003 0.033 0.028 0.004 0.002 0.010 0.007 0.008 0.008 0.011 0.021 0.007 0.008 0.011 0.003 0.003 0.003 0.003 0.004 0.003 0.003 0.006 0.008 0.005 0.004 0.004 0.005 0.007 
>Sequence
Normalized_weight: 0.009
-     R     K     P     C     -     G     K     N     E     V     W     T     E     C     T     G     -     -     C     E     L     K     C     G     Q     D     -     -     -     -     -     E     N     T     P     -     C     A     L     -     -     -     M     C     R     P     P     S     C     E     C     S     P     G     R     G     M     R     R     T     H     D     G     K     C     V     P     V     S     E     C     P     -     -     -     -     -     -     -     -     -     -     -     -     -     -     
0.004 0.062 0.019 0.015 0.003 0.006 0.005 0.050 0.002 0.004 0.006 0.007 0.010 0.004 0.005 0.011 0.012 0.006 0.005 0.005 0.003 0.007 0.013 0.005 0.005 0.045 0.008 0.003 0.004 0.005 0.004 0.003 0.011 0.007 0.009 0.003 0.003 0.003 0.018 0.005 0.009 0.003 0.003 0.013 0.002 0.013 0.010 0.004 0.025 0.008 0.008 0.015 0.010 0.036 0.028 0.015 0.003 0.021 0.009 0.003 0.014 0.021 0.004 0.002 0.005 0.007 0.005 0.002 0.013 0.009 0.010 0.008 0.011 0.003 0.003 0.003 0.003 0.004 0.003 0.003 0.006 0.008 0.005 0.004 0.004 0.005 0.007 
>Sequence
Normalized_weight: 0.010
-     R     K     P     C     -     G     K     N     E     V     W     T     E     C     T     G     -     -     C     E     L     K     C     G     Q     D     -     -     -     -     -     E     K     T     P     -     C     A     L     -     -     -     M     C     R     P     P     S     C     E     C     T     P     G     R     G     M     R     R     T     H     D     G     K     C     V     P     V     S     E     C     P     -     -     -     -     -     -     -     -     -     -     -     -     -     -     
0.004 0.062 0.019 0.015 0.003 0.006 0.005 0.050 0.002 0.004 0.006 0.007 0.010 0.004 0.005 0.011 0.012 0.006 0.005 0.005 0.003 0.007 0.013 0.005 0.005 0.045 0.008 0.003 0.004 0.005 0.004 0.003 0.011 0.017 0.009 0.003 0.003 0.003 0.018 0.005 0.009 0.003 0.003 0.013 0.002 0.013 0.010 0.004 0.025 0.008 0.008 0.015 0.077 0.036 0.028 0.015 0.003 0.021 0.009 0.003 0.014 0.021 0.004 0.002 0.005 0.007 0.005 0.002 0.013 0.009 0.010 0.008 0.011 0.003 0.003 0.003 0.003 0.004 0.003 0.003 0.006 0.008 0.005 0.004 0.004 0.005 0.007 
>Sequence
Normalized_weight: 0.016
G     E     Q     E     C     -     G     P     N     E     Q     W     S     E     C     P     E     -     -     C     E     H     S     C     D     W     P     -     -     -     -     -     E     T     T     P     -     C     P     N     -     -     -     S     C     G     T     P     R     C     I     C     K     E     G     F     V     R     M     A     N     D     Q     E     V     C     V     P     F     D     F     C     -     -     -     -     -     -     -     -     -     -     -     -     -     -     -     
0.062 0.021 0.016 0.009 0.003 0.006 0.005 0.004 0.002 0.004 0.012 0.007 0.006 0.004 0.005 0.020 0.024 0.006 0.005 0.005 0.003 0.022 0.009 0.005 0.036 0.045 0.017 0.003 0.004 0.005 0.004 0.003 0.011 0.010 0.009 0.003 0.003 0.003 0.004 0.031 0.009 0.003 0.003 0.008 0.002 0.015 0.042 0.004 0.014 0.008 0.045 0.015 0.009 0.125 0.028 0.038 0.083 0.062 0.062 0.037 0.004 0.042 0.010 0.071 0.022 0.007 0.005 0.002 0.017 0.014 0.062 0.008 0.005 0.003 0.003 0.003 0.003 0.004 0.003 0.003 0.006 0.008 0.005 0.004 0.004 0.005 0.007 
>Sequence
Normalized_weight: 0.012
-     E     E     S     C     -     A     A     N     S     T     W     A     K     C     T     A     -     -     C     E     P     T     C     A     N     M     -     -     -     -     -     Y     D     T     P     -     C     P     A     -     -     -     S     C     E     K     P     G     C     T     C     -     A     D     N     Y     V     R     -     -     H     N     G     Q     C     I     Y     W     G     D     C     P     -     -     -     -     -     -     -     -     -     -     -     -     -     -     
0.004 0.021 0.009 0.030 0.003 0.006 0.021 0.011 0.002 0.008 0.008 0.007 0.018 0.012 0.005 0.011 0.018 0.006 0.005 0.005 0.003 0.003 0.004 0.005 0.004 0.045 0.033 0.003 0.004 0.005 0.004 0.003 0.038 0.006 0.009 0.003 0.003 0.003 0.004 0.009 0.009 0.003 0.003 0.008 0.002 0.013 0.017 0.004 0.003 0.008 0.013 0.015 0.019 0.031 0.033 0.010 0.083 0.062 0.009 0.056 0.011 0.021 0.008 0.002 0.010 0.007 0.008 0.016 0.017 0.014 0.006 0.008 0.011 0.003 0.003 0.003 0.003 0.004 0.003 0.003 0.006 0.008 0.005 0.004 0.004 0.005 0.007 
>Sequence
Normalized_weight: 0.017
G     D     Q     E     C     -     G     P     N     E     Q     W     S     E     C     P     E     -     -     C     E     H     S     C     D     W     P     -     -     -     -     -     E     T     T     P     -     C     P     N     -     -     -     S     C     G     T     P     R     C     I     C     K     E     G     F     V     R     M     A     N     D     E     D     V     C     V     P     F     D     F     C     -     -     -     -     -     -     -     -     -     -     -     -     -     -     -     
0.062 0.125 0.016 0.009 0.003 0.006 0.005 0.004 0.002 0.004 0.012 0.007 0.006 0.004 0.005 0.020 0.024 0.006 0.005 0.005 0.003 0.022 0.009 0.005 0.036 0.045 0.017 0.003 0.004 0.005 0.004 0.003 0.011 0.010 0.009 0.003 0.003 0.003 0.004 0.031 0.009 0.003 0.003 0.008 0.002 0.015 0.042 0.004 0.014 0.008 0.045 0.015 0.009 0.125 0.028 0.038 0.083 0.062 0.062 0.037 0.004 0.042 0.028 0.024 0.022 0.007 0.005 0.002 0.017 0.014 0.062 0.008 0.005 0.003 0.003 0.003 0.003 0.004 0.003 0.003 0.006 0.008 0.005 0.004 0.004 0.005 0.007 
>Sequence
Normalized_weight: 0.013
-     E     E     T     C     -     E     A     N     S     T     W     A     K     C     T     A     -     -     C     E     P     T     C     A     N     M     -     -     -     -     -     Y     D     T     P     -     C     P     A     -     -     -     S     C     E     K     P     G     C     T     C     -     A     D     N     Y     V     R     -     -     H     N     G     K     C     I     Y     W     G     D     C     P     -     -     -     -     -     -     -     -     -     -     -     -     -     -     
0.004 0.021 0.009 0.091 0.003 0.006 0.062 0.011 0.002 0.008 0.008 0.007 0.018 0.012 0.005 0.011 0.018 0.006 0.005 0.005 0.003 0.003 0.004 0.005 0.004 0.045 0.033 0.003 0.004 0.005 0.004 0.003 0.038 0.006 0.009 0.003 0.003 0.003 0.004 0.009 0.009 0.003 0.003 0.008 0.002 0.013 0.017 0.004 0.003 0.008 0.013 0.015 0.019 0.031 0.033 0.010 0.083 0.062 0.009 0.056 0.011 0.021 0.008 0.002 0.005 0.007 0.008 0.016 0.017 0.014 0.006 0.008 0.011 0.003 0.003 0.003 0.003 0.004 0.003 0.003 0.006 0.008 0.005 0.004 0.004 0.005 0.007 
>Sequence
Normalized_weight: 0.034
-     A     K     P     S     C     G     E     N     Q     R     Y     D     E     C     N     R     K     E     C     D     P     K     C     K     Y     D     G     T     E     E     K     D     D     E     K     P     -     V     E     C     L     I     R     V     C     H     G     D     C     V     C     K     -     -     D     G     F     L     R     N     N     N     G     A     C     V     K     A     G     D     C     E     L     D     N     M     E     F     I     Y     P     N     R     K     -     -     
0.004 0.021 0.019 0.015 0.036 0.028 0.005 0.007 0.002 0.029 0.021 0.007 0.018 0.004 0.005 0.050 0.024 0.067 0.025 0.005 0.025 0.003 0.013 0.005 0.018 0.030 0.008 0.067 0.062 0.083 0.050 0.200 0.013 0.006 0.030 0.010 0.024 0.042 0.012 0.013 0.042 0.036 0.167 0.010 0.025 0.006 0.042 0.036 0.033 0.008 0.009 0.015 0.009 0.005 0.003 0.010 0.003 0.004 0.011 0.003 0.004 0.014 0.008 0.002 0.010 0.007 0.005 0.016 0.007 0.014 0.006 0.008 0.050 0.048 0.024 0.033 0.029 0.042 0.042 0.033 0.042 0.071 0.333 0.250 0.250 0.005 0.007 
>Sequence
Normalized_weight: 0.034
K     A     T     R     K     C     G     E     N     E     M     Y     D     P     C     G     R     K     E     C     D     Q     K     C     K     Y     D     G     V     E     E     E     D     D     E     E     P     N     V     Q     C     L     V     R     V     C     Y     G     D     C     V     C     E     -     -     E     G     Y     F     R     N     K     N     D     I     C     V     K     A     E     D     C     E     L     D     N     M     E     F     I     Y     P     G     T     Q     H     -     
0.062 0.021 0.056 0.013 0.029 0.028 0.005 0.007 0.002 0.004 0.083 0.007 0.018 0.036 0.005 0.004 0.024 0.067 0.025 0.005 0.025 0.067 0.013 0.005 0.018 0.030 0.008 0.067 0.083 0.083 0.050 0.067 0.013 0.006 0.030 0.013 0.024 0.056 0.012 0.013 0.042 0.036 0.042 0.010 0.025 0.006 0.083 0.036 0.033 0.008 0.009 0.015 0.026 0.005 0.003 0.009 0.003 0.007 0.021 0.003 0.004 0.012 0.008 0.024 0.067 0.007 0.005 0.016 0.007 0.005 0.006 0.008 0.050 0.048 0.024 0.033 0.029 0.042 0.042 0.033 0.042 0.071 0.056 0.125 0.250 0.333 0.007 
>Sequence
Normalized_weight: 0.023
-     A     P     K     K     C     G     P     N     E     D     F     K     E     C     G     T     -     A     C     E     A     N     C     A     -     -     -     -     -     E     G     H     V     M     F     C     T     M     Q     C     I     V     N     V     C     Q     -     -     -     -     C     K     -     -     D     G     F     F     R     N     K     D     K     K     C     A     H     V     E     -     -     -     -     -     -     -     -     -     -     -     -     -     -     -     -     -     
0.004 0.021 0.111 0.008 0.029 0.028 0.005 0.004 0.002 0.004 0.042 0.006 0.014 0.004 0.005 0.004 0.006 0.006 0.005 0.005 0.003 0.010 0.025 0.005 0.004 0.002 0.013 0.003 0.004 0.005 0.050 0.067 0.038 0.022 0.045 0.033 0.014 0.083 0.024 0.013 0.042 0.071 0.042 0.021 0.025 0.006 0.042 0.036 0.050 0.250 0.045 0.015 0.009 0.005 0.003 0.010 0.003 0.004 0.021 0.003 0.004 0.012 0.004 0.014 0.005 0.007 0.200 0.062 0.013 0.005 0.031 0.071 0.005 0.003 0.003 0.003 0.003 0.004 0.003 0.003 0.006 0.008 0.005 0.004 0.004 0.005 0.007 
>Sequence
Normalized_weight: 0.021
-     -     -     -     S     C     P     E     P     K     T     F     Q     S     C     S     Q     A     A     C     A     P     T     C     Q     M     L     A     T     -     -     -     -     -     -     -     -     G     I     D     C     V     P     T     K     C     E     S     G     C     V     C     P     -     -     K     G     L     Y     E     N     S     D     G     Q     C     V     P     A     E     E     C     P     C     D     Y     A     G     V     S     Y     P     G     -     -     -     -     
0.004 0.003 0.003 0.004 0.036 0.028 0.005 0.007 0.062 0.071 0.008 0.006 0.014 0.008 0.005 0.017 0.036 0.083 0.005 0.005 0.025 0.003 0.004 0.005 0.010 0.030 0.013 0.067 0.062 0.005 0.004 0.003 0.015 0.013 0.010 0.007 0.003 0.056 0.071 0.010 0.042 0.048 0.056 0.013 0.042 0.006 0.017 0.012 0.003 0.008 0.009 0.015 0.006 0.005 0.003 0.009 0.003 0.025 0.016 0.037 0.004 0.006 0.004 0.002 0.010 0.007 0.005 0.002 0.007 0.005 0.010 0.008 0.011 0.024 0.024 0.083 0.071 0.062 0.042 0.056 0.042 0.071 0.056 0.004 0.004 0.005 0.007 
>Sequence
Normalized_weight: 0.022
-     -     -     -     S     C     P     E     P     K     T     F     Q     S     C     S     Q     A     A     C     A     P     T     C     Q     M     L     A     T     -     -     -     -     -     -     -     -     G     T     A     C     V     P     T     K     C     E     S     G     C     V     C     P     -     -     K     G     L     Y     E     N     S     D     G     Q     C     V     P     A     E     E     C     P     C     D     Y     A     G     T     S     Y     P     G     -     -     -     -     
0.004 0.003 0.003 0.004 0.036 0.028 0.005 0.007 0.062 0.071 0.008 0.006 0.014 0.008 0.005 0.017 0.036 0.083 0.005 0.005 0.025 0.003 0.004 0.005 0.010 0.030 0.013 0.067 0.062 0.005 0.004 0.003 0.015 0.013 0.010 0.007 0.003 0.056 0.004 0.009 0.042 0.048 0.056 0.013 0.042 0.006 0.017 0.012 0.003 0.008 0.009 0.015 0.006 0.005 0.003 0.009 0.003 0.025 0.016 0.037 0.004 0.006 0.004 0.002 0.010 0.007 0.005 0.002 0.007 0.005 0.010 0.008 0.011 0.024 0.024 0.083 0.071 0.062 0.167 0.056 0.042 0.071 0.056 0.004 0.004 0.005 0.007 
>Sequence
Normalized_weight: 0.035
K     S     V     K     K     C     G     L     N     E     R     L     D     C     G     N     L     K     A     C     E     R     K     C     N     E     E     E     S     E     E     E     I     E     A     R     -     -     -     -     C     L     S     R     D     C     G     R     V     C     M     C     D     -     -     Y     G     F     Y     R     N     K     D     G     E     C     V     T     E     D     D     C     E     Y     D     N     M     E     I     I     -     -     -     -     -     -     -     
0.062 0.125 0.056 0.008 0.029 0.028 0.005 0.020 0.002 0.004 0.021 0.042 0.018 0.071 0.111 0.050 0.036 0.067 0.005 0.005 0.003 0.033 0.013 0.005 0.018 0.091 0.008 0.200 0.250 0.083 0.050 0.067 0.019 0.022 0.018 0.033 0.003 0.042 0.036 0.016 0.042 0.036 0.056 0.010 0.125 0.006 0.042 0.036 0.050 0.008 0.091 0.015 0.005 0.005 0.003 0.077 0.003 0.004 0.016 0.003 0.004 0.012 0.004 0.002 0.017 0.007 0.005 0.016 0.013 0.014 0.006 0.008 0.050 0.143 0.024 0.033 0.029 0.042 0.167 0.033 0.006 0.008 0.005 0.004 0.004 0.005 0.007 
>Sequence
Normalized_weight: 0.024
-     -     -     -     -     -     -     -     -     -     -     -     -     -     -     -     -     A     A     C     A     P     T     C     Q     M     L     A     T     -     -     -     -     -     -     -     -     G     V     A     C     V     P     T     K     C     E     P     G     C     V     C     A     -     -     E     G     L     Y     E     N     A     D     G     Q     C     V     P     P     E     E     C     P     C     E     F     S     G     V     S     Y     P     G     -     -     -     -     
0.004 0.003 0.003 0.004 0.020 0.006 0.018 0.014 0.025 0.036 0.021 0.042 0.024 0.024 0.111 0.014 0.010 0.083 0.005 0.005 0.025 0.003 0.004 0.005 0.010 0.030 0.013 0.067 0.062 0.005 0.004 0.003 0.015 0.013 0.010 0.007 0.003 0.056 0.012 0.009 0.042 0.048 0.056 0.013 0.042 0.006 0.017 0.004 0.003 0.008 0.009 0.015 0.026 0.005 0.003 0.009 0.003 0.025 0.016 0.037 0.004 0.021 0.004 0.002 0.010 0.007 0.005 0.002 0.005 0.005 0.010 0.008 0.011 0.024 0.167 0.083 0.143 0.062 0.042 0.056 0.042 0.071 0.056 0.004 0.004 0.005 0.007 
>Sequence
Normalized_weight: 0.019
-     -     -     K     K     C     A     E     N     E     E     F     K     E     C     G     T     -     A     C     E     A     N     C     A     -     -     -     -     -     D     G     H     V     M     F     C     T     M     Q     C     I     V     N     V     C     Q     -     -     -     -     C     K     -     -     N     G     F     F     R     N     K     D     K     K     C     V     P     K     N     K     C     -     -     -     -     -     -     -     -     -     -     -     -     -     -     -     
0.004 0.003 0.003 0.008 0.029 0.028 0.021 0.007 0.002 0.004 0.014 0.006 0.014 0.004 0.005 0.004 0.006 0.006 0.005 0.005 0.003 0.010 0.025 0.005 0.004 0.002 0.013 0.003 0.004 0.005 0.125 0.067 0.038 0.022 0.045 0.033 0.014 0.083 0.024 0.013 0.042 0.071 0.042 0.021 0.025 0.006 0.042 0.036 0.050 0.250 0.045 0.015 0.009 0.005 0.003 0.010 0.003 0.004 0.021 0.003 0.004 0.012 0.004 0.014 0.005 0.007 0.005 0.002 0.011 0.017 0.042 0.008 0.005 0.003 0.003 0.003 0.003 0.004 0.003 0.003 0.006 0.008 0.005 0.004 0.004 0.005 0.007 
>Sequence
Normalized_weight: 0.054
-     -     V     K     A     C     A     E     K     E     T     Y     I     V     G     W     R     A     E     C     D     H     S     C     P     S     G     L     V     F     K     Y     N     V     K     A     C     N     S     S     C     R     S     R     S     C     D     D     G     C     T     C     P     -     -     D     G     M     Y     H     N     N     E     G     T     C     V     P     K     S     Q     C     D     C     Y     N     D     E     V     M     Q     P     G     K     -     -     -     
0.004 0.003 0.056 0.008 0.143 0.028 0.021 0.007 0.125 0.004 0.008 0.007 0.071 0.007 0.111 0.100 0.024 0.083 0.025 0.005 0.025 0.022 0.009 0.005 0.036 0.091 0.067 0.200 0.083 0.333 0.250 0.200 0.077 0.022 0.018 0.033 0.014 0.056 0.012 0.016 0.042 0.143 0.056 0.010 0.125 0.006 0.042 0.024 0.003 0.008 0.013 0.015 0.006 0.005 0.003 0.010 0.003 0.021 0.016 0.111 0.004 0.014 0.028 0.002 0.022 0.007 0.005 0.002 0.011 0.009 0.007 0.008 0.200 0.024 0.167 0.033 0.143 0.042 0.042 0.167 0.333 0.071 0.056 0.250 0.004 0.005 0.007 
>Sequence
Normalized_weight: 0.027
-     -     -     -     -     -     -     -     -     -     -     -     -     -     -     -     -     -     -     -     -     -     -     -     -     -     -     -     -     -     -     -     -     -     -     -     -     -     -     -     -     -     -     -     -     C     K     R     G     C     Y     C     P     -     -     V     G     M     V     R     N     S     K     G     N     C     V     F     P     E     D     C     P     C     S     F     G     G     R     E     Y     -     -     -     -     -     -     
0.004 0.003 0.003 0.004 0.020 0.006 0.018 0.014 0.025 0.036 0.021 0.042 0.024 0.024 0.111 0.014 0.010 0.006 0.005 0.167 0.050 0.033 0.050 0.167 0.024 0.002 0.013 0.003 0.004 0.005 0.004 0.003 0.015 0.013 0.010 0.007 0.003 0.042 0.036 0.016 0.009 0.003 0.003 0.031 0.062 0.006 0.017 0.036 0.003 0.008 0.018 0.015 0.006 0.005 0.003 0.077 0.003 0.021 0.005 0.003 0.004 0.006 0.010 0.002 0.013 0.007 0.005 0.021 0.005 0.005 0.006 0.008 0.011 0.024 0.167 0.083 0.143 0.062 0.167 0.167 0.042 0.008 0.005 0.004 0.004 0.005 0.007 
>Sequence
Normalized_weight: 0.030
-     -     -     -     -     -     -     -     -     -     -     -     -     -     -     -     -     -     -     -     -     -     -     -     -     -     -     -     -     -     -     -     -     -     -     -     -     -     V     E     C     F     S     T     Q     C     V     S     G     C     V     C     P     -     -     S     G     L     V     A     D     G     N     G     G     C     I     A     E     E     D     C     P     C     I     H     N     E     V     T     Y     -     -     -     -     -     -     
0.004 0.003 0.003 0.004 0.020 0.006 0.018 0.014 0.025 0.036 0.021 0.042 0.024 0.024 0.111 0.014 0.010 0.006 0.005 0.167 0.050 0.033 0.050 0.167 0.024 0.002 0.013 0.003 0.004 0.005 0.004 0.003 0.015 0.013 0.010 0.007 0.003 0.042 0.012 0.013 0.042 0.143 0.056 0.013 0.125 0.006 0.083 0.012 0.003 0.008 0.009 0.015 0.006 0.005 0.003 0.013 0.003 0.025 0.005 0.037 0.010 0.004 0.008 0.002 0.010 0.007 0.008 0.031 0.013 0.005 0.006 0.008 0.011 0.024 0.167 0.167 0.143 0.042 0.042 0.167 0.042 0.008 0.005 0.004 0.004 0.005 0.007 
>Sequence
Normalized_weight: 0.035
K     A     M     P     K     C     G     P     N     E     R     L     E     A     C     G     L     K     E     C     E     P     T     C     -     -     -     -     -     -     D     G     E     D     K     I     C     P     R     G     C     Y     G     -     -     -     G     S     V     C     V     C     E     -     -     E     G     F     Y     R     D     R     A     G     D     C     V     T     D     E     D     C     A     I     D     D     M     E     F     I     -     -     -     -     -     -     -     
0.062 0.021 0.111 0.015 0.029 0.028 0.005 0.004 0.002 0.004 0.021 0.042 0.005 0.071 0.005 0.004 0.036 0.067 0.025 0.005 0.003 0.003 0.004 0.005 0.024 0.002 0.013 0.003 0.004 0.005 0.125 0.067 0.011 0.006 0.018 0.067 0.014 0.167 0.071 0.031 0.042 0.143 0.167 0.031 0.062 0.077 0.042 0.012 0.050 0.008 0.009 0.015 0.026 0.005 0.003 0.009 0.003 0.004 0.016 0.003 0.010 0.083 0.083 0.002 0.067 0.007 0.005 0.016 0.067 0.005 0.006 0.008 0.200 0.143 0.024 0.167 0.029 0.042 0.042 0.033 0.006 0.008 0.005 0.004 0.004 0.005 0.007 
