>Sequence
Normalized_weight: 0.011
M     E     L     K     N     S     I     S     D     Y     T     E     A     E     F     V     Q     L     L     K     E     I     E     K     E     N     V     A     A     T     D     D     V     L     D     V     L     L     E     H     F     V     K     I     T     E     H     P     D     G     T     D     L     I     Y     Y     P     S     D     N     R     D     D     S     P     E     G     I     V     K     E     I     K     E     W     R     A     A     N     G     K     P     G     F     K     Q     G     
0.017 0.008 0.005 0.006 0.006 0.009 0.007 0.006 0.005 0.008 0.017 0.017 0.006 0.017 0.017 0.042 0.011 0.011 0.008 0.010 0.006 0.004 0.014 0.014 0.013 0.008 0.062 0.024 0.013 0.008 0.007 0.011 0.010 0.004 0.003 0.012 0.004 0.011 0.005 0.005 0.006 0.014 0.006 0.007 0.009 0.006 0.009 0.017 0.012 0.005 0.014 0.009 0.006 0.009 0.014 0.006 0.017 0.016 0.010 0.009 0.008 0.006 0.005 0.008 0.017 0.005 0.008 0.012 0.019 0.007 0.008 0.013 0.009 0.005 0.017 0.017 0.005 0.009 0.007 0.009 0.014 0.008 0.009 0.017 0.017 0.008 0.029 
>Sequence
Normalized_weight: 0.012
M     E     L     K     N     S     I     S     D     Y     T     E     T     E     F     K     K     I     I     E     D     I     I     N     C     E     G     D     -     -     E     K     K     Q     D     D     N     L     E     H     F     I     S     V     T     E     H     P     S     G     S     D     L     I     Y     Y     P     E     G     N     N     D     G     S     P     E     A     V     I     K     E     I     K     E     W     R     A     A     N     G     K     S     G     F     K     Q     G     
0.017 0.008 0.005 0.006 0.006 0.009 0.007 0.006 0.005 0.008 0.017 0.017 0.010 0.017 0.017 0.028 0.014 0.031 0.014 0.008 0.013 0.004 0.012 0.003 0.015 0.015 0.004 0.009 0.005 0.005 0.004 0.004 0.013 0.015 0.003 0.007 0.033 0.011 0.005 0.005 0.006 0.006 0.024 0.018 0.009 0.006 0.009 0.017 0.005 0.005 0.005 0.009 0.006 0.009 0.014 0.006 0.017 0.008 0.012 0.009 0.009 0.006 0.010 0.008 0.017 0.005 0.042 0.026 0.030 0.007 0.008 0.013 0.009 0.005 0.017 0.017 0.005 0.009 0.007 0.009 0.014 0.024 0.009 0.017 0.017 0.008 0.029 
>Sequence
Normalized_weight: 0.016
-     -     L     K     A     S     I     S     D     Y     T     E     A     E     F     L     Q     L     V     T     T     I     C     N     A     -     D     T     S     S     E     E     E     L     V     K     L     V     T     H     F     E     E     M     T     E     H     P     S     G     S     D     L     I     Y     Y     P     K     E     G     D     D     D     S     P     S     G     I     V     N     T     V     Q     Q     W     R     A     A     N     G     K     S     G     F     K     Q     -     
0.016 0.006 0.005 0.006 0.056 0.009 0.007 0.006 0.005 0.008 0.017 0.017 0.006 0.017 0.017 0.007 0.011 0.011 0.031 0.029 0.024 0.004 0.008 0.003 0.005 0.006 0.031 0.012 0.023 0.033 0.004 0.009 0.005 0.004 0.022 0.010 0.004 0.007 0.025 0.005 0.006 0.010 0.011 0.050 0.009 0.006 0.009 0.017 0.005 0.005 0.005 0.009 0.006 0.009 0.014 0.006 0.017 0.011 0.010 0.008 0.017 0.006 0.005 0.008 0.017 0.050 0.008 0.012 0.019 0.048 0.019 0.010 0.250 0.031 0.017 0.017 0.005 0.009 0.007 0.009 0.014 0.024 0.009 0.017 0.017 0.008 0.012 
>Sequence
Normalized_weight: 0.011
M     E     L     E     N     S     I     S     D     Y     T     E     A     E     F     V     Q     L     L     K     E     I     E     K     E     N     E     A     A     T     D     D     V     L     D     V     L     L     E     H     F     V     K     I     T     E     H     P     D     G     T     D     L     I     Y     Y     P     S     D     N     R     D     D     S     P     E     G     I     V     K     E     I     K     E     W     R     A     A     N     G     K     P     G     F     K     Q     G     
0.017 0.008 0.005 0.083 0.006 0.009 0.007 0.006 0.005 0.008 0.017 0.017 0.006 0.017 0.017 0.042 0.011 0.011 0.008 0.010 0.006 0.004 0.014 0.014 0.013 0.008 0.007 0.024 0.013 0.008 0.007 0.011 0.010 0.004 0.003 0.012 0.004 0.011 0.005 0.005 0.006 0.014 0.006 0.007 0.009 0.006 0.009 0.017 0.012 0.005 0.014 0.009 0.006 0.009 0.014 0.006 0.017 0.016 0.010 0.009 0.008 0.006 0.005 0.008 0.017 0.005 0.008 0.012 0.019 0.007 0.008 0.013 0.009 0.005 0.017 0.017 0.005 0.009 0.007 0.009 0.014 0.008 0.009 0.017 0.017 0.008 0.029 
>Sequence
Normalized_weight: 0.013
M     E     L     K     H     S     I     S     D     Y     T     E     A     E     F     L     Q     L     V     T     T     I     C     N     A     N     T     S     S     -     E     E     E     L     V     K     L     V     T     H     F     E     E     M     T     E     H     P     S     G     S     D     L     I     Y     Y     P     K     E     G     D     D     D     S     P     S     G     I     V     N     T     V     K     Q     W     R     A     A     N     G     K     S     G     F     K     Q     G     
0.017 0.008 0.005 0.006 0.022 0.009 0.007 0.006 0.005 0.008 0.017 0.017 0.006 0.017 0.017 0.007 0.011 0.011 0.031 0.029 0.024 0.004 0.008 0.003 0.005 0.008 0.010 0.008 0.023 0.005 0.004 0.009 0.005 0.004 0.022 0.010 0.004 0.007 0.025 0.005 0.006 0.010 0.011 0.050 0.009 0.006 0.009 0.017 0.005 0.005 0.005 0.009 0.006 0.009 0.014 0.006 0.017 0.011 0.010 0.008 0.017 0.006 0.005 0.008 0.017 0.050 0.008 0.012 0.019 0.048 0.019 0.010 0.009 0.031 0.017 0.017 0.005 0.009 0.007 0.009 0.014 0.024 0.009 0.017 0.017 0.008 0.029 
>Sequence
Normalized_weight: 0.016
M     E     L     K     A     S     I     S     D     Y     T     E     A     E     F     L     Q     L     V     T     T     I     C     N     A     D     T     S     S     -     E     E     E     L     V     K     L     V     T     H     F     E     E     M     T     E     H     P     S     G     S     D     L     I     Y     Y     P     K     E     G     D     D     D     S     P     S     G     I     V     N     T     V     Q     Q     W     R     A     A     N     G     K     S     G     F     K     Q     G     
0.017 0.008 0.005 0.006 0.056 0.009 0.007 0.006 0.005 0.008 0.017 0.017 0.006 0.017 0.017 0.007 0.011 0.011 0.031 0.029 0.024 0.004 0.008 0.003 0.005 0.023 0.010 0.008 0.023 0.005 0.004 0.009 0.005 0.004 0.022 0.010 0.004 0.007 0.025 0.005 0.006 0.010 0.011 0.050 0.009 0.006 0.009 0.017 0.005 0.005 0.005 0.009 0.006 0.009 0.014 0.006 0.017 0.011 0.010 0.008 0.017 0.006 0.005 0.008 0.017 0.050 0.008 0.012 0.019 0.048 0.019 0.010 0.250 0.031 0.017 0.017 0.005 0.009 0.007 0.009 0.014 0.024 0.009 0.017 0.017 0.008 0.029 
>Sequence
Normalized_weight: 0.014
M     E     L     K     H     S     I     S     D     Y     T     E     A     E     F     L     E     F     V     K     K     I     C     R     A     -     E     G     A     T     E     E     D     D     N     K     L     V     R     E     F     E     R     L     T     E     H     P     D     G     S     D     L     I     Y     Y     P     R     D     D     R     E     D     S     P     E     G     I     V     K     E     I     K     E     W     R     A     A     N     G     K     P     G     F     K     Q     G     
0.017 0.008 0.005 0.006 0.022 0.009 0.007 0.006 0.005 0.008 0.017 0.017 0.006 0.017 0.017 0.007 0.005 0.011 0.031 0.010 0.020 0.004 0.008 0.025 0.005 0.006 0.007 0.014 0.013 0.008 0.004 0.009 0.077 0.018 0.056 0.010 0.004 0.007 0.021 0.050 0.006 0.010 0.014 0.050 0.009 0.006 0.009 0.017 0.012 0.005 0.005 0.009 0.006 0.009 0.014 0.006 0.017 0.071 0.010 0.071 0.008 0.021 0.005 0.008 0.017 0.005 0.008 0.012 0.019 0.007 0.008 0.013 0.009 0.005 0.017 0.017 0.005 0.009 0.007 0.009 0.014 0.008 0.009 0.017 0.017 0.008 0.029 
>Sequence
Normalized_weight: 0.022
M     E     L     K     E     K     Y     E     D     Y     T     E     H     E     F     L     E     F     I     R     N     I     C     E     V     N     -     T     D     S     Q     S     L     H     S     S     W     V     R     H     F     T     K     I     T     E     H     P     S     G     S     D     L     I     Y     Y     P     E     D     G     A     D     D     S     P     E     G     I     L     E     L     V     K     K     W     R     A     E     N     G     K     P     G     F     K     K     -     
0.017 0.008 0.005 0.006 0.009 0.007 0.125 0.008 0.005 0.008 0.017 0.017 0.045 0.017 0.017 0.007 0.005 0.011 0.014 0.018 0.020 0.004 0.008 0.025 0.030 0.008 0.062 0.012 0.015 0.033 0.111 0.056 0.077 0.030 0.056 0.009 0.200 0.007 0.021 0.005 0.006 0.016 0.006 0.007 0.009 0.006 0.009 0.017 0.005 0.005 0.005 0.009 0.006 0.009 0.014 0.006 0.017 0.008 0.010 0.008 0.028 0.006 0.005 0.008 0.017 0.005 0.008 0.012 0.011 0.042 0.083 0.010 0.009 0.125 0.017 0.017 0.005 0.050 0.007 0.009 0.014 0.008 0.009 0.017 0.017 0.019 0.012 
>Sequence
Normalized_weight: 0.038
M     K     L     N     K     K     L     E     D     Y     T     E     A     E     F     L     E     F     A     R     K     V     C     N     A     D     Y     -     A     T     E     D     E     A     N     V     A     V     Q     D     F     I     R     L     S     E     H     P     D     G     T     D     I     L     F     Y     P     S     S     G     Q     D     D     S     P     E     G     I     V     K     Q     I     K     E     W     R     A     K     S     G     K     P     G     F     K     K     -     
0.017 0.056 0.005 0.167 0.014 0.007 0.013 0.008 0.005 0.008 0.017 0.017 0.006 0.017 0.017 0.007 0.005 0.011 0.250 0.018 0.020 0.167 0.008 0.003 0.005 0.023 0.062 0.024 0.013 0.008 0.004 0.011 0.005 0.091 0.056 0.012 0.050 0.007 0.125 0.250 0.006 0.006 0.014 0.050 0.250 0.006 0.009 0.017 0.012 0.005 0.014 0.009 0.333 0.100 0.022 0.006 0.017 0.016 0.009 0.008 0.021 0.006 0.005 0.008 0.017 0.005 0.008 0.012 0.019 0.007 0.167 0.013 0.009 0.005 0.017 0.017 0.005 0.062 0.250 0.009 0.014 0.008 0.009 0.017 0.017 0.019 0.012 
>Sequence
Normalized_weight: 0.021
M     K     L     K     E     N     I     S     D     Y     T     E     S     E     F     I     D     F     L     R     V     I     F     S     E     N     E     S     D     T     D     E     T     L     D     P     L     L     E     Y     F     E     K     I     T     E     Y     P     G     G     T     D     L     I     Y     Y     P     E     T     E     S     D     G     T     P     E     G     I     L     N     I     I     K     E     W     R     E     S     Q     G     L     P     C     F     K     K     -     
0.017 0.056 0.005 0.006 0.009 0.029 0.007 0.006 0.005 0.008 0.017 0.017 0.023 0.017 0.017 0.023 0.062 0.011 0.008 0.018 0.071 0.004 0.009 0.020 0.013 0.008 0.007 0.008 0.015 0.008 0.007 0.009 0.038 0.004 0.003 0.042 0.004 0.011 0.005 0.050 0.006 0.010 0.006 0.007 0.009 0.006 0.250 0.017 0.071 0.005 0.014 0.009 0.006 0.009 0.014 0.006 0.017 0.008 0.056 0.036 0.042 0.006 0.010 0.036 0.017 0.005 0.008 0.012 0.011 0.048 0.007 0.013 0.009 0.005 0.017 0.017 0.083 0.011 0.011 0.009 0.020 0.008 0.083 0.017 0.017 0.019 0.012 
>Sequence
Normalized_weight: 0.013
M     E     L     K     N     S     I     S     D     Y     T     E     T     E     F     K     K     I     I     E     D     I     -     -     I     N     C     E     G     D     E     K     K     Q     D     D     N     L     E     H     F     I     S     V     T     E     H     P     S     G     S     D     L     I     Y     Y     P     E     G     N     N     D     G     S     P     E     A     V     I     K     E     I     K     E     W     R     A     A     N     G     K     S     G     F     K     Q     G     
0.017 0.008 0.005 0.006 0.006 0.009 0.007 0.006 0.005 0.008 0.017 0.017 0.010 0.017 0.017 0.028 0.014 0.031 0.014 0.008 0.013 0.004 0.028 0.025 0.030 0.008 0.016 0.008 0.030 0.020 0.004 0.004 0.013 0.015 0.003 0.007 0.033 0.011 0.005 0.005 0.006 0.006 0.024 0.018 0.009 0.006 0.009 0.017 0.005 0.005 0.005 0.009 0.006 0.009 0.014 0.006 0.017 0.008 0.012 0.009 0.009 0.006 0.010 0.008 0.017 0.005 0.042 0.026 0.030 0.007 0.008 0.013 0.009 0.005 0.017 0.017 0.005 0.009 0.007 0.009 0.014 0.024 0.009 0.017 0.017 0.008 0.029 
>Sequence
Normalized_weight: 0.027
M     E     L     K     N     K     L     E     D     Y     T     E     A     E     F     L     V     L     L     N     K     I     F     -     D     G     E     C     K     T     E     N     E     Y     H     S     L     V     K     H     I     E     I     I     T     D     H     P     R     R     N     G     L     I     F     Y     P     E     N     G     V     E     D     S     P     G     G     V     L     K     V     I     K     E     W     R     A     K     N     G     K     P     G     F     K     K     -     
0.017 0.008 0.005 0.006 0.006 0.007 0.013 0.008 0.005 0.008 0.017 0.017 0.006 0.017 0.017 0.007 0.062 0.011 0.008 0.036 0.020 0.004 0.009 0.025 0.091 0.091 0.007 0.071 0.015 0.008 0.004 0.111 0.005 0.091 0.056 0.009 0.004 0.007 0.018 0.005 0.167 0.010 0.071 0.007 0.009 0.125 0.009 0.017 0.036 0.100 0.083 0.125 0.006 0.009 0.022 0.006 0.017 0.008 0.056 0.008 0.042 0.021 0.005 0.008 0.017 0.125 0.008 0.026 0.011 0.007 0.056 0.013 0.009 0.005 0.017 0.017 0.005 0.062 0.007 0.009 0.014 0.008 0.009 0.017 0.017 0.019 0.012 
>Sequence
Normalized_weight: 0.034
-     -     -     N     K     T     L     A     D     Y     T     E     Q     E     F     I     E     F     I     E     K     I     K     K     A     D     F     -     A     T     E     S     E     H     D     E     A     I     Y     E     F     S     Q     L     T     E     H     P     D     G     W     D     L     I     Y     H     P     Q     A     G     A     D     N     S     P     A     G     V     V     K     T     V     K     E     W     R     A     A     N     G     K     P     G     F     K     K     -     
0.016 0.006 0.028 0.167 0.014 0.200 0.013 0.143 0.005 0.008 0.017 0.017 0.091 0.017 0.017 0.023 0.005 0.011 0.014 0.008 0.020 0.004 0.012 0.014 0.005 0.023 0.031 0.024 0.013 0.008 0.004 0.056 0.005 0.030 0.003 0.042 0.050 0.100 0.125 0.050 0.006 0.031 0.143 0.050 0.009 0.006 0.009 0.017 0.012 0.005 0.167 0.009 0.006 0.009 0.014 0.111 0.017 0.143 0.111 0.008 0.028 0.006 0.200 0.008 0.017 0.125 0.008 0.026 0.019 0.007 0.019 0.010 0.009 0.005 0.017 0.017 0.005 0.009 0.007 0.009 0.014 0.008 0.009 0.017 0.017 0.019 0.012 
>Sequence
Normalized_weight: 0.013
M     E     L     K     K     S     I     G     D     Y     T     E     T     E     F     K     K     F     I     E     D     I     -     -     I     N     C     E     G     D     E     K     K     Q     D     D     N     L     E     Y     F     I     N     V     T     E     H     P     S     G     S     D     L     I     Y     Y     P     E     G     N     N     D     G     S     P     E     G     V     I     K     E     I     K     E     W     R     A     A     N     G     K     S     G     F     K     Q     G     
0.017 0.008 0.005 0.006 0.014 0.009 0.007 0.024 0.005 0.008 0.017 0.017 0.010 0.017 0.017 0.028 0.014 0.011 0.014 0.008 0.013 0.004 0.028 0.025 0.030 0.008 0.016 0.008 0.030 0.020 0.004 0.004 0.013 0.015 0.003 0.007 0.033 0.011 0.005 0.050 0.006 0.006 0.048 0.018 0.009 0.006 0.009 0.017 0.005 0.005 0.005 0.009 0.006 0.009 0.014 0.006 0.017 0.008 0.012 0.009 0.009 0.006 0.010 0.008 0.017 0.005 0.008 0.026 0.030 0.007 0.008 0.013 0.009 0.005 0.017 0.017 0.005 0.009 0.007 0.009 0.014 0.024 0.009 0.017 0.017 0.008 0.029 
>Sequence
Normalized_weight: 0.013
M     E     L     K     K     S     I     G     D     Y     T     E     T     E     F     K     K     I     I     E     N     I     -     -     I     N     C     E     G     D     E     K     K     Q     D     D     N     L     E     H     F     I     S     V     T     E     H     P     S     G     S     D     L     I     Y     Y     P     E     G     N     N     D     G     S     P     E     A     V     I     K     E     I     K     E     W     R     A     A     N     G     K     S     G     F     K     Q     G     
0.017 0.008 0.005 0.006 0.014 0.009 0.007 0.024 0.005 0.008 0.017 0.017 0.010 0.017 0.017 0.028 0.014 0.031 0.014 0.008 0.020 0.004 0.028 0.025 0.030 0.008 0.016 0.008 0.030 0.020 0.004 0.004 0.013 0.015 0.003 0.007 0.033 0.011 0.005 0.005 0.006 0.006 0.024 0.018 0.009 0.006 0.009 0.017 0.005 0.005 0.005 0.009 0.006 0.009 0.014 0.006 0.017 0.008 0.012 0.009 0.009 0.006 0.010 0.008 0.017 0.005 0.042 0.026 0.030 0.007 0.008 0.013 0.009 0.005 0.017 0.017 0.005 0.009 0.007 0.009 0.014 0.024 0.009 0.017 0.017 0.008 0.029 
>Sequence
Normalized_weight: 0.020
M     I     F     K     E     K     L     E     D     Y     T     E     E     E     F     L     E     F     L     R     G     L     S     S     Q     H     I     Q     L     H     G     D     E     M     D     R     L     V     K     H     F     V     K     V     T     E     H     P     A     Q     T     D     V     I     F     Y     P     E     E     G     Q     E     D     T     P     E     G     I     L     K     T     I     K     E     W     R     A     E     N     G     K     P     G     F     K     R     -     
0.017 0.083 0.015 0.006 0.009 0.007 0.013 0.008 0.005 0.008 0.017 0.017 0.015 0.017 0.017 0.007 0.005 0.011 0.008 0.018 0.036 0.056 0.042 0.020 0.045 0.045 0.062 0.071 0.023 0.100 0.028 0.011 0.005 0.013 0.003 0.028 0.004 0.007 0.018 0.005 0.006 0.014 0.006 0.018 0.009 0.006 0.009 0.017 0.048 0.067 0.014 0.009 0.067 0.009 0.022 0.006 0.017 0.008 0.010 0.008 0.021 0.021 0.005 0.036 0.017 0.005 0.008 0.012 0.011 0.007 0.019 0.013 0.009 0.005 0.017 0.017 0.005 0.050 0.007 0.009 0.014 0.008 0.009 0.017 0.017 0.056 0.012 
>Sequence
Normalized_weight: 0.012
-     -     F     K     E     K     L     Q     D     Y     T     E     D     E     F     L     N     F     L     K     D     G     K     S     L     K     G     K     E     L     E     M     Y     W     D     S     L     V     D     H     F     I     E     I     T     Q     H     P     S     G     S     D     L     I     F     Y     P     K     S     Q     G     D     D     K     P     E     N     I     L     K     I     V     K     E     W     R     R     S     Q     G     L     P     L     F     K     -     -     
0.016 0.006 0.015 0.006 0.009 0.007 0.013 0.048 0.005 0.008 0.017 0.017 0.018 0.017 0.017 0.007 0.021 0.011 0.008 0.010 0.013 0.042 0.012 0.020 0.013 0.009 0.004 0.007 0.011 0.010 0.004 0.056 0.005 0.011 0.003 0.009 0.004 0.007 0.008 0.005 0.006 0.006 0.011 0.007 0.009 0.018 0.009 0.017 0.005 0.005 0.005 0.009 0.006 0.009 0.022 0.006 0.017 0.011 0.009 0.016 0.007 0.006 0.005 0.017 0.017 0.005 0.014 0.012 0.011 0.007 0.007 0.010 0.009 0.005 0.017 0.017 0.009 0.011 0.011 0.009 0.020 0.008 0.019 0.017 0.017 0.008 0.012 
>Sequence
Normalized_weight: 0.024
M     S     E     K     T     K     L     S     D     Y     T     E     N     E     F     L     A     L     I     I     E     I     H     R     A     N     L     E     E     P     D     H     V     L     G     G     L     L     D     H     F     S     K     I     T     E     H     P     S     G     Y     D     L     L     Y     R     P     N     P     K     E     N     G     K     P     E     K     V     L     E     I     V     K     Q     W     R     L     A     N     G     K     D     G     F     K     -     -     
0.017 0.083 0.083 0.006 0.037 0.007 0.013 0.006 0.005 0.008 0.017 0.017 0.023 0.017 0.017 0.007 0.042 0.011 0.014 0.048 0.006 0.004 0.042 0.025 0.005 0.008 0.062 0.008 0.011 0.100 0.007 0.056 0.010 0.004 0.056 0.028 0.004 0.011 0.008 0.005 0.006 0.031 0.006 0.007 0.009 0.006 0.009 0.017 0.005 0.005 0.056 0.009 0.006 0.100 0.014 0.111 0.017 0.014 0.022 0.016 0.009 0.083 0.010 0.017 0.017 0.005 0.083 0.026 0.011 0.042 0.007 0.010 0.009 0.031 0.017 0.017 0.056 0.009 0.007 0.009 0.014 0.111 0.009 0.017 0.017 0.008 0.012 
>Sequence
Normalized_weight: 0.012
-     -     F     K     E     K     L     E     D     Y     T     E     E     E     F     L     N     F     L     K     D     G     K     P     L     K     G     K     E     L     E     M     Y     W     D     S     L     V     D     H     F     I     E     I     T     Q     H     P     S     G     S     D     L     I     F     Y     P     K     S     Q     G     D     D     K     P     E     N     I     L     K     I     V     K     E     W     R     R     S     Q     G     L     P     L     F     K     -     -     
0.016 0.006 0.015 0.006 0.009 0.007 0.013 0.008 0.005 0.008 0.017 0.017 0.015 0.017 0.017 0.007 0.021 0.011 0.008 0.010 0.013 0.042 0.012 0.050 0.013 0.009 0.004 0.007 0.011 0.010 0.004 0.056 0.005 0.011 0.003 0.009 0.004 0.007 0.008 0.005 0.006 0.006 0.011 0.007 0.009 0.018 0.009 0.017 0.005 0.005 0.005 0.009 0.006 0.009 0.022 0.006 0.017 0.011 0.009 0.016 0.007 0.006 0.005 0.017 0.017 0.005 0.014 0.012 0.011 0.007 0.007 0.010 0.009 0.005 0.017 0.017 0.009 0.011 0.011 0.009 0.020 0.008 0.019 0.017 0.017 0.008 0.012 
>Sequence
Normalized_weight: 0.012
-     D     L     K     D     K     I     Y     F     Y     T     E     G     E     F     L     E     M     L     E     E     I     V     N     A     K     G     K     K     L     E     K     Y     L     D     T     L     V     D     H     F     I     K     I     T     E     H     P     K     K     G     D     L     I     F     Y     P     N     S     Q     E     D     G     E     P     E     N     I     L     K     I     V     K     E     W     R     R     S     Q     G     L     P     L     F     K     -     -     
0.016 0.033 0.005 0.006 0.016 0.007 0.007 0.024 0.042 0.008 0.017 0.017 0.015 0.017 0.017 0.007 0.005 0.042 0.008 0.008 0.006 0.004 0.014 0.003 0.005 0.009 0.004 0.007 0.015 0.010 0.004 0.004 0.005 0.004 0.003 0.014 0.004 0.007 0.008 0.005 0.006 0.006 0.006 0.007 0.009 0.006 0.009 0.017 0.024 0.025 0.019 0.009 0.006 0.009 0.022 0.006 0.017 0.014 0.009 0.016 0.009 0.006 0.010 0.042 0.017 0.005 0.014 0.012 0.011 0.007 0.007 0.010 0.009 0.005 0.017 0.017 0.009 0.011 0.011 0.009 0.020 0.008 0.019 0.017 0.017 0.008 0.012 
>Sequence
Normalized_weight: 0.022
M     D     I     K     N     N     L     S     D     Y     T     E     S     E     F     L     E     I     I     E     E     F     F     K     N     K     S     S     E     L     E     K     R     M     D     K     L     V     K     H     F     E     E     V     T     S     H     P     R     K     S     G     V     I     F     H     P     K     P     G     F     E     -     T     P     E     G     I     V     K     E     V     K     E     W     R     A     A     N     G     L     P     G     F     K     A     G     
0.017 0.033 0.083 0.006 0.006 0.029 0.013 0.006 0.005 0.008 0.017 0.017 0.023 0.017 0.017 0.007 0.005 0.031 0.014 0.008 0.006 0.017 0.009 0.014 0.030 0.009 0.016 0.008 0.011 0.010 0.004 0.004 0.038 0.013 0.003 0.010 0.004 0.007 0.018 0.005 0.006 0.010 0.011 0.018 0.009 0.125 0.009 0.017 0.036 0.025 0.005 0.125 0.067 0.009 0.022 0.111 0.017 0.011 0.022 0.008 0.083 0.021 0.200 0.036 0.017 0.005 0.008 0.012 0.019 0.007 0.008 0.010 0.009 0.005 0.017 0.017 0.005 0.009 0.007 0.009 0.020 0.008 0.009 0.017 0.017 0.083 0.029 
>Sequence
Normalized_weight: 0.023
M     E     L     K     N     N     L     E     D     Y     T     E     D     E     F     I     E     F     L     N     N     F     F     E     P     P     E     E     L     T     G     D     E     L     D     N     L     L     R     H     F     N     K     I     T     Q     H     P     D     G     G     D     L     I     F     Y     P     S     E     E     R     E     D     S     P     E     G     V     I     E     E     L     K     R     W     R     K     S     Q     R     L     P     C     F     K     E     -     
0.017 0.008 0.005 0.006 0.006 0.029 0.013 0.008 0.005 0.008 0.017 0.017 0.018 0.017 0.017 0.023 0.005 0.011 0.008 0.036 0.020 0.017 0.009 0.025 0.013 0.091 0.007 0.008 0.023 0.008 0.028 0.011 0.005 0.004 0.003 0.014 0.004 0.011 0.021 0.005 0.006 0.062 0.006 0.007 0.009 0.018 0.009 0.017 0.012 0.005 0.019 0.009 0.006 0.009 0.022 0.006 0.017 0.016 0.010 0.036 0.008 0.021 0.005 0.008 0.017 0.005 0.008 0.026 0.030 0.042 0.008 0.167 0.009 0.125 0.017 0.017 0.083 0.011 0.011 0.250 0.020 0.008 0.083 0.017 0.017 0.083 0.012 
>Sequence
Normalized_weight: 0.012
-     -     F     K     N     K     I     E     D     Y     T     E     R     E     F     I     E     L     L     G     E     F     T     N     P     K     G     E     E     L     D     K     Y     W     D     D     L     E     E     H     L     T     R     I     T     Q     H     P     L     M     S     D     L     I     Y     Y     P     A     K     K     G     D     D     K     P     E     N     I     L     K     I     V     K     E     W     R     R     S     Q     G     L     P     L     F     K     -     -     
0.016 0.006 0.015 0.006 0.006 0.007 0.007 0.008 0.005 0.008 0.017 0.017 0.015 0.017 0.017 0.023 0.005 0.011 0.008 0.018 0.006 0.017 0.014 0.003 0.013 0.009 0.004 0.008 0.011 0.010 0.007 0.004 0.005 0.011 0.003 0.007 0.004 0.033 0.005 0.005 0.056 0.016 0.014 0.007 0.009 0.018 0.009 0.017 0.024 0.033 0.005 0.009 0.006 0.009 0.014 0.006 0.017 0.024 0.019 0.016 0.007 0.006 0.005 0.017 0.017 0.005 0.014 0.012 0.011 0.007 0.007 0.010 0.009 0.005 0.017 0.017 0.009 0.011 0.011 0.009 0.020 0.008 0.019 0.017 0.017 0.008 0.012 
>Sequence
Normalized_weight: 0.012
-     D     L     K     Y     K     I     Y     F     Y     T     E     G     E     F     L     E     M     L     E     E     I     V     N     A     K     G     K     K     L     E     K     Y     L     D     T     L     V     D     H     F     I     K     I     T     E     H     P     K     K     G     D     L     I     F     Y     P     N     S     P     E     D     G     K     P     E     N     I     L     K     I     V     K     E     W     R     R     S     Q     G     L     P     L     F     K     -     -     
0.016 0.033 0.005 0.006 0.037 0.007 0.007 0.024 0.042 0.008 0.017 0.017 0.015 0.017 0.017 0.007 0.005 0.042 0.008 0.008 0.006 0.004 0.014 0.003 0.005 0.009 0.004 0.007 0.015 0.010 0.004 0.004 0.005 0.004 0.003 0.014 0.004 0.007 0.008 0.005 0.006 0.006 0.006 0.007 0.009 0.006 0.009 0.017 0.024 0.025 0.019 0.009 0.006 0.009 0.022 0.006 0.017 0.014 0.009 0.048 0.009 0.006 0.010 0.017 0.017 0.005 0.014 0.012 0.011 0.007 0.007 0.010 0.009 0.005 0.017 0.017 0.009 0.011 0.011 0.009 0.020 0.008 0.019 0.017 0.017 0.008 0.012 
>Sequence
Normalized_weight: 0.013
-     -     F     K     D     K     I     E     D     Y     T     E     R     E     F     I     E     L     L     G     E     F     T     N     P     K     G     E     V     L     D     K     Y     W     D     D     L     E     E     H     L     T     R     I     T     Q     H     P     L     M     S     D     L     I     Y     Y     P     A     K     K     G     D     D     E     P     E     N     I     L     K     I     V     K     E     W     R     R     S     Q     G     L     P     L     F     K     -     -     
0.016 0.006 0.015 0.006 0.016 0.007 0.007 0.008 0.005 0.008 0.017 0.017 0.015 0.017 0.017 0.023 0.005 0.011 0.008 0.018 0.006 0.017 0.014 0.003 0.013 0.009 0.004 0.008 0.091 0.010 0.007 0.004 0.005 0.011 0.003 0.007 0.004 0.033 0.005 0.005 0.056 0.016 0.014 0.007 0.009 0.018 0.009 0.017 0.024 0.033 0.005 0.009 0.006 0.009 0.014 0.006 0.017 0.024 0.019 0.016 0.007 0.006 0.005 0.042 0.017 0.005 0.014 0.012 0.011 0.007 0.007 0.010 0.009 0.005 0.017 0.017 0.009 0.011 0.011 0.009 0.020 0.008 0.019 0.017 0.017 0.008 0.012 
>Sequence
Normalized_weight: 0.031
-     -     M     K     S     K     I     S     E     Y     T     E     K     E     F     L     E     F     V     K     D     I     Y     T     N     N     K     K     K     T     E     E     S     H     I     Q     A     V     L     E     F     K     K     L     T     E     H     P     S     G     S     D     L     L     Y     Y     P     N     E     N     R     E     D     S     P     A     G     V     V     K     E     V     K     E     W     R     A     S     K     G     L     P     G     F     K     A     G     
0.016 0.006 0.083 0.006 0.111 0.007 0.007 0.006 0.250 0.008 0.017 0.017 0.091 0.017 0.017 0.007 0.005 0.011 0.031 0.010 0.013 0.004 0.083 0.100 0.030 0.008 0.016 0.007 0.015 0.008 0.004 0.009 0.038 0.030 0.111 0.083 0.050 0.007 0.125 0.050 0.006 0.125 0.006 0.050 0.009 0.006 0.009 0.017 0.005 0.005 0.005 0.009 0.006 0.100 0.014 0.006 0.017 0.014 0.010 0.009 0.008 0.021 0.005 0.008 0.017 0.125 0.008 0.026 0.019 0.007 0.008 0.010 0.009 0.005 0.017 0.017 0.005 0.011 0.250 0.009 0.020 0.008 0.009 0.017 0.017 0.083 0.029 
>Sequence
Normalized_weight: 0.015
-     -     F     K     D     E     I     E     D     Y     T     E     R     E     F     I     E     L     L     G     E     F     T     N     P     K     G     E     E     L     D     K     Y     W     D     D     L     E     E     H     L     T     R     I     T     Q     H     P     L     M     S     D     L     I     Y     Y     P     A     K     K     G     D     D     E     P     E     N     I     L     K     I     V     K     E     W     R     R     S     Q     G     L     P     L     F     K     -     -     
0.016 0.006 0.015 0.006 0.016 0.200 0.007 0.008 0.005 0.008 0.017 0.017 0.015 0.017 0.017 0.023 0.005 0.011 0.008 0.018 0.006 0.017 0.014 0.003 0.013 0.009 0.004 0.008 0.011 0.010 0.007 0.004 0.005 0.011 0.003 0.007 0.004 0.033 0.005 0.005 0.056 0.016 0.014 0.007 0.009 0.018 0.009 0.017 0.024 0.033 0.005 0.009 0.006 0.009 0.014 0.006 0.017 0.024 0.019 0.016 0.007 0.006 0.005 0.042 0.017 0.005 0.014 0.012 0.011 0.007 0.007 0.010 0.009 0.005 0.017 0.017 0.009 0.011 0.011 0.009 0.020 0.008 0.019 0.017 0.017 0.008 0.012 
>Sequence
Normalized_weight: 0.038
-     -     M     E     N     N     V     M     N     I     T     E     N     E     F     L     S     L     I     K     K     I     F     N     G     N     F     -     R     T     E     E     E     E     S     E     A     I     D     E     F     E     R     I     S     E     H     P     S     G     G     D     L     I     F     Y     P     E     D     G     I     E     D     S     P     E     G     V     L     E     V     V     K     E     W     R     T     K     N     G     K     P     G     F     K     K     -     
0.016 0.006 0.083 0.083 0.006 0.029 0.250 0.143 0.250 0.500 0.017 0.017 0.023 0.017 0.017 0.007 0.125 0.011 0.014 0.010 0.020 0.004 0.009 0.003 0.023 0.008 0.031 0.024 0.091 0.008 0.004 0.009 0.005 0.045 0.056 0.042 0.050 0.100 0.008 0.050 0.006 0.010 0.014 0.007 0.250 0.006 0.009 0.017 0.005 0.005 0.019 0.009 0.006 0.009 0.022 0.006 0.017 0.008 0.010 0.008 0.083 0.021 0.005 0.008 0.017 0.005 0.008 0.026 0.011 0.042 0.056 0.010 0.009 0.005 0.017 0.017 0.167 0.062 0.007 0.009 0.014 0.008 0.009 0.017 0.017 0.019 0.012 
>Sequence
Normalized_weight: 0.014
M     E     L     K     H     S     I     S     D     Y     T     E     A     E     F     L     Q     L     V     T     T     I     C     N     A     D     S     S     -     -     E     E     E     L     V     K     L     V     T     H     F     A     E     M     T     E     H     P     S     G     S     D     L     I     Y     Y     P     K     E     G     D     D     D     S     P     S     G     I     V     N     T     V     K     Q     W     R     A     A     N     G     K     S     G     F     K     Q     G     
0.017 0.008 0.005 0.006 0.022 0.009 0.007 0.006 0.005 0.008 0.017 0.017 0.006 0.017 0.017 0.007 0.011 0.011 0.031 0.029 0.024 0.004 0.008 0.003 0.005 0.023 0.016 0.008 0.005 0.005 0.004 0.009 0.005 0.004 0.022 0.010 0.004 0.007 0.025 0.005 0.006 0.125 0.011 0.050 0.009 0.006 0.009 0.017 0.005 0.005 0.005 0.009 0.006 0.009 0.014 0.006 0.017 0.011 0.010 0.008 0.017 0.006 0.005 0.008 0.017 0.050 0.008 0.012 0.019 0.048 0.019 0.010 0.009 0.031 0.017 0.017 0.005 0.009 0.007 0.009 0.014 0.024 0.009 0.017 0.017 0.008 0.029 
>Sequence
Normalized_weight: 0.011
M     E     L     K     N     S     I     S     D     Y     T     E     A     E     F     V     Q     L     L     K     E     I     E     N     V     A     A     T     -     -     D     D     V     L     D     V     L     L     E     H     F     V     K     I     T     E     H     P     D     G     T     D     L     I     Y     Y     P     S     D     N     R     D     D     S     P     E     G     I     V     K     E     I     K     E     W     R     A     A     N     G     K     P     G     F     K     Q     G     
0.017 0.008 0.005 0.006 0.006 0.009 0.007 0.006 0.005 0.008 0.017 0.017 0.006 0.017 0.017 0.042 0.011 0.011 0.008 0.010 0.006 0.004 0.014 0.003 0.030 0.045 0.031 0.012 0.005 0.005 0.007 0.011 0.010 0.004 0.003 0.012 0.004 0.011 0.005 0.005 0.006 0.014 0.006 0.007 0.009 0.006 0.009 0.017 0.012 0.005 0.014 0.009 0.006 0.009 0.014 0.006 0.017 0.016 0.010 0.009 0.008 0.006 0.005 0.008 0.017 0.005 0.008 0.012 0.019 0.007 0.008 0.013 0.009 0.005 0.017 0.017 0.005 0.009 0.007 0.009 0.014 0.008 0.009 0.017 0.017 0.008 0.029 
>Sequence
Normalized_weight: 0.014
M     E     L     K     H     S     I     S     D     Y     T     E     A     E     F     L     E     F     V     K     K     I     C     R     A     E     G     A     -     -     T     E     E     D     D     N     L     V     R     E     F     E     R     L     T     E     H     P     D     G     S     D     L     I     Y     Y     P     R     D     D     R     E     D     S     P     E     G     I     V     K     E     I     K     E     W     R     A     A     N     G     K     P     G     F     K     Q     G     
0.017 0.008 0.005 0.006 0.022 0.009 0.007 0.006 0.005 0.008 0.017 0.017 0.006 0.017 0.017 0.007 0.005 0.011 0.031 0.010 0.020 0.004 0.008 0.025 0.005 0.015 0.004 0.024 0.005 0.005 0.056 0.009 0.005 0.018 0.003 0.014 0.004 0.007 0.021 0.050 0.006 0.010 0.014 0.050 0.009 0.006 0.009 0.017 0.012 0.005 0.005 0.009 0.006 0.009 0.014 0.006 0.017 0.071 0.010 0.071 0.008 0.021 0.005 0.008 0.017 0.005 0.008 0.012 0.019 0.007 0.008 0.013 0.009 0.005 0.017 0.017 0.005 0.009 0.007 0.009 0.014 0.008 0.009 0.017 0.017 0.008 0.029 
>Sequence
Normalized_weight: 0.012
M     E     L     E     N     S     I     S     D     Y     T     E     A     E     F     V     Q     L     L     K     E     I     E     N     E     A     A     T     -     -     D     D     V     L     D     V     L     L     E     H     F     V     K     I     T     E     H     P     D     G     T     D     L     I     Y     Y     P     S     D     N     R     D     D     S     P     E     G     I     V     K     E     I     K     E     W     R     A     A     N     G     K     P     G     F     K     Q     G     
0.017 0.008 0.005 0.083 0.006 0.009 0.007 0.006 0.005 0.008 0.017 0.017 0.006 0.017 0.017 0.042 0.011 0.011 0.008 0.010 0.006 0.004 0.014 0.003 0.013 0.045 0.031 0.012 0.005 0.005 0.007 0.011 0.010 0.004 0.003 0.012 0.004 0.011 0.005 0.005 0.006 0.014 0.006 0.007 0.009 0.006 0.009 0.017 0.012 0.005 0.014 0.009 0.006 0.009 0.014 0.006 0.017 0.016 0.010 0.009 0.008 0.006 0.005 0.008 0.017 0.005 0.008 0.012 0.019 0.007 0.008 0.013 0.009 0.005 0.017 0.017 0.005 0.009 0.007 0.009 0.014 0.008 0.009 0.017 0.017 0.008 0.029 
>Sequence
Normalized_weight: 0.012
M     E     L     K     K     S     I     G     D     Y     T     E     T     E     F     K     K     F     I     E     D     I     I     N     C     E     G     D     -     -     E     K     K     Q     D     D     N     L     E     Y     F     I     N     V     T     E     H     P     S     G     S     D     L     I     Y     Y     P     E     G     N     N     D     G     S     P     E     G     V     I     K     E     I     K     E     W     R     A     A     N     G     K     S     G     F     K     Q     G     
0.017 0.008 0.005 0.006 0.014 0.009 0.007 0.024 0.005 0.008 0.017 0.017 0.010 0.017 0.017 0.028 0.014 0.011 0.014 0.008 0.013 0.004 0.012 0.003 0.015 0.015 0.004 0.009 0.005 0.005 0.004 0.004 0.013 0.015 0.003 0.007 0.033 0.011 0.005 0.050 0.006 0.006 0.048 0.018 0.009 0.006 0.009 0.017 0.005 0.005 0.005 0.009 0.006 0.009 0.014 0.006 0.017 0.008 0.012 0.009 0.009 0.006 0.010 0.008 0.017 0.005 0.008 0.026 0.030 0.007 0.008 0.013 0.009 0.005 0.017 0.017 0.005 0.009 0.007 0.009 0.014 0.024 0.009 0.017 0.017 0.008 0.029 
>Sequence
Normalized_weight: 0.012
M     E     L     K     K     S     I     G     D     Y     T     E     T     E     F     K     K     I     I     E     N     I     I     N     C     E     G     D     -     -     E     K     K     Q     D     D     N     L     E     H     F     I     S     V     T     E     H     P     S     G     S     D     L     I     Y     Y     P     E     G     N     N     D     G     S     P     E     A     V     I     K     E     I     K     E     W     R     A     A     N     G     K     S     G     F     K     Q     G     
0.017 0.008 0.005 0.006 0.014 0.009 0.007 0.024 0.005 0.008 0.017 0.017 0.010 0.017 0.017 0.028 0.014 0.031 0.014 0.008 0.020 0.004 0.012 0.003 0.015 0.015 0.004 0.009 0.005 0.005 0.004 0.004 0.013 0.015 0.003 0.007 0.033 0.011 0.005 0.005 0.006 0.006 0.024 0.018 0.009 0.006 0.009 0.017 0.005 0.005 0.005 0.009 0.006 0.009 0.014 0.006 0.017 0.008 0.012 0.009 0.009 0.006 0.010 0.008 0.017 0.005 0.042 0.026 0.030 0.007 0.008 0.013 0.009 0.005 0.017 0.017 0.005 0.009 0.007 0.009 0.014 0.024 0.009 0.017 0.017 0.008 0.029 
>Sequence
Normalized_weight: 0.021
M     E     L     K     E     K     Y     E     D     Y     T     E     H     E     F     L     E     F     I     R     N     I     C     E     V     N     T     D     -     -     S     Q     S     L     H     S     S     V     R     H     F     T     K     I     T     E     H     P     S     G     S     D     L     I     Y     Y     P     E     D     G     A     D     D     S     P     E     G     I     L     E     L     V     K     K     W     R     A     E     N     G     K     P     G     F     K     K     -     
0.017 0.008 0.005 0.006 0.009 0.007 0.125 0.008 0.005 0.008 0.017 0.017 0.045 0.017 0.017 0.007 0.005 0.011 0.014 0.018 0.020 0.004 0.008 0.025 0.030 0.008 0.010 0.009 0.005 0.005 0.111 0.111 0.038 0.004 0.056 0.009 0.200 0.007 0.021 0.005 0.006 0.016 0.006 0.007 0.009 0.006 0.009 0.017 0.005 0.005 0.005 0.009 0.006 0.009 0.014 0.006 0.017 0.008 0.010 0.008 0.028 0.006 0.005 0.008 0.017 0.005 0.008 0.012 0.011 0.042 0.083 0.010 0.009 0.125 0.017 0.017 0.005 0.050 0.007 0.009 0.014 0.008 0.009 0.017 0.017 0.019 0.012 
>Sequence
Normalized_weight: 0.026
M     E     L     K     N     K     L     E     D     Y     T     E     A     E     F     L     V     L     L     N     K     I     F     D     G     E     C     K     -     -     T     E     N     E     Y     H     L     V     K     H     I     E     I     I     T     D     H     P     R     R     N     G     L     I     F     Y     P     E     N     G     V     E     D     S     P     G     G     V     L     K     V     I     K     E     W     R     A     K     N     G     K     P     G     F     K     K     -     
0.017 0.008 0.005 0.006 0.006 0.007 0.013 0.008 0.005 0.008 0.017 0.017 0.006 0.017 0.017 0.007 0.062 0.011 0.008 0.036 0.020 0.004 0.009 0.033 0.023 0.015 0.016 0.007 0.005 0.005 0.056 0.009 0.077 0.045 0.111 0.083 0.004 0.007 0.018 0.005 0.167 0.010 0.071 0.007 0.009 0.125 0.009 0.017 0.036 0.100 0.083 0.125 0.006 0.009 0.022 0.006 0.017 0.008 0.056 0.008 0.042 0.021 0.005 0.008 0.017 0.125 0.008 0.026 0.011 0.007 0.056 0.013 0.009 0.005 0.017 0.017 0.005 0.062 0.007 0.009 0.014 0.008 0.009 0.017 0.017 0.019 0.012 
>Sequence
Normalized_weight: 0.017
M     I     F     K     E     K     L     E     D     Y     T     E     E     E     F     L     E     F     L     R     G     L     I     Q     L     H     G     D     -     -     E     K     H     M     D     R     L     V     K     H     F     V     K     V     T     E     H     P     A     Q     T     D     V     I     F     Y     P     E     E     G     Q     E     D     T     P     E     G     I     L     K     T     I     K     E     W     R     A     E     N     G     K     P     G     F     K     R     -     
0.017 0.083 0.015 0.006 0.009 0.007 0.013 0.008 0.005 0.008 0.017 0.017 0.015 0.017 0.017 0.007 0.005 0.011 0.008 0.018 0.036 0.056 0.012 0.100 0.013 0.045 0.004 0.009 0.005 0.005 0.004 0.004 0.026 0.013 0.003 0.028 0.004 0.007 0.018 0.005 0.006 0.014 0.006 0.018 0.009 0.006 0.009 0.017 0.048 0.067 0.014 0.009 0.067 0.009 0.022 0.006 0.017 0.008 0.010 0.008 0.021 0.021 0.005 0.036 0.017 0.005 0.008 0.012 0.011 0.007 0.019 0.013 0.009 0.005 0.017 0.017 0.005 0.050 0.007 0.009 0.014 0.008 0.009 0.017 0.017 0.056 0.012 
>Sequence
Normalized_weight: 0.022
M     K     L     K     E     N     I     S     D     Y     T     E     S     E     F     I     D     F     L     R     V     I     F     N     E     S     D     T     -     -     D     E     T     L     D     P     L     L     E     Y     F     E     K     I     T     E     Y     P     G     G     T     D     L     I     Y     Y     P     E     T     E     S     D     G     T     P     E     G     I     L     N     I     I     K     E     W     R     E     S     Q     G     L     P     C     F     K     K     -     
0.017 0.056 0.005 0.006 0.009 0.029 0.007 0.006 0.005 0.008 0.017 0.017 0.023 0.017 0.017 0.023 0.062 0.011 0.008 0.018 0.071 0.004 0.009 0.003 0.013 0.091 0.031 0.012 0.005 0.005 0.007 0.009 0.038 0.004 0.003 0.042 0.004 0.011 0.005 0.050 0.006 0.010 0.006 0.007 0.009 0.006 0.250 0.017 0.071 0.005 0.014 0.009 0.006 0.009 0.014 0.006 0.017 0.008 0.056 0.036 0.042 0.006 0.010 0.036 0.017 0.005 0.008 0.012 0.011 0.048 0.007 0.013 0.009 0.005 0.017 0.017 0.083 0.011 0.011 0.009 0.020 0.008 0.083 0.017 0.017 0.019 0.012 
>Sequence
Normalized_weight: 0.012
-     D     L     K     D     K     I     Y     F     Y     T     E     G     E     F     L     E     M     L     E     E     I     V     N     A     T     S     K     -     -     E     K     Y     L     D     T     L     V     D     H     F     I     K     I     T     E     H     P     K     K     G     D     L     I     F     Y     P     N     S     Q     E     D     G     E     P     E     N     I     L     K     I     V     K     E     W     R     R     S     Q     G     L     P     L     F     K     -     -     
0.016 0.033 0.005 0.006 0.016 0.007 0.007 0.024 0.042 0.008 0.017 0.017 0.015 0.017 0.017 0.007 0.005 0.042 0.008 0.008 0.006 0.004 0.014 0.003 0.005 0.018 0.016 0.007 0.005 0.005 0.004 0.004 0.005 0.004 0.003 0.014 0.004 0.007 0.008 0.005 0.006 0.006 0.006 0.007 0.009 0.006 0.009 0.017 0.024 0.025 0.019 0.009 0.006 0.009 0.022 0.006 0.017 0.014 0.009 0.016 0.009 0.006 0.010 0.042 0.017 0.005 0.014 0.012 0.011 0.007 0.007 0.010 0.009 0.005 0.017 0.017 0.009 0.011 0.011 0.009 0.020 0.008 0.019 0.017 0.017 0.008 0.012 
>Sequence
Normalized_weight: 0.012
-     D     L     K     Y     K     I     Y     F     Y     T     E     G     E     F     L     E     M     L     E     E     I     V     N     A     T     S     K     -     -     E     K     Y     L     D     T     L     V     D     H     F     I     K     I     T     E     H     P     K     K     G     D     L     I     F     Y     P     N     S     P     E     D     G     K     P     E     N     I     L     K     I     V     K     E     W     R     R     S     Q     G     L     P     L     F     K     -     -     
0.016 0.033 0.005 0.006 0.037 0.007 0.007 0.024 0.042 0.008 0.017 0.017 0.015 0.017 0.017 0.007 0.005 0.042 0.008 0.008 0.006 0.004 0.014 0.003 0.005 0.018 0.016 0.007 0.005 0.005 0.004 0.004 0.005 0.004 0.003 0.014 0.004 0.007 0.008 0.005 0.006 0.006 0.006 0.007 0.009 0.006 0.009 0.017 0.024 0.025 0.019 0.009 0.006 0.009 0.022 0.006 0.017 0.014 0.009 0.048 0.009 0.006 0.010 0.017 0.017 0.005 0.014 0.012 0.011 0.007 0.007 0.010 0.009 0.005 0.017 0.017 0.009 0.011 0.011 0.009 0.020 0.008 0.019 0.017 0.017 0.008 0.012 
>Sequence
Normalized_weight: 0.012
-     -     F     K     E     K     L     Q     D     Y     T     E     D     E     F     L     N     F     L     K     D     G     K     S     L     K     G     K     -     -     E     L     E     M     D     S     L     V     D     H     F     I     E     I     T     Q     H     P     S     G     S     D     L     I     F     Y     P     K     S     Q     G     D     D     K     P     E     N     I     L     K     I     V     K     E     W     R     R     S     Q     G     L     P     L     F     K     -     -     
0.016 0.006 0.015 0.006 0.009 0.007 0.013 0.048 0.005 0.008 0.017 0.017 0.018 0.017 0.017 0.007 0.021 0.011 0.008 0.010 0.013 0.042 0.012 0.020 0.013 0.009 0.004 0.007 0.005 0.005 0.004 0.056 0.005 0.013 0.003 0.009 0.004 0.007 0.008 0.005 0.006 0.006 0.011 0.007 0.009 0.018 0.009 0.017 0.005 0.005 0.005 0.009 0.006 0.009 0.022 0.006 0.017 0.011 0.009 0.016 0.007 0.006 0.005 0.017 0.017 0.005 0.014 0.012 0.011 0.007 0.007 0.010 0.009 0.005 0.017 0.017 0.009 0.011 0.011 0.009 0.020 0.008 0.019 0.017 0.017 0.008 0.012 
>Sequence
Normalized_weight: 0.023
M     S     E     K     T     K     L     S     D     Y     T     E     N     E     F     L     A     L     I     I     E     I     A     N     L     E     E     P     -     -     D     H     V     L     G     G     L     L     D     H     F     S     K     I     T     E     H     P     S     G     Y     D     L     L     Y     R     P     N     P     K     E     N     G     K     P     E     K     V     L     E     I     V     K     Q     W     R     L     A     N     G     K     D     G     F     K     -     -     
0.017 0.083 0.083 0.006 0.037 0.007 0.013 0.006 0.005 0.008 0.017 0.017 0.023 0.017 0.017 0.007 0.042 0.011 0.014 0.048 0.006 0.004 0.083 0.003 0.013 0.015 0.007 0.036 0.005 0.005 0.007 0.056 0.010 0.004 0.056 0.028 0.004 0.011 0.008 0.005 0.006 0.031 0.006 0.007 0.009 0.006 0.009 0.017 0.005 0.005 0.056 0.009 0.006 0.100 0.014 0.111 0.017 0.014 0.022 0.016 0.009 0.083 0.010 0.017 0.017 0.005 0.083 0.026 0.011 0.042 0.007 0.010 0.009 0.031 0.017 0.017 0.056 0.009 0.007 0.009 0.014 0.111 0.009 0.017 0.017 0.008 0.012 
>Sequence
Normalized_weight: 0.012
-     -     F     K     E     K     L     E     D     Y     T     E     E     E     F     L     N     F     L     K     D     G     K     P     L     K     G     K     -     -     E     L     E     M     D     S     L     V     D     H     F     I     E     I     T     Q     H     P     S     G     S     D     L     I     F     Y     P     K     S     Q     G     D     D     K     P     E     N     I     L     K     I     V     K     E     W     R     R     S     Q     G     L     P     L     F     K     -     -     
0.016 0.006 0.015 0.006 0.009 0.007 0.013 0.008 0.005 0.008 0.017 0.017 0.015 0.017 0.017 0.007 0.021 0.011 0.008 0.010 0.013 0.042 0.012 0.050 0.013 0.009 0.004 0.007 0.005 0.005 0.004 0.056 0.005 0.013 0.003 0.009 0.004 0.007 0.008 0.005 0.006 0.006 0.011 0.007 0.009 0.018 0.009 0.017 0.005 0.005 0.005 0.009 0.006 0.009 0.022 0.006 0.017 0.011 0.009 0.016 0.007 0.006 0.005 0.017 0.017 0.005 0.014 0.012 0.011 0.007 0.007 0.010 0.009 0.005 0.017 0.017 0.009 0.011 0.011 0.009 0.020 0.008 0.019 0.017 0.017 0.008 0.012 
>Sequence
Normalized_weight: 0.012
-     -     F     K     N     K     I     E     D     Y     T     E     R     E     F     I     E     L     L     G     E     F     T     N     P     T     G     D     -     -     D     K     Y     W     D     D     L     E     E     H     L     T     R     I     T     Q     H     P     L     M     S     D     L     I     Y     Y     P     A     K     K     G     D     D     K     P     E     N     I     L     K     I     V     K     E     W     R     R     S     Q     G     L     P     L     F     K     -     -     
0.016 0.006 0.015 0.006 0.006 0.007 0.007 0.008 0.005 0.008 0.017 0.017 0.015 0.017 0.017 0.023 0.005 0.011 0.008 0.018 0.006 0.017 0.014 0.003 0.013 0.018 0.004 0.009 0.005 0.005 0.007 0.004 0.005 0.011 0.003 0.007 0.004 0.033 0.005 0.005 0.056 0.016 0.014 0.007 0.009 0.018 0.009 0.017 0.024 0.033 0.005 0.009 0.006 0.009 0.014 0.006 0.017 0.024 0.019 0.016 0.007 0.006 0.005 0.017 0.017 0.005 0.014 0.012 0.011 0.007 0.007 0.010 0.009 0.005 0.017 0.017 0.009 0.011 0.011 0.009 0.020 0.008 0.019 0.017 0.017 0.008 0.012 
>Sequence
Normalized_weight: 0.023
M     E     L     K     N     N     L     E     D     Y     T     E     D     E     F     I     E     F     L     N     N     F     F     E     L     T     G     D     -     -     E     K     F     I     D     N     L     L     R     H     F     N     K     I     T     Q     H     P     D     G     G     D     L     I     F     Y     P     S     E     E     R     E     D     S     P     E     G     V     I     E     E     L     K     R     W     R     K     S     Q     R     L     P     C     F     K     E     -     
0.017 0.008 0.005 0.006 0.006 0.029 0.013 0.008 0.005 0.008 0.017 0.017 0.018 0.017 0.017 0.023 0.005 0.011 0.008 0.036 0.020 0.017 0.009 0.025 0.013 0.018 0.004 0.009 0.005 0.005 0.004 0.004 0.077 0.091 0.003 0.014 0.004 0.011 0.021 0.005 0.006 0.062 0.006 0.007 0.009 0.018 0.009 0.017 0.012 0.005 0.019 0.009 0.006 0.009 0.022 0.006 0.017 0.016 0.010 0.036 0.008 0.021 0.005 0.008 0.017 0.005 0.008 0.026 0.030 0.042 0.008 0.167 0.009 0.125 0.017 0.017 0.083 0.011 0.011 0.250 0.020 0.008 0.083 0.017 0.017 0.083 0.012 
>Sequence
Normalized_weight: 0.012
-     -     F     K     D     K     I     E     D     Y     T     E     R     E     F     I     E     L     L     G     E     F     T     N     P     T     G     D     -     -     D     K     Y     W     D     D     L     E     E     H     L     T     R     I     T     Q     H     P     L     M     S     D     L     I     Y     Y     P     A     K     K     G     D     D     E     P     E     N     I     L     K     I     V     K     E     W     R     R     S     Q     G     L     P     L     F     K     -     -     
0.016 0.006 0.015 0.006 0.016 0.007 0.007 0.008 0.005 0.008 0.017 0.017 0.015 0.017 0.017 0.023 0.005 0.011 0.008 0.018 0.006 0.017 0.014 0.003 0.013 0.018 0.004 0.009 0.005 0.005 0.007 0.004 0.005 0.011 0.003 0.007 0.004 0.033 0.005 0.005 0.056 0.016 0.014 0.007 0.009 0.018 0.009 0.017 0.024 0.033 0.005 0.009 0.006 0.009 0.014 0.006 0.017 0.024 0.019 0.016 0.007 0.006 0.005 0.042 0.017 0.005 0.014 0.012 0.011 0.007 0.007 0.010 0.009 0.005 0.017 0.017 0.009 0.011 0.011 0.009 0.020 0.008 0.019 0.017 0.017 0.008 0.012 
>Sequence
Normalized_weight: 0.013
-     -     L     K     H     S     I     S     D     Y     T     E     A     E     F     L     Q     L     V     T     T     I     C     N     A     -     N     T     S     S     E     E     E     L     V     K     L     V     T     H     F     E     E     M     T     E     H     P     S     G     S     D     L     I     Y     Y     P     K     E     G     D     D     D     S     P     S     G     I     V     N     T     V     K     Q     W     R     A     A     N     G     K     S     G     F     K     Q     -     
0.016 0.006 0.005 0.006 0.022 0.009 0.007 0.006 0.005 0.008 0.017 0.017 0.006 0.017 0.017 0.007 0.011 0.011 0.031 0.029 0.024 0.004 0.008 0.003 0.005 0.006 0.016 0.012 0.023 0.033 0.004 0.009 0.005 0.004 0.022 0.010 0.004 0.007 0.025 0.005 0.006 0.010 0.011 0.050 0.009 0.006 0.009 0.017 0.005 0.005 0.005 0.009 0.006 0.009 0.014 0.006 0.017 0.011 0.010 0.008 0.017 0.006 0.005 0.008 0.017 0.050 0.008 0.012 0.019 0.048 0.019 0.010 0.009 0.031 0.017 0.017 0.005 0.009 0.007 0.009 0.014 0.024 0.009 0.017 0.017 0.008 0.012 
>Sequence
Normalized_weight: 0.011
-     -     L     K     N     S     I     S     D     Y     T     E     A     E     F     V     Q     L     L     K     E     I     E     K     E     -     N     V     A     T     D     D     V     L     D     V     L     L     E     H     F     V     K     I     T     E     H     P     D     G     T     D     L     I     Y     Y     P     S     D     N     R     D     D     S     P     E     G     I     V     K     E     I     K     E     W     R     A     A     N     G     K     P     G     F     K     Q     -     
0.016 0.006 0.005 0.006 0.006 0.009 0.007 0.006 0.005 0.008 0.017 0.017 0.006 0.017 0.017 0.042 0.011 0.011 0.008 0.010 0.006 0.004 0.014 0.014 0.013 0.006 0.016 0.071 0.013 0.008 0.007 0.011 0.010 0.004 0.003 0.012 0.004 0.011 0.005 0.005 0.006 0.014 0.006 0.007 0.009 0.006 0.009 0.017 0.012 0.005 0.014 0.009 0.006 0.009 0.014 0.006 0.017 0.016 0.010 0.009 0.008 0.006 0.005 0.008 0.017 0.005 0.008 0.012 0.019 0.007 0.008 0.013 0.009 0.005 0.017 0.017 0.005 0.009 0.007 0.009 0.014 0.008 0.009 0.017 0.017 0.008 0.012 
>Sequence
Normalized_weight: 0.011
-     -     L     E     N     S     I     S     D     Y     T     E     A     E     F     V     Q     L     L     K     E     I     E     K     E     -     N     E     A     T     D     D     V     L     D     V     L     L     E     H     F     V     K     I     T     E     H     P     D     G     T     D     L     I     Y     Y     P     S     D     N     R     D     D     S     P     E     G     I     V     K     E     I     K     E     W     R     A     A     N     G     K     P     G     F     K     Q     -     
0.016 0.006 0.005 0.083 0.006 0.009 0.007 0.006 0.005 0.008 0.017 0.017 0.006 0.017 0.017 0.042 0.011 0.011 0.008 0.010 0.006 0.004 0.014 0.014 0.013 0.006 0.016 0.008 0.013 0.008 0.007 0.011 0.010 0.004 0.003 0.012 0.004 0.011 0.005 0.005 0.006 0.014 0.006 0.007 0.009 0.006 0.009 0.017 0.012 0.005 0.014 0.009 0.006 0.009 0.014 0.006 0.017 0.016 0.010 0.009 0.008 0.006 0.005 0.008 0.017 0.005 0.008 0.012 0.019 0.007 0.008 0.013 0.009 0.005 0.017 0.017 0.005 0.009 0.007 0.009 0.014 0.008 0.009 0.017 0.017 0.008 0.012 
>Sequence
Normalized_weight: 0.013
-     -     L     K     N     S     I     S     D     Y     T     E     T     E     F     K     K     I     I     E     D     I     I     N     C     -     E     G     D     E     K     K     Q     D     D     N     L     -     E     H     F     I     S     V     T     E     H     P     S     G     S     D     L     I     Y     Y     P     E     G     N     N     D     G     S     P     E     A     V     I     K     E     I     K     E     W     R     A     A     N     G     K     S     G     F     K     Q     -     
0.016 0.006 0.005 0.006 0.006 0.009 0.007 0.006 0.005 0.008 0.017 0.017 0.010 0.017 0.017 0.028 0.014 0.031 0.014 0.008 0.013 0.004 0.012 0.003 0.015 0.006 0.007 0.014 0.015 0.025 0.037 0.004 0.026 0.018 0.003 0.014 0.004 0.067 0.005 0.005 0.006 0.006 0.024 0.018 0.009 0.006 0.009 0.017 0.005 0.005 0.005 0.009 0.006 0.009 0.014 0.006 0.017 0.008 0.012 0.009 0.009 0.006 0.010 0.008 0.017 0.005 0.042 0.026 0.030 0.007 0.008 0.013 0.009 0.005 0.017 0.017 0.005 0.009 0.007 0.009 0.014 0.024 0.009 0.017 0.017 0.008 0.012 
>Sequence
Normalized_weight: 0.013
-     -     L     K     K     S     I     G     D     Y     T     E     T     E     F     K     K     F     I     E     D     I     I     N     C     -     E     G     D     E     K     K     Q     D     D     N     L     -     E     Y     F     I     N     V     T     E     H     P     S     G     S     D     L     I     Y     Y     P     E     G     N     N     D     G     S     P     E     G     V     I     K     E     I     K     E     W     R     A     A     N     G     K     S     G     F     K     Q     -     
0.016 0.006 0.005 0.006 0.014 0.009 0.007 0.024 0.005 0.008 0.017 0.017 0.010 0.017 0.017 0.028 0.014 0.011 0.014 0.008 0.013 0.004 0.012 0.003 0.015 0.006 0.007 0.014 0.015 0.025 0.037 0.004 0.026 0.018 0.003 0.014 0.004 0.067 0.005 0.050 0.006 0.006 0.048 0.018 0.009 0.006 0.009 0.017 0.005 0.005 0.005 0.009 0.006 0.009 0.014 0.006 0.017 0.008 0.012 0.009 0.009 0.006 0.010 0.008 0.017 0.005 0.008 0.026 0.030 0.007 0.008 0.013 0.009 0.005 0.017 0.017 0.005 0.009 0.007 0.009 0.014 0.024 0.009 0.017 0.017 0.008 0.012 
>Sequence
Normalized_weight: 0.013
-     -     L     K     K     S     I     G     D     Y     T     E     T     E     F     K     K     I     I     E     N     I     I     N     C     -     E     G     D     E     K     K     Q     D     D     N     L     -     E     H     F     I     S     V     T     E     H     P     S     G     S     D     L     I     Y     Y     P     E     G     N     N     D     G     S     P     E     A     V     I     K     E     I     K     E     W     R     A     A     N     G     K     S     G     F     K     Q     -     
0.016 0.006 0.005 0.006 0.014 0.009 0.007 0.024 0.005 0.008 0.017 0.017 0.010 0.017 0.017 0.028 0.014 0.031 0.014 0.008 0.020 0.004 0.012 0.003 0.015 0.006 0.007 0.014 0.015 0.025 0.037 0.004 0.026 0.018 0.003 0.014 0.004 0.067 0.005 0.005 0.006 0.006 0.024 0.018 0.009 0.006 0.009 0.017 0.005 0.005 0.005 0.009 0.006 0.009 0.014 0.006 0.017 0.008 0.012 0.009 0.009 0.006 0.010 0.008 0.017 0.005 0.042 0.026 0.030 0.007 0.008 0.013 0.009 0.005 0.017 0.017 0.005 0.009 0.007 0.009 0.014 0.024 0.009 0.017 0.017 0.008 0.012 
>Sequence
Normalized_weight: 0.012
-     -     L     K     D     K     I     Y     F     Y     T     E     G     E     F     L     E     M     L     E     E     I     V     N     A     -     T     S     K     D     E     K     Y     L     D     T     L     V     D     H     F     I     K     I     T     E     H     P     K     K     G     D     L     I     F     Y     P     N     S     Q     E     D     G     E     P     E     N     I     L     K     I     V     K     E     W     R     R     S     Q     G     L     P     L     F     K     -     -     
0.016 0.006 0.005 0.006 0.016 0.007 0.007 0.024 0.042 0.008 0.017 0.017 0.015 0.017 0.017 0.007 0.005 0.042 0.008 0.008 0.006 0.004 0.014 0.003 0.005 0.006 0.010 0.008 0.015 0.020 0.004 0.004 0.005 0.004 0.003 0.014 0.004 0.007 0.008 0.005 0.006 0.006 0.006 0.007 0.009 0.006 0.009 0.017 0.024 0.025 0.019 0.009 0.006 0.009 0.022 0.006 0.017 0.014 0.009 0.016 0.009 0.006 0.010 0.042 0.017 0.005 0.014 0.012 0.011 0.007 0.007 0.010 0.009 0.005 0.017 0.017 0.009 0.011 0.011 0.009 0.020 0.008 0.019 0.017 0.017 0.008 0.012 
>Sequence
Normalized_weight: 0.019
-     -     -     K     E     K     L     E     D     Y     T     E     E     E     F     L     E     F     L     R     G     L     S     S     Q     -     H     I     Q     L     H     K     H     M     D     R     L     V     K     H     F     V     K     V     T     E     H     P     A     Q     T     D     V     I     F     Y     P     E     E     G     Q     E     D     T     P     E     G     I     L     K     T     I     K     E     W     R     A     E     N     G     K     P     G     F     K     R     -     
0.016 0.006 0.028 0.006 0.009 0.007 0.013 0.008 0.005 0.008 0.017 0.017 0.015 0.017 0.017 0.007 0.005 0.011 0.008 0.018 0.036 0.056 0.042 0.020 0.045 0.006 0.062 0.071 0.091 0.010 0.111 0.004 0.026 0.013 0.003 0.028 0.004 0.007 0.018 0.005 0.006 0.014 0.006 0.018 0.009 0.006 0.009 0.017 0.048 0.067 0.014 0.009 0.067 0.009 0.022 0.006 0.017 0.008 0.010 0.008 0.021 0.021 0.005 0.036 0.017 0.005 0.008 0.012 0.011 0.007 0.019 0.013 0.009 0.005 0.017 0.017 0.005 0.050 0.007 0.009 0.014 0.008 0.009 0.017 0.017 0.056 0.012 
>Sequence
Normalized_weight: 0.012
-     -     L     K     Y     K     I     Y     F     Y     T     E     G     E     F     L     E     M     L     E     E     I     V     N     A     -     T     S     K     D     E     K     Y     L     D     T     L     V     D     H     F     I     K     I     T     E     H     P     K     K     G     D     L     I     F     Y     P     N     S     P     E     D     G     K     P     E     N     I     L     K     I     V     K     E     W     R     R     S     Q     G     L     P     L     F     K     -     -     
0.016 0.006 0.005 0.006 0.037 0.007 0.007 0.024 0.042 0.008 0.017 0.017 0.015 0.017 0.017 0.007 0.005 0.042 0.008 0.008 0.006 0.004 0.014 0.003 0.005 0.006 0.010 0.008 0.015 0.020 0.004 0.004 0.005 0.004 0.003 0.014 0.004 0.007 0.008 0.005 0.006 0.006 0.006 0.007 0.009 0.006 0.009 0.017 0.024 0.025 0.019 0.009 0.006 0.009 0.022 0.006 0.017 0.014 0.009 0.048 0.009 0.006 0.010 0.017 0.017 0.005 0.014 0.012 0.011 0.007 0.007 0.010 0.009 0.005 0.017 0.017 0.009 0.011 0.011 0.009 0.020 0.008 0.019 0.017 0.017 0.008 0.012 
>Sequence
Normalized_weight: 0.013
-     -     -     K     E     K     L     E     D     Y     T     E     E     E     F     L     N     F     L     G     T     M     K     D     G     -     K     P     L     K     G     K     E     L     D     S     L     V     D     H     F     I     E     I     T     Q     H     P     S     G     S     D     L     I     F     Y     P     K     S     Q     G     D     D     K     P     E     N     I     L     K     I     V     K     E     W     R     R     S     Q     G     L     P     L     F     K     -     -     
0.016 0.006 0.028 0.006 0.009 0.007 0.013 0.008 0.005 0.008 0.017 0.017 0.015 0.017 0.017 0.007 0.021 0.011 0.008 0.018 0.024 0.083 0.012 0.033 0.023 0.006 0.016 0.036 0.023 0.050 0.028 0.004 0.005 0.004 0.003 0.009 0.004 0.007 0.008 0.005 0.006 0.006 0.011 0.007 0.009 0.018 0.009 0.017 0.005 0.005 0.005 0.009 0.006 0.009 0.022 0.006 0.017 0.011 0.009 0.016 0.007 0.006 0.005 0.017 0.017 0.005 0.014 0.012 0.011 0.007 0.007 0.010 0.009 0.005 0.017 0.017 0.009 0.011 0.011 0.009 0.020 0.008 0.019 0.017 0.017 0.008 0.012 
>Sequence
Normalized_weight: 0.013
-     -     -     K     E     K     L     Q     D     Y     T     E     D     E     F     L     N     F     L     G     G     M     K     D     G     -     K     S     L     K     G     K     E     L     D     S     L     V     D     H     F     I     E     I     T     Q     H     P     S     G     S     D     L     I     F     Y     P     K     S     Q     G     D     D     K     P     E     N     I     L     K     I     V     K     E     W     R     R     S     Q     G     L     P     L     F     K     -     -     
0.016 0.006 0.028 0.006 0.009 0.007 0.013 0.048 0.005 0.008 0.017 0.017 0.018 0.017 0.017 0.007 0.021 0.011 0.008 0.018 0.036 0.083 0.012 0.033 0.023 0.006 0.016 0.008 0.023 0.050 0.028 0.004 0.005 0.004 0.003 0.009 0.004 0.007 0.008 0.005 0.006 0.006 0.011 0.007 0.009 0.018 0.009 0.017 0.005 0.005 0.005 0.009 0.006 0.009 0.022 0.006 0.017 0.011 0.009 0.016 0.007 0.006 0.005 0.017 0.017 0.005 0.014 0.012 0.011 0.007 0.007 0.010 0.009 0.005 0.017 0.017 0.009 0.011 0.011 0.009 0.020 0.008 0.019 0.017 0.017 0.008 0.012 
>Sequence
Normalized_weight: 0.013
-     -     -     K     D     K     I     E     D     Y     T     E     R     E     F     I     E     L     L     G     E     F     T     N     P     -     T     G     D     N     D     K     Y     W     D     D     L     E     E     H     L     T     R     I     T     Q     H     P     L     M     S     D     L     I     Y     Y     P     A     K     K     G     D     D     K     P     E     N     I     L     K     I     V     K     E     W     R     R     S     Q     G     L     P     L     F     K     -     -     
0.016 0.006 0.028 0.006 0.016 0.007 0.007 0.008 0.005 0.008 0.017 0.017 0.015 0.017 0.017 0.023 0.005 0.011 0.008 0.018 0.006 0.017 0.014 0.003 0.013 0.006 0.010 0.014 0.015 0.100 0.007 0.004 0.005 0.011 0.003 0.007 0.004 0.033 0.005 0.005 0.056 0.016 0.014 0.007 0.009 0.018 0.009 0.017 0.024 0.033 0.005 0.009 0.006 0.009 0.014 0.006 0.017 0.024 0.019 0.016 0.007 0.006 0.005 0.017 0.017 0.005 0.014 0.012 0.011 0.007 0.007 0.010 0.009 0.005 0.017 0.017 0.009 0.011 0.011 0.009 0.020 0.008 0.019 0.017 0.017 0.008 0.012 
>Sequence
Normalized_weight: 0.024
-     -     -     K     T     K     L     S     D     Y     T     E     N     E     F     L     A     L     I     I     E     I     H     R     A     -     N     L     E     E     P     D     H     V     L     G     L     L     D     H     F     S     K     I     T     E     H     P     S     G     Y     D     L     L     Y     R     P     N     P     K     E     N     G     K     P     E     K     V     L     E     I     V     K     Q     W     R     L     A     N     G     K     D     G     F     K     -     -     
0.016 0.006 0.028 0.006 0.037 0.007 0.013 0.006 0.005 0.008 0.017 0.017 0.023 0.017 0.017 0.007 0.042 0.011 0.014 0.048 0.006 0.004 0.042 0.025 0.005 0.006 0.016 0.071 0.011 0.025 0.111 0.011 0.026 0.091 0.111 0.028 0.004 0.011 0.008 0.005 0.006 0.031 0.006 0.007 0.009 0.006 0.009 0.017 0.005 0.005 0.056 0.009 0.006 0.100 0.014 0.111 0.017 0.014 0.022 0.016 0.009 0.083 0.010 0.017 0.017 0.005 0.083 0.026 0.011 0.042 0.007 0.010 0.009 0.031 0.017 0.017 0.056 0.009 0.007 0.009 0.014 0.111 0.009 0.017 0.017 0.008 0.012 
>Sequence
Normalized_weight: 0.024
-     -     I     K     N     N     L     S     D     Y     T     E     S     E     F     L     E     I     I     E     E     F     F     K     N     -     K     S     E     L     E     K     R     M     D     K     L     V     K     H     F     E     E     V     T     S     H     P     R     K     S     G     V     I     F     H     P     K     P     G     -     F     E     T     P     E     G     I     V     K     E     V     K     E     W     R     A     A     N     G     L     P     G     F     K     -     -     
0.016 0.006 0.083 0.006 0.006 0.029 0.013 0.006 0.005 0.008 0.017 0.017 0.023 0.017 0.017 0.007 0.005 0.031 0.014 0.008 0.006 0.017 0.009 0.014 0.030 0.006 0.016 0.008 0.011 0.010 0.004 0.004 0.038 0.013 0.003 0.010 0.004 0.007 0.018 0.005 0.006 0.010 0.011 0.018 0.009 0.125 0.009 0.017 0.036 0.025 0.005 0.125 0.067 0.009 0.022 0.111 0.017 0.011 0.022 0.008 0.083 0.250 0.200 0.036 0.017 0.005 0.008 0.012 0.019 0.007 0.008 0.010 0.009 0.005 0.017 0.017 0.005 0.009 0.007 0.009 0.020 0.008 0.009 0.017 0.017 0.008 0.012 
