>Sequence
Normalized_weight: 0.068
E     K     L     V     Q     P     T     P     L     L     L     S     L     L     K     S     A     G     A     Q     K     E     T     F     T     M     K     E     V     I     Y     H     L     G     Q     Y     I     M     A     K     Q     L     Y     D     E     K     Q     Q     H     I     V     H     C     S     N     D     P     L     G     E     L     F     G     V     Q     E     F     S     V     K     E     P     R     R     L     Y     A     M     I     S     R     N     L     V     S     A     N     V     
0.056 0.067 0.037 0.077 0.250 0.042 0.125 0.031 0.036 0.042 0.042 0.111 0.062 0.077 0.031 0.029 0.056 0.077 0.077 0.030 0.036 0.083 0.042 0.056 0.077 0.033 0.077 0.042 0.050 0.056 0.125 0.167 0.033 0.042 0.042 0.077 0.077 0.077 0.100 0.077 0.036 0.077 0.077 0.077 0.048 0.071 0.036 0.077 0.077 0.033 0.077 0.083 0.077 0.042 0.029 0.077 0.083 0.077 0.077 0.062 0.050 0.071 0.042 0.028 0.040 0.167 0.077 0.077 0.077 0.077 0.048 0.062 0.056 0.083 0.048 0.030 0.033 0.042 0.062 0.067 0.056 0.077 0.077 0.030 0.083 0.083 0.083 0.250 
>Sequence
Normalized_weight: 0.063
E     T     L     V     R     P     K     P     L     L     L     K     L     L     K     S     V     G     A     Q     K     D     T     Y     T     M     K     E     V     L     F     Y     L     G     Q     Y     I     M     T     K     R     L     Y     D     E     K     Q     Q     H     I     V     Y     C     S     N     D     L     L     G     D     L     F     G     V     P     S     F     S     V     K     E     H     R     K     I     Y     T     M     I     Y     R     N     L     V     V     -     -     -     
0.056 0.040 0.037 0.077 0.028 0.042 0.028 0.031 0.036 0.042 0.042 0.037 0.062 0.077 0.031 0.029 0.125 0.077 0.077 0.030 0.036 0.071 0.042 0.125 0.077 0.033 0.077 0.042 0.050 0.333 0.050 0.033 0.033 0.042 0.042 0.077 0.077 0.077 0.050 0.077 0.062 0.077 0.077 0.077 0.048 0.071 0.036 0.077 0.077 0.033 0.077 0.071 0.077 0.042 0.029 0.077 0.042 0.077 0.077 0.036 0.050 0.071 0.042 0.028 0.050 0.033 0.077 0.077 0.077 0.077 0.048 0.100 0.056 0.062 0.067 0.030 0.167 0.042 0.062 0.050 0.056 0.077 0.077 0.030 0.056 0.167 0.125 0.045 
>Sequence
Normalized_weight: 0.066
E     K     L     V     K     P     T     P     L     L     L     S     L     L     K     S     A     G     A     Q     K     E     T     F     T     M     K     E     V     I     Y     H     L     G     Q     Y     I     M     A     K     Q     L     Y     D     E     K     Q     Q     H     I     V     H     C     S     N     D     P     L     G     E     L     F     G     V     Q     E     F     S     V     K     E     P     R     R     L     Y     A     M     I     S     R     N     L     V     S     A     A     V     
0.056 0.067 0.037 0.077 0.125 0.042 0.125 0.031 0.036 0.042 0.042 0.111 0.062 0.077 0.031 0.029 0.056 0.077 0.077 0.030 0.036 0.083 0.042 0.056 0.077 0.033 0.077 0.042 0.050 0.056 0.125 0.167 0.033 0.042 0.042 0.077 0.077 0.077 0.100 0.077 0.036 0.077 0.077 0.077 0.048 0.071 0.036 0.077 0.077 0.033 0.077 0.083 0.077 0.042 0.029 0.077 0.083 0.077 0.077 0.062 0.050 0.071 0.042 0.028 0.040 0.167 0.077 0.077 0.077 0.077 0.048 0.062 0.056 0.083 0.048 0.030 0.033 0.042 0.062 0.067 0.056 0.077 0.077 0.030 0.083 0.083 0.062 0.250 
>Sequence
Normalized_weight: 0.083
E     T     L     V     R     P     K     P     L     F     L     K     L     L     K     S     V     G     A     Q     K     D     T     Y     T     M     K     E     I     I     L     S     W     -     Q     Y     I     M     T     K     R     L     Y     D     E     K     Q     Q     H     I     V     Y     C     S     N     D     L     L     G     D     L     F     G     V     P     S     F     S     V     K     D     H     R     K     I     H     I     M     I     Y     R     N     L     V     V     V     S     -     
0.056 0.040 0.037 0.077 0.028 0.042 0.028 0.031 0.036 0.500 0.042 0.037 0.062 0.077 0.031 0.029 0.125 0.077 0.077 0.030 0.036 0.071 0.042 0.125 0.077 0.033 0.077 0.042 0.167 0.056 0.250 0.333 0.333 0.500 0.042 0.077 0.077 0.077 0.050 0.077 0.062 0.077 0.077 0.077 0.048 0.071 0.036 0.077 0.077 0.033 0.077 0.071 0.077 0.042 0.029 0.077 0.042 0.077 0.077 0.036 0.050 0.071 0.042 0.028 0.050 0.033 0.077 0.077 0.077 0.077 0.067 0.100 0.056 0.062 0.067 0.333 0.167 0.042 0.062 0.050 0.056 0.077 0.077 0.030 0.056 0.042 0.062 0.045 
>Sequence
Normalized_weight: 0.106
-     T     Q     V     H     P     R     A     P     L     L     Q     I     L     K     V     A     G     A     Q     E     E     V     F     T     L     K     E     V     M     H     Y     L     G     Q     Y     I     M     M     K     Q     L     Y     D     K     Q     R     Q     H     I     V     H     C     H     D     D     P     L     G     E     L     L     E     V     G     S     F     S     V     K     N     P     S     P     V     Y     E     M     L     K     R     N     L     V     I     L     N     -     
0.125 0.040 0.333 0.077 0.250 0.042 0.250 0.250 0.125 0.042 0.042 0.333 0.100 0.077 0.031 0.200 0.056 0.077 0.077 0.030 0.250 0.083 0.062 0.056 0.077 0.167 0.077 0.042 0.050 0.056 0.050 0.033 0.033 0.042 0.042 0.077 0.077 0.077 0.200 0.077 0.036 0.077 0.077 0.077 0.111 0.083 0.250 0.077 0.077 0.033 0.077 0.083 0.077 0.250 0.200 0.077 0.083 0.077 0.077 0.062 0.050 0.083 0.500 0.028 0.200 0.033 0.077 0.077 0.077 0.077 0.333 0.062 0.125 0.050 0.333 0.030 0.167 0.042 0.100 0.100 0.056 0.077 0.077 0.030 0.167 0.083 0.083 0.045 
>Sequence
Normalized_weight: 0.102
E     K     L     V     R     P     K     V     Q     L     K     S     L     L     E     D     A     G     A     D     K     D     V     F     T     M     K     E     V     M     F     Y     L     G     K     Y     I     M     S     K     E     L     Y     D     K     Q     Q     Q     H     I     V     H     C     G     E     D     P     L     G     A     V     L     G     V     K     S     F     S     V     K     E     P     R     A     L     F     A     L     I     N     R     N     L     V     T     V     -     -     
0.056 0.067 0.037 0.077 0.028 0.042 0.028 0.250 0.083 0.042 0.500 0.111 0.062 0.077 0.250 0.200 0.056 0.077 0.077 0.333 0.036 0.071 0.062 0.056 0.077 0.033 0.077 0.042 0.050 0.056 0.050 0.033 0.033 0.042 0.500 0.077 0.077 0.077 0.100 0.077 0.250 0.077 0.077 0.077 0.111 0.083 0.036 0.077 0.077 0.033 0.077 0.083 0.077 0.050 0.200 0.077 0.083 0.077 0.077 0.250 0.167 0.083 0.042 0.028 0.200 0.033 0.077 0.077 0.077 0.077 0.048 0.062 0.056 0.250 0.048 0.333 0.033 0.500 0.062 0.200 0.056 0.077 0.077 0.030 0.042 0.042 0.125 0.045 
>Sequence
Normalized_weight: 0.106
E     S     L     V     R     V     Q     P     A     L     L     K     I     L     Q     S     A     G     A     K     G     D     M     F     T     L     K     Q     V     M     H     Y     L     G     Q     Y     I     M     V     K     G     L     Y     D     K     Q     H     Q     H     I     V     H     C     G     S     D     E     L     G     K     L     L     G     I     T     T     F     S     V     K     D     P     R     P     L     Y     D     M     L     K     K     N     L     L     R     I     S     -     
0.056 0.200 0.037 0.077 0.028 0.500 0.250 0.031 0.250 0.042 0.042 0.037 0.100 0.077 0.125 0.029 0.056 0.077 0.077 0.333 0.062 0.071 0.125 0.056 0.077 0.167 0.077 0.500 0.050 0.056 0.050 0.033 0.033 0.042 0.042 0.077 0.077 0.077 0.050 0.077 0.250 0.077 0.077 0.077 0.111 0.083 0.250 0.077 0.077 0.033 0.077 0.083 0.077 0.050 0.200 0.077 0.333 0.077 0.077 0.250 0.050 0.083 0.042 0.250 0.100 0.333 0.077 0.077 0.077 0.077 0.067 0.062 0.056 0.050 0.048 0.030 0.042 0.042 0.100 0.100 0.125 0.077 0.077 0.333 0.167 0.083 0.062 0.045 
>Sequence
Normalized_weight: 0.063
E     T     L     V     R     P     K     P     L     L     L     K     L     L     K     S     V     G     A     Q     K     D     I     Y     T     M     K     E     I     I     F     Y     I     G     Q     Y     I     M     T     K     R     L     Y     D     E     K     Q     Q     H     I     V     Y     C     S     N     D     L     L     G     D     V     F     G     V     P     S     F     S     V     K     E     H     R     K     I     Y     A     M     I     Y     R     N     L     V     V     V     S     -     
0.056 0.040 0.037 0.077 0.028 0.042 0.028 0.031 0.036 0.042 0.042 0.037 0.062 0.077 0.031 0.029 0.125 0.077 0.077 0.030 0.036 0.071 0.250 0.125 0.077 0.033 0.077 0.042 0.167 0.056 0.050 0.033 0.167 0.042 0.042 0.077 0.077 0.077 0.050 0.077 0.062 0.077 0.077 0.077 0.048 0.071 0.036 0.077 0.077 0.033 0.077 0.071 0.077 0.042 0.029 0.077 0.042 0.077 0.077 0.036 0.167 0.071 0.042 0.028 0.050 0.033 0.077 0.077 0.077 0.077 0.048 0.100 0.056 0.062 0.067 0.030 0.033 0.042 0.062 0.050 0.056 0.077 0.077 0.030 0.056 0.042 0.062 0.045 
>Sequence
Normalized_weight: 0.064
E     T     L     V     R     P     K     P     L     L     L     K     L     L     K     S     V     G     A     Q     N     D     T     Y     T     M     K     E     I     I     F     Y     I     G     Q     Y     I     M     T     K     R     L     Y     D     E     K     Q     Q     H     I     V     Y     C     S     N     D     L     L     G     D     V     F     G     V     P     S     F     S     V     K     E     H     R     K     I     Y     A     M     I     Y     R     N     L     V     A     V     S     -     
0.056 0.040 0.037 0.077 0.028 0.042 0.028 0.031 0.036 0.042 0.042 0.037 0.062 0.077 0.031 0.029 0.125 0.077 0.077 0.030 0.250 0.071 0.042 0.125 0.077 0.033 0.077 0.042 0.167 0.056 0.050 0.033 0.167 0.042 0.042 0.077 0.077 0.077 0.050 0.077 0.062 0.077 0.077 0.077 0.048 0.071 0.036 0.077 0.077 0.033 0.077 0.071 0.077 0.042 0.029 0.077 0.042 0.077 0.077 0.036 0.167 0.071 0.042 0.028 0.050 0.033 0.077 0.077 0.077 0.077 0.048 0.100 0.056 0.062 0.067 0.030 0.033 0.042 0.062 0.050 0.056 0.077 0.077 0.030 0.083 0.042 0.062 0.045 
>Sequence
Normalized_weight: 0.070
E     A     L     V     K     P     K     P     L     L     L     K     L     L     K     L     A     G     A     Q     K     D     T     F     T     M     K     E     V     I     F     Y     L     G     Q     Y     I     M     S     K     Q     L     Y     D     E     K     E     Q     H     I     V     H     C     A     N     D     L     L     G     D     L     F     G     V     T     S     F     S     V     K     E     H     R     R     I     Y     S     M     I     S     R     N     L     I     A     I     N     -     
0.056 0.200 0.037 0.077 0.125 0.042 0.028 0.031 0.036 0.042 0.042 0.037 0.062 0.077 0.031 0.200 0.056 0.077 0.077 0.030 0.036 0.071 0.042 0.056 0.077 0.033 0.077 0.042 0.050 0.056 0.050 0.033 0.033 0.042 0.042 0.077 0.077 0.077 0.100 0.077 0.036 0.077 0.077 0.077 0.048 0.071 0.062 0.077 0.077 0.033 0.077 0.083 0.077 0.250 0.029 0.077 0.042 0.077 0.077 0.036 0.050 0.071 0.042 0.028 0.100 0.033 0.077 0.077 0.077 0.077 0.048 0.100 0.056 0.083 0.067 0.030 0.167 0.042 0.062 0.067 0.056 0.077 0.077 0.333 0.083 0.083 0.083 0.045 
>Sequence
Normalized_weight: 0.069
-     -     -     V     R     P     K     L     Q     L     L     K     I     L     Q     A     A     G     A     Q     G     E     V     F     T     M     K     E     V     M     H     Y     L     G     Q     Y     I     M     V     K     Q     L     Y     D     Q     Q     E     Q     H     L     V     Y     C     G     G     D     L     L     G     D     L     L     G     C     Q     S     F     S     V     K     D     P     S     P     L     Y     D     M     L     R     K     N     L     V     T     S     A     -     
0.125 0.067 0.111 0.077 0.028 0.042 0.028 0.083 0.083 0.042 0.042 0.037 0.100 0.077 0.125 0.067 0.056 0.077 0.077 0.030 0.062 0.083 0.062 0.056 0.077 0.033 0.077 0.042 0.050 0.056 0.050 0.033 0.033 0.042 0.042 0.077 0.077 0.077 0.050 0.077 0.036 0.077 0.077 0.077 0.111 0.083 0.062 0.077 0.077 0.333 0.077 0.071 0.077 0.050 0.067 0.077 0.042 0.077 0.077 0.036 0.050 0.083 0.042 0.125 0.040 0.033 0.077 0.077 0.077 0.077 0.067 0.062 0.125 0.050 0.048 0.030 0.042 0.042 0.100 0.067 0.125 0.077 0.077 0.030 0.042 0.083 0.062 0.045 
>Sequence
Normalized_weight: 0.067
-     -     -     V     R     P     K     L     Q     L     L     K     I     L     H     A     A     G     A     Q     G     E     V     F     T     M     K     E     V     M     H     Y     L     G     Q     Y     I     M     V     K     Q     L     Y     D     Q     Q     E     Q     H     M     V     Y     C     G     G     D     L     L     G     D     L     L     G     C     Q     S     F     S     V     K     D     P     S     P     L     Y     D     M     L     R     K     N     L     V     T     S     A     -     
0.125 0.067 0.111 0.077 0.028 0.042 0.028 0.083 0.083 0.042 0.042 0.037 0.100 0.077 0.125 0.067 0.056 0.077 0.077 0.030 0.062 0.083 0.062 0.056 0.077 0.033 0.077 0.042 0.050 0.056 0.050 0.033 0.033 0.042 0.042 0.077 0.077 0.077 0.050 0.077 0.036 0.077 0.077 0.077 0.111 0.083 0.062 0.077 0.077 0.167 0.077 0.071 0.077 0.050 0.067 0.077 0.042 0.077 0.077 0.036 0.050 0.083 0.042 0.125 0.040 0.033 0.077 0.077 0.077 0.077 0.067 0.062 0.125 0.050 0.048 0.030 0.042 0.042 0.100 0.067 0.125 0.077 0.077 0.030 0.042 0.083 0.062 0.045 
>Sequence
Normalized_weight: 0.073
-     -     -     V     R     P     K     L     P     L     L     K     I     L     H     A     A     G     A     Q     G     E     M     F     T     V     K     E     V     M     H     Y     L     G     Q     Y     I     M     V     K     Q     L     Y     D     Q     Q     E     Q     H     M     V     Y     C     G     G     D     L     L     G     E     L     L     G     R     Q     S     F     S     V     K     D     P     S     P     L     Y     D     M     L     R     K     N     L     V     T     L     A     -     
0.125 0.067 0.111 0.077 0.028 0.042 0.028 0.083 0.125 0.042 0.042 0.037 0.100 0.077 0.125 0.067 0.056 0.077 0.077 0.030 0.062 0.083 0.125 0.056 0.077 0.333 0.077 0.042 0.050 0.056 0.050 0.033 0.033 0.042 0.042 0.077 0.077 0.077 0.050 0.077 0.036 0.077 0.077 0.077 0.111 0.083 0.062 0.077 0.077 0.167 0.077 0.071 0.077 0.050 0.067 0.077 0.042 0.077 0.077 0.062 0.050 0.083 0.042 0.250 0.040 0.033 0.077 0.077 0.077 0.077 0.067 0.062 0.125 0.050 0.048 0.030 0.042 0.042 0.100 0.067 0.125 0.077 0.077 0.030 0.042 0.083 0.062 0.045 
