>Sequence
Normalized_weight: 0.110
Y     N     S     G     K     L     F     V     Q     G     N     L     R     C     M     K     C     S     F     A     R     V     F     -     N     T     R     T     T     -     F     W     K     Q     Y     V     D     -     -     -     -     -     -     -     -     -     -     -     -     -     -     -     -     -     -     
0.333 0.056 0.067 0.067 0.333 0.042 0.200 0.200 0.167 0.100 0.062 0.100 0.125 0.100 0.125 0.200 0.062 0.036 0.067 0.083 0.067 0.125 0.048 0.125 0.143 0.083 0.050 0.100 0.250 0.100 0.100 0.100 0.125 0.333 0.100 0.167 0.067 0.125 0.050 0.062 0.042 0.062 0.042 0.083 0.125 0.062 0.050 0.083 0.042 0.062 0.125 0.125 0.083 0.125 0.083 
>Sequence
Normalized_weight: 0.090
A     N     S     -     F     L     V     K     Q     G     N     L     R     C     L     A     C     S     L     A     R     V     F     -     D     A     Q     T     D     -     F     W     S     K     Y     K     D     -     -     -     -     -     -     -     -     -     -     -     -     -     -     -     -     -     -     
0.042 0.056 0.067 0.083 0.042 0.042 0.067 0.200 0.167 0.100 0.062 0.100 0.125 0.100 0.062 0.200 0.062 0.036 0.200 0.083 0.067 0.125 0.048 0.125 0.048 0.042 0.200 0.100 0.050 0.100 0.100 0.100 0.125 0.048 0.100 0.167 0.067 0.125 0.050 0.062 0.042 0.062 0.042 0.083 0.125 0.062 0.050 0.083 0.042 0.062 0.125 0.125 0.083 0.125 0.083 
>Sequence
Normalized_weight: 0.087
A     N     A     -     F     L     L     R     P     G     S     L     R     C     K     Q     C     S     F     A     R     I     F     K     D     A     R     T     K     L     F     W     I     S     Y     S     D     -     -     -     -     -     -     -     -     -     -     -     -     -     -     -     -     -     -     
0.042 0.056 0.100 0.083 0.042 0.042 0.067 0.040 0.167 0.100 0.250 0.100 0.125 0.100 0.125 0.100 0.062 0.036 0.067 0.083 0.067 0.125 0.048 0.125 0.048 0.042 0.050 0.100 0.125 0.100 0.100 0.100 0.125 0.167 0.100 0.083 0.067 0.125 0.050 0.062 0.042 0.062 0.042 0.083 0.125 0.062 0.050 0.083 0.042 0.062 0.125 0.125 0.083 0.125 0.083 
>Sequence
Normalized_weight: 0.095
A     N     K     G     F     L     V     R     K     G     N     L     R     C     L     P     C     S     R     A     F     A     L     S     L     S     A     T     D     A     F     W     A     K     Y     T     A     C     E     S     A     R     N     P     R     E     K     L     N     E     C     L     E     G     N     
0.042 0.056 0.067 0.067 0.042 0.042 0.067 0.040 0.056 0.100 0.062 0.100 0.125 0.100 0.062 0.200 0.062 0.036 0.200 0.083 0.200 0.062 0.333 0.062 0.143 0.167 0.067 0.100 0.050 0.067 0.100 0.100 0.062 0.048 0.100 0.056 0.111 0.083 0.100 0.125 0.083 0.062 0.167 0.067 0.083 0.125 0.100 0.083 0.167 0.125 0.083 0.083 0.067 0.083 0.125 
>Sequence
Normalized_weight: 0.086
A     N     A     -     F     L     L     R     P     G     S     L     E     C     K     Q     C     S     F     E     E     I     F     K     D     A     R     T     K     L     F     W     I     S     Y     S     D     -     -     -     -     -     -     -     -     -     -     -     -     -     -     -     -     -     -     
0.042 0.056 0.100 0.083 0.042 0.042 0.067 0.040 0.167 0.100 0.250 0.100 0.083 0.100 0.125 0.100 0.062 0.036 0.067 0.083 0.050 0.125 0.048 0.125 0.048 0.042 0.050 0.100 0.125 0.100 0.100 0.100 0.125 0.167 0.100 0.083 0.067 0.125 0.050 0.062 0.042 0.062 0.042 0.083 0.125 0.062 0.050 0.083 0.042 0.062 0.125 0.125 0.083 0.125 0.083 
>Sequence
Normalized_weight: 0.102
A     N     K     G     F     L     M     I     K     G     N     L     E     C     L     E     E     T     C     N     Y     E     E     A     F     E     A     T     D     A     F     W     A     K     Y     Q     V     C     Q     G     T     K     M     P     R     T     T     L     D     A     C     L     E     G     N     
0.042 0.056 0.067 0.067 0.042 0.042 0.100 0.100 0.056 0.100 0.062 0.100 0.083 0.100 0.062 0.040 0.250 0.250 0.100 0.167 0.200 0.125 0.167 0.125 0.143 0.167 0.067 0.100 0.050 0.067 0.100 0.100 0.062 0.048 0.100 0.083 0.167 0.083 0.100 0.083 0.167 0.250 0.167 0.067 0.083 0.083 0.100 0.083 0.083 0.083 0.083 0.083 0.067 0.083 0.125 
>Sequence
Normalized_weight: 0.090
A     N     S     G     F     L     L     R     K     G     N     L     E     C     V     E     C     S     Y     E     E     A     F     S     P     Q     D     T     D     V     F     W     A     K     Y     T     V     C     D     S     V     R     K     P     R     E     T     F     M     D     C     L     E     G     -     
0.042 0.056 0.067 0.067 0.042 0.042 0.067 0.040 0.056 0.100 0.062 0.100 0.083 0.100 0.125 0.040 0.062 0.036 0.067 0.083 0.050 0.062 0.048 0.062 0.071 0.167 0.200 0.100 0.050 0.100 0.100 0.100 0.062 0.048 0.100 0.056 0.167 0.083 0.200 0.125 0.167 0.062 0.083 0.067 0.083 0.125 0.100 0.167 0.167 0.250 0.083 0.083 0.067 0.083 0.083 
>Sequence
Normalized_weight: 0.095
A     N     K     G     F     L     M     L     K     G     N     L     E     C     L     E     C     I     Y     E     E     A     F     S     T     A     R     T     E     E     F     W     S     K     Y     Q     A     C     Q     G     I     R     K     S     R     T     V     L     D     A     C     L     E     G     N     
0.042 0.056 0.067 0.067 0.042 0.042 0.100 0.200 0.056 0.100 0.062 0.100 0.083 0.100 0.062 0.040 0.062 0.250 0.067 0.083 0.050 0.062 0.048 0.062 0.143 0.042 0.050 0.100 0.125 0.200 0.100 0.100 0.125 0.048 0.100 0.083 0.111 0.083 0.100 0.083 0.167 0.062 0.083 0.333 0.083 0.083 0.200 0.083 0.083 0.083 0.083 0.083 0.067 0.083 0.125 
>Sequence
Normalized_weight: 0.112
-     -     -     -     -     -     V     R     K     G     N     L     E     C     V     E     C     S     Y     E     E     A     F     S     S     T     A     T     D     V     F     W     A     K     Y     T     A     C     E     T     A     R     T     P     R     D     K     L     A     A     C     L     E     G     N     
0.333 0.500 0.200 0.083 0.333 0.333 0.067 0.040 0.056 0.100 0.062 0.100 0.083 0.100 0.125 0.040 0.062 0.036 0.067 0.083 0.050 0.062 0.048 0.062 0.143 0.083 0.067 0.100 0.050 0.100 0.100 0.100 0.062 0.048 0.100 0.056 0.111 0.083 0.100 0.250 0.083 0.062 0.167 0.067 0.083 0.250 0.100 0.083 0.167 0.083 0.083 0.083 0.067 0.083 0.125 
>Sequence
Normalized_weight: 0.133
A     N     Q     M     F     E     E     I     K     G     N     L     E     C     M     E     E     K     C     N     Q     E     E     A     P     D     T     T     E     A     F     W     K     K     Y     L     D     C     N     G     N     Q     L     P     R     T     E     F     K     E     C     L     D     G     -     
0.042 0.056 0.200 0.333 0.042 0.333 0.200 0.100 0.056 0.100 0.062 0.100 0.083 0.100 0.125 0.040 0.250 0.250 0.100 0.167 0.200 0.125 0.167 0.125 0.071 0.167 0.200 0.100 0.125 0.067 0.100 0.100 0.125 0.048 0.100 0.167 0.067 0.083 0.200 0.083 0.167 0.250 0.167 0.067 0.083 0.083 0.200 0.167 0.167 0.125 0.083 0.083 0.333 0.083 0.083 
