>Sequence
Normalized_weight: 0.014
M     L     Q     K     K     I     E     E     I     A     A     K     Y     K     H     S     V     V     K     K     C     C     Y     D     G     A     C     V     N     N     D     E     T     C     E     Q     R     A     A     R     I     S     L     G     P     R     C     I     K     A     F     T     E     C     C     V     V     A     S     Q     L     R     A     N     I     S     H     K     D     M     Q     L     G     R     
0.083 0.007 0.005 0.006 0.008 0.007 0.006 0.004 0.025 0.003 0.007 0.004 0.003 0.003 0.012 0.017 0.006 0.023 0.006 0.003 0.012 0.006 0.011 0.003 0.004 0.010 0.091 0.036 0.004 0.100 0.014 0.011 0.004 0.012 0.003 0.010 0.012 0.003 0.005 0.005 0.005 0.005 0.007 0.003 0.005 0.022 0.012 0.010 0.003 0.004 0.012 0.056 0.006 0.012 0.012 0.071 0.030 0.005 0.028 0.010 0.002 0.002 0.017 0.007 0.036 0.009 0.010 0.009 0.010 0.010 0.011 0.004 0.015 0.013 
>Sequence
Normalized_weight: 0.012
M     L     Q     K     K     I     E     E     E     A     A     K     Y     K     Y     A     M     L     K     K     C     C     Y     D     G     A     Y     R     N     D     D     E     T     C     E     E     R     A     A     R     I     K     I     G     P     K     C     V     K     A     F     K     D     C     C     Y     I     A     N     Q     V     R     A     E     Q     -     -     -     -     -     -     -     -     -     
0.083 0.007 0.005 0.006 0.008 0.007 0.006 0.004 0.025 0.003 0.007 0.004 0.003 0.003 0.042 0.010 0.036 0.002 0.006 0.003 0.012 0.006 0.011 0.003 0.004 0.010 0.045 0.018 0.004 0.050 0.014 0.011 0.004 0.012 0.003 0.013 0.012 0.003 0.005 0.005 0.005 0.012 0.011 0.003 0.005 0.013 0.012 0.003 0.003 0.004 0.012 0.016 0.003 0.012 0.012 0.071 0.015 0.005 0.028 0.010 0.030 0.002 0.017 0.006 0.007 0.003 0.003 0.004 0.002 0.003 0.002 0.004 0.005 0.012 
>Sequence
Normalized_weight: 0.011
L     L     H     Q     K     V     E     E     Q     A     A     K     Y     K     H     R     V     P     K     K     C     C     Y     D     G     A     R     E     N     K     Y     E     T     C     E     Q     R     V     A     R     V     T     I     G     P     H     C     I     R     A     F     N     E     C     C     T     I     A     D     K     I     R     K     E     S     H     H     K     G     M     L     L     G     R     
0.026 0.007 0.037 0.014 0.008 0.019 0.006 0.004 0.017 0.003 0.007 0.004 0.003 0.003 0.012 0.028 0.006 0.023 0.006 0.003 0.012 0.006 0.011 0.003 0.004 0.010 0.003 0.003 0.004 0.010 0.018 0.011 0.004 0.012 0.003 0.010 0.012 0.036 0.005 0.005 0.008 0.005 0.011 0.003 0.005 0.022 0.012 0.010 0.023 0.004 0.012 0.056 0.006 0.012 0.012 0.008 0.015 0.005 0.028 0.003 0.010 0.002 0.005 0.006 0.014 0.042 0.010 0.009 0.015 0.010 0.015 0.004 0.015 0.013 
>Sequence
Normalized_weight: 0.014
L     L     R     Q     K     I     E     E     Q     A     A     K     Y     K     H     S     V     P     K     K     C     C     Y     D     G     A     R     V     N     F     Y     E     T     C     E     E     R     V     A     R     V     T     I     G     P     L     C     I     R     A     F     N     E     C     C     T     I     A     N     K     I     R     K     E     S     P     H     K     P     V     Q     L     G     R     
0.026 0.007 0.056 0.014 0.008 0.007 0.006 0.004 0.017 0.003 0.007 0.004 0.003 0.003 0.012 0.017 0.006 0.023 0.006 0.003 0.012 0.006 0.011 0.003 0.004 0.010 0.003 0.036 0.004 0.050 0.018 0.011 0.004 0.012 0.003 0.013 0.012 0.036 0.005 0.005 0.008 0.005 0.011 0.003 0.005 0.067 0.012 0.010 0.023 0.004 0.012 0.056 0.006 0.012 0.012 0.008 0.015 0.005 0.028 0.003 0.010 0.002 0.005 0.006 0.014 0.083 0.010 0.009 0.026 0.030 0.011 0.004 0.015 0.013 
>Sequence
Normalized_weight: 0.022
-     L     R     Q     K     I     N     E     Q     A     S     T     Y     K     H     P     M     I     K     K     C     C     Y     D     G     A     R     Y     N     I     H     E     T     C     V     Q     R     A     A     R     V     K     I     G     P     I     C     V     K     A     F     T     L     C     C     N     M     A     H     Q     I     L     E     N     S     T     F     K     H     I     H     L     S     -     
0.005 0.007 0.056 0.014 0.008 0.007 0.008 0.004 0.017 0.003 0.006 0.050 0.003 0.003 0.012 0.009 0.036 0.091 0.006 0.003 0.012 0.006 0.011 0.003 0.004 0.010 0.003 0.024 0.004 0.020 0.071 0.011 0.004 0.012 0.125 0.010 0.012 0.003 0.005 0.005 0.008 0.012 0.011 0.003 0.005 0.067 0.012 0.003 0.003 0.004 0.012 0.056 0.083 0.012 0.012 0.004 0.091 0.005 0.083 0.010 0.010 0.071 0.006 0.007 0.014 0.009 0.042 0.009 0.015 0.091 0.045 0.004 0.067 0.012 
>Sequence
Normalized_weight: 0.009
-     -     Q     K     A     V     S     E     K     L     G     Q     Y     S     S     P     D     A     K     R     C     C     Q     D     G     M     T     L     P     M     K     R     T     C     E     Q     R     A     A     R     V     P     Q     Q     -     A     C     R     E     P     F     L     S     C     C     K     F     A     E     D     L     R     R     N     Q     T     R     S     Q     A     H     L     A     R     
0.005 0.005 0.005 0.006 0.016 0.019 0.017 0.004 0.003 0.006 0.004 0.004 0.003 0.005 0.006 0.009 0.006 0.010 0.006 0.007 0.012 0.006 0.009 0.003 0.004 0.003 0.008 0.006 0.007 0.004 0.010 0.005 0.004 0.012 0.003 0.010 0.012 0.003 0.005 0.005 0.008 0.012 0.007 0.011 0.042 0.002 0.012 0.007 0.006 0.031 0.012 0.002 0.008 0.012 0.012 0.004 0.008 0.005 0.003 0.013 0.002 0.002 0.006 0.007 0.007 0.009 0.005 0.024 0.008 0.013 0.045 0.004 0.008 0.013 
>Sequence
Normalized_weight: 0.009
-     -     Q     K     A     I     S     E     K     L     G     Q     Y     S     S     P     D     T     K     R     C     C     Q     D     G     M     T     L     P     M     A     R     T     C     E     Q     R     A     A     R     V     P     -     Q     P     A     C     R     E     P     F     L     S     C     C     K     F     A     E     D     L     R     R     N     Q     T     R     S     Q     A     G     L     A     R     
0.005 0.005 0.005 0.006 0.016 0.007 0.017 0.004 0.003 0.006 0.004 0.004 0.003 0.005 0.006 0.009 0.006 0.045 0.006 0.007 0.012 0.006 0.009 0.003 0.004 0.003 0.008 0.006 0.007 0.004 0.036 0.005 0.004 0.012 0.003 0.010 0.012 0.003 0.005 0.005 0.008 0.012 0.015 0.011 0.005 0.002 0.012 0.007 0.006 0.031 0.012 0.002 0.008 0.012 0.012 0.004 0.008 0.005 0.003 0.013 0.002 0.002 0.006 0.007 0.007 0.009 0.005 0.024 0.008 0.013 0.008 0.004 0.008 0.013 
>Sequence
Normalized_weight: 0.009
L     M     E     R     R     M     D     K     -     A     G     Q     Y     T     D     K     G     L     R     K     C     C     E     D     G     M     R     I     P     M     K     Y     S     C     Q     R     R     A     R     L     I     T     Q     G     E     S     C     L     K     A     F     M     D     C     C     N     Y     I     T     K     L     R     E     Q     H     R     R     D     H     L     G     L     A     R     
0.026 0.033 0.012 0.025 0.010 0.007 0.011 0.008 0.007 0.003 0.004 0.004 0.003 0.005 0.004 0.004 0.012 0.002 0.005 0.003 0.012 0.006 0.004 0.003 0.004 0.003 0.003 0.009 0.007 0.004 0.010 0.005 0.009 0.012 0.006 0.006 0.012 0.003 0.007 0.040 0.005 0.005 0.007 0.003 0.005 0.013 0.012 0.050 0.003 0.004 0.012 0.037 0.003 0.012 0.012 0.004 0.003 0.005 0.007 0.003 0.002 0.002 0.006 0.005 0.009 0.009 0.005 0.013 0.015 0.005 0.008 0.004 0.008 0.013 
>Sequence
Normalized_weight: 0.009
L     M     E     R     R     M     D     K     -     A     G     Q     Y     T     D     K     G     L     R     K     C     C     E     D     G     M     R     I     P     M     R     Y     S     C     Q     R     R     A     R     L     I     T     Q     G     E     N     C     I     K     A     F     I     D     C     C     N     H     I     T     K     L     R     E     Q     H     R     R     D     H     L     G     L     A     R     
0.026 0.033 0.012 0.025 0.010 0.007 0.011 0.008 0.007 0.003 0.004 0.004 0.003 0.005 0.004 0.004 0.012 0.002 0.005 0.003 0.012 0.006 0.004 0.003 0.004 0.003 0.003 0.009 0.007 0.004 0.024 0.005 0.009 0.012 0.006 0.006 0.012 0.003 0.007 0.040 0.005 0.005 0.007 0.003 0.005 0.033 0.012 0.010 0.003 0.004 0.012 0.056 0.003 0.012 0.012 0.004 0.023 0.005 0.007 0.003 0.002 0.002 0.006 0.005 0.009 0.009 0.005 0.013 0.015 0.005 0.008 0.004 0.008 0.013 
>Sequence
Normalized_weight: 0.008
L     M     E     R     R     M     D     K     -     A     G     K     Y     K     S     K     E     L     R     R     C     C     E     D     G     M     R     E     N     P     M     Q     S     C     Q     R     R     A     R     Y     V     S     L     G     E     A     C     V     K     A     F     L     D     C     C     T     Y     M     A     Q     L     R     Q     Q     H     R     R     E     Q     L     G     L     A     R     
0.026 0.033 0.012 0.025 0.010 0.007 0.011 0.008 0.007 0.003 0.004 0.004 0.003 0.003 0.006 0.004 0.003 0.002 0.005 0.007 0.012 0.006 0.004 0.003 0.004 0.003 0.003 0.003 0.004 0.004 0.003 0.031 0.009 0.012 0.006 0.006 0.012 0.003 0.007 0.007 0.008 0.005 0.007 0.003 0.005 0.002 0.012 0.003 0.003 0.004 0.012 0.002 0.003 0.012 0.012 0.008 0.003 0.008 0.010 0.010 0.002 0.002 0.009 0.005 0.009 0.009 0.005 0.011 0.008 0.005 0.008 0.004 0.008 0.013 
>Sequence
Normalized_weight: 0.011
L     L     H     Q     K     V     E     E     Q     A     A     K     Y     K     H     R     V     P     K     K     C     C     Y     D     G     A     R     E     N     K     Y     E     T     C     E     Q     R     V     A     R     V     T     I     G     P     H     C     I     R     A     F     K     E     C     C     T     I     A     D     H     I     R     K     N     E     S     H     K     G     M     L     L     G     R     
0.026 0.007 0.037 0.014 0.008 0.019 0.006 0.004 0.017 0.003 0.007 0.004 0.003 0.003 0.012 0.028 0.006 0.023 0.006 0.003 0.012 0.006 0.011 0.003 0.004 0.010 0.003 0.003 0.004 0.010 0.018 0.011 0.004 0.012 0.003 0.010 0.012 0.036 0.005 0.005 0.008 0.005 0.011 0.003 0.005 0.022 0.012 0.010 0.023 0.004 0.012 0.016 0.006 0.012 0.012 0.008 0.015 0.005 0.028 0.026 0.010 0.002 0.005 0.007 0.008 0.009 0.010 0.009 0.015 0.010 0.015 0.004 0.015 0.013 
>Sequence
Normalized_weight: 0.014
-     -     Q     K     A     I     N     E     K     L     G     Q     Y     A     S     P     T     A     K     R     C     C     Q     D     G     V     R     L     P     M     M     R     S     C     E     Q     R     A     A     R     V     -     Q     Q     P     D     C     W     E     P     F     L     S     C     C     Q     F     A     E     S     L     R     K     K     S     R     D     K     Q     A     G     L     Q     R     
0.005 0.005 0.005 0.006 0.016 0.007 0.008 0.004 0.003 0.006 0.004 0.004 0.003 0.038 0.006 0.009 0.018 0.010 0.006 0.007 0.012 0.006 0.009 0.003 0.004 0.042 0.003 0.006 0.007 0.004 0.003 0.005 0.009 0.012 0.003 0.010 0.012 0.003 0.005 0.005 0.008 0.036 0.007 0.011 0.005 0.017 0.012 0.100 0.006 0.031 0.012 0.002 0.008 0.012 0.012 0.018 0.008 0.005 0.003 0.015 0.002 0.002 0.005 0.011 0.014 0.009 0.042 0.009 0.008 0.013 0.008 0.004 0.200 0.013 
>Sequence
Normalized_weight: 0.016
M     L     K     K     K     I     E     E     E     A     A     K     Y     R     N     A     W     V     K     K     C     C     Y     D     G     A     H     R     N     D     D     E     T     C     E     E     R     A     A     R     I     A     I     G     P     E     C     I     K     A     F     K     S     C     C     A     I     A     S     Q     F     R     A     D     E     H     H     K     N     M     Q     L     G     R     
0.083 0.007 0.111 0.006 0.008 0.007 0.006 0.004 0.025 0.003 0.007 0.004 0.003 0.026 0.012 0.010 0.071 0.023 0.006 0.003 0.012 0.006 0.011 0.003 0.004 0.010 0.018 0.018 0.004 0.050 0.014 0.011 0.004 0.012 0.003 0.013 0.012 0.003 0.005 0.005 0.005 0.014 0.011 0.003 0.005 0.004 0.012 0.010 0.003 0.004 0.012 0.016 0.008 0.012 0.012 0.071 0.015 0.005 0.028 0.010 0.091 0.002 0.017 0.025 0.008 0.042 0.010 0.009 0.038 0.010 0.011 0.004 0.015 0.013 
>Sequence
Normalized_weight: 0.010
-     -     -     -     -     -     -     -     K     A     S     E     Y     K     D     K     -     A     K     K     C     C     L     D     G     M     Q     E     N     M     G     H     T     C     D     R     R     A     R     Y     I     L     D     G     K     E     C     V     D     A     F     V     D     C     C     K     Y     Y     E     K     K     R     E     K     I     S     K     D     D     D     T     L     G     R     
0.005 0.005 0.003 0.004 0.004 0.004 0.003 0.004 0.003 0.003 0.006 0.011 0.003 0.003 0.004 0.004 0.036 0.010 0.006 0.003 0.012 0.006 0.008 0.003 0.004 0.003 0.030 0.003 0.004 0.004 0.003 0.018 0.004 0.012 0.021 0.006 0.012 0.003 0.007 0.007 0.005 0.009 0.003 0.003 0.008 0.004 0.012 0.003 0.008 0.004 0.012 0.014 0.003 0.012 0.012 0.004 0.003 0.062 0.003 0.003 0.018 0.002 0.006 0.011 0.036 0.009 0.028 0.013 0.010 0.045 0.045 0.004 0.015 0.013 
>Sequence
Normalized_weight: 0.013
L     L     H     Q     K     V     E     E     Q     A     A     K     Y     K     H     R     V     P     K     K     C     C     Y     D     G     A     R     E     N     K     Y     E     T     C     E     Q     R     V     A     R     V     T     I     G     P     H     C     I     R     A     F     K     E     C     C     T     I     -     D     P     I     R     K     N     Q     S     H     K     G     M     L     L     G     R     
0.026 0.007 0.037 0.014 0.008 0.019 0.006 0.004 0.017 0.003 0.007 0.004 0.003 0.003 0.012 0.028 0.006 0.023 0.006 0.003 0.012 0.006 0.011 0.003 0.004 0.010 0.003 0.003 0.004 0.010 0.018 0.011 0.004 0.012 0.003 0.010 0.012 0.036 0.005 0.005 0.008 0.005 0.011 0.003 0.005 0.022 0.012 0.010 0.023 0.004 0.012 0.016 0.006 0.012 0.012 0.008 0.015 0.125 0.028 0.077 0.010 0.002 0.005 0.007 0.007 0.009 0.010 0.009 0.015 0.010 0.015 0.004 0.015 0.013 
>Sequence
Normalized_weight: 0.013
-     L     Q     E     Q     M     V     S     I     K     S     S     Y     S     D     A     K     L     Q     E     C     C     S     H     G     S     L     I     A     M     L     R     T     C     Q     Q     R     A     E     R     V     A     R     A     N     K     C     V     K     A     F     L     D     C     C     I     E     G     E     K     L     R     E     K     K     K     R     D     D     A     Q     S     G     -     
0.005 0.007 0.005 0.011 0.018 0.007 0.022 0.008 0.025 0.018 0.006 0.014 0.003 0.005 0.004 0.010 0.014 0.002 0.014 0.011 0.012 0.006 0.023 0.015 0.004 0.031 0.023 0.009 0.143 0.004 0.012 0.005 0.004 0.012 0.006 0.010 0.012 0.003 0.009 0.005 0.008 0.014 0.026 0.021 0.017 0.013 0.012 0.003 0.003 0.004 0.012 0.002 0.003 0.012 0.012 0.024 0.006 0.018 0.003 0.003 0.002 0.002 0.006 0.011 0.004 0.007 0.005 0.013 0.010 0.013 0.011 0.083 0.015 0.012 
>Sequence
Normalized_weight: 0.012
-     L     Q     E     Q     M     V     S     I     K     S     S     Y     S     D     A     K     L     Q     E     C     C     S     H     G     S     L     I     P     M     L     R     T     C     Q     Q     R     A     E     R     V     A     R     A     N     K     C     V     K     A     F     L     D     C     C     I     E     G     E     K     L     R     E     K     K     K     R     D     D     A     Q     R     G     -     
0.005 0.007 0.005 0.011 0.018 0.007 0.022 0.008 0.025 0.018 0.006 0.014 0.003 0.005 0.004 0.010 0.014 0.002 0.014 0.011 0.012 0.006 0.023 0.015 0.004 0.031 0.023 0.009 0.007 0.004 0.012 0.005 0.004 0.012 0.006 0.010 0.012 0.003 0.009 0.005 0.008 0.014 0.026 0.021 0.017 0.013 0.012 0.003 0.003 0.004 0.012 0.002 0.003 0.012 0.012 0.024 0.006 0.018 0.003 0.003 0.002 0.002 0.006 0.011 0.004 0.007 0.005 0.013 0.010 0.013 0.011 0.167 0.015 0.012 
>Sequence
Normalized_weight: 0.014
-     -     -     -     -     -     -     -     K     A     A     K     Y     K     -     G     T     E     R     K     C     C     E     D     G     M     K     E     N     M     G     H     S     C     S     K     R     A     R     Y     I     R     E     T     L     E     C     V     N     A     F     M     D     C     C     E     F     I     S     K     L     R     M     E     K     R     R     E     Q     L     F     L     S     R     
0.005 0.005 0.003 0.004 0.004 0.004 0.003 0.004 0.003 0.003 0.007 0.004 0.003 0.003 0.006 0.007 0.018 0.030 0.005 0.003 0.012 0.006 0.004 0.003 0.004 0.003 0.008 0.003 0.004 0.004 0.003 0.018 0.009 0.012 0.125 0.022 0.012 0.003 0.007 0.007 0.005 0.024 0.009 0.062 0.083 0.004 0.012 0.003 0.091 0.004 0.012 0.037 0.003 0.012 0.012 0.005 0.008 0.005 0.028 0.003 0.002 0.002 0.083 0.006 0.004 0.009 0.005 0.011 0.008 0.005 0.030 0.004 0.067 0.013 
>Sequence
Normalized_weight: 0.009
L     M     E     K     R     M     D     K     -     L     G     Q     Y     S     -     K     D     V     R     R     C     C     E     H     G     M     R     D     N     M     K     F     S     C     Q     R     R     A     Q     F     I     Q     H     G     D     A     C     V     K     A     F     L     D     C     C     E     Y     I     A     K     L     R     Q     Q     H     S     R     K     P     L     G     L     A     R     
0.026 0.033 0.012 0.006 0.010 0.007 0.011 0.008 0.007 0.006 0.004 0.004 0.003 0.005 0.006 0.004 0.006 0.023 0.005 0.007 0.012 0.006 0.004 0.015 0.004 0.003 0.003 0.005 0.004 0.004 0.010 0.031 0.009 0.012 0.006 0.006 0.012 0.003 0.008 0.020 0.005 0.008 0.038 0.003 0.008 0.002 0.012 0.003 0.003 0.004 0.012 0.002 0.003 0.012 0.012 0.005 0.003 0.005 0.010 0.003 0.002 0.002 0.009 0.005 0.009 0.009 0.005 0.009 0.026 0.005 0.008 0.004 0.008 0.013 
>Sequence
Normalized_weight: 0.015
-     -     -     -     -     I     T     S     M     A     S     K     Y     -     H     G     L     A     K     E     C     C     V     D     G     M     R     D     N     M     G     Y     T     C     D     R     R     A     Q     Y     I     S     D     G     D     V     C     V     Q     A     F     L     V     C     C     T     E     M     A     S     K     K     I     E     S     K     Q     D     A     L     L     L     S     R     
0.005 0.005 0.003 0.004 0.004 0.007 0.017 0.008 0.100 0.003 0.006 0.004 0.003 0.011 0.012 0.007 0.009 0.010 0.006 0.011 0.012 0.006 0.010 0.003 0.004 0.003 0.003 0.005 0.004 0.004 0.003 0.005 0.004 0.012 0.021 0.006 0.012 0.003 0.008 0.007 0.005 0.005 0.003 0.003 0.008 0.067 0.012 0.003 0.045 0.004 0.012 0.002 0.083 0.012 0.012 0.008 0.006 0.008 0.010 0.015 0.018 0.071 0.042 0.006 0.014 0.007 0.042 0.013 0.077 0.005 0.015 0.004 0.067 0.013 
>Sequence
Normalized_weight: 0.008
-     -     -     -     -     -     -     S     K     A     A     Q     F     Q     D     Q     G     L     R     K     C     C     E     D     G     M     H     E     N     M     G     Y     T     C     E     K     R     A     K     Y     I     Q     E     G     D     A     C     K     A     A     F     L     E     C     C     H     Y     I     K     G     I     R     E     N     Q     R     E     S     E     L     F     L     A     R     
0.005 0.005 0.003 0.004 0.004 0.004 0.003 0.008 0.003 0.003 0.007 0.004 0.020 0.019 0.004 0.010 0.012 0.002 0.005 0.003 0.012 0.006 0.004 0.003 0.004 0.003 0.018 0.003 0.004 0.004 0.003 0.005 0.004 0.012 0.003 0.022 0.012 0.003 0.009 0.007 0.005 0.008 0.009 0.003 0.008 0.002 0.012 0.013 0.013 0.004 0.012 0.002 0.006 0.012 0.012 0.036 0.003 0.005 0.008 0.015 0.010 0.002 0.006 0.007 0.007 0.009 0.008 0.024 0.013 0.005 0.030 0.004 0.008 0.013 
>Sequence
Normalized_weight: 0.010
L     T     E     K     R     M     D     K     V     -     G     K     Y     P     -     K     E     L     R     K     C     C     E     D     G     M     R     E     N     P     M     R     S     C     Q     R     R     T     R     F     I     S     L     G     E     A     C     K     K     V     F     L     D     C     C     N     Y     I     T     E     L     R     R     Q     H     A     R     S     H     L     G     L     A     R     
0.026 0.100 0.012 0.006 0.010 0.007 0.011 0.008 0.033 0.025 0.004 0.004 0.003 0.019 0.006 0.004 0.003 0.002 0.005 0.003 0.012 0.006 0.004 0.003 0.004 0.003 0.003 0.003 0.004 0.004 0.003 0.005 0.009 0.012 0.006 0.006 0.012 0.020 0.007 0.020 0.005 0.005 0.007 0.003 0.005 0.002 0.012 0.013 0.003 0.019 0.012 0.002 0.003 0.012 0.012 0.004 0.003 0.005 0.007 0.006 0.002 0.002 0.006 0.005 0.009 0.042 0.005 0.024 0.015 0.005 0.008 0.004 0.008 0.013 
>Sequence
Normalized_weight: 0.019
-     -     -     K     R     I     E     A     L     N     S     -     F     K     N     I     V     M     R     K     C     C     L     D     G     M     K     Y     P     T     E     E     T     C     E     V     R     A     G     R     I     K     D     L     P     R     C     I     E     A     F     K     R     C     C     R     L     V     E     E     -     E     E     D     Y     T     G     K     T     L     E     L     A     R     
0.005 0.005 0.003 0.006 0.010 0.007 0.006 0.042 0.008 0.125 0.006 0.050 0.020 0.003 0.012 0.042 0.006 0.023 0.005 0.003 0.012 0.006 0.008 0.003 0.004 0.003 0.008 0.024 0.007 0.025 0.036 0.011 0.004 0.012 0.003 0.067 0.012 0.003 0.050 0.005 0.005 0.012 0.003 0.031 0.005 0.022 0.012 0.010 0.006 0.004 0.012 0.016 0.042 0.012 0.012 0.009 0.023 0.042 0.003 0.006 0.013 0.143 0.006 0.025 0.071 0.009 0.083 0.009 0.038 0.005 0.023 0.004 0.008 0.013 
>Sequence
Normalized_weight: 0.014
-     -     -     Q     L     I     E     H     K     A     S     K     Y     H     D     Q     K     L     K     K     C     C     E     D     G     M     Y     E     N     M     G     H     S     C     D     K     R     A     V     Y     I     Q     D     T     K     E     C     V     A     A     F     L     D     C     C     K     Y     I     K     T     I     R     D     E     K     Q     R     E     I     L     E     L     A     R     
0.005 0.005 0.003 0.014 0.042 0.007 0.006 0.083 0.003 0.003 0.006 0.004 0.003 0.077 0.004 0.010 0.014 0.002 0.006 0.003 0.012 0.006 0.004 0.003 0.004 0.003 0.045 0.003 0.004 0.004 0.003 0.018 0.009 0.012 0.021 0.022 0.012 0.003 0.100 0.007 0.005 0.008 0.003 0.062 0.008 0.004 0.012 0.003 0.013 0.004 0.012 0.002 0.003 0.012 0.012 0.004 0.003 0.005 0.008 0.026 0.010 0.002 0.014 0.006 0.004 0.042 0.005 0.011 0.077 0.005 0.023 0.004 0.008 0.013 
>Sequence
Normalized_weight: 0.010
-     -     -     -     -     -     -     S     K     A     A     E     F     Q     D     Q     D     L     R     K     C     C     E     D     V     M     H     E     N     M     G     Y     T     C     E     K     R     A     K     Y     I     Q     E     G     D     A     C     K     A     A     F     L     E     C     C     R     Y     I     K     G     V     R     E     N     Q     R     E     S     E     L     F     L     A     R     
0.005 0.005 0.003 0.004 0.004 0.004 0.003 0.008 0.003 0.003 0.007 0.011 0.020 0.019 0.004 0.010 0.006 0.002 0.005 0.003 0.012 0.006 0.004 0.003 0.167 0.003 0.018 0.003 0.004 0.004 0.003 0.005 0.004 0.012 0.003 0.022 0.012 0.003 0.009 0.007 0.005 0.008 0.009 0.003 0.008 0.002 0.012 0.013 0.013 0.004 0.012 0.002 0.006 0.012 0.012 0.009 0.003 0.005 0.008 0.015 0.030 0.002 0.006 0.007 0.007 0.009 0.008 0.024 0.013 0.005 0.030 0.004 0.008 0.013 
>Sequence
Normalized_weight: 0.013
-     -     -     -     -     V     T     T     L     A     S     Q     Y     I     -     G     L     E     R     Q     C     C     M     D     G     M     R     K     N     I     D     Y     T     C     E     R     R     A     Q     Y     I     S     D     G     T     D     C     V     E     A     F     L     K     C     C     R     E     M     A     T     K     R     E     E     A     K     T     D     Q     L     I     L     A     R     
0.005 0.005 0.003 0.004 0.004 0.019 0.017 0.083 0.008 0.003 0.006 0.004 0.003 0.077 0.006 0.007 0.009 0.030 0.005 0.014 0.012 0.006 0.030 0.003 0.004 0.003 0.003 0.014 0.004 0.020 0.014 0.005 0.004 0.012 0.003 0.006 0.012 0.003 0.008 0.007 0.005 0.005 0.003 0.003 0.042 0.017 0.012 0.003 0.006 0.004 0.012 0.002 0.014 0.012 0.012 0.009 0.006 0.008 0.010 0.026 0.018 0.002 0.006 0.006 0.036 0.007 0.083 0.013 0.008 0.005 0.030 0.004 0.008 0.013 
>Sequence
Normalized_weight: 0.017
-     -     -     -     -     -     -     -     K     M     A     E     Y     S     D     K     N     L     R     K     C     C     E     D     G     I     R     K     N     M     G     Y     S     C     E     K     R     A     T     Y     V     L     D     A     K     S     C     T     E     A     F     L     S     C     C     L     Y     I     K     G     I     R     D     E     E     R     E     L     Q     Y     E     L     A     R     
0.005 0.005 0.003 0.004 0.004 0.004 0.003 0.004 0.003 0.125 0.007 0.011 0.003 0.005 0.004 0.004 0.071 0.002 0.005 0.003 0.012 0.006 0.004 0.003 0.004 0.125 0.003 0.014 0.004 0.004 0.003 0.005 0.009 0.012 0.003 0.022 0.012 0.003 0.017 0.007 0.008 0.009 0.003 0.021 0.008 0.013 0.012 0.100 0.006 0.004 0.012 0.002 0.008 0.012 0.012 0.071 0.003 0.005 0.008 0.015 0.010 0.002 0.014 0.006 0.008 0.009 0.008 0.143 0.008 0.091 0.023 0.004 0.008 0.013 
>Sequence
Normalized_weight: 0.010
L     M     E     K     R     M     D     K     -     A     G     Q     Y     S     S     -     D     L     R     K     C     C     E     D     G     M     R     D     N     M     K     F     P     C     Q     R     R     A     Q     F     I     L     Q     G     D     A     C     V     K     A     F     L     D     C     C     E     Y     I     T     Q     L     R     Q     Q     H     S     R     D     G     A     E     L     A     R     
0.026 0.033 0.012 0.006 0.010 0.007 0.011 0.008 0.007 0.003 0.004 0.004 0.003 0.005 0.006 0.028 0.006 0.002 0.005 0.003 0.012 0.006 0.004 0.003 0.004 0.003 0.003 0.005 0.004 0.004 0.010 0.031 0.100 0.012 0.006 0.006 0.012 0.003 0.008 0.020 0.005 0.009 0.007 0.003 0.008 0.002 0.012 0.003 0.003 0.004 0.012 0.002 0.003 0.012 0.012 0.005 0.003 0.005 0.007 0.010 0.002 0.002 0.009 0.005 0.009 0.009 0.005 0.013 0.015 0.013 0.023 0.004 0.008 0.013 
>Sequence
Normalized_weight: 0.012
-     -     -     -     -     -     -     -     L     A     G     K     Y     S     -     G     E     L     K     Q     C     C     V     D     G     M     R     D     N     K     G     Y     T     C     E     R     R     A     M     Y     I     I     D     G     E     E     C     V     K     A     F     L     D     C     C     N     Q     M     K     D     R     K     N     T     E     T     E     E     E     M     I     L     A     R     
0.005 0.005 0.003 0.004 0.004 0.004 0.003 0.004 0.008 0.003 0.004 0.004 0.003 0.005 0.006 0.007 0.003 0.002 0.006 0.014 0.012 0.006 0.010 0.003 0.004 0.003 0.003 0.005 0.004 0.010 0.003 0.005 0.004 0.012 0.003 0.006 0.012 0.003 0.100 0.007 0.005 0.024 0.003 0.003 0.005 0.004 0.012 0.003 0.003 0.004 0.012 0.002 0.003 0.012 0.012 0.004 0.045 0.008 0.008 0.013 0.045 0.071 0.083 0.100 0.008 0.009 0.008 0.011 0.013 0.010 0.030 0.004 0.008 0.013 
>Sequence
Normalized_weight: 0.015
-     -     -     -     -     -     -     -     -     -     -     K     Y     K     N     E     L     Q     R     E     C     C     S     E     G     M     K     E     T     I     L     Y     T     C     E     V     R     S     E     Y     I     L     D     G     A     S     C     V     D     A     F     L     H     C     C     K     E     M     E     N     L     R     G     E     M     K     Q     D     Q     L     D     L     A     R     
0.005 0.005 0.003 0.004 0.004 0.004 0.003 0.004 0.007 0.025 0.062 0.004 0.003 0.003 0.012 0.042 0.009 0.013 0.005 0.011 0.012 0.006 0.023 0.167 0.004 0.003 0.008 0.003 0.071 0.020 0.012 0.005 0.004 0.012 0.003 0.067 0.012 0.018 0.009 0.007 0.005 0.009 0.003 0.003 0.042 0.013 0.012 0.003 0.008 0.004 0.012 0.002 0.012 0.012 0.012 0.004 0.006 0.008 0.003 0.015 0.002 0.002 0.083 0.006 0.024 0.007 0.042 0.013 0.008 0.005 0.045 0.004 0.008 0.013 
>Sequence
Normalized_weight: 0.011
-     -     -     -     -     -     -     -     L     L     S     Q     Y     N     E     D     F     Q     R     E     C     C     L     D     G     M     K     D     P     V     S     Y     T     C     E     R     R     F     E     Y     I     L     D     G     Q     A     C     V     D     A     F     V     T     C     C     K     E     M     E     K     Q     Q     L     E     K     K     E     E     S     L     Q     L     A     R     
0.005 0.005 0.003 0.004 0.004 0.004 0.003 0.004 0.008 0.006 0.006 0.004 0.003 0.038 0.021 0.021 0.036 0.013 0.005 0.011 0.012 0.006 0.008 0.003 0.004 0.003 0.008 0.005 0.007 0.050 0.014 0.005 0.004 0.012 0.003 0.006 0.012 0.071 0.009 0.007 0.005 0.009 0.003 0.003 0.014 0.002 0.012 0.003 0.008 0.004 0.012 0.014 0.017 0.012 0.012 0.004 0.006 0.008 0.003 0.003 0.013 0.036 0.021 0.006 0.004 0.007 0.008 0.011 0.026 0.005 0.011 0.004 0.008 0.013 
>Sequence
Normalized_weight: 0.009
-     -     -     -     -     -     -     -     L     L     S     Q     Y     K     E     D     L     Q     R     E     C     C     L     D     G     M     K     D     P     V     S     Y     T     C     E     R     R     S     E     Y     I     M     D     G     Q     A     C     V     D     A     F     V     T     C     C     K     E     M     E     K     Q     Q     L     E     K     K     E     E     S     L     Q     L     A     R     
0.005 0.005 0.003 0.004 0.004 0.004 0.003 0.004 0.008 0.006 0.006 0.004 0.003 0.003 0.021 0.021 0.009 0.013 0.005 0.011 0.012 0.006 0.008 0.003 0.004 0.003 0.008 0.005 0.007 0.050 0.014 0.005 0.004 0.012 0.003 0.006 0.012 0.018 0.009 0.007 0.005 0.036 0.003 0.003 0.014 0.002 0.012 0.003 0.008 0.004 0.012 0.014 0.017 0.012 0.012 0.004 0.006 0.008 0.003 0.003 0.013 0.036 0.021 0.006 0.004 0.007 0.008 0.011 0.026 0.005 0.011 0.004 0.008 0.013 
>Sequence
Normalized_weight: 0.010
-     -     Q     K     A     I     H     E     K     L     G     Q     Y     T     S     P     V     A     K     R     C     C     Q     D     G     L     R     L     P     M     A     R     T     C     E     Q     R     A     A     R     V     -     Q     Q     P     A     C     R     E     P     F     L     S     C     C     Q     F     A     E     S     L     R     K     K     R     T     R     G     Q     V     G     L     A     R     
0.005 0.005 0.005 0.006 0.016 0.007 0.033 0.004 0.003 0.006 0.004 0.004 0.003 0.005 0.006 0.009 0.006 0.010 0.006 0.007 0.012 0.006 0.009 0.003 0.004 0.018 0.003 0.006 0.007 0.004 0.036 0.005 0.004 0.012 0.003 0.010 0.012 0.003 0.005 0.005 0.008 0.036 0.007 0.011 0.005 0.002 0.012 0.007 0.006 0.031 0.012 0.002 0.008 0.012 0.012 0.018 0.008 0.005 0.003 0.015 0.002 0.002 0.005 0.011 0.024 0.009 0.005 0.071 0.008 0.030 0.008 0.004 0.008 0.013 
>Sequence
Normalized_weight: 0.012
-     -     -     -     -     -     T     S     L     L     S     Q     Y     K     D     Q     L     Q     S     D     C     C     L     D     G     M     K     E     T     L     L     Y     T     C     E     R     R     S     E     Y     I     S     D     G     G     A     C     V     T     A     F     L     H     C     C     K     E     M     K     A     Q     R     A     D     R     K     E     D     S     L     L     L     A     R     
0.005 0.005 0.003 0.004 0.004 0.004 0.017 0.008 0.008 0.006 0.006 0.004 0.003 0.003 0.004 0.010 0.009 0.013 0.083 0.062 0.012 0.006 0.008 0.003 0.004 0.003 0.008 0.003 0.071 0.025 0.012 0.005 0.004 0.012 0.003 0.006 0.012 0.018 0.009 0.007 0.005 0.005 0.003 0.003 0.021 0.002 0.012 0.003 0.045 0.004 0.012 0.002 0.012 0.012 0.012 0.004 0.006 0.008 0.008 0.038 0.013 0.002 0.017 0.025 0.024 0.007 0.008 0.013 0.026 0.005 0.015 0.004 0.008 0.013 
>Sequence
Normalized_weight: 0.015
-     -     -     -     -     -     -     -     K     A     Y     S     Y     T     T     T     E     L     Q     R     C     C     Q     H     G     M     M     L     P     M     S     R     V     C     T     K     R     A     A     R     V     P     D     -     P     T     C     R     K     A     F     L     D     C     C     E     Y     A     E     N     L     R     K     Q     E     K     R     K     T     Q     G     F     G     R     
0.005 0.005 0.003 0.004 0.004 0.004 0.003 0.004 0.003 0.003 0.042 0.014 0.003 0.005 0.042 0.014 0.003 0.002 0.014 0.007 0.012 0.006 0.009 0.015 0.004 0.003 0.045 0.006 0.007 0.004 0.014 0.005 0.100 0.012 0.062 0.022 0.012 0.003 0.005 0.005 0.008 0.012 0.003 0.062 0.005 0.033 0.012 0.007 0.003 0.004 0.012 0.002 0.003 0.012 0.012 0.005 0.003 0.005 0.003 0.015 0.002 0.002 0.005 0.005 0.008 0.007 0.005 0.009 0.038 0.091 0.008 0.167 0.015 0.013 
>Sequence
Normalized_weight: 0.010
-     -     -     -     -     -     -     -     L     A     G     K     Y     T     -     G     E     L     K     Q     C     C     V     D     G     M     R     D     N     K     G     Y     T     C     E     R     R     A     T     Y     I     V     D     G     E     E     C     A     K     A     F     V     D     C     C     N     K     I     -     K     D     R     K     N     T     E     E     E     E     M     L     L     A     R     
0.005 0.005 0.003 0.004 0.004 0.004 0.003 0.004 0.008 0.003 0.004 0.004 0.003 0.005 0.006 0.007 0.003 0.002 0.006 0.014 0.012 0.006 0.010 0.003 0.004 0.003 0.003 0.005 0.004 0.010 0.003 0.005 0.004 0.012 0.003 0.006 0.012 0.003 0.017 0.007 0.005 0.024 0.003 0.003 0.005 0.004 0.012 0.020 0.003 0.004 0.012 0.014 0.003 0.012 0.012 0.004 0.015 0.005 0.017 0.003 0.091 0.002 0.005 0.007 0.071 0.042 0.008 0.011 0.013 0.010 0.015 0.004 0.008 0.013 
>Sequence
Normalized_weight: 0.014
-     -     -     -     -     -     -     -     L     A     S     Q     Y     T     -     G     L     E     R     Q     C     C     M     D     G     M     R     N     N     I     D     Y     T     C     E     R     R     S     Q     Y     I     S     D     G     T     E     C     V     G     A     F     L     K     C     C     R     E     M     V     T     K     G     E     E     A     K     I     D     Q     L     T     L     A     R     
0.005 0.005 0.003 0.004 0.004 0.004 0.003 0.004 0.008 0.003 0.006 0.004 0.003 0.005 0.006 0.007 0.009 0.030 0.005 0.014 0.012 0.006 0.030 0.003 0.004 0.003 0.003 0.014 0.004 0.020 0.014 0.005 0.004 0.012 0.003 0.006 0.012 0.018 0.008 0.007 0.005 0.005 0.003 0.003 0.042 0.004 0.012 0.003 0.091 0.004 0.012 0.002 0.014 0.012 0.012 0.009 0.006 0.008 0.028 0.026 0.018 0.143 0.006 0.006 0.036 0.007 0.083 0.013 0.008 0.005 0.045 0.004 0.008 0.013 
>Sequence
Normalized_weight: 0.014
-     -     -     -     K     I     T     S     T     L     A     E     K     Y     S     G     E     L     K     Q     C     C     V     D     G     M     R     E     N     K     G     Y     T     C     D     R     R     S     R     Y     I     A     D     G     K     E     C     V     D     A     F     L     H     C     C     N     Q     M     -     -     -     -     -     -     K     T     H     K     D     V     -     -     -     -     
0.005 0.005 0.003 0.004 0.008 0.007 0.017 0.008 0.100 0.006 0.007 0.011 0.200 0.077 0.006 0.007 0.003 0.002 0.006 0.014 0.012 0.006 0.010 0.003 0.004 0.003 0.003 0.003 0.004 0.010 0.003 0.005 0.004 0.012 0.021 0.006 0.012 0.018 0.007 0.007 0.005 0.014 0.003 0.003 0.008 0.004 0.012 0.003 0.008 0.004 0.012 0.002 0.012 0.012 0.012 0.004 0.045 0.008 0.017 0.019 0.013 0.024 0.014 0.011 0.004 0.009 0.010 0.009 0.010 0.030 0.002 0.004 0.005 0.012 
>Sequence
Normalized_weight: 0.016
-     L     E     Q     E     M     L     S     L     K     Y     N     Y     T     D     K     S     L     Q     E     C     C     A     K     G     S     L     I     P     M     R     R     T     C     E     E     R     A     Q     R     I     S     L     Q     S     P     C     V     E     V     F     L     H     C     C     R     K     G     E     H     L     R     K     Q     K     M     K     E     D     A     G     L     G     R     
0.005 0.007 0.012 0.014 0.025 0.007 0.067 0.008 0.008 0.018 0.042 0.100 0.003 0.005 0.004 0.004 0.036 0.002 0.014 0.011 0.012 0.006 0.023 0.083 0.004 0.031 0.023 0.009 0.007 0.004 0.024 0.005 0.004 0.012 0.003 0.013 0.012 0.003 0.008 0.005 0.005 0.005 0.007 0.011 0.042 0.033 0.012 0.003 0.006 0.019 0.012 0.002 0.012 0.012 0.012 0.009 0.015 0.018 0.003 0.026 0.002 0.002 0.005 0.005 0.004 0.083 0.028 0.011 0.010 0.013 0.008 0.004 0.015 0.013 
>Sequence
Normalized_weight: 0.010
-     -     -     -     -     -     -     -     -     -     G     K     Y     S     -     G     E     L     K     Q     C     C     I     D     G     M     R     E     N     K     G     Y     T     C     E     R     R     A     T     Y     I     V     D     G     Q     E     C     A     K     V     F     L     H     C     C     N     E     I     -     K     T     R     K     N     M     K     E     E     E     M     I     L     A     R     
0.005 0.005 0.003 0.004 0.004 0.004 0.003 0.004 0.007 0.025 0.004 0.004 0.003 0.005 0.006 0.007 0.003 0.002 0.006 0.014 0.012 0.006 0.091 0.003 0.004 0.003 0.003 0.003 0.004 0.010 0.003 0.005 0.004 0.012 0.003 0.006 0.012 0.003 0.017 0.007 0.005 0.024 0.003 0.003 0.014 0.004 0.012 0.020 0.003 0.019 0.012 0.002 0.012 0.012 0.012 0.004 0.006 0.005 0.017 0.003 0.091 0.002 0.005 0.007 0.024 0.007 0.008 0.011 0.013 0.010 0.030 0.004 0.008 0.013 
>Sequence
Normalized_weight: 0.009
-     -     -     -     -     -     -     -     L     A     G     K     Y     P     -     G     E     L     K     Q     C     C     V     D     G     M     R     N     N     F     G     Y     T     C     E     R     R     A     T     Y     I     I     D     G     E     G     C     V     K     V     F     L     E     C     C     N     L     M     -     -     -     -     -     -     K     T     H     K     N     M     -     -     -     -     
0.005 0.005 0.003 0.004 0.004 0.004 0.003 0.004 0.008 0.003 0.004 0.004 0.003 0.019 0.006 0.007 0.003 0.002 0.006 0.014 0.012 0.006 0.010 0.003 0.004 0.003 0.003 0.014 0.004 0.050 0.003 0.005 0.004 0.012 0.003 0.006 0.012 0.003 0.017 0.007 0.005 0.024 0.003 0.003 0.005 0.013 0.012 0.003 0.003 0.019 0.012 0.002 0.006 0.012 0.012 0.004 0.023 0.008 0.017 0.019 0.013 0.024 0.014 0.011 0.004 0.009 0.010 0.009 0.038 0.010 0.002 0.004 0.005 0.012 
>Sequence
Normalized_weight: 0.013
-     I     Q     A     E     M     A     K     K     E     A     A     F     K     K     A     E     L     Q     K     C     C     R     H     G     F     T     I     P     M     K     F     T     C     E     E     R     A     K     R     V     T     E     S     K     E     C     V     K     V     F     Q     E     C     C     E     F     A     T     K     L     R     D     K     K     R     K     E     D     -     -     -     -     -     
0.005 0.100 0.005 0.062 0.025 0.007 0.013 0.008 0.003 0.062 0.007 0.050 0.020 0.003 0.042 0.010 0.003 0.002 0.014 0.003 0.012 0.006 0.018 0.015 0.004 0.031 0.008 0.009 0.007 0.004 0.010 0.031 0.004 0.012 0.003 0.013 0.012 0.003 0.009 0.005 0.008 0.005 0.009 0.025 0.008 0.004 0.012 0.003 0.003 0.019 0.012 0.022 0.006 0.012 0.012 0.005 0.008 0.005 0.007 0.003 0.002 0.002 0.014 0.011 0.004 0.009 0.028 0.011 0.010 0.003 0.002 0.004 0.005 0.012 
>Sequence
Normalized_weight: 0.009
L     M     E     K     R     M     N     K     -     L     G     Q     Y     S     -     K     E     L     R     R     C     C     E     H     G     M     R     N     N     M     K     F     S     C     Q     R     R     A     Q     F     I     H     Q     G     N     A     C     V     K     A     F     L     N     C     C     E     Y     I     A     K     L     R     Q     Q     H     S     R     K     P     L     G     L     A     R     
0.026 0.033 0.012 0.006 0.010 0.007 0.008 0.008 0.007 0.006 0.004 0.004 0.003 0.005 0.006 0.004 0.003 0.002 0.005 0.007 0.012 0.006 0.004 0.015 0.004 0.003 0.003 0.014 0.004 0.004 0.010 0.031 0.009 0.012 0.006 0.006 0.012 0.003 0.008 0.020 0.005 0.024 0.007 0.003 0.017 0.002 0.012 0.003 0.003 0.004 0.012 0.002 0.042 0.012 0.012 0.005 0.003 0.005 0.010 0.003 0.002 0.002 0.009 0.005 0.009 0.009 0.005 0.009 0.026 0.005 0.008 0.004 0.008 0.013 
>Sequence
Normalized_weight: 0.015
-     -     -     -     Q     I     R     R     E     A     E     K     Y     T     Q     -     E     F     R     K     C     C     V     D     G     L     K     M     P     T     G     Q     G     C     E     E     R     L     K     R     V     T     G     P     K     E     C     V     D     A     F     L     Q     C     C     K     K     A     E     E     Y     R     K     S     E     S     -     -     -     -     -     -     -     -     
0.005 0.005 0.003 0.004 0.018 0.007 0.033 0.021 0.025 0.003 0.062 0.004 0.003 0.005 0.083 0.028 0.003 0.030 0.005 0.003 0.012 0.006 0.010 0.003 0.004 0.018 0.008 0.036 0.007 0.025 0.003 0.031 0.100 0.012 0.003 0.013 0.012 0.048 0.009 0.005 0.008 0.005 0.038 0.042 0.008 0.004 0.012 0.003 0.008 0.004 0.012 0.002 0.021 0.012 0.012 0.004 0.015 0.005 0.003 0.006 0.045 0.002 0.005 0.050 0.008 0.009 0.003 0.004 0.002 0.003 0.002 0.004 0.005 0.012 
>Sequence
Normalized_weight: 0.020
-     -     -     K     K     F     N     N     V     V     N     S     F     K     G     S     D     -     R     K     C     C     L     D     G     V     R     P     N     K     M     H     T     C     D     E     R     L     K     R     V     E     A     S     K     S     C     R     K     A     F     K     M     C     C     E     A     A     N     E     R     R     R     R     E     T     F     E     -     -     -     -     -     -     
0.005 0.005 0.003 0.006 0.008 0.111 0.008 0.028 0.033 0.031 0.031 0.014 0.020 0.003 0.083 0.017 0.006 0.091 0.005 0.003 0.012 0.006 0.008 0.003 0.004 0.042 0.003 0.071 0.004 0.010 0.003 0.018 0.004 0.012 0.021 0.013 0.012 0.048 0.009 0.005 0.008 0.071 0.077 0.025 0.008 0.013 0.012 0.007 0.003 0.004 0.012 0.016 0.083 0.012 0.012 0.005 0.091 0.005 0.028 0.006 0.045 0.002 0.006 0.033 0.008 0.009 0.042 0.011 0.002 0.003 0.002 0.004 0.005 0.012 
>Sequence
Normalized_weight: 0.020
-     L     Q     Q     E     M     N     R     L     K     S     G     Y     E     D     T     E     L     Q     L     C     C     A     Q     A     S     L     I     P     M     K     R     T     C     R     E     R     A     A     R     V     R     L     S     E     A     C     A     A     A     F     E     K     C     C     T     E     T     E     I     L     R     R     R     K     I     L     E     E     G     Q     S     G     -     
0.005 0.007 0.005 0.014 0.025 0.007 0.008 0.021 0.008 0.018 0.006 0.050 0.003 0.038 0.004 0.014 0.003 0.002 0.014 0.062 0.012 0.006 0.023 0.083 0.111 0.031 0.023 0.009 0.007 0.004 0.010 0.005 0.004 0.012 0.062 0.013 0.012 0.003 0.005 0.005 0.008 0.024 0.007 0.025 0.005 0.002 0.012 0.020 0.013 0.004 0.012 0.056 0.014 0.012 0.012 0.008 0.006 0.062 0.003 0.038 0.002 0.002 0.006 0.033 0.004 0.083 0.042 0.011 0.013 0.091 0.011 0.083 0.015 0.012 
>Sequence
Normalized_weight: 0.023
-     L     Q     R     Q     Y     A     G     K     L     N     E     Y     T     D     S     R     L     R     K     C     Y     T     D     G     L     T     I     L     M     P     H     S     C     E     E     R     T     S     R     V     K     E     L     D     -     C     R     L     V     F     Q     K     C     C     D     Y     G     V     E     L     R     K     N     Q     S     L     K     V     D     S     I     A     R     
0.005 0.007 0.005 0.025 0.018 0.056 0.013 0.042 0.003 0.006 0.031 0.011 0.003 0.005 0.004 0.017 0.036 0.002 0.005 0.003 0.012 0.250 0.030 0.003 0.004 0.018 0.008 0.009 0.020 0.004 0.071 0.018 0.009 0.012 0.003 0.013 0.012 0.020 0.050 0.005 0.008 0.012 0.009 0.031 0.008 0.067 0.012 0.007 0.045 0.019 0.012 0.022 0.014 0.012 0.012 0.036 0.003 0.018 0.028 0.006 0.002 0.002 0.005 0.007 0.007 0.009 0.042 0.009 0.077 0.045 0.091 0.167 0.008 0.013 
>Sequence
Normalized_weight: 0.010
L     T     E     K     R     M     N     K     V     -     G     K     Y     P     -     K     E     L     R     K     C     C     E     D     G     M     R     Q     N     P     M     R     S     C     Q     R     R     T     R     F     I     S     L     G     E     A     C     K     K     V     F     L     D     C     C     N     Y     I     T     E     L     R     R     Q     H     A     R     S     H     L     G     L     A     R     
0.026 0.100 0.012 0.006 0.010 0.007 0.008 0.008 0.033 0.025 0.004 0.004 0.003 0.019 0.006 0.004 0.003 0.002 0.005 0.003 0.012 0.006 0.004 0.003 0.004 0.003 0.003 0.036 0.004 0.004 0.003 0.005 0.009 0.012 0.006 0.006 0.012 0.020 0.007 0.020 0.005 0.005 0.007 0.003 0.005 0.002 0.012 0.013 0.003 0.019 0.012 0.002 0.003 0.012 0.012 0.004 0.003 0.005 0.007 0.006 0.002 0.002 0.006 0.005 0.009 0.042 0.005 0.024 0.015 0.005 0.008 0.004 0.008 0.013 
>Sequence
Normalized_weight: 0.019
-     L     L     K     L     L     E     E     K     A     G     P     W     R     N     T     V     M     W     R     C     C     R     D     G     A     T     L     P     I     R     A     T     C     Q     Q     R     G     Q     R     V     T     T     A     G     G     C     R     D     A     F     L     Q     C     C     E     V     A     Q     N     L     R     R     K     G     Q     R     G     G     L     -     -     -     -     
0.005 0.007 0.037 0.006 0.042 0.037 0.006 0.004 0.003 0.003 0.004 0.050 0.100 0.026 0.012 0.014 0.006 0.023 0.083 0.007 0.012 0.006 0.018 0.003 0.004 0.010 0.008 0.006 0.007 0.020 0.024 0.125 0.004 0.012 0.006 0.010 0.012 0.071 0.008 0.005 0.008 0.005 0.038 0.021 0.021 0.013 0.012 0.007 0.008 0.004 0.012 0.002 0.021 0.012 0.012 0.005 0.030 0.005 0.042 0.015 0.002 0.002 0.006 0.011 0.071 0.042 0.005 0.071 0.015 0.005 0.002 0.004 0.005 0.012 
>Sequence
Normalized_weight: 0.022
-     -     -     -     -     -     -     E     K     A     S     T     Y     P     -     A     E     L     R     K     C     C     R     D     A     A     I     E     S     P     L     R     S     C     E     E     R     T     K     H     I     H     D     G     E     G     C     Q     E     T     F     L     E     C     C     K     H     V     E     E     L     L     I     A     M     E     E     E     D     E     D     L     G     R     
0.005 0.005 0.003 0.004 0.004 0.004 0.003 0.004 0.003 0.003 0.006 0.050 0.003 0.019 0.006 0.010 0.003 0.002 0.005 0.003 0.012 0.006 0.018 0.003 0.111 0.010 0.091 0.003 0.036 0.004 0.012 0.005 0.009 0.012 0.003 0.013 0.012 0.020 0.009 0.200 0.005 0.024 0.003 0.003 0.005 0.013 0.012 0.050 0.006 0.250 0.012 0.002 0.006 0.012 0.012 0.004 0.023 0.042 0.003 0.006 0.002 0.071 0.042 0.050 0.024 0.042 0.008 0.011 0.010 0.091 0.045 0.004 0.015 0.013 
>Sequence
Normalized_weight: 0.029
-     -     -     -     Q     M     F     E     Q     K     A     K     -     K     Y     G     K     F     Y     S     C     C     T     F     G     A     S     S     P     T     L     E     T     C     Q     Q     R     S     E     R     L     S     Y     P     A     K     C     Q     Q     A     F     Q     E     C     C     G     F     A     M     K     Q     R     Q     E     N     K     D     K     -     -     -     -     -     -     
0.005 0.005 0.003 0.004 0.018 0.007 0.067 0.004 0.017 0.018 0.007 0.004 0.200 0.003 0.042 0.007 0.014 0.030 0.167 0.125 0.012 0.006 0.030 0.167 0.004 0.010 0.023 0.071 0.007 0.025 0.012 0.011 0.004 0.012 0.006 0.010 0.012 0.018 0.009 0.005 0.250 0.005 0.077 0.042 0.042 0.013 0.012 0.050 0.045 0.004 0.012 0.022 0.006 0.012 0.012 0.071 0.008 0.005 0.083 0.003 0.013 0.002 0.009 0.006 0.071 0.007 0.042 0.009 0.002 0.003 0.002 0.004 0.005 0.012 
>Sequence
Normalized_weight: 0.027
-     L     Q     N     S     L     E     A     K     V     M     E     F     -     N     E     T     L     Q     P     C     C     M     D     G     Q     Q     D     P     L     G     R     S     C     L     Q     R     A     K     L     S     T     S     Q     D     E     C     Y     F     A     F     L     T     C     C     N     H     A     -     -     -     -     -     -     -     -     -     -     -     -     -     -     -     -     
0.005 0.007 0.005 0.125 0.062 0.037 0.006 0.042 0.003 0.031 0.125 0.011 0.020 0.011 0.012 0.042 0.018 0.002 0.014 0.125 0.012 0.006 0.030 0.003 0.004 0.125 0.030 0.005 0.007 0.025 0.003 0.005 0.009 0.012 0.125 0.010 0.012 0.003 0.009 0.040 0.250 0.005 0.077 0.011 0.008 0.004 0.012 0.100 0.091 0.004 0.012 0.002 0.017 0.012 0.012 0.004 0.023 0.005 0.017 0.019 0.013 0.024 0.014 0.011 0.004 0.003 0.003 0.004 0.002 0.003 0.002 0.004 0.005 0.012 
>Sequence
Normalized_weight: 0.006
-     L     M     E     R     R     M     D     K     A     G     K     Y     K     S     K     E     L     R     R     C     C     E     D     G     M     R     E     N     P     M     Q     S     C     Q     R     R     A     R     Y     V     S     L     G     E     A     C     V     K     A     F     L     D     C     C     T     Y     M     A     Q     L     R     Q     Q     -     -     -     -     -     -     -     -     -     -     
0.005 0.007 0.019 0.011 0.010 0.012 0.008 0.014 0.003 0.003 0.004 0.004 0.003 0.003 0.006 0.004 0.003 0.002 0.005 0.007 0.012 0.006 0.004 0.003 0.004 0.003 0.003 0.003 0.004 0.004 0.003 0.031 0.009 0.012 0.006 0.006 0.012 0.003 0.007 0.007 0.008 0.005 0.007 0.003 0.005 0.002 0.012 0.003 0.003 0.004 0.012 0.002 0.003 0.012 0.012 0.008 0.003 0.008 0.010 0.010 0.002 0.002 0.009 0.005 0.004 0.003 0.003 0.004 0.002 0.003 0.002 0.004 0.005 0.012 
>Sequence
Normalized_weight: 0.008
-     -     Q     K     A     I     S     E     K     L     G     Q     Y     S     S     P     D     T     K     R     C     C     Q     D     G     M     T     K     L     P     M     R     T     C     E     Q     R     A     A     R     V     P     -     Q     P     A     C     R     E     P     F     L     S     C     C     K     F     A     E     D     L     R     R     N     Q     -     -     -     -     -     -     -     -     -     
0.005 0.005 0.005 0.006 0.016 0.007 0.017 0.004 0.003 0.006 0.004 0.004 0.003 0.005 0.006 0.009 0.006 0.045 0.006 0.007 0.012 0.006 0.009 0.003 0.004 0.003 0.008 0.014 0.020 0.004 0.003 0.005 0.004 0.012 0.003 0.010 0.012 0.003 0.005 0.005 0.008 0.012 0.015 0.011 0.005 0.002 0.012 0.007 0.006 0.031 0.012 0.002 0.008 0.012 0.012 0.004 0.008 0.005 0.003 0.013 0.002 0.002 0.006 0.007 0.007 0.003 0.003 0.004 0.002 0.003 0.002 0.004 0.005 0.012 
>Sequence
Normalized_weight: 0.012
L     L     L     D     S     K     A     S     K     A     A     Q     F     Q     D     Q     G     L     R     K     C     C     E     D     G     M     H     E     N     P     G     Y     T     C     E     K     R     A     K     Y     I     Q     E     G     D     A     C     K     A     A     F     L     E     C     C     H     Y     I     K     G     I     R     D     E     -     -     -     -     -     -     -     -     -     -     
0.026 0.007 0.037 0.125 0.062 0.111 0.013 0.008 0.003 0.003 0.007 0.004 0.020 0.019 0.004 0.010 0.012 0.002 0.005 0.003 0.012 0.006 0.004 0.003 0.004 0.003 0.018 0.003 0.004 0.004 0.003 0.005 0.004 0.012 0.003 0.022 0.012 0.003 0.009 0.007 0.005 0.008 0.009 0.003 0.008 0.002 0.012 0.013 0.013 0.004 0.012 0.002 0.006 0.012 0.012 0.036 0.003 0.005 0.008 0.015 0.010 0.002 0.014 0.006 0.004 0.003 0.003 0.004 0.002 0.003 0.002 0.004 0.005 0.012 
>Sequence
Normalized_weight: 0.007
-     -     Q     K     A     V     S     E     K     L     G     Q     Y     S     S     P     D     A     K     R     C     C     Q     D     G     M     T     K     L     P     M     R     T     C     E     Q     R     A     A     R     V     P     -     Q     Q     A     C     R     E     P     F     L     S     C     C     K     F     A     E     D     L     R     R     N     Q     -     -     -     -     -     -     -     -     -     
0.005 0.005 0.005 0.006 0.016 0.019 0.017 0.004 0.003 0.006 0.004 0.004 0.003 0.005 0.006 0.009 0.006 0.010 0.006 0.007 0.012 0.006 0.009 0.003 0.004 0.003 0.008 0.014 0.020 0.004 0.003 0.005 0.004 0.012 0.003 0.010 0.012 0.003 0.005 0.005 0.008 0.012 0.015 0.011 0.014 0.002 0.012 0.007 0.006 0.031 0.012 0.002 0.008 0.012 0.012 0.004 0.008 0.005 0.003 0.013 0.002 0.002 0.006 0.007 0.007 0.003 0.003 0.004 0.002 0.003 0.002 0.004 0.005 0.012 
>Sequence
Normalized_weight: 0.009
-     -     Q     K     A     I     N     E     K     L     G     Q     Y     A     S     P     T     A     K     R     C     C     Q     D     G     V     T     R     L     P     M     R     S     C     E     Q     R     A     A     R     V     Q     -     Q     P     D     C     R     E     P     F     L     S     C     C     Q     F     A     E     S     L     R     K     -     -     -     -     -     -     -     -     -     -     -     
0.005 0.005 0.005 0.006 0.016 0.007 0.008 0.004 0.003 0.006 0.004 0.004 0.003 0.038 0.006 0.009 0.018 0.010 0.006 0.007 0.012 0.006 0.009 0.003 0.004 0.042 0.008 0.018 0.020 0.004 0.003 0.005 0.009 0.012 0.003 0.010 0.012 0.003 0.005 0.005 0.008 0.008 0.015 0.011 0.005 0.017 0.012 0.007 0.006 0.031 0.012 0.002 0.008 0.012 0.012 0.018 0.008 0.005 0.003 0.015 0.002 0.002 0.005 0.011 0.004 0.003 0.003 0.004 0.002 0.003 0.002 0.004 0.005 0.012 
>Sequence
Normalized_weight: 0.008
-     L     M     E     R     R     M     D     K     A     G     Q     Y     T     D     K     G     L     R     K     C     C     E     D     G     M     R     D     I     P     M     Y     S     C     Q     R     R     A     R     L     I     T     Q     G     E     S     C     L     K     A     F     M     D     C     C     N     Y     I     T     K     L     R     E     Q     -     -     -     -     -     -     -     -     -     -     
0.005 0.007 0.019 0.011 0.010 0.012 0.008 0.014 0.003 0.003 0.004 0.004 0.003 0.005 0.004 0.004 0.012 0.002 0.005 0.003 0.012 0.006 0.004 0.003 0.004 0.003 0.003 0.005 0.020 0.004 0.003 0.005 0.009 0.012 0.006 0.006 0.012 0.003 0.007 0.040 0.005 0.005 0.007 0.003 0.005 0.013 0.012 0.050 0.003 0.004 0.012 0.037 0.003 0.012 0.012 0.004 0.003 0.005 0.007 0.003 0.002 0.002 0.006 0.005 0.004 0.003 0.003 0.004 0.002 0.003 0.002 0.004 0.005 0.012 
>Sequence
Normalized_weight: 0.009
-     -     -     -     -     -     -     -     K     A     A     E     F     Q     D     Q     D     L     R     K     C     C     E     D     V     M     H     E     N     P     G     Y     T     C     E     K     R     A     K     Y     I     Q     E     G     D     A     C     K     A     A     F     L     E     C     C     R     Y     I     K     G     V     R     D     E     -     -     -     -     -     -     -     -     -     -     
0.005 0.005 0.003 0.004 0.004 0.004 0.003 0.004 0.003 0.003 0.007 0.011 0.020 0.019 0.004 0.010 0.006 0.002 0.005 0.003 0.012 0.006 0.004 0.003 0.167 0.003 0.018 0.003 0.004 0.004 0.003 0.005 0.004 0.012 0.003 0.022 0.012 0.003 0.009 0.007 0.005 0.008 0.009 0.003 0.008 0.002 0.012 0.013 0.013 0.004 0.012 0.002 0.006 0.012 0.012 0.009 0.003 0.005 0.008 0.015 0.030 0.002 0.014 0.006 0.004 0.003 0.003 0.004 0.002 0.003 0.002 0.004 0.005 0.012 
>Sequence
Normalized_weight: 0.008
-     L     M     E     R     R     M     D     K     A     G     Q     Y     T     D     K     G     L     R     K     C     C     E     D     G     M     R     D     I     P     M     Y     S     C     Q     R     R     A     R     L     I     T     Q     G     E     N     C     I     K     A     F     I     D     C     C     N     H     I     T     K     L     R     E     Q     -     -     -     -     -     -     -     -     -     -     
0.005 0.007 0.019 0.011 0.010 0.012 0.008 0.014 0.003 0.003 0.004 0.004 0.003 0.005 0.004 0.004 0.012 0.002 0.005 0.003 0.012 0.006 0.004 0.003 0.004 0.003 0.003 0.005 0.020 0.004 0.003 0.005 0.009 0.012 0.006 0.006 0.012 0.003 0.007 0.040 0.005 0.005 0.007 0.003 0.005 0.033 0.012 0.010 0.003 0.004 0.012 0.056 0.003 0.012 0.012 0.004 0.023 0.005 0.007 0.003 0.002 0.002 0.006 0.005 0.004 0.003 0.003 0.004 0.002 0.003 0.002 0.004 0.005 0.012 
>Sequence
Normalized_weight: 0.007
-     L     M     E     K     R     M     D     K     L     G     Q     Y     -     S     K     D     V     R     R     C     C     E     H     G     M     R     D     N     P     M     K     S     C     Q     R     R     A     Q     F     I     Q     H     G     D     A     C     V     K     A     F     L     D     C     C     E     Y     I     A     K     L     R     Q     Q     -     -     -     -     -     -     -     -     -     -     
0.005 0.007 0.019 0.011 0.008 0.012 0.008 0.014 0.003 0.006 0.004 0.004 0.003 0.011 0.006 0.004 0.006 0.023 0.005 0.007 0.012 0.006 0.004 0.015 0.004 0.003 0.003 0.005 0.004 0.004 0.003 0.031 0.009 0.012 0.006 0.006 0.012 0.003 0.008 0.020 0.005 0.008 0.038 0.003 0.008 0.002 0.012 0.003 0.003 0.004 0.012 0.002 0.003 0.012 0.012 0.005 0.003 0.005 0.010 0.003 0.002 0.002 0.009 0.005 0.004 0.003 0.003 0.004 0.002 0.003 0.002 0.004 0.005 0.012 
>Sequence
Normalized_weight: 0.008
-     L     T     E     K     R     M     D     K     V     G     K     Y     -     P     K     E     L     R     K     C     C     E     D     G     M     R     E     N     P     M     R     S     C     Q     R     R     T     R     F     I     S     L     G     E     A     C     K     K     V     F     L     D     C     C     N     Y     I     T     E     L     R     R     Q     -     -     -     -     -     -     -     -     -     -     
0.005 0.007 0.056 0.011 0.008 0.012 0.008 0.014 0.003 0.031 0.004 0.004 0.003 0.011 0.028 0.004 0.003 0.002 0.005 0.003 0.012 0.006 0.004 0.003 0.004 0.003 0.003 0.003 0.004 0.004 0.003 0.005 0.009 0.012 0.006 0.006 0.012 0.020 0.007 0.020 0.005 0.005 0.007 0.003 0.005 0.002 0.012 0.013 0.003 0.019 0.012 0.002 0.003 0.012 0.012 0.004 0.003 0.005 0.007 0.006 0.002 0.002 0.006 0.005 0.004 0.003 0.003 0.004 0.002 0.003 0.002 0.004 0.005 0.012 
>Sequence
Normalized_weight: 0.007
-     -     -     -     -     -     -     -     -     A     G     K     Y     T     -     G     E     L     K     Q     C     C     V     D     G     M     R     D     N     K     G     Y     T     C     E     R     R     A     T     Y     I     V     D     G     E     E     C     A     K     A     F     V     D     C     C     N     K     I     K     D     -     -     -     -     -     -     -     -     -     -     -     -     -     -     
0.005 0.005 0.003 0.004 0.004 0.004 0.003 0.004 0.007 0.003 0.004 0.004 0.003 0.005 0.006 0.007 0.003 0.002 0.006 0.014 0.012 0.006 0.010 0.003 0.004 0.003 0.003 0.005 0.004 0.010 0.003 0.005 0.004 0.012 0.003 0.006 0.012 0.003 0.017 0.007 0.005 0.024 0.003 0.003 0.005 0.004 0.012 0.020 0.003 0.004 0.012 0.014 0.003 0.012 0.012 0.004 0.015 0.005 0.008 0.013 0.013 0.024 0.014 0.011 0.004 0.003 0.003 0.004 0.002 0.003 0.002 0.004 0.005 0.012 
>Sequence
Normalized_weight: 0.008
-     -     -     -     -     -     -     -     K     A     S     E     Y     K     D     K     -     A     K     K     C     C     L     D     G     M     Q     E     N     M     G     H     T     C     D     R     R     A     R     Y     I     L     D     G     K     E     C     V     D     A     F     V     D     C     C     K     Y     Y     E     K     K     R     E     A     E     -     -     -     -     -     -     -     -     -     
0.005 0.005 0.003 0.004 0.004 0.004 0.003 0.004 0.003 0.003 0.006 0.011 0.003 0.003 0.004 0.004 0.036 0.010 0.006 0.003 0.012 0.006 0.008 0.003 0.004 0.003 0.030 0.003 0.004 0.004 0.003 0.018 0.004 0.012 0.021 0.006 0.012 0.003 0.007 0.007 0.005 0.009 0.003 0.003 0.008 0.004 0.012 0.003 0.008 0.004 0.012 0.014 0.003 0.012 0.012 0.004 0.003 0.062 0.003 0.003 0.018 0.002 0.006 0.050 0.008 0.003 0.003 0.004 0.002 0.003 0.002 0.004 0.005 0.012 
>Sequence
Normalized_weight: 0.014
-     -     -     -     K     R     I     E     A     L     N     S     F     K     N     I     V     M     R     K     C     C     L     D     G     M     K     Y     P     T     E     E     T     C     E     V     R     A     G     R     I     K     D     L     P     R     C     I     E     A     F     K     R     C     C     R     L     V     E     E     -     -     -     -     -     -     -     -     -     -     -     -     -     -     
0.005 0.005 0.003 0.004 0.008 0.012 0.067 0.004 0.100 0.006 0.031 0.014 0.020 0.003 0.012 0.042 0.006 0.023 0.005 0.003 0.012 0.006 0.008 0.003 0.004 0.003 0.008 0.024 0.007 0.025 0.036 0.011 0.004 0.012 0.003 0.067 0.012 0.003 0.050 0.005 0.005 0.012 0.003 0.031 0.005 0.022 0.012 0.010 0.006 0.004 0.012 0.016 0.042 0.012 0.012 0.009 0.023 0.042 0.003 0.006 0.013 0.024 0.014 0.011 0.004 0.003 0.003 0.004 0.002 0.003 0.002 0.004 0.005 0.012 
>Sequence
Normalized_weight: 0.008
-     L     M     E     K     R     M     D     K     A     G     Q     Y     S     S     -     D     L     R     K     C     C     E     D     G     M     R     D     N     P     M     K     P     C     Q     R     R     A     Q     F     I     L     Q     G     D     A     C     V     K     A     F     L     D     C     C     E     Y     I     T     Q     L     R     Q     Q     -     -     -     -     -     -     -     -     -     -     
0.005 0.007 0.019 0.011 0.008 0.012 0.008 0.014 0.003 0.003 0.004 0.004 0.003 0.005 0.006 0.028 0.006 0.002 0.005 0.003 0.012 0.006 0.004 0.003 0.004 0.003 0.003 0.005 0.004 0.004 0.003 0.031 0.100 0.012 0.006 0.006 0.012 0.003 0.008 0.020 0.005 0.009 0.007 0.003 0.008 0.002 0.012 0.003 0.003 0.004 0.012 0.002 0.003 0.012 0.012 0.005 0.003 0.005 0.007 0.010 0.002 0.002 0.009 0.005 0.004 0.003 0.003 0.004 0.002 0.003 0.002 0.004 0.005 0.012 
>Sequence
Normalized_weight: 0.008
-     -     -     -     -     -     -     -     -     A     G     K     Y     -     P     G     E     L     K     Q     C     C     V     D     G     M     R     N     N     K     G     Y     T     C     E     R     R     A     T     Y     I     I     D     G     E     G     C     V     K     V     F     L     E     C     C     N     L     M     K     -     -     -     -     -     -     -     -     -     -     -     -     -     -     -     
0.005 0.005 0.003 0.004 0.004 0.004 0.003 0.004 0.007 0.003 0.004 0.004 0.003 0.011 0.028 0.007 0.003 0.002 0.006 0.014 0.012 0.006 0.010 0.003 0.004 0.003 0.003 0.014 0.004 0.010 0.003 0.005 0.004 0.012 0.003 0.006 0.012 0.003 0.017 0.007 0.005 0.024 0.003 0.003 0.005 0.013 0.012 0.003 0.003 0.019 0.012 0.002 0.006 0.012 0.012 0.004 0.023 0.008 0.008 0.019 0.013 0.024 0.014 0.011 0.004 0.003 0.003 0.004 0.002 0.003 0.002 0.004 0.005 0.012 
>Sequence
Normalized_weight: 0.008
-     -     Q     K     A     I     H     E     K     L     G     Q     Y     T     S     P     V     A     K     R     C     C     Q     D     G     L     T     R     L     P     M     R     T     C     E     Q     R     A     A     R     V     Q     -     Q     P     A     C     R     E     P     F     L     S     C     C     Q     F     A     E     S     L     R     K     -     -     -     -     -     -     -     -     -     -     -     
0.005 0.005 0.005 0.006 0.016 0.007 0.033 0.004 0.003 0.006 0.004 0.004 0.003 0.005 0.006 0.009 0.006 0.010 0.006 0.007 0.012 0.006 0.009 0.003 0.004 0.018 0.008 0.018 0.020 0.004 0.003 0.005 0.004 0.012 0.003 0.010 0.012 0.003 0.005 0.005 0.008 0.008 0.015 0.011 0.005 0.002 0.012 0.007 0.006 0.031 0.012 0.002 0.008 0.012 0.012 0.018 0.008 0.005 0.003 0.015 0.002 0.002 0.005 0.011 0.004 0.003 0.003 0.004 0.002 0.003 0.002 0.004 0.005 0.012 
>Sequence
Normalized_weight: 0.013
-     -     -     -     -     -     Q     Q     K     A     Y     S     Y     T     T     T     E     L     Q     R     C     C     Q     H     G     M     M     L     P     P     G     R     V     C     T     K     R     A     A     R     V     P     D     -     P     T     C     R     K     A     F     L     D     C     C     E     Y     A     E     N     L     R     K     Q     -     -     -     -     -     -     -     -     -     -     
0.005 0.005 0.003 0.004 0.004 0.004 0.067 0.083 0.003 0.003 0.042 0.014 0.003 0.005 0.042 0.014 0.003 0.002 0.014 0.007 0.012 0.006 0.009 0.015 0.004 0.003 0.045 0.006 0.007 0.004 0.003 0.005 0.100 0.012 0.062 0.022 0.012 0.003 0.005 0.005 0.008 0.012 0.003 0.062 0.005 0.033 0.012 0.007 0.003 0.004 0.012 0.002 0.003 0.012 0.012 0.005 0.003 0.005 0.003 0.015 0.002 0.002 0.005 0.005 0.004 0.003 0.003 0.004 0.002 0.003 0.002 0.004 0.005 0.012 
>Sequence
Normalized_weight: 0.011
-     -     -     -     -     -     -     -     -     L     S     Q     Y     K     D     Q     L     Q     S     D     C     C     L     D     G     M     K     E     L     L     N     Y     T     C     E     R     R     S     E     Y     I     S     D     G     G     A     C     V     T     A     F     L     H     C     C     K     E     M     K     A     Q     R     A     D     R     -     -     -     -     -     -     -     -     -     
0.005 0.005 0.003 0.004 0.004 0.004 0.003 0.004 0.007 0.006 0.006 0.004 0.003 0.003 0.004 0.010 0.009 0.013 0.083 0.062 0.012 0.006 0.008 0.003 0.004 0.003 0.008 0.003 0.020 0.025 0.071 0.005 0.004 0.012 0.003 0.006 0.012 0.018 0.009 0.007 0.005 0.005 0.003 0.003 0.021 0.002 0.012 0.003 0.045 0.004 0.012 0.002 0.012 0.012 0.012 0.004 0.006 0.008 0.008 0.038 0.013 0.002 0.017 0.025 0.024 0.003 0.003 0.004 0.002 0.003 0.002 0.004 0.005 0.012 
>Sequence
Normalized_weight: 0.014
M     L     Q     -     -     I     R     R     E     A     E     K     Y     T     -     Q     E     F     R     K     C     C     V     D     G     L     K     M     S     P     G     Q     G     C     E     E     R     L     K     R     V     T     G     P     K     E     C     V     D     A     F     L     Q     C     C     K     K     A     E     E     Y     R     K     S     E     -     -     -     -     -     -     -     -     -     
0.083 0.007 0.005 0.004 0.004 0.007 0.033 0.021 0.025 0.003 0.062 0.004 0.003 0.005 0.006 0.010 0.003 0.030 0.005 0.003 0.012 0.006 0.010 0.003 0.004 0.018 0.008 0.036 0.036 0.004 0.003 0.031 0.100 0.012 0.003 0.013 0.012 0.048 0.009 0.005 0.008 0.005 0.038 0.042 0.008 0.004 0.012 0.003 0.008 0.004 0.012 0.002 0.021 0.012 0.012 0.004 0.015 0.005 0.003 0.006 0.045 0.002 0.005 0.050 0.008 0.003 0.003 0.004 0.002 0.003 0.002 0.004 0.005 0.012 
>Sequence
Normalized_weight: 0.010
-     -     -     -     -     -     -     -     -     L     S     Q     Y     N     E     D     F     Q     R     E     C     C     L     D     G     M     K     D     S     P     S     Y     T     C     E     R     R     F     E     Y     I     L     D     G     Q     A     C     V     D     A     F     V     T     C     C     K     E     M     E     K     Q     Q     L     E     K     -     -     -     -     -     -     -     -     -     
0.005 0.005 0.003 0.004 0.004 0.004 0.003 0.004 0.007 0.006 0.006 0.004 0.003 0.038 0.021 0.021 0.036 0.013 0.005 0.011 0.012 0.006 0.008 0.003 0.004 0.003 0.008 0.005 0.036 0.004 0.014 0.005 0.004 0.012 0.003 0.006 0.012 0.071 0.009 0.007 0.005 0.009 0.003 0.003 0.014 0.002 0.012 0.003 0.008 0.004 0.012 0.014 0.017 0.012 0.012 0.004 0.006 0.008 0.003 0.003 0.013 0.036 0.021 0.006 0.004 0.003 0.003 0.004 0.002 0.003 0.002 0.004 0.005 0.012 
>Sequence
Normalized_weight: 0.008
-     -     -     -     -     -     -     -     -     L     S     Q     Y     K     E     D     L     Q     R     E     C     C     L     D     G     M     K     D     S     P     S     Y     T     C     E     R     R     S     E     Y     I     M     D     G     Q     A     C     V     D     A     F     V     T     C     C     K     E     M     E     K     Q     Q     L     E     K     -     -     -     -     -     -     -     -     -     
0.005 0.005 0.003 0.004 0.004 0.004 0.003 0.004 0.007 0.006 0.006 0.004 0.003 0.003 0.021 0.021 0.009 0.013 0.005 0.011 0.012 0.006 0.008 0.003 0.004 0.003 0.008 0.005 0.036 0.004 0.014 0.005 0.004 0.012 0.003 0.006 0.012 0.018 0.009 0.007 0.005 0.036 0.003 0.003 0.014 0.002 0.012 0.003 0.008 0.004 0.012 0.014 0.017 0.012 0.012 0.004 0.006 0.008 0.003 0.003 0.013 0.036 0.021 0.006 0.004 0.003 0.003 0.004 0.002 0.003 0.002 0.004 0.005 0.012 
>Sequence
Normalized_weight: 0.008
-     L     T     E     K     R     M     N     K     V     G     K     Y     -     P     K     E     L     R     K     C     C     E     D     G     M     R     Q     N     P     M     R     S     C     Q     R     R     T     R     F     I     S     L     G     E     A     C     K     K     V     F     L     D     C     C     N     Y     I     T     E     L     R     R     Q     -     -     -     -     -     -     -     -     -     -     
0.005 0.007 0.056 0.011 0.008 0.012 0.008 0.028 0.003 0.031 0.004 0.004 0.003 0.011 0.028 0.004 0.003 0.002 0.005 0.003 0.012 0.006 0.004 0.003 0.004 0.003 0.003 0.036 0.004 0.004 0.003 0.005 0.009 0.012 0.006 0.006 0.012 0.020 0.007 0.020 0.005 0.005 0.007 0.003 0.005 0.002 0.012 0.013 0.003 0.019 0.012 0.002 0.003 0.012 0.012 0.004 0.003 0.005 0.007 0.006 0.002 0.002 0.006 0.005 0.004 0.003 0.003 0.004 0.002 0.003 0.002 0.004 0.005 0.012 
>Sequence
Normalized_weight: 0.008
-     L     M     E     K     R     M     N     K     L     G     Q     Y     -     S     K     E     L     R     R     C     C     E     H     G     M     R     N     N     P     M     K     S     C     Q     R     R     A     Q     F     I     H     Q     G     N     A     C     V     K     A     F     L     N     C     C     E     Y     I     A     K     L     R     Q     Q     -     -     -     -     -     -     -     -     -     -     
0.005 0.007 0.019 0.011 0.008 0.012 0.008 0.028 0.003 0.006 0.004 0.004 0.003 0.011 0.006 0.004 0.003 0.002 0.005 0.007 0.012 0.006 0.004 0.015 0.004 0.003 0.003 0.014 0.004 0.004 0.003 0.031 0.009 0.012 0.006 0.006 0.012 0.003 0.008 0.020 0.005 0.024 0.007 0.003 0.017 0.002 0.012 0.003 0.003 0.004 0.012 0.002 0.042 0.012 0.012 0.005 0.003 0.005 0.010 0.003 0.002 0.002 0.009 0.005 0.004 0.003 0.003 0.004 0.002 0.003 0.002 0.004 0.005 0.012 
>Sequence
Normalized_weight: 0.009
-     L     Q     E     Q     M     V     S     I     K     S     S     Y     S     D     A     K     L     Q     E     C     C     S     H     G     L     S     L     I     P     M     R     T     C     Q     Q     R     A     E     R     V     A     R     A     N     K     C     V     K     A     F     L     D     C     C     I     E     G     E     K     L     R     E     K     K     -     -     -     -     -     -     -     -     -     
0.005 0.007 0.005 0.011 0.018 0.007 0.022 0.008 0.025 0.018 0.006 0.014 0.003 0.005 0.004 0.010 0.014 0.002 0.014 0.011 0.012 0.006 0.023 0.015 0.004 0.018 0.023 0.006 0.020 0.004 0.003 0.005 0.004 0.012 0.006 0.010 0.012 0.003 0.009 0.005 0.008 0.014 0.026 0.021 0.017 0.013 0.012 0.003 0.003 0.004 0.012 0.002 0.003 0.012 0.012 0.024 0.006 0.018 0.003 0.003 0.002 0.002 0.006 0.011 0.004 0.003 0.003 0.004 0.002 0.003 0.002 0.004 0.005 0.012 
>Sequence
Normalized_weight: 0.017
-     L     Q     R     Q     Y     A     G     K     L     N     E     Y     T     D     S     R     L     R     K     C     Y     T     D     G     L     T     K     I     L     M     H     S     C     E     E     R     T     S     R     V     K     E     L     -     D     C     R     L     V     F     Q     K     C     C     D     Y     G     V     E     L     R     K     N     Q     -     -     -     -     -     -     -     -     -     
0.005 0.007 0.005 0.025 0.018 0.056 0.013 0.042 0.003 0.006 0.031 0.011 0.003 0.005 0.004 0.017 0.036 0.002 0.005 0.003 0.012 0.250 0.030 0.003 0.004 0.018 0.008 0.014 0.020 0.025 0.003 0.018 0.009 0.012 0.003 0.013 0.012 0.020 0.050 0.005 0.008 0.012 0.009 0.031 0.042 0.017 0.012 0.007 0.045 0.019 0.012 0.022 0.014 0.012 0.012 0.036 0.003 0.018 0.028 0.006 0.002 0.002 0.005 0.007 0.007 0.003 0.003 0.004 0.002 0.003 0.002 0.004 0.005 0.012 
>Sequence
Normalized_weight: 0.013
-     I     Q     A     E     M     A     K     K     E     A     A     F     K     K     A     E     L     Q     K     C     C     R     H     G     F     T     L     I     P     M     K     T     C     E     E     R     A     K     R     V     T     E     S     K     E     C     V     K     V     F     Q     E     C     C     E     F     A     T     K     L     R     D     K     K     -     -     -     -     -     -     -     -     -     
0.005 0.100 0.005 0.062 0.025 0.007 0.013 0.008 0.003 0.062 0.007 0.050 0.020 0.003 0.042 0.010 0.003 0.002 0.014 0.003 0.012 0.006 0.018 0.015 0.004 0.031 0.008 0.006 0.020 0.004 0.003 0.031 0.004 0.012 0.003 0.013 0.012 0.003 0.009 0.005 0.008 0.005 0.009 0.025 0.008 0.004 0.012 0.003 0.003 0.019 0.012 0.022 0.006 0.012 0.012 0.005 0.008 0.005 0.007 0.003 0.002 0.002 0.014 0.011 0.004 0.003 0.003 0.004 0.002 0.003 0.002 0.004 0.005 0.012 
>Sequence
Normalized_weight: 0.016
-     L     L     K     L     L     E     E     K     A     G     P     W     R     N     T     V     M     W     R     C     C     R     D     G     A     T     A     L     P     I     R     T     C     Q     Q     R     G     Q     R     V     T     T     A     G     G     C     R     D     A     F     L     Q     C     C     E     V     A     Q     N     L     R     R     -     -     -     -     -     -     -     -     -     -     -     
0.005 0.007 0.037 0.006 0.042 0.037 0.006 0.004 0.003 0.003 0.004 0.050 0.100 0.026 0.012 0.014 0.006 0.023 0.083 0.007 0.012 0.006 0.018 0.003 0.004 0.010 0.008 0.071 0.020 0.004 0.071 0.005 0.004 0.012 0.006 0.010 0.012 0.071 0.008 0.005 0.008 0.005 0.038 0.021 0.021 0.013 0.012 0.007 0.008 0.004 0.012 0.002 0.021 0.012 0.012 0.005 0.030 0.005 0.042 0.015 0.002 0.002 0.006 0.011 0.004 0.003 0.003 0.004 0.002 0.003 0.002 0.004 0.005 0.012 
>Sequence
Normalized_weight: 0.012
-     -     -     -     -     -     -     -     -     -     -     -     Y     T     D     K     S     L     Q     E     C     C     A     K     G     F     S     L     I     P     M     R     T     C     E     E     R     A     Q     R     I     S     L     Q     S     P     C     V     E     V     F     L     H     C     C     R     K     G     E     H     L     R     K     Q     K     -     -     -     -     -     -     -     -     -     
0.005 0.005 0.003 0.004 0.004 0.004 0.003 0.004 0.007 0.025 0.062 0.050 0.003 0.005 0.004 0.004 0.036 0.002 0.014 0.011 0.012 0.006 0.023 0.083 0.004 0.031 0.023 0.006 0.020 0.004 0.003 0.005 0.004 0.012 0.003 0.013 0.012 0.003 0.008 0.005 0.005 0.005 0.007 0.011 0.042 0.033 0.012 0.003 0.006 0.019 0.012 0.002 0.012 0.012 0.012 0.009 0.015 0.018 0.003 0.026 0.002 0.002 0.005 0.005 0.004 0.003 0.003 0.004 0.002 0.003 0.002 0.004 0.005 0.012 
>Sequence
Normalized_weight: 0.016
-     L     Q     Q     E     M     N     R     L     K     S     G     Y     E     D     T     E     L     Q     L     C     C     A     Q     A     F     S     L     I     P     M     R     T     C     R     E     R     A     A     R     V     R     L     S     E     A     C     A     A     A     F     E     K     C     C     T     E     T     E     I     L     R     R     R     K     -     -     -     -     -     -     -     -     -     
0.005 0.007 0.005 0.014 0.025 0.007 0.008 0.021 0.008 0.018 0.006 0.050 0.003 0.038 0.004 0.014 0.003 0.002 0.014 0.062 0.012 0.006 0.023 0.083 0.111 0.031 0.023 0.006 0.020 0.004 0.003 0.005 0.004 0.012 0.062 0.013 0.012 0.003 0.005 0.005 0.008 0.024 0.007 0.025 0.005 0.002 0.012 0.020 0.013 0.004 0.012 0.056 0.014 0.012 0.012 0.008 0.006 0.062 0.003 0.038 0.002 0.002 0.006 0.033 0.004 0.003 0.003 0.004 0.002 0.003 0.002 0.004 0.005 0.012 
