>Sequence
Normalized_weight: 0.056
-     -     -     -     -     -     -     -     -     -     E     I     Q     L     M     H     N     L     G     K     H     L     N     S     M     E     R     V     E     W     L     R     K     K     L     Q     D     V     H     N     F     V     A     L     
0.042 0.062 0.062 0.042 0.042 0.062 0.062 0.042 0.062 0.062 0.062 0.062 0.042 0.056 0.042 0.062 0.042 0.050 0.042 0.062 0.062 0.062 0.125 0.062 0.083 0.031 0.042 0.067 0.067 0.025 0.083 0.042 0.042 0.062 0.042 0.042 0.042 0.042 0.062 0.062 0.062 0.048 0.067 0.062 
>Sequence
Normalized_weight: 0.134
A     V     S     E     H     Q     L     L     H     D     K     G     K     S     I     Q     D     L     R     R     R     -     -     -     -     F     F     L     H     H     L     I     A     -     E     I     H     T     A     -     -     -     -     -     
0.167 0.125 0.125 0.167 0.167 0.125 0.125 0.167 0.125 0.125 0.125 0.125 0.167 0.083 0.167 0.125 0.167 0.050 0.111 0.125 0.125 0.125 0.062 0.125 0.062 0.250 0.167 0.083 0.111 0.200 0.083 0.167 0.250 0.125 0.111 0.333 0.111 0.062 0.125 0.125 0.125 0.083 0.083 0.125 
>Sequence
Normalized_weight: 0.057
-     -     -     -     -     -     -     -     -     -     E     I     Q     F     M     H     N     L     G     K     H     L     S     S     M     E     R     V     E     W     L     R     K     K     L     Q     D     V     H     N     F     V     A     L     
0.042 0.062 0.062 0.042 0.042 0.062 0.062 0.042 0.062 0.062 0.062 0.062 0.042 0.167 0.042 0.062 0.042 0.050 0.042 0.062 0.062 0.062 0.083 0.062 0.083 0.031 0.042 0.067 0.067 0.025 0.083 0.042 0.042 0.062 0.042 0.042 0.042 0.042 0.062 0.062 0.062 0.048 0.067 0.062 
>Sequence
Normalized_weight: 0.059
-     -     -     -     -     -     -     -     -     -     E     I     Q     F     M     H     N     L     G     K     H     L     S     S     V     E     R     V     E     W     L     R     R     K     L     Q     D     V     H     N     F     V     A     L     
0.042 0.062 0.062 0.042 0.042 0.062 0.062 0.042 0.062 0.062 0.062 0.062 0.042 0.167 0.042 0.062 0.042 0.050 0.042 0.062 0.062 0.062 0.083 0.062 0.062 0.031 0.042 0.067 0.067 0.025 0.083 0.042 0.125 0.062 0.042 0.042 0.042 0.042 0.062 0.062 0.062 0.048 0.067 0.062 
>Sequence
Normalized_weight: 0.057
-     -     -     -     -     -     -     -     -     -     E     I     Q     L     M     H     N     L     G     K     H     L     A     S     V     E     R     M     Q     W     L     R     K     K     L     Q     D     V     H     N     F     V     S     L     
0.042 0.062 0.062 0.042 0.042 0.062 0.062 0.042 0.062 0.062 0.062 0.062 0.042 0.056 0.042 0.062 0.042 0.050 0.042 0.062 0.062 0.062 0.083 0.062 0.062 0.031 0.042 0.111 0.083 0.025 0.083 0.042 0.042 0.062 0.042 0.042 0.042 0.042 0.062 0.062 0.062 0.048 0.111 0.062 
>Sequence
Normalized_weight: 0.059
-     -     -     -     -     -     -     -     -     -     E     I     Q     L     M     H     N     L     G     K     H     L     S     S     L     E     R     V     E     W     L     R     K     K     L     Q     D     V     H     N     F     V     A     L     
0.042 0.062 0.062 0.042 0.042 0.062 0.062 0.042 0.062 0.062 0.062 0.062 0.042 0.056 0.042 0.062 0.042 0.050 0.042 0.062 0.062 0.062 0.083 0.062 0.250 0.031 0.042 0.067 0.067 0.025 0.083 0.042 0.042 0.062 0.042 0.042 0.042 0.042 0.062 0.062 0.062 0.048 0.067 0.062 
>Sequence
Normalized_weight: 0.064
-     -     -     -     -     -     -     -     -     -     E     I     Q     L     M     H     N     L     G     K     H     L     A     S     M     E     R     M     Q     W     L     R     R     K     L     Q     D     M     H     N     F     V     S     L     
0.042 0.062 0.062 0.042 0.042 0.062 0.062 0.042 0.062 0.062 0.062 0.062 0.042 0.056 0.042 0.062 0.042 0.050 0.042 0.062 0.062 0.062 0.083 0.062 0.083 0.031 0.042 0.111 0.083 0.025 0.083 0.042 0.125 0.062 0.042 0.042 0.042 0.250 0.062 0.062 0.062 0.048 0.111 0.062 
>Sequence
Normalized_weight: 0.062
-     -     -     -     -     -     -     -     -     -     E     I     Q     L     M     H     N     L     G     K     H     L     N     S     V     E     R     V     E     W     L     R     K     K     L     Q     D     V     H     N     F     I     A     L     
0.042 0.062 0.062 0.042 0.042 0.062 0.062 0.042 0.062 0.062 0.062 0.062 0.042 0.056 0.042 0.062 0.042 0.050 0.042 0.062 0.062 0.062 0.125 0.062 0.062 0.031 0.042 0.067 0.067 0.025 0.083 0.042 0.042 0.062 0.042 0.042 0.042 0.042 0.062 0.062 0.062 0.333 0.067 0.062 
>Sequence
Normalized_weight: 0.061
-     -     -     -     -     -     -     -     -     -     E     I     Q     L     M     H     N     L     G     K     H     L     A     S     V     E     R     M     Q     W     L     R     K     K     L     Q     D     G     H     N     F     V     S     L     
0.042 0.062 0.062 0.042 0.042 0.062 0.062 0.042 0.062 0.062 0.062 0.062 0.042 0.056 0.042 0.062 0.042 0.050 0.042 0.062 0.062 0.062 0.083 0.062 0.062 0.031 0.042 0.111 0.083 0.025 0.083 0.042 0.042 0.062 0.042 0.042 0.042 0.250 0.062 0.062 0.062 0.048 0.111 0.062 
>Sequence
Normalized_weight: 0.134
A     V     S     E     H     Q     L     L     H     D     K     G     K     S     I     Q     D     L     R     R     R     -     -     -     -     I     F     L     Q     N     L     I     E     -     G     V     N     T     A     -     -     -     -     -     
0.167 0.125 0.125 0.167 0.167 0.125 0.125 0.167 0.125 0.125 0.125 0.125 0.167 0.083 0.167 0.125 0.167 0.050 0.111 0.125 0.125 0.125 0.062 0.125 0.062 0.250 0.167 0.083 0.083 0.200 0.083 0.167 0.083 0.125 0.333 0.111 0.333 0.062 0.125 0.125 0.125 0.083 0.083 0.125 
>Sequence
Normalized_weight: 0.127
S     V     S     H     A     Q     L     M     H     D     K     G     R     S     L     Q     E     F     R     R     R     -     -     -     -     M     W     L     H     K     L     L     E     -     E     V     H     T     A     -     -     -     -     -     
0.167 0.125 0.125 0.167 0.167 0.125 0.125 0.167 0.125 0.125 0.125 0.125 0.167 0.083 0.167 0.125 0.167 0.250 0.111 0.125 0.125 0.125 0.062 0.125 0.062 0.125 0.167 0.083 0.111 0.200 0.083 0.167 0.083 0.125 0.111 0.111 0.111 0.062 0.125 0.125 0.125 0.083 0.083 0.125 
>Sequence
Normalized_weight: 0.132
S     V     S     H     A     Q     L     M     H     D     K     G     R     S     L     Q     E     F     K     R     R     -     -     -     -     M     W     L     H     E     L     L     E     -     E     V     H     T     A     -     -     -     -     -     
0.167 0.125 0.125 0.167 0.167 0.125 0.125 0.167 0.125 0.125 0.125 0.125 0.167 0.083 0.167 0.125 0.167 0.250 0.333 0.125 0.125 0.125 0.062 0.125 0.062 0.125 0.167 0.083 0.111 0.200 0.083 0.167 0.083 0.125 0.111 0.111 0.111 0.062 0.125 0.125 0.125 0.083 0.083 0.125 
