>Sequence
Normalized_weight: 0.004
Q     K     Q     M     L     G     E     R     L     F     P     L     I     Q     A     M     H     P     T     L     A     G     K     I     T     G     M     L     L     E     I     D     N     S     E     L     L     H     M     L     E     S     P     E     S     L     R     S     K     V     D     E     A     V     A     V     L     Q     A     H     Q     
0.003 0.003 0.002 0.003 0.004 0.007 0.005 0.002 0.005 0.006 0.002 0.002 0.008 0.003 0.004 0.003 0.003 0.002 0.008 0.002 0.004 0.003 0.014 0.006 0.007 0.005 0.007 0.003 0.007 0.004 0.008 0.002 0.003 0.003 0.004 0.004 0.002 0.002 0.006 0.002 0.002 0.003 0.002 0.002 0.003 0.003 0.005 0.003 0.003 0.002 0.004 0.007 0.005 0.004 0.003 0.003 0.004 0.004 0.004 0.004 0.009 
>Sequence
Normalized_weight: 0.017
H     R     Q     A     L     G     E     R     L     Y     P     R     V     Q     A     M     Q     P     A     F     A     S     K     I     T     G     M     L     L     E     L     S     P     A     Q     L     L     L     L     L     A     S     E     D     S     L     R     A     R     V     D     E     A     M     E     L     I     I     A     H     G     
0.067 0.006 0.002 0.019 0.004 0.007 0.005 0.002 0.005 0.005 0.002 0.045 0.010 0.003 0.004 0.003 0.010 0.002 0.013 0.023 0.004 0.071 0.014 0.006 0.007 0.005 0.007 0.003 0.007 0.004 0.036 0.042 0.018 0.011 0.042 0.004 0.002 0.014 0.005 0.002 0.023 0.003 0.017 0.011 0.003 0.003 0.005 0.004 0.019 0.002 0.004 0.007 0.005 0.006 0.007 0.056 0.062 0.100 0.004 0.004 0.125 
>Sequence
Normalized_weight: 0.006
Q     K     Q     L     L     G     E     R     L     Y     P     L     I     Q     I     L     H     P     A     L     A     G     K     I     T     G     M     L     L     E     I     D     N     S     E     L     L     H     M     L     E     S     P     E     S     L     H     A     K     V     E     E     A     V     A     V     L     Q     A     H     Q     
0.003 0.003 0.002 0.009 0.004 0.007 0.005 0.002 0.005 0.005 0.002 0.002 0.008 0.003 0.071 0.004 0.003 0.002 0.013 0.002 0.004 0.003 0.014 0.006 0.007 0.005 0.007 0.003 0.007 0.004 0.008 0.002 0.003 0.003 0.004 0.004 0.002 0.002 0.006 0.002 0.002 0.003 0.002 0.002 0.003 0.003 0.009 0.004 0.003 0.002 0.007 0.007 0.005 0.004 0.003 0.003 0.004 0.004 0.004 0.004 0.009 
>Sequence
Normalized_weight: 0.005
Q     K     Q     M     L     G     E     R     L     F     P     L     I     Q     A     M     H     P     S     L     A     G     K     I     T     G     M     L     L     E     I     D     N     S     E     L     L     H     M     L     E     S     H     E     S     L     R     S     K     V     E     E     A     V     A     V     L     Q     A     H     Q     
0.003 0.003 0.002 0.003 0.004 0.007 0.005 0.002 0.005 0.006 0.002 0.002 0.008 0.003 0.004 0.003 0.003 0.002 0.015 0.002 0.004 0.003 0.014 0.006 0.007 0.005 0.007 0.003 0.007 0.004 0.008 0.002 0.003 0.003 0.004 0.004 0.002 0.002 0.006 0.002 0.002 0.003 0.017 0.002 0.003 0.003 0.005 0.003 0.003 0.002 0.007 0.007 0.005 0.004 0.003 0.003 0.004 0.004 0.004 0.004 0.009 
>Sequence
Normalized_weight: 0.004
Q     K     Q     M     L     G     E     R     L     F     P     L     I     Q     T     M     H     S     N     L     A     G     K     I     T     G     M     L     L     E     I     D     N     S     E     L     L     H     M     L     E     S     P     E     S     L     R     S     K     V     D     E     A     V     A     V     L     Q     A     H     -     
0.003 0.003 0.002 0.003 0.004 0.007 0.005 0.002 0.005 0.006 0.002 0.002 0.008 0.003 0.009 0.003 0.003 0.013 0.006 0.002 0.004 0.003 0.014 0.006 0.007 0.005 0.007 0.003 0.007 0.004 0.008 0.002 0.003 0.003 0.004 0.004 0.002 0.002 0.006 0.002 0.002 0.003 0.002 0.002 0.003 0.003 0.005 0.003 0.003 0.002 0.004 0.007 0.005 0.004 0.003 0.003 0.004 0.004 0.004 0.004 0.006 
>Sequence
Normalized_weight: 0.005
Q     K     Q     M     L     G     E     R     L     F     P     L     I     Q     A     M     H     A     N     L     A     G     K     I     T     G     M     L     L     E     I     D     N     S     E     L     L     H     M     L     E     S     H     E     S     L     R     S     K     V     E     E     A     V     A     V     L     Q     A     H     Q     
0.003 0.003 0.002 0.003 0.004 0.007 0.005 0.002 0.005 0.006 0.002 0.002 0.008 0.003 0.004 0.003 0.003 0.014 0.006 0.002 0.004 0.003 0.014 0.006 0.007 0.005 0.007 0.003 0.007 0.004 0.008 0.002 0.003 0.003 0.004 0.004 0.002 0.002 0.006 0.002 0.002 0.003 0.017 0.002 0.003 0.003 0.005 0.003 0.003 0.002 0.007 0.007 0.005 0.004 0.003 0.003 0.004 0.004 0.004 0.004 0.009 
>Sequence
Normalized_weight: 0.007
Q     K     Q     M     L     G     E     R     I     Y     P     V     I     H     E     M     H     P     T     L     A     G     K     I     T     G     M     L     L     E     I     D     N     S     E     L     L     H     M     L     E     S     P     E     S     L     H     S     K     V     E     E     A     V     A     V     L     Q     A     H     Q     
0.003 0.003 0.002 0.003 0.004 0.007 0.005 0.002 0.042 0.005 0.002 0.091 0.008 0.018 0.012 0.003 0.003 0.002 0.008 0.002 0.004 0.003 0.014 0.006 0.007 0.005 0.007 0.003 0.007 0.004 0.008 0.002 0.003 0.003 0.004 0.004 0.002 0.002 0.006 0.002 0.002 0.003 0.002 0.002 0.003 0.003 0.009 0.003 0.003 0.002 0.007 0.007 0.005 0.004 0.003 0.003 0.004 0.004 0.004 0.004 0.009 
>Sequence
Normalized_weight: 0.009
Q     K     Q     M     L     G     E     R     L     F     P     L     I     Q     A     M     H     P     T     L     A     G     K     I     T     G     M     L     L     E     I     D     N     S     E     P     L     H     M     L     D     S     P     E     S     L     C     S     R     A     Q     E     A     V     S     A     L     Q     A     H     Q     
0.003 0.003 0.002 0.003 0.004 0.007 0.005 0.002 0.005 0.006 0.002 0.002 0.008 0.003 0.004 0.003 0.003 0.002 0.008 0.002 0.004 0.003 0.014 0.006 0.007 0.005 0.007 0.003 0.007 0.004 0.008 0.002 0.003 0.003 0.004 0.083 0.002 0.002 0.006 0.002 0.015 0.003 0.002 0.002 0.003 0.003 0.019 0.003 0.019 0.048 0.015 0.007 0.005 0.004 0.025 0.083 0.004 0.004 0.004 0.004 0.009 
>Sequence
Normalized_weight: 0.005
Q     K     Q     M     L     G     E     R     L     F     P     L     I     H     G     M     Y     P     T     L     A     G     K     I     T     G     M     L     L     E     I     D     N     S     E     L     L     H     M     L     E     S     P     E     S     L     R     A     K     V     E     E     A     V     A     V     L     Q     A     H     -     
0.003 0.003 0.002 0.003 0.004 0.007 0.005 0.002 0.005 0.006 0.002 0.002 0.008 0.018 0.036 0.003 0.023 0.002 0.008 0.002 0.004 0.003 0.014 0.006 0.007 0.005 0.007 0.003 0.007 0.004 0.008 0.002 0.003 0.003 0.004 0.004 0.002 0.002 0.006 0.002 0.002 0.003 0.002 0.002 0.003 0.003 0.005 0.004 0.003 0.002 0.007 0.007 0.005 0.004 0.003 0.003 0.004 0.004 0.004 0.004 0.006 
>Sequence
Normalized_weight: 0.006
Q     K     Q     M     L     G     E     R     L     F     P     L     I     Q     T     M     H     S     N     L     A     G     K     I     T     G     M     L     L     E     I     G     N     S     E     L     L     H     M     L     E     S     P     E     S     L     H     S     K     V     D     E     A     V     A     V     L     Q     E     H     -     
0.003 0.003 0.002 0.003 0.004 0.007 0.005 0.002 0.005 0.006 0.002 0.002 0.008 0.003 0.009 0.003 0.003 0.013 0.006 0.002 0.004 0.003 0.014 0.006 0.007 0.005 0.007 0.003 0.007 0.004 0.008 0.031 0.003 0.003 0.004 0.004 0.002 0.002 0.006 0.002 0.002 0.003 0.002 0.002 0.003 0.003 0.009 0.003 0.003 0.002 0.004 0.007 0.005 0.004 0.003 0.003 0.004 0.004 0.050 0.004 0.006 
>Sequence
Normalized_weight: 0.012
Q     K     Q     M     L     G     E     W     L     F     S     L     I     Q     A     M     H     P     A     L     A     G     K     I     T     G     M     L     L     E     I     D     N     I     E     L     R     H     M     L     E     S     P     E     C     L     H     T     K     V     D     E     A     I     A     V     L     Q     A     H     Q     
0.003 0.003 0.002 0.003 0.004 0.007 0.005 0.030 0.005 0.006 0.056 0.002 0.008 0.003 0.004 0.003 0.003 0.002 0.013 0.002 0.004 0.003 0.014 0.006 0.007 0.005 0.007 0.003 0.007 0.004 0.008 0.002 0.003 0.091 0.004 0.004 0.143 0.002 0.006 0.002 0.002 0.003 0.002 0.002 0.077 0.003 0.009 0.045 0.003 0.002 0.004 0.007 0.005 0.025 0.003 0.003 0.004 0.004 0.004 0.004 0.009 
>Sequence
Normalized_weight: 0.008
Q     K     Q     M     I     G     E     R     L     Y     P     L     I     H     D     V     H     T     Q     L     A     G     K     I     T     G     M     L     L     E     I     D     N     S     E     L     L     L     M     L     E     S     P     E     S     L     H     A     K     I     D     E     A     V     A     V     L     Q     A     H     Q     
0.003 0.003 0.002 0.003 0.031 0.007 0.005 0.002 0.005 0.005 0.002 0.002 0.008 0.018 0.036 0.018 0.003 0.100 0.030 0.002 0.004 0.003 0.014 0.006 0.007 0.005 0.007 0.003 0.007 0.004 0.008 0.002 0.003 0.003 0.004 0.004 0.002 0.014 0.006 0.002 0.002 0.003 0.002 0.002 0.003 0.003 0.009 0.004 0.003 0.024 0.004 0.007 0.005 0.004 0.003 0.003 0.004 0.004 0.004 0.004 0.009 
>Sequence
Normalized_weight: 0.009
Q     K     Q     M     L     G     E     H     L     F     P     L     I     R     T     M     H     S     N     L     A     V     K     I     T     G     M     L     L     E     I     D     N     S     E     L     L     H     M     L     E     S     P     E     S     L     C     S     K     V     D     E     A     V     A     V     L     Q     V     H     -     
0.003 0.003 0.002 0.003 0.004 0.007 0.005 0.045 0.005 0.006 0.002 0.002 0.008 0.091 0.009 0.003 0.003 0.013 0.006 0.002 0.004 0.143 0.014 0.006 0.007 0.005 0.007 0.003 0.007 0.004 0.008 0.002 0.003 0.003 0.004 0.004 0.002 0.002 0.006 0.002 0.002 0.003 0.002 0.002 0.003 0.003 0.019 0.003 0.003 0.002 0.004 0.007 0.005 0.004 0.003 0.003 0.004 0.004 0.033 0.004 0.006 
>Sequence
Normalized_weight: 0.008
Q     K     Q     M     L     G     E     W     L     F     P     L     I     Q     V     L     H     P     S     P     A     G     K     I     T     G     M     L     L     E     I     D     N     S     E     L     L     H     M     L     A     S     P     E     S     L     H     S     K     V     D     E     A     V     A     L     L     Q     A     H     Q     
0.003 0.003 0.002 0.003 0.004 0.007 0.005 0.030 0.005 0.006 0.002 0.002 0.008 0.003 0.036 0.004 0.003 0.002 0.015 0.091 0.004 0.003 0.014 0.006 0.007 0.005 0.007 0.003 0.007 0.004 0.008 0.002 0.003 0.003 0.004 0.004 0.002 0.002 0.006 0.002 0.023 0.003 0.002 0.002 0.003 0.003 0.009 0.003 0.003 0.002 0.004 0.007 0.005 0.004 0.003 0.056 0.004 0.004 0.004 0.004 0.009 
>Sequence
Normalized_weight: 0.009
Q     K     Q     M     L     G     E     R     L     F     P     L     I     E     L     M     Y     P     N     L     A     G     K     I     T     G     M     L     L     E     I     D     N     S     E     L     L     H     M     L     E     H     K     E     S     L     N     A     K     A     E     E     A     V     A     V     L     Q     A     H     Q     
0.003 0.003 0.002 0.003 0.004 0.007 0.005 0.002 0.005 0.006 0.002 0.002 0.008 0.005 0.036 0.003 0.023 0.002 0.006 0.002 0.004 0.003 0.014 0.006 0.007 0.005 0.007 0.003 0.007 0.004 0.008 0.002 0.003 0.003 0.004 0.004 0.002 0.002 0.006 0.002 0.002 0.125 0.042 0.002 0.003 0.003 0.019 0.004 0.003 0.048 0.007 0.007 0.005 0.004 0.003 0.003 0.004 0.004 0.004 0.004 0.009 
>Sequence
Normalized_weight: 0.009
Q     K     Q     I     L     G     E     R     L     Y     P     M     I     E     H     M     H     A     N     L     A     G     K     I     T     G     M     L     L     E     I     E     N     S     E     L     L     H     M     I     E     D     Q     E     A     L     K     A     K     V     E     E     A     V     A     V     L     Q     V     H     R     
0.003 0.003 0.002 0.019 0.004 0.007 0.005 0.002 0.005 0.005 0.002 0.030 0.008 0.005 0.036 0.003 0.003 0.014 0.006 0.002 0.004 0.003 0.014 0.006 0.007 0.005 0.007 0.003 0.007 0.004 0.008 0.042 0.003 0.003 0.004 0.004 0.002 0.002 0.006 0.020 0.002 0.011 0.021 0.002 0.003 0.003 0.004 0.004 0.003 0.002 0.007 0.007 0.005 0.004 0.003 0.003 0.004 0.004 0.033 0.004 0.125 
>Sequence
Normalized_weight: 0.010
Q     K     Q     M     L     G     E     R     L     S     L     L     I     Q     T     M     H     S     N     L     A     G     K     I     T     G     M     L     L     E     I     D     N     S     E     L     L     H     M     Q     E     S     P     E     S     L     R     S     K     V     D     E     A     V     A     V     L     Q     A     H     -     
0.003 0.003 0.002 0.003 0.004 0.007 0.005 0.002 0.005 0.200 0.037 0.002 0.008 0.003 0.009 0.003 0.003 0.013 0.006 0.002 0.004 0.003 0.014 0.006 0.007 0.005 0.007 0.003 0.007 0.004 0.008 0.002 0.003 0.003 0.004 0.004 0.002 0.002 0.006 0.143 0.002 0.003 0.002 0.002 0.003 0.003 0.005 0.003 0.003 0.002 0.004 0.007 0.005 0.004 0.003 0.003 0.004 0.004 0.004 0.004 0.006 
>Sequence
Normalized_weight: 0.016
-     K     Q     M     L     G     E     R     L     F     P     L     I     Q     A     M     H     P     T     L     A     G     K     I     T     G     M     L     L     D     I     D     N     S     E     P     L     R     M     L     E     S     P     V     S     R     C     S     R     A     E     E     A     V     A     T     L     Q     A     H     Q     
0.022 0.003 0.002 0.003 0.004 0.007 0.005 0.002 0.005 0.006 0.002 0.002 0.008 0.003 0.004 0.003 0.003 0.002 0.008 0.002 0.004 0.003 0.014 0.006 0.007 0.005 0.007 0.003 0.007 0.083 0.008 0.002 0.003 0.003 0.004 0.083 0.002 0.071 0.006 0.002 0.002 0.003 0.002 0.050 0.003 0.200 0.019 0.003 0.019 0.048 0.007 0.007 0.005 0.004 0.003 0.167 0.004 0.004 0.004 0.004 0.009 
>Sequence
Normalized_weight: 0.024
Q     K     Q     M     L     G     E     A     L     F     P     L     I     Q     A     V     H     P     S     L     A     G     K     -     -     -     M     L     L     E     I     D     N     S     E     L     L     H     M     L     E     S     P     E     S     L     H     S     K     V     D     E     A     V     A     V     L     R     A     H     Q     
0.003 0.003 0.002 0.003 0.004 0.007 0.005 0.018 0.005 0.006 0.002 0.002 0.008 0.003 0.004 0.018 0.003 0.002 0.015 0.002 0.004 0.003 0.014 0.333 0.500 0.333 0.007 0.003 0.007 0.004 0.008 0.002 0.003 0.003 0.004 0.004 0.002 0.002 0.006 0.002 0.002 0.003 0.002 0.002 0.003 0.003 0.009 0.003 0.003 0.002 0.004 0.007 0.005 0.004 0.003 0.003 0.004 0.007 0.004 0.004 0.009 
>Sequence
Normalized_weight: 0.009
Q     K     Q     M     L     G     E     R     L     F     P     L     I     Q     A     M     Q     P     S     L     T     G     K     V     T     G     M     L     L     E     I     D     N     P     E     L     L     H     M     L     E     S     P     E     S     L     F     S     K     V     N     E     A     V     A     V     L     Q     A     R     Q     
0.003 0.003 0.002 0.003 0.004 0.007 0.005 0.002 0.005 0.006 0.002 0.002 0.008 0.003 0.004 0.003 0.010 0.002 0.015 0.002 0.062 0.003 0.014 0.017 0.007 0.005 0.007 0.003 0.007 0.004 0.008 0.002 0.003 0.023 0.004 0.004 0.002 0.002 0.006 0.002 0.002 0.003 0.002 0.002 0.003 0.003 0.077 0.003 0.003 0.002 0.015 0.007 0.005 0.004 0.003 0.003 0.004 0.004 0.004 0.143 0.009 
>Sequence
Normalized_weight: 0.013
Q     K     Q     M     L     G     E     W     L     F     P     L     I     Q     A     M     H     P     T     L     A     G     K     I     T     G     V     L     L     E     I     D     N     S     E     L     L     H     M     L     K     S     P     E     S     L     H     S     K     V     D     E     A     V     A     V     L     Q     A     H     Q     
0.003 0.003 0.002 0.003 0.004 0.007 0.005 0.030 0.005 0.006 0.002 0.002 0.008 0.003 0.004 0.003 0.003 0.002 0.008 0.002 0.004 0.003 0.014 0.006 0.007 0.005 0.500 0.003 0.007 0.004 0.008 0.002 0.003 0.003 0.004 0.004 0.002 0.002 0.006 0.002 0.045 0.003 0.002 0.002 0.003 0.003 0.009 0.003 0.003 0.002 0.004 0.007 0.005 0.004 0.003 0.003 0.004 0.004 0.004 0.004 0.009 
>Sequence
Normalized_weight: 0.006
Q     R     T     M     L     G     E     N     L     Y     P     L     V     E     Q     L     E     P     D     N     A     A     K     V     T     G     M     L     L     E     M     D     Q     T     E     V     L     H     L     L     E     S     P     E     A     L     K     A     K     V     A     E     A     M     E     V     L     R     S     -     -     
0.003 0.006 0.011 0.003 0.004 0.007 0.005 0.010 0.005 0.005 0.002 0.002 0.010 0.005 0.005 0.004 0.005 0.002 0.009 0.023 0.004 0.008 0.014 0.017 0.007 0.005 0.007 0.003 0.007 0.004 0.007 0.002 0.007 0.006 0.004 0.009 0.002 0.002 0.005 0.002 0.002 0.003 0.002 0.002 0.003 0.003 0.004 0.004 0.003 0.002 0.008 0.007 0.005 0.006 0.007 0.003 0.004 0.007 0.011 0.005 0.006 
>Sequence
Normalized_weight: 0.007
Q     R     M     M     L     G     E     N     L     Y     P     L     V     D     Q     L     E     H     D     Q     A     A     K     V     T     G     M     L     L     E     M     D     Q     T     E     V     L     H     L     L     E     S     P     D     A     L     K     A     K     V     A     E     A     M     E     V     L     R     S     A     Q     
0.003 0.006 0.030 0.003 0.004 0.007 0.005 0.010 0.005 0.005 0.002 0.002 0.010 0.013 0.005 0.004 0.005 0.017 0.009 0.030 0.004 0.008 0.014 0.017 0.007 0.005 0.007 0.003 0.007 0.004 0.007 0.002 0.007 0.006 0.004 0.009 0.002 0.002 0.005 0.002 0.002 0.003 0.002 0.011 0.003 0.003 0.004 0.004 0.003 0.002 0.008 0.007 0.005 0.006 0.007 0.003 0.004 0.007 0.011 0.018 0.009 
>Sequence
Normalized_weight: 0.006
Q     R     T     M     L     G     E     N     L     Y     P     L     V     E     Q     L     E     P     E     S     A     A     K     V     T     G     M     L     L     E     M     D     Q     T     E     V     L     H     L     L     E     S     P     E     A     L     K     A     K     V     T     E     A     M     D     V     L     R     S     -     -     
0.003 0.006 0.011 0.003 0.004 0.007 0.005 0.010 0.005 0.005 0.002 0.002 0.010 0.005 0.005 0.004 0.005 0.002 0.006 0.045 0.004 0.008 0.014 0.017 0.007 0.005 0.007 0.003 0.007 0.004 0.007 0.002 0.007 0.006 0.004 0.009 0.002 0.002 0.005 0.002 0.002 0.003 0.002 0.002 0.003 0.003 0.004 0.004 0.003 0.002 0.030 0.007 0.005 0.006 0.010 0.003 0.004 0.007 0.011 0.005 0.006 
>Sequence
Normalized_weight: 0.007
Q     R     T     M     L     G     E     N     L     Y     P     L     V     E     Q     L     E     P     E     T     A     A     K     V     T     G     M     L     L     E     M     D     Q     T     E     V     L     H     L     L     E     S     P     E     A     L     K     A     K     V     A     E     A     M     E     V     L     R     -     -     -     
0.003 0.006 0.011 0.003 0.004 0.007 0.005 0.010 0.005 0.005 0.002 0.002 0.010 0.005 0.005 0.004 0.005 0.002 0.006 0.091 0.004 0.008 0.014 0.017 0.007 0.005 0.007 0.003 0.007 0.004 0.007 0.002 0.007 0.006 0.004 0.009 0.002 0.002 0.005 0.002 0.002 0.003 0.002 0.002 0.003 0.003 0.004 0.004 0.003 0.002 0.008 0.007 0.005 0.006 0.007 0.003 0.004 0.007 0.004 0.005 0.006 
>Sequence
Normalized_weight: 0.008
Q     R     V     M     L     G     E     Q     L     Y     P     L     V     D     R     L     E     H     D     H     A     G     K     V     T     G     M     L     L     E     M     D     Q     T     E     V     L     H     L     I     E     S     P     E     A     L     K     A     K     V     A     E     A     M     D     V     L     Q     M     A     Q     
0.003 0.006 0.045 0.003 0.004 0.007 0.005 0.018 0.005 0.005 0.002 0.002 0.010 0.013 0.010 0.004 0.005 0.017 0.009 0.008 0.004 0.003 0.014 0.017 0.007 0.005 0.007 0.003 0.007 0.004 0.007 0.002 0.007 0.006 0.004 0.009 0.002 0.002 0.005 0.020 0.002 0.003 0.002 0.002 0.003 0.003 0.004 0.004 0.003 0.002 0.008 0.007 0.005 0.006 0.010 0.003 0.004 0.004 0.050 0.018 0.009 
>Sequence
Normalized_weight: 0.008
Q     R     T     M     L     G     E     V     L     Y     P     L     V     E     Q     V     E     A     E     S     A     A     K     V     T     G     M     L     L     E     M     D     Q     T     E     V     L     H     L     L     E     S     P     E     A     L     K     A     K     V     A     E     A     M     D     V     L     R     S     -     -     
0.003 0.006 0.011 0.003 0.004 0.007 0.005 0.091 0.005 0.005 0.002 0.002 0.010 0.005 0.005 0.018 0.005 0.014 0.006 0.045 0.004 0.008 0.014 0.017 0.007 0.005 0.007 0.003 0.007 0.004 0.007 0.002 0.007 0.006 0.004 0.009 0.002 0.002 0.005 0.002 0.002 0.003 0.002 0.002 0.003 0.003 0.004 0.004 0.003 0.002 0.008 0.007 0.005 0.006 0.010 0.003 0.004 0.007 0.011 0.005 0.006 
>Sequence
Normalized_weight: 0.006
Q     R     T     M     L     G     E     N     L     Y     P     L     V     D     Q     L     E     H     D     H     A     A     K     V     T     G     M     L     L     E     M     D     Q     T     E     V     L     H     L     L     E     S     P     D     A     L     K     A     K     V     A     E     A     M     D     V     L     R     -     -     -     
0.003 0.006 0.011 0.003 0.004 0.007 0.005 0.010 0.005 0.005 0.002 0.002 0.010 0.013 0.005 0.004 0.005 0.017 0.009 0.008 0.004 0.008 0.014 0.017 0.007 0.005 0.007 0.003 0.007 0.004 0.007 0.002 0.007 0.006 0.004 0.009 0.002 0.002 0.005 0.002 0.002 0.003 0.002 0.011 0.003 0.003 0.004 0.004 0.003 0.002 0.008 0.007 0.005 0.006 0.010 0.003 0.004 0.007 0.004 0.005 0.006 
>Sequence
Normalized_weight: 0.008
Q     R     L     M     L     G     E     S     L     Y     P     L     V     D     Q     L     E     H     D     Q     A     A     K     V     T     G     M     L     L     E     M     D     Q     T     E     V     L     H     L     I     E     S     P     D     A     L     K     A     K     V     A     E     A     M     E     V     L     R     N     A     Q     
0.003 0.006 0.045 0.003 0.004 0.007 0.005 0.023 0.005 0.005 0.002 0.002 0.010 0.013 0.005 0.004 0.005 0.017 0.009 0.030 0.004 0.008 0.014 0.017 0.007 0.005 0.007 0.003 0.007 0.004 0.007 0.002 0.007 0.006 0.004 0.009 0.002 0.002 0.005 0.020 0.002 0.003 0.002 0.011 0.003 0.003 0.004 0.004 0.003 0.002 0.008 0.007 0.005 0.006 0.007 0.003 0.004 0.007 0.050 0.018 0.009 
>Sequence
Normalized_weight: 0.007
Q     K     Q     M     L     G     E     R     L     F     P     L     I     Q     A     M     H     L     T     L     A     G     K     I     T     G     M     L     L     E     I     G     N     S     E     L     L     H     M     L     E     S     P     E     S     L     R     S     K     V     N     E     T     V     A     V     L     Q     A     H     Q     
0.003 0.003 0.002 0.003 0.004 0.007 0.005 0.002 0.005 0.006 0.002 0.002 0.008 0.003 0.004 0.003 0.003 0.050 0.008 0.002 0.004 0.003 0.014 0.006 0.007 0.005 0.007 0.003 0.007 0.004 0.008 0.031 0.003 0.003 0.004 0.004 0.002 0.002 0.006 0.002 0.002 0.003 0.002 0.002 0.003 0.003 0.005 0.003 0.003 0.002 0.015 0.007 0.111 0.004 0.003 0.003 0.004 0.004 0.004 0.004 0.009 
>Sequence
Normalized_weight: 0.011
Q     K     M     M     I     G     E     R     L     Y     P     Q     V     A     E     L     Q     P     D     L     A     G     K     I     T     G     M     L     L     E     M     D     N     A     E     L     L     M     L     L     E     S     H     E     A     L     V     S     K     V     D     E     A     I     A     V     L     K     Q     H     -     
0.003 0.003 0.030 0.003 0.031 0.007 0.005 0.002 0.005 0.005 0.002 0.091 0.010 0.023 0.012 0.004 0.010 0.002 0.009 0.002 0.004 0.003 0.014 0.006 0.007 0.005 0.007 0.003 0.007 0.004 0.007 0.002 0.003 0.011 0.004 0.004 0.002 0.014 0.005 0.002 0.002 0.003 0.017 0.002 0.003 0.003 0.077 0.003 0.003 0.002 0.004 0.007 0.005 0.025 0.003 0.003 0.004 0.017 0.100 0.004 0.006 
>Sequence
Normalized_weight: 0.007
Q     R     T     L     L     G     E     S     L     Y     P     L     V     D     Q     I     E     S     E     H     A     A     K     V     T     G     M     L     L     E     M     D     Q     T     E     V     L     H     L     L     E     S     P     E     A     L     N     A     K     V     S     E     A     L     D     V     L     R     -     -     -     
0.003 0.006 0.011 0.009 0.004 0.007 0.005 0.023 0.005 0.005 0.002 0.002 0.010 0.013 0.005 0.009 0.005 0.013 0.006 0.008 0.004 0.008 0.014 0.017 0.007 0.005 0.007 0.003 0.007 0.004 0.007 0.002 0.007 0.006 0.004 0.009 0.002 0.002 0.005 0.002 0.002 0.003 0.002 0.002 0.003 0.003 0.019 0.004 0.003 0.002 0.030 0.007 0.005 0.008 0.010 0.003 0.004 0.007 0.004 0.005 0.006 
>Sequence
Normalized_weight: 0.009
Q     R     T     M     L     G     E     S     L     Y     P     L     V     D     Q     L     E     H     E     H     A     A     K     V     T     G     M     L     L     E     M     D     Q     T     E     V     L     H     L     L     E     S     P     E     A     L     K     A     K     V     A     E     A     M     E     V     L     R     N     V     Q     
0.003 0.006 0.011 0.003 0.004 0.007 0.005 0.023 0.005 0.005 0.002 0.002 0.010 0.013 0.005 0.004 0.005 0.017 0.006 0.008 0.004 0.008 0.014 0.017 0.007 0.005 0.007 0.003 0.007 0.004 0.007 0.002 0.007 0.006 0.004 0.009 0.002 0.002 0.005 0.002 0.002 0.003 0.002 0.002 0.003 0.003 0.004 0.004 0.003 0.002 0.008 0.007 0.005 0.006 0.007 0.003 0.004 0.007 0.050 0.143 0.009 
>Sequence
Normalized_weight: 0.007
Q     R     T     I     L     G     E     S     L     Y     P     L     V     E     L     L     E     Q     N     H     A     A     K     V     T     G     M     L     L     E     M     D     Q     T     E     V     L     H     L     L     E     S     P     E     A     L     K     S     K     V     A     E     A     M     D     V     L     R     -     -     -     
0.003 0.006 0.011 0.019 0.004 0.007 0.005 0.023 0.005 0.005 0.002 0.002 0.010 0.005 0.036 0.004 0.005 0.050 0.006 0.008 0.004 0.008 0.014 0.017 0.007 0.005 0.007 0.003 0.007 0.004 0.007 0.002 0.007 0.006 0.004 0.009 0.002 0.002 0.005 0.002 0.002 0.003 0.002 0.002 0.003 0.003 0.004 0.003 0.003 0.002 0.008 0.007 0.005 0.006 0.010 0.003 0.004 0.007 0.004 0.005 0.006 
>Sequence
Normalized_weight: 0.018
Q     K     Q     L     L     G     E     R     L     F     P     I     I     A     Q     F     Q     P     E     L     A     G     K     I     T     G     M     M     L     E     M     D     N     N     E     L     L     E     L     L     S     S     D     I     E     I     K     N     K     V     D     E     A     M     V     V     L     E     R     A     Q     
0.003 0.003 0.002 0.009 0.004 0.007 0.005 0.002 0.005 0.006 0.002 0.045 0.008 0.023 0.005 0.036 0.010 0.002 0.006 0.002 0.004 0.003 0.014 0.006 0.007 0.005 0.007 0.024 0.007 0.004 0.007 0.002 0.003 0.091 0.004 0.004 0.002 0.012 0.005 0.002 0.045 0.003 0.009 0.100 0.077 0.200 0.004 0.091 0.003 0.002 0.004 0.007 0.005 0.006 0.050 0.003 0.004 0.025 0.025 0.018 0.009 
>Sequence
Normalized_weight: 0.006
Q     K     Q     M     L     G     E     R     L     F     P     I     I     Q     T     M     H     S     N     L     A     G     K     I     T     G     M     L     L     E     I     D     N     S     E     L     L     H     M     L     E     S     P     V     S     L     C     S     K     V     D     E     A     V     E     V     L     Q     A     H     -     
0.003 0.003 0.002 0.003 0.004 0.007 0.005 0.002 0.005 0.006 0.002 0.045 0.008 0.003 0.009 0.003 0.003 0.013 0.006 0.002 0.004 0.003 0.014 0.006 0.007 0.005 0.007 0.003 0.007 0.004 0.008 0.002 0.003 0.003 0.004 0.004 0.002 0.002 0.006 0.002 0.002 0.003 0.002 0.050 0.003 0.003 0.019 0.003 0.003 0.002 0.004 0.007 0.005 0.004 0.007 0.003 0.004 0.004 0.004 0.004 0.006 
>Sequence
Normalized_weight: 0.018
Q     E     Q     K     Q     G     E     R     L     Y     P     M     I     E     H     M     H     A     N     L     A     G     K     I     T     G     M     L     L     E     I     E     N     S     E     L     L     H     M     -     -     D     Q     E     A     L     K     A     K     V     E     E     A     V     A     V     L     Q     V     H     R     
0.003 0.143 0.002 0.111 0.250 0.007 0.005 0.002 0.005 0.005 0.002 0.030 0.008 0.005 0.036 0.003 0.003 0.014 0.006 0.002 0.004 0.003 0.014 0.006 0.007 0.005 0.007 0.003 0.007 0.004 0.008 0.042 0.003 0.003 0.004 0.004 0.002 0.002 0.006 0.048 0.023 0.011 0.021 0.002 0.003 0.003 0.004 0.004 0.003 0.002 0.007 0.007 0.005 0.004 0.003 0.003 0.004 0.004 0.033 0.004 0.125 
>Sequence
Normalized_weight: 0.008
Q     K     Q     M     L     G     E     R     L     F     P     L     I     Q     T     M     H     S     N     L     A     G     K     I     T     G     M     L     L     E     I     H     N     S     E     L     L     H     M     L     E     F     P     E     S     L     H     S     K     V     D     E     A     V     A     V     L     Q     A     H     -     
0.003 0.003 0.002 0.003 0.004 0.007 0.005 0.002 0.005 0.006 0.002 0.002 0.008 0.003 0.009 0.003 0.003 0.013 0.006 0.002 0.004 0.003 0.014 0.006 0.007 0.005 0.007 0.003 0.007 0.004 0.008 0.125 0.003 0.003 0.004 0.004 0.002 0.002 0.006 0.002 0.002 0.125 0.002 0.002 0.003 0.003 0.009 0.003 0.003 0.002 0.004 0.007 0.005 0.004 0.003 0.003 0.004 0.004 0.004 0.004 0.006 
>Sequence
Normalized_weight: 0.017
-     -     R     M     L     G     E     Q     L     Y     P     L     V     E     R     H     E     P     L     H     V     A     K     V     T     G     M     L     L     E     M     D     Q     A     E     I     L     H     L     M     E     S     P     E     A     L     K     S     K     V     S     E     A     L     D     V     L     R     -     -     -     
0.022 0.048 0.045 0.003 0.004 0.007 0.005 0.018 0.005 0.005 0.002 0.002 0.010 0.005 0.010 0.071 0.005 0.002 0.091 0.008 0.250 0.008 0.014 0.017 0.007 0.005 0.007 0.003 0.007 0.004 0.007 0.002 0.007 0.011 0.004 0.042 0.002 0.002 0.005 0.143 0.002 0.003 0.002 0.002 0.003 0.003 0.004 0.003 0.003 0.002 0.030 0.007 0.005 0.008 0.010 0.003 0.004 0.007 0.004 0.005 0.006 
>Sequence
Normalized_weight: 0.007
Q     R     L     L     L     G     E     N     L     Y     P     L     V     E     Q     L     E     P     E     M     A     A     K     V     T     G     M     L     L     E     M     D     Q     T     E     V     L     H     L     L     E     S     P     E     A     L     K     S     K     V     A     E     A     M     E     V     L     R     -     -     -     
0.003 0.006 0.045 0.009 0.004 0.007 0.005 0.010 0.005 0.005 0.002 0.002 0.010 0.005 0.005 0.004 0.005 0.002 0.006 0.091 0.004 0.008 0.014 0.017 0.007 0.005 0.007 0.003 0.007 0.004 0.007 0.002 0.007 0.006 0.004 0.009 0.002 0.002 0.005 0.002 0.002 0.003 0.002 0.002 0.003 0.003 0.004 0.003 0.003 0.002 0.008 0.007 0.005 0.006 0.007 0.003 0.004 0.007 0.004 0.005 0.006 
>Sequence
Normalized_weight: 0.010
Q     K     Q     I     L     G     E     A     I     F     P     K     I     Q     A     I     H     P     E     L     A     G     K     I     T     G     M     L     L     E     M     D     N     T     E     L     V     A     L     V     E     N     D     G     A     L     R     S     K     V     D     E     A     L     A     V     -     -     -     -     -     
0.003 0.003 0.002 0.019 0.004 0.007 0.005 0.018 0.042 0.006 0.002 0.008 0.008 0.003 0.004 0.009 0.003 0.002 0.006 0.002 0.004 0.003 0.014 0.006 0.007 0.005 0.007 0.003 0.007 0.004 0.007 0.002 0.003 0.006 0.004 0.004 0.071 0.071 0.005 0.071 0.002 0.016 0.009 0.050 0.003 0.003 0.005 0.003 0.003 0.002 0.004 0.007 0.005 0.008 0.003 0.003 0.023 0.007 0.004 0.005 0.006 
>Sequence
Normalized_weight: 0.009
Q     K     Q     V     L     G     E     N     L     F     P     L     V     A     N     Y     H     P     T     L     A     G     K     I     T     G     M     M     L     E     M     D     N     S     E     L     L     I     L     L     E     N     E     D     Q     L     K     K     K     I     D     E     A     L     A     -     -     -     -     -     -     
0.003 0.003 0.002 0.022 0.004 0.007 0.005 0.010 0.005 0.006 0.002 0.002 0.010 0.023 0.036 0.036 0.003 0.002 0.008 0.002 0.004 0.003 0.014 0.006 0.007 0.005 0.007 0.024 0.007 0.004 0.007 0.002 0.003 0.003 0.004 0.004 0.002 0.036 0.005 0.002 0.002 0.016 0.017 0.011 0.015 0.003 0.004 0.045 0.003 0.024 0.004 0.007 0.005 0.008 0.003 0.021 0.023 0.007 0.004 0.005 0.006 
>Sequence
Normalized_weight: 0.013
Q     R     V     M     L     G     E     Q     L     Y     P     L     V     D     R     L     E     H     D     H     A     G     K     V     T     G     M     L     L     E     M     D     Q     P     E     V     L     H     L     I     D     L     L     R     Q     L     K     A     K     V     A     E     A     M     D     V     L     R     M     A     Q     
0.003 0.006 0.045 0.003 0.004 0.007 0.005 0.018 0.005 0.005 0.002 0.002 0.010 0.013 0.010 0.004 0.005 0.017 0.009 0.008 0.004 0.003 0.014 0.017 0.007 0.005 0.007 0.003 0.007 0.004 0.007 0.002 0.007 0.023 0.004 0.009 0.002 0.002 0.005 0.020 0.015 0.125 0.083 0.050 0.015 0.003 0.004 0.004 0.003 0.002 0.008 0.007 0.005 0.006 0.010 0.003 0.004 0.007 0.050 0.018 0.009 
>Sequence
Normalized_weight: 0.010
Q     K     Q     I     I     G     E     N     L     F     P     K     I     Q     A     I     Q     P     A     L     A     G     K     I     T     G     M     L     L     E     M     D     N     A     E     L     I     N     L     F     E     D     D     N     A     L     N     V     K     V     Q     E     A     L     A     V     -     -     -     -     -     
0.003 0.003 0.002 0.019 0.031 0.007 0.005 0.010 0.005 0.006 0.002 0.008 0.008 0.003 0.004 0.009 0.010 0.002 0.013 0.002 0.004 0.003 0.014 0.006 0.007 0.005 0.007 0.003 0.007 0.004 0.007 0.002 0.003 0.011 0.004 0.004 0.024 0.018 0.005 0.071 0.002 0.011 0.009 0.050 0.003 0.003 0.019 0.045 0.003 0.002 0.015 0.007 0.005 0.008 0.003 0.003 0.023 0.007 0.004 0.005 0.006 
>Sequence
Normalized_weight: 0.010
Q     K     Q     I     L     G     E     L     I     F     P     K     I     Q     A     I     N     A     D     L     A     G     K     I     T     G     M     L     L     E     M     E     N     P     E     L     V     N     L     I     E     D     E     S     A     L     K     A     K     V     D     E     A     L     A     V     -     -     -     -     -     
0.003 0.003 0.002 0.019 0.004 0.007 0.005 0.030 0.042 0.006 0.002 0.008 0.008 0.003 0.004 0.009 0.018 0.014 0.009 0.002 0.004 0.003 0.014 0.006 0.007 0.005 0.007 0.003 0.007 0.004 0.007 0.042 0.003 0.023 0.004 0.004 0.071 0.018 0.005 0.020 0.002 0.011 0.017 0.017 0.003 0.003 0.004 0.004 0.003 0.002 0.004 0.007 0.005 0.008 0.003 0.003 0.023 0.007 0.004 0.005 0.006 
>Sequence
Normalized_weight: 0.011
Q     K     Q     L     L     G     E     R     I     Y     A     L     I     E     K     L     Y     P     G     H     A     G     K     I     T     G     M     M     L     E     I     D     N     S     E     L     I     M     M     L     Q     D     S     E     L     F     R     S     K     V     D     E     A     A     S     V     L     V     S     A     Q     
0.003 0.003 0.002 0.009 0.004 0.007 0.005 0.002 0.042 0.005 0.028 0.002 0.008 0.005 0.014 0.004 0.023 0.002 0.045 0.008 0.004 0.003 0.014 0.006 0.007 0.005 0.007 0.024 0.007 0.004 0.008 0.002 0.003 0.003 0.004 0.004 0.024 0.014 0.006 0.002 0.023 0.011 0.042 0.002 0.010 0.033 0.005 0.003 0.003 0.002 0.004 0.007 0.005 0.033 0.025 0.003 0.004 0.050 0.011 0.018 0.009 
>Sequence
Normalized_weight: 0.016
Q     Q     Q     Q     L     G     E     R     L     Y     P     K     V     Q     Q     Q     H     P     N     N     A     A     K     I     T     G     M     L     L     E     L     P     P     T     Q     V     L     H     L     L     A     S     D     E     N     L     R     Q     R     I     G     E     A     V     E     I     I     -     -     -     -     
0.003 0.143 0.002 0.056 0.004 0.007 0.005 0.002 0.005 0.005 0.002 0.008 0.010 0.003 0.005 0.024 0.003 0.002 0.006 0.023 0.004 0.008 0.014 0.006 0.007 0.005 0.007 0.003 0.007 0.004 0.036 0.021 0.018 0.006 0.042 0.009 0.002 0.002 0.005 0.002 0.023 0.003 0.009 0.002 0.077 0.003 0.005 0.023 0.019 0.024 0.091 0.007 0.005 0.004 0.007 0.083 0.062 0.007 0.004 0.005 0.006 
>Sequence
Normalized_weight: 0.017
R     K     Q     V     L     G     E     L     L     Y     P     K     V     F     V     R     E     E     K     L     S     G     K     I     T     G     M     L     L     E     M     P     N     S     E     L     L     E     L     L     E     D     D     S     A     L     N     E     R     V     N     E     A     I     G     V     L     Q     -     -     -     
0.100 0.003 0.002 0.022 0.004 0.007 0.005 0.030 0.005 0.005 0.002 0.008 0.010 0.045 0.036 0.071 0.005 0.050 0.045 0.002 0.250 0.003 0.014 0.006 0.007 0.005 0.007 0.003 0.007 0.004 0.007 0.021 0.003 0.003 0.004 0.004 0.002 0.012 0.005 0.002 0.002 0.011 0.009 0.017 0.003 0.003 0.019 0.013 0.019 0.002 0.015 0.007 0.005 0.025 0.050 0.003 0.004 0.004 0.004 0.005 0.006 
>Sequence
Normalized_weight: 0.012
Q     K     Q     L     L     G     E     R     I     Y     A     L     I     E     K     L     Y     P     G     H     A     G     K     I     T     G     M     M     L     E     I     D     N     S     E     L     I     M     M     L     Q     D     S     D     L     F     R     S     K     V     D     E     A     A     S     V     L     A     S     A     Q     
0.003 0.003 0.002 0.009 0.004 0.007 0.005 0.002 0.042 0.005 0.028 0.002 0.008 0.005 0.014 0.004 0.023 0.002 0.045 0.008 0.004 0.003 0.014 0.006 0.007 0.005 0.007 0.024 0.007 0.004 0.008 0.002 0.003 0.003 0.004 0.004 0.024 0.014 0.006 0.002 0.023 0.011 0.042 0.011 0.010 0.033 0.005 0.003 0.003 0.002 0.004 0.007 0.005 0.033 0.025 0.003 0.004 0.100 0.011 0.018 0.009 
>Sequence
Normalized_weight: 0.010
Q     R     M     I     L     G     E     A     L     Y     P     L     V     E     G     K     D     A     T     N     A     A     K     I     T     G     M     L     L     E     M     D     Q     S     E     V     L     H     L     I     E     S     P     D     A     L     S     S     K     V     Q     E     A     V     A     V     L     K     A     A     -     
0.003 0.006 0.030 0.019 0.004 0.007 0.005 0.018 0.005 0.005 0.002 0.002 0.010 0.005 0.036 0.024 0.045 0.014 0.008 0.023 0.004 0.008 0.014 0.006 0.007 0.005 0.007 0.003 0.007 0.004 0.007 0.002 0.007 0.003 0.004 0.009 0.002 0.002 0.005 0.020 0.002 0.003 0.002 0.011 0.003 0.003 0.077 0.003 0.003 0.002 0.015 0.007 0.005 0.004 0.003 0.003 0.004 0.017 0.004 0.018 0.006 
>Sequence
Normalized_weight: 0.015
Q     K     N     V     L     G     E     R     L     Y     N     H     I     V     A     I     N     P     A     A     A     A     K     V     T     G     M     L     L     E     M     D     N     G     E     I     L     N     L     L     D     T     P     G     L     L     D     A     K     V     Q     E     A     L     E     V     L     N     R     H     -     
0.003 0.003 0.045 0.022 0.004 0.007 0.005 0.002 0.005 0.005 0.056 0.091 0.008 0.045 0.004 0.009 0.018 0.002 0.013 0.023 0.004 0.008 0.014 0.017 0.007 0.005 0.007 0.003 0.007 0.004 0.007 0.002 0.003 0.091 0.004 0.042 0.002 0.018 0.005 0.002 0.015 0.062 0.002 0.050 0.010 0.003 0.013 0.004 0.003 0.002 0.015 0.007 0.005 0.008 0.007 0.003 0.004 0.050 0.025 0.004 0.006 
>Sequence
Normalized_weight: 0.014
Q     K     N     V     L     G     E     R     L     Y     N     Y     I     V     R     N     N     P     S     F     A     A     K     V     T     G     M     L     L     E     M     D     N     S     E     I     L     N     L     L     D     N     H     S     L     L     D     T     K     V     Q     E     A     L     D     V     L     N     R     H     -     
0.003 0.003 0.045 0.022 0.004 0.007 0.005 0.002 0.005 0.005 0.056 0.045 0.008 0.045 0.010 0.071 0.018 0.002 0.015 0.023 0.004 0.008 0.014 0.017 0.007 0.005 0.007 0.003 0.007 0.004 0.007 0.002 0.003 0.003 0.004 0.042 0.002 0.018 0.005 0.002 0.015 0.016 0.017 0.017 0.010 0.003 0.013 0.045 0.003 0.002 0.015 0.007 0.005 0.008 0.010 0.003 0.004 0.050 0.025 0.004 0.006 
>Sequence
Normalized_weight: 0.007
Q     K     Q     M     L     G     E     R     L     F     P     L     I     Q     A     M     H     P     T     L     A     G     K     I     T     G     M     L     L     E     I     D     N     S     E     L     L     H     M     F     E     S     H     E     S     L     R     S     K     V     E     E     A     -     -     -     -     -     -     -     -     
0.003 0.003 0.002 0.003 0.004 0.007 0.005 0.002 0.005 0.006 0.002 0.002 0.008 0.003 0.004 0.003 0.003 0.002 0.008 0.002 0.004 0.003 0.014 0.006 0.007 0.005 0.007 0.003 0.007 0.004 0.008 0.002 0.003 0.003 0.004 0.004 0.002 0.002 0.006 0.071 0.002 0.003 0.017 0.002 0.003 0.003 0.005 0.003 0.003 0.002 0.007 0.007 0.005 0.017 0.017 0.021 0.023 0.007 0.004 0.005 0.006 
>Sequence
Normalized_weight: 0.011
Q     K     Q     L     L     G     E     R     I     Y     A     L     I     E     K     M     F     P     N     H     A     G     K     I     T     G     M     M     L     E     I     D     N     A     E     L     I     M     M     L     Q     D     A     E     L     F     R     S     K     V     E     E     A     F     G     V     L     -     -     -     -     
0.003 0.003 0.002 0.009 0.004 0.007 0.005 0.002 0.042 0.005 0.028 0.002 0.008 0.005 0.014 0.003 0.045 0.002 0.006 0.008 0.004 0.003 0.014 0.006 0.007 0.005 0.007 0.024 0.007 0.004 0.008 0.002 0.003 0.011 0.004 0.004 0.024 0.014 0.006 0.002 0.023 0.011 0.083 0.002 0.010 0.033 0.005 0.003 0.003 0.002 0.007 0.007 0.005 0.050 0.050 0.003 0.004 0.007 0.004 0.005 0.006 
>Sequence
Normalized_weight: 0.028
-     -     Q     Q     I     G     E     R     L     Y     P     K     I     H     S     I     N     Q     T     H     A     P     K     I     T     G     M     L     L     E     I     P     T     P     Q     L     L     S     V     I     S     S     D     E     T     L     R     Q     K     V     N     E     A     I     E     I     I     T     F     K     Q     
0.022 0.048 0.002 0.056 0.031 0.007 0.005 0.002 0.005 0.005 0.002 0.008 0.008 0.018 0.071 0.009 0.018 0.050 0.008 0.008 0.004 0.029 0.014 0.006 0.007 0.005 0.007 0.003 0.007 0.004 0.008 0.021 0.125 0.023 0.042 0.004 0.002 0.071 0.200 0.020 0.045 0.003 0.009 0.002 0.077 0.003 0.005 0.023 0.003 0.002 0.015 0.007 0.005 0.025 0.007 0.083 0.062 0.100 0.100 0.143 0.009 
>Sequence
Normalized_weight: 0.012
Q     K     Q     L     L     G     E     R     I     Y     A     L     I     E     K     L     F     P     S     H     A     G     K     I     T     G     M     M     L     E     I     D     N     A     E     L     I     M     M     L     Q     D     G     D     L     F     R     S     K     V     E     E     A     N     S     V     L     -     -     -     -     
0.003 0.003 0.002 0.009 0.004 0.007 0.005 0.002 0.042 0.005 0.028 0.002 0.008 0.005 0.014 0.004 0.045 0.002 0.015 0.008 0.004 0.003 0.014 0.006 0.007 0.005 0.007 0.024 0.007 0.004 0.008 0.002 0.003 0.011 0.004 0.004 0.024 0.014 0.006 0.002 0.023 0.011 0.083 0.011 0.010 0.033 0.005 0.003 0.003 0.002 0.007 0.007 0.005 0.100 0.025 0.003 0.004 0.007 0.004 0.005 0.006 
>Sequence
Normalized_weight: 0.023
E     M     Q     L     L     G     E     L     L     H     P     L     V     E     K     L     E     P     Q     L     A     N     K     I     T     G     M     L     L     E     M     D     K     S     E     L     L     L     L     L     K     S     P     E     D     L     A     V     R     V     D     E     A     F     E     V     L     K     S     -     -     
0.200 0.143 0.002 0.009 0.004 0.007 0.005 0.030 0.005 0.200 0.002 0.002 0.010 0.005 0.014 0.004 0.005 0.002 0.030 0.002 0.004 0.143 0.014 0.006 0.007 0.005 0.007 0.003 0.007 0.004 0.007 0.002 0.062 0.003 0.004 0.004 0.002 0.014 0.005 0.002 0.045 0.003 0.002 0.002 0.077 0.003 0.077 0.045 0.019 0.002 0.004 0.007 0.005 0.050 0.007 0.003 0.004 0.017 0.011 0.005 0.006 
>Sequence
Normalized_weight: 0.020
Q     R     A     A     L     G     D     R     L     F     L     K     V     Y     E     I     A     P     E     L     A     P     K     I     T     G     M     F     L     E     M     K     P     K     E     A     Y     E     L     L     N     D     Q     K     R     L     E     E     R     V     T     E     A     L     C     V     L     K     A     H     Q     
0.003 0.006 0.045 0.019 0.004 0.007 0.111 0.002 0.005 0.006 0.037 0.008 0.010 0.045 0.012 0.009 0.091 0.002 0.006 0.002 0.004 0.029 0.014 0.006 0.007 0.005 0.007 0.083 0.007 0.004 0.007 0.062 0.018 0.023 0.004 0.083 0.071 0.012 0.005 0.002 0.045 0.011 0.021 0.033 0.038 0.003 0.019 0.013 0.019 0.002 0.030 0.007 0.005 0.008 0.050 0.003 0.004 0.017 0.004 0.004 0.009 
>Sequence
Normalized_weight: 0.023
Q     K     Q     M     L     G     E     A     L     F     P     E     V     Q     R     F     H     P     E     Q     A     A     K     I     T     S     M     L     L     E     M     S     N     T     E     L     L     D     M     L     D     S     D     R     Q     L     Q     H     M     T     N     E     A     A     R     V     L     K     A     -     -     
0.003 0.003 0.002 0.003 0.004 0.007 0.005 0.018 0.005 0.006 0.002 0.091 0.010 0.003 0.010 0.036 0.003 0.002 0.006 0.030 0.004 0.008 0.014 0.006 0.007 0.333 0.007 0.003 0.007 0.004 0.007 0.042 0.003 0.006 0.004 0.004 0.002 0.071 0.006 0.002 0.015 0.003 0.009 0.050 0.015 0.003 0.077 0.091 0.056 0.143 0.015 0.007 0.005 0.033 0.033 0.003 0.004 0.017 0.004 0.005 0.006 
>Sequence
Normalized_weight: 0.009
Q     K     Q     V     L     G     E     N     L     F     P     L     V     A     N     Y     H     P     T     L     A     G     K     I     T     G     M     M     L     E     M     D     N     S     E     L     L     I     L     L     E     N     E     E     Q     L     K     K     K     I     D     E     A     L     V     V     L     Q     -     -     -     
0.003 0.003 0.002 0.022 0.004 0.007 0.005 0.010 0.005 0.006 0.002 0.002 0.010 0.023 0.036 0.036 0.003 0.002 0.008 0.002 0.004 0.003 0.014 0.006 0.007 0.005 0.007 0.024 0.007 0.004 0.007 0.002 0.003 0.003 0.004 0.004 0.002 0.036 0.005 0.002 0.002 0.016 0.017 0.002 0.015 0.003 0.004 0.045 0.003 0.024 0.004 0.007 0.005 0.008 0.050 0.003 0.004 0.004 0.004 0.005 0.006 
>Sequence
Normalized_weight: 0.021
Q     R     A     A     L     G     D     R     L     F     L     K     V     Y     E     I     P     P     D     V     A     P     K     I     T     G     M     F     L     E     M     K     P     K     E     A     Y     E     L     L     N     D     Q     K     R     L     E     E     R     V     T     E     A     L     C     V     L     K     A     H     Q     
0.003 0.006 0.045 0.019 0.004 0.007 0.111 0.002 0.005 0.006 0.037 0.008 0.010 0.045 0.012 0.009 0.045 0.002 0.009 0.091 0.004 0.029 0.014 0.006 0.007 0.005 0.007 0.083 0.007 0.004 0.007 0.062 0.018 0.023 0.004 0.083 0.071 0.012 0.005 0.002 0.045 0.011 0.021 0.033 0.038 0.003 0.019 0.013 0.019 0.002 0.030 0.007 0.005 0.008 0.050 0.003 0.004 0.017 0.004 0.004 0.009 
>Sequence
Normalized_weight: 0.016
Q     K     Q     M     L     G     E     A     L     Y     P     K     I     Q     A     T     Q     P     E     L     A     G     K     I     T     G     M     L     L     E     M     D     N     T     E     L     L     G     L     L     -     -     -     -     -     -     -     -     -     -     -     -     -     -     -     -     -     -     -     -     -     
0.003 0.003 0.002 0.003 0.004 0.007 0.005 0.018 0.005 0.005 0.002 0.008 0.008 0.003 0.004 0.071 0.010 0.002 0.006 0.002 0.004 0.003 0.014 0.006 0.007 0.005 0.007 0.003 0.007 0.004 0.007 0.002 0.003 0.006 0.004 0.004 0.002 0.071 0.005 0.002 0.023 0.042 0.028 0.033 0.019 0.050 0.019 0.023 0.042 0.036 0.023 0.125 0.083 0.017 0.017 0.021 0.023 0.007 0.004 0.005 0.006 
>Sequence
Normalized_weight: 0.013
-     K     Q     M     L     G     E     R     L     Y     P     L     I     E     Q     S     Q     P     E     L     A     G     K     I     T     G     M     L     L     E     M     D     D     S     E     L     L     L     L     L     D     S     K     E     Q     L     D     E     K     I     N     E     A     L     K     V     L     E     E     H     Q     
0.022 0.003 0.002 0.003 0.004 0.007 0.005 0.002 0.005 0.005 0.002 0.002 0.008 0.005 0.005 0.071 0.010 0.002 0.006 0.002 0.004 0.003 0.014 0.006 0.007 0.005 0.007 0.003 0.007 0.004 0.007 0.002 0.125 0.003 0.004 0.004 0.002 0.014 0.005 0.002 0.015 0.003 0.042 0.002 0.015 0.003 0.013 0.013 0.003 0.024 0.015 0.007 0.005 0.008 0.100 0.003 0.004 0.025 0.050 0.004 0.009 
>Sequence
Normalized_weight: 0.019
R     K     Q     L     I     G     E     R     L     Y     P     L     V     Q     T     L     V     P     E     L     T     G     K     V     T     G     M     L     L     E     M     G     E     K     E     L     L     E     L     L     M     N     P     S     Y     L     D     E     S     V     H     E     T     M     R     V     L     E     S     N     -     
0.100 0.003 0.002 0.009 0.031 0.007 0.005 0.002 0.005 0.005 0.002 0.002 0.010 0.003 0.009 0.004 0.045 0.002 0.006 0.002 0.062 0.003 0.014 0.017 0.007 0.005 0.007 0.003 0.007 0.004 0.007 0.031 0.062 0.023 0.004 0.004 0.002 0.012 0.005 0.002 0.045 0.016 0.002 0.017 0.038 0.003 0.013 0.013 0.083 0.002 0.045 0.007 0.111 0.006 0.033 0.003 0.004 0.025 0.011 0.143 0.006 
>Sequence
Normalized_weight: 0.031
Q     K     Q     M     L     G     E     R     L     F     P     L     I     Q     R     M     H     P     D     L     A     G     K     I     T     G     M     L     -     -     -     -     -     -     -     -     -     -     -     -     -     -     -     -     -     -     -     -     -     -     -     -     -     -     -     -     -     -     -     -     -     
0.003 0.003 0.002 0.003 0.004 0.007 0.005 0.002 0.005 0.006 0.002 0.002 0.008 0.003 0.010 0.003 0.003 0.002 0.009 0.002 0.004 0.003 0.014 0.006 0.007 0.005 0.007 0.003 0.250 0.125 0.125 0.062 0.062 0.045 0.125 0.083 0.071 0.036 0.100 0.048 0.023 0.042 0.028 0.033 0.019 0.050 0.019 0.023 0.042 0.036 0.023 0.125 0.083 0.017 0.017 0.021 0.023 0.007 0.004 0.005 0.006 
>Sequence
Normalized_weight: 0.057
-     -     -     -     -     -     -     -     -     -     -     -     -     Q     T     M     Q     S     N     L     A     E     K     I     T     G     M     R     L     E     I     D     N     S     E     L     L     H     M     L     E     S     P     S     -     -     -     -     -     -     -     -     -     -     -     -     -     -     -     -     -     
0.022 0.048 0.091 0.111 0.250 0.500 0.333 0.091 0.333 0.200 0.111 0.091 0.333 0.003 0.009 0.003 0.010 0.013 0.006 0.002 0.004 0.143 0.014 0.006 0.007 0.005 0.007 0.167 0.007 0.004 0.008 0.002 0.003 0.003 0.004 0.004 0.002 0.002 0.006 0.002 0.002 0.003 0.002 0.017 0.019 0.050 0.019 0.023 0.042 0.036 0.023 0.125 0.083 0.017 0.017 0.021 0.023 0.007 0.004 0.005 0.006 
>Sequence
Normalized_weight: 0.023
Q     R     Q     A     L     G     E     Q     L     Y     K     K     V     S     A     K     N     E     E     A     A     G     K     I     T     G     M     I     L     D     L     P     P     Q     E     V     F     P     L     L     E     S     D     E     L     F     E     Q     H     Y     K     E     A     -     -     -     -     -     -     -     -     
0.003 0.006 0.002 0.019 0.004 0.007 0.005 0.018 0.005 0.005 0.111 0.008 0.010 0.091 0.004 0.024 0.018 0.050 0.006 0.023 0.004 0.003 0.014 0.006 0.007 0.005 0.007 0.042 0.007 0.083 0.036 0.021 0.018 0.045 0.004 0.009 0.143 0.036 0.005 0.002 0.002 0.003 0.009 0.002 0.010 0.033 0.019 0.023 0.083 0.143 0.045 0.007 0.005 0.017 0.017 0.021 0.023 0.007 0.004 0.005 0.006 
>Sequence
Normalized_weight: 0.041
Q     K     Q     M     I     G     E     R     L     Y     S     L     I     H     D     A     C     A     P     L     T     G     K     I     T     G     M     -     -     -     -     -     -     -     -     -     -     -     -     -     -     -     -     -     -     -     -     -     -     -     -     -     -     -     -     -     -     -     -     -     -     
0.003 0.003 0.002 0.003 0.031 0.007 0.005 0.002 0.005 0.005 0.056 0.002 0.008 0.018 0.036 0.071 0.091 0.014 0.091 0.002 0.062 0.003 0.014 0.006 0.007 0.005 0.007 0.167 0.250 0.125 0.125 0.062 0.062 0.045 0.125 0.083 0.071 0.036 0.100 0.048 0.023 0.042 0.028 0.033 0.019 0.050 0.019 0.023 0.042 0.036 0.023 0.125 0.083 0.017 0.017 0.021 0.023 0.007 0.004 0.005 0.006 
>Sequence
Normalized_weight: 0.013
H     P     R     M     L     G     D     H     L     Y     P     L     V     E     Q     Q     E     P     A     N     A     A     K     V     T     G     M     L     L     E     M     D     Q     A     E     I     L     H     L     L     E     S     P     E     A     L     K     A     K     V     S     E     A     L     D     V     L     R     R     -     -     
0.067 0.143 0.045 0.003 0.004 0.007 0.111 0.045 0.005 0.005 0.002 0.002 0.010 0.005 0.005 0.024 0.005 0.002 0.013 0.023 0.004 0.008 0.014 0.017 0.007 0.005 0.007 0.003 0.007 0.004 0.007 0.002 0.007 0.011 0.004 0.042 0.002 0.002 0.005 0.002 0.002 0.003 0.002 0.002 0.003 0.003 0.004 0.004 0.003 0.002 0.030 0.007 0.005 0.008 0.010 0.003 0.004 0.007 0.025 0.005 0.006 
>Sequence
Normalized_weight: 0.016
H     R     Q     A     L     G     E     R     L     Y     P     R     V     Q     A     M     Q     P     A     F     A     S     K     I     T     G     M     L     L     E     L     S     P     A     Q     L     L     L     L     L     A     S     E     D     S     L     R     A     R     V     E     E     A     M     E     L     I     V     A     H     G     
0.067 0.006 0.002 0.019 0.004 0.007 0.005 0.002 0.005 0.005 0.002 0.045 0.010 0.003 0.004 0.003 0.010 0.002 0.013 0.023 0.004 0.071 0.014 0.006 0.007 0.005 0.007 0.003 0.007 0.004 0.036 0.042 0.018 0.011 0.042 0.004 0.002 0.014 0.005 0.002 0.023 0.003 0.017 0.011 0.003 0.003 0.005 0.004 0.019 0.002 0.007 0.007 0.005 0.006 0.007 0.056 0.062 0.050 0.004 0.004 0.125 
>Sequence
Normalized_weight: 0.024
-     R     D     L     I     G     E     T     L     F     F     M     V     E     E     L     E     P     Q     F     A     P     K     I     T     G     M     I     L     E     L     D     Q     D     K     V     L     H     L     L     V     T     P     K     A     F     K     E     M     V     K     E     A     M     E     V     L     -     A     H     -     
0.022 0.006 0.091 0.009 0.031 0.007 0.005 0.091 0.005 0.006 0.111 0.030 0.010 0.005 0.012 0.004 0.005 0.002 0.030 0.023 0.004 0.029 0.014 0.006 0.007 0.005 0.007 0.042 0.007 0.004 0.036 0.002 0.007 0.091 0.250 0.009 0.002 0.002 0.005 0.002 0.091 0.062 0.002 0.033 0.003 0.033 0.004 0.013 0.056 0.002 0.045 0.007 0.005 0.006 0.007 0.003 0.004 0.007 0.004 0.004 0.006 
>Sequence
Normalized_weight: 0.017
-     K     Q     L     I     G     E     R     L     Y     P     L     V     Q     E     V     P     L     E     L     T     G     K     V     T     G     M     L     L     E     M     G     E     K     E     L     L     E     L     L     M     N     P     S     Y     L     D     E     S     V     H     E     T     M     R     V     L     E     S     -     -     
0.022 0.003 0.002 0.009 0.031 0.007 0.005 0.002 0.005 0.005 0.002 0.002 0.010 0.003 0.012 0.018 0.045 0.050 0.006 0.002 0.062 0.003 0.014 0.017 0.007 0.005 0.007 0.003 0.007 0.004 0.007 0.031 0.062 0.023 0.004 0.004 0.002 0.012 0.005 0.002 0.045 0.016 0.002 0.017 0.038 0.003 0.013 0.013 0.083 0.002 0.045 0.007 0.111 0.006 0.033 0.003 0.004 0.025 0.011 0.005 0.006 
>Sequence
Normalized_weight: 0.028
-     R     Q     A     L     G     E     Q     L     Y     Q     K     V     F     A     Q     D     D     E     A     A     G     K     I     T     G     M     I     L     D     L     P     P     Q     Q     V     I     Q     L     L     E     N     D     E     L     L     E     Q     H     F     Q     E     A     H     A     A     Y     Q     -     -     -     
0.022 0.006 0.002 0.019 0.004 0.007 0.005 0.018 0.005 0.005 0.111 0.008 0.010 0.045 0.004 0.024 0.045 0.100 0.006 0.023 0.004 0.003 0.014 0.006 0.007 0.005 0.007 0.042 0.007 0.083 0.036 0.021 0.018 0.045 0.042 0.009 0.024 0.071 0.005 0.002 0.002 0.016 0.009 0.002 0.010 0.003 0.019 0.023 0.083 0.143 0.015 0.007 0.005 0.100 0.003 0.083 0.250 0.004 0.004 0.005 0.006 
>Sequence
Normalized_weight: 0.037
-     R     E     Y     L     G     E     R     I     F     P     Y     V     K     R     K     V     G     K     A     A     P     K     I     T     G     M     I     L     S     L     P     K     S     Q     L     L     P     G     V     R     N     T     N     V     L     D     R     M     I     A     E     A     S     E     -     -     -     -     -     -     
0.022 0.006 0.091 0.111 0.004 0.007 0.005 0.002 0.042 0.006 0.002 0.045 0.010 0.091 0.010 0.024 0.045 0.100 0.045 0.023 0.004 0.029 0.014 0.006 0.007 0.005 0.007 0.042 0.007 0.250 0.036 0.021 0.062 0.003 0.042 0.004 0.002 0.036 0.200 0.071 0.091 0.016 0.083 0.050 0.077 0.003 0.013 0.091 0.056 0.024 0.008 0.007 0.005 0.100 0.007 0.021 0.023 0.007 0.004 0.005 0.006 
