>Sequence
Normalized_weight: 0.017
M     E     L     P     I     A     P     I     G     R     I     I     K     D     A     G     A     E     R     V     S     D     D     A     R     I     T     L     A     K     I     L     E     E     M     G     R     D     I     A     S     E     A     I     K     L     A     R     H     A     G     R     K     T     I     K     A     E     D     I     E     L     A     V     R     R     F     K     
0.067 0.009 0.007 0.008 0.005 0.006 0.004 0.011 0.011 0.006 0.008 0.012 0.019 0.111 0.003 0.003 0.004 0.004 0.006 0.007 0.004 0.006 0.003 0.006 0.020 0.037 0.018 0.004 0.004 0.014 0.022 0.006 0.005 0.003 0.031 0.012 0.100 0.015 0.006 0.005 0.019 0.005 0.007 0.028 0.011 0.004 0.005 0.013 0.003 0.003 0.005 0.006 0.005 0.005 0.020 0.005 0.004 0.003 0.006 0.007 0.013 0.003 0.004 0.011 0.024 0.011 0.125 0.167 
>Sequence
Normalized_weight: 0.014
G     E     L     P     I     A     P     I     G     R     I     I     K     N     A     G     A     E     R     V     S     D     D     A     R     I     A     L     A     K     V     L     E     E     M     G     E     E     I     A     S     E     A     V     K     L     A     K     H     A     G     R     K     T     I     K     A     E     D     I     E     L     A     R     K     M     F     K     
0.033 0.009 0.007 0.008 0.005 0.006 0.004 0.011 0.011 0.006 0.008 0.012 0.019 0.011 0.003 0.003 0.004 0.004 0.006 0.007 0.004 0.006 0.003 0.006 0.020 0.037 0.006 0.004 0.004 0.014 0.007 0.006 0.005 0.003 0.031 0.012 0.007 0.004 0.006 0.005 0.019 0.005 0.007 0.004 0.011 0.004 0.005 0.005 0.003 0.003 0.005 0.006 0.005 0.005 0.020 0.005 0.004 0.003 0.006 0.007 0.013 0.003 0.004 0.091 0.005 0.024 0.125 0.167 
>Sequence
Normalized_weight: 0.016
M     E     L     P     I     A     P     I     G     R     I     I     K     N     A     G     A     E     I     V     S     D     D     A     R     E     A     L     A     K     V     L     E     A     K     G     E     E     I     A     E     N     A     V     K     L     A     K     H     A     G     R     K     T     V     K     A     S     D     I     E     L     A     V     K     R     M     -     
0.067 0.009 0.007 0.008 0.005 0.006 0.004 0.011 0.011 0.006 0.008 0.012 0.019 0.011 0.003 0.003 0.004 0.004 0.250 0.007 0.004 0.006 0.003 0.006 0.020 0.004 0.006 0.004 0.004 0.014 0.007 0.006 0.005 0.033 0.018 0.012 0.007 0.004 0.006 0.005 0.028 0.031 0.007 0.004 0.011 0.004 0.005 0.005 0.003 0.003 0.005 0.006 0.005 0.005 0.005 0.005 0.004 0.028 0.006 0.007 0.013 0.003 0.004 0.011 0.005 0.011 0.250 0.007 
>Sequence
Normalized_weight: 0.010
M     E     L     P     I     A     P     I     G     R     I     I     K     N     A     G     A     E     R     V     S     D     D     A     R     E     A     L     A     K     A     L     E     E     K     G     E     T     I     A     T     E     A     V     K     L     A     K     H     A     G     R     K     T     V     K     A     S     D     V     E     L     A     V     K     R     L     -     
0.067 0.009 0.007 0.008 0.005 0.006 0.004 0.011 0.011 0.006 0.008 0.012 0.019 0.011 0.003 0.003 0.004 0.004 0.006 0.007 0.004 0.006 0.003 0.006 0.020 0.004 0.006 0.004 0.004 0.014 0.010 0.006 0.005 0.003 0.018 0.012 0.007 0.030 0.006 0.005 0.111 0.005 0.007 0.004 0.011 0.004 0.005 0.005 0.003 0.003 0.005 0.006 0.005 0.005 0.005 0.005 0.004 0.028 0.006 0.011 0.013 0.003 0.004 0.011 0.005 0.011 0.018 0.007 
>Sequence
Normalized_weight: 0.008
-     E     L     P     I     A     P     V     D     R     L     I     R     K     A     G     A     E     R     V     S     E     D     A     A     K     V     L     A     E     Y     L     E     E     Y     A     I     E     L     S     K     K     A     V     D     F     A     R     H     A     G     R     K     T     V     K     A     E     D     I     K     L     A     I     K     -     -     -     
0.005 0.009 0.007 0.008 0.005 0.006 0.004 0.005 0.008 0.006 0.013 0.012 0.019 0.004 0.003 0.003 0.004 0.004 0.006 0.007 0.004 0.006 0.003 0.006 0.007 0.009 0.023 0.004 0.004 0.004 0.022 0.006 0.005 0.003 0.008 0.006 0.014 0.004 0.050 0.024 0.005 0.009 0.007 0.004 0.008 0.025 0.005 0.013 0.003 0.003 0.005 0.006 0.005 0.005 0.005 0.005 0.004 0.003 0.006 0.007 0.005 0.003 0.004 0.011 0.005 0.006 0.007 0.007 
>Sequence
Normalized_weight: 0.010
-     E     L     P     I     A     P     V     G     R     I     I     K     N     A     G     A     Q     R     I     S     D     D     A     K     E     A     L     A     K     A     L     E     E     M     G     E     E     I     S     R     K     A     V     E     L     A     K     H     A     G     R     K     T     V     K     A     T     D     I     E     M     A     A     K     Q     L     -     
0.005 0.009 0.007 0.008 0.005 0.006 0.004 0.005 0.011 0.006 0.008 0.012 0.019 0.011 0.003 0.003 0.004 0.009 0.006 0.015 0.004 0.006 0.003 0.006 0.010 0.004 0.006 0.004 0.004 0.014 0.010 0.006 0.005 0.003 0.031 0.012 0.007 0.004 0.006 0.024 0.009 0.009 0.007 0.004 0.005 0.004 0.005 0.005 0.003 0.003 0.005 0.006 0.005 0.005 0.005 0.005 0.004 0.111 0.006 0.007 0.013 0.018 0.004 0.018 0.005 0.071 0.018 0.007 
>Sequence
Normalized_weight: 0.017
-     D     L     G     V     S     A     M     Y     R     I     L     K     K     A     G     A     D     R     V     S     D     E     S     A     E     E     L     R     R     V     L     E     D     I     G     I     E     I     A     K     N     A     V     D     M     G     K     H     A     G     R     K     T     V     K     A     E     D     V     K     L     A     A     K     -     -     -     
0.005 0.083 0.007 0.111 0.011 0.083 0.042 0.036 0.033 0.006 0.008 0.017 0.019 0.004 0.003 0.003 0.004 0.021 0.006 0.007 0.004 0.006 0.015 0.062 0.007 0.004 0.008 0.004 0.011 0.036 0.007 0.006 0.005 0.020 0.010 0.012 0.014 0.004 0.006 0.005 0.005 0.031 0.007 0.004 0.008 0.033 0.167 0.005 0.003 0.003 0.005 0.006 0.005 0.005 0.005 0.005 0.004 0.003 0.006 0.011 0.005 0.003 0.004 0.018 0.005 0.006 0.007 0.007 
>Sequence
Normalized_weight: 0.016
-     D     L     G     V     S     A     M     Y     R     I     L     K     K     A     G     A     D     R     V     S     D     E     S     A     D     E     L     R     R     V     I     E     D     I     A     T     E     I     A     K     N     A     V     D     M     S     K     H     A     G     R     K     T     V     K     A     E     D     V     K     L     A     S     K     -     -     -     
0.005 0.083 0.007 0.111 0.011 0.083 0.042 0.036 0.033 0.006 0.008 0.017 0.019 0.004 0.003 0.003 0.004 0.021 0.006 0.007 0.004 0.006 0.015 0.062 0.007 0.022 0.008 0.004 0.011 0.036 0.007 0.029 0.005 0.020 0.010 0.006 0.025 0.004 0.006 0.005 0.005 0.031 0.007 0.004 0.008 0.033 0.033 0.005 0.003 0.003 0.005 0.006 0.005 0.005 0.005 0.005 0.004 0.003 0.006 0.011 0.005 0.003 0.004 0.045 0.005 0.006 0.007 0.007 
>Sequence
Normalized_weight: 0.014
-     -     I     P     F     A     P     I     E     R     L     I     R     T     A     G     A     H     R     V     S     E     S     A     G     M     A     L     T     E     I     L     E     E     Y     G     L     Q     I     S     K     E     A     I     K     L     A     E     H     A     G     R     K     T     V     K     A     E     D     I     K     L     A     K     E     M     L     -     
0.005 0.011 0.062 0.008 0.062 0.006 0.004 0.011 0.010 0.006 0.013 0.012 0.019 0.037 0.003 0.003 0.004 0.042 0.006 0.007 0.004 0.006 0.023 0.006 0.048 0.056 0.006 0.004 0.033 0.004 0.022 0.006 0.005 0.003 0.008 0.012 0.010 0.045 0.006 0.024 0.005 0.005 0.007 0.028 0.011 0.004 0.005 0.013 0.003 0.003 0.005 0.006 0.005 0.005 0.005 0.005 0.004 0.003 0.006 0.007 0.005 0.003 0.004 0.045 0.024 0.024 0.018 0.007 
>Sequence
Normalized_weight: 0.008
-     E     L     P     I     A     P     V     G     R     I     I     K     N     A     G     A     Q     R     I     S     D     D     A     R     E     A     L     A     K     I     L     E     E     K     G     E     E     I     A     K     E     A     V     K     L     A     K     H     A     G     R     K     T     V     K     A     S     D     I     E     L     A     A     K     K     L     -     
0.005 0.009 0.007 0.008 0.005 0.006 0.004 0.005 0.011 0.006 0.008 0.012 0.019 0.011 0.003 0.003 0.004 0.009 0.006 0.015 0.004 0.006 0.003 0.006 0.020 0.004 0.006 0.004 0.004 0.014 0.022 0.006 0.005 0.003 0.018 0.012 0.007 0.004 0.006 0.005 0.005 0.005 0.007 0.004 0.011 0.004 0.005 0.005 0.003 0.003 0.005 0.006 0.005 0.005 0.005 0.005 0.004 0.028 0.006 0.007 0.013 0.003 0.004 0.018 0.005 0.036 0.018 0.007 
>Sequence
Normalized_weight: 0.014
V     E     L     P     L     A     P     V     E     R     L     L     R     K     A     G     A     S     R     V     S     E     D     A     K     V     E     L     A     K     A     I     E     E     Y     A     M     Q     I     G     K     K     A     A     E     L     A     K     H     A     G     R     K     T     V     K     V     D     D     I     K     L     A     L     R     E     L     -     
0.200 0.009 0.007 0.008 0.031 0.006 0.004 0.005 0.010 0.006 0.013 0.017 0.019 0.004 0.003 0.003 0.004 0.042 0.006 0.007 0.004 0.006 0.003 0.006 0.010 0.037 0.008 0.004 0.004 0.014 0.010 0.029 0.005 0.003 0.008 0.006 0.025 0.045 0.006 0.048 0.005 0.009 0.007 0.014 0.005 0.004 0.005 0.005 0.003 0.003 0.005 0.006 0.005 0.005 0.005 0.005 0.014 0.022 0.006 0.007 0.005 0.003 0.004 0.006 0.024 0.048 0.018 0.007 
>Sequence
Normalized_weight: 0.009
-     E     L     P     V     A     P     V     V     R     I     L     K     K     A     G     A     E     R     V     S     E     D     A     A     K     M     F     V     E     A     L     E     E     I     A     M     D     I     A     K     E     A     A     D     L     S     K     H     A     G     R     K     T     V     K     V     E     D     I     K     M     A     L     K     M     -     -     
0.005 0.009 0.007 0.008 0.011 0.006 0.004 0.005 0.020 0.006 0.008 0.017 0.019 0.004 0.003 0.003 0.004 0.004 0.006 0.007 0.004 0.006 0.003 0.006 0.007 0.009 0.045 0.025 0.025 0.004 0.010 0.006 0.005 0.003 0.010 0.006 0.025 0.015 0.006 0.005 0.005 0.005 0.007 0.014 0.008 0.004 0.033 0.005 0.003 0.003 0.005 0.006 0.005 0.005 0.005 0.005 0.014 0.003 0.006 0.007 0.005 0.018 0.004 0.006 0.005 0.024 0.007 0.007 
>Sequence
Normalized_weight: 0.008
-     E     L     P     I     A     P     V     D     R     L     I     R     K     A     G     A     Q     R     V     S     E     K     A     A     K     L     L     A     E     H     L     E     E     K     A     L     E     I     A     R     K     A     V     D     L     A     K     H     A     G     R     K     T     V     K     V     E     D     I     K     L     A     I     R     -     -     -     
0.005 0.009 0.007 0.008 0.005 0.006 0.004 0.005 0.008 0.006 0.013 0.012 0.019 0.004 0.003 0.003 0.004 0.009 0.006 0.007 0.004 0.006 0.045 0.006 0.007 0.009 0.015 0.004 0.004 0.004 0.028 0.006 0.005 0.003 0.018 0.006 0.010 0.004 0.006 0.005 0.009 0.009 0.007 0.004 0.008 0.004 0.005 0.005 0.003 0.003 0.005 0.006 0.005 0.005 0.005 0.005 0.014 0.003 0.006 0.007 0.005 0.003 0.004 0.011 0.024 0.006 0.007 0.007 
>Sequence
Normalized_weight: 0.011
-     E     L     P     I     A     P     V     G     R     I     I     K     N     A     G     A     P     R     V     S     D     D     A     R     D     A     L     A     K     V     L     E     E     M     G     E     G     I     A     A     E     A     V     K     L     A     K     H     A     G     R     K     T     V     K     A     S     D     I     E     M     A     V     K     -     -     -     
0.005 0.009 0.007 0.008 0.005 0.006 0.004 0.005 0.011 0.006 0.008 0.012 0.019 0.011 0.003 0.003 0.004 0.042 0.006 0.007 0.004 0.006 0.003 0.006 0.020 0.022 0.006 0.004 0.004 0.014 0.007 0.006 0.005 0.003 0.031 0.012 0.007 0.091 0.006 0.005 0.111 0.005 0.007 0.004 0.011 0.004 0.005 0.005 0.003 0.003 0.005 0.006 0.005 0.005 0.005 0.005 0.004 0.028 0.006 0.007 0.013 0.018 0.004 0.011 0.005 0.006 0.007 0.007 
>Sequence
Normalized_weight: 0.013
-     -     I     P     F     A     P     I     E     R     L     I     R     T     A     G     A     H     R     V     S     E     S     A     G     M     A     L     T     E     I     L     E     E     Y     G     L     E     I     S     R     E     A     I     K     L     A     E     H     A     G     R     K     T     V     K     A     E     D     I     K     L     A     K     E     M     L     -     
0.005 0.011 0.062 0.008 0.062 0.006 0.004 0.011 0.010 0.006 0.013 0.012 0.019 0.037 0.003 0.003 0.004 0.042 0.006 0.007 0.004 0.006 0.023 0.006 0.048 0.056 0.006 0.004 0.033 0.004 0.022 0.006 0.005 0.003 0.008 0.012 0.010 0.004 0.006 0.024 0.009 0.005 0.007 0.028 0.011 0.004 0.005 0.013 0.003 0.003 0.005 0.006 0.005 0.005 0.005 0.005 0.004 0.003 0.006 0.007 0.005 0.003 0.004 0.045 0.024 0.024 0.018 0.007 
>Sequence
Normalized_weight: 0.007
-     E     L     P     I     A     P     V     D     R     L     I     R     K     A     G     A     Q     R     V     S     E     Q     A     A     K     L     L     A     E     H     L     E     E     K     A     L     E     I     A     R     K     A     V     D     L     A     K     H     A     G     R     K     T     V     K     A     E     D     I     K     L     A     I     R     -     -     -     
0.005 0.009 0.007 0.008 0.005 0.006 0.004 0.005 0.008 0.006 0.013 0.012 0.019 0.004 0.003 0.003 0.004 0.009 0.006 0.007 0.004 0.006 0.030 0.006 0.007 0.009 0.015 0.004 0.004 0.004 0.028 0.006 0.005 0.003 0.018 0.006 0.010 0.004 0.006 0.005 0.009 0.009 0.007 0.004 0.008 0.004 0.005 0.005 0.003 0.003 0.005 0.006 0.005 0.005 0.005 0.005 0.004 0.003 0.006 0.007 0.005 0.003 0.004 0.011 0.024 0.006 0.007 0.007 
>Sequence
Normalized_weight: 0.010
-     E     L     P     I     A     P     I     D     R     L     I     R     K     A     G     A     E     R     V     S     E     D     A     A     K     A     L     A     E     Y     L     E     E     Y     A     I     E     V     G     K     K     A     T     E     F     A     R     H     A     G     R     K     T     V     K     A     E     D     V     R     L     A     V     K     -     -     -     
0.005 0.009 0.007 0.008 0.005 0.006 0.004 0.011 0.008 0.006 0.013 0.012 0.019 0.004 0.003 0.003 0.004 0.004 0.006 0.007 0.004 0.006 0.003 0.006 0.007 0.009 0.006 0.004 0.004 0.004 0.022 0.006 0.005 0.003 0.008 0.006 0.014 0.004 0.015 0.048 0.005 0.009 0.007 0.111 0.005 0.025 0.005 0.013 0.003 0.003 0.005 0.006 0.005 0.005 0.005 0.005 0.004 0.003 0.006 0.011 0.062 0.003 0.004 0.011 0.005 0.006 0.007 0.007 
>Sequence
Normalized_weight: 0.009
-     E     L     P     I     A     P     V     G     R     I     I     K     N     A     G     A     Q     R     I     S     D     D     A     K     E     A     L     A     K     A     L     E     E     N     G     E     E     L     A     K     K     A     V     E     L     A     K     H     A     G     R     K     T     V     K     A     E     D     I     E     M     A     V     K     -     -     -     
0.005 0.009 0.007 0.008 0.005 0.006 0.004 0.005 0.011 0.006 0.008 0.012 0.019 0.011 0.003 0.003 0.004 0.009 0.006 0.015 0.004 0.006 0.003 0.006 0.010 0.004 0.006 0.004 0.004 0.014 0.010 0.006 0.005 0.003 0.125 0.012 0.007 0.004 0.050 0.005 0.005 0.009 0.007 0.004 0.005 0.004 0.005 0.005 0.003 0.003 0.005 0.006 0.005 0.005 0.005 0.005 0.004 0.003 0.006 0.007 0.013 0.018 0.004 0.011 0.005 0.006 0.007 0.007 
>Sequence
Normalized_weight: 0.020
-     -     L     P     L     A     S     V     E     R     L     I     R     S     A     D     A     E     R     V     S     E     P     A     A     S     A     L     L     E     I     I     E     A     Y     G     T     K     I     S     K     E     A     I     I     Y     A     N     H     A     G     R     K     T     V     K     E     E     D     I     K     L     A     Y     E     M     L     -     
0.005 0.011 0.007 0.008 0.031 0.006 0.062 0.005 0.010 0.006 0.013 0.012 0.019 0.056 0.003 0.111 0.004 0.004 0.006 0.007 0.004 0.006 0.045 0.006 0.007 0.111 0.006 0.004 0.100 0.004 0.022 0.029 0.005 0.033 0.008 0.012 0.025 0.091 0.006 0.024 0.005 0.005 0.007 0.028 0.050 0.013 0.005 0.050 0.003 0.003 0.005 0.006 0.005 0.005 0.005 0.005 0.062 0.003 0.006 0.007 0.005 0.003 0.004 0.091 0.024 0.024 0.018 0.007 
>Sequence
Normalized_weight: 0.032
L     A     L     P     V     A     P     V     D     R     I     A     R     L     E     I     D     D     R     V     S     E     D     A     R     V     A     L     A     G     V     L     E     A     Y     A     A     D     I     A     D     G     A     A     V     L     A     E     H     A     G     R     R     T     V     Q     A     E     D     I     Q     T     Y     V     -     -     -     -     
0.200 0.250 0.007 0.008 0.011 0.006 0.004 0.005 0.008 0.006 0.008 0.036 0.019 0.111 0.062 0.037 0.062 0.021 0.006 0.007 0.004 0.006 0.003 0.006 0.020 0.037 0.006 0.004 0.004 0.036 0.007 0.006 0.005 0.033 0.008 0.006 0.050 0.015 0.006 0.005 0.111 0.125 0.007 0.014 0.100 0.004 0.005 0.013 0.003 0.003 0.005 0.006 0.125 0.005 0.005 0.083 0.004 0.003 0.006 0.007 0.125 0.030 0.200 0.011 0.024 0.006 0.007 0.007 
>Sequence
Normalized_weight: 0.015
-     E     L     P     I     A     P     M     E     R     I     L     K     K     A     G     A     E     R     V     S     R     D     A     A     I     L     L     S     E     E     L     E     E     I     A     M     E     F     A     K     E     A     V     E     L     S     V     H     A     G     R     K     T     V     K     A     E     D     L     K     L     A     L     K     -     -     -     
0.005 0.009 0.007 0.008 0.005 0.006 0.004 0.036 0.010 0.006 0.008 0.017 0.019 0.004 0.003 0.003 0.004 0.004 0.006 0.007 0.004 0.020 0.003 0.006 0.007 0.037 0.015 0.004 0.100 0.004 0.056 0.006 0.005 0.003 0.010 0.006 0.025 0.004 0.200 0.005 0.005 0.005 0.007 0.004 0.005 0.004 0.033 0.100 0.003 0.003 0.005 0.006 0.005 0.005 0.005 0.005 0.004 0.003 0.006 0.067 0.005 0.003 0.004 0.006 0.005 0.006 0.007 0.007 
>Sequence
Normalized_weight: 0.013
-     E     I     P     V     A     P     V     V     R     I     L     K     K     A     G     A     E     R     V     S     E     G     A     A     K     L     F     V     E     E     L     E     S     I     A     M     D     I     A     K     E     A     A     E     L     S     R     H     A     G     R     K     T     V     K     V     E     D     I     K     M     V     L     K     R     -     -     
0.005 0.009 0.062 0.008 0.011 0.006 0.004 0.005 0.020 0.006 0.008 0.017 0.019 0.004 0.003 0.003 0.004 0.004 0.006 0.007 0.004 0.006 0.091 0.006 0.007 0.009 0.015 0.025 0.025 0.004 0.056 0.006 0.005 0.025 0.010 0.006 0.025 0.015 0.006 0.005 0.005 0.005 0.007 0.014 0.005 0.004 0.033 0.013 0.003 0.003 0.005 0.006 0.005 0.005 0.005 0.005 0.014 0.003 0.006 0.007 0.005 0.018 0.100 0.006 0.005 0.011 0.007 0.007 
>Sequence
Normalized_weight: 0.013
-     E     L     P     V     A     P     M     E     R     I     L     K     S     A     G     A     E     R     V     S     R     D     A     A     V     M     L     A     E     A     L     E     E     I     A     V     D     V     A     K     E     A     V     S     L     A     K     H     A     G     R     K     T     V     K     A     D     D     L     K     L     A     M     K     -     -     -     
0.005 0.009 0.007 0.008 0.011 0.006 0.004 0.036 0.010 0.006 0.008 0.017 0.019 0.056 0.003 0.003 0.004 0.004 0.006 0.007 0.004 0.020 0.003 0.006 0.007 0.037 0.045 0.004 0.004 0.004 0.010 0.006 0.005 0.003 0.010 0.006 0.100 0.015 0.015 0.005 0.005 0.005 0.007 0.004 0.100 0.004 0.005 0.005 0.003 0.003 0.005 0.006 0.005 0.005 0.005 0.005 0.004 0.022 0.006 0.067 0.005 0.003 0.004 0.011 0.005 0.006 0.007 0.007 
>Sequence
Normalized_weight: 0.011
-     E     L     P     V     A     P     F     E     R     I     L     K     K     V     G     A     E     R     V     S     R     A     A     A     E     Y     L     A     E     A     F     E     E     I     A     L     E     I     A     K     E     A     V     D     L     A     K     H     A     K     R     K     T     V     K     V     E     D     I     K     L     A     L     K     K     -     -     
0.005 0.009 0.007 0.008 0.011 0.006 0.004 0.048 0.010 0.006 0.008 0.017 0.019 0.004 0.031 0.003 0.004 0.004 0.006 0.007 0.004 0.020 0.023 0.006 0.007 0.004 0.023 0.004 0.004 0.004 0.010 0.200 0.005 0.003 0.010 0.006 0.010 0.004 0.006 0.005 0.005 0.005 0.007 0.004 0.008 0.004 0.005 0.005 0.003 0.003 0.013 0.006 0.005 0.005 0.005 0.005 0.014 0.003 0.006 0.007 0.005 0.003 0.004 0.006 0.005 0.036 0.007 0.007 
>Sequence
Normalized_weight: 0.013
-     E     L     P     V     A     P     C     V     R     I     L     K     K     A     G     A     Q     R     V     S     E     A     A     G     K     Y     F     A     E     A     L     E     E     I     A     L     E     I     A     R     K     S     V     D     L     A     K     H     A     K     R     K     T     V     K     V     E     D     V     K     A     A     L     R     -     -     -     
0.005 0.009 0.007 0.008 0.011 0.006 0.004 0.143 0.020 0.006 0.008 0.017 0.019 0.004 0.003 0.003 0.004 0.009 0.006 0.007 0.004 0.006 0.023 0.006 0.048 0.009 0.023 0.025 0.004 0.004 0.010 0.006 0.005 0.003 0.010 0.006 0.010 0.004 0.006 0.005 0.009 0.009 0.067 0.004 0.008 0.004 0.005 0.005 0.003 0.003 0.013 0.006 0.005 0.005 0.005 0.005 0.014 0.003 0.006 0.011 0.005 0.091 0.004 0.006 0.024 0.006 0.007 0.007 
>Sequence
Normalized_weight: 0.008
-     E     L     P     I     A     P     V     D     R     L     I     R     K     A     G     A     A     R     V     S     E     E     A     A     K     V     L     A     E     H     L     E     E     K     A     L     E     I     A     K     K     A     V     A     L     A     Q     H     A     G     R     K     T     V     K     A     E     D     I     K     L     A     I     K     -     -     -     
0.005 0.009 0.007 0.008 0.005 0.006 0.004 0.005 0.008 0.006 0.013 0.012 0.019 0.004 0.003 0.003 0.004 0.014 0.006 0.007 0.004 0.006 0.015 0.006 0.007 0.009 0.023 0.004 0.004 0.004 0.028 0.006 0.005 0.003 0.018 0.006 0.010 0.004 0.006 0.005 0.005 0.009 0.007 0.004 0.050 0.004 0.005 0.014 0.003 0.003 0.005 0.006 0.005 0.005 0.005 0.005 0.004 0.003 0.006 0.007 0.005 0.003 0.004 0.011 0.005 0.006 0.007 0.007 
>Sequence
Normalized_weight: 0.009
-     E     L     P     V     A     P     F     E     R     I     L     K     K     A     G     A     E     R     V     S     R     A     A     A     E     Y     L     A     E     A     V     E     E     I     A     L     E     I     A     K     E     A     V     E     L     A     K     H     A     K     R     K     T     V     K     V     E     D     I     K     L     A     L     K     Q     -     -     
0.005 0.009 0.007 0.008 0.011 0.006 0.004 0.048 0.010 0.006 0.008 0.017 0.019 0.004 0.003 0.003 0.004 0.004 0.006 0.007 0.004 0.020 0.023 0.006 0.007 0.004 0.023 0.004 0.004 0.004 0.010 0.020 0.005 0.003 0.010 0.006 0.010 0.004 0.006 0.005 0.005 0.005 0.007 0.004 0.005 0.004 0.005 0.005 0.003 0.003 0.013 0.006 0.005 0.005 0.005 0.005 0.014 0.003 0.006 0.007 0.005 0.003 0.004 0.006 0.005 0.071 0.007 0.007 
>Sequence
Normalized_weight: 0.036
-     -     -     P     V     A     P     L     Y     R     I     M     R     Q     A     G     A     K     R     V     T     K     D     A     K     E     A     F     V     E     V     A     V     E     I     A     K     R     V     A     R     R     A     A     E     L     A     K     H     A     K     R     V     T     V     K     E     Q     D     V     R     L     A     L     E     E     L     R     
0.005 0.011 0.028 0.008 0.011 0.006 0.004 0.071 0.033 0.006 0.008 0.023 0.019 0.111 0.003 0.003 0.004 0.014 0.006 0.007 0.200 0.017 0.003 0.006 0.010 0.004 0.006 0.025 0.025 0.004 0.007 0.200 0.167 0.003 0.010 0.006 0.100 0.091 0.015 0.005 0.009 0.125 0.007 0.014 0.005 0.004 0.005 0.005 0.003 0.003 0.013 0.006 0.250 0.005 0.005 0.005 0.062 0.111 0.006 0.011 0.062 0.003 0.004 0.006 0.024 0.048 0.018 0.333 
>Sequence
Normalized_weight: 0.024
-     -     -     -     -     -     -     -     -     -     -     M     K     K     A     G     A     D     R     V     S     D     E     S     A     D     E     L     R     R     V     I     E     D     I     A     T     D     I     A     K     N     A     V     D     M     S     K     H     A     G     R     K     T     V     K     A     E     D     V     K     L     A     S     K     -     -     -     
0.005 0.011 0.028 0.042 0.018 0.042 0.021 0.143 0.100 0.333 0.250 0.023 0.019 0.004 0.003 0.003 0.004 0.021 0.006 0.007 0.004 0.006 0.015 0.062 0.007 0.022 0.008 0.004 0.011 0.036 0.007 0.029 0.005 0.020 0.010 0.006 0.025 0.015 0.006 0.005 0.005 0.031 0.007 0.004 0.008 0.033 0.033 0.005 0.003 0.003 0.005 0.006 0.005 0.005 0.005 0.005 0.004 0.003 0.006 0.011 0.005 0.003 0.004 0.045 0.005 0.006 0.007 0.007 
>Sequence
Normalized_weight: 0.039
-     -     -     -     V     A     P     F     V     R     I     L     K     K     D     G     A     E     R     V     S     R     A     A     A     E     Y     F     A     E     A     I     E     D     L     A     L     E     I     A     K     E     A     V     D     L     A     K     H     G     K     E     K     N     S     K     S     R     R     R     K     T     S     F     E     E     -     -     
0.005 0.011 0.028 0.042 0.011 0.006 0.004 0.048 0.020 0.006 0.008 0.017 0.019 0.004 0.125 0.003 0.004 0.004 0.006 0.007 0.004 0.020 0.023 0.006 0.007 0.004 0.023 0.025 0.004 0.004 0.010 0.029 0.005 0.020 0.042 0.006 0.010 0.004 0.006 0.005 0.005 0.005 0.007 0.004 0.008 0.004 0.005 0.005 0.003 0.125 0.013 0.333 0.005 0.250 0.200 0.005 0.062 0.056 0.333 0.200 0.005 0.030 0.200 0.091 0.024 0.048 0.007 0.007 
>Sequence
Normalized_weight: 0.016
-     -     L     P     I     A     N     V     A     R     I     M     K     N     A     V     P     Q     K     I     A     K     D     A     K     E     C     V     Q     E     C     V     S     E     F     I     S     F     I     T     S     E     A     S     E     R     C     H     Q     E     K     R     K     T     I     N     G     E     D     I     L     F     A     M     S     R     L     -     
0.005 0.011 0.007 0.008 0.005 0.006 0.014 0.005 0.033 0.006 0.008 0.023 0.019 0.011 0.003 0.111 0.042 0.009 0.031 0.015 0.050 0.017 0.003 0.006 0.010 0.004 0.023 0.025 0.011 0.004 0.012 0.020 0.019 0.003 0.011 0.016 0.010 0.010 0.006 0.018 0.019 0.005 0.007 0.028 0.005 0.017 0.017 0.033 0.042 0.016 0.013 0.006 0.005 0.005 0.020 0.033 0.025 0.003 0.006 0.007 0.016 0.030 0.004 0.011 0.024 0.011 0.018 0.007 
>Sequence
Normalized_weight: 0.016
-     -     L     P     I     A     N     V     A     R     I     M     K     N     A     L     P     E     K     I     A     K     E     A     K     E     C     M     Q     E     C     V     S     E     F     I     S     F     I     T     S     E     A     S     E     K     C     Q     Q     E     K     R     K     T     V     N     G     E     D     I     L     F     A     M     -     -     -     -     
0.005 0.011 0.007 0.008 0.005 0.006 0.014 0.005 0.033 0.006 0.008 0.023 0.019 0.011 0.003 0.111 0.042 0.004 0.031 0.015 0.050 0.017 0.015 0.006 0.010 0.004 0.023 0.062 0.011 0.004 0.012 0.020 0.019 0.003 0.011 0.016 0.010 0.010 0.006 0.018 0.019 0.005 0.007 0.028 0.005 0.050 0.017 0.014 0.042 0.016 0.013 0.006 0.005 0.005 0.005 0.033 0.025 0.003 0.006 0.007 0.016 0.030 0.004 0.011 0.024 0.006 0.007 0.007 
>Sequence
Normalized_weight: 0.026
-     -     I     P     L     A     A     V     E     R     I     L     K     K     V     G     V     T     R     V     S     D     K     A     V     R     L     L     K     E     K     L     E     Q     I     Y     A     E     I     A     K     E     A     L     K     L     A     T     H     A     K     R     K     T     I     K     K     E     D     V     L     N     A     A     K     -     -     -     
0.005 0.011 0.062 0.008 0.031 0.006 0.042 0.005 0.010 0.006 0.008 0.017 0.019 0.004 0.031 0.003 0.016 0.083 0.006 0.007 0.004 0.006 0.045 0.006 0.048 0.111 0.015 0.004 0.100 0.004 0.111 0.006 0.005 0.100 0.010 0.143 0.050 0.004 0.006 0.005 0.005 0.005 0.007 0.111 0.011 0.004 0.005 0.100 0.003 0.003 0.013 0.006 0.005 0.005 0.020 0.005 0.125 0.003 0.006 0.011 0.016 0.091 0.004 0.018 0.005 0.006 0.007 0.007 
>Sequence
Normalized_weight: 0.018
-     -     M     P     I     A     N     V     I     R     I     M     R     K     T     S     H     A     K     I     S     D     D     A     K     E     T     I     Q     E     C     V     S     E     Y     I     S     F     V     T     G     E     A     N     E     R     C     Q     R     E     Q     R     K     T     I     T     A     E     D     I     L     W     A     M     S     K     L     -     
0.005 0.011 0.062 0.008 0.005 0.006 0.014 0.005 0.025 0.006 0.008 0.023 0.019 0.004 0.125 0.111 0.042 0.014 0.031 0.015 0.004 0.006 0.003 0.006 0.010 0.004 0.018 0.031 0.011 0.004 0.012 0.020 0.019 0.003 0.008 0.016 0.010 0.010 0.015 0.018 0.022 0.005 0.007 0.028 0.005 0.017 0.017 0.014 0.031 0.016 0.056 0.006 0.005 0.005 0.020 0.017 0.004 0.003 0.006 0.007 0.016 0.023 0.004 0.011 0.024 0.036 0.018 0.007 
>Sequence
Normalized_weight: 0.017
-     -     M     P     I     A     N     V     I     R     I     M     R     R     A     H     A     -     R     I     S     D     D     S     K     E     T     I     Q     E     C     V     S     E     Y     I     S     F     I     T     G     E     A     N     E     R     C     Q     R     E     Q     R     K     T     I     T     A     E     D     V     L     W     A     M     S     K     L     -     
0.005 0.011 0.062 0.008 0.005 0.006 0.014 0.005 0.025 0.006 0.008 0.023 0.019 0.011 0.003 0.111 0.004 0.083 0.006 0.015 0.004 0.006 0.003 0.062 0.010 0.004 0.018 0.031 0.011 0.004 0.012 0.020 0.019 0.003 0.008 0.016 0.010 0.010 0.006 0.018 0.022 0.005 0.007 0.028 0.005 0.017 0.017 0.014 0.031 0.016 0.056 0.006 0.005 0.005 0.020 0.017 0.004 0.003 0.006 0.011 0.016 0.023 0.004 0.011 0.024 0.036 0.018 0.007 
>Sequence
Normalized_weight: 0.018
-     -     -     -     -     -     -     I     R     R     L     A     R     R     G     G     V     K     R     I     S     G     L     I     Y     E     E     T     R     G     V     L     K     V     F     L     E     N     V     I     R     D     A     V     T     Y     T     E     H     A     K     R     K     T     V     T     A     M     D     V     V     Y     A     L     K     R     -     -     
0.005 0.011 0.028 0.042 0.018 0.042 0.021 0.011 0.017 0.006 0.013 0.036 0.019 0.011 0.025 0.003 0.016 0.014 0.006 0.015 0.004 0.050 0.045 0.050 0.024 0.004 0.008 0.031 0.011 0.036 0.007 0.006 0.083 0.100 0.011 0.024 0.007 0.015 0.015 0.024 0.009 0.021 0.007 0.004 0.025 0.013 0.033 0.013 0.003 0.003 0.013 0.006 0.005 0.005 0.005 0.017 0.004 0.028 0.006 0.011 0.018 0.018 0.004 0.006 0.005 0.011 0.007 0.007 
>Sequence
Normalized_weight: 0.017
-     -     L     P     I     A     N     V     A     R     I     M     K     N     A     I     P     Q     K     I     A     K     D     A     K     E     C     V     Q     E     C     V     S     E     F     I     S     F     I     T     S     E     A     S     E     R     C     H     Q     E     K     R     K     T     I     N     G     E     D     I     L     F     A     M     S     T     L     -     
0.005 0.011 0.007 0.008 0.005 0.006 0.014 0.005 0.033 0.006 0.008 0.023 0.019 0.011 0.003 0.037 0.042 0.009 0.031 0.015 0.050 0.017 0.003 0.006 0.010 0.004 0.023 0.025 0.011 0.004 0.012 0.020 0.019 0.003 0.011 0.016 0.010 0.010 0.006 0.018 0.019 0.005 0.007 0.028 0.005 0.017 0.017 0.033 0.042 0.016 0.013 0.006 0.005 0.005 0.020 0.033 0.025 0.003 0.006 0.007 0.016 0.030 0.004 0.011 0.024 0.143 0.018 0.007 
>Sequence
Normalized_weight: 0.032
-     -     -     -     -     A     S     I     L     R     L     A     R     R     A     G     V     A     R     I     N     A     R     V     Y     D     E     V     R     A     A     L     R     S     Y     L     E     T     I     I     R     D     A     A     I     Y     C     Q     H     E     R     R     K     T     M     K     S     R     D     V     V     H     A     L     R     R     -     -     
0.005 0.011 0.028 0.042 0.018 0.006 0.062 0.011 0.100 0.006 0.013 0.036 0.019 0.011 0.003 0.003 0.016 0.014 0.006 0.015 0.200 0.050 0.091 0.250 0.024 0.022 0.008 0.025 0.011 0.143 0.010 0.006 0.042 0.025 0.008 0.024 0.007 0.030 0.006 0.024 0.009 0.021 0.007 0.014 0.050 0.013 0.017 0.014 0.003 0.016 0.056 0.006 0.005 0.005 0.200 0.005 0.062 0.056 0.006 0.011 0.018 0.091 0.004 0.006 0.024 0.011 0.007 0.007 
>Sequence
Normalized_weight: 0.019
-     -     L     P     I     A     N     V     G     R     I     M     K     K     V     G     N     G     K     I     S     K     D     A     K     E     T     V     Q     E     C     V     S     E     F     I     S     F     V     T     G     E     A     S     D     K     C     Q     R     E     K     R     K     T     I     N     G     D     D     I     -     -     -     -     -     -     -     -     
0.005 0.011 0.007 0.008 0.005 0.006 0.014 0.005 0.011 0.006 0.008 0.023 0.019 0.004 0.031 0.003 0.125 0.083 0.031 0.015 0.004 0.017 0.003 0.006 0.010 0.004 0.018 0.025 0.011 0.004 0.012 0.020 0.019 0.003 0.011 0.016 0.010 0.010 0.015 0.018 0.022 0.005 0.007 0.028 0.008 0.050 0.017 0.014 0.031 0.016 0.013 0.006 0.005 0.005 0.020 0.033 0.025 0.022 0.006 0.007 0.062 0.045 0.100 0.045 0.024 0.006 0.007 0.007 
>Sequence
Normalized_weight: 0.015
-     -     M     P     I     A     N     V     I     R     I     M     R     R     V     A     H     A     K     I     S     D     D     A     K     E     T     I     Q     E     C     V     S     E     Y     I     S     F     I     T     G     E     A     N     E     R     C     Q     R     E     Q     R     K     T     I     T     A     E     D     V     L     W     A     M     S     R     L     -     
0.005 0.011 0.062 0.008 0.005 0.006 0.014 0.005 0.025 0.006 0.008 0.023 0.019 0.011 0.031 0.056 0.042 0.014 0.031 0.015 0.004 0.006 0.003 0.006 0.010 0.004 0.018 0.031 0.011 0.004 0.012 0.020 0.019 0.003 0.008 0.016 0.010 0.010 0.006 0.018 0.022 0.005 0.007 0.028 0.005 0.017 0.017 0.014 0.031 0.016 0.056 0.006 0.005 0.005 0.020 0.017 0.004 0.003 0.006 0.011 0.016 0.023 0.004 0.011 0.024 0.011 0.018 0.007 
>Sequence
Normalized_weight: 0.019
-     -     -     -     -     -     -     I     R     R     L     A     R     R     G     G     V     K     R     I     S     S     L     I     Y     E     E     T     R     N     V     L     R     S     F     L     E     N     V     I     R     D     S     V     T     Y     T     E     H     A     K     R     K     T     V     T     A     L     D     V     V     Y     A     L     K     R     -     -     
0.005 0.011 0.028 0.042 0.018 0.042 0.021 0.011 0.017 0.006 0.013 0.036 0.019 0.011 0.025 0.003 0.016 0.014 0.006 0.015 0.004 0.033 0.045 0.050 0.024 0.004 0.008 0.031 0.011 0.071 0.007 0.006 0.042 0.025 0.011 0.024 0.007 0.015 0.015 0.024 0.009 0.021 0.067 0.004 0.025 0.013 0.033 0.013 0.003 0.003 0.013 0.006 0.005 0.005 0.005 0.017 0.004 0.111 0.006 0.011 0.018 0.018 0.004 0.006 0.005 0.011 0.007 0.007 
>Sequence
Normalized_weight: 0.024
-     -     L     P     I     A     N     V     V     R     I     M     K     T     Q     M     D     P     K     L     A     K     D     A     K     E     C     A     Q     E     C     V     S     E     F     I     S     F     I     A     S     E     A     A     E     I     C     N     I     T     K     R     K     T     I     T     A     D     D     L     L     T     A     M     E     -     -     -     
0.005 0.011 0.007 0.008 0.005 0.006 0.014 0.005 0.020 0.006 0.008 0.023 0.019 0.037 0.125 0.111 0.062 0.042 0.031 0.125 0.050 0.017 0.003 0.006 0.010 0.004 0.023 0.125 0.011 0.004 0.012 0.020 0.019 0.003 0.011 0.016 0.010 0.010 0.006 0.005 0.019 0.005 0.007 0.014 0.005 0.050 0.017 0.050 0.125 0.062 0.013 0.006 0.005 0.005 0.020 0.017 0.004 0.022 0.006 0.067 0.016 0.030 0.004 0.011 0.024 0.006 0.007 0.007 
>Sequence
Normalized_weight: 0.066
-     E     L     P     I     A     P     V     D     R     L     I     R     K     A     G     A     A     R     V     S     E     D     A     A     K     A     L     A     E     Y     L     E     E     Y     A     E     -     -     -     -     -     -     -     -     -     -     -     -     -     -     -     -     -     -     -     -     -     -     -     -     -     -     -     -     -     -     -     
0.005 0.009 0.007 0.008 0.005 0.006 0.004 0.005 0.008 0.006 0.013 0.012 0.019 0.004 0.003 0.003 0.004 0.014 0.006 0.007 0.004 0.006 0.003 0.006 0.007 0.009 0.006 0.004 0.004 0.004 0.022 0.006 0.005 0.003 0.008 0.006 0.007 0.091 0.200 0.143 0.111 0.125 0.333 0.111 0.100 0.100 0.167 0.100 0.125 0.125 0.167 0.333 0.250 0.250 0.200 0.167 0.125 0.111 0.333 0.200 0.062 0.045 0.100 0.045 0.024 0.006 0.007 0.007 
>Sequence
Normalized_weight: 0.019
-     -     -     -     -     -     -     I     R     R     L     A     R     R     G     G     V     K     R     I     S     N     T     I     Y     E     E     T     R     G     V     L     K     T     F     L     E     N     V     I     R     D     A     V     T     Y     T     E     H     A     R     R     K     T     V     T     A     M     D     V     V     Y     A     L     K     R     -     -     
0.005 0.011 0.028 0.042 0.018 0.042 0.021 0.011 0.017 0.006 0.013 0.036 0.019 0.011 0.025 0.003 0.016 0.014 0.006 0.015 0.004 0.100 0.091 0.050 0.024 0.004 0.008 0.031 0.011 0.036 0.007 0.006 0.083 0.050 0.011 0.024 0.007 0.015 0.015 0.024 0.009 0.021 0.007 0.004 0.025 0.013 0.033 0.013 0.003 0.003 0.056 0.006 0.005 0.005 0.005 0.017 0.004 0.028 0.006 0.011 0.018 0.018 0.004 0.006 0.005 0.011 0.007 0.007 
>Sequence
Normalized_weight: 0.018
-     -     -     -     -     -     -     I     R     R     L     A     R     R     G     G     V     K     R     I     S     G     D     I     Y     E     E     V     R     G     V     L     R     H     F     L     E     N     V     I     R     D     S     V     T     Y     T     E     H     A     R     R     K     T     V     T     A     M     D     V     V     Y     A     L     K     R     -     -     
0.005 0.011 0.028 0.042 0.018 0.042 0.021 0.011 0.017 0.006 0.013 0.036 0.019 0.011 0.025 0.003 0.016 0.014 0.006 0.015 0.004 0.050 0.003 0.050 0.024 0.004 0.008 0.025 0.011 0.036 0.007 0.006 0.042 0.100 0.011 0.024 0.007 0.015 0.015 0.024 0.009 0.021 0.067 0.004 0.025 0.013 0.033 0.013 0.003 0.003 0.056 0.006 0.005 0.005 0.005 0.017 0.004 0.028 0.006 0.011 0.018 0.018 0.004 0.006 0.005 0.011 0.007 0.007 
>Sequence
Normalized_weight: 0.021
-     -     M     P     I     A     N     V     I     R     I     M     R     R     A     A     H     A     K     I     S     D     D     A     K     E     A     I     Q     E     C     V     S     E     F     I     S     F     V     T     G     E     A     N     E     R     C     R     M     Q     H     R     K     T     V     N     A     E     D     I     V     W     A     L     N     R     L     -     
0.005 0.011 0.062 0.008 0.005 0.006 0.014 0.005 0.025 0.006 0.008 0.023 0.019 0.011 0.003 0.056 0.042 0.014 0.031 0.015 0.004 0.006 0.003 0.006 0.010 0.004 0.006 0.031 0.011 0.004 0.012 0.020 0.019 0.003 0.011 0.016 0.010 0.010 0.015 0.018 0.022 0.005 0.007 0.028 0.005 0.017 0.017 0.013 0.125 0.125 0.167 0.006 0.005 0.005 0.005 0.033 0.004 0.003 0.006 0.007 0.018 0.023 0.004 0.006 0.143 0.011 0.018 0.007 
>Sequence
Normalized_weight: 0.021
-     -     -     -     -     -     -     I     R     R     L     A     R     R     G     G     V     K     R     I     S     F     P     I     Y     E     E     T     R     N     V     L     R     T     F     L     T     N     V     I     R     D     S     V     A     Y     T     E     H     A     G     R     R     T     V     T     A     M     D     V     V     Y     A     L     K     R     -     -     
0.005 0.011 0.028 0.042 0.018 0.042 0.021 0.011 0.017 0.006 0.013 0.036 0.019 0.011 0.025 0.003 0.016 0.014 0.006 0.015 0.004 0.100 0.045 0.050 0.024 0.004 0.008 0.031 0.011 0.071 0.007 0.006 0.042 0.050 0.011 0.024 0.025 0.015 0.015 0.024 0.009 0.021 0.067 0.004 0.050 0.013 0.033 0.013 0.003 0.003 0.005 0.006 0.125 0.005 0.005 0.017 0.004 0.028 0.006 0.011 0.018 0.018 0.004 0.006 0.005 0.011 0.007 0.007 
>Sequence
Normalized_weight: 0.045
-     D     L     P     T     N     V     L     E     E     I     L     K     K     S     G     V     L     G     V     R     M     S     A     K     K     E     Y     Y     R     V     I     E     S     L     S     L     A     L     A     E     L     S     V     L     A     A     R     H     A     G     R     K     T     V     K     A     E     D     V     E     L     A     A     -     -     -     -     
0.005 0.083 0.007 0.008 0.125 0.250 0.125 0.071 0.010 0.333 0.008 0.017 0.019 0.004 0.125 0.003 0.016 0.083 0.250 0.007 0.200 0.100 0.023 0.006 0.010 0.009 0.008 0.062 0.100 0.036 0.007 0.029 0.005 0.025 0.042 0.143 0.010 0.091 0.050 0.005 0.028 0.062 0.067 0.004 0.100 0.100 0.005 0.013 0.003 0.003 0.005 0.006 0.005 0.005 0.005 0.005 0.004 0.003 0.006 0.011 0.013 0.003 0.004 0.018 0.024 0.006 0.007 0.007 
>Sequence
Normalized_weight: 0.008
G     E     L     P     I     A     P     V     D     R     L     I     R     K     A     G     A     E     R     V     S     E     Q     A     A     K     V     L     A     E     Y     L     E     E     Y     A     I     E     I     A     K     K     A     V     E     F     A     R     H     A     G     R     K     T     V     K     V     E     D     I     K     L     A     I     K     -     -     -     
0.033 0.009 0.007 0.008 0.005 0.006 0.004 0.005 0.008 0.006 0.013 0.012 0.019 0.004 0.003 0.003 0.004 0.004 0.006 0.007 0.004 0.006 0.030 0.006 0.007 0.009 0.023 0.004 0.004 0.004 0.022 0.006 0.005 0.003 0.008 0.006 0.014 0.004 0.006 0.005 0.005 0.009 0.007 0.004 0.005 0.025 0.005 0.013 0.003 0.003 0.005 0.006 0.005 0.005 0.005 0.005 0.014 0.003 0.006 0.007 0.005 0.003 0.004 0.011 0.005 0.006 0.007 0.007 
>Sequence
Normalized_weight: 0.009
G     E     L     P     I     A     P     V     D     R     L     I     R     K     A     G     A     E     R     V     S     E     E     A     A     K     I     L     A     E     Y     L     E     E     Y     A     I     E     V     S     K     K     A     V     E     F     A     R     H     A     G     R     K     T     V     K     A     E     D     I     K     L     A     I     K     -     -     -     
0.033 0.009 0.007 0.008 0.005 0.006 0.004 0.005 0.008 0.006 0.013 0.012 0.019 0.004 0.003 0.003 0.004 0.004 0.006 0.007 0.004 0.006 0.015 0.006 0.007 0.009 0.091 0.004 0.004 0.004 0.022 0.006 0.005 0.003 0.008 0.006 0.014 0.004 0.015 0.024 0.005 0.009 0.007 0.004 0.005 0.025 0.005 0.013 0.003 0.003 0.005 0.006 0.005 0.005 0.005 0.005 0.004 0.003 0.006 0.007 0.005 0.003 0.004 0.011 0.005 0.006 0.007 0.007 
>Sequence
Normalized_weight: 0.008
G     E     L     P     I     A     P     V     D     R     L     I     R     K     A     G     A     Q     R     V     S     E     Q     A     A     K     V     L     A     E     H     L     E     E     K     A     I     E     I     A     K     K     A     V     D     L     A     K     H     A     G     R     K     T     V     K     V     E     D     I     K     L     A     I     K     -     -     -     
0.033 0.009 0.007 0.008 0.005 0.006 0.004 0.005 0.008 0.006 0.013 0.012 0.019 0.004 0.003 0.003 0.004 0.009 0.006 0.007 0.004 0.006 0.030 0.006 0.007 0.009 0.023 0.004 0.004 0.004 0.028 0.006 0.005 0.003 0.018 0.006 0.014 0.004 0.006 0.005 0.005 0.009 0.007 0.004 0.008 0.004 0.005 0.005 0.003 0.003 0.005 0.006 0.005 0.005 0.005 0.005 0.014 0.003 0.006 0.007 0.005 0.003 0.004 0.011 0.005 0.006 0.007 0.007 
>Sequence
Normalized_weight: 0.015
-     E     L     P     M     A     P     V     D     R     L     I     R     K     A     G     A     E     R     V     S     A     D     A     V     E     K     M     V     E     V     L     E     D     Y     A     I     T     V     A     K     K     A     V     E     I     A     K     H     S     G     R     K     T     V     T     A     D     D     I     K     L     A     L     S     M     -     -     
0.005 0.009 0.007 0.008 0.125 0.006 0.004 0.005 0.008 0.006 0.013 0.012 0.019 0.004 0.003 0.003 0.004 0.004 0.006 0.007 0.004 0.050 0.003 0.006 0.048 0.004 0.091 0.062 0.025 0.004 0.007 0.006 0.005 0.020 0.008 0.006 0.014 0.030 0.015 0.005 0.005 0.009 0.007 0.004 0.005 0.050 0.005 0.005 0.003 0.125 0.005 0.006 0.005 0.005 0.005 0.017 0.004 0.022 0.006 0.007 0.005 0.003 0.004 0.006 0.024 0.024 0.007 0.007 
>Sequence
Normalized_weight: 0.039
G     E     L     G     R     A     T     V     R     R     I     L     K     R     A     G     I     E     R     A     S     S     D     A     V     D     L     Y     N     K     L     I     C     R     A     T     E     E     L     G     E     K     A     A     E     Y     A     D     E     D     G     R     K     T     V     Q     G     E     D     V     E     K     A     I     -     -     -     -     
0.033 0.009 0.007 0.111 0.125 0.006 0.125 0.005 0.017 0.006 0.008 0.017 0.019 0.011 0.003 0.003 0.125 0.004 0.006 0.250 0.004 0.033 0.003 0.006 0.048 0.022 0.015 0.062 0.100 0.014 0.111 0.029 0.167 0.100 0.125 0.071 0.007 0.004 0.050 0.048 0.028 0.009 0.007 0.014 0.005 0.013 0.005 0.100 0.125 0.125 0.005 0.006 0.005 0.005 0.005 0.083 0.025 0.003 0.006 0.011 0.013 0.091 0.004 0.011 0.024 0.006 0.007 0.007 
>Sequence
Normalized_weight: 0.053
G     E     L     P     L     S     L     V     D     R     F     L     R     E     E     I     S     S     R     L     S     S     S     A     L     P     F     L     T     S     V     L     E     Y     L     T     S     N     I     L     E     L     A     G     E     V     A     H     T     T     G     R     K     C     V     A     P     E     D     V     H     L     V     V     Q     -     -     -     
0.033 0.009 0.007 0.008 0.031 0.083 0.125 0.005 0.008 0.006 0.250 0.017 0.019 0.111 0.062 0.037 0.125 0.042 0.006 0.125 0.004 0.033 0.023 0.006 0.143 0.111 0.091 0.004 0.033 0.143 0.007 0.006 0.005 0.100 0.042 0.071 0.010 0.015 0.006 0.143 0.028 0.062 0.007 0.111 0.005 0.100 0.005 0.033 0.125 0.062 0.005 0.006 0.005 0.250 0.005 0.167 0.125 0.003 0.006 0.011 0.125 0.003 0.100 0.011 0.143 0.006 0.007 0.007 
