>Sequence
Normalized_weight: 0.014
H     S     Q     G     T     F     T     S     D     Y     S     K     Y     L     D     S     R     R     A     Q     D     F     V     Q     W     L     M     N     T     
0.014 0.009 0.017 0.026 0.008 0.026 0.014 0.026 0.014 0.014 0.010 0.010 0.007 0.010 0.026 0.016 0.011 0.006 0.014 0.010 0.011 0.014 0.010 0.005 0.014 0.026 0.008 0.017 0.019 
>Sequence
Normalized_weight: 0.017
H     S     Q     G     T     F     T     S     D     Y     S     K     Y     L     D     S     K     K     A     Q     E     F     V     Q     W     L     M     N     T     
0.014 0.009 0.017 0.026 0.008 0.026 0.014 0.026 0.014 0.014 0.010 0.010 0.007 0.010 0.026 0.016 0.042 0.025 0.014 0.010 0.056 0.014 0.010 0.005 0.014 0.026 0.008 0.017 0.019 
>Sequence
Normalized_weight: 0.015
H     S     Q     G     T     F     T     S     D     Y     S     K     Y     L     D     S     R     R     A     Q     D     F     V     Q     W     L     M     N     S     
0.014 0.009 0.017 0.026 0.008 0.026 0.014 0.026 0.014 0.014 0.010 0.010 0.007 0.010 0.026 0.016 0.011 0.006 0.014 0.010 0.011 0.014 0.010 0.005 0.014 0.026 0.008 0.017 0.033 
>Sequence
Normalized_weight: 0.014
H     S     Q     G     T     F     T     S     D     Y     S     K     Y     L     D     T     R     R     A     Q     D     F     V     Q     W     L     M     N     T     
0.014 0.009 0.017 0.026 0.008 0.026 0.014 0.026 0.014 0.014 0.010 0.010 0.007 0.010 0.026 0.011 0.011 0.006 0.014 0.010 0.011 0.014 0.010 0.005 0.014 0.026 0.008 0.017 0.019 
>Sequence
Normalized_weight: 0.016
H     S     Q     G     T     F     T     S     D     Y     S     K     Y     L     D     S     R     R     A     Q     D     F     V     Q     W     L     M     S     T     
0.014 0.009 0.017 0.026 0.008 0.026 0.014 0.026 0.014 0.014 0.010 0.010 0.007 0.010 0.026 0.016 0.011 0.006 0.014 0.010 0.011 0.014 0.010 0.005 0.014 0.026 0.008 0.062 0.019 
>Sequence
Normalized_weight: 0.016
H     S     E     G     T     F     S     N     D     Y     S     K     Y     L     E     T     R     R     A     Q     D     F     V     E     W     L     M     N     S     
0.014 0.009 0.020 0.026 0.008 0.026 0.026 0.026 0.014 0.014 0.010 0.010 0.007 0.010 0.026 0.011 0.011 0.006 0.014 0.010 0.011 0.014 0.010 0.037 0.014 0.026 0.008 0.017 0.033 
>Sequence
Normalized_weight: 0.017
H     S     E     G     T     F     S     N     D     Y     S     K     Y     L     E     T     R     R     A     Q     D     F     V     Q     W     L     K     N     S     
0.014 0.009 0.020 0.026 0.008 0.026 0.026 0.026 0.014 0.014 0.010 0.010 0.007 0.010 0.026 0.011 0.011 0.006 0.014 0.010 0.011 0.014 0.010 0.005 0.014 0.026 0.062 0.017 0.033 
>Sequence
Normalized_weight: 0.018
H     S     E     G     T     F     S     N     D     Y     S     K     Y     L     E     T     R     R     A     Q     D     F     I     Q     W     L     M     N     S     
0.014 0.009 0.020 0.026 0.008 0.026 0.026 0.026 0.014 0.014 0.010 0.010 0.007 0.010 0.026 0.011 0.011 0.006 0.014 0.010 0.011 0.014 0.111 0.005 0.014 0.026 0.008 0.017 0.033 
>Sequence
Normalized_weight: 0.018
H     S     E     G     T     F     S     N     D     Y     S     K     Y     L     E     D     R     K     A     Q     E     F     V     R     W     L     M     N     -     
0.014 0.009 0.020 0.026 0.008 0.026 0.026 0.026 0.014 0.014 0.010 0.010 0.007 0.010 0.026 0.031 0.011 0.025 0.014 0.010 0.056 0.014 0.010 0.022 0.014 0.026 0.008 0.017 0.033 
>Sequence
Normalized_weight: 0.015
H     S     E     G     T     F     S     N     D     Y     S     K     Y     L     E     T     R     R     A     Q     D     F     V     Q     W     L     M     N     S     
0.014 0.009 0.020 0.026 0.008 0.026 0.026 0.026 0.014 0.014 0.010 0.010 0.007 0.010 0.026 0.011 0.011 0.006 0.014 0.010 0.011 0.014 0.010 0.005 0.014 0.026 0.008 0.017 0.033 
>Sequence
Normalized_weight: 0.021
H     S     E     G     T     F     S     N     D     Y     S     K     Y     Q     E     E     R     M     A     Q     D     F     V     Q     W     L     M     N     S     
0.014 0.009 0.020 0.026 0.008 0.026 0.026 0.026 0.014 0.014 0.010 0.010 0.007 0.111 0.026 0.021 0.011 0.062 0.014 0.010 0.011 0.014 0.010 0.005 0.014 0.026 0.008 0.017 0.033 
>Sequence
Normalized_weight: 0.028
H     S     E     G     T     F     S     N     D     Y     S     R     Y     L     E     E     R     K     A     Q     D     F     V     R     W     L     M     N     -     
0.014 0.009 0.020 0.026 0.008 0.026 0.026 0.026 0.014 0.014 0.010 0.333 0.007 0.010 0.026 0.021 0.011 0.025 0.014 0.010 0.011 0.014 0.010 0.022 0.014 0.026 0.008 0.017 0.033 
>Sequence
Normalized_weight: 0.031
H     S     Q     G     T     F     T     S     D     Y     S     K     F     L     D     T     R     R     A     Q     D     F     L     D     W     L     K     N     T     
0.014 0.009 0.017 0.026 0.008 0.026 0.014 0.026 0.014 0.014 0.010 0.010 0.250 0.010 0.026 0.011 0.011 0.006 0.014 0.010 0.011 0.014 0.111 0.111 0.014 0.026 0.062 0.017 0.019 
>Sequence
Normalized_weight: 0.035
H     S     Q     G     T     F     T     S     D     Y     S     K     Y     L     D     S     R     R     A     Q     Q     F     L     K     W     L     L     N     -     
0.014 0.009 0.017 0.026 0.008 0.026 0.014 0.026 0.014 0.014 0.010 0.010 0.007 0.010 0.026 0.016 0.011 0.006 0.014 0.010 0.333 0.014 0.111 0.111 0.014 0.026 0.083 0.017 0.033 
>Sequence
Normalized_weight: 0.016
H     S     Q     G     T     F     T     N     D     Y     S     K     Y     L     D     T     R     R     A     Q     D     F     V     Q     W     L     M     S     T     
0.014 0.009 0.017 0.026 0.008 0.026 0.014 0.026 0.014 0.014 0.010 0.010 0.007 0.010 0.026 0.011 0.011 0.006 0.014 0.010 0.011 0.014 0.010 0.005 0.014 0.026 0.008 0.062 0.019 
>Sequence
Normalized_weight: 0.034
H     S     Q     G     S     F     T     S     D     Y     S     K     H     L     D     V     K     Q     A     K     D     F     V     T     W     L     L     N     T     
0.014 0.009 0.017 0.026 0.125 0.026 0.014 0.026 0.014 0.014 0.010 0.010 0.125 0.010 0.026 0.125 0.042 0.025 0.014 0.023 0.011 0.014 0.010 0.111 0.014 0.026 0.083 0.017 0.019 
>Sequence
Normalized_weight: 0.018
H     S     E     G     T     F     T     S     D     Y     S     K     Y     L     E     N     K     Q     A     K     D     F     V     R     W     L     M     N     -     
0.014 0.009 0.020 0.026 0.008 0.026 0.014 0.026 0.014 0.014 0.010 0.010 0.007 0.010 0.026 0.021 0.042 0.025 0.014 0.023 0.011 0.014 0.010 0.022 0.014 0.026 0.008 0.017 0.033 
>Sequence
Normalized_weight: 0.019
H     S     Q     G     T     F     T     N     D     Y     S     K     Y     M     D     T     R     R     A     Q     D     F     V     Q     W     L     M     S     T     
0.014 0.009 0.017 0.026 0.008 0.026 0.014 0.026 0.014 0.014 0.010 0.010 0.007 0.111 0.026 0.011 0.011 0.006 0.014 0.010 0.011 0.014 0.010 0.005 0.014 0.026 0.008 0.062 0.019 
>Sequence
Normalized_weight: 0.026
H     S     E     G     T     F     S     N     D     Y     S     K     Y     L     E     T     Q     R     A     Q     D     F     V     Q     W     L     M     N     S     
0.014 0.009 0.020 0.026 0.008 0.026 0.026 0.026 0.014 0.014 0.010 0.010 0.007 0.010 0.026 0.011 0.333 0.006 0.014 0.010 0.011 0.014 0.010 0.005 0.014 0.026 0.008 0.017 0.033 
>Sequence
Normalized_weight: 0.015
H     S     E     G     T     F     T     S     D     Y     S     K     Y     L     D     N     R     R     A     K     D     F     V     Q     W     L     M     N     T     
0.014 0.009 0.020 0.026 0.008 0.026 0.014 0.026 0.014 0.014 0.010 0.010 0.007 0.010 0.026 0.021 0.011 0.006 0.014 0.023 0.011 0.014 0.010 0.005 0.014 0.026 0.008 0.017 0.019 
>Sequence
Normalized_weight: 0.067
H     T     D     G     I     F     S     S     D     Y     S     K     Y     L     D     N     R     R     T     K     D     F     V     Q     W     L     L     S     T     
0.014 0.333 0.333 0.026 0.250 0.026 0.026 0.026 0.014 0.014 0.010 0.010 0.007 0.010 0.026 0.021 0.011 0.006 0.500 0.023 0.011 0.014 0.010 0.005 0.014 0.026 0.083 0.062 0.019 
>Sequence
Normalized_weight: 0.017
H     S     E     G     T     F     S     N     D     Y     S     K     Y     L     E     D     R     K     A     Q     D     F     V     R     W     L     M     N     -     
0.014 0.009 0.020 0.026 0.008 0.026 0.026 0.026 0.014 0.014 0.010 0.010 0.007 0.010 0.026 0.031 0.011 0.025 0.014 0.010 0.011 0.014 0.010 0.022 0.014 0.026 0.008 0.017 0.033 
>Sequence
Normalized_weight: 0.014
H     S     Q     G     T     F     T     N     D     Y     S     K     Y     L     E     T     R     R     A     Q     D     F     V     Q     W     L     M     N     S     
0.014 0.009 0.017 0.026 0.008 0.026 0.014 0.026 0.014 0.014 0.010 0.010 0.007 0.010 0.026 0.011 0.011 0.006 0.014 0.010 0.011 0.014 0.010 0.005 0.014 0.026 0.008 0.017 0.033 
>Sequence
Normalized_weight: 0.018
H     S     E     G     T     F     T     S     D     Y     S     K     Y     M     D     N     R     R     A     K     D     F     V     Q     W     L     M     N     T     
0.014 0.009 0.020 0.026 0.008 0.026 0.014 0.026 0.014 0.014 0.010 0.010 0.007 0.111 0.026 0.021 0.011 0.006 0.014 0.023 0.011 0.014 0.010 0.005 0.014 0.026 0.008 0.017 0.019 
>Sequence
Normalized_weight: 0.020
H     S     E     G     T     F     T     S     D     Y     S     K     Y     M     D     N     R     R     A     K     D     F     V     Q     W     L     M     S     T     
0.014 0.009 0.020 0.026 0.008 0.026 0.014 0.026 0.014 0.014 0.010 0.010 0.007 0.111 0.026 0.021 0.011 0.006 0.014 0.023 0.011 0.014 0.010 0.005 0.014 0.026 0.008 0.062 0.019 
>Sequence
Normalized_weight: 0.016
H     S     E     G     T     F     S     N     D     Y     S     K     Y     L     E     D     R     K     A     Q     D     F     V     Q     W     L     M     N     -     
0.014 0.009 0.020 0.026 0.008 0.026 0.026 0.026 0.014 0.014 0.010 0.010 0.007 0.010 0.026 0.031 0.011 0.025 0.014 0.010 0.011 0.014 0.010 0.005 0.014 0.026 0.008 0.017 0.033 
>Sequence
Normalized_weight: 0.031
H     S     Q     G     T     F     T     N     D     Y     T     N     Y     L     E     D     R     Q     A     Q     D     F     I     R     W     L     M     N     -     
0.014 0.009 0.017 0.026 0.008 0.026 0.014 0.026 0.014 0.014 0.167 0.167 0.007 0.010 0.026 0.031 0.011 0.025 0.014 0.010 0.011 0.014 0.111 0.022 0.014 0.026 0.008 0.017 0.033 
>Sequence
Normalized_weight: 0.016
H     S     Q     G     T     F     T     S     D     Y     S     K     Y     L     D     T     R     R     A     Q     D     F     V     Q     W     L     M     S     T     
0.014 0.009 0.017 0.026 0.008 0.026 0.014 0.026 0.014 0.014 0.010 0.010 0.007 0.010 0.026 0.011 0.011 0.006 0.014 0.010 0.011 0.014 0.010 0.005 0.014 0.026 0.008 0.062 0.019 
>Sequence
Normalized_weight: 0.019
H     S     Q     G     T     F     T     S     D     Y     S     K     Y     L     D     N     R     R     A     Q     D     F     I     Q     W     L     M     S     T     
0.014 0.009 0.017 0.026 0.008 0.026 0.014 0.026 0.014 0.014 0.010 0.010 0.007 0.010 0.026 0.021 0.011 0.006 0.014 0.010 0.011 0.014 0.111 0.005 0.014 0.026 0.008 0.062 0.019 
>Sequence
Normalized_weight: 0.017
H     S     E     G     T     F     S     S     D     Y     S     K     Y     L     D     S     R     R     A     K     D     F     V     Q     W     L     M     S     T     
0.014 0.009 0.020 0.026 0.008 0.026 0.026 0.026 0.014 0.014 0.010 0.010 0.007 0.010 0.026 0.016 0.011 0.006 0.014 0.023 0.011 0.014 0.010 0.005 0.014 0.026 0.008 0.062 0.019 
>Sequence
Normalized_weight: 0.025
H     S     Q     G     M     F     T     N     D     Y     S     K     Y     L     E     E     K     R     A     K     E     F     V     E     W     L     K     N     -     
0.014 0.009 0.017 0.026 0.125 0.026 0.014 0.026 0.014 0.014 0.010 0.010 0.007 0.010 0.026 0.021 0.042 0.006 0.014 0.023 0.056 0.014 0.010 0.037 0.014 0.026 0.062 0.017 0.033 
>Sequence
Normalized_weight: 0.024
H     S     Q     G     S     F     T     S     D     Y     S     K     Y     L     D     S     K     Q     A     K     D     F     V     I     W     L     M     N     T     
0.014 0.009 0.017 0.026 0.125 0.026 0.014 0.026 0.014 0.014 0.010 0.010 0.007 0.010 0.026 0.016 0.042 0.025 0.014 0.023 0.011 0.014 0.010 0.111 0.014 0.026 0.008 0.017 0.019 
>Sequence
Normalized_weight: 0.024
H     S     Q     G     T     F     T     S     D     Y     S     K     H     L     D     S     R     Y     A     Q     E     F     V     Q     W     L     M     N     T     
0.014 0.009 0.017 0.026 0.008 0.026 0.014 0.026 0.014 0.014 0.010 0.010 0.125 0.010 0.026 0.016 0.011 0.125 0.014 0.010 0.056 0.014 0.010 0.005 0.014 0.026 0.008 0.017 0.019 
>Sequence
Normalized_weight: 0.070
-     S     E     G     T     F     S     N     Y     Y     S     K     Y     Q     E     E     R     M     A     R     D     F     L     H     W     L     M     N     S     
0.500 0.009 0.020 0.026 0.008 0.026 0.026 0.026 0.500 0.014 0.010 0.010 0.007 0.111 0.026 0.021 0.011 0.062 0.014 0.250 0.011 0.014 0.111 0.111 0.014 0.026 0.008 0.017 0.033 
>Sequence
Normalized_weight: 0.040
H     S     Q     G     T     F     T     N     D     Y     S     K     Y     Q     E     M     K     Q     A     Q     D     L     V     Q     W     L     M     N     S     
0.014 0.009 0.017 0.026 0.008 0.026 0.014 0.026 0.014 0.014 0.010 0.010 0.007 0.111 0.026 0.125 0.042 0.025 0.014 0.010 0.011 0.500 0.010 0.005 0.014 0.026 0.008 0.017 0.033 
>Sequence
Normalized_weight: 0.029
H     S     Q     G     M     F     T     N     D     Y     S     K     Y     L     E     E     K     S     A     K     E     F     V     E     W     L     K     N     -     
0.014 0.009 0.017 0.026 0.125 0.026 0.014 0.026 0.014 0.014 0.010 0.010 0.007 0.010 0.026 0.021 0.042 0.125 0.014 0.023 0.056 0.014 0.010 0.037 0.014 0.026 0.062 0.017 0.033 
>Sequence
Normalized_weight: 0.078
H     S     Q     G     T     F     M     S     D     Y     A     K     L     L     E     A     R     H     A     L     D     F     V     Q     R     L     M     N     T     
0.014 0.009 0.017 0.026 0.008 0.026 0.333 0.026 0.014 0.014 0.333 0.010 0.250 0.010 0.026 0.125 0.011 0.125 0.014 0.250 0.011 0.014 0.010 0.005 0.500 0.026 0.008 0.017 0.019 
>Sequence
Normalized_weight: 0.073
H     A     E     G     T     F     T     N     D     M     T     N     Y     L     E     E     K     A     A     K     E     F     V     G     W     L     I     N     -     
0.014 0.333 0.020 0.026 0.008 0.026 0.014 0.026 0.014 0.500 0.167 0.167 0.007 0.010 0.026 0.021 0.042 0.125 0.014 0.023 0.056 0.014 0.010 0.111 0.014 0.026 0.250 0.017 0.033 
