>Sequence
Normalized_weight: 0.138
S     N     P     K     D     D     Y     K     I     W     L     V     I     N     P     S     T     W     L     P     V     I     W     I     V     A     T     V     V     A     I     A     V     H     A     A     V     L     A     A     P     G     F     N     W     I     A     L     G     A     A     K     S     A     A     K     
0.250 0.250 0.250 0.250 0.167 0.167 0.167 0.025 0.015 0.040 0.067 0.040 0.250 0.018 0.040 0.042 0.083 0.250 0.019 0.040 0.083 0.067 0.250 0.125 0.167 0.083 0.018 0.018 0.200 0.016 0.025 0.083 0.016 0.040 0.024 0.013 0.022 0.011 0.062 0.167 0.250 0.067 0.333 0.250 0.021 0.167 0.033 0.167 0.250 0.143 0.200 0.333 0.500 0.500 0.333 0.250 
>Sequence
Normalized_weight: 0.024
-     -     -     -     N     Q     G     K     I     W     T     V     V     N     P     A     I     G     I     P     A     L     L     G     S     V     T     V     I     A     I     L     V     H     L     A     I     L     S     H     T     T     -     -     W     F     P     A     Y     W     Q     G     -     -     G     V     
0.022 0.022 0.022 0.022 0.016 0.018 0.017 0.025 0.015 0.040 0.019 0.040 0.022 0.018 0.040 0.028 0.062 0.022 0.036 0.040 0.083 0.013 0.022 0.013 0.021 0.017 0.018 0.018 0.018 0.016 0.025 0.015 0.016 0.040 0.014 0.013 0.083 0.011 0.013 0.017 0.022 0.011 0.014 0.022 0.021 0.010 0.013 0.010 0.015 0.011 0.014 0.014 0.021 0.021 0.024 0.062 
>Sequence
Normalized_weight: 0.130
S     N     P     K     D     D     Y     K     I     W     L     V     I     N     P     S     T     W     L     P     V     I     W     I     V     A     L     L     T     A     I     A     V     H     S     F     V     L     S     V     P     G     Y     N     F     L     -     -     -     -     -     -     -     -     -     -     
0.250 0.250 0.250 0.250 0.167 0.167 0.167 0.025 0.015 0.040 0.067 0.040 0.250 0.018 0.040 0.042 0.083 0.250 0.019 0.040 0.083 0.067 0.250 0.125 0.167 0.083 0.200 0.250 0.025 0.016 0.025 0.083 0.016 0.040 0.143 0.250 0.022 0.011 0.013 0.167 0.250 0.067 0.333 0.250 0.500 0.056 0.167 0.167 0.250 0.143 0.200 0.333 0.021 0.021 0.033 0.019 
>Sequence
Normalized_weight: 0.020
-     -     -     -     N     Q     G     K     I     W     T     V     V     N     P     S     V     G     L     P     L     L     L     G     S     V     T     V     I     A     I     L     V     H     A     A     V     L     S     H     T     T     -     -     W     F     P     A     Y     W     Q     G     -     -     G     L     
0.022 0.022 0.022 0.022 0.016 0.018 0.017 0.025 0.015 0.040 0.019 0.040 0.022 0.018 0.040 0.042 0.016 0.022 0.019 0.040 0.020 0.013 0.022 0.013 0.021 0.017 0.018 0.018 0.018 0.016 0.025 0.015 0.016 0.040 0.024 0.013 0.022 0.011 0.013 0.017 0.022 0.011 0.014 0.022 0.021 0.010 0.013 0.010 0.015 0.011 0.014 0.014 0.021 0.021 0.024 0.036 
>Sequence
Normalized_weight: 0.022
-     -     -     -     N     Q     G     K     I     W     T     V     V     N     P     A     I     G     L     P     L     L     L     G     S     V     A     I     T     A     L     L     V     H     L     A     V     L     T     H     T     T     -     -     W     F     P     A     Y     M     Q     G     -     -     G     L     
0.022 0.022 0.022 0.022 0.016 0.018 0.017 0.025 0.015 0.040 0.019 0.040 0.022 0.018 0.040 0.028 0.062 0.022 0.019 0.040 0.020 0.013 0.022 0.013 0.021 0.017 0.018 0.028 0.025 0.016 0.028 0.015 0.016 0.040 0.014 0.013 0.022 0.011 0.016 0.017 0.022 0.011 0.014 0.022 0.021 0.010 0.013 0.010 0.015 0.029 0.014 0.014 0.021 0.021 0.024 0.036 
>Sequence
Normalized_weight: 0.024
-     -     -     -     N     Q     G     K     I     W     T     V     V     N     P     S     V     G     L     P     L     L     L     G     S     V     T     V     I     A     I     L     V     H     L     A     V     L     S     N     T     K     -     -     W     F     P     A     Y     W     Q     G     -     -     G     L     
0.022 0.022 0.022 0.022 0.016 0.018 0.017 0.025 0.015 0.040 0.019 0.040 0.022 0.018 0.040 0.042 0.016 0.022 0.019 0.040 0.020 0.013 0.022 0.013 0.021 0.017 0.018 0.018 0.018 0.016 0.025 0.015 0.016 0.040 0.014 0.013 0.022 0.011 0.013 0.021 0.022 0.200 0.014 0.022 0.021 0.010 0.013 0.010 0.015 0.011 0.014 0.014 0.021 0.021 0.024 0.036 
>Sequence
Normalized_weight: 0.025
-     -     -     -     N     Q     G     K     I     W     T     V     V     N     P     A     V     G     F     P     L     L     L     G     S     V     A     I     T     A     L     L     V     H     L     A     V     L     T     H     T     T     -     -     W     F     P     A     F     M     Q     G     -     -     G     L     
0.022 0.022 0.022 0.022 0.016 0.018 0.017 0.025 0.015 0.040 0.019 0.040 0.022 0.018 0.040 0.028 0.016 0.022 0.250 0.040 0.020 0.013 0.022 0.013 0.021 0.017 0.018 0.028 0.025 0.016 0.028 0.015 0.016 0.040 0.014 0.013 0.022 0.011 0.016 0.017 0.022 0.011 0.014 0.022 0.021 0.010 0.013 0.010 0.042 0.029 0.014 0.014 0.021 0.021 0.024 0.036 
>Sequence
Normalized_weight: 0.024
-     -     -     -     N     Q     G     K     I     W     T     V     V     N     P     S     I     G     L     P     L     L     L     G     S     V     T     V     I     A     I     L     V     H     V     A     I     L     S     H     T     T     -     -     W     F     P     A     Y     W     Q     G     -     -     G     -     
0.022 0.022 0.022 0.022 0.016 0.018 0.017 0.025 0.015 0.040 0.019 0.040 0.022 0.018 0.040 0.042 0.062 0.022 0.019 0.040 0.020 0.013 0.022 0.013 0.021 0.017 0.018 0.018 0.018 0.016 0.025 0.015 0.016 0.040 0.143 0.013 0.083 0.011 0.013 0.017 0.022 0.011 0.014 0.022 0.021 0.010 0.013 0.010 0.015 0.011 0.014 0.014 0.021 0.021 0.024 0.019 
>Sequence
Normalized_weight: 0.026
-     -     -     -     N     Q     G     K     I     W     T     V     V     D     P     A     F     G     I     P     A     L     L     G     S     V     T     V     I     A     L     L     V     H     L     A     I     L     S     N     T     T     -     -     W     F     P     A     Y     W     Q     G     -     -     G     V     
0.022 0.022 0.022 0.022 0.016 0.018 0.017 0.025 0.015 0.040 0.019 0.040 0.022 0.067 0.040 0.028 0.125 0.022 0.036 0.040 0.083 0.013 0.022 0.013 0.021 0.017 0.018 0.018 0.018 0.016 0.028 0.015 0.016 0.040 0.014 0.013 0.083 0.011 0.013 0.021 0.022 0.011 0.014 0.022 0.021 0.010 0.013 0.010 0.015 0.011 0.014 0.014 0.021 0.021 0.024 0.062 
>Sequence
Normalized_weight: 0.030
-     -     -     -     N     Q     G     K     I     W     T     V     V     D     P     A     I     G     I     P     A     L     L     G     S     V     T     I     I     A     V     L     V     H     L     A     L     I     S     H     T     T     -     -     W     F     P     A     Y     W     Q     G     -     -     G     V     
0.022 0.022 0.022 0.022 0.016 0.018 0.017 0.025 0.015 0.040 0.019 0.040 0.022 0.067 0.040 0.028 0.062 0.022 0.036 0.040 0.083 0.013 0.022 0.013 0.021 0.017 0.018 0.028 0.018 0.016 0.083 0.015 0.016 0.040 0.014 0.013 0.056 0.250 0.013 0.017 0.022 0.011 0.014 0.022 0.021 0.010 0.013 0.010 0.015 0.011 0.014 0.014 0.021 0.021 0.024 0.062 
>Sequence
Normalized_weight: 0.027
-     -     -     -     N     Q     G     K     I     W     T     V     V     N     P     A     V     G     I     P     A     L     L     G     S     V     T     V     I     A     I     L     V     H     L     A     L     L     N     N     T     T     -     -     W     F     K     A     Y     W     Q     G     -     -     G     L     
0.022 0.022 0.022 0.022 0.016 0.018 0.017 0.025 0.015 0.040 0.019 0.040 0.022 0.018 0.040 0.028 0.016 0.022 0.036 0.040 0.083 0.013 0.022 0.013 0.021 0.017 0.018 0.018 0.018 0.016 0.025 0.015 0.016 0.040 0.014 0.013 0.056 0.011 0.125 0.021 0.022 0.011 0.014 0.022 0.021 0.010 0.167 0.010 0.015 0.011 0.014 0.014 0.021 0.021 0.024 0.036 
>Sequence
Normalized_weight: 0.025
-     -     -     -     N     Q     G     K     I     W     T     V     V     D     P     A     V     G     I     P     L     L     L     G     S     V     A     V     T     A     L     L     V     H     L     A     I     L     Q     N     T     T     -     -     W     F     P     A     F     M     Q     G     -     -     G     L     
0.022 0.022 0.022 0.022 0.016 0.018 0.017 0.025 0.015 0.040 0.019 0.040 0.022 0.067 0.040 0.028 0.016 0.022 0.036 0.040 0.020 0.013 0.022 0.013 0.021 0.017 0.018 0.018 0.025 0.016 0.028 0.015 0.016 0.040 0.014 0.013 0.083 0.011 0.125 0.021 0.022 0.011 0.014 0.022 0.021 0.010 0.013 0.010 0.042 0.029 0.014 0.014 0.021 0.021 0.024 0.036 
>Sequence
Normalized_weight: 0.024
-     -     -     -     N     Q     G     R     I     W     T     V     V     K     P     T     V     G     L     P     L     L     L     G     S     V     T     V     I     A     I     L     V     H     F     A     V     L     S     N     T     T     -     -     W     F     S     K     Y     W     N     G     -     -     -     -     
0.022 0.022 0.022 0.022 0.016 0.018 0.017 0.100 0.015 0.040 0.019 0.040 0.022 0.022 0.040 0.028 0.016 0.022 0.019 0.040 0.020 0.013 0.022 0.013 0.021 0.017 0.018 0.018 0.018 0.016 0.025 0.015 0.016 0.040 0.036 0.013 0.022 0.011 0.013 0.021 0.022 0.011 0.014 0.022 0.021 0.010 0.083 0.042 0.015 0.011 0.025 0.014 0.021 0.021 0.033 0.019 
>Sequence
Normalized_weight: 0.023
-     -     -     -     N     Q     G     K     I     W     T     V     V     N     P     A     V     G     L     P     L     L     L     G     S     V     A     I     T     A     L     L     V     H     L     A     V     L     T     H     T     T     -     -     W     F     P     A     F     T     Q     G     -     -     G     L     
0.022 0.022 0.022 0.022 0.016 0.018 0.017 0.025 0.015 0.040 0.019 0.040 0.022 0.018 0.040 0.028 0.016 0.022 0.019 0.040 0.020 0.013 0.022 0.013 0.021 0.017 0.018 0.028 0.025 0.016 0.028 0.015 0.016 0.040 0.014 0.013 0.022 0.011 0.016 0.017 0.022 0.011 0.014 0.022 0.021 0.010 0.013 0.010 0.042 0.143 0.014 0.014 0.021 0.021 0.024 0.036 
>Sequence
Normalized_weight: 0.025
-     -     -     -     N     Q     A     R     I     W     T     V     V     K     P     T     V     G     L     P     L     L     L     G     S     V     T     V     I     A     I     L     V     H     F     A     V     L     S     H     T     T     -     -     W     F     S     K     Y     W     N     G     -     -     -     -     
0.022 0.022 0.022 0.022 0.016 0.018 0.111 0.100 0.015 0.040 0.019 0.040 0.022 0.022 0.040 0.028 0.016 0.022 0.019 0.040 0.020 0.013 0.022 0.013 0.021 0.017 0.018 0.018 0.018 0.016 0.025 0.015 0.016 0.040 0.036 0.013 0.022 0.011 0.013 0.017 0.022 0.011 0.014 0.022 0.021 0.010 0.083 0.042 0.015 0.011 0.025 0.014 0.021 0.021 0.033 0.019 
>Sequence
Normalized_weight: 0.028
-     -     -     -     N     Q     G     R     I     W     T     V     V     N     P     G     V     G     L     P     L     L     L     G     S     V     T     V     I     A     I     L     V     H     Y     A     V     L     S     N     T     T     -     -     W     F     P     K     Y     W     N     G     -     -     -     -     
0.022 0.022 0.022 0.022 0.016 0.018 0.017 0.100 0.015 0.040 0.019 0.040 0.022 0.018 0.040 0.250 0.016 0.022 0.019 0.040 0.020 0.013 0.022 0.013 0.021 0.017 0.018 0.018 0.018 0.016 0.025 0.015 0.016 0.040 0.143 0.013 0.022 0.011 0.013 0.021 0.022 0.011 0.014 0.022 0.021 0.010 0.013 0.042 0.015 0.011 0.025 0.014 0.021 0.021 0.033 0.019 
>Sequence
Normalized_weight: 0.035
-     -     -     -     N     Q     G     R     I     W     T     V     V     K     P     T     V     G     L     P     L     L     L     G     S     V     A     I     M     V     F     L     V     H     F     A     V     L     T     H     T     T     -     -     W     V     A     K     F     M     N     G     -     -     -     -     
0.022 0.022 0.022 0.022 0.016 0.018 0.017 0.100 0.015 0.040 0.019 0.040 0.022 0.022 0.040 0.028 0.016 0.022 0.019 0.040 0.020 0.013 0.022 0.013 0.021 0.017 0.018 0.028 0.200 0.333 0.083 0.015 0.016 0.040 0.036 0.013 0.022 0.011 0.016 0.017 0.022 0.011 0.014 0.022 0.021 0.083 0.033 0.042 0.042 0.029 0.025 0.014 0.021 0.021 0.033 0.019 
>Sequence
Normalized_weight: 0.033
-     -     -     -     N     N     A     K     I     W     T     V     V     K     P     S     T     G     I     P     L     I     L     G     A     V     A     V     A     A     L     I     V     H     A     G     L     L     T     N     T     T     -     -     W     F     A     N     Y     W     N     G     -     -     -     -     
0.022 0.022 0.022 0.022 0.016 0.083 0.111 0.025 0.015 0.040 0.019 0.040 0.022 0.022 0.040 0.042 0.083 0.022 0.036 0.040 0.020 0.067 0.022 0.013 0.048 0.017 0.018 0.018 0.050 0.016 0.028 0.083 0.016 0.040 0.024 0.083 0.056 0.011 0.016 0.021 0.022 0.011 0.014 0.022 0.021 0.010 0.033 0.167 0.015 0.011 0.025 0.014 0.021 0.021 0.033 0.019 
>Sequence
Normalized_weight: 0.036
-     -     -     -     N     Q     G     K     I     W     T     V     V     P     P     A     F     G     L     P     L     M     L     G     A     V     A     I     T     A     L     L     V     H     A     A     V     L     T     H     T     T     -     -     W     Y     A     A     F     L     Q     G     -     -     G     V     
0.022 0.022 0.022 0.022 0.016 0.018 0.017 0.025 0.015 0.040 0.019 0.040 0.022 0.200 0.040 0.028 0.125 0.022 0.019 0.040 0.020 0.200 0.022 0.013 0.048 0.017 0.018 0.028 0.025 0.016 0.028 0.015 0.016 0.040 0.024 0.013 0.022 0.011 0.016 0.017 0.022 0.011 0.014 0.022 0.021 0.167 0.033 0.010 0.042 0.143 0.014 0.014 0.021 0.021 0.024 0.062 
>Sequence
Normalized_weight: 0.041
-     -     -     -     N     Q     G     K     V     W     R     V     V     K     P     T     V     G     V     P     V     Y     L     G     A     V     A     V     T     A     L     I     L     H     G     G     L     L     A     K     T     D     -     -     W     F     G     A     Y     W     N     G     -     -     G     -     
0.022 0.022 0.022 0.022 0.016 0.018 0.017 0.025 0.167 0.040 0.167 0.040 0.022 0.022 0.040 0.028 0.016 0.022 0.062 0.040 0.083 0.100 0.022 0.013 0.048 0.017 0.018 0.018 0.025 0.016 0.028 0.083 0.167 0.040 0.071 0.083 0.056 0.011 0.062 0.083 0.022 0.100 0.014 0.022 0.021 0.010 0.056 0.010 0.015 0.011 0.025 0.014 0.021 0.021 0.024 0.019 
>Sequence
Normalized_weight: 0.039
-     -     -     -     N     Q     G     R     I     W     T     V     V     S     P     T     V     G     L     P     L     L     L     G     S     V     A     A     I     A     F     A     V     H     F     A     V     L     E     N     T     S     -     -     W     V     A     A     F     M     N     G     -     -     -     -     
0.022 0.022 0.022 0.022 0.016 0.018 0.017 0.100 0.015 0.040 0.019 0.040 0.022 0.200 0.040 0.028 0.016 0.022 0.019 0.040 0.020 0.013 0.022 0.013 0.021 0.017 0.018 0.250 0.018 0.016 0.083 0.083 0.016 0.040 0.036 0.013 0.022 0.011 0.125 0.021 0.022 0.200 0.014 0.022 0.021 0.083 0.033 0.010 0.042 0.029 0.025 0.014 0.021 0.021 0.033 0.019 
>Sequence
Normalized_weight: 0.046
-     -     -     -     N     Q     G     K     V     W     R     V     V     K     P     T     V     G     V     P     V     Y     L     G     A     V     A     V     T     A     L     I     L     H     G     G     L     A     G     K     T     D     -     -     W     F     G     A     Y     W     N     G     -     -     G     -     
0.022 0.022 0.022 0.022 0.016 0.018 0.017 0.025 0.167 0.040 0.167 0.040 0.022 0.022 0.040 0.028 0.016 0.022 0.062 0.040 0.083 0.100 0.022 0.013 0.048 0.017 0.018 0.018 0.025 0.016 0.028 0.083 0.167 0.040 0.071 0.083 0.056 0.250 0.125 0.083 0.022 0.100 0.014 0.022 0.021 0.010 0.056 0.010 0.015 0.011 0.025 0.014 0.021 0.021 0.024 0.019 
>Sequence
Normalized_weight: 0.044
-     -     -     -     -     N     G     K     I     W     L     V     V     K     P     T     V     G     V     P     L     F     L     S     A     A     F     I     A     S     V     V     I     H     A     A     V     L     T     T     T     T     -     -     W     L     P     A     Y     Y     Q     G     -     -     -     -     
0.022 0.022 0.022 0.022 0.167 0.083 0.017 0.025 0.015 0.040 0.067 0.040 0.022 0.022 0.040 0.028 0.016 0.022 0.062 0.040 0.020 0.067 0.022 0.125 0.048 0.083 0.200 0.028 0.050 0.111 0.083 0.125 0.167 0.040 0.024 0.013 0.022 0.011 0.016 0.056 0.022 0.011 0.014 0.022 0.021 0.056 0.013 0.010 0.015 0.048 0.014 0.014 0.021 0.021 0.033 0.019 
>Sequence
Normalized_weight: 0.044
-     -     -     -     -     N     G     K     I     W     L     V     V     K     P     T     V     G     V     P     L     F     L     S     A     A     V     I     A     S     V     V     I     H     A     A     V     L     T     T     T     T     -     -     W     L     P     A     Y     Y     Q     G     -     -     -     -     
0.022 0.022 0.022 0.022 0.167 0.083 0.017 0.025 0.015 0.040 0.067 0.040 0.022 0.022 0.040 0.028 0.016 0.022 0.062 0.040 0.020 0.067 0.022 0.125 0.048 0.083 0.200 0.028 0.050 0.111 0.083 0.125 0.167 0.040 0.024 0.013 0.022 0.011 0.016 0.056 0.022 0.011 0.014 0.022 0.021 0.056 0.013 0.010 0.015 0.048 0.014 0.014 0.021 0.021 0.033 0.019 
>Sequence
Normalized_weight: 0.068
-     -     -     -     N     N     A     K     M     W     L     V     V     K     P     T     V     G     I     P     L     F     L     V     A     C     A     I     A     S     F     L     V     H     L     M     L     V     L     T     T     G     -     -     W     M     G     D     Y     Y     S     G     -     -     -     -     
0.022 0.022 0.022 0.022 0.016 0.083 0.111 0.025 0.333 0.040 0.067 0.040 0.022 0.022 0.040 0.028 0.016 0.022 0.036 0.040 0.020 0.067 0.022 0.250 0.048 0.333 0.018 0.028 0.050 0.111 0.083 0.015 0.016 0.040 0.014 0.250 0.056 0.250 0.125 0.056 0.022 0.067 0.014 0.022 0.021 0.167 0.056 0.167 0.015 0.048 0.200 0.014 0.021 0.021 0.033 0.019 
