>Sequence
Normalized_weight: 0.102
A     M     D     S     A     K     A     P     Q     I     T     I     F     D     H     R     G     C     S     R     A     P     K     E     S     T     G     G     K     A     G     G     Q     D     D     E     M     M     V     K     V     A     S     T     K     V     T     V     S     E     S     D     A     A     K     K     L     Q     E     F     I     T     F     E     K     G     I     D     G     P     F     T     S     K     N     
0.071 0.071 0.071 0.071 0.071 0.071 0.062 0.111 0.083 0.048 0.062 0.111 0.111 0.111 0.071 0.111 0.111 0.111 0.048 0.048 0.062 0.071 0.062 0.048 0.083 0.111 0.062 0.125 0.062 0.071 0.062 0.048 0.083 0.062 0.111 0.048 0.062 0.056 0.111 0.111 0.083 0.083 0.050 0.067 0.056 0.083 0.083 0.071 0.056 0.050 0.200 0.083 0.071 0.083 0.062 0.083 0.056 0.083 0.067 0.067 0.167 0.100 0.083 0.100 0.100 0.250 0.250 0.250 0.250 0.250 0.250 0.250 0.250 0.250 0.167 
>Sequence
Normalized_weight: 0.089
A     M     D     S     A     K     A     P     V     I     T     I     F     D     H     R     G     C     S     R     A     P     K     E     Y     T     G     A     K     A     G     G     K     D     D     E     M     M     V     K     A     Q     S     V     K     I     E     V     S     T     G     T     A     E     G     V     L     A     T     S     L     A     K     M     T     -     -     -     -     -     -     -     -     -     K     
0.071 0.071 0.071 0.071 0.071 0.071 0.062 0.111 0.083 0.048 0.062 0.111 0.111 0.111 0.071 0.111 0.111 0.111 0.048 0.048 0.062 0.071 0.062 0.048 0.062 0.111 0.062 0.062 0.062 0.071 0.062 0.048 0.062 0.062 0.111 0.048 0.062 0.056 0.111 0.111 0.167 0.111 0.050 0.067 0.056 0.083 0.083 0.071 0.056 0.250 0.100 0.083 0.071 0.111 0.125 0.111 0.056 0.083 0.167 0.200 0.083 0.200 0.125 0.100 0.200 0.071 0.071 0.071 0.071 0.071 0.071 0.071 0.071 0.071 0.167 
>Sequence
Normalized_weight: 0.099
A     M     D     S     A     K     A     P     Q     I     T     I     F     D     H     R     G     C     S     R     A     P     K     E     S     T     G     A     K     A     G     G     Q     D     D     E     M     M     V     K     V     A     S     T     K     V     T     V     S     E     A     D     A     A     K     K     L     Q     E     F     I     T     F     E     K     G     I     D     G     P     F     T     S     K     N     
0.071 0.071 0.071 0.071 0.071 0.071 0.062 0.111 0.083 0.048 0.062 0.111 0.111 0.111 0.071 0.111 0.111 0.111 0.048 0.048 0.062 0.071 0.062 0.048 0.083 0.111 0.062 0.062 0.062 0.071 0.062 0.048 0.083 0.062 0.111 0.048 0.062 0.056 0.111 0.111 0.083 0.083 0.050 0.067 0.056 0.083 0.083 0.071 0.056 0.050 0.067 0.083 0.071 0.083 0.062 0.083 0.056 0.083 0.067 0.067 0.167 0.100 0.083 0.100 0.100 0.250 0.250 0.250 0.250 0.250 0.250 0.250 0.250 0.250 0.167 
>Sequence
Normalized_weight: 0.174
-     -     -     -     -     R     A     P     Y     V     E     I     F     D     A     R     G     C     D     A     K     N     S     Q     Y     T     G     P     K     S     G     D     M     N     D     D     Q     C     V     K     V     S     M     A     V     P     K     V     S     E     A     T     A     E     K     K     R     Q     E     F     L     G     F     K     E     -     -     -     -     -     -     -     -     -     -     
0.250 0.250 0.250 0.250 0.250 0.250 0.062 0.111 0.333 0.333 0.500 0.111 0.111 0.111 0.250 0.111 0.111 0.111 0.333 0.333 0.500 0.250 0.500 0.333 0.062 0.111 0.062 0.125 0.062 0.250 0.062 0.333 0.250 0.500 0.111 0.333 0.500 0.167 0.111 0.111 0.083 0.167 0.125 0.200 0.333 0.250 0.167 0.071 0.056 0.050 0.067 0.083 0.071 0.111 0.062 0.083 0.333 0.083 0.067 0.067 0.083 0.100 0.083 0.200 0.200 0.071 0.071 0.071 0.071 0.071 0.071 0.071 0.071 0.071 0.067 
>Sequence
Normalized_weight: 0.117
A     M     D     S     A     K     A     P     V     L     T     I     F     D     H     R     G     C     S     R     A     P     K     E     N     T     -     S     K     S     G     G     K     D     D     E     M     L     V     K     A     Q     -     -     -     -     -     -     -     -     -     -     -     -     -     -     -     -     -     -     -     -     -     -     -     -     -     -     -     -     -     -     -     -     -     
0.071 0.071 0.071 0.071 0.071 0.071 0.062 0.111 0.083 0.333 0.062 0.111 0.111 0.111 0.071 0.111 0.111 0.111 0.048 0.048 0.062 0.071 0.062 0.048 0.250 0.111 0.500 0.250 0.062 0.250 0.062 0.048 0.062 0.062 0.111 0.048 0.062 0.333 0.111 0.111 0.167 0.111 0.250 0.200 0.167 0.125 0.083 0.250 0.167 0.125 0.100 0.125 0.250 0.167 0.125 0.167 0.167 0.125 0.167 0.067 0.111 0.067 0.083 0.067 0.050 0.071 0.071 0.071 0.071 0.071 0.071 0.071 0.071 0.071 0.067 
>Sequence
Normalized_weight: 0.087
A     M     D     S     A     K     A     P     V     I     T     I     F     D     H     R     G     C     S     R     A     P     K     E     Y     T     G     A     K     A     G     G     K     D     D     E     M     M     V     K     A     Q     S     V     K     I     E     V     S     S     G     T     A     E     G     V     L     A     T     A     L     G     K     M     S     -     -     -     -     -     -     -     -     -     K     
0.071 0.071 0.071 0.071 0.071 0.071 0.062 0.111 0.083 0.048 0.062 0.111 0.111 0.111 0.071 0.111 0.111 0.111 0.048 0.048 0.062 0.071 0.062 0.048 0.062 0.111 0.062 0.062 0.062 0.071 0.062 0.048 0.062 0.062 0.111 0.048 0.062 0.056 0.111 0.111 0.167 0.111 0.050 0.067 0.056 0.083 0.083 0.071 0.056 0.250 0.100 0.083 0.071 0.111 0.125 0.111 0.056 0.083 0.167 0.200 0.083 0.100 0.125 0.100 0.200 0.071 0.071 0.071 0.071 0.071 0.071 0.071 0.071 0.071 0.167 
>Sequence
Normalized_weight: 0.075
A     M     D     S     A     K     A     P     Q     I     T     I     F     D     H     R     G     C     S     R     A     P     K     E     S     T     G     A     K     A     G     G     Q     D     D     E     M     M     V     K     V     A     S     T     K     V     S     V     S     E     A     D     A     A     K     K     L     A     E     -     -     -     -     -     -     -     -     -     -     -     -     -     -     -     -     
0.071 0.071 0.071 0.071 0.071 0.071 0.062 0.111 0.083 0.048 0.062 0.111 0.111 0.111 0.071 0.111 0.111 0.111 0.048 0.048 0.062 0.071 0.062 0.048 0.083 0.111 0.062 0.062 0.062 0.071 0.062 0.048 0.083 0.062 0.111 0.048 0.062 0.056 0.111 0.111 0.083 0.083 0.050 0.067 0.056 0.083 0.167 0.071 0.056 0.050 0.067 0.083 0.071 0.083 0.062 0.083 0.056 0.083 0.067 0.067 0.111 0.067 0.083 0.067 0.050 0.071 0.071 0.071 0.071 0.071 0.071 0.071 0.071 0.071 0.067 
>Sequence
Normalized_weight: 0.135
-     -     -     -     -     R     T     P     V     I     T     I     F     D     A     R     G     C     K     H     A     N     K     E     Y     T     G     P     K     A     G     G     A     D     D     E     M     C     V     K     V     A     M     Q     K     I     A     V     A     E     D     A     A     A     L     V     L     K     E     C     L     S     E     L     -     -     -     -     -     -     -     -     -     -     -     
0.250 0.250 0.250 0.250 0.250 0.250 0.500 0.111 0.083 0.048 0.062 0.111 0.111 0.111 0.250 0.111 0.111 0.111 0.333 0.333 0.062 0.250 0.062 0.048 0.062 0.111 0.062 0.125 0.062 0.071 0.062 0.048 0.250 0.062 0.111 0.048 0.062 0.167 0.111 0.111 0.083 0.083 0.125 0.200 0.056 0.083 0.167 0.071 0.333 0.050 0.200 0.250 0.071 0.083 0.250 0.111 0.056 0.250 0.067 0.200 0.083 0.200 0.250 0.200 0.050 0.071 0.071 0.071 0.071 0.071 0.071 0.071 0.071 0.071 0.067 
>Sequence
Normalized_weight: 0.121
A     M     D     S     A     K     A     P     Q     I     T     I     F     D     H     R     G     C     S     R     A     P     K     S     E     T     G     G     T     A     -     T     K     D     D     Q     M     M     V     K     V     S     Q     V     -     -     -     -     -     -     -     -     -     -     -     -     -     -     -     -     -     -     -     -     -     -     -     -     -     -     -     -     -     -     -     
0.071 0.071 0.071 0.071 0.071 0.071 0.062 0.111 0.083 0.048 0.062 0.111 0.111 0.111 0.071 0.111 0.111 0.111 0.048 0.048 0.062 0.071 0.062 0.333 0.250 0.111 0.062 0.125 0.500 0.071 0.500 0.333 0.062 0.062 0.111 0.333 0.062 0.056 0.111 0.111 0.083 0.167 0.250 0.067 0.167 0.125 0.083 0.250 0.167 0.125 0.100 0.125 0.250 0.167 0.125 0.167 0.167 0.125 0.167 0.067 0.111 0.067 0.083 0.067 0.050 0.071 0.071 0.071 0.071 0.071 0.071 0.071 0.071 0.071 0.067 
