>Sequence
Normalized_weight: 0.008
M     K     I     A     K     V     I     N     N     N     V     I     S     V     V     N     E     Q     G     K     E     L     V     V     M     G     R     G     L     A     F     Q     K     K     S     G     D     D     V     D     E     A     R     I     E     K     V     F     T     L     D     -     N     K     D     V     
0.005 0.003 0.003 0.010 0.002 0.002 0.018 0.005 0.002 0.003 0.002 0.013 0.042 0.003 0.012 0.004 0.004 0.005 0.003 0.003 0.002 0.006 0.005 0.003 0.003 0.002 0.003 0.005 0.012 0.005 0.005 0.004 0.001 0.002 0.019 0.002 0.002 0.010 0.004 0.003 0.002 0.010 0.016 0.004 0.002 0.002 0.004 0.005 0.005 0.002 0.013 0.002 0.006 0.006 0.010 0.100 
>Sequence
Normalized_weight: 0.010
M     K     I     K     R     I     L     N     H     N     A     I     V     V     K     D     Q     N     -     E     E     K     I     L     L     G     A     G     I     A     F     N     K     K     K     N     D     I     V     D     P     S     K     I     E     K     T     F     I     R     K     D     T     P     D     Y     
0.005 0.003 0.003 0.002 0.006 0.003 0.002 0.005 0.010 0.003 0.004 0.013 0.008 0.003 0.010 0.002 0.005 0.003 0.002 0.003 0.002 0.004 0.005 0.004 0.007 0.002 0.025 0.005 0.005 0.005 0.005 0.008 0.001 0.002 0.003 0.011 0.002 0.009 0.004 0.003 0.006 0.003 0.001 0.004 0.002 0.002 0.006 0.005 0.006 0.056 0.002 0.009 0.011 0.030 0.010 0.200 
>Sequence
Normalized_weight: 0.006
M     I     I     K     K     I     L     N     N     N     V     V     I     A     E     G     K     S     G     K     E     S     V     V     M     G     R     G     L     A     F     Q     K     K     L     G     D     E     V     E     V     S     K     I     E     K     T     F     V     M     E     -     T     H     E     L     
0.005 0.009 0.003 0.002 0.002 0.003 0.002 0.005 0.002 0.003 0.002 0.002 0.003 0.003 0.004 0.013 0.006 0.026 0.003 0.003 0.002 0.014 0.005 0.003 0.003 0.002 0.003 0.005 0.012 0.005 0.005 0.004 0.001 0.002 0.038 0.002 0.002 0.004 0.004 0.005 0.010 0.003 0.001 0.004 0.002 0.002 0.006 0.005 0.002 0.007 0.003 0.002 0.011 0.018 0.007 0.022 
>Sequence
Normalized_weight: 0.007
M     K     I     A     K     I     L     N     N     N     V     V     T     V     M     D     E     Q     N     N     E     Q     V     V     M     G     R     G     L     G     F     K     K     R     P     G     D     T     V     N     A     A     L     I     E     K     I     F     S     L     R     -     S     S     E     L     
0.005 0.003 0.003 0.010 0.002 0.003 0.002 0.005 0.002 0.003 0.002 0.002 0.025 0.003 0.036 0.002 0.004 0.005 0.012 0.007 0.002 0.014 0.005 0.003 0.003 0.002 0.003 0.005 0.012 0.004 0.005 0.009 0.001 0.007 0.005 0.002 0.002 0.007 0.004 0.005 0.038 0.010 0.013 0.004 0.002 0.002 0.003 0.005 0.010 0.002 0.006 0.002 0.005 0.013 0.007 0.022 
>Sequence
Normalized_weight: 0.006
M     R     I     E     K     V     L     N     N     N     V     V     L     S     R     N     E     Q     G     E     E     I     V     Y     M     G     R     G     L     A     F     Q     K     K     I     G     D     T     I     N     P     D     Y     V     E     K     E     F     V     L     K     -     D     S     -     -     
0.005 0.006 0.003 0.010 0.002 0.002 0.002 0.005 0.002 0.003 0.002 0.002 0.003 0.014 0.006 0.004 0.004 0.005 0.003 0.003 0.002 0.005 0.005 0.071 0.003 0.002 0.003 0.005 0.012 0.005 0.005 0.004 0.001 0.002 0.005 0.002 0.002 0.007 0.003 0.005 0.006 0.008 0.031 0.004 0.002 0.002 0.013 0.005 0.002 0.002 0.002 0.002 0.006 0.013 0.003 0.002 
>Sequence
Normalized_weight: 0.005
M     I     I     K     K     I     L     N     N     N     V     V     I     A     E     G     K     S     G     K     E     S     V     V     M     G     R     G     L     A     F     Q     K     K     I     G     D     E     V     E     V     A     N     I     E     K     T     F     V     M     E     -     T     H     E     L     
0.005 0.009 0.003 0.002 0.002 0.003 0.002 0.005 0.002 0.003 0.002 0.002 0.003 0.003 0.004 0.013 0.006 0.026 0.003 0.003 0.002 0.014 0.005 0.003 0.003 0.002 0.003 0.005 0.012 0.005 0.005 0.004 0.001 0.002 0.005 0.002 0.002 0.004 0.004 0.005 0.010 0.010 0.008 0.004 0.002 0.002 0.006 0.005 0.002 0.007 0.003 0.002 0.011 0.018 0.007 0.022 
>Sequence
Normalized_weight: 0.007
M     Q     I     T     K     I     L     N     N     N     V     V     V     V     I     D     D     Q     Q     R     E     K     V     V     M     G     R     G     I     G     F     Q     K     R     A     G     E     R     I     N     S     S     G     I     E     K     E     Y     A     L     S     -     S     H     E     L     
0.005 0.016 0.003 0.010 0.002 0.003 0.002 0.005 0.002 0.003 0.002 0.002 0.008 0.003 0.005 0.002 0.003 0.005 0.028 0.006 0.002 0.004 0.005 0.003 0.003 0.002 0.003 0.005 0.005 0.004 0.005 0.004 0.001 0.007 0.005 0.002 0.009 0.007 0.003 0.005 0.010 0.003 0.010 0.004 0.002 0.002 0.013 0.038 0.011 0.002 0.019 0.002 0.005 0.018 0.007 0.022 
>Sequence
Normalized_weight: 0.008
M     K     I     A     K     I     L     N     N     N     V     V     T     V     I     D     E     N     N     N     E     S     V     V     M     G     R     G     L     G     F     K     K     H     S     G     D     L     L     D     E     T     L     I     E     R     V     F     V     M     K     -     S     G     E     L     
0.005 0.003 0.003 0.010 0.002 0.003 0.002 0.005 0.002 0.003 0.002 0.002 0.025 0.003 0.005 0.002 0.004 0.003 0.012 0.007 0.002 0.014 0.005 0.003 0.003 0.002 0.003 0.005 0.012 0.004 0.005 0.009 0.001 0.018 0.019 0.002 0.002 0.005 0.014 0.003 0.002 0.009 0.013 0.004 0.002 0.011 0.004 0.005 0.002 0.007 0.002 0.002 0.005 0.091 0.007 0.022 
>Sequence
Normalized_weight: 0.006
M     E     I     L     R     V     F     N     N     N     V     V     L     A     K     G     G     D     G     G     E     V     I     L     T     G     R     G     L     G     F     Q     A     K     P     G     Q     T     V     D     E     S     K     V     V     R     T     F     V     L     D     -     G     R     D     -     
0.005 0.016 0.003 0.005 0.006 0.002 0.006 0.005 0.002 0.003 0.002 0.002 0.003 0.003 0.010 0.013 0.012 0.005 0.003 0.016 0.002 0.002 0.005 0.004 0.012 0.002 0.003 0.005 0.012 0.004 0.005 0.004 0.013 0.002 0.005 0.002 0.025 0.007 0.004 0.003 0.002 0.003 0.001 0.004 0.025 0.011 0.006 0.005 0.002 0.002 0.013 0.002 0.018 0.010 0.010 0.002 
>Sequence
Normalized_weight: 0.006
M     E     I     L     R     V     F     N     N     N     V     V     L     A     K     G     G     D     G     G     E     V     I     L     T     G     R     G     L     G     F     Q     A     K     P     G     Q     T     V     D     E     S     K     V     V     R     T     F     V     P     S     -     D     -     -     -     
0.005 0.016 0.003 0.005 0.006 0.002 0.006 0.005 0.002 0.003 0.002 0.002 0.003 0.003 0.010 0.013 0.012 0.005 0.003 0.016 0.002 0.002 0.005 0.004 0.012 0.002 0.003 0.005 0.012 0.004 0.005 0.004 0.013 0.002 0.005 0.002 0.025 0.007 0.004 0.003 0.002 0.003 0.001 0.004 0.025 0.011 0.006 0.005 0.002 0.006 0.019 0.002 0.006 0.002 0.003 0.002 
>Sequence
Normalized_weight: 0.008
M     K     V     L     R     V     L     N     N     N     V     V     L     A     I     -     K     D     G     A     E     V     V     L     T     G     W     G     V     G     F     Q     K     K     P     G     E     D     V     D     Q     S     K     V     T     Q     V     F     V     P     E     -     N     N     -     -     
0.005 0.003 0.011 0.005 0.006 0.002 0.002 0.005 0.002 0.003 0.002 0.002 0.003 0.003 0.005 0.011 0.006 0.005 0.003 0.031 0.002 0.002 0.005 0.004 0.012 0.002 0.050 0.005 0.028 0.004 0.005 0.004 0.001 0.002 0.005 0.002 0.009 0.010 0.004 0.003 0.013 0.003 0.001 0.004 0.021 0.056 0.004 0.005 0.002 0.006 0.003 0.002 0.006 0.018 0.003 0.002 
>Sequence
Normalized_weight: 0.015
M     L     I     E     K     V     L     N     N     N     V     V     I     T     R     D     E     R     D     R     E     M     I     V     M     G     K     G     L     A     F     K     K     K     V     G     D     P     I     L     D     S     C     I     D     K     K     F     Q     L     T     -     N     D     G     L     
0.005 0.019 0.003 0.010 0.002 0.002 0.002 0.005 0.002 0.003 0.002 0.002 0.003 0.025 0.006 0.002 0.004 0.077 0.014 0.006 0.002 0.014 0.005 0.003 0.003 0.002 0.002 0.005 0.012 0.005 0.005 0.009 0.001 0.002 0.005 0.002 0.002 0.017 0.003 0.091 0.005 0.003 0.062 0.004 0.010 0.002 0.100 0.005 0.077 0.002 0.077 0.002 0.006 0.023 0.083 0.022 
>Sequence
Normalized_weight: 0.007
M     I     I     K     R     V     L     N     H     N     A     V     I     S     V     T     H     Q     G     L     D     V     L     L     M     G     K     G     I     A     F     K     K     R     I     G     D     R     I     N     S     D     A     I     E     K     S     F     V     L     K     -     N     S     D     -     
0.005 0.009 0.003 0.002 0.006 0.002 0.002 0.005 0.010 0.003 0.004 0.002 0.003 0.014 0.012 0.026 0.028 0.005 0.003 0.013 0.033 0.002 0.036 0.004 0.003 0.002 0.002 0.005 0.005 0.005 0.005 0.009 0.001 0.007 0.005 0.002 0.002 0.007 0.003 0.005 0.010 0.008 0.007 0.004 0.002 0.002 0.017 0.005 0.002 0.002 0.002 0.002 0.006 0.013 0.010 0.002 
>Sequence
Normalized_weight: 0.008
L     E     I     K     K     V     L     N     N     N     V     I     I     A     S     H     P     E     H     E     E     V     V     V     I     G     K     G     I     G     F     G     K     K     A     K     D     V     L     E     Q     E     Q     I     E     K     M     F     V     L     K     -     N     E     -     -     
0.037 0.016 0.003 0.002 0.002 0.002 0.002 0.005 0.002 0.003 0.002 0.013 0.003 0.003 0.018 0.010 0.042 0.013 0.014 0.003 0.002 0.002 0.005 0.003 0.004 0.002 0.002 0.005 0.005 0.004 0.005 0.004 0.001 0.002 0.005 0.083 0.002 0.006 0.014 0.005 0.013 0.004 0.006 0.004 0.002 0.002 0.014 0.005 0.002 0.002 0.002 0.002 0.006 0.006 0.003 0.002 
>Sequence
Normalized_weight: 0.006
-     R     I     L     N     P     M     N     H     N     V     S     L     V     R     N     D     K     G     E     E     V     I     V     I     G     K     G     I     A     F     G     K     K     K     G     D     L     I     A     E     N     Q     V     E     K     I     F     R     M     K     -     T     E     E     -     
0.009 0.006 0.003 0.005 0.033 0.013 0.020 0.005 0.010 0.003 0.002 0.029 0.003 0.003 0.006 0.004 0.003 0.010 0.003 0.003 0.002 0.002 0.005 0.003 0.004 0.002 0.002 0.005 0.005 0.005 0.005 0.004 0.001 0.002 0.003 0.002 0.002 0.005 0.003 0.015 0.002 0.006 0.006 0.004 0.002 0.002 0.003 0.005 0.013 0.007 0.002 0.002 0.011 0.006 0.007 0.002 
>Sequence
Normalized_weight: 0.006
M     Q     I     L     R     V     F     N     N     N     V     V     L     A     R     -     R     D     D     E     E     V     I     V     T     G     R     G     L     G     F     Q     A     K     T     G     D     D     V     D     P     T     K     V     V     R     V     F     V     P     A     -     D     -     -     -     
0.005 0.016 0.003 0.005 0.006 0.002 0.006 0.005 0.002 0.003 0.002 0.002 0.003 0.003 0.006 0.011 0.028 0.005 0.014 0.003 0.002 0.002 0.005 0.003 0.012 0.002 0.003 0.005 0.012 0.004 0.005 0.004 0.013 0.002 0.015 0.002 0.002 0.010 0.004 0.003 0.006 0.009 0.001 0.004 0.025 0.011 0.004 0.005 0.002 0.006 0.019 0.002 0.006 0.002 0.003 0.002 
>Sequence
Normalized_weight: 0.008
M     K     I     D     K     I     L     N     N     N     V     V     I     S     K     N     G     F     G     E     E     V     V     C     M     G     K     G     L     A     F     Q     K     K     I     G     D     E     I     S     P     E     A     V     Q     K     E     F     V     L     R     -     D     S     -     -     
0.005 0.003 0.003 0.042 0.002 0.003 0.002 0.005 0.002 0.003 0.002 0.002 0.003 0.014 0.010 0.004 0.012 0.077 0.003 0.003 0.002 0.002 0.005 0.071 0.003 0.002 0.002 0.005 0.012 0.005 0.005 0.004 0.001 0.002 0.005 0.002 0.002 0.004 0.003 0.008 0.006 0.004 0.007 0.004 0.031 0.002 0.013 0.005 0.002 0.002 0.006 0.002 0.006 0.013 0.003 0.002 
>Sequence
Normalized_weight: 0.009
M     L     I     K     R     V     L     N     H     N     A     A     I     S     T     N     H     Q     G     L     D     I     L     L     M     G     K     G     I     A     F     G     K     K     V     G     D     S     I     E     L     N     A     I     E     T     S     F     V     L     K     -     N     S     D     -     
0.005 0.019 0.003 0.002 0.006 0.002 0.002 0.005 0.010 0.003 0.004 0.008 0.003 0.014 0.006 0.004 0.028 0.005 0.003 0.013 0.033 0.005 0.036 0.004 0.003 0.002 0.002 0.005 0.005 0.005 0.005 0.004 0.001 0.002 0.005 0.002 0.002 0.021 0.003 0.005 0.038 0.006 0.007 0.004 0.002 0.083 0.017 0.005 0.002 0.002 0.002 0.002 0.006 0.013 0.010 0.002 
>Sequence
Normalized_weight: 0.006
-     R     I     L     N     P     M     N     H     N     V     S     L     V     R     N     D     K     G     E     E     V     I     I     I     G     K     G     I     A     F     G     K     R     K     G     D     L     I     A     E     N     Q     V     E     K     I     F     R     M     K     -     T     E     E     -     
0.009 0.006 0.003 0.005 0.033 0.013 0.020 0.005 0.010 0.003 0.002 0.029 0.003 0.003 0.006 0.004 0.003 0.010 0.003 0.003 0.002 0.002 0.005 0.009 0.004 0.002 0.002 0.005 0.005 0.005 0.005 0.004 0.001 0.007 0.003 0.002 0.002 0.005 0.003 0.015 0.002 0.006 0.006 0.004 0.002 0.002 0.003 0.005 0.013 0.007 0.002 0.002 0.011 0.006 0.007 0.002 
>Sequence
Normalized_weight: 0.014
M     R     I     K     K     V     L     N     N     N     A     F     I     T     H     N     D     D     H     Q     E     M     I     V     I     G     K     A     I     A     Y     G     K     H     F     N     D     T     V     D     E     S     K     V     Y     K     M     F     T     P     I     -     S     R     -     -     
0.005 0.006 0.003 0.002 0.002 0.002 0.002 0.005 0.002 0.003 0.004 0.071 0.003 0.025 0.012 0.004 0.003 0.005 0.014 0.003 0.002 0.014 0.005 0.003 0.004 0.002 0.002 0.250 0.005 0.005 0.056 0.004 0.001 0.018 0.038 0.011 0.002 0.007 0.004 0.003 0.002 0.003 0.001 0.004 0.021 0.002 0.014 0.005 0.005 0.006 0.077 0.002 0.005 0.010 0.003 0.002 
>Sequence
Normalized_weight: 0.006
M     K     I     Y     K     V     L     N     N     N     A     A     L     -     I     K     E     D     D     Q     E     K     I     V     M     G     P     G     I     A     F     Q     K     K     K     N     D     L     I     P     M     N     K     V     E     K     I     F     V     V     R     -     D     E     N     -     
0.005 0.003 0.003 0.028 0.002 0.002 0.002 0.005 0.002 0.003 0.004 0.008 0.003 0.031 0.005 0.010 0.004 0.005 0.014 0.003 0.002 0.004 0.005 0.003 0.003 0.002 0.025 0.005 0.005 0.005 0.005 0.004 0.001 0.002 0.003 0.011 0.002 0.005 0.003 0.006 0.019 0.006 0.001 0.004 0.002 0.002 0.003 0.005 0.002 0.019 0.006 0.002 0.006 0.006 0.019 0.002 
>Sequence
Normalized_weight: 0.009
-     R     V     L     N     P     M     N     H     N     V     A     L     A     R     N     E     K     G     E     E     L     V     I     V     G     K     G     I     I     F     G     K     R     K     G     D     F     V     P     K     D     K     V     E     K     V     F     R     M     K     -     T     E     E     -     
0.009 0.006 0.011 0.005 0.033 0.013 0.020 0.005 0.010 0.003 0.002 0.008 0.003 0.003 0.006 0.004 0.004 0.010 0.003 0.003 0.002 0.006 0.005 0.009 0.014 0.002 0.002 0.005 0.005 0.125 0.005 0.004 0.001 0.007 0.003 0.002 0.002 0.042 0.004 0.006 0.011 0.008 0.001 0.004 0.002 0.002 0.004 0.005 0.013 0.007 0.002 0.002 0.011 0.006 0.007 0.002 
>Sequence
Normalized_weight: 0.007
M     R     I     K     K     V     F     N     N     N     V     L     L     A     E     -     K     N     G     R     E     V     V     L     I     G     K     G     I     G     F     K     K     H     T     G     D     D     V     E     Q     Q     Q     I     T     K     I     Y     T     P     E     -     G     D     N     -     
0.005 0.006 0.003 0.002 0.002 0.002 0.006 0.005 0.002 0.003 0.002 0.012 0.003 0.003 0.004 0.011 0.006 0.003 0.003 0.006 0.002 0.002 0.005 0.004 0.004 0.002 0.002 0.005 0.005 0.004 0.005 0.009 0.001 0.018 0.015 0.002 0.002 0.010 0.004 0.005 0.013 0.007 0.006 0.004 0.021 0.002 0.003 0.038 0.005 0.006 0.003 0.002 0.018 0.023 0.019 0.002 
>Sequence
Normalized_weight: 0.006
M     K     I     T     R     I     L     N     N     S     A     V     I     S     E     N     Q     D     H     E     E     I     I     A     L     G     K     G     I     A     Y     G     K     K     V     G     D     E     F     D     K     Q     K     I     Y     K     I     F     T     P     -     -     -     -     -     -     
0.005 0.003 0.003 0.010 0.006 0.003 0.002 0.005 0.002 0.023 0.004 0.002 0.003 0.014 0.004 0.004 0.005 0.005 0.014 0.003 0.002 0.005 0.005 0.010 0.007 0.002 0.002 0.005 0.005 0.005 0.056 0.004 0.001 0.002 0.005 0.002 0.002 0.004 0.028 0.003 0.011 0.007 0.001 0.004 0.021 0.002 0.003 0.005 0.005 0.006 0.005 0.002 0.003 0.002 0.003 0.002 
>Sequence
Normalized_weight: 0.010
M     T     I     K     K     I     F     N     N     N     A     I     I     A     E     N     S     D     K     H     E     F     V     V     M     G     C     G     I     A     F     K     K     N     I     G     E     K     V     D     E     R     L     I     E     K     T     F     I     L     K     -     G     K     D     -     
0.005 0.056 0.003 0.002 0.002 0.003 0.006 0.005 0.002 0.003 0.004 0.013 0.003 0.003 0.004 0.004 0.010 0.005 0.017 0.031 0.002 0.018 0.005 0.003 0.003 0.002 0.033 0.005 0.005 0.005 0.005 0.009 0.001 0.125 0.005 0.002 0.009 0.012 0.004 0.003 0.002 0.026 0.013 0.004 0.002 0.002 0.006 0.005 0.006 0.002 0.002 0.002 0.018 0.006 0.010 0.002 
>Sequence
Normalized_weight: 0.008
L     R     I     H     K     I     L     N     K     N     A     V     V     V     L     D     D     -     G     K     E     K     I     V     M     G     A     G     I     A     F     Q     K     R     K     N     D     I     I     P     P     A     K     I     E     K     I     F     V     M     E     -     E     E     N     -     
0.037 0.006 0.003 0.042 0.002 0.003 0.002 0.005 0.083 0.003 0.004 0.002 0.008 0.003 0.006 0.002 0.003 0.026 0.003 0.003 0.002 0.004 0.005 0.003 0.003 0.002 0.025 0.005 0.005 0.005 0.005 0.004 0.001 0.007 0.003 0.011 0.002 0.009 0.003 0.006 0.006 0.010 0.001 0.004 0.002 0.002 0.003 0.005 0.002 0.007 0.003 0.002 0.006 0.006 0.019 0.002 
>Sequence
Normalized_weight: 0.008
M     Q     I     T     K     I     L     N     N     N     V     V     V     V     T     D     D     Q     Q     R     E     K     V     V     M     G     R     G     I     G     F     Q     K     C     A     G     E     R     I     N     S     S     G     I     E     K     E     Y     A     L     S     -     S     H     E     L     
0.005 0.016 0.003 0.010 0.002 0.003 0.002 0.005 0.002 0.003 0.002 0.002 0.008 0.003 0.006 0.002 0.003 0.005 0.028 0.006 0.002 0.004 0.005 0.003 0.003 0.002 0.003 0.005 0.005 0.004 0.005 0.004 0.001 0.062 0.005 0.002 0.009 0.007 0.003 0.005 0.010 0.003 0.010 0.004 0.002 0.002 0.013 0.038 0.011 0.002 0.019 0.002 0.005 0.018 0.007 0.022 
>Sequence
Normalized_weight: 0.010
M     R     I     E     R     I     L     N     N     N     I     V     S     A     I     S     E     D     A     Q     E     L     L     I     L     G     K     G     L     G     F     N     S     K     V     G     D     P     I     N     E     S     K     I     E     K     V     F     E     L     K     -     D     -     -     -     
0.005 0.006 0.003 0.010 0.006 0.003 0.002 0.005 0.002 0.003 0.048 0.002 0.042 0.003 0.005 0.019 0.004 0.005 0.083 0.003 0.002 0.006 0.036 0.009 0.007 0.002 0.002 0.005 0.012 0.004 0.005 0.008 0.125 0.002 0.005 0.002 0.002 0.017 0.003 0.005 0.002 0.003 0.001 0.004 0.002 0.002 0.004 0.005 0.026 0.002 0.002 0.002 0.006 0.002 0.003 0.002 
>Sequence
Normalized_weight: 0.009
M     K     I     I     R     V     L     N     N     S     A     V     I     I     E     N     Q     E     H     E     E     I     I     A     L     G     K     G     I     A     Y     G     K     K     A     G     D     E     F     D     K     Q     K     I     Y     K     I     F     T     P     L     -     S     D     N     -     
0.005 0.003 0.003 0.021 0.006 0.002 0.002 0.005 0.002 0.023 0.004 0.002 0.003 0.025 0.004 0.004 0.005 0.013 0.014 0.003 0.002 0.005 0.005 0.010 0.007 0.002 0.002 0.005 0.005 0.005 0.056 0.004 0.001 0.002 0.005 0.002 0.002 0.004 0.028 0.003 0.011 0.007 0.001 0.004 0.021 0.002 0.003 0.005 0.005 0.006 0.077 0.002 0.005 0.023 0.019 0.002 
>Sequence
Normalized_weight: 0.009
-     K     I     A     Q     I     F     N     N     N     V     A     L     V     D     L     D     N     R     G     Q     A     V     V     R     G     R     G     I     A     F     Q     K     R     R     G     D     V     I     P     T     K     Q     I     E     K     I     F     Y     L     A     -     N     E     -     -     
0.009 0.003 0.003 0.010 0.042 0.003 0.006 0.005 0.002 0.003 0.002 0.008 0.003 0.003 0.010 0.026 0.003 0.003 0.042 0.016 0.033 0.012 0.005 0.003 0.056 0.002 0.003 0.005 0.005 0.005 0.005 0.004 0.001 0.007 0.013 0.002 0.002 0.006 0.003 0.006 0.019 0.013 0.006 0.004 0.002 0.002 0.003 0.005 0.007 0.002 0.019 0.002 0.006 0.006 0.003 0.002 
>Sequence
Normalized_weight: 0.010
-     R     I     V     Q     I     L     N     N     N     V     A     I     V     H     T     R     N     N     K     Q     N     I     V     M     G     R     G     V     A     F     H     K     Q     K     G     D     L     I     Q     E     E     N     V     D     K     V     F     E     I     R     -     D     K     N     -     
0.009 0.006 0.003 0.012 0.042 0.003 0.002 0.005 0.002 0.003 0.002 0.008 0.003 0.003 0.012 0.026 0.028 0.003 0.012 0.003 0.033 0.036 0.005 0.003 0.003 0.002 0.003 0.005 0.028 0.005 0.005 0.036 0.001 0.062 0.003 0.002 0.002 0.005 0.003 0.023 0.002 0.004 0.008 0.004 0.010 0.002 0.004 0.005 0.026 0.014 0.006 0.002 0.006 0.006 0.019 0.002 
>Sequence
Normalized_weight: 0.018
L     R     V     K     R     V     F     N     N     N     T     I     L     V     H     D     S     N     G     L     E     K     I     V     I     G     K     G     I     S     F     N     K     R     V     G     N     I     I     S     E     E     A     V     E     K     T     F     I     V     D     -     S     P     E     I     
0.037 0.006 0.011 0.002 0.006 0.002 0.006 0.005 0.002 0.003 0.143 0.013 0.003 0.003 0.012 0.002 0.010 0.003 0.003 0.013 0.002 0.004 0.005 0.003 0.004 0.002 0.002 0.005 0.005 0.250 0.005 0.008 0.001 0.007 0.005 0.002 0.062 0.009 0.003 0.008 0.002 0.004 0.007 0.004 0.002 0.002 0.006 0.005 0.006 0.019 0.013 0.002 0.005 0.030 0.007 0.200 
>Sequence
Normalized_weight: 0.008
M     I     I     K     R     I     L     N     H     N     A     V     I     A     Q     S     K     K     D     I     D     I     L     L     F     G     R     G     I     A     F     G     R     K     I     G     D     K     V     N     P     I     D     I     E     K     S     F     F     L     K     -     N     R     D     -     
0.005 0.009 0.003 0.002 0.006 0.003 0.002 0.005 0.010 0.003 0.004 0.002 0.003 0.003 0.009 0.019 0.006 0.010 0.014 0.021 0.033 0.005 0.036 0.004 0.016 0.002 0.003 0.005 0.005 0.005 0.005 0.004 0.021 0.002 0.005 0.002 0.002 0.012 0.004 0.005 0.006 0.038 0.007 0.004 0.002 0.002 0.017 0.005 0.038 0.002 0.002 0.002 0.006 0.010 0.010 0.002 
>Sequence
Normalized_weight: 0.009
-     -     I     K     R     V     L     N     N     N     A     V     V     A     T     D     K     H     K     Q     T     L     V     A     L     G     N     G     I     A     F     H     K     K     A     G     E     V     I     G     E     E     R     V     E     K     V     F     Y     P     K     -     N     E     -     -     
0.009 0.005 0.003 0.002 0.006 0.002 0.002 0.005 0.002 0.003 0.004 0.002 0.008 0.003 0.006 0.002 0.006 0.008 0.017 0.003 0.167 0.006 0.005 0.010 0.007 0.002 0.017 0.005 0.005 0.005 0.005 0.036 0.001 0.002 0.005 0.002 0.009 0.006 0.003 0.045 0.002 0.004 0.016 0.004 0.002 0.002 0.004 0.005 0.007 0.006 0.002 0.002 0.006 0.006 0.003 0.002 
>Sequence
Normalized_weight: 0.008
M     L     V     K     R     I     F     N     N     N     V     L     L     A     E     N     S     E     -     Q     E     L     V     I     V     G     R     G     V     G     F     K     Q     K     I     G     N     T     V     D     S     S     K     I     E     K     T     Y     Y     P     Q     -     D     E     N     -     
0.005 0.019 0.011 0.002 0.006 0.003 0.006 0.005 0.002 0.003 0.002 0.012 0.003 0.003 0.004 0.004 0.010 0.013 0.002 0.003 0.002 0.006 0.005 0.009 0.014 0.002 0.003 0.005 0.028 0.004 0.005 0.009 0.042 0.002 0.005 0.002 0.062 0.007 0.004 0.003 0.010 0.003 0.001 0.004 0.002 0.002 0.006 0.038 0.007 0.006 0.019 0.002 0.006 0.006 0.019 0.002 
>Sequence
Normalized_weight: 0.006
-     -     I     K     K     I     F     N     N     N     S     V     L     A     L     D     S     E     K     R     E     I     V     I     L     G     C     G     I     A     F     K     K     K     V     N     D     K     V     S     E     D     N     V     E     K     T     F     I     L     K     -     Q     K     D     -     
0.009 0.005 0.003 0.002 0.002 0.003 0.006 0.005 0.002 0.003 0.036 0.002 0.003 0.003 0.006 0.002 0.010 0.013 0.017 0.006 0.002 0.005 0.005 0.009 0.007 0.002 0.033 0.005 0.005 0.005 0.005 0.009 0.001 0.002 0.005 0.011 0.002 0.012 0.004 0.008 0.002 0.008 0.008 0.004 0.002 0.002 0.006 0.005 0.006 0.002 0.002 0.002 0.023 0.006 0.010 0.002 
>Sequence
Normalized_weight: 0.011
L     T     I     V     K     L     I     N     N     N     V     V     L     A     I     D     E     N     N     N     E     V     I     L     M     D     K     G     I     G     F     N     R     K     K     G     D     R     L     N     V     Q     D     V     A     K     V     F     T     V     E     -     K     N     D     -     
0.037 0.056 0.003 0.012 0.002 0.045 0.018 0.005 0.002 0.003 0.002 0.002 0.003 0.003 0.005 0.002 0.004 0.003 0.012 0.007 0.002 0.002 0.005 0.004 0.003 0.083 0.002 0.005 0.005 0.004 0.005 0.008 0.021 0.002 0.003 0.002 0.002 0.007 0.014 0.005 0.010 0.007 0.007 0.004 0.062 0.002 0.004 0.005 0.005 0.019 0.003 0.002 0.045 0.018 0.010 0.002 
>Sequence
Normalized_weight: 0.010
M     K     V     K     K     I     I     N     N     N     V     A     L     -     I     D     R     G     G     N     E     A     I     I     Y     M     T     G     I     A     F     K     K     K     V     G     Q     R     I     N     D     S     E     I     E     K     T     Y     V     L     D     -     S     K     D     -     
0.005 0.003 0.011 0.002 0.002 0.003 0.018 0.005 0.002 0.003 0.002 0.008 0.003 0.031 0.005 0.002 0.028 0.003 0.003 0.007 0.002 0.012 0.005 0.009 0.056 0.083 0.050 0.005 0.005 0.005 0.005 0.009 0.001 0.002 0.005 0.002 0.025 0.007 0.003 0.005 0.005 0.003 0.031 0.004 0.002 0.002 0.006 0.038 0.002 0.002 0.013 0.002 0.005 0.006 0.010 0.002 
>Sequence
Normalized_weight: 0.009
M     V     I     K     K     I     L     N     N     S     A     V     T     T     I     D     D     A     T     R     E     K     V     I     M     G     K     G     I     A     F     Q     K     K     P     G     D     I     L     N     E     E     K     I     E     K     I     F     S     I     E     -     N     Q     N     -     
0.005 0.056 0.003 0.002 0.002 0.003 0.002 0.005 0.002 0.023 0.004 0.002 0.025 0.025 0.005 0.002 0.003 0.038 0.083 0.006 0.002 0.004 0.005 0.009 0.003 0.002 0.002 0.005 0.005 0.005 0.005 0.004 0.001 0.002 0.005 0.002 0.002 0.009 0.014 0.005 0.002 0.004 0.001 0.004 0.002 0.002 0.003 0.005 0.010 0.014 0.003 0.002 0.006 0.023 0.019 0.002 
>Sequence
Normalized_weight: 0.007
M     K     I     K     R     I     L     N     H     N     A     -     I     V     V     K     D     Q     N     E     E     K     I     L     L     G     A     G     I     A     F     N     K     K     K     N     D     I     V     D     P     S     K     I     E     K     T     F     I     R     K     -     D     -     -     -     
0.005 0.003 0.003 0.002 0.006 0.003 0.002 0.005 0.010 0.003 0.004 0.071 0.003 0.003 0.012 0.010 0.003 0.005 0.012 0.003 0.002 0.004 0.005 0.004 0.007 0.002 0.025 0.005 0.005 0.005 0.005 0.008 0.001 0.002 0.003 0.011 0.002 0.009 0.004 0.003 0.006 0.003 0.001 0.004 0.002 0.002 0.006 0.005 0.006 0.056 0.002 0.002 0.006 0.002 0.003 0.002 
>Sequence
Normalized_weight: 0.006
M     Q     I     A     K     V     L     N     N     N     V     V     V     V     L     D     E     H     R     R     E     Q     V     V     M     G     R     G     L     A     F     Q     K     R     P     G     D     V     L     D     D     S     K     I     E     K     V     F     A     L     Q     -     S     D     E     L     
0.005 0.016 0.003 0.010 0.002 0.002 0.002 0.005 0.002 0.003 0.002 0.002 0.008 0.003 0.006 0.002 0.004 0.008 0.042 0.006 0.002 0.014 0.005 0.003 0.003 0.002 0.003 0.005 0.012 0.005 0.005 0.004 0.001 0.007 0.005 0.002 0.002 0.006 0.014 0.003 0.005 0.003 0.001 0.004 0.002 0.002 0.004 0.005 0.011 0.002 0.019 0.002 0.005 0.023 0.007 0.022 
>Sequence
Normalized_weight: 0.008
-     -     I     K     K     V     L     N     S     S     V     V     L     V     E     -     E     N     G     K     E     M     I     A     L     G     K     G     I     G     F     G     Q     K     A     G     D     E     I     S     G     D     K     V     D     K     I     F     -     -     -     -     -     -     -     -     
0.009 0.005 0.003 0.002 0.002 0.002 0.002 0.005 0.056 0.023 0.002 0.002 0.003 0.003 0.004 0.011 0.004 0.003 0.003 0.003 0.002 0.014 0.005 0.010 0.007 0.002 0.002 0.005 0.005 0.004 0.005 0.004 0.042 0.002 0.005 0.002 0.002 0.004 0.003 0.008 0.019 0.008 0.001 0.004 0.010 0.002 0.003 0.005 0.077 0.012 0.005 0.002 0.003 0.002 0.003 0.002 
>Sequence
Normalized_weight: 0.009
-     -     V     K     K     A     L     N     N     N     V     L     I     A     E     H     P     S     Y     D     E     V     V     L     I     G     K     G     L     G     F     G     K     R     P     G     D     E     V     A     G     E     S     A     E     K     F     F     V     L     K     -     D     -     -     -     
0.009 0.005 0.011 0.002 0.002 0.023 0.002 0.005 0.002 0.003 0.002 0.012 0.003 0.003 0.004 0.010 0.042 0.026 0.042 0.021 0.002 0.002 0.005 0.004 0.004 0.002 0.002 0.005 0.012 0.004 0.005 0.004 0.001 0.007 0.005 0.002 0.002 0.004 0.004 0.015 0.019 0.004 0.031 0.033 0.002 0.002 0.050 0.005 0.002 0.002 0.002 0.002 0.006 0.002 0.003 0.002 
>Sequence
Normalized_weight: 0.009
M     K     I     K     K     I     F     N     Q     N     A     V     L     V     -     D     D     G     G     Q     E     K     V     A     I     G     K     G     I     G     F     D     R     K     R     N     D     L     I     F     D     R     D     V     E     R     I     F     V     M     E     -     P     E     -     -     
0.005 0.003 0.003 0.002 0.002 0.003 0.006 0.005 0.056 0.003 0.004 0.002 0.003 0.003 0.014 0.002 0.003 0.003 0.003 0.003 0.002 0.004 0.005 0.010 0.004 0.002 0.002 0.005 0.005 0.004 0.005 0.071 0.021 0.002 0.013 0.011 0.002 0.005 0.003 0.045 0.005 0.026 0.007 0.004 0.002 0.011 0.003 0.005 0.002 0.007 0.003 0.002 0.045 0.006 0.003 0.002 
>Sequence
Normalized_weight: 0.009
-     -     V     K     K     V     L     N     N     N     V     L     I     A     S     H     H     K     Y     S     E     V     V     L     I     G     K     G     I     G     F     G     K     K     Q     D     D     V     I     E     D     K     G     Y     D     K     M     F     I     L     K     -     D     E     -     -     
0.009 0.005 0.011 0.002 0.002 0.002 0.002 0.005 0.002 0.003 0.002 0.012 0.003 0.003 0.018 0.010 0.028 0.010 0.042 0.031 0.002 0.002 0.005 0.004 0.004 0.002 0.002 0.005 0.005 0.004 0.005 0.004 0.001 0.002 0.019 0.042 0.002 0.006 0.003 0.005 0.005 0.013 0.010 0.100 0.010 0.002 0.014 0.005 0.006 0.002 0.002 0.002 0.006 0.006 0.003 0.002 
>Sequence
Normalized_weight: 0.010
M     I     F     L     K     T     F     N     N     S     A     A     L     V     Q     D     D     Q     G     Q     E     Q     V     V     L     G     K     G     V     G     F     G     L     K     K     G     D     K     I     D     E     S     K     V     E     R     R     F     I     A     N     -     S     H     -     -     
0.005 0.009 0.062 0.005 0.002 0.015 0.006 0.005 0.002 0.023 0.004 0.008 0.003 0.003 0.009 0.002 0.003 0.005 0.003 0.003 0.002 0.014 0.005 0.003 0.007 0.002 0.002 0.005 0.028 0.004 0.005 0.004 0.062 0.002 0.003 0.002 0.002 0.012 0.003 0.003 0.002 0.003 0.001 0.004 0.002 0.011 0.025 0.005 0.006 0.111 0.038 0.002 0.005 0.018 0.003 0.002 
>Sequence
Normalized_weight: 0.011
M     K     I     K     K     V     L     N     Q     N     A     V     L     V     L     D     E     -     G     Q     E     K     V     A     V     G     K     G     V     G     F     N     K     T     K     N     D     V     L     S     R     Q     L     V     E     R     M     F     V     M     E     -     P     E     G     L     
0.005 0.003 0.003 0.002 0.002 0.002 0.002 0.005 0.056 0.003 0.004 0.002 0.003 0.003 0.006 0.002 0.004 0.026 0.003 0.003 0.002 0.004 0.005 0.010 0.014 0.002 0.002 0.005 0.028 0.004 0.005 0.008 0.001 0.042 0.003 0.011 0.002 0.006 0.014 0.008 0.077 0.007 0.013 0.004 0.002 0.011 0.014 0.005 0.002 0.007 0.003 0.002 0.045 0.006 0.083 0.022 
>Sequence
Normalized_weight: 0.009
L     L     I     K     R     V     F     N     N     N     S     A     L     V     E     L     G     N     N     R     E     A     V     V     V     G     N     G     I     A     F     K     K     T     E     G     K     E     I     D     T     S     K     V     E     N     I     F     Y     L     E     -     N     S     -     -     
0.037 0.019 0.003 0.002 0.006 0.002 0.006 0.005 0.002 0.003 0.036 0.008 0.003 0.003 0.004 0.026 0.012 0.003 0.012 0.006 0.002 0.012 0.005 0.003 0.014 0.002 0.017 0.005 0.005 0.005 0.005 0.009 0.001 0.042 0.019 0.002 0.031 0.004 0.003 0.003 0.019 0.003 0.001 0.004 0.002 0.042 0.003 0.005 0.007 0.002 0.003 0.002 0.006 0.013 0.003 0.002 
>Sequence
Normalized_weight: 0.009
-     -     V     K     K     P     L     N     N     N     V     L     I     A     Q     D     N     Y     Q     N     E     V     V     L     I     G     S     G     I     G     F     N     F     K     E     N     D     S     V     E     E     E     F     V     E     K     L     F     V     L     R     -     D     Q     E     -     
0.009 0.005 0.011 0.002 0.002 0.013 0.002 0.005 0.002 0.003 0.002 0.012 0.003 0.003 0.009 0.002 0.009 0.026 0.028 0.007 0.002 0.002 0.005 0.004 0.004 0.002 0.050 0.005 0.005 0.004 0.005 0.008 0.062 0.002 0.019 0.011 0.002 0.021 0.004 0.005 0.002 0.004 0.031 0.004 0.002 0.002 0.025 0.005 0.002 0.002 0.006 0.002 0.006 0.023 0.007 0.002 
>Sequence
Normalized_weight: 0.017
L     R     I     K     K     V     L     N     S     S     V     V     L     V     T     D     E     H     D     Q     E     F     I     L     L     G     K     G     I     G     Y     G     K     K     T     G     A     V     I     M     D     G     D     F     N     Q     V     F     V     -     -     -     -     -     -     -     
0.037 0.006 0.003 0.002 0.002 0.002 0.002 0.005 0.056 0.023 0.002 0.002 0.003 0.003 0.006 0.002 0.004 0.008 0.014 0.003 0.002 0.018 0.005 0.004 0.007 0.002 0.002 0.005 0.005 0.004 0.056 0.004 0.001 0.002 0.015 0.002 0.125 0.006 0.003 0.091 0.005 0.077 0.007 0.200 0.042 0.056 0.004 0.005 0.002 0.012 0.005 0.002 0.003 0.002 0.003 0.002 
>Sequence
Normalized_weight: 0.010
-     K     F     L     K     N     F     N     N     N     A     A     L     V     V     D     D     Q     D     V     E     W     I     V     I     G     N     G     V     G     F     G     K     H     Q     G     D     Q     I     D     D     Q     K     I     Q     R     R     F     V     -     -     -     -     -     -     -     
0.009 0.003 0.062 0.005 0.002 0.045 0.006 0.005 0.002 0.003 0.004 0.008 0.003 0.003 0.012 0.002 0.003 0.005 0.014 0.031 0.002 0.036 0.005 0.003 0.004 0.002 0.017 0.005 0.028 0.004 0.005 0.004 0.001 0.018 0.019 0.002 0.002 0.042 0.003 0.003 0.005 0.007 0.001 0.004 0.031 0.011 0.025 0.005 0.002 0.012 0.005 0.002 0.003 0.002 0.003 0.002 
>Sequence
Normalized_weight: 0.013
M     K     V     V     K     V     Y     N     N     N     V     V     S     V     L     N     E     Q     K     Q     E     L     I     V     T     G     R     G     I     G     F     Q     K     K     R     G     D     E     L     E     E     E     K     I     D     K     V     F     S     L     K     -     D     R     A     V     
0.005 0.003 0.011 0.012 0.002 0.002 0.143 0.005 0.002 0.003 0.002 0.002 0.042 0.003 0.006 0.004 0.004 0.005 0.017 0.003 0.002 0.006 0.005 0.003 0.012 0.002 0.003 0.005 0.005 0.004 0.005 0.004 0.001 0.002 0.013 0.002 0.002 0.004 0.014 0.005 0.002 0.004 0.001 0.004 0.010 0.002 0.004 0.005 0.010 0.002 0.002 0.002 0.006 0.010 0.167 0.100 
>Sequence
Normalized_weight: 0.008
-     -     I     T     K     T     L     N     N     N     V     I     I     C     -     T     K     N     H     Q     E     V     V     L     I     G     K     G     I     G     F     N     K     K     V     G     M     T     V     Q     E     N     A     I     E     K     I     Y     K     L     E     -     Q     Q     E     -     
0.009 0.005 0.003 0.010 0.002 0.015 0.002 0.005 0.002 0.003 0.002 0.013 0.003 0.021 0.014 0.026 0.006 0.003 0.014 0.003 0.002 0.002 0.005 0.004 0.004 0.002 0.002 0.005 0.005 0.004 0.005 0.008 0.001 0.002 0.005 0.002 0.025 0.007 0.004 0.023 0.002 0.006 0.007 0.004 0.002 0.002 0.003 0.038 0.019 0.002 0.003 0.002 0.023 0.023 0.007 0.002 
>Sequence
Normalized_weight: 0.011
-     -     V     M     K     K     L     N     H     N     A     V     L     -     I     D     D     D     G     I     E     K     I     A     M     G     K     G     I     G     F     S     A     K     V     S     K     P     F     D     V     E     D     A     D     K     L     F     V     L     D     -     S     K     E     -     
0.009 0.005 0.011 0.042 0.002 0.023 0.002 0.005 0.010 0.003 0.004 0.002 0.003 0.031 0.005 0.002 0.003 0.005 0.003 0.021 0.002 0.004 0.005 0.010 0.003 0.002 0.002 0.005 0.005 0.004 0.005 0.071 0.013 0.002 0.005 0.083 0.031 0.017 0.028 0.003 0.010 0.004 0.007 0.033 0.010 0.002 0.025 0.005 0.002 0.002 0.013 0.002 0.005 0.006 0.007 0.002 
>Sequence
Normalized_weight: 0.012
M     R     V     V     K     K     I     N     N     N     V     V     V     C     L     D     Q     H     G     E     E     L     V     A     F     G     K     G     L     G     F     Q     K     V     P     Y     E     L     T     D     M     T     K     V     T     M     T     F     Y     -     -     -     -     -     -     -     
0.005 0.006 0.011 0.012 0.002 0.023 0.018 0.005 0.002 0.003 0.002 0.002 0.008 0.021 0.006 0.002 0.005 0.008 0.003 0.003 0.002 0.006 0.005 0.010 0.016 0.002 0.002 0.005 0.012 0.004 0.005 0.004 0.001 0.062 0.005 0.083 0.009 0.005 0.083 0.003 0.019 0.009 0.001 0.004 0.021 0.083 0.006 0.005 0.007 0.012 0.005 0.002 0.003 0.002 0.003 0.002 
>Sequence
Normalized_weight: 0.007
-     -     I     E     K     T     L     N     N     N     V     I     I     C     T     D     E     N     H     H     E     V     V     L     I     G     K     G     I     G     F     N     K     K     K     G     M     E     L     S     D     S     M     I     D     K     V     Y     K     L     E     -     Q     K     -     -     
0.009 0.005 0.003 0.010 0.002 0.015 0.002 0.005 0.002 0.003 0.002 0.013 0.003 0.021 0.006 0.002 0.004 0.003 0.014 0.031 0.002 0.002 0.005 0.004 0.004 0.002 0.002 0.005 0.005 0.004 0.005 0.008 0.001 0.002 0.003 0.002 0.025 0.004 0.014 0.008 0.005 0.003 0.031 0.004 0.010 0.002 0.004 0.038 0.019 0.002 0.003 0.002 0.023 0.006 0.003 0.002 
>Sequence
Normalized_weight: 0.009
-     K     I     I     K     V     L     N     N     N     V     L     F     V     L     -     Q     N     N     K     E     K     I     L     F     E     R     G     I     G     F     G     K     K     I     D     D     L     I     S     D     T     H     V     E     K     V     F     S     I     E     -     N     E     N     -     
0.009 0.003 0.003 0.021 0.002 0.002 0.002 0.005 0.002 0.003 0.002 0.012 0.062 0.003 0.006 0.011 0.005 0.003 0.012 0.003 0.002 0.004 0.005 0.004 0.016 0.083 0.003 0.005 0.005 0.004 0.005 0.004 0.001 0.002 0.005 0.042 0.002 0.005 0.003 0.008 0.005 0.009 0.031 0.004 0.002 0.002 0.004 0.005 0.010 0.014 0.003 0.002 0.006 0.006 0.019 0.002 
>Sequence
Normalized_weight: 0.011
-     E     V     K     R     S     F     N     N     N     I     V     L     V     -     D     D     D     E     K     E     I     I     L     F     A     K     G     I     G     F     N     C     K     K     G     S     I     I     P     E     N     N     I     E     K     I     F     T     I     Q     -     D     E     N     -     
0.009 0.016 0.011 0.002 0.006 0.045 0.006 0.005 0.002 0.003 0.048 0.002 0.003 0.003 0.014 0.002 0.003 0.005 0.083 0.003 0.002 0.005 0.005 0.004 0.016 0.083 0.002 0.005 0.005 0.004 0.005 0.008 0.062 0.002 0.003 0.002 0.031 0.009 0.003 0.006 0.002 0.006 0.008 0.004 0.002 0.002 0.003 0.005 0.005 0.014 0.019 0.002 0.006 0.006 0.019 0.002 
>Sequence
Normalized_weight: 0.007
-     -     V     K     K     A     L     N     N     N     V     V     I     A     V     -     K     D     K     Y     E     F     I     I     V     G     K     G     I     G     F     N     A     K     K     G     S     R     I     P     E     N     K     I     E     N     V     F     I     -     -     -     -     -     -     -     
0.009 0.005 0.011 0.002 0.002 0.023 0.002 0.005 0.002 0.003 0.002 0.002 0.003 0.003 0.012 0.011 0.006 0.005 0.017 0.031 0.002 0.018 0.005 0.009 0.014 0.002 0.002 0.005 0.005 0.004 0.005 0.008 0.013 0.002 0.003 0.002 0.031 0.007 0.003 0.006 0.002 0.006 0.001 0.004 0.002 0.042 0.004 0.005 0.006 0.012 0.005 0.002 0.003 0.002 0.003 0.002 
>Sequence
Normalized_weight: 0.015
M     I     I     E     K     V     M     N     N     N     C     V     Q     A     -     S     M     N     G     Q     E     V     I     I     S     G     P     G     V     G     Y     N     K     K     Y     G     M     L     V     P     E     H     P     A     N     R     I     F     Y     V     R     -     N     E     -     -     
0.005 0.009 0.003 0.010 0.002 0.002 0.020 0.005 0.002 0.003 0.071 0.002 0.062 0.003 0.014 0.019 0.083 0.003 0.003 0.003 0.002 0.002 0.005 0.009 0.056 0.002 0.025 0.005 0.028 0.004 0.056 0.008 0.001 0.002 0.038 0.002 0.025 0.005 0.004 0.006 0.002 0.038 0.031 0.033 0.042 0.011 0.003 0.005 0.007 0.019 0.006 0.002 0.006 0.006 0.003 0.002 
>Sequence
Normalized_weight: 0.053
-     -     -     -     -     -     -     -     -     -     -     -     -     -     -     -     -     -     -     -     -     -     -     -     M     G     K     G     I     G     F     Q     A     K     S     G     D     P     V     D     K     T     K     I     E     K     I     F     T     L     N     -     S     Q     E     -     
0.009 0.005 0.125 0.083 0.167 0.091 0.143 0.500 0.167 0.250 0.143 0.071 0.125 0.031 0.014 0.011 0.083 0.026 0.002 0.062 0.167 0.071 0.250 0.143 0.003 0.002 0.002 0.005 0.005 0.004 0.005 0.004 0.013 0.002 0.019 0.002 0.002 0.017 0.004 0.003 0.011 0.009 0.001 0.004 0.002 0.002 0.003 0.005 0.005 0.002 0.038 0.002 0.005 0.023 0.007 0.002 
>Sequence
Normalized_weight: 0.006
M     Q     I     L     R     V     F     N     N     N     V     V     L     A     R     R     D     D     -     E     E     V     I     V     T     G     R     G     L     G     F     Q     A     K     T     G     D     D     V     D     P     T     K     V     V     R     V     F     V     P     A     D     G     R     D     -     
0.005 0.016 0.003 0.005 0.006 0.002 0.006 0.005 0.002 0.003 0.002 0.002 0.003 0.003 0.006 0.026 0.003 0.005 0.002 0.003 0.002 0.002 0.005 0.003 0.012 0.002 0.003 0.005 0.012 0.004 0.005 0.004 0.013 0.002 0.015 0.002 0.002 0.010 0.004 0.003 0.006 0.009 0.001 0.004 0.025 0.011 0.004 0.005 0.002 0.006 0.019 0.009 0.018 0.010 0.010 0.002 
>Sequence
Normalized_weight: 0.008
M     K     V     L     R     V     L     N     N     N     V     V     L     A     I     K     D     G     -     A     E     V     V     L     T     G     W     G     V     G     F     Q     K     K     P     G     E     D     V     D     Q     S     K     V     T     Q     V     F     V     P     E     N     N     R     D     -     
0.005 0.003 0.011 0.005 0.006 0.002 0.002 0.005 0.002 0.003 0.002 0.002 0.003 0.003 0.005 0.010 0.003 0.003 0.002 0.031 0.002 0.002 0.005 0.004 0.012 0.002 0.050 0.005 0.028 0.004 0.005 0.004 0.001 0.002 0.005 0.002 0.009 0.010 0.004 0.003 0.013 0.003 0.001 0.004 0.021 0.056 0.004 0.005 0.002 0.006 0.003 0.010 0.006 0.010 0.010 0.002 
>Sequence
Normalized_weight: 0.006
M     K     I     Y     K     V     L     N     N     N     A     A     L     I     K     E     D     D     -     Q     E     K     I     V     M     G     P     G     I     A     F     Q     K     K     K     N     D     L     I     P     M     N     K     V     E     K     I     F     V     V     R     D     E     N     E     -     
0.005 0.003 0.003 0.028 0.002 0.002 0.002 0.005 0.002 0.003 0.004 0.008 0.003 0.025 0.010 0.019 0.003 0.005 0.002 0.003 0.002 0.004 0.005 0.003 0.003 0.002 0.025 0.005 0.005 0.005 0.005 0.004 0.001 0.002 0.003 0.011 0.002 0.005 0.003 0.006 0.019 0.006 0.001 0.004 0.002 0.002 0.003 0.005 0.002 0.019 0.006 0.009 0.006 0.018 0.007 0.002 
>Sequence
Normalized_weight: 0.008
L     R     I     H     K     I     L     N     K     N     A     V     V     V     L     D     D     G     -     K     E     K     I     V     M     G     A     G     I     A     F     Q     K     R     K     N     D     I     I     P     P     A     K     I     E     K     I     F     V     M     E     E     E     N     E     -     
0.037 0.006 0.003 0.042 0.002 0.003 0.002 0.005 0.083 0.003 0.004 0.002 0.008 0.003 0.006 0.002 0.003 0.003 0.002 0.003 0.002 0.004 0.005 0.003 0.003 0.002 0.025 0.005 0.005 0.005 0.005 0.004 0.001 0.007 0.003 0.011 0.002 0.009 0.003 0.006 0.006 0.010 0.001 0.004 0.002 0.002 0.003 0.005 0.002 0.007 0.003 0.062 0.006 0.018 0.007 0.002 
>Sequence
Normalized_weight: 0.010
M     K     I     K     K     V     L     N     N     N     V     V     I     A     Q     N     D     N     -     E     E     T     I     L     M     S     L     G     L     G     F     G     K     K     A     G     E     V     V     E     D     K     K     I     E     K     I     F     A     L     K     V     T     P     E     -     
0.005 0.003 0.003 0.002 0.002 0.002 0.002 0.005 0.002 0.003 0.002 0.002 0.003 0.003 0.009 0.004 0.003 0.003 0.002 0.003 0.002 0.024 0.005 0.004 0.003 0.167 0.050 0.005 0.012 0.004 0.005 0.004 0.001 0.002 0.005 0.002 0.009 0.006 0.004 0.005 0.005 0.013 0.001 0.004 0.002 0.002 0.003 0.005 0.011 0.002 0.002 0.062 0.011 0.030 0.007 0.002 
>Sequence
Normalized_weight: 0.006
M     E     I     L     R     V     F     N     N     N     V     V     L     A     K     G     D     G     -     G     E     V     I     L     T     G     R     G     L     G     F     Q     A     K     P     G     Q     T     V     D     E     S     K     V     V     R     T     F     V     P     S     D     G     R     D     -     
0.005 0.016 0.003 0.005 0.006 0.002 0.006 0.005 0.002 0.003 0.002 0.002 0.003 0.003 0.010 0.013 0.003 0.003 0.002 0.016 0.002 0.002 0.005 0.004 0.012 0.002 0.003 0.005 0.012 0.004 0.005 0.004 0.013 0.002 0.005 0.002 0.025 0.007 0.004 0.003 0.002 0.003 0.001 0.004 0.025 0.011 0.006 0.005 0.002 0.006 0.019 0.009 0.018 0.010 0.010 0.002 
>Sequence
Normalized_weight: 0.006
M     R     I     E     K     V     L     N     N     N     V     V     L     S     R     N     Q     G     -     E     E     I     V     Y     M     G     R     G     L     A     F     Q     K     K     I     G     D     T     I     N     P     D     Y     V     E     K     E     F     V     L     K     D     S     -     -     -     
0.005 0.006 0.003 0.010 0.002 0.002 0.002 0.005 0.002 0.003 0.002 0.002 0.003 0.014 0.006 0.004 0.005 0.003 0.002 0.003 0.002 0.005 0.005 0.071 0.003 0.002 0.003 0.005 0.012 0.005 0.005 0.004 0.001 0.002 0.005 0.002 0.002 0.007 0.003 0.005 0.006 0.008 0.031 0.004 0.002 0.002 0.013 0.005 0.002 0.002 0.002 0.009 0.005 0.002 0.003 0.002 
>Sequence
Normalized_weight: 0.007
L     E     I     K     K     V     L     N     N     N     V     I     I     A     S     H     E     H     -     E     E     V     V     V     I     G     K     G     I     G     F     G     K     K     A     K     D     V     L     E     Q     E     Q     I     E     K     M     F     V     L     K     N     E     R     D     -     
0.037 0.016 0.003 0.002 0.002 0.002 0.002 0.005 0.002 0.003 0.002 0.013 0.003 0.003 0.018 0.010 0.004 0.008 0.002 0.003 0.002 0.002 0.005 0.003 0.004 0.002 0.002 0.005 0.005 0.004 0.005 0.004 0.001 0.002 0.005 0.083 0.002 0.006 0.014 0.005 0.013 0.004 0.006 0.004 0.002 0.002 0.014 0.005 0.002 0.002 0.002 0.010 0.006 0.010 0.010 0.002 
>Sequence
Normalized_weight: 0.008
M     K     I     A     K     I     L     N     N     N     V     V     T     V     M     D     Q     N     -     N     E     Q     V     V     M     G     R     G     L     G     F     K     K     R     P     G     D     T     V     N     A     A     L     I     E     K     I     F     S     L     R     S     S     -     -     -     
0.005 0.003 0.003 0.010 0.002 0.003 0.002 0.005 0.002 0.003 0.002 0.002 0.025 0.003 0.036 0.002 0.005 0.003 0.002 0.007 0.002 0.014 0.005 0.003 0.003 0.002 0.003 0.005 0.012 0.004 0.005 0.009 0.001 0.007 0.005 0.002 0.002 0.007 0.004 0.005 0.038 0.010 0.013 0.004 0.002 0.002 0.003 0.005 0.010 0.002 0.006 0.125 0.005 0.002 0.003 0.002 
>Sequence
Normalized_weight: 0.007
-     K     I     K     K     V     L     N     N     N     V     V     I     A     Q     N     D     N     -     E     E     T     I     L     M     G     L     G     L     G     F     G     K     K     A     G     E     V     V     E     D     K     K     I     E     K     I     F     A     L     K     V     T     S     E     -     
0.009 0.003 0.003 0.002 0.002 0.002 0.002 0.005 0.002 0.003 0.002 0.002 0.003 0.003 0.009 0.004 0.003 0.003 0.002 0.003 0.002 0.024 0.005 0.004 0.003 0.002 0.050 0.005 0.012 0.004 0.005 0.004 0.001 0.002 0.005 0.002 0.009 0.006 0.004 0.005 0.005 0.013 0.001 0.004 0.002 0.002 0.003 0.005 0.011 0.002 0.002 0.062 0.011 0.013 0.007 0.002 
>Sequence
Normalized_weight: 0.005
M     Q     I     T     K     I     L     N     N     N     V     V     V     V     I     D     D     Q     -     Q     E     K     V     V     M     G     R     G     I     G     F     Q     K     R     A     G     E     R     I     N     S     S     G     I     E     K     E     Y     A     L     -     -     -     -     -     -     
0.005 0.016 0.003 0.010 0.002 0.003 0.002 0.005 0.002 0.003 0.002 0.002 0.008 0.003 0.005 0.002 0.003 0.005 0.002 0.003 0.002 0.004 0.005 0.003 0.003 0.002 0.003 0.005 0.005 0.004 0.005 0.004 0.001 0.007 0.005 0.002 0.009 0.007 0.003 0.005 0.010 0.003 0.010 0.004 0.002 0.002 0.013 0.038 0.011 0.002 0.005 0.002 0.003 0.002 0.003 0.002 
>Sequence
Normalized_weight: 0.005
M     I     I     K     K     I     L     N     N     N     V     V     I     A     E     K     S     G     -     K     E     S     V     V     M     G     R     G     L     A     F     Q     K     K     L     G     D     E     V     E     V     S     K     I     E     K     T     F     V     M     E     -     -     -     -     -     
0.005 0.009 0.003 0.002 0.002 0.003 0.002 0.005 0.002 0.003 0.002 0.002 0.003 0.003 0.004 0.010 0.010 0.003 0.002 0.003 0.002 0.014 0.005 0.003 0.003 0.002 0.003 0.005 0.012 0.005 0.005 0.004 0.001 0.002 0.038 0.002 0.002 0.004 0.004 0.005 0.010 0.003 0.001 0.004 0.002 0.002 0.006 0.005 0.002 0.007 0.003 0.002 0.003 0.002 0.003 0.002 
>Sequence
Normalized_weight: 0.004
M     I     I     K     K     I     L     N     N     N     V     V     I     A     E     K     S     G     -     K     E     S     V     V     M     G     R     G     L     A     F     Q     K     K     I     G     D     E     V     E     V     A     N     I     E     K     T     F     V     M     E     -     -     -     -     -     
0.005 0.009 0.003 0.002 0.002 0.003 0.002 0.005 0.002 0.003 0.002 0.002 0.003 0.003 0.004 0.010 0.010 0.003 0.002 0.003 0.002 0.014 0.005 0.003 0.003 0.002 0.003 0.005 0.012 0.005 0.005 0.004 0.001 0.002 0.005 0.002 0.002 0.004 0.004 0.005 0.010 0.010 0.008 0.004 0.002 0.002 0.006 0.005 0.002 0.007 0.003 0.002 0.003 0.002 0.003 0.002 
>Sequence
Normalized_weight: 0.008
-     -     I     K     R     V     L     N     N     N     A     V     V     A     T     D     K     H     -     K     Q     T     L     V     L     G     N     G     I     A     F     H     K     K     A     G     E     V     I     G     E     E     R     V     E     K     V     F     Y     P     K     N     E     K     D     -     
0.009 0.005 0.003 0.002 0.006 0.002 0.002 0.005 0.002 0.003 0.004 0.002 0.008 0.003 0.006 0.002 0.006 0.008 0.002 0.003 0.033 0.024 0.036 0.003 0.007 0.002 0.017 0.005 0.005 0.005 0.005 0.036 0.001 0.002 0.005 0.002 0.009 0.006 0.003 0.045 0.002 0.004 0.016 0.004 0.002 0.002 0.004 0.005 0.007 0.006 0.002 0.010 0.006 0.006 0.010 0.002 
>Sequence
Normalized_weight: 0.008
M     K     I     K     K     I     F     N     Q     N     A     V     L     V     D     D     G     G     -     Q     E     K     V     A     I     G     K     G     I     G     F     D     R     K     R     N     D     L     I     F     D     R     D     V     E     R     I     F     V     M     E     -     -     -     -     -     
0.005 0.003 0.003 0.002 0.002 0.003 0.006 0.005 0.056 0.003 0.004 0.002 0.003 0.003 0.010 0.002 0.012 0.003 0.002 0.003 0.002 0.004 0.005 0.010 0.004 0.002 0.002 0.005 0.005 0.004 0.005 0.071 0.021 0.002 0.013 0.011 0.002 0.005 0.003 0.045 0.005 0.026 0.007 0.004 0.002 0.011 0.003 0.005 0.002 0.007 0.003 0.002 0.003 0.002 0.003 0.002 
>Sequence
Normalized_weight: 0.006
M     I     I     K     R     V     L     N     H     N     A     V     I     V     T     H     Q     G     -     L     D     V     L     L     M     G     K     G     I     A     F     K     K     R     I     G     D     R     I     N     S     D     A     I     E     K     S     F     V     L     K     N     S     -     -     -     
0.005 0.009 0.003 0.002 0.006 0.002 0.002 0.005 0.010 0.003 0.004 0.002 0.003 0.003 0.006 0.010 0.005 0.003 0.002 0.013 0.033 0.002 0.036 0.004 0.003 0.002 0.002 0.005 0.005 0.005 0.005 0.009 0.001 0.007 0.005 0.002 0.002 0.007 0.003 0.005 0.010 0.008 0.007 0.004 0.002 0.002 0.017 0.005 0.002 0.002 0.002 0.010 0.005 0.002 0.003 0.002 
>Sequence
Normalized_weight: 0.006
M     R     I     K     K     V     F     N     N     N     V     L     L     A     E     K     N     G     -     R     E     V     V     L     I     G     K     G     I     G     F     K     K     H     T     G     D     D     V     E     Q     Q     Q     I     T     K     I     Y     T     P     E     -     -     -     -     -     
0.005 0.006 0.003 0.002 0.002 0.002 0.006 0.005 0.002 0.003 0.002 0.012 0.003 0.003 0.004 0.010 0.009 0.003 0.002 0.006 0.002 0.002 0.005 0.004 0.004 0.002 0.002 0.005 0.005 0.004 0.005 0.009 0.001 0.018 0.015 0.002 0.002 0.010 0.004 0.005 0.013 0.007 0.006 0.004 0.021 0.002 0.003 0.038 0.005 0.006 0.003 0.002 0.003 0.002 0.003 0.002 
>Sequence
Normalized_weight: 0.006
M     K     I     A     K     V     I     N     N     N     V     I     V     V     N     E     Q     G     -     K     E     L     V     V     M     G     R     G     L     A     F     Q     K     K     S     G     D     D     V     D     E     A     R     I     E     K     V     F     T     L     D     N     -     -     -     -     
0.005 0.003 0.003 0.010 0.002 0.002 0.018 0.005 0.002 0.003 0.002 0.013 0.008 0.003 0.036 0.019 0.005 0.003 0.002 0.003 0.002 0.006 0.005 0.003 0.003 0.002 0.003 0.005 0.012 0.005 0.005 0.004 0.001 0.002 0.019 0.002 0.002 0.010 0.004 0.003 0.002 0.010 0.016 0.004 0.002 0.002 0.004 0.005 0.005 0.002 0.013 0.010 0.003 0.002 0.003 0.002 
>Sequence
Normalized_weight: 0.007
M     K     I     D     K     I     L     N     N     N     V     V     I     S     K     N     G     G     -     E     E     V     V     C     M     G     K     G     L     A     F     Q     K     K     I     G     D     E     I     S     P     E     A     V     Q     K     E     F     V     L     R     D     S     -     -     -     
0.005 0.003 0.003 0.042 0.002 0.003 0.002 0.005 0.002 0.003 0.002 0.002 0.003 0.014 0.010 0.004 0.012 0.003 0.002 0.003 0.002 0.002 0.005 0.071 0.003 0.002 0.002 0.005 0.012 0.005 0.005 0.004 0.001 0.002 0.005 0.002 0.002 0.004 0.003 0.008 0.006 0.004 0.007 0.004 0.031 0.002 0.013 0.005 0.002 0.002 0.006 0.009 0.005 0.002 0.003 0.002 
>Sequence
Normalized_weight: 0.006
M     Q     I     T     K     I     L     N     N     N     V     V     V     V     T     D     D     Q     -     Q     E     K     V     V     M     G     R     G     I     G     F     Q     K     C     A     G     E     R     I     N     S     S     G     I     E     K     E     Y     A     L     -     -     -     -     -     -     
0.005 0.016 0.003 0.010 0.002 0.003 0.002 0.005 0.002 0.003 0.002 0.002 0.008 0.003 0.006 0.002 0.003 0.005 0.002 0.003 0.002 0.004 0.005 0.003 0.003 0.002 0.003 0.005 0.005 0.004 0.005 0.004 0.001 0.062 0.005 0.002 0.009 0.007 0.003 0.005 0.010 0.003 0.010 0.004 0.002 0.002 0.013 0.038 0.011 0.002 0.005 0.002 0.003 0.002 0.003 0.002 
>Sequence
Normalized_weight: 0.011
M     I     I     K     R     I     L     N     H     N     A     V     I     A     Q     S     K     K     -     D     I     D     I     L     L     G     R     G     I     A     F     G     R     K     I     G     D     K     V     N     P     I     D     I     E     K     S     F     F     L     K     N     -     -     -     -     
0.005 0.009 0.003 0.002 0.006 0.003 0.002 0.005 0.010 0.003 0.004 0.002 0.003 0.003 0.009 0.019 0.006 0.010 0.002 0.021 0.167 0.071 0.005 0.004 0.007 0.002 0.003 0.005 0.005 0.005 0.005 0.004 0.021 0.002 0.005 0.002 0.002 0.012 0.004 0.005 0.006 0.038 0.007 0.004 0.002 0.002 0.017 0.005 0.038 0.002 0.002 0.010 0.003 0.002 0.003 0.002 
>Sequence
Normalized_weight: 0.008
M     L     I     K     R     V     L     N     H     N     A     A     I     S     T     H     Q     G     -     L     D     I     L     L     M     G     K     G     I     A     F     G     K     K     V     G     D     S     I     E     L     N     A     I     E     T     S     F     V     L     K     N     S     -     -     -     
0.005 0.019 0.003 0.002 0.006 0.002 0.002 0.005 0.010 0.003 0.004 0.008 0.003 0.014 0.006 0.010 0.005 0.003 0.002 0.013 0.033 0.005 0.036 0.004 0.003 0.002 0.002 0.005 0.005 0.005 0.005 0.004 0.001 0.002 0.005 0.002 0.002 0.021 0.003 0.005 0.038 0.006 0.007 0.004 0.002 0.083 0.017 0.005 0.002 0.002 0.002 0.010 0.005 0.002 0.003 0.002 
>Sequence
Normalized_weight: 0.008
-     K     I     A     Q     I     F     N     N     N     V     A     L     V     D     L     D     N     -     R     Q     A     V     V     R     G     R     G     I     A     F     Q     K     R     R     G     D     V     I     P     T     K     Q     I     E     K     I     F     Y     L     A     N     E     -     -     -     
0.009 0.003 0.003 0.010 0.042 0.003 0.006 0.005 0.002 0.003 0.002 0.008 0.003 0.003 0.010 0.026 0.003 0.003 0.002 0.006 0.033 0.012 0.005 0.003 0.056 0.002 0.003 0.005 0.005 0.005 0.005 0.004 0.001 0.007 0.013 0.002 0.002 0.006 0.003 0.006 0.019 0.013 0.006 0.004 0.002 0.002 0.003 0.005 0.007 0.002 0.019 0.010 0.006 0.002 0.003 0.002 
>Sequence
Normalized_weight: 0.008
M     V     I     K     K     I     L     N     N     S     A     V     T     T     I     D     D     A     -     T     E     K     V     I     M     G     K     G     I     A     F     Q     K     K     P     G     D     I     L     N     E     E     K     I     E     K     I     F     S     I     E     N     Q     N     E     -     
0.005 0.056 0.003 0.002 0.002 0.003 0.002 0.005 0.002 0.023 0.004 0.002 0.025 0.025 0.005 0.002 0.003 0.038 0.002 0.062 0.002 0.004 0.005 0.009 0.003 0.002 0.002 0.005 0.005 0.005 0.005 0.004 0.001 0.002 0.005 0.002 0.002 0.009 0.014 0.005 0.002 0.004 0.001 0.004 0.002 0.002 0.003 0.005 0.010 0.014 0.003 0.010 0.023 0.018 0.007 0.002 
>Sequence
Normalized_weight: 0.010
-     -     I     K     K     V     L     N     S     S     V     V     L     V     E     E     N     G     -     K     E     M     I     A     L     G     K     G     I     G     F     G     Q     K     A     G     D     E     I     S     G     D     K     V     D     K     I     F     L     P     F     E     E     K     -     -     
0.009 0.005 0.003 0.002 0.002 0.002 0.002 0.005 0.056 0.023 0.002 0.002 0.003 0.003 0.004 0.019 0.009 0.003 0.002 0.003 0.002 0.014 0.005 0.010 0.007 0.002 0.002 0.005 0.005 0.004 0.005 0.004 0.042 0.002 0.005 0.002 0.002 0.004 0.003 0.008 0.019 0.008 0.001 0.004 0.010 0.002 0.003 0.005 0.077 0.006 0.077 0.062 0.006 0.006 0.003 0.002 
>Sequence
Normalized_weight: 0.012
M     R     I     K     K     V     L     N     N     N     A     F     I     T     H     D     D     H     -     Q     E     M     I     V     I     G     K     A     I     A     Y     G     K     H     F     N     D     T     V     D     E     S     K     V     Y     K     M     F     T     P     -     -     -     -     -     -     
0.005 0.006 0.003 0.002 0.002 0.002 0.002 0.005 0.002 0.003 0.004 0.071 0.003 0.025 0.012 0.002 0.003 0.008 0.002 0.003 0.002 0.014 0.005 0.003 0.004 0.002 0.002 0.250 0.005 0.005 0.056 0.004 0.001 0.018 0.038 0.011 0.002 0.007 0.004 0.003 0.002 0.003 0.001 0.004 0.021 0.002 0.014 0.005 0.005 0.006 0.005 0.002 0.003 0.002 0.003 0.002 
>Sequence
Normalized_weight: 0.008
-     -     V     K     K     V     L     N     N     N     V     L     I     A     H     H     K     Y     -     S     E     V     V     L     I     G     K     G     I     G     F     G     K     K     Q     D     D     V     I     E     D     K     G     Y     D     K     M     F     I     L     K     D     E     K     E     -     
0.009 0.005 0.011 0.002 0.002 0.002 0.002 0.005 0.002 0.003 0.002 0.012 0.003 0.003 0.012 0.010 0.006 0.026 0.002 0.031 0.002 0.002 0.005 0.004 0.004 0.002 0.002 0.005 0.005 0.004 0.005 0.004 0.001 0.002 0.019 0.042 0.002 0.006 0.003 0.005 0.005 0.013 0.010 0.100 0.010 0.002 0.014 0.005 0.006 0.002 0.002 0.009 0.006 0.006 0.007 0.002 
>Sequence
Normalized_weight: 0.009
-     -     V     K     K     A     L     N     N     N     V     L     I     A     E     H     S     Y     -     D     E     V     V     L     I     G     K     G     L     G     F     G     K     R     P     G     D     E     V     A     G     E     S     A     E     K     F     F     V     L     K     D     A     K     E     -     
0.009 0.005 0.011 0.002 0.002 0.023 0.002 0.005 0.002 0.003 0.002 0.012 0.003 0.003 0.004 0.010 0.010 0.026 0.002 0.021 0.002 0.002 0.005 0.004 0.004 0.002 0.002 0.005 0.012 0.004 0.005 0.004 0.001 0.007 0.005 0.002 0.002 0.004 0.004 0.015 0.019 0.004 0.031 0.033 0.002 0.002 0.050 0.005 0.002 0.002 0.002 0.009 0.091 0.006 0.007 0.002 
>Sequence
Normalized_weight: 0.010
M     K     V     K     K     I     I     N     N     N     V     A     L     I     D     R     G     G     -     N     E     A     I     I     Y     M     T     G     I     A     F     K     K     K     V     G     Q     R     I     N     D     S     E     I     E     K     T     Y     V     L     -     D     S     K     D     -     
0.005 0.003 0.011 0.002 0.002 0.003 0.018 0.005 0.002 0.003 0.002 0.008 0.003 0.025 0.010 0.026 0.012 0.003 0.002 0.007 0.002 0.012 0.005 0.009 0.056 0.083 0.050 0.005 0.005 0.005 0.005 0.009 0.001 0.002 0.005 0.002 0.025 0.007 0.003 0.005 0.005 0.003 0.031 0.004 0.002 0.002 0.006 0.038 0.002 0.002 0.005 0.009 0.005 0.006 0.010 0.002 
>Sequence
Normalized_weight: 0.006
-     R     I     L     N     P     M     N     H     N     V     S     L     V     R     D     K     G     -     E     E     V     I     V     I     G     K     G     I     A     F     G     K     K     K     G     D     L     I     A     E     N     Q     V     E     K     I     F     R     M     K     T     E     -     -     -     
0.009 0.006 0.003 0.005 0.033 0.013 0.020 0.005 0.010 0.003 0.002 0.029 0.003 0.003 0.006 0.002 0.006 0.003 0.002 0.003 0.002 0.002 0.005 0.003 0.004 0.002 0.002 0.005 0.005 0.005 0.005 0.004 0.001 0.002 0.003 0.002 0.002 0.005 0.003 0.015 0.002 0.006 0.006 0.004 0.002 0.002 0.003 0.005 0.013 0.007 0.002 0.042 0.006 0.002 0.003 0.002 
>Sequence
Normalized_weight: 0.006
-     -     I     K     K     I     F     N     N     N     S     V     L     A     L     D     S     E     -     K     E     I     V     I     L     G     C     G     I     A     F     K     K     K     V     N     D     K     V     S     E     D     N     V     E     K     T     F     I     L     K     -     -     -     -     -     
0.009 0.005 0.003 0.002 0.002 0.003 0.006 0.005 0.002 0.003 0.036 0.002 0.003 0.003 0.006 0.002 0.010 0.013 0.002 0.003 0.002 0.005 0.005 0.009 0.007 0.002 0.033 0.005 0.005 0.005 0.005 0.009 0.001 0.002 0.005 0.011 0.002 0.012 0.004 0.008 0.002 0.008 0.008 0.004 0.002 0.002 0.006 0.005 0.006 0.002 0.002 0.002 0.003 0.002 0.003 0.002 
>Sequence
Normalized_weight: 0.006
-     R     I     L     N     P     M     N     H     N     V     S     L     V     R     D     K     G     -     E     E     V     I     I     I     G     K     G     I     A     F     G     K     R     K     G     D     L     I     A     E     N     Q     V     E     K     I     F     R     M     K     T     E     -     -     -     
0.009 0.006 0.003 0.005 0.033 0.013 0.020 0.005 0.010 0.003 0.002 0.029 0.003 0.003 0.006 0.002 0.006 0.003 0.002 0.003 0.002 0.002 0.005 0.009 0.004 0.002 0.002 0.005 0.005 0.005 0.005 0.004 0.001 0.007 0.003 0.002 0.002 0.005 0.003 0.015 0.002 0.006 0.006 0.004 0.002 0.002 0.003 0.005 0.013 0.007 0.002 0.042 0.006 0.002 0.003 0.002 
>Sequence
Normalized_weight: 0.006
M     K     I     T     R     I     L     N     N     S     A     V     I     S     E     N     Q     H     -     E     E     I     I     A     L     G     K     G     I     A     Y     G     K     K     V     G     D     E     F     D     K     Q     K     I     Y     K     I     F     T     P     -     -     -     -     -     -     
0.005 0.003 0.003 0.010 0.006 0.003 0.002 0.005 0.002 0.023 0.004 0.002 0.003 0.014 0.004 0.004 0.005 0.008 0.002 0.003 0.002 0.005 0.005 0.010 0.007 0.002 0.002 0.005 0.005 0.005 0.056 0.004 0.001 0.002 0.005 0.002 0.002 0.004 0.028 0.003 0.011 0.007 0.001 0.004 0.021 0.002 0.003 0.005 0.005 0.006 0.005 0.002 0.003 0.002 0.003 0.002 
>Sequence
Normalized_weight: 0.007
M     K     I     I     R     V     L     N     N     S     A     V     I     I     E     N     Q     H     -     E     E     I     I     A     L     G     K     G     I     A     Y     G     K     K     A     G     D     E     F     D     K     Q     K     I     Y     K     I     F     T     P     -     -     -     -     -     -     
0.005 0.003 0.003 0.021 0.006 0.002 0.002 0.005 0.002 0.023 0.004 0.002 0.003 0.025 0.004 0.004 0.005 0.008 0.002 0.003 0.002 0.005 0.005 0.010 0.007 0.002 0.002 0.005 0.005 0.005 0.056 0.004 0.001 0.002 0.005 0.002 0.002 0.004 0.028 0.003 0.011 0.007 0.001 0.004 0.021 0.002 0.003 0.005 0.005 0.006 0.005 0.002 0.003 0.002 0.003 0.002 
>Sequence
Normalized_weight: 0.009
-     R     I     V     Q     I     L     N     N     N     V     A     I     V     H     R     N     N     -     K     Q     N     I     V     M     G     R     G     V     A     F     H     K     Q     K     G     D     L     I     Q     E     E     N     V     D     K     V     F     E     I     R     D     -     -     -     -     
0.009 0.006 0.003 0.012 0.042 0.003 0.002 0.005 0.002 0.003 0.002 0.008 0.003 0.003 0.012 0.026 0.009 0.003 0.002 0.003 0.033 0.036 0.005 0.003 0.003 0.002 0.003 0.005 0.028 0.005 0.005 0.036 0.001 0.062 0.003 0.002 0.002 0.005 0.003 0.023 0.002 0.004 0.008 0.004 0.010 0.002 0.004 0.005 0.026 0.014 0.006 0.009 0.003 0.002 0.003 0.002 
>Sequence
Normalized_weight: 0.010
-     -     I     V     K     L     I     N     N     N     V     V     L     A     I     D     E     N     -     N     E     V     I     L     M     D     K     G     I     G     F     N     R     K     K     G     D     R     L     N     V     Q     D     V     A     K     V     F     V     E     K     N     D     R     -     -     
0.009 0.005 0.003 0.012 0.002 0.045 0.018 0.005 0.002 0.003 0.002 0.002 0.003 0.003 0.005 0.002 0.004 0.003 0.002 0.007 0.002 0.002 0.005 0.004 0.003 0.083 0.002 0.005 0.005 0.004 0.005 0.008 0.021 0.002 0.003 0.002 0.002 0.007 0.014 0.005 0.010 0.007 0.007 0.004 0.062 0.002 0.004 0.005 0.002 0.111 0.002 0.010 0.006 0.010 0.003 0.002 
>Sequence
Normalized_weight: 0.008
M     I     F     L     K     T     F     N     N     S     A     A     L     V     Q     D     Q     G     -     Q     E     Q     V     V     L     G     K     G     V     G     F     G     L     K     K     G     D     K     I     D     E     S     K     V     E     R     R     F     I     -     -     -     -     -     -     -     
0.005 0.009 0.062 0.005 0.002 0.015 0.006 0.005 0.002 0.023 0.004 0.008 0.003 0.003 0.009 0.002 0.005 0.003 0.002 0.003 0.002 0.014 0.005 0.003 0.007 0.002 0.002 0.005 0.028 0.004 0.005 0.004 0.062 0.002 0.003 0.002 0.002 0.012 0.003 0.003 0.002 0.003 0.001 0.004 0.002 0.011 0.025 0.005 0.006 0.012 0.005 0.002 0.003 0.002 0.003 0.002 
>Sequence
Normalized_weight: 0.008
L     L     I     K     R     V     F     N     N     N     S     A     L     V     E     G     N     N     -     R     E     A     V     V     V     G     N     G     I     A     F     K     K     T     E     G     K     E     I     D     T     S     K     V     E     N     I     F     Y     L     E     N     S     -     -     -     
0.037 0.019 0.003 0.002 0.006 0.002 0.006 0.005 0.002 0.003 0.036 0.008 0.003 0.003 0.004 0.013 0.009 0.003 0.002 0.006 0.002 0.012 0.005 0.003 0.014 0.002 0.017 0.005 0.005 0.005 0.005 0.009 0.001 0.042 0.019 0.002 0.031 0.004 0.003 0.003 0.019 0.003 0.001 0.004 0.002 0.042 0.003 0.005 0.007 0.002 0.003 0.010 0.005 0.002 0.003 0.002 
>Sequence
Normalized_weight: 0.008
-     I     V     K     K     P     L     N     N     N     V     L     I     A     Q     D     N     Q     -     N     E     V     V     L     I     G     S     G     I     G     F     N     F     K     E     N     D     S     V     E     E     E     F     V     E     K     L     F     V     L     R     D     -     -     -     -     
0.009 0.009 0.011 0.002 0.002 0.013 0.002 0.005 0.002 0.003 0.002 0.012 0.003 0.003 0.009 0.002 0.009 0.005 0.002 0.007 0.002 0.002 0.005 0.004 0.004 0.002 0.050 0.005 0.005 0.004 0.005 0.008 0.062 0.002 0.019 0.011 0.002 0.021 0.004 0.005 0.002 0.004 0.031 0.004 0.002 0.002 0.025 0.005 0.002 0.002 0.006 0.009 0.003 0.002 0.003 0.002 
>Sequence
Normalized_weight: 0.011
-     -     -     Y     R     V     L     N     H     N     V     A     L     A     R     N     E     G     -     E     E     L     V     I     V     G     K     G     I     I     F     G     K     R     K     G     D     F     V     P     K     D     K     V     E     K     V     F     R     M     K     T     E     -     -     -     
0.009 0.005 0.125 0.028 0.006 0.002 0.002 0.005 0.010 0.003 0.002 0.008 0.003 0.003 0.006 0.004 0.004 0.003 0.002 0.003 0.002 0.006 0.005 0.009 0.014 0.002 0.002 0.005 0.005 0.125 0.005 0.004 0.001 0.007 0.003 0.002 0.002 0.042 0.004 0.006 0.011 0.008 0.001 0.004 0.002 0.002 0.004 0.005 0.013 0.007 0.002 0.042 0.006 0.002 0.003 0.002 
>Sequence
Normalized_weight: 0.006
-     -     I     T     K     T     L     N     N     N     V     I     I     C     T     K     N     H     -     Q     E     V     V     L     I     G     K     G     I     G     F     N     K     K     V     G     M     T     V     Q     E     N     A     I     E     K     I     Y     K     L     E     -     -     -     -     -     
0.009 0.005 0.003 0.010 0.002 0.015 0.002 0.005 0.002 0.003 0.002 0.013 0.003 0.021 0.006 0.010 0.009 0.008 0.002 0.003 0.002 0.002 0.005 0.004 0.004 0.002 0.002 0.005 0.005 0.004 0.005 0.008 0.001 0.002 0.005 0.002 0.025 0.007 0.004 0.023 0.002 0.006 0.007 0.004 0.002 0.002 0.003 0.038 0.019 0.002 0.003 0.002 0.003 0.002 0.003 0.002 
>Sequence
Normalized_weight: 0.007
-     -     V     K     K     A     L     N     N     N     V     V     I     A     V     K     D     K     -     Y     E     F     I     I     V     G     K     G     I     G     F     N     A     K     K     G     S     R     I     P     E     N     K     I     E     N     V     F     I     -     -     -     -     -     -     -     
0.009 0.005 0.011 0.002 0.002 0.023 0.002 0.005 0.002 0.003 0.002 0.002 0.003 0.003 0.012 0.010 0.003 0.010 0.002 0.031 0.002 0.018 0.005 0.009 0.014 0.002 0.002 0.005 0.005 0.004 0.005 0.008 0.013 0.002 0.003 0.002 0.031 0.007 0.003 0.006 0.002 0.006 0.001 0.004 0.002 0.042 0.004 0.005 0.006 0.012 0.005 0.002 0.003 0.002 0.003 0.002 
>Sequence
Normalized_weight: 0.010
-     E     V     K     R     S     F     N     N     N     I     V     L     V     D     D     D     E     -     K     E     I     I     L     F     A     K     G     I     G     F     N     C     K     K     G     S     I     I     P     E     T     N     I     E     K     I     F     T     I     Q     D     E     -     -     -     
0.009 0.016 0.011 0.002 0.006 0.045 0.006 0.005 0.002 0.003 0.048 0.002 0.003 0.003 0.010 0.002 0.003 0.013 0.002 0.003 0.002 0.005 0.005 0.004 0.016 0.083 0.002 0.005 0.005 0.004 0.005 0.008 0.062 0.002 0.003 0.002 0.031 0.009 0.003 0.006 0.002 0.009 0.008 0.004 0.002 0.002 0.003 0.005 0.005 0.014 0.019 0.009 0.006 0.002 0.003 0.002 
>Sequence
Normalized_weight: 0.010
-     K     I     I     K     V     L     N     N     N     V     L     F     V     L     Q     N     N     -     K     E     K     I     L     F     E     R     G     I     G     F     G     K     K     I     D     D     L     I     S     D     T     H     V     E     K     V     F     S     I     E     N     E     -     -     -     
0.009 0.003 0.003 0.021 0.002 0.002 0.002 0.005 0.002 0.003 0.002 0.012 0.062 0.003 0.006 0.077 0.009 0.003 0.002 0.003 0.002 0.004 0.005 0.004 0.016 0.083 0.003 0.005 0.005 0.004 0.005 0.004 0.001 0.002 0.005 0.042 0.002 0.005 0.003 0.008 0.005 0.009 0.031 0.004 0.002 0.002 0.004 0.005 0.010 0.014 0.003 0.010 0.006 0.002 0.003 0.002 
>Sequence
Normalized_weight: 0.010
-     K     F     L     K     N     F     N     N     N     A     L     V     V     D     D     Q     D     -     V     E     W     I     V     I     G     N     G     V     G     F     G     K     H     Q     G     D     Q     I     D     D     Q     K     I     Q     R     R     F     V     -     -     -     -     -     -     -     
0.009 0.003 0.062 0.005 0.002 0.045 0.006 0.005 0.002 0.003 0.004 0.012 0.008 0.003 0.010 0.002 0.005 0.005 0.002 0.031 0.002 0.036 0.005 0.003 0.004 0.002 0.017 0.005 0.028 0.004 0.005 0.004 0.001 0.018 0.019 0.002 0.002 0.042 0.003 0.003 0.005 0.007 0.001 0.004 0.031 0.011 0.025 0.005 0.002 0.012 0.005 0.002 0.003 0.002 0.003 0.002 
>Sequence
Normalized_weight: 0.011
-     -     V     M     K     K     L     N     H     N     A     V     L     I     D     D     D     G     -     I     E     K     I     A     M     G     K     G     I     G     F     S     A     K     V     S     K     P     F     D     V     E     D     A     D     K     L     F     V     L     -     D     S     K     E     -     
0.009 0.005 0.011 0.042 0.002 0.023 0.002 0.005 0.010 0.003 0.004 0.002 0.003 0.025 0.010 0.002 0.003 0.003 0.002 0.021 0.002 0.004 0.005 0.010 0.003 0.002 0.002 0.005 0.005 0.004 0.005 0.071 0.013 0.002 0.005 0.083 0.031 0.017 0.028 0.003 0.010 0.004 0.007 0.033 0.010 0.002 0.025 0.005 0.002 0.002 0.005 0.009 0.005 0.006 0.007 0.002 
>Sequence
Normalized_weight: 0.015
M     I     I     E     K     V     M     N     N     N     C     V     Q     A     S     M     N     G     -     Q     E     V     I     I     S     G     P     G     V     G     Y     N     K     K     Y     G     M     L     V     P     E     H     P     A     N     R     I     F     Y     V     R     N     E     -     -     -     
0.005 0.009 0.003 0.010 0.002 0.002 0.020 0.005 0.002 0.003 0.071 0.002 0.062 0.003 0.018 0.077 0.009 0.003 0.002 0.003 0.002 0.002 0.005 0.009 0.056 0.002 0.025 0.005 0.028 0.004 0.056 0.008 0.001 0.002 0.038 0.002 0.025 0.005 0.004 0.006 0.002 0.038 0.031 0.033 0.042 0.011 0.003 0.005 0.007 0.019 0.006 0.010 0.006 0.002 0.003 0.002 
>Sequence
Normalized_weight: 0.013
-     -     I     E     K     T     L     N     N     N     V     I     I     C     T     D     E     N     -     Q     E     V     V     L     I     G     K     G     I     G     F     N     K     K     K     G     E     L     S     D     S     V     M     I     D     K     V     Y     K     L     E     Q     K     K     D     -     
0.009 0.005 0.003 0.010 0.002 0.015 0.002 0.005 0.002 0.003 0.002 0.013 0.003 0.021 0.006 0.002 0.004 0.003 0.002 0.003 0.002 0.002 0.005 0.004 0.004 0.002 0.002 0.005 0.005 0.004 0.005 0.008 0.001 0.002 0.003 0.002 0.009 0.005 0.167 0.003 0.010 0.077 0.031 0.004 0.010 0.002 0.004 0.038 0.019 0.002 0.003 0.125 0.045 0.006 0.010 0.002 
>Sequence
Normalized_weight: 0.012
M     R     V     V     K     K     I     N     N     N     V     V     V     C     L     D     Q     G     -     E     E     L     V     A     F     G     K     G     L     G     F     Q     K     V     P     Y     E     L     T     D     M     T     K     V     T     M     T     F     Y     -     -     -     -     -     -     -     
0.005 0.006 0.011 0.012 0.002 0.023 0.018 0.005 0.002 0.003 0.002 0.002 0.008 0.021 0.006 0.002 0.005 0.003 0.002 0.003 0.002 0.006 0.005 0.010 0.016 0.002 0.002 0.005 0.012 0.004 0.005 0.004 0.001 0.062 0.005 0.083 0.009 0.005 0.083 0.003 0.019 0.009 0.001 0.004 0.021 0.083 0.006 0.005 0.007 0.012 0.005 0.002 0.003 0.002 0.003 0.002 
>Sequence
Normalized_weight: 0.019
M     K     V     K     V     Y     N     N     N     V     V     S     V     L     N     E     Q     K     -     Q     E     L     I     V     T     G     R     G     I     G     F     Q     K     K     R     G     D     E     L     E     E     E     K     I     D     K     V     F     S     L     K     D     -     -     -     -     
0.005 0.003 0.011 0.002 0.167 0.091 0.143 0.005 0.002 0.250 0.002 0.029 0.008 0.125 0.036 0.019 0.005 0.010 0.002 0.003 0.002 0.006 0.005 0.003 0.012 0.002 0.003 0.005 0.005 0.004 0.005 0.004 0.001 0.002 0.013 0.002 0.002 0.004 0.014 0.005 0.002 0.004 0.001 0.004 0.010 0.002 0.004 0.005 0.010 0.002 0.002 0.009 0.003 0.002 0.003 0.002 
