>Sequence
Normalized_weight: 0.013
E     A     Q     T     -     E     T     C     -     T     V     A     P     R     E     R     Q     N     C     G     F     P     G     V     T     P     S     Q     C     A     N     K     G     C     C     F     D     D     T     V     R     G     V     P     W     C     F     Y     P     N     T     I     D     V     P     P     E     E     E     S     E     F     
0.050 0.012 0.007 0.023 0.002 0.004 0.012 0.003 0.002 0.012 0.002 0.010 0.002 0.018 0.014 0.006 0.042 0.004 0.006 0.003 0.006 0.002 0.002 0.012 0.004 0.004 0.014 0.003 0.012 0.005 0.005 0.007 0.003 0.012 0.006 0.005 0.002 0.006 0.005 0.004 0.008 0.003 0.002 0.003 0.003 0.012 0.007 0.006 0.002 0.009 0.014 0.018 0.014 0.016 0.045 0.028 0.018 0.025 0.021 0.062 0.071 0.045 
>Sequence
Normalized_weight: 0.011
-     K     P     A     A     C     R     C     S     R     Q     D     P     K     N     R     V     N     C     G     F     P     G     I     T     S     D     Q     C     F     T     S     G     C     C     F     D     S     Q     V     P     G     V     P     W     C     F     K     P     L     -     -     -     -     -     -     -     -     -     -     -     -     
0.004 0.012 0.022 0.010 0.031 0.017 0.037 0.003 0.021 0.012 0.083 0.007 0.002 0.005 0.008 0.006 0.003 0.004 0.006 0.003 0.006 0.002 0.002 0.004 0.004 0.007 0.006 0.003 0.012 0.009 0.045 0.111 0.003 0.012 0.006 0.005 0.002 0.002 0.038 0.004 0.002 0.003 0.002 0.003 0.003 0.012 0.007 0.009 0.002 0.005 0.002 0.002 0.002 0.002 0.002 0.002 0.002 0.002 0.004 0.004 0.002 0.007 
>Sequence
Normalized_weight: 0.007
P     A     Q     E     S     E     E     C     -     V     M     Q     V     S     A     R     K     N     C     G     Y     P     G     I     S     P     E     D     C     A     A     R     N     C     C     F     S     D     T     I     P     E     V     P     W     C     F     F     P     M     S     V     E     D     C     H     Y     -     -     -     -     -     
0.021 0.012 0.007 0.009 0.016 0.004 0.014 0.003 0.002 0.005 0.004 0.024 0.006 0.003 0.005 0.006 0.006 0.004 0.006 0.003 0.003 0.002 0.002 0.004 0.008 0.004 0.004 0.007 0.012 0.005 0.004 0.002 0.013 0.012 0.006 0.005 0.006 0.006 0.005 0.003 0.002 0.010 0.002 0.003 0.003 0.012 0.007 0.004 0.002 0.014 0.008 0.005 0.007 0.012 0.008 0.019 0.021 0.002 0.004 0.004 0.002 0.007 
>Sequence
Normalized_weight: 0.015
Q     G     Q     Q     -     E     T     C     -     T     V     A     P     H     H     R     D     N     C     G     S     P     G     I     T     P     S     Q     C     K     D     K     G     C     C     F     D     N     T     V     R     G     V     P     W     C     Y     Y     P     V     A     V     D     N     P     P     E     E     E     C     P     F     
0.083 0.056 0.007 0.045 0.002 0.004 0.012 0.003 0.002 0.012 0.002 0.010 0.002 0.014 0.021 0.006 0.028 0.004 0.006 0.003 0.037 0.002 0.002 0.004 0.004 0.004 0.014 0.003 0.012 0.018 0.018 0.007 0.003 0.012 0.006 0.005 0.002 0.007 0.005 0.004 0.008 0.003 0.002 0.003 0.003 0.012 0.033 0.006 0.002 0.071 0.017 0.005 0.014 0.019 0.045 0.028 0.018 0.025 0.021 0.025 0.048 0.045 
>Sequence
Normalized_weight: 0.013
Q     A     Q     E     -     E     T     C     -     I     M     A     P     R     E     R     I     N     C     G     F     P     G     V     T     A     Q     Q     C     T     E     R     G     C     C     F     D     D     S     V     R     G     F     P     W     C     F     H     P     M     A     I     E     N     T     Q     E     E     E     C     P     F     
0.083 0.012 0.007 0.009 0.002 0.004 0.012 0.003 0.002 0.059 0.004 0.010 0.002 0.018 0.014 0.006 0.017 0.004 0.006 0.003 0.006 0.002 0.002 0.012 0.004 0.012 0.007 0.003 0.012 0.018 0.023 0.002 0.003 0.012 0.006 0.005 0.002 0.006 0.002 0.004 0.008 0.003 0.045 0.003 0.003 0.012 0.007 0.012 0.002 0.014 0.017 0.018 0.007 0.019 0.030 0.019 0.018 0.025 0.021 0.025 0.048 0.045 
>Sequence
Normalized_weight: 0.016
Q     N     Q     E     -     E     T     C     -     A     V     I     P     R     E     R     I     N     C     G     F     P     G     V     T     A     Q     Q     C     K     E     K     G     C     C     F     D     D     S     V     R     G     F     P     W     C     F     R     P     L     V     I     E     N     Q     Q     E     E     E     C     P     F     
0.083 0.028 0.007 0.009 0.002 0.004 0.012 0.003 0.002 0.007 0.002 0.071 0.002 0.018 0.014 0.006 0.017 0.004 0.006 0.003 0.006 0.002 0.002 0.012 0.004 0.012 0.007 0.003 0.012 0.018 0.023 0.007 0.003 0.012 0.006 0.005 0.002 0.006 0.002 0.004 0.008 0.003 0.045 0.003 0.003 0.012 0.007 0.111 0.002 0.005 0.100 0.018 0.007 0.019 0.018 0.019 0.018 0.025 0.021 0.025 0.048 0.045 
>Sequence
Normalized_weight: 0.020
-     -     -     -     -     -     -     C     -     N     V     R     A     S     E     R     R     D     C     G     K     P     G     I     T     K     E     E     C     E     Q     N     N     C     C     Y     D     T     S     V     V     N     A     K     W     C     F     F     H     N     T     I     E     A     K     E     D     H     D     S     -     -     
0.004 0.002 0.002 0.002 0.002 0.003 0.007 0.003 0.002 0.020 0.002 0.071 0.010 0.003 0.014 0.006 0.014 0.005 0.006 0.003 0.111 0.002 0.002 0.004 0.004 0.028 0.004 0.006 0.012 0.004 0.018 0.016 0.013 0.012 0.006 0.021 0.002 0.091 0.002 0.004 0.015 0.006 0.018 0.013 0.003 0.012 0.007 0.004 0.125 0.009 0.014 0.018 0.007 0.056 0.091 0.028 0.031 0.125 0.062 0.062 0.002 0.007 
>Sequence
Normalized_weight: 0.008
-     -     -     -     -     -     Q     C     -     M     V     P     A     N     V     R     V     D     C     G     Y     P     T     V     T     S     E     Q     C     N     N     R     G     C     C     F     D     S     S     I     P     N     V     P     W     C     F     K     P     -     -     -     -     -     L     Q     E     T     E     C     T     F     
0.004 0.002 0.002 0.002 0.002 0.003 0.003 0.003 0.002 0.012 0.002 0.003 0.010 0.005 0.017 0.006 0.003 0.005 0.006 0.003 0.003 0.002 0.019 0.012 0.004 0.007 0.004 0.003 0.012 0.009 0.005 0.002 0.003 0.012 0.006 0.005 0.002 0.002 0.002 0.003 0.002 0.006 0.002 0.003 0.003 0.012 0.007 0.009 0.002 0.002 0.002 0.002 0.002 0.002 0.013 0.019 0.018 0.042 0.021 0.025 0.048 0.045 
>Sequence
Normalized_weight: 0.013
-     -     -     T     -     N     L     C     -     E     V     P     P     K     D     R     V     D     C     G     Y     P     E     I     T     S     E     Q     C     V     N     R     G     C     C     F     D     S     S     I     H     G     V     P     W     C     F     K     P     -     -     -     -     -     L     Q     D     T     E     C     R     F     
0.004 0.002 0.002 0.023 0.002 0.012 0.056 0.003 0.002 0.029 0.002 0.003 0.002 0.005 0.008 0.006 0.003 0.005 0.006 0.003 0.003 0.002 0.056 0.004 0.004 0.007 0.004 0.003 0.012 0.014 0.005 0.002 0.003 0.012 0.006 0.005 0.002 0.002 0.002 0.003 0.059 0.003 0.002 0.003 0.003 0.012 0.007 0.009 0.002 0.002 0.002 0.002 0.002 0.002 0.013 0.019 0.031 0.042 0.021 0.025 0.143 0.045 
>Sequence
Normalized_weight: 0.013
-     -     K     T     -     E     D     C     -     K     G     D     P     F     K     R     T     D     C     G     Y     P     G     I     T     E     G     Q     C     K     A     K     G     C     C     F     D     S     S     I     V     G     V     K     W     C     F     F     P     R     T     A     R     A     Q     -     -     -     -     -     -     -     
0.004 0.002 0.056 0.023 0.002 0.004 0.016 0.003 0.002 0.010 0.028 0.007 0.002 0.071 0.007 0.006 0.021 0.005 0.006 0.003 0.003 0.002 0.002 0.004 0.004 0.016 0.056 0.003 0.012 0.018 0.004 0.007 0.003 0.012 0.006 0.005 0.002 0.002 0.002 0.003 0.015 0.003 0.002 0.013 0.003 0.012 0.007 0.004 0.002 0.036 0.014 0.045 0.100 0.056 0.018 0.002 0.002 0.002 0.004 0.004 0.002 0.007 
>Sequence
Normalized_weight: 0.009
-     -     -     A     -     N     Q     C     -     A     V     P     A     K     D     R     V     D     C     G     Y     P     H     V     T     P     K     E     C     N     N     R     G     C     C     F     D     S     R     I     P     G     V     P     W     C     F     K     P     -     -     -     -     -     L     Q     E     A     E     C     T     F     
0.004 0.002 0.002 0.010 0.002 0.012 0.003 0.003 0.002 0.007 0.002 0.003 0.010 0.005 0.008 0.006 0.003 0.005 0.006 0.003 0.003 0.002 0.056 0.012 0.004 0.004 0.022 0.006 0.012 0.009 0.005 0.002 0.003 0.012 0.006 0.005 0.002 0.002 0.013 0.003 0.002 0.003 0.002 0.003 0.003 0.012 0.007 0.009 0.002 0.002 0.002 0.002 0.002 0.002 0.013 0.019 0.018 0.062 0.021 0.025 0.048 0.045 
>Sequence
Normalized_weight: 0.010
-     -     -     -     -     -     Q     C     -     M     A     P     T     N     V     R     V     D     C     N     Y     P     T     V     T     S     E     Q     C     N     N     R     G     C     C     F     D     S     S     I     P     N     V     P     W     C     F     K     P     -     -     -     -     -     L     Q     E     T     E     C     T     F     
0.004 0.002 0.002 0.002 0.002 0.003 0.003 0.003 0.002 0.012 0.028 0.003 0.050 0.005 0.017 0.006 0.003 0.005 0.006 0.067 0.003 0.002 0.019 0.012 0.004 0.007 0.004 0.003 0.012 0.009 0.005 0.002 0.003 0.012 0.006 0.005 0.002 0.002 0.002 0.003 0.002 0.006 0.002 0.003 0.003 0.012 0.007 0.009 0.002 0.002 0.002 0.002 0.002 0.002 0.013 0.019 0.018 0.042 0.021 0.025 0.048 0.045 
>Sequence
Normalized_weight: 0.022
-     G     Q     A     -     Q     D     C     -     S     V     A     P     N     M     R     V     N     C     G     Y     P     T     V     T     E     A     D     C     R     A     V     G     C     C     F     D     S     S     I     L     N     T     K     W     C     F     Y     N     A     T     A     G     P     I     K     K     L     E     C     -     -     
0.004 0.056 0.007 0.010 0.002 0.028 0.016 0.003 0.002 0.005 0.002 0.010 0.002 0.005 0.083 0.006 0.003 0.004 0.006 0.003 0.003 0.002 0.019 0.012 0.004 0.016 0.022 0.007 0.012 0.010 0.004 0.111 0.003 0.012 0.006 0.005 0.002 0.002 0.002 0.003 0.029 0.006 0.008 0.013 0.003 0.012 0.007 0.006 0.125 0.071 0.014 0.045 0.050 0.056 0.091 0.111 0.031 0.125 0.021 0.025 0.002 0.007 
>Sequence
Normalized_weight: 0.008
-     -     -     -     -     -     E     C     -     S     G     D     P     T     K     R     I     D     C     G     F     P     R     I     T     E     K     Q     C     I     L     R     G     C     C     F     D     S     S     I     S     G     V     K     W     C     Y     -     -     -     -     -     -     -     -     -     -     -     -     -     -     -     
0.004 0.002 0.002 0.002 0.002 0.003 0.014 0.003 0.002 0.005 0.028 0.007 0.002 0.018 0.007 0.006 0.017 0.005 0.006 0.003 0.006 0.002 0.037 0.004 0.004 0.016 0.022 0.003 0.012 0.008 0.045 0.002 0.003 0.012 0.006 0.005 0.002 0.002 0.002 0.003 0.007 0.003 0.002 0.013 0.003 0.012 0.033 0.019 0.010 0.002 0.002 0.002 0.002 0.002 0.002 0.002 0.002 0.002 0.004 0.004 0.002 0.007 
>Sequence
Normalized_weight: 0.023
E     T     T     T     -     E     T     T     -     T     A     P     A     A     D     R     V     D     C     G     Y     S     G     I     T     Q     A     D     C     E     G     K     G     C     I     F     D     S     T     I     P     E     T     K     W     C     F     Y     T     E     A     E     A     P     A     R     K     A     E     C     -     -     
0.050 0.111 0.028 0.023 0.002 0.004 0.012 0.200 0.002 0.012 0.028 0.003 0.010 0.014 0.008 0.006 0.003 0.005 0.006 0.003 0.003 0.025 0.002 0.004 0.004 0.009 0.022 0.007 0.012 0.004 0.091 0.007 0.003 0.012 0.167 0.005 0.002 0.002 0.005 0.003 0.002 0.010 0.008 0.013 0.003 0.012 0.007 0.006 0.062 0.024 0.017 0.013 0.017 0.056 0.091 0.037 0.031 0.062 0.021 0.025 0.002 0.007 
>Sequence
Normalized_weight: 0.008
E     A     V     E     -     R     D     C     -     S     V     D     P     K     K     R     V     N     C     G     P     P     G     V     T     P     D     E     C     T     N     N     G     C     C     F     S     S     E     V     D     G     V     P     W     C     F     N     P     E     I     -     -     -     -     -     -     -     -     -     -     -     
0.050 0.012 0.028 0.009 0.002 0.042 0.016 0.003 0.002 0.005 0.002 0.007 0.002 0.005 0.007 0.006 0.003 0.004 0.006 0.003 0.007 0.002 0.002 0.012 0.004 0.004 0.006 0.006 0.012 0.018 0.005 0.016 0.003 0.012 0.006 0.005 0.006 0.002 0.026 0.004 0.020 0.003 0.002 0.003 0.003 0.012 0.007 0.028 0.002 0.024 0.017 0.002 0.002 0.002 0.002 0.002 0.002 0.002 0.004 0.004 0.002 0.007 
>Sequence
Normalized_weight: 0.011
-     -     -     -     -     -     Q     C     -     A     V     L     P     K     A     R     V     N     C     G     Y     P     D     I     T     M     D     Q     C     S     K     K     G     C     C     Y     D     S     S     E     P     D     T     V     W     C     F     Y     P     D     I     Q     D     V     T     -     -     -     -     -     -     -     
0.004 0.002 0.002 0.002 0.002 0.003 0.003 0.003 0.002 0.007 0.002 0.036 0.002 0.005 0.005 0.006 0.003 0.004 0.006 0.003 0.003 0.002 0.037 0.004 0.004 0.056 0.006 0.003 0.012 0.071 0.010 0.007 0.003 0.012 0.006 0.021 0.002 0.002 0.002 0.045 0.002 0.021 0.008 0.056 0.003 0.012 0.007 0.006 0.002 0.036 0.017 0.045 0.014 0.016 0.030 0.002 0.002 0.002 0.004 0.004 0.002 0.007 
>Sequence
Normalized_weight: 0.010
-     -     -     -     -     -     -     -     -     -     -     E     P     K     A     R     V     N     C     G     Y     P     G     I     S     S     Q     D     C     D     S     K     G     C     C     F     N     D     A     I     P     N     V     V     W     C     Y     Q     P     I     I     E     A     V     E     R     D     -     -     -     -     -     
0.004 0.002 0.002 0.002 0.002 0.003 0.007 0.033 0.002 0.007 0.010 0.003 0.002 0.005 0.005 0.006 0.003 0.004 0.006 0.003 0.003 0.002 0.002 0.004 0.008 0.007 0.007 0.007 0.012 0.024 0.006 0.007 0.003 0.012 0.006 0.005 0.016 0.006 0.015 0.003 0.002 0.006 0.002 0.056 0.003 0.012 0.033 0.016 0.002 0.024 0.017 0.013 0.017 0.016 0.030 0.037 0.031 0.002 0.004 0.004 0.002 0.007 
>Sequence
Normalized_weight: 0.008
E     A     V     E     -     R     D     C     -     S     V     E     P     K     K     R     V     N     C     G     P     P     G     V     S     P     D     E     C     I     K     N     G     C     C     F     N     S     D     V     G     G     V     P     W     C     F     K     P     E     I     -     -     -     -     -     -     -     -     -     -     -     
0.050 0.012 0.028 0.009 0.002 0.042 0.016 0.003 0.002 0.005 0.002 0.003 0.002 0.005 0.007 0.006 0.003 0.004 0.006 0.003 0.007 0.002 0.002 0.012 0.008 0.004 0.006 0.006 0.012 0.008 0.010 0.016 0.003 0.012 0.006 0.005 0.016 0.002 0.038 0.004 0.020 0.003 0.002 0.003 0.003 0.012 0.007 0.009 0.002 0.024 0.017 0.002 0.002 0.002 0.002 0.002 0.002 0.002 0.004 0.004 0.002 0.007 
>Sequence
Normalized_weight: 0.010
-     -     -     -     -     -     -     -     -     -     -     E     P     K     A     R     V     N     C     G     Y     P     G     I     T     S     Q     D     C     D     K     K     G     C     C     F     N     D     T     I     P     N     V     V     W     C     Y     Q     P     I     I     E     A     V     E     R     D     -     -     -     -     -     
0.004 0.002 0.002 0.002 0.002 0.003 0.007 0.033 0.002 0.007 0.010 0.003 0.002 0.005 0.005 0.006 0.003 0.004 0.006 0.003 0.003 0.002 0.002 0.004 0.004 0.007 0.007 0.007 0.012 0.024 0.010 0.007 0.003 0.012 0.006 0.005 0.016 0.006 0.005 0.003 0.002 0.006 0.002 0.056 0.003 0.012 0.033 0.016 0.002 0.024 0.017 0.013 0.017 0.016 0.030 0.037 0.031 0.002 0.004 0.004 0.002 0.007 
>Sequence
Normalized_weight: 0.011
-     -     -     -     -     -     Q     C     -     A     V     L     P     K     A     R     I     N     C     G     Y     P     D     I     T     M     D     Q     C     Y     K     K     G     C     C     Y     D     S     S     E     S     D     S     I     W     C     F     Y     P     D     I     E     D     V     T     -     -     -     -     -     -     -     
0.004 0.002 0.002 0.002 0.002 0.003 0.003 0.003 0.002 0.007 0.002 0.036 0.002 0.005 0.005 0.006 0.017 0.004 0.006 0.003 0.003 0.002 0.037 0.004 0.004 0.056 0.006 0.003 0.012 0.071 0.010 0.007 0.003 0.012 0.006 0.021 0.002 0.002 0.002 0.045 0.007 0.021 0.030 0.042 0.003 0.012 0.007 0.006 0.002 0.036 0.017 0.013 0.014 0.016 0.030 0.002 0.002 0.002 0.004 0.004 0.002 0.007 
>Sequence
Normalized_weight: 0.005
-     -     E     S     -     E     E     C     -     V     M     E     V     S     A     R     K     N     C     G     Y     P     G     I     S     P     E     D     C     A     R     R     N     C     C     F     S     D     T     I     P     E     V     P     W     C     F     F     P     M     S     V     E     -     -     -     -     -     -     -     -     -     
0.004 0.002 0.014 0.006 0.002 0.004 0.014 0.003 0.002 0.005 0.004 0.003 0.006 0.003 0.005 0.006 0.006 0.004 0.006 0.003 0.003 0.002 0.002 0.004 0.008 0.004 0.004 0.007 0.012 0.005 0.015 0.002 0.013 0.012 0.006 0.005 0.006 0.006 0.005 0.003 0.002 0.010 0.002 0.003 0.003 0.012 0.007 0.004 0.002 0.014 0.008 0.005 0.007 0.002 0.002 0.002 0.002 0.002 0.004 0.004 0.002 0.007 
>Sequence
Normalized_weight: 0.005
-     -     E     S     -     E     Q     C     -     V     M     E     V     A     A     R     K     N     C     G     Y     P     G     I     S     P     Q     E     C     A     S     R     N     C     C     F     S     D     T     I     R     N     V     P     W     C     F     F     P     -     -     -     -     -     -     -     -     -     -     -     -     -     
0.004 0.002 0.014 0.006 0.002 0.004 0.003 0.003 0.002 0.005 0.004 0.003 0.006 0.014 0.005 0.006 0.006 0.004 0.006 0.003 0.003 0.002 0.002 0.004 0.008 0.004 0.007 0.006 0.012 0.005 0.006 0.002 0.013 0.012 0.006 0.005 0.006 0.006 0.005 0.003 0.008 0.006 0.002 0.003 0.003 0.012 0.007 0.004 0.002 0.002 0.002 0.002 0.002 0.002 0.002 0.002 0.002 0.002 0.004 0.004 0.002 0.007 
>Sequence
Normalized_weight: 0.010
-     -     -     -     -     -     Q     C     -     S     I     E     A     S     H     R     K     N     C     G     F     P     G     I     S     A     S     E     C     F     N     T     G     C     C     F     D     S     R     V     P     N     V     P     W     C     F     H     P     -     -     -     -     -     L     P     K     Q     E     S     E     -     
0.004 0.002 0.002 0.002 0.002 0.003 0.003 0.003 0.002 0.005 0.042 0.003 0.010 0.003 0.021 0.006 0.006 0.004 0.006 0.003 0.006 0.002 0.002 0.004 0.008 0.012 0.014 0.006 0.012 0.009 0.005 0.056 0.003 0.012 0.006 0.005 0.002 0.002 0.013 0.004 0.002 0.006 0.002 0.003 0.003 0.012 0.007 0.012 0.002 0.002 0.002 0.002 0.002 0.002 0.013 0.028 0.031 0.042 0.021 0.062 0.071 0.007 
>Sequence
Normalized_weight: 0.005
-     -     E     S     -     E     Q     C     -     V     M     E     V     S     A     R     K     N     C     G     Y     P     G     I     S     P     E     D     C     A     S     R     N     C     C     F     S     N     L     I     F     E     V     P     W     C     F     F     P     Q     S     V     E     -     -     -     -     -     -     -     -     -     
0.004 0.002 0.014 0.006 0.002 0.004 0.003 0.003 0.002 0.005 0.004 0.003 0.006 0.003 0.005 0.006 0.006 0.004 0.006 0.003 0.003 0.002 0.002 0.004 0.008 0.004 0.004 0.007 0.012 0.005 0.006 0.002 0.013 0.012 0.006 0.005 0.006 0.007 0.019 0.003 0.007 0.010 0.002 0.003 0.003 0.012 0.007 0.004 0.002 0.014 0.008 0.005 0.007 0.002 0.002 0.002 0.002 0.002 0.004 0.004 0.002 0.007 
>Sequence
Normalized_weight: 0.014
-     -     -     -     -     -     -     C     -     S     L     T     P     H     N     R     K     N     C     G     F     P     G     I     T     S     E     Q     C     F     D     L     G     C     C     F     D     S     S     V     A     G     V     P     W     C     F     H     P     -     -     L     P     N     Q     E     S     E     Q     C     -     -     
0.004 0.002 0.002 0.002 0.002 0.003 0.007 0.003 0.002 0.005 0.010 0.010 0.002 0.014 0.008 0.006 0.006 0.004 0.006 0.003 0.006 0.002 0.002 0.004 0.004 0.007 0.004 0.003 0.012 0.009 0.018 0.028 0.003 0.012 0.006 0.005 0.002 0.002 0.002 0.004 0.020 0.003 0.002 0.003 0.003 0.012 0.007 0.012 0.002 0.002 0.002 0.045 0.050 0.019 0.018 0.028 0.125 0.025 0.250 0.025 0.002 0.007 
>Sequence
Normalized_weight: 0.005
-     -     E     S     -     E     E     C     -     V     M     Q     V     S     A     R     K     N     C     G     Y     P     G     I     S     P     E     D     C     A     A     R     N     C     C     F     S     D     T     I     P     E     V     P     W     C     F     F     P     M     S     V     E     -     -     -     -     -     -     -     -     -     
0.004 0.002 0.014 0.006 0.002 0.004 0.014 0.003 0.002 0.005 0.004 0.024 0.006 0.003 0.005 0.006 0.006 0.004 0.006 0.003 0.003 0.002 0.002 0.004 0.008 0.004 0.004 0.007 0.012 0.005 0.004 0.002 0.013 0.012 0.006 0.005 0.006 0.006 0.005 0.003 0.002 0.010 0.002 0.003 0.003 0.012 0.007 0.004 0.002 0.014 0.008 0.005 0.007 0.002 0.002 0.002 0.002 0.002 0.004 0.004 0.002 0.007 
>Sequence
Normalized_weight: 0.008
-     -     -     -     -     -     -     C     -     S     G     P     P     T     K     R     R     D     C     G     Y     P     G     I     S     S     S     V     C     I     N     R     G     C     C     W     D     N     S     V     M     N     V     P     W     C     F     Y     -     -     -     -     -     -     -     -     -     -     -     -     -     -     
0.004 0.002 0.002 0.002 0.002 0.003 0.007 0.003 0.002 0.005 0.028 0.003 0.002 0.018 0.007 0.006 0.014 0.005 0.006 0.003 0.003 0.002 0.002 0.004 0.008 0.007 0.014 0.125 0.012 0.008 0.005 0.002 0.003 0.012 0.006 0.037 0.002 0.007 0.002 0.004 0.010 0.006 0.002 0.003 0.003 0.012 0.007 0.006 0.010 0.002 0.002 0.002 0.002 0.002 0.002 0.002 0.002 0.002 0.004 0.004 0.002 0.007 
>Sequence
Normalized_weight: 0.012
-     -     Q     V     -     A     D     C     -     K     V     A     P     S     S     R     V     D     C     G     F     G     G     I     T     A     D     Q     C     R     Q     R     N     C     C     F     D     S     S     I     S     G     T     K     W     C     F     Y     S     T     S     Q     G     N     -     -     -     -     -     -     -     -     
0.004 0.002 0.007 0.045 0.002 0.021 0.016 0.003 0.002 0.010 0.002 0.010 0.002 0.003 0.006 0.006 0.003 0.005 0.006 0.003 0.006 0.125 0.002 0.004 0.004 0.012 0.006 0.003 0.012 0.010 0.018 0.002 0.013 0.012 0.006 0.005 0.002 0.002 0.002 0.003 0.007 0.003 0.008 0.013 0.003 0.012 0.007 0.006 0.062 0.071 0.008 0.045 0.050 0.019 0.002 0.002 0.002 0.002 0.004 0.004 0.002 0.007 
>Sequence
Normalized_weight: 0.011
-     S     Q     V     -     A     D     C     -     K     V     E     P     S     Q     R     V     D     C     G     F     R     G     I     T     A     D     Q     C     R     Q     K     N     C     C     F     D     S     S     I     S     G     T     K     W     C     F     Y     -     -     -     -     -     -     -     -     -     -     -     -     -     -     
0.004 0.111 0.007 0.045 0.002 0.021 0.016 0.003 0.002 0.010 0.002 0.003 0.002 0.003 0.083 0.006 0.003 0.005 0.006 0.003 0.006 0.125 0.002 0.004 0.004 0.012 0.006 0.003 0.012 0.010 0.018 0.007 0.013 0.012 0.006 0.005 0.002 0.002 0.002 0.003 0.007 0.003 0.008 0.013 0.003 0.012 0.007 0.006 0.010 0.002 0.002 0.002 0.002 0.002 0.002 0.002 0.002 0.002 0.004 0.004 0.002 0.007 
>Sequence
Normalized_weight: 0.006
-     -     E     S     -     D     Q     C     -     V     M     E     V     S     D     R     R     N     C     G     Y     P     G     I     S     P     E     E     C     A     S     R     K     C     C     F     S     N     F     I     F     E     V     P     W     C     F     F     P     N     S     V     E     -     -     -     -     -     -     -     -     -     
0.004 0.002 0.014 0.006 0.002 0.021 0.003 0.003 0.002 0.005 0.004 0.003 0.006 0.003 0.008 0.006 0.014 0.004 0.006 0.003 0.003 0.002 0.002 0.004 0.008 0.004 0.004 0.006 0.012 0.005 0.006 0.002 0.056 0.012 0.006 0.005 0.006 0.007 0.026 0.003 0.007 0.010 0.002 0.003 0.003 0.012 0.007 0.004 0.002 0.009 0.008 0.005 0.007 0.002 0.002 0.002 0.002 0.002 0.004 0.004 0.002 0.007 
>Sequence
Normalized_weight: 0.009
-     -     -     -     -     -     Q     C     -     S     L     S     P     H     N     R     T     N     C     G     F     P     G     I     T     S     D     Q     C     F     D     N     G     C     C     F     D     S     S     V     T     G     V     P     W     C     F     H     P     -     -     -     -     -     L     P     K     Q     E     S     -     -     
0.004 0.002 0.002 0.002 0.002 0.003 0.003 0.003 0.002 0.005 0.010 0.024 0.002 0.014 0.008 0.006 0.021 0.004 0.006 0.003 0.006 0.002 0.002 0.004 0.004 0.007 0.006 0.003 0.012 0.009 0.018 0.016 0.003 0.012 0.006 0.005 0.002 0.002 0.002 0.004 0.020 0.003 0.002 0.003 0.003 0.012 0.007 0.012 0.002 0.002 0.002 0.002 0.002 0.002 0.013 0.028 0.031 0.042 0.021 0.062 0.002 0.007 
>Sequence
Normalized_weight: 0.007
-     -     -     S     -     E     Q     C     -     V     M     E     V     S     A     R     E     N     C     G     Y     P     G     I     S     P     E     D     C     A     S     R     H     C     C     F     S     N     L     I     F     E     V     P     W     C     F     F     P     Q     S     V     D     -     -     -     -     -     -     -     -     -     
0.004 0.002 0.002 0.006 0.002 0.004 0.003 0.003 0.002 0.005 0.004 0.003 0.006 0.003 0.005 0.006 0.021 0.004 0.006 0.003 0.003 0.002 0.002 0.004 0.008 0.004 0.004 0.007 0.012 0.005 0.006 0.002 0.083 0.012 0.006 0.005 0.006 0.007 0.019 0.003 0.007 0.010 0.002 0.003 0.003 0.012 0.007 0.004 0.002 0.014 0.008 0.005 0.014 0.002 0.002 0.002 0.002 0.002 0.004 0.004 0.002 0.007 
>Sequence
Normalized_weight: 0.007
-     -     E     S     -     D     Q     C     -     V     M     E     V     S     D     R     R     N     C     G     Y     P     G     I     S     P     E     E     C     A     S     R     K     C     C     F     S     N     F     I     F     E     V     P     W     C     F     F     P     K     S     V     E     -     -     -     -     -     -     -     -     -     
0.004 0.002 0.014 0.006 0.002 0.021 0.003 0.003 0.002 0.005 0.004 0.003 0.006 0.003 0.008 0.006 0.014 0.004 0.006 0.003 0.003 0.002 0.002 0.004 0.008 0.004 0.004 0.006 0.012 0.005 0.006 0.002 0.056 0.012 0.006 0.005 0.006 0.007 0.026 0.003 0.007 0.010 0.002 0.003 0.003 0.012 0.007 0.004 0.002 0.024 0.008 0.005 0.007 0.002 0.002 0.002 0.002 0.002 0.004 0.004 0.002 0.007 
>Sequence
Normalized_weight: 0.007
-     A     V     P     -     T     Q     C     -     D     V     T     P     N     S     R     F     D     C     A     P     K     G     I     T     Q     E     Q     C     E     A     R     G     C     C     W     N     G     P     V     M     G     Q     P     W     C     F     F     P     -     -     -     -     -     -     -     -     -     -     -     -     -     
0.004 0.012 0.028 0.023 0.002 0.014 0.003 0.003 0.002 0.007 0.002 0.010 0.002 0.005 0.006 0.006 0.008 0.005 0.006 0.018 0.007 0.021 0.002 0.004 0.004 0.009 0.004 0.003 0.012 0.004 0.004 0.002 0.003 0.012 0.006 0.037 0.016 0.015 0.019 0.004 0.010 0.003 0.010 0.003 0.003 0.012 0.007 0.004 0.002 0.002 0.002 0.002 0.002 0.002 0.002 0.002 0.002 0.002 0.004 0.004 0.002 0.007 
>Sequence
Normalized_weight: 0.006
-     -     -     -     -     -     Q     C     -     D     L     P     P     N     S     R     F     D     C     A     P     K     G     I     T     P     Q     Q     C     E     A     R     G     C     C     Y     P     D     A     Q     M     G     Q     P     W     C     F     F     P     -     -     -     -     -     -     -     -     -     -     -     -     -     
0.004 0.002 0.002 0.002 0.002 0.003 0.003 0.003 0.002 0.007 0.010 0.003 0.002 0.005 0.006 0.006 0.008 0.005 0.006 0.018 0.007 0.021 0.002 0.004 0.004 0.004 0.007 0.003 0.012 0.004 0.004 0.002 0.003 0.012 0.006 0.021 0.056 0.006 0.015 0.010 0.010 0.003 0.010 0.003 0.003 0.012 0.007 0.004 0.002 0.002 0.002 0.002 0.002 0.002 0.002 0.002 0.002 0.002 0.004 0.004 0.002 0.007 
>Sequence
Normalized_weight: 0.009
-     A     V     P     -     T     Q     C     -     D     V     P     P     N     S     R     F     D     C     A     P     K     A     I     T     Q     E     Q     C     E     A     R     G     C     C     Y     Q     G     A     Q     M     G     Q     P     W     C     F     F     P     -     -     -     -     -     -     -     -     -     -     -     -     -     
0.004 0.012 0.028 0.023 0.002 0.014 0.003 0.003 0.002 0.007 0.002 0.003 0.002 0.005 0.006 0.006 0.008 0.005 0.006 0.018 0.007 0.021 0.056 0.004 0.004 0.009 0.004 0.003 0.012 0.004 0.004 0.002 0.003 0.012 0.006 0.021 0.111 0.015 0.015 0.010 0.010 0.003 0.010 0.003 0.003 0.012 0.007 0.004 0.002 0.002 0.002 0.002 0.002 0.002 0.002 0.002 0.002 0.002 0.004 0.004 0.002 0.007 
>Sequence
Normalized_weight: 0.028
E     N     K     E     -     Y     A     C     -     S     T     D     M     A     A     R     R     D     R     G     F     L     G     I     T     D     Q     Q     C     R     E     R     N     C     C     W     D     S     T     K     L     N     A     P     Y     C     F     -     -     -     -     -     -     -     -     -     -     -     -     -     -     -     
0.050 0.028 0.056 0.009 0.002 0.083 0.111 0.003 0.002 0.005 0.083 0.007 0.100 0.014 0.005 0.006 0.014 0.005 0.500 0.003 0.006 0.062 0.002 0.004 0.004 0.056 0.007 0.003 0.012 0.010 0.023 0.002 0.013 0.012 0.006 0.037 0.002 0.002 0.005 0.030 0.029 0.006 0.018 0.003 0.200 0.012 0.007 0.019 0.010 0.002 0.002 0.002 0.002 0.002 0.002 0.002 0.002 0.002 0.004 0.004 0.002 0.007 
>Sequence
Normalized_weight: 0.018
-     -     -     -     -     E     L     C     -     Q     K     E     A     G     S     R     V     E     C     G     S     I     G     I     N     K     D     E     C     E     A     R     G     C     C     Y     D     N     S     V     E     N     A     K     W     C     F     N     K     Q     A     E     E     I     E     E     -     -     -     -     -     -     
0.004 0.002 0.002 0.002 0.002 0.004 0.056 0.003 0.002 0.059 0.083 0.003 0.010 0.014 0.006 0.006 0.003 0.021 0.006 0.003 0.037 0.062 0.002 0.004 0.100 0.028 0.006 0.006 0.012 0.004 0.004 0.002 0.003 0.012 0.006 0.021 0.002 0.007 0.002 0.004 0.029 0.006 0.018 0.013 0.003 0.012 0.007 0.028 0.125 0.014 0.017 0.013 0.007 0.111 0.030 0.028 0.002 0.002 0.004 0.004 0.002 0.007 
>Sequence
Normalized_weight: 0.009
-     -     Q     D     -     N     Q     C     -     M     V     T     P     M     N     R     V     E     C     G     H     P     G     I     T     R     Q     D     C     I     R     R     G     C     C     F     D     S     S     Q     S     N     T     N     W     C     Y     -     -     -     -     -     -     -     -     -     -     -     -     -     -     -     
0.004 0.002 0.007 0.091 0.002 0.012 0.003 0.003 0.002 0.012 0.002 0.010 0.002 0.036 0.008 0.006 0.003 0.021 0.006 0.003 0.037 0.002 0.002 0.004 0.004 0.028 0.007 0.007 0.012 0.008 0.015 0.002 0.003 0.012 0.006 0.005 0.002 0.002 0.002 0.010 0.007 0.006 0.008 0.042 0.003 0.012 0.033 0.019 0.010 0.002 0.002 0.002 0.002 0.002 0.002 0.002 0.002 0.002 0.004 0.004 0.002 0.007 
>Sequence
Normalized_weight: 0.015
-     -     -     -     -     -     -     -     -     S     V     D     V     S     K     R     V     D     C     Y     P     P     G     A     S     Q     D     A     C     Q     S     R     G     C     I     W     S     S     S     P     V     G     T     P     W     C     Y     Y     P     -     -     -     -     -     -     -     -     -     -     -     -     -     
0.004 0.002 0.002 0.002 0.002 0.003 0.007 0.033 0.002 0.005 0.002 0.007 0.006 0.003 0.007 0.006 0.003 0.005 0.006 0.200 0.007 0.002 0.002 0.125 0.008 0.009 0.006 0.062 0.012 0.024 0.006 0.002 0.003 0.012 0.167 0.037 0.006 0.002 0.002 0.023 0.015 0.003 0.008 0.003 0.003 0.012 0.033 0.006 0.002 0.002 0.002 0.002 0.002 0.002 0.002 0.002 0.002 0.002 0.004 0.004 0.002 0.007 
>Sequence
Normalized_weight: 0.007
-     -     -     -     -     -     Q     C     -     D     V     P     P     S     S     R     F     D     C     A     P     K     G     I     S     Q     E     Q     C     E     A     R     G     C     C     Y     K     E     P     Q     I     G     Q     P     W     C     F     F     P     -     -     -     -     -     -     -     -     -     -     -     -     -     
0.004 0.002 0.002 0.002 0.002 0.003 0.003 0.003 0.002 0.007 0.002 0.003 0.002 0.003 0.006 0.006 0.008 0.005 0.006 0.018 0.007 0.021 0.002 0.004 0.008 0.009 0.004 0.003 0.012 0.004 0.004 0.002 0.003 0.012 0.006 0.021 0.056 0.023 0.019 0.010 0.029 0.003 0.010 0.003 0.003 0.012 0.007 0.004 0.002 0.002 0.002 0.002 0.002 0.002 0.002 0.002 0.002 0.002 0.004 0.004 0.002 0.007 
>Sequence
Normalized_weight: 0.031
-     -     -     -     -     -     -     -     -     A     V     P     V     W     D     R     L     P     C     A     P     P     P     I     T     Q     G     E     C     K     Q     L     G     C     C     Y     N     S     E     -     -     E     V     P     S     C     Y     Y     G     N     T     V     T     S     R     C     T     Q     D     G     H     F     
0.004 0.002 0.002 0.002 0.002 0.003 0.007 0.033 0.002 0.007 0.002 0.003 0.006 0.071 0.008 0.006 0.083 0.167 0.006 0.018 0.007 0.002 0.111 0.004 0.004 0.009 0.056 0.006 0.012 0.018 0.018 0.028 0.003 0.012 0.006 0.021 0.016 0.002 0.026 0.091 0.015 0.010 0.002 0.003 0.200 0.012 0.033 0.006 0.042 0.009 0.014 0.005 0.025 0.111 0.091 0.037 0.042 0.042 0.062 0.083 0.143 0.045 
>Sequence
Normalized_weight: 0.013
-     -     -     -     -     -     -     -     -     -     -     -     -     N     P     R     Y     E     C     G     F     P     G     V     T     E     F     H     C     V     A     R     G     C     C     W     D     N     S     P     F     R     V     P     Q     C     F     Q     P     N     -     -     -     -     -     -     -     -     -     -     -     -     
0.004 0.002 0.002 0.002 0.002 0.003 0.007 0.033 0.002 0.007 0.010 0.036 0.050 0.005 0.042 0.006 0.028 0.021 0.006 0.003 0.006 0.002 0.002 0.012 0.004 0.016 0.056 0.042 0.012 0.014 0.004 0.002 0.003 0.012 0.006 0.037 0.002 0.007 0.002 0.023 0.007 0.062 0.002 0.003 0.100 0.012 0.007 0.016 0.002 0.009 0.002 0.002 0.002 0.002 0.002 0.002 0.002 0.002 0.004 0.004 0.002 0.007 
>Sequence
Normalized_weight: 0.033
-     -     -     -     -     Q     T     C     -     E     V     V     D     K     D     K     V     S     C     G     L     S     G     I     T     A     A     Q     C     Q     A     I     S     C     C     F     D     G     R     M     -     -     -     -     -     C     F     Y     G     K     T     V     T     V     Q     C     T     K     D     G     Q     F     
0.004 0.002 0.002 0.002 0.002 0.028 0.012 0.003 0.002 0.029 0.002 0.036 0.100 0.005 0.008 0.250 0.003 0.167 0.006 0.003 0.056 0.025 0.002 0.004 0.004 0.012 0.022 0.003 0.012 0.024 0.004 0.056 0.167 0.012 0.006 0.005 0.002 0.015 0.013 0.030 0.015 0.062 0.045 0.083 0.100 0.012 0.007 0.006 0.042 0.024 0.014 0.005 0.025 0.016 0.018 0.037 0.042 0.062 0.062 0.083 0.071 0.045 
>Sequence
Normalized_weight: 0.029
-     -     -     -     -     Q     S     C     -     D     V     E     P     Q     N     K     V     H     C     G     L     P     D     I     T     A     A     H     C     E     A     I     N     C     C     F     D     G     R     M     -     -     -     -     -     C     F     Y     G     K     A     V     T     V     Q     C     T     K     D     G     Q     F     
0.004 0.002 0.002 0.002 0.002 0.028 0.056 0.003 0.002 0.007 0.002 0.003 0.002 0.036 0.008 0.250 0.003 0.167 0.006 0.003 0.056 0.002 0.037 0.004 0.004 0.012 0.022 0.042 0.012 0.004 0.004 0.056 0.013 0.012 0.006 0.005 0.002 0.015 0.013 0.030 0.015 0.062 0.045 0.083 0.100 0.012 0.007 0.006 0.042 0.024 0.017 0.005 0.025 0.016 0.018 0.037 0.042 0.062 0.062 0.083 0.071 0.045 
>Sequence
Normalized_weight: 0.020
-     -     -     -     -     -     -     C     -     S     L     P     P     D     E     R     F     D     C     G     P     E     R     L     L     A     A     D     C     E     A     R     G     C     C     Y     S     G     G     S     G     G     P     P     W     C     F     F     P     -     -     -     -     -     -     -     -     -     -     -     -     -     
0.004 0.002 0.002 0.002 0.002 0.003 0.007 0.003 0.002 0.005 0.010 0.003 0.002 0.071 0.014 0.006 0.008 0.005 0.006 0.003 0.007 0.125 0.037 0.250 0.200 0.012 0.022 0.007 0.012 0.004 0.004 0.002 0.003 0.012 0.006 0.021 0.006 0.015 0.077 0.091 0.020 0.003 0.091 0.003 0.003 0.012 0.007 0.004 0.002 0.002 0.002 0.002 0.002 0.002 0.002 0.002 0.002 0.002 0.004 0.004 0.002 0.007 
>Sequence
Normalized_weight: 0.019
-     -     -     -     -     -     -     -     -     -     -     -     -     N     P     R     Y     E     C     G     F     P     G     V     T     Q     F     H     C     V     A     R     G     C     C     W     D     N     S     P     Y     R     V     P     Q     C     Y     Q     P     N     G     P     S     N     L     E     -     -     -     -     -     -     
0.004 0.002 0.002 0.002 0.002 0.003 0.007 0.033 0.002 0.007 0.010 0.036 0.050 0.005 0.042 0.006 0.028 0.021 0.006 0.003 0.006 0.002 0.002 0.012 0.004 0.009 0.056 0.042 0.012 0.014 0.004 0.002 0.003 0.012 0.006 0.037 0.002 0.007 0.002 0.023 0.059 0.062 0.002 0.003 0.100 0.012 0.033 0.016 0.002 0.009 0.100 0.091 0.100 0.019 0.013 0.028 0.002 0.002 0.004 0.004 0.002 0.007 
>Sequence
Normalized_weight: 0.007
-     K     P     S     P     C     R     C     S     R     M     T     P     S     N     R     K     N     C     G     F     P     G     I     T     S     D     Q     C     F     N     L     G     C     C     F     D     S     S     V     A     G     V     P     W     C     F     H     P     L     -     -     -     -     -     -     -     -     -     -     -     -     
0.004 0.012 0.022 0.006 0.011 0.017 0.037 0.003 0.021 0.012 0.004 0.010 0.002 0.003 0.008 0.006 0.006 0.004 0.006 0.003 0.006 0.002 0.002 0.004 0.004 0.007 0.006 0.003 0.012 0.009 0.005 0.028 0.003 0.012 0.006 0.005 0.002 0.002 0.002 0.004 0.020 0.003 0.002 0.003 0.003 0.012 0.007 0.012 0.002 0.005 0.002 0.002 0.002 0.002 0.002 0.002 0.002 0.002 0.004 0.004 0.002 0.007 
>Sequence
Normalized_weight: 0.007
-     K     P     S     P     C     R     C     S     R     L     T     P     H     N     R     K     N     C     G     F     P     G     I     T     S     E     Q     C     F     D     L     G     C     C     F     D     S     S     V     A     G     V     P     W     C     F     H     P     L     -     -     -     -     -     -     -     -     -     -     -     -     
0.004 0.012 0.022 0.006 0.011 0.017 0.037 0.003 0.021 0.012 0.010 0.010 0.002 0.014 0.008 0.006 0.006 0.004 0.006 0.003 0.006 0.002 0.002 0.004 0.004 0.007 0.004 0.003 0.012 0.009 0.018 0.028 0.003 0.012 0.006 0.005 0.002 0.002 0.002 0.004 0.020 0.003 0.002 0.003 0.003 0.012 0.007 0.012 0.002 0.005 0.002 0.002 0.002 0.002 0.002 0.002 0.002 0.002 0.004 0.004 0.002 0.007 
>Sequence
Normalized_weight: 0.007
-     K     P     S     P     C     Q     C     S     R     L     S     P     H     N     R     T     N     C     G     F     P     G     I     T     S     D     Q     C     F     D     N     G     C     C     F     D     S     S     V     T     G     V     P     W     C     F     H     P     L     -     -     -     -     -     -     -     -     -     -     -     -     
0.004 0.012 0.022 0.006 0.011 0.017 0.003 0.003 0.021 0.012 0.010 0.024 0.002 0.014 0.008 0.006 0.021 0.004 0.006 0.003 0.006 0.002 0.002 0.004 0.004 0.007 0.006 0.003 0.012 0.009 0.018 0.016 0.003 0.012 0.006 0.005 0.002 0.002 0.002 0.004 0.020 0.003 0.002 0.003 0.003 0.012 0.007 0.012 0.002 0.005 0.002 0.002 0.002 0.002 0.002 0.002 0.002 0.002 0.004 0.004 0.002 0.007 
>Sequence
Normalized_weight: 0.008
-     K     P     S     A     C     Q     C     S     R     I     E     A     S     H     R     K     N     C     G     F     P     G     I     S     A     S     E     C     F     N     T     G     C     C     F     D     S     R     V     P     N     V     P     W     C     F     H     P     L     -     -     -     -     -     -     -     -     -     -     -     -     
0.004 0.012 0.022 0.006 0.031 0.017 0.003 0.003 0.021 0.012 0.042 0.003 0.010 0.003 0.021 0.006 0.006 0.004 0.006 0.003 0.006 0.002 0.002 0.004 0.008 0.012 0.014 0.006 0.012 0.009 0.005 0.056 0.003 0.012 0.006 0.005 0.002 0.002 0.013 0.004 0.002 0.006 0.002 0.003 0.003 0.012 0.007 0.012 0.002 0.005 0.002 0.002 0.002 0.002 0.002 0.002 0.002 0.002 0.004 0.004 0.002 0.007 
>Sequence
Normalized_weight: 0.006
-     -     -     -     -     -     -     C     S     A     V     D     P     K     K     R     V     N     C     G     P     P     G     V     T     P     D     E     C     T     N     N     G     C     C     F     S     S     E     V     D     G     V     P     W     C     F     N     P     -     -     -     -     -     -     -     -     -     -     -     -     -     
0.004 0.002 0.002 0.002 0.002 0.003 0.007 0.003 0.021 0.007 0.002 0.007 0.002 0.005 0.007 0.006 0.003 0.004 0.006 0.003 0.007 0.002 0.002 0.012 0.004 0.004 0.006 0.006 0.012 0.018 0.005 0.016 0.003 0.012 0.006 0.005 0.006 0.002 0.026 0.004 0.020 0.003 0.002 0.003 0.003 0.012 0.007 0.028 0.002 0.002 0.002 0.002 0.002 0.002 0.002 0.002 0.002 0.002 0.004 0.004 0.002 0.007 
>Sequence
Normalized_weight: 0.006
-     -     -     -     -     -     -     C     S     A     V     E     P     K     K     R     V     N     C     G     P     P     G     V     S     P     D     E     C     I     K     N     G     C     C     F     N     S     D     V     G     G     V     P     W     C     F     K     P     -     -     -     -     -     -     -     -     -     -     -     -     -     
0.004 0.002 0.002 0.002 0.002 0.003 0.007 0.003 0.021 0.007 0.002 0.003 0.002 0.005 0.007 0.006 0.003 0.004 0.006 0.003 0.007 0.002 0.002 0.012 0.008 0.004 0.006 0.006 0.012 0.008 0.010 0.016 0.003 0.012 0.006 0.005 0.016 0.002 0.038 0.004 0.020 0.003 0.002 0.003 0.003 0.012 0.007 0.009 0.002 0.002 0.002 0.002 0.002 0.002 0.002 0.002 0.002 0.002 0.004 0.004 0.002 0.007 
>Sequence
Normalized_weight: 0.006
-     -     -     S     P     S     Q     C     -     -     M     V     P     A     N     R     V     D     C     G     Y     P     T     V     T     S     E     Q     C     N     N     R     G     C     C     F     D     S     S     I     P     N     V     P     W     C     F     K     P     L     -     -     -     -     -     -     -     -     -     -     -     -     
0.004 0.002 0.002 0.006 0.011 0.028 0.003 0.003 0.002 0.007 0.004 0.036 0.002 0.014 0.008 0.006 0.003 0.005 0.006 0.003 0.003 0.002 0.019 0.012 0.004 0.007 0.004 0.003 0.012 0.009 0.005 0.002 0.003 0.012 0.006 0.005 0.002 0.002 0.002 0.003 0.002 0.006 0.002 0.003 0.003 0.012 0.007 0.009 0.002 0.005 0.002 0.002 0.002 0.002 0.002 0.002 0.002 0.002 0.004 0.004 0.002 0.007 
>Sequence
Normalized_weight: 0.006
-     -     -     S     P     S     Q     C     -     M     V     P     A     N     V     R     V     D     C     G     Y     P     S     V     T     S     E     Q     C     N     N     R     G     C     C     F     D     S     S     I     P     N     V     P     W     C     F     K     P     L     -     -     -     -     -     -     -     -     -     -     -     -     
0.004 0.002 0.002 0.006 0.011 0.028 0.003 0.003 0.002 0.012 0.002 0.003 0.010 0.005 0.017 0.006 0.003 0.005 0.006 0.003 0.003 0.002 0.056 0.012 0.004 0.007 0.004 0.003 0.012 0.009 0.005 0.002 0.003 0.012 0.006 0.005 0.002 0.002 0.002 0.003 0.002 0.006 0.002 0.003 0.003 0.012 0.007 0.009 0.002 0.005 0.002 0.002 0.002 0.002 0.002 0.002 0.002 0.002 0.004 0.004 0.002 0.007 
>Sequence
Normalized_weight: 0.006
-     -     -     S     P     S     Q     C     -     -     M     A     P     T     N     R     V     D     C     N     Y     P     T     V     T     S     E     Q     C     N     N     R     G     C     C     F     D     S     S     I     P     N     V     P     W     C     F     K     P     L     -     -     -     -     -     -     -     -     -     -     -     -     
0.004 0.002 0.002 0.006 0.011 0.028 0.003 0.003 0.002 0.007 0.004 0.010 0.002 0.018 0.008 0.006 0.003 0.005 0.006 0.067 0.003 0.002 0.019 0.012 0.004 0.007 0.004 0.003 0.012 0.009 0.005 0.002 0.003 0.012 0.006 0.005 0.002 0.002 0.002 0.003 0.002 0.006 0.002 0.003 0.003 0.012 0.007 0.009 0.002 0.005 0.002 0.002 0.002 0.002 0.002 0.002 0.002 0.002 0.004 0.004 0.002 0.007 
>Sequence
Normalized_weight: 0.008
-     -     -     -     -     -     E     C     S     G     -     D     P     T     K     R     I     D     C     G     F     P     R     I     T     E     K     Q     C     I     L     R     G     C     C     F     D     S     S     I     S     G     V     K     W     C     Y     -     -     -     -     -     -     -     -     -     -     -     -     -     -     -     
0.004 0.002 0.002 0.002 0.002 0.003 0.014 0.003 0.021 0.020 0.010 0.007 0.002 0.018 0.007 0.006 0.017 0.005 0.006 0.003 0.006 0.002 0.037 0.004 0.004 0.016 0.022 0.003 0.012 0.008 0.045 0.002 0.003 0.012 0.006 0.005 0.002 0.002 0.002 0.003 0.007 0.003 0.002 0.013 0.003 0.012 0.033 0.019 0.010 0.002 0.002 0.002 0.002 0.002 0.002 0.002 0.002 0.002 0.004 0.004 0.002 0.007 
>Sequence
Normalized_weight: 0.018
-     -     -     -     P     A     Q     C     H     L     V     P     E     S     H     R     Y     D     C     -     Y     P     E     V     T     Q     E     L     C     E     S     R     G     C     C     F     I     Q     T     L     P     G     V     P     W     C     F     Y     P     -     -     -     -     -     -     -     -     -     -     -     -     -     
0.004 0.002 0.002 0.002 0.011 0.021 0.003 0.003 0.167 0.029 0.002 0.003 0.100 0.003 0.021 0.006 0.028 0.005 0.006 0.100 0.003 0.002 0.056 0.012 0.004 0.009 0.004 0.125 0.012 0.004 0.006 0.002 0.003 0.012 0.006 0.005 0.056 0.091 0.005 0.091 0.002 0.003 0.002 0.003 0.003 0.012 0.007 0.006 0.002 0.002 0.002 0.002 0.002 0.002 0.002 0.002 0.002 0.002 0.004 0.004 0.002 0.007 
>Sequence
Normalized_weight: 0.010
-     R     A     A     P     T     Q     C     D     -     L     P     P     N     S     R     F     D     C     A     P     K     G     I     T     P     Q     Q     C     E     A     R     G     C     C     Y     D     A     Q     M     -     G     Q     P     W     C     F     F     P     -     -     -     -     -     -     -     -     -     -     -     -     -     
0.004 0.037 0.056 0.010 0.011 0.014 0.003 0.003 0.083 0.007 0.010 0.003 0.002 0.005 0.006 0.006 0.008 0.005 0.006 0.018 0.007 0.021 0.002 0.004 0.004 0.004 0.007 0.003 0.012 0.004 0.004 0.002 0.003 0.012 0.006 0.021 0.002 0.045 0.038 0.030 0.015 0.003 0.010 0.003 0.003 0.012 0.007 0.004 0.002 0.002 0.002 0.002 0.002 0.002 0.002 0.002 0.002 0.002 0.004 0.004 0.002 0.007 
>Sequence
Normalized_weight: 0.011
-     K     E     A     P     T     Q     C     D     -     V     P     P     S     S     R     F     D     C     A     P     K     G     I     S     Q     E     Q     C     E     A     R     G     C     C     Y     -     -     -     V     P     G     Q     P     W     C     F     F     P     -     -     -     -     -     -     -     -     -     -     -     -     -     
0.004 0.012 0.014 0.010 0.011 0.014 0.003 0.003 0.083 0.007 0.002 0.003 0.002 0.003 0.006 0.006 0.008 0.005 0.006 0.018 0.007 0.021 0.002 0.004 0.008 0.009 0.004 0.003 0.012 0.004 0.004 0.002 0.003 0.012 0.006 0.021 0.111 0.091 0.077 0.004 0.002 0.003 0.010 0.003 0.003 0.012 0.007 0.004 0.002 0.002 0.002 0.002 0.002 0.002 0.002 0.002 0.002 0.002 0.004 0.004 0.002 0.007 
>Sequence
Normalized_weight: 0.011
-     -     -     -     -     -     Q     C     M     P     V     T     P     M     N     R     V     E     C     G     H     P     G     I     T     R     Q     D     C     I     R     R     G     C     C     F     D     S     S     Q     S     N     T     N     W     C     Y     -     -     -     -     -     -     -     -     -     -     -     -     -     -     -     
0.004 0.002 0.002 0.002 0.002 0.003 0.003 0.003 0.167 0.059 0.002 0.010 0.002 0.036 0.008 0.006 0.003 0.021 0.006 0.003 0.037 0.002 0.002 0.004 0.004 0.028 0.007 0.007 0.012 0.008 0.015 0.002 0.003 0.012 0.006 0.005 0.002 0.002 0.002 0.010 0.007 0.006 0.008 0.042 0.003 0.012 0.033 0.019 0.010 0.002 0.002 0.002 0.002 0.002 0.002 0.002 0.002 0.002 0.004 0.004 0.002 0.007 
>Sequence
Normalized_weight: 0.012
-     -     -     -     -     -     -     C     Q     K     -     E     A     G     S     R     V     E     C     G     S     I     G     I     N     K     D     E     C     E     A     R     G     C     C     Y     D     N     S     V     E     N     A     K     W     C     F     N     -     -     -     -     -     -     -     -     -     -     -     -     -     -     
0.004 0.002 0.002 0.002 0.002 0.003 0.007 0.003 0.167 0.010 0.010 0.003 0.010 0.014 0.006 0.006 0.003 0.021 0.006 0.003 0.037 0.062 0.002 0.004 0.100 0.028 0.006 0.006 0.012 0.004 0.004 0.002 0.003 0.012 0.006 0.021 0.002 0.007 0.002 0.004 0.029 0.006 0.018 0.013 0.003 0.012 0.007 0.028 0.010 0.002 0.002 0.002 0.002 0.002 0.002 0.002 0.002 0.002 0.004 0.004 0.002 0.007 
>Sequence
Normalized_weight: 0.007
P     N     Q     E     S     E     Q     C     -     V     M     E     V     S     A     R     K     N     C     G     Y     P     G     I     S     P     E     D     C     A     S     R     N     C     C     F     S     N     L     I     F     E     V     P     W     C     F     F     P     Q     S     V     E     D     C     H     Y     -     -     -     -     -     
0.021 0.028 0.007 0.009 0.016 0.004 0.003 0.003 0.002 0.005 0.004 0.003 0.006 0.003 0.005 0.006 0.006 0.004 0.006 0.003 0.003 0.002 0.002 0.004 0.008 0.004 0.004 0.007 0.012 0.005 0.006 0.002 0.013 0.012 0.006 0.005 0.006 0.007 0.019 0.003 0.007 0.010 0.002 0.003 0.003 0.012 0.007 0.004 0.002 0.014 0.008 0.005 0.007 0.012 0.008 0.019 0.021 0.002 0.004 0.004 0.002 0.007 
>Sequence
Normalized_weight: 0.009
P     N     Q     A     S     E     Q     C     -     V     M     E     V     S     A     R     E     N     C     G     Y     P     G     I     S     P     E     D     C     A     S     R     H     C     C     F     S     N     L     I     F     E     V     P     W     C     F     F     P     Q     S     V     D     D     C     H     Y     -     -     -     -     -     
0.021 0.028 0.007 0.010 0.016 0.004 0.003 0.003 0.002 0.005 0.004 0.003 0.006 0.003 0.005 0.006 0.021 0.004 0.006 0.003 0.003 0.002 0.002 0.004 0.008 0.004 0.004 0.007 0.012 0.005 0.006 0.002 0.083 0.012 0.006 0.005 0.006 0.007 0.019 0.003 0.007 0.010 0.002 0.003 0.003 0.012 0.007 0.004 0.002 0.014 0.008 0.005 0.014 0.012 0.008 0.019 0.021 0.002 0.004 0.004 0.002 0.007 
>Sequence
Normalized_weight: 0.007
P     A     Q     E     S     E     E     C     -     V     M     E     V     S     A     R     K     N     C     G     Y     P     G     I     S     P     E     D     C     A     R     R     N     C     C     F     S     D     T     I     P     E     V     P     W     C     F     F     P     M     S     V     E     D     C     H     Y     -     -     -     -     -     
0.021 0.012 0.007 0.009 0.016 0.004 0.014 0.003 0.002 0.005 0.004 0.003 0.006 0.003 0.005 0.006 0.006 0.004 0.006 0.003 0.003 0.002 0.002 0.004 0.008 0.004 0.004 0.007 0.012 0.005 0.015 0.002 0.013 0.012 0.006 0.005 0.006 0.006 0.005 0.003 0.002 0.010 0.002 0.003 0.003 0.012 0.007 0.004 0.002 0.014 0.008 0.005 0.007 0.012 0.008 0.019 0.021 0.002 0.004 0.004 0.002 0.007 
>Sequence
Normalized_weight: 0.008
P     K     Q     E     S     D     Q     C     -     V     M     E     V     S     D     R     R     N     C     G     Y     P     G     I     S     P     E     E     C     A     S     R     K     C     C     F     S     N     F     I     F     E     V     P     W     C     F     F     P     N     S     V     E     D     C     H     Y     -     -     -     -     -     
0.021 0.012 0.007 0.009 0.016 0.021 0.003 0.003 0.002 0.005 0.004 0.003 0.006 0.003 0.008 0.006 0.014 0.004 0.006 0.003 0.003 0.002 0.002 0.004 0.008 0.004 0.004 0.006 0.012 0.005 0.006 0.002 0.056 0.012 0.006 0.005 0.006 0.007 0.026 0.003 0.007 0.010 0.002 0.003 0.003 0.012 0.007 0.004 0.002 0.009 0.008 0.005 0.007 0.012 0.008 0.019 0.021 0.002 0.004 0.004 0.002 0.007 
>Sequence
Normalized_weight: 0.011
P     K     Q     E     S     E     Q     C     -     V     M     E     V     A     A     R     K     N     C     G     Y     P     G     I     S     P     Q     E     C     A     S     R     N     C     C     F     S     D     T     I     R     N     V     P     W     C     F     F     P     I     L     N     Q     D     C     H     Y     -     -     -     -     -     
0.021 0.012 0.007 0.009 0.016 0.004 0.003 0.003 0.002 0.005 0.004 0.003 0.006 0.014 0.005 0.006 0.006 0.004 0.006 0.003 0.003 0.002 0.002 0.004 0.008 0.004 0.007 0.006 0.012 0.005 0.006 0.002 0.013 0.012 0.006 0.005 0.006 0.006 0.005 0.003 0.008 0.006 0.002 0.003 0.003 0.012 0.007 0.004 0.002 0.024 0.100 0.091 0.100 0.012 0.008 0.019 0.021 0.002 0.004 0.004 0.002 0.007 
>Sequence
Normalized_weight: 0.009
-     -     -     -     A     N     Q     C     -     A     V     P     A     K     D     R     V     D     C     G     Y     P     H     V     T     P     K     E     C     N     N     R     G     C     C     F     D     S     R     I     P     G     V     P     W     C     F     K     P     L     Q     E     A     E     C     T     F     -     -     -     -     -     
0.004 0.002 0.002 0.002 0.031 0.012 0.003 0.003 0.002 0.007 0.002 0.003 0.010 0.005 0.008 0.006 0.003 0.005 0.006 0.003 0.003 0.002 0.056 0.012 0.004 0.004 0.022 0.006 0.012 0.009 0.005 0.002 0.003 0.012 0.006 0.005 0.002 0.002 0.013 0.003 0.002 0.003 0.002 0.003 0.003 0.012 0.007 0.009 0.002 0.005 0.025 0.013 0.017 0.037 0.008 0.056 0.062 0.002 0.004 0.004 0.002 0.007 
>Sequence
Normalized_weight: 0.008
-     -     -     Q     T     E     T     C     -     T     V     A     P     R     E     R     Q     N     C     G     F     P     G     V     T     P     S     Q     C     A     N     K     G     C     C     F     D     D     T     V     R     G     V     P     W     C     F     Y     P     N     T     I     D     -     -     -     -     -     -     -     -     -     
0.004 0.002 0.002 0.045 0.062 0.004 0.012 0.003 0.002 0.012 0.002 0.010 0.002 0.018 0.014 0.006 0.042 0.004 0.006 0.003 0.006 0.002 0.002 0.012 0.004 0.004 0.014 0.003 0.012 0.005 0.005 0.007 0.003 0.012 0.006 0.005 0.002 0.006 0.005 0.004 0.008 0.003 0.002 0.003 0.003 0.012 0.007 0.006 0.002 0.009 0.014 0.018 0.014 0.002 0.002 0.002 0.002 0.002 0.004 0.004 0.002 0.007 
>Sequence
Normalized_weight: 0.010
-     -     -     -     -     -     Q     C     -     M     A     P     T     N     V     R     V     D     C     N     Y     P     T     V     T     S     E     Q     C     N     N     R     G     C     C     F     D     S     S     I     P     N     V     P     W     C     F     K     P     L     Q     E     T     E     C     T     F     -     -     -     -     -     
0.004 0.002 0.002 0.002 0.002 0.003 0.003 0.003 0.002 0.012 0.028 0.003 0.050 0.005 0.017 0.006 0.003 0.005 0.006 0.067 0.003 0.002 0.019 0.012 0.004 0.007 0.004 0.003 0.012 0.009 0.005 0.002 0.003 0.012 0.006 0.005 0.002 0.002 0.002 0.003 0.002 0.006 0.002 0.003 0.003 0.012 0.007 0.009 0.002 0.005 0.025 0.013 0.025 0.037 0.008 0.056 0.062 0.002 0.004 0.004 0.002 0.007 
>Sequence
Normalized_weight: 0.015
-     -     -     -     E     E     Q     C     -     S     V     E     R     L     A     R     V     N     C     G     Y     S     G     I     T     P     Q     E     C     T     K     Q     G     C     C     F     D     S     T     I     Q     D     A     P     W     C     F     Y     P     R     A     T     P     E     C     -     -     -     -     -     -     -     
0.004 0.002 0.002 0.002 0.125 0.004 0.003 0.003 0.002 0.005 0.002 0.003 0.100 0.071 0.005 0.006 0.003 0.004 0.006 0.003 0.003 0.025 0.002 0.004 0.004 0.004 0.007 0.006 0.012 0.018 0.010 0.111 0.003 0.012 0.006 0.005 0.002 0.002 0.005 0.003 0.029 0.021 0.018 0.003 0.003 0.012 0.007 0.006 0.002 0.036 0.017 0.091 0.050 0.037 0.008 0.002 0.002 0.002 0.004 0.004 0.002 0.007 
>Sequence
Normalized_weight: 0.028
-     -     -     -     -     D     D     M     -     C     S     N     V     Q     T     R     K     D     C     G     Y     L     G     V     D     K     D     G     C     D     Q     R     Q     C     C     W     A     E     S     K     D     P     I     P     W     C     F     Q     -     -     -     -     -     -     -     -     -     -     -     -     -     -     
0.004 0.002 0.002 0.002 0.002 0.021 0.016 0.200 0.002 0.059 0.083 0.071 0.006 0.036 0.028 0.006 0.006 0.005 0.006 0.003 0.003 0.062 0.002 0.012 0.200 0.028 0.006 0.125 0.012 0.024 0.018 0.002 0.167 0.012 0.006 0.037 0.111 0.023 0.002 0.030 0.020 0.125 0.091 0.003 0.003 0.012 0.007 0.016 0.010 0.002 0.002 0.002 0.002 0.002 0.002 0.002 0.002 0.002 0.004 0.004 0.002 0.007 
>Sequence
Normalized_weight: 0.015
P     R     T     A     R     A     Q     C     -     L     F     S     P     G     D     R     E     D     C     G     Y     S     S     I     T     P     M     E     C     M     K     R     G     C     C     F     D     A     S     I     T     G     V     K     W     C     F     H     -     -     -     -     -     -     -     -     -     -     -     -     -     -     
0.021 0.037 0.028 0.010 0.125 0.021 0.003 0.003 0.002 0.029 0.083 0.024 0.002 0.014 0.008 0.006 0.021 0.005 0.006 0.003 0.003 0.025 0.056 0.004 0.004 0.004 0.111 0.006 0.012 0.071 0.010 0.002 0.003 0.012 0.006 0.005 0.002 0.045 0.002 0.003 0.020 0.003 0.002 0.013 0.003 0.012 0.007 0.012 0.010 0.002 0.002 0.002 0.002 0.002 0.002 0.002 0.002 0.002 0.004 0.004 0.002 0.007 
>Sequence
Normalized_weight: 0.010
-     -     -     -     S     G     E     C     -     K     M     E     P     S     K     R     A     D     C     G     Y     P     G     I     T     E     S     Q     C     R     S     K     G     C     C     F     D     S     S     I     P     Q     T     K     W     C     F     Y     S     L     Q     V     A     D     C     -     -     -     -     -     -     -     
0.004 0.002 0.002 0.002 0.016 0.042 0.014 0.003 0.002 0.010 0.004 0.003 0.002 0.003 0.007 0.006 0.083 0.005 0.006 0.003 0.003 0.002 0.002 0.004 0.004 0.016 0.014 0.003 0.012 0.010 0.006 0.007 0.003 0.012 0.006 0.005 0.002 0.002 0.002 0.003 0.002 0.062 0.008 0.013 0.003 0.012 0.007 0.006 0.062 0.005 0.025 0.005 0.017 0.012 0.008 0.002 0.002 0.002 0.004 0.004 0.002 0.007 
>Sequence
Normalized_weight: 0.010
-     -     -     -     S     G     E     C     -     K     M     E     P     S     K     R     E     D     C     G     Y     S     G     I     T     E     S     Q     C     R     T     K     G     C     C     F     D     S     S     I     P     Q     T     K     W     C     F     Y     T     L     Q     V     A     D     C     -     -     -     -     -     -     -     
0.004 0.002 0.002 0.002 0.016 0.042 0.014 0.003 0.002 0.010 0.004 0.003 0.002 0.003 0.007 0.006 0.021 0.005 0.006 0.003 0.003 0.025 0.002 0.004 0.004 0.016 0.014 0.003 0.012 0.010 0.045 0.007 0.003 0.012 0.006 0.005 0.002 0.002 0.002 0.003 0.002 0.062 0.008 0.013 0.003 0.012 0.007 0.006 0.062 0.005 0.025 0.005 0.017 0.012 0.008 0.002 0.002 0.002 0.004 0.004 0.002 0.007 
>Sequence
Normalized_weight: 0.013
P     A     R     K     A     E     -     C     -     T     V     D     P     S     V     R     T     D     C     G     Y     P     G     I     T     D     K     E     C     R     E     K     G     C     C     Y     D     E     C     I     P     D     V     I     W     C     F     -     -     -     -     -     -     -     -     -     -     -     -     -     -     -     
0.021 0.012 0.111 0.091 0.031 0.004 0.007 0.003 0.002 0.012 0.002 0.007 0.002 0.003 0.017 0.006 0.021 0.005 0.006 0.003 0.003 0.002 0.002 0.004 0.004 0.056 0.022 0.006 0.012 0.010 0.023 0.007 0.003 0.012 0.006 0.021 0.002 0.023 0.077 0.003 0.002 0.021 0.002 0.042 0.003 0.012 0.007 0.019 0.010 0.002 0.002 0.002 0.002 0.002 0.002 0.002 0.002 0.002 0.004 0.004 0.002 0.007 
>Sequence
Normalized_weight: 0.012
-     -     -     -     -     -     -     C     -     G     V     K     P     K     S     R     D     N     C     G     P     P     G     I     S     P     D     E     C     V     K     K     G     C     C     F     D     D     S     D     P     D     S     I     W     C     Y     T     P     W     K     F     E     D     -     -     -     -     -     -     -     -     
0.004 0.002 0.002 0.002 0.002 0.003 0.007 0.003 0.002 0.020 0.002 0.071 0.002 0.005 0.006 0.006 0.028 0.004 0.006 0.003 0.007 0.002 0.002 0.004 0.008 0.004 0.006 0.006 0.012 0.014 0.010 0.007 0.003 0.012 0.006 0.005 0.002 0.006 0.002 0.045 0.002 0.021 0.030 0.042 0.003 0.012 0.033 0.056 0.002 0.036 0.050 0.091 0.007 0.012 0.002 0.002 0.002 0.002 0.004 0.004 0.002 0.007 
>Sequence
Normalized_weight: 0.012
-     -     -     -     -     -     -     C     -     G     V     Q     P     K     S     R     D     N     C     G     P     P     G     I     S     P     D     E     C     V     K     K     G     C     C     F     D     V     S     D     P     D     S     I     W     C     Y     T     P     W     K     L     E     -     -     -     -     -     -     -     -     -     
0.004 0.002 0.002 0.002 0.002 0.003 0.007 0.003 0.002 0.020 0.002 0.024 0.002 0.005 0.006 0.006 0.028 0.004 0.006 0.003 0.007 0.002 0.002 0.004 0.008 0.004 0.006 0.006 0.012 0.014 0.010 0.007 0.003 0.012 0.006 0.005 0.002 0.091 0.002 0.045 0.002 0.021 0.030 0.042 0.003 0.012 0.033 0.056 0.002 0.036 0.050 0.045 0.007 0.002 0.002 0.002 0.002 0.002 0.004 0.004 0.002 0.007 
>Sequence
Normalized_weight: 0.008
P     K     E     A     P     T     Q     C     -     D     V     P     P     S     S     R     F     D     C     A     -     P     G     I     S     Q     E     Q     C     E     A     R     G     C     C     Y     K     E     P     Q     I     G     Q     P     W     C     F     F     P     -     -     -     -     -     -     -     -     -     -     -     -     -     
0.021 0.012 0.014 0.010 0.011 0.014 0.003 0.003 0.002 0.007 0.002 0.003 0.002 0.003 0.006 0.006 0.008 0.005 0.006 0.018 0.028 0.002 0.002 0.004 0.008 0.009 0.004 0.003 0.012 0.004 0.004 0.002 0.003 0.012 0.006 0.021 0.056 0.023 0.019 0.010 0.029 0.003 0.010 0.003 0.003 0.012 0.007 0.004 0.002 0.002 0.002 0.002 0.002 0.002 0.002 0.002 0.002 0.002 0.004 0.004 0.002 0.007 
>Sequence
Normalized_weight: 0.008
P     R     A     A     P     T     Q     C     -     D     L     P     P     N     S     R     F     D     C     A     -     P     G     I     T     P     Q     Q     C     E     A     R     G     C     C     Y     P     D     A     Q     M     G     Q     P     W     C     F     F     P     -     -     -     -     -     -     -     -     -     -     -     -     -     
0.021 0.037 0.056 0.010 0.011 0.014 0.003 0.003 0.002 0.007 0.010 0.003 0.002 0.005 0.006 0.006 0.008 0.005 0.006 0.018 0.028 0.002 0.002 0.004 0.004 0.004 0.007 0.003 0.012 0.004 0.004 0.002 0.003 0.012 0.006 0.021 0.056 0.006 0.015 0.010 0.010 0.003 0.010 0.003 0.003 0.012 0.007 0.004 0.002 0.002 0.002 0.002 0.002 0.002 0.002 0.002 0.002 0.002 0.004 0.004 0.002 0.007 
>Sequence
Normalized_weight: 0.006
-     -     -     -     -     -     Q     C     -     D     V     T     P     N     S     R     F     D     C     A     -     P     G     I     T     Q     E     Q     C     E     A     R     G     C     C     W     N     G     P     V     M     G     Q     P     W     C     F     F     P     -     -     -     -     -     -     -     -     -     -     -     -     -     
0.004 0.002 0.002 0.002 0.002 0.003 0.003 0.003 0.002 0.007 0.002 0.010 0.002 0.005 0.006 0.006 0.008 0.005 0.006 0.018 0.028 0.002 0.002 0.004 0.004 0.009 0.004 0.003 0.012 0.004 0.004 0.002 0.003 0.012 0.006 0.037 0.016 0.015 0.019 0.004 0.010 0.003 0.010 0.003 0.003 0.012 0.007 0.004 0.002 0.002 0.002 0.002 0.002 0.002 0.002 0.002 0.002 0.002 0.004 0.004 0.002 0.007 
>Sequence
Normalized_weight: 0.010
-     -     -     -     -     -     Q     C     -     D     V     P     P     N     S     R     F     D     C     A     -     P     A     I     T     Q     E     Q     C     E     A     R     G     C     C     Y     I     P     A     K     Q     G     L     P     W     C     F     F     P     -     -     -     -     -     -     -     -     -     -     -     -     -     
0.004 0.002 0.002 0.002 0.002 0.003 0.003 0.003 0.002 0.007 0.002 0.003 0.002 0.005 0.006 0.006 0.008 0.005 0.006 0.018 0.028 0.002 0.056 0.004 0.004 0.009 0.004 0.003 0.012 0.004 0.004 0.002 0.003 0.012 0.006 0.021 0.056 0.091 0.015 0.030 0.029 0.003 0.091 0.003 0.003 0.012 0.007 0.004 0.002 0.002 0.002 0.002 0.002 0.002 0.002 0.002 0.002 0.002 0.004 0.004 0.002 0.007 
>Sequence
Normalized_weight: 0.020
-     -     Q     N     T     N     S     Q     -     S     V     D     V     S     K     R     V     D     C     -     Y     P     G     A     S     Q     D     A     C     Q     S     R     G     C     I     W     S     S     S     P     V     G     T     P     W     C     Y     Y     P     -     -     -     -     -     -     -     -     -     -     -     -     -     
0.004 0.002 0.007 0.091 0.062 0.012 0.056 0.200 0.002 0.005 0.002 0.007 0.006 0.003 0.007 0.006 0.003 0.005 0.006 0.100 0.003 0.002 0.002 0.125 0.008 0.009 0.006 0.062 0.012 0.024 0.006 0.002 0.003 0.012 0.167 0.037 0.006 0.002 0.002 0.023 0.015 0.003 0.008 0.003 0.003 0.012 0.033 0.006 0.002 0.002 0.002 0.002 0.002 0.002 0.002 0.002 0.002 0.002 0.004 0.004 0.002 0.007 
>Sequence
Normalized_weight: 0.012
P     V     T     P     M     N     T     C     -     N     -     P     Y     G     T     R     V     E     C     G     H     P     G     I     T     R     Q     D     C     I     R     R     G     C     C     F     D     S     S     Q     S     N     T     N     W     C     Y     Q     -     -     -     -     -     -     -     -     -     -     -     -     -     -     
0.021 0.056 0.028 0.023 0.062 0.012 0.012 0.003 0.002 0.020 0.010 0.003 0.050 0.014 0.028 0.006 0.003 0.021 0.006 0.003 0.037 0.002 0.002 0.004 0.004 0.028 0.007 0.007 0.012 0.008 0.015 0.002 0.003 0.012 0.006 0.005 0.002 0.002 0.002 0.010 0.007 0.006 0.008 0.042 0.003 0.012 0.033 0.016 0.010 0.002 0.002 0.002 0.002 0.002 0.002 0.002 0.002 0.002 0.004 0.004 0.002 0.007 
>Sequence
Normalized_weight: 0.014
P     V     T     P     M     N     T     C     -     N     -     P     Y     G     T     R     V     E     C     G     Q     P     G     I     T     R     Q     D     C     I     R     R     G     C     C     F     D     S     S     Q     S     N     M     N     W     C     Y     Q     -     -     -     -     -     -     -     -     -     -     -     -     -     -     
0.021 0.056 0.028 0.023 0.062 0.012 0.012 0.003 0.002 0.020 0.010 0.003 0.050 0.014 0.028 0.006 0.003 0.021 0.006 0.003 0.111 0.002 0.002 0.004 0.004 0.028 0.007 0.007 0.012 0.008 0.015 0.002 0.003 0.012 0.006 0.005 0.002 0.002 0.002 0.010 0.007 0.006 0.091 0.042 0.003 0.012 0.033 0.016 0.010 0.002 0.002 0.002 0.002 0.002 0.002 0.002 0.002 0.002 0.004 0.004 0.002 0.007 
