>Sequence
Normalized_weight: 0.094
G     T     K     Q     E     K     T     I     L     N     M     A     R     F     I     R     S     Q     A     L     T     I     L     E     K     A     N     E     L     D     -     -     A     D     E     I     A     D     I     A     E     S     I     H     D     H     A     D     E     I     Y     R     S     A     L     A     R     F     G     D     D     
0.333 0.031 0.038 0.042 0.056 0.033 0.050 0.250 0.038 0.071 0.071 0.071 0.056 0.071 0.071 0.037 0.042 0.071 0.250 0.071 0.056 0.500 0.071 0.071 0.038 0.500 0.048 0.036 0.038 0.056 0.028 0.083 0.033 0.033 0.031 0.143 0.038 0.033 0.048 0.333 0.038 0.056 0.333 0.038 0.048 0.067 0.038 0.111 0.028 0.333 0.029 0.025 0.028 0.167 0.056 0.025 0.030 0.042 0.083 0.111 0.067 
>Sequence
Normalized_weight: 0.057
M     T     K     Q     E     K     T     A     L     N     M     A     R     F     I     R     S     Q     T     L     T     L     L     E     K     L     N     E     L     A     D     A     A     D     E     Q     A     D     I     C     E     S     L     H     D     H     A     D     E     L     Y     R     S     C     L     A     R     F     G     D     D     
0.033 0.031 0.038 0.042 0.056 0.033 0.050 0.023 0.038 0.071 0.071 0.071 0.056 0.071 0.071 0.037 0.042 0.071 0.050 0.071 0.056 0.038 0.071 0.071 0.038 0.038 0.048 0.036 0.038 0.167 0.250 0.250 0.033 0.033 0.031 0.036 0.038 0.033 0.048 0.028 0.038 0.056 0.028 0.038 0.048 0.067 0.038 0.111 0.028 0.028 0.029 0.025 0.028 0.083 0.056 0.025 0.030 0.042 0.083 0.111 0.067 
>Sequence
Normalized_weight: 0.061
-     T     K     L     E     S     A     A     L     N     M     A     K     F     I     R     A     Q     S     L     L     L     L     E     K     L     D     V     L     D     -     -     L     D     D     E     A     A     E     C     E     K     L     H     E     Q     A     E     V     L     Y     R     K     V     S     N     R     I     S     E     D     
0.111 0.031 0.038 0.250 0.056 0.067 0.125 0.023 0.038 0.071 0.071 0.071 0.048 0.071 0.071 0.037 0.062 0.071 0.036 0.071 0.056 0.038 0.071 0.071 0.038 0.038 0.056 0.083 0.038 0.056 0.028 0.083 0.050 0.033 0.250 0.071 0.038 0.033 0.048 0.028 0.038 0.028 0.028 0.038 0.056 0.050 0.038 0.033 0.083 0.028 0.029 0.025 0.056 0.083 0.033 0.062 0.030 0.083 0.111 0.083 0.067 
>Sequence
Normalized_weight: 0.058
-     T     K     Q     Q     K     T     A     L     N     M     A     K     F     I     Q     H     Q     S     L     L     L     L     E     K     L     N     E     L     D     -     -     L     D     V     E     A     D     L     C     E     K     L     H     D     D     A     E     H     L     F     R     T     L     S     S     R     -     -     -     -     
0.111 0.031 0.038 0.042 0.100 0.033 0.050 0.023 0.038 0.071 0.071 0.071 0.048 0.071 0.071 0.167 0.125 0.071 0.036 0.071 0.056 0.038 0.071 0.071 0.038 0.038 0.048 0.036 0.038 0.056 0.028 0.083 0.050 0.033 0.250 0.071 0.038 0.033 0.071 0.028 0.038 0.028 0.028 0.038 0.048 0.100 0.038 0.033 0.083 0.028 0.100 0.025 0.083 0.033 0.033 0.062 0.030 0.062 0.048 0.048 0.042 
>Sequence
Normalized_weight: 0.051
M     T     K     Q     E     K     T     A     L     N     M     A     R     F     I     R     G     Q     T     L     T     L     L     E     K     L     N     E     L     -     -     D     A     D     E     L     A     D     I     C     E     S     L     H     D     H     A     D     E     L     Y     R     S     C     L     A     R     F     G     D     D     
0.033 0.031 0.038 0.042 0.056 0.033 0.050 0.023 0.038 0.071 0.071 0.071 0.056 0.071 0.071 0.037 0.125 0.071 0.050 0.071 0.056 0.038 0.071 0.071 0.038 0.038 0.048 0.036 0.038 0.056 0.028 0.028 0.033 0.033 0.031 0.143 0.038 0.033 0.048 0.028 0.038 0.056 0.028 0.038 0.048 0.067 0.038 0.111 0.028 0.028 0.029 0.025 0.028 0.083 0.056 0.025 0.030 0.042 0.083 0.111 0.067 
>Sequence
Normalized_weight: 0.150
-     S     K     Q     E     K     T     A     L     N     M     A     R     F     I     R     S     Q     T     L     T     L     L     E     K     L     N     E     L     A     K     G     -     -     -     -     -     -     -     -     -     -     -     -     -     -     -     -     -     -     -     -     -     -     -     -     -     -     -     -     -     
0.111 0.250 0.038 0.042 0.056 0.033 0.050 0.023 0.038 0.071 0.071 0.071 0.056 0.071 0.071 0.037 0.042 0.071 0.050 0.071 0.056 0.038 0.071 0.071 0.038 0.038 0.048 0.036 0.038 0.167 0.250 0.250 0.200 0.333 0.062 0.036 0.500 0.167 0.143 0.333 0.500 0.167 0.333 0.500 0.333 0.200 0.500 0.333 0.167 0.333 0.200 0.200 0.167 0.167 0.167 0.125 0.333 0.062 0.048 0.048 0.042 
>Sequence
Normalized_weight: 0.101
M     T     R     Q     E     S     A     A     L     N     M     A     K     F     I     R     A     Q     T     L     L     L     L     E     R     L     E     Q     M     -     -     D     L     D     E     A     A     G     C     C     E     H     L     H     D     Q     A     E     A     L     Y     A     M     L     N     A     Q     I     G     E     E     
0.033 0.031 0.500 0.042 0.056 0.067 0.125 0.023 0.038 0.071 0.071 0.071 0.048 0.071 0.071 0.037 0.062 0.071 0.050 0.071 0.056 0.038 0.071 0.071 0.500 0.038 0.333 0.250 0.500 0.056 0.028 0.028 0.050 0.033 0.031 0.143 0.038 0.167 0.143 0.028 0.038 0.167 0.028 0.038 0.048 0.050 0.038 0.033 0.083 0.028 0.029 0.200 0.167 0.033 0.167 0.025 0.167 0.083 0.083 0.083 0.333 
>Sequence
Normalized_weight: 0.051
M     N     K     Q     Q     Q     T     A     L     N     M     A     R     F     I     K     S     Q     S     L     T     L     L     E     K     L     D     A     L     -     -     D     A     D     E     Q     A     A     M     C     E     R     L     H     E     L     A     E     E     L     Q     N     S     I     Q     V     R     F     -     -     -     
0.033 0.062 0.038 0.042 0.100 0.067 0.050 0.023 0.038 0.071 0.071 0.071 0.056 0.071 0.071 0.111 0.042 0.071 0.036 0.071 0.056 0.038 0.071 0.071 0.038 0.038 0.056 0.083 0.038 0.056 0.028 0.028 0.033 0.033 0.031 0.036 0.038 0.033 0.048 0.028 0.038 0.083 0.028 0.038 0.056 0.050 0.038 0.033 0.028 0.028 0.067 0.067 0.028 0.056 0.056 0.125 0.030 0.042 0.048 0.048 0.042 
>Sequence
Normalized_weight: 0.062
M     N     K     Q     Q     Q     A     V     L     N     M     A     G     F     I     K     S     Q     S     L     T     L     L     E     K     L     D     A     L     -     -     D     A     D     E     Q     A     T     M     C     E     K     L     H     E     L     A     E     E     L     Q     N     S     I     Q     T     R     F     -     -     -     
0.033 0.062 0.038 0.042 0.100 0.067 0.125 0.250 0.038 0.071 0.071 0.071 0.333 0.071 0.071 0.111 0.042 0.071 0.036 0.071 0.056 0.038 0.071 0.071 0.038 0.038 0.056 0.083 0.038 0.056 0.028 0.028 0.033 0.033 0.031 0.036 0.038 0.167 0.048 0.028 0.038 0.028 0.028 0.038 0.056 0.050 0.038 0.033 0.028 0.028 0.067 0.067 0.028 0.056 0.056 0.125 0.030 0.042 0.048 0.048 0.042 
>Sequence
Normalized_weight: 0.050
M     N     K     Q     Q     Q     T     A     L     N     M     A     R     F     I     R     S     Q     S     L     I     L     L     E     K     L     D     A     L     -     -     D     A     D     E     Q     A     A     M     C     E     R     L     H     E     L     A     E     E     L     Q     N     S     I     Q     A     R     F     -     -     -     
0.033 0.062 0.038 0.042 0.100 0.067 0.050 0.023 0.038 0.071 0.071 0.071 0.056 0.071 0.071 0.037 0.042 0.071 0.036 0.071 0.167 0.038 0.071 0.071 0.038 0.038 0.056 0.083 0.038 0.056 0.028 0.028 0.033 0.033 0.031 0.036 0.038 0.033 0.048 0.028 0.038 0.083 0.028 0.038 0.056 0.050 0.038 0.033 0.028 0.028 0.067 0.067 0.028 0.056 0.056 0.025 0.030 0.042 0.048 0.048 0.042 
>Sequence
Normalized_weight: 0.083
M     K     K     Q     E     A     T     A     I     N     M     A     K     F     I     K     A     Q     L     L     I     L     L     E     K     L     N     E     L     -     -     D     L     D     E     R     A     N     E     C     E     Q     L     H     D     L     A     E     Q     L     H     R     H     L     R     E     Q     -     -     -     -     
0.033 0.250 0.038 0.042 0.056 0.200 0.050 0.023 0.500 0.071 0.071 0.071 0.048 0.071 0.071 0.111 0.062 0.071 0.250 0.071 0.167 0.038 0.071 0.071 0.038 0.038 0.048 0.036 0.038 0.056 0.028 0.028 0.050 0.033 0.031 0.143 0.038 0.167 0.048 0.028 0.038 0.167 0.028 0.038 0.048 0.050 0.038 0.033 0.167 0.028 0.200 0.025 0.167 0.033 0.167 0.125 0.167 0.062 0.048 0.048 0.042 
>Sequence
Normalized_weight: 0.058
M     T     K     L     E     S     A     A     L     N     M     A     K     F     I     R     A     Q     S     L     L     L     L     E     K     L     D     V     L     D     L     D     D     E     -     -     A     A     E     C     E     K     L     H     E     Q     A     E     V     L     Y     R     K     V     S     N     R     I     S     E     D     
0.033 0.031 0.038 0.250 0.056 0.067 0.125 0.023 0.038 0.071 0.071 0.071 0.048 0.071 0.071 0.037 0.062 0.071 0.036 0.071 0.056 0.038 0.071 0.071 0.038 0.038 0.056 0.083 0.038 0.056 0.083 0.028 0.100 0.111 0.062 0.036 0.038 0.033 0.048 0.028 0.038 0.028 0.028 0.038 0.056 0.050 0.038 0.033 0.083 0.028 0.029 0.025 0.056 0.083 0.033 0.062 0.030 0.083 0.111 0.083 0.067 
>Sequence
Normalized_weight: 0.068
M     N     K     Q     E     T     T     T     L     N     M     A     K     F     I     R     G     Q     T     L     L     L     L     E     K     L     D     V     L     D     L     D     D     E     -     -     A     A     D     C     E     K     L     H     E     Q     A     E     A     L     Y     Q     K     L     S     G     R     L     S     E     -     
0.033 0.062 0.038 0.042 0.056 0.200 0.050 0.250 0.038 0.071 0.071 0.071 0.048 0.071 0.071 0.037 0.125 0.071 0.050 0.071 0.056 0.038 0.071 0.071 0.038 0.038 0.056 0.083 0.038 0.056 0.083 0.028 0.100 0.111 0.062 0.036 0.038 0.033 0.143 0.028 0.038 0.028 0.028 0.038 0.056 0.050 0.038 0.033 0.083 0.028 0.029 0.200 0.056 0.033 0.033 0.125 0.030 0.250 0.111 0.083 0.042 
>Sequence
Normalized_weight: 0.057
M     T     K     Q     Q     K     T     A     L     N     M     A     K     F     I     Q     H     Q     S     L     L     L     L     E     K     L     N     E     L     D     L     D     V     E     -     -     A     D     L     C     E     K     L     H     D     D     A     E     H     L     F     R     T     L     S     S     R     -     -     -     -     
0.033 0.031 0.038 0.042 0.100 0.033 0.050 0.023 0.038 0.071 0.071 0.071 0.048 0.071 0.071 0.167 0.125 0.071 0.036 0.071 0.056 0.038 0.071 0.071 0.038 0.038 0.048 0.036 0.038 0.056 0.083 0.028 0.200 0.111 0.062 0.036 0.038 0.033 0.071 0.028 0.038 0.028 0.028 0.038 0.048 0.100 0.038 0.033 0.083 0.028 0.100 0.025 0.083 0.033 0.033 0.062 0.030 0.062 0.048 0.048 0.042 
