>Sequence
Normalized_weight: 0.024
-     -     -     -     -     -     -     -     T     A     A     V     A     L     V     K     A     N     E     N     A     A     A     I     L     N     L     K     N     A     I     Q     K     T     N     A     A     V     A     D     V     V     Q     A     T     Q     S     L     G     T     A     V     Q     A     V     Q     D     H     I     N     S     V     V     S     P     A     I     T     A     A     N     Y     
0.014 0.014 0.014 0.009 0.014 0.014 0.014 0.014 0.014 0.014 0.019 0.009 0.008 0.009 0.011 0.028 0.012 0.014 0.016 0.010 0.007 0.013 0.005 0.009 0.014 0.009 0.008 0.008 0.028 0.050 0.011 0.013 0.010 0.011 0.014 0.037 0.013 0.013 0.030 0.016 0.021 0.042 0.009 0.008 0.013 0.007 0.021 0.013 0.050 0.014 0.008 0.011 0.005 0.013 0.009 0.014 0.005 0.025 0.011 0.014 0.022 0.018 0.056 0.037 0.008 0.008 0.011 0.018 0.028 0.050 0.050 0.500 
>Sequence
Normalized_weight: 0.102
Q     I     L     S     I     D     P     L     -     -     -     -     -     -     -     -     D     I     S     Q     N     L     A     A     V     N     K     S     L     S     D     A     L     Q     H     L     A     Q     S     D     T     Y     L     S     A     I     -     -     -     -     -     -     -     -     -     -     -     -     -     -     -     -     -     -     -     -     -     -     -     -     -     -     
0.250 0.250 0.250 0.333 0.250 0.250 0.250 0.250 0.250 0.250 0.167 0.083 0.125 0.167 0.062 0.083 0.125 0.021 0.056 0.167 0.083 0.045 0.005 0.167 0.042 0.009 0.125 0.040 0.056 0.017 0.100 0.031 0.045 0.167 0.125 0.037 0.013 0.125 0.023 0.016 0.125 0.062 0.028 0.029 0.033 0.056 0.042 0.062 0.100 0.056 0.125 0.125 0.062 0.083 0.083 0.250 0.062 0.100 0.167 0.250 0.056 0.062 0.083 0.056 0.083 0.048 0.067 0.015 0.016 0.013 0.017 0.013 
>Sequence
Normalized_weight: 0.013
-     -     -     -     -     -     -     -     T     A     G     I     A     L     H     Q     S     M     M     N     S     Q     A     I     E     S     L     K     T     S     L     E     A     T     N     Q     A     V     E     E     I     R     Q     A     G     Q     E     M     I     L     A     V     Q     G     V     Q     D     Y     I     N     N     E     L     V     P     A     V     G     Q     L     S     -     
0.014 0.014 0.014 0.009 0.014 0.014 0.014 0.014 0.014 0.014 0.018 0.011 0.008 0.009 0.010 0.009 0.019 0.014 0.016 0.010 0.019 0.007 0.005 0.009 0.013 0.009 0.008 0.008 0.028 0.017 0.013 0.010 0.013 0.011 0.014 0.009 0.013 0.013 0.007 0.008 0.021 0.011 0.009 0.008 0.013 0.007 0.007 0.016 0.015 0.009 0.008 0.011 0.005 0.010 0.009 0.014 0.005 0.014 0.011 0.014 0.008 0.008 0.013 0.010 0.008 0.008 0.067 0.023 0.009 0.015 0.016 0.013 
>Sequence
Normalized_weight: 0.012
-     -     -     -     -     -     -     -     T     A     G     I     A     L     H     Q     S     M     M     N     S     Q     A     I     E     S     L     K     A     S     L     E     T     T     N     Q     A     I     E     E     I     R     Q     A     G     Q     E     M     I     L     A     V     Q     G     V     Q     D     Y     I     N     N     E     L     V     P     A     M     G     Q     L     S     -     
0.014 0.014 0.014 0.009 0.014 0.014 0.014 0.014 0.014 0.014 0.018 0.011 0.008 0.009 0.010 0.009 0.019 0.014 0.016 0.010 0.019 0.007 0.005 0.009 0.013 0.009 0.008 0.008 0.016 0.017 0.013 0.010 0.018 0.011 0.014 0.009 0.013 0.015 0.007 0.008 0.021 0.011 0.009 0.008 0.013 0.007 0.007 0.016 0.015 0.009 0.008 0.011 0.005 0.010 0.009 0.014 0.005 0.014 0.011 0.014 0.008 0.008 0.013 0.010 0.008 0.008 0.022 0.023 0.009 0.015 0.016 0.013 
>Sequence
Normalized_weight: 0.014
-     -     -     -     -     -     -     -     T     A     G     I     A     L     H     Q     S     N     L     N     A     Q     A     I     Q     S     L     R     T     S     L     E     Q     S     N     K     A     I     E     E     I     R     E     A     T     Q     E     T     V     I     A     V     Q     G     V     Q     D     Y     V     N     N     E     L     V     P     A     M     -     -     -     -     -     
0.014 0.014 0.014 0.009 0.014 0.014 0.014 0.014 0.014 0.014 0.018 0.011 0.008 0.009 0.010 0.009 0.019 0.014 0.022 0.010 0.007 0.007 0.005 0.009 0.031 0.009 0.008 0.033 0.028 0.017 0.013 0.010 0.030 0.042 0.014 0.012 0.013 0.015 0.007 0.008 0.021 0.011 0.022 0.008 0.013 0.007 0.007 0.011 0.022 0.016 0.008 0.011 0.005 0.010 0.009 0.014 0.005 0.014 0.042 0.014 0.008 0.008 0.013 0.010 0.008 0.008 0.022 0.015 0.016 0.013 0.017 0.013 
>Sequence
Normalized_weight: 0.013
-     -     -     -     -     -     -     -     T     A     G     I     A     L     H     Q     S     M     L     N     S     Q     A     I     D     N     L     R     A     S     L     E     T     T     N     Q     A     I     E     A     I     R     Q     A     G     Q     E     M     I     L     A     V     Q     G     V     Q     D     Y     I     N     N     E     L     I     P     S     M     N     Q     L     S     -     
0.014 0.014 0.014 0.009 0.014 0.014 0.014 0.014 0.014 0.014 0.018 0.011 0.008 0.009 0.010 0.009 0.019 0.014 0.022 0.010 0.019 0.007 0.005 0.009 0.031 0.009 0.008 0.033 0.016 0.017 0.013 0.010 0.018 0.011 0.014 0.009 0.013 0.015 0.007 0.048 0.021 0.011 0.009 0.008 0.013 0.007 0.007 0.016 0.015 0.009 0.008 0.011 0.005 0.010 0.009 0.014 0.005 0.014 0.011 0.014 0.008 0.008 0.013 0.012 0.008 0.018 0.022 0.008 0.009 0.015 0.016 0.013 
>Sequence
Normalized_weight: 0.017
-     -     -     -     -     -     -     -     T     A     G     V     A     L     H     Q     S     L     M     N     S     Q     A     I     E     S     L     K     T     S     L     E     K     S     N     Q     A     I     E     E     I     R     L     A     N     K     E     T     I     L     A     V     Q     G     V     Q     D     Y     I     N     N     E     L     V     P     S     V     H     R     M     S     -     
0.014 0.014 0.014 0.009 0.014 0.014 0.014 0.014 0.014 0.014 0.018 0.009 0.008 0.009 0.010 0.009 0.019 0.125 0.016 0.010 0.019 0.007 0.005 0.009 0.013 0.009 0.008 0.008 0.028 0.017 0.013 0.010 0.010 0.042 0.014 0.009 0.013 0.015 0.007 0.008 0.021 0.011 0.028 0.008 0.033 0.022 0.007 0.011 0.015 0.009 0.008 0.011 0.005 0.010 0.009 0.014 0.005 0.014 0.011 0.014 0.008 0.008 0.013 0.010 0.008 0.018 0.067 0.045 0.022 0.067 0.016 0.013 
>Sequence
Normalized_weight: 0.016
-     -     -     -     -     -     -     -     T     A     G     V     A     L     Y     Q     S     N     L     N     A     Q     A     I     Q     S     L     R     A     S     L     E     Q     S     N     K     A     I     D     E     V     R     Q     A     S     Q     N     I     I     I     A     V     Q     G     V     Q     D     Y     V     N     N     E     I     V     P     A     L     -     -     -     -     -     
0.014 0.014 0.014 0.009 0.014 0.014 0.014 0.014 0.014 0.014 0.018 0.009 0.008 0.009 0.042 0.009 0.019 0.014 0.022 0.010 0.007 0.007 0.005 0.009 0.031 0.009 0.008 0.033 0.016 0.017 0.013 0.010 0.030 0.042 0.014 0.012 0.013 0.015 0.091 0.008 0.021 0.011 0.009 0.008 0.033 0.007 0.021 0.042 0.015 0.016 0.008 0.011 0.005 0.010 0.009 0.014 0.005 0.014 0.042 0.014 0.008 0.008 0.010 0.010 0.008 0.008 0.033 0.015 0.016 0.013 0.017 0.013 
>Sequence
Normalized_weight: 0.016
-     -     -     -     -     -     -     -     T     A     G     I     A     L     H     Q     S     I     M     N     S     Q     S     I     D     N     L     R     T     S     L     E     K     S     N     Q     A     I     E     E     I     R     Q     A     S     Q     E     T     V     L     A     V     Q     G     V     Q     D     F     I     N     N     E     L     I     P     S     M     H     Q     L     S     -     
0.014 0.014 0.014 0.009 0.014 0.014 0.014 0.014 0.014 0.014 0.018 0.011 0.008 0.009 0.010 0.009 0.019 0.021 0.016 0.010 0.019 0.007 0.125 0.009 0.031 0.009 0.008 0.033 0.028 0.017 0.013 0.010 0.010 0.042 0.014 0.009 0.013 0.015 0.007 0.008 0.021 0.011 0.009 0.008 0.033 0.007 0.007 0.011 0.022 0.009 0.008 0.011 0.005 0.010 0.009 0.014 0.005 0.029 0.011 0.014 0.008 0.008 0.013 0.012 0.008 0.018 0.022 0.045 0.009 0.015 0.016 0.013 
>Sequence
Normalized_weight: 0.014
-     -     -     -     -     -     -     -     T     A     G     I     A     L     H     Q     S     M     L     N     S     Q     T     I     D     N     L     R     A     S     L     E     T     T     N     Q     A     I     E     A     I     R     Q     A     G     Q     E     M     I     L     A     V     Q     G     V     Q     D     Y     I     N     N     E     L     I     P     S     M     K     Q     L     S     -     
0.014 0.014 0.014 0.009 0.014 0.014 0.014 0.014 0.014 0.014 0.018 0.011 0.008 0.009 0.010 0.009 0.019 0.014 0.022 0.010 0.019 0.007 0.062 0.009 0.031 0.009 0.008 0.033 0.016 0.017 0.013 0.010 0.018 0.011 0.014 0.009 0.013 0.015 0.007 0.048 0.021 0.011 0.009 0.008 0.013 0.007 0.007 0.016 0.015 0.009 0.008 0.011 0.005 0.010 0.009 0.014 0.005 0.014 0.011 0.014 0.008 0.008 0.013 0.012 0.008 0.018 0.022 0.023 0.009 0.015 0.016 0.013 
>Sequence
Normalized_weight: 0.016
-     -     -     -     -     -     -     -     T     A     G     I     A     L     H     Q     S     M     L     N     S     Q     A     I     D     N     L     R     A     S     L     E     T     T     N     Q     A     I     E     A     I     K     Q     V     G     Q     E     M     I     L     A     V     Q     G     V     Q     D     Y     I     N     N     E     L     I     P     S     M     N     Q     L     S     -     
0.014 0.014 0.014 0.009 0.014 0.014 0.014 0.014 0.014 0.014 0.018 0.011 0.008 0.009 0.010 0.009 0.019 0.014 0.022 0.010 0.019 0.007 0.005 0.009 0.031 0.009 0.008 0.033 0.016 0.017 0.013 0.010 0.018 0.011 0.014 0.009 0.013 0.015 0.007 0.048 0.021 0.014 0.009 0.200 0.013 0.007 0.007 0.016 0.015 0.009 0.008 0.011 0.005 0.010 0.009 0.014 0.005 0.014 0.011 0.014 0.008 0.008 0.013 0.012 0.008 0.018 0.022 0.008 0.009 0.015 0.016 0.013 
>Sequence
Normalized_weight: 0.023
-     -     -     -     -     -     -     -     T     A     G     V     A     L     Y     E     A     R     Q     N     A     A     A     I     A     E     I     K     E     S     L     H     Y     T     H     K     A     I     E     S     L     Q     I     S     Q     K     Q     T     V     V     A     I     Q     G     I     Q     D     Q     I     N     T     N     I     I     P     Q     I     N     A     -     -     -     
0.014 0.014 0.014 0.009 0.014 0.014 0.014 0.014 0.014 0.014 0.018 0.009 0.008 0.009 0.042 0.024 0.012 0.031 0.014 0.010 0.007 0.013 0.005 0.009 0.025 0.100 0.083 0.008 0.010 0.017 0.013 0.125 0.091 0.011 0.125 0.012 0.013 0.015 0.007 0.036 0.019 0.021 0.111 0.029 0.025 0.022 0.014 0.011 0.022 0.019 0.008 0.028 0.005 0.010 0.015 0.014 0.005 0.025 0.011 0.014 0.016 0.031 0.010 0.012 0.008 0.024 0.011 0.008 0.028 0.013 0.017 0.013 
>Sequence
Normalized_weight: 0.022
-     -     -     -     -     -     -     -     T     A     A     V     A     L     V     E     A     K     Q     A     K     S     D     I     E     K     L     K     E     A     I     R     D     T     N     K     A     V     Q     S     I     Q     S     S     V     G     N     L     I     V     A     V     K     S     V     Q     D     Y     V     N     N     E     I     I     P     S     I     T     R     -     -     -     
0.014 0.014 0.014 0.009 0.014 0.014 0.014 0.014 0.014 0.014 0.019 0.009 0.008 0.009 0.011 0.024 0.012 0.062 0.014 0.111 0.083 0.045 0.042 0.009 0.013 0.033 0.008 0.008 0.010 0.050 0.011 0.031 0.045 0.011 0.014 0.012 0.013 0.013 0.015 0.036 0.021 0.021 0.056 0.029 0.050 0.012 0.021 0.013 0.015 0.019 0.008 0.011 0.042 0.083 0.009 0.014 0.005 0.014 0.042 0.014 0.008 0.008 0.010 0.012 0.008 0.018 0.011 0.018 0.022 0.013 0.017 0.013 
>Sequence
Normalized_weight: 0.026
-     -     -     -     -     -     -     -     T     A     A     V     A     L     V     E     A     K     Q     A     R     S     D     I     E     K     L     K     E     A     I     R     D     T     N     K     A     V     Q     S     V     Q     S     S     I     G     N     L     I     V     A     I     K     S     V     Q     D     Y     V     N     K     E     I     V     P     S     I     A     R     -     -     -     
0.014 0.014 0.014 0.009 0.014 0.014 0.014 0.014 0.014 0.014 0.019 0.009 0.008 0.009 0.011 0.024 0.012 0.062 0.014 0.111 0.167 0.045 0.042 0.009 0.013 0.033 0.008 0.008 0.010 0.050 0.011 0.031 0.045 0.011 0.014 0.012 0.013 0.013 0.015 0.036 0.021 0.021 0.056 0.029 0.050 0.012 0.021 0.013 0.015 0.019 0.008 0.028 0.042 0.083 0.009 0.014 0.005 0.014 0.042 0.014 0.111 0.008 0.010 0.010 0.008 0.018 0.011 0.091 0.022 0.013 0.017 0.013 
>Sequence
Normalized_weight: 0.024
-     -     -     -     -     -     -     -     T     A     A     L     A     L     N     Q     A     Q     D     N     A     K     A     I     L     N     L     K     E     S     I     T     K     T     N     E     A     V     L     E     L     K     D     A     T     G     Q     I     A     I     A     L     D     K     T     Q     R     F     I     N     D     N     I     L     P     A     I     N     -     -     -     -     
0.014 0.014 0.014 0.009 0.014 0.014 0.014 0.014 0.014 0.014 0.019 0.167 0.008 0.009 0.042 0.009 0.012 0.018 0.111 0.010 0.007 0.045 0.005 0.009 0.014 0.009 0.008 0.008 0.010 0.017 0.011 0.042 0.010 0.011 0.014 0.014 0.013 0.013 0.030 0.008 0.019 0.014 0.014 0.008 0.013 0.012 0.014 0.042 0.018 0.016 0.008 0.042 0.042 0.033 0.167 0.014 0.125 0.029 0.011 0.014 0.022 0.031 0.010 0.056 0.008 0.008 0.011 0.008 0.016 0.013 0.017 0.013 
>Sequence
Normalized_weight: 0.018
-     -     -     -     -     -     -     -     T     A     A     V     A     L     V     K     A     N     K     N     A     A     A     I     L     N     L     K     N     A     I     Q     K     T     N     T     A     V     A     D     V     V     Q     A     T     Q     S     L     G     T     A     V     Q     A     V     Q     D     H     I     N     S     V     V     S     P     A     I     T     A     A     N     -     
0.014 0.014 0.014 0.009 0.014 0.014 0.014 0.014 0.014 0.014 0.019 0.009 0.008 0.009 0.011 0.028 0.012 0.014 0.019 0.010 0.007 0.013 0.005 0.009 0.014 0.009 0.008 0.008 0.028 0.050 0.011 0.013 0.010 0.011 0.014 0.111 0.013 0.013 0.030 0.016 0.021 0.042 0.009 0.008 0.013 0.007 0.021 0.013 0.050 0.014 0.008 0.011 0.005 0.013 0.009 0.014 0.005 0.025 0.011 0.014 0.022 0.018 0.056 0.037 0.008 0.008 0.011 0.018 0.028 0.050 0.050 0.013 
>Sequence
Normalized_weight: 0.024
-     -     -     -     -     -     -     -     T     A     A     V     S     L     V     Q     A     Q     T     N     A     R     A     I     A     A     M     K     N     S     I     Q     A     T     N     R     A     V     F     E     V     K     E     G     T     Q     Q     L     A     I     A     V     Q     A     I     Q     D     H     I     N     T     I     M     N     T     Q     L     N     N     M     S     -     
0.014 0.014 0.014 0.009 0.014 0.014 0.014 0.014 0.014 0.014 0.019 0.009 0.125 0.009 0.011 0.009 0.012 0.018 0.056 0.010 0.007 0.015 0.005 0.009 0.025 0.025 0.125 0.008 0.028 0.017 0.011 0.013 0.013 0.011 0.014 0.111 0.013 0.013 0.045 0.008 0.021 0.014 0.022 0.033 0.013 0.007 0.014 0.013 0.018 0.016 0.008 0.011 0.005 0.013 0.015 0.014 0.005 0.025 0.011 0.014 0.016 0.031 0.083 0.014 0.125 0.024 0.033 0.008 0.056 0.067 0.016 0.013 
>Sequence
Normalized_weight: 0.018
-     -     -     -     -     -     -     -     T     A     A     V     A     L     V     K     A     N     K     N     A     V     A     I     L     N     L     K     N     A     I     Q     K     T     N     A     A     V     A     D     V     V     Q     A     T     Q     S     L     G     T     A     V     Q     A     V     Q     D     H     I     N     S     V     V     S     P     A     I     T     A     A     N     -     
0.014 0.014 0.014 0.009 0.014 0.014 0.014 0.014 0.014 0.014 0.019 0.009 0.008 0.009 0.011 0.028 0.012 0.014 0.019 0.010 0.007 0.091 0.005 0.009 0.014 0.009 0.008 0.008 0.028 0.050 0.011 0.013 0.010 0.011 0.014 0.037 0.013 0.013 0.030 0.016 0.021 0.042 0.009 0.008 0.013 0.007 0.021 0.013 0.050 0.014 0.008 0.011 0.005 0.013 0.009 0.014 0.005 0.025 0.011 0.014 0.022 0.018 0.056 0.037 0.008 0.008 0.011 0.018 0.028 0.050 0.050 0.013 
>Sequence
Normalized_weight: 0.018
-     -     -     -     -     -     -     -     T     A     G     I     A     L     A     N     T     I     K     N     A     E     A     I     E     S     L     K     S     S     I     Q     A     S     N     K     A     I     Q     K     V     I     D     A     Q     G     R     T     V     T     V     I     N     G     I     Q     D     H     I     N     S     V     I     N     P     A     L     N     Q     -     -     -     
0.014 0.014 0.014 0.009 0.014 0.014 0.014 0.014 0.014 0.014 0.018 0.011 0.008 0.009 0.031 0.056 0.083 0.021 0.019 0.010 0.007 0.030 0.005 0.009 0.013 0.009 0.008 0.008 0.022 0.017 0.011 0.013 0.013 0.042 0.014 0.012 0.013 0.015 0.015 0.048 0.021 0.031 0.014 0.008 0.025 0.012 0.042 0.011 0.022 0.014 0.062 0.028 0.042 0.010 0.015 0.014 0.005 0.025 0.011 0.014 0.022 0.018 0.010 0.014 0.008 0.008 0.033 0.008 0.009 0.013 0.017 0.013 
>Sequence
Normalized_weight: 0.030
-     -     -     -     -     -     -     -     T     A     A     I     G     L     A     K     A     Q     E     N     A     Q     L     I     L     T     L     K     K     A     A     K     E     T     N     D     A     V     R     D     L     T     K     S     N     K     I     V     A     R     M     I     S     A     I     Q     N     Q     I     N     T     I     I     Q     P     A     I     D     R     I     N     -     
0.014 0.014 0.014 0.009 0.014 0.014 0.014 0.014 0.014 0.014 0.019 0.011 0.125 0.009 0.031 0.028 0.012 0.018 0.016 0.010 0.007 0.007 0.062 0.009 0.014 0.033 0.008 0.008 0.056 0.050 0.100 0.042 0.030 0.011 0.014 0.111 0.013 0.013 0.045 0.016 0.019 0.042 0.111 0.029 0.033 0.022 0.042 0.062 0.018 0.111 0.125 0.028 0.062 0.013 0.015 0.014 0.031 0.025 0.011 0.014 0.016 0.031 0.010 0.056 0.008 0.008 0.011 0.030 0.022 0.050 0.050 0.013 
>Sequence
Normalized_weight: 0.030
-     -     -     -     -     -     -     -     T     A     A     I     G     L     A     K     A     Q     E     N     A     K     L     I     L     T     L     K     K     A     A     T     E     T     N     E     A     V     R     D     L     A     N     S     N     K     I     V     V     K     M     I     S     A     I     Q     N     Q     I     N     T     I     I     Q     P     A     I     D     Q     I     N     -     
0.014 0.014 0.014 0.009 0.014 0.014 0.014 0.014 0.014 0.014 0.019 0.011 0.125 0.009 0.031 0.028 0.012 0.018 0.016 0.010 0.007 0.045 0.062 0.009 0.014 0.033 0.008 0.008 0.056 0.050 0.100 0.042 0.030 0.011 0.014 0.014 0.013 0.013 0.045 0.016 0.019 0.125 0.056 0.029 0.033 0.022 0.042 0.062 0.022 0.111 0.125 0.028 0.062 0.013 0.015 0.014 0.031 0.025 0.011 0.014 0.016 0.031 0.010 0.056 0.008 0.008 0.011 0.030 0.009 0.050 0.050 0.013 
>Sequence
Normalized_weight: 0.021
-     -     -     -     -     -     -     -     T     A     G     I     A     L     S     N     T     I     K     N     A     E     A     I     E     S     I     K     S     S     I     Q     A     S     N     Q     A     I     Q     K     V     I     D     A     Q     G     R     T     V     T     V     I     N     G     I     Q     D     H     I     N     S     V     I     N     P     A     L     N     Q     -     -     -     
0.014 0.014 0.014 0.009 0.014 0.014 0.014 0.014 0.014 0.014 0.018 0.011 0.008 0.009 0.125 0.056 0.083 0.021 0.019 0.010 0.007 0.030 0.005 0.009 0.013 0.009 0.083 0.008 0.022 0.017 0.011 0.013 0.013 0.042 0.014 0.009 0.013 0.015 0.015 0.048 0.021 0.031 0.014 0.008 0.025 0.012 0.042 0.011 0.022 0.014 0.062 0.028 0.042 0.010 0.015 0.014 0.005 0.025 0.011 0.014 0.022 0.018 0.010 0.014 0.008 0.008 0.033 0.008 0.009 0.013 0.017 0.013 
>Sequence
Normalized_weight: 0.025
-     -     -     -     -     -     -     -     T     A     G     V     A     L     H     R     A     E     Q     N     A     R     N     I     A     A     L     K     D     A     L     R     N     S     N     E     A     I     Q     H     L     K     D     A     Q     G     H     T     V     L     A     I     Q     G     L     Q     E     Q     I     N     N     N     I     I     P     K     L     K     E     -     -     -     
0.014 0.014 0.014 0.009 0.014 0.014 0.014 0.014 0.014 0.014 0.018 0.009 0.008 0.009 0.010 0.083 0.012 0.125 0.014 0.010 0.007 0.015 0.025 0.009 0.025 0.025 0.008 0.008 0.037 0.050 0.013 0.031 0.030 0.042 0.014 0.014 0.013 0.015 0.015 0.143 0.019 0.014 0.014 0.008 0.025 0.012 0.083 0.011 0.022 0.009 0.008 0.028 0.005 0.010 0.042 0.014 0.125 0.025 0.011 0.014 0.008 0.031 0.010 0.012 0.008 0.143 0.033 0.023 0.028 0.013 0.017 0.013 
>Sequence
Normalized_weight: 0.028
-     -     -     -     -     -     -     -     T     A     A     V     S     L     V     Q     A     Q     T     N     A     R     A     I     A     A     M     N     D     S     I     Q     G     T     N     G     A     V     F     E     V     K     E     G     T     Q     Q     L     A     I     A     V     Q     A     I     Q     D     H     I     N     T     I     M     N     T     Q     L     N     N     M     S     -     
0.014 0.014 0.014 0.009 0.014 0.014 0.014 0.014 0.014 0.014 0.019 0.009 0.125 0.009 0.011 0.009 0.012 0.018 0.056 0.010 0.007 0.015 0.005 0.009 0.025 0.025 0.125 0.200 0.037 0.017 0.011 0.013 0.091 0.011 0.014 0.111 0.013 0.013 0.045 0.008 0.021 0.014 0.022 0.033 0.013 0.007 0.014 0.013 0.018 0.016 0.008 0.011 0.005 0.013 0.015 0.014 0.005 0.025 0.011 0.014 0.016 0.031 0.083 0.014 0.125 0.024 0.033 0.008 0.056 0.067 0.016 0.013 
>Sequence
Normalized_weight: 0.016
-     -     -     -     -     -     -     -     T     A     G     I     A     L     H     Q     S     M     M     N     T     Q     A     I     V     S     L     K     A     S     L     E     T     T     N     Q     A     I     E     E     I     R     L     A     G     Q     E     M     I     L     A     V     Q     G     V     Q     D     Y     I     N     N     E     L     V     P     A     M     V     Q     L     S     -     
0.014 0.014 0.014 0.009 0.014 0.014 0.014 0.014 0.014 0.014 0.018 0.011 0.008 0.009 0.010 0.009 0.019 0.014 0.016 0.010 0.167 0.007 0.005 0.009 0.042 0.009 0.008 0.008 0.016 0.017 0.013 0.010 0.018 0.011 0.014 0.009 0.013 0.015 0.007 0.008 0.021 0.011 0.028 0.008 0.013 0.007 0.007 0.016 0.015 0.009 0.008 0.011 0.005 0.010 0.009 0.014 0.005 0.014 0.011 0.014 0.008 0.008 0.013 0.010 0.008 0.008 0.022 0.091 0.009 0.015 0.016 0.013 
>Sequence
Normalized_weight: 0.029
-     -     -     -     -     -     -     -     T     A     A     V     A     L     V     R     A     N     K     N     A     E     K     V     E     Q     L     S     Q     A     L     G     E     T     N     A     A     I     S     D     L     I     D     A     T     K     N     L     G     F     A     V     Q     A     I     Q     N     Q     I     N     T     A     I     L     P     Q     I     -     -     -     -     -     
0.014 0.014 0.014 0.009 0.014 0.014 0.014 0.014 0.014 0.014 0.019 0.009 0.008 0.009 0.011 0.083 0.012 0.014 0.019 0.010 0.007 0.030 0.062 0.333 0.013 0.100 0.008 0.040 0.111 0.050 0.013 0.125 0.030 0.011 0.014 0.037 0.013 0.015 0.023 0.016 0.019 0.031 0.014 0.008 0.013 0.022 0.021 0.013 0.050 0.111 0.008 0.011 0.005 0.013 0.015 0.014 0.031 0.025 0.011 0.014 0.016 0.062 0.010 0.056 0.008 0.024 0.011 0.015 0.016 0.013 0.017 0.013 
>Sequence
Normalized_weight: 0.012
-     -     -     -     -     -     -     -     T     A     G     I     A     L     H     Q     S     M     M     N     S     Q     A     I     E     S     L     K     S     S     L     E     A     T     N     Q     A     V     E     E     I     R     Q     A     G     Q     E     M     I     L     A     V     Q     G     V     Q     D     Y     I     N     N     E     L     V     P     A     M     G     Q     L     S     -     
0.014 0.014 0.014 0.009 0.014 0.014 0.014 0.014 0.014 0.014 0.018 0.011 0.008 0.009 0.010 0.009 0.019 0.014 0.016 0.010 0.019 0.007 0.005 0.009 0.013 0.009 0.008 0.008 0.022 0.017 0.013 0.010 0.013 0.011 0.014 0.009 0.013 0.013 0.007 0.008 0.021 0.011 0.009 0.008 0.013 0.007 0.007 0.016 0.015 0.009 0.008 0.011 0.005 0.010 0.009 0.014 0.005 0.014 0.011 0.014 0.008 0.008 0.013 0.010 0.008 0.008 0.022 0.023 0.009 0.015 0.016 0.013 
>Sequence
Normalized_weight: 0.022
-     -     -     -     -     -     -     -     T     A     A     V     A     L     N     Q     A     Q     E     N     A     R     N     I     W     R     L     K     E     S     I     K     K     T     N     E     A     V     L     E     L     K     D     G     L     A     T     T     A     I     A     L     D     K     V     Q     K     F     I     N     D     D     I     I     P     Q     I     K     D     I     D     -     
0.014 0.014 0.014 0.009 0.014 0.014 0.014 0.014 0.014 0.014 0.019 0.009 0.008 0.009 0.042 0.009 0.012 0.018 0.016 0.010 0.007 0.015 0.025 0.009 0.062 0.033 0.008 0.008 0.010 0.017 0.011 0.042 0.010 0.011 0.014 0.014 0.013 0.013 0.030 0.008 0.019 0.014 0.014 0.033 0.020 0.111 0.028 0.011 0.018 0.016 0.008 0.042 0.042 0.033 0.009 0.014 0.062 0.029 0.011 0.014 0.022 0.062 0.010 0.012 0.008 0.024 0.011 0.023 0.111 0.050 0.083 0.013 
>Sequence
Normalized_weight: 0.028
-     -     -     -     -     -     -     -     T     A     G     V     A     L     Y     E     A     M     K     N     A     D     N     I     N     K     L     K     S     S     I     E     S     T     N     E     A     V     V     K     L     Q     E     T     A     E     K     T     V     Y     V     L     T     A     L     Q     D     Y     I     N     T     N     L     V     P     S     I     D     Q     I     S     -     
0.014 0.014 0.014 0.009 0.014 0.014 0.014 0.014 0.014 0.014 0.018 0.009 0.008 0.009 0.042 0.024 0.012 0.014 0.019 0.010 0.007 0.091 0.025 0.009 0.062 0.033 0.008 0.008 0.022 0.017 0.011 0.010 0.030 0.011 0.014 0.014 0.013 0.013 0.091 0.048 0.019 0.021 0.022 0.200 0.033 0.111 0.083 0.011 0.022 0.111 0.062 0.042 0.125 0.013 0.042 0.014 0.005 0.014 0.011 0.014 0.016 0.031 0.013 0.010 0.008 0.018 0.011 0.030 0.009 0.050 0.016 0.013 
>Sequence
Normalized_weight: 0.013
-     -     -     -     -     -     -     -     T     A     G     I     A     L     H     Q     S     M     M     N     S     Q     A     I     E     S     L     K     A     S     L     E     S     T     N     Q     A     I     E     E     I     R     Q     A     G     Q     E     M     I     L     A     V     Q     G     V     Q     D     Y     I     N     H     E     L     V     P     A     M     G     Q     L     S     -     
0.014 0.014 0.014 0.009 0.014 0.014 0.014 0.014 0.014 0.014 0.018 0.011 0.008 0.009 0.010 0.009 0.019 0.014 0.016 0.010 0.019 0.007 0.005 0.009 0.013 0.009 0.008 0.008 0.016 0.017 0.013 0.010 0.030 0.011 0.014 0.009 0.013 0.015 0.007 0.008 0.021 0.011 0.009 0.008 0.013 0.007 0.007 0.016 0.015 0.009 0.008 0.011 0.005 0.010 0.009 0.014 0.005 0.014 0.011 0.014 0.111 0.008 0.013 0.010 0.008 0.008 0.022 0.023 0.009 0.015 0.016 0.013 
>Sequence
Normalized_weight: 0.022
-     -     -     -     -     -     -     -     T     A     A     V     A     L     V     E     A     R     Q     N     A     A     Q     I     Q     S     L     S     E     A     I     Q     N     T     N     L     A     V     N     E     L     K     T     A     I     G     A     S     A     T     A     I     Q     A     I     Q     T     Q     I     N     E     V     I     N     P     A     I     N     R     L     S     -     
0.014 0.014 0.014 0.009 0.014 0.014 0.014 0.014 0.014 0.014 0.019 0.009 0.008 0.009 0.011 0.024 0.012 0.031 0.014 0.010 0.007 0.013 0.125 0.009 0.031 0.009 0.008 0.040 0.010 0.050 0.011 0.013 0.030 0.011 0.014 0.037 0.013 0.013 0.091 0.008 0.019 0.014 0.028 0.008 0.050 0.012 0.083 0.062 0.018 0.014 0.008 0.028 0.005 0.013 0.015 0.014 0.125 0.025 0.011 0.014 0.037 0.018 0.010 0.014 0.008 0.008 0.011 0.008 0.022 0.015 0.016 0.013 
>Sequence
Normalized_weight: 0.022
-     -     -     -     -     -     -     -     T     A     A     V     A     L     V     E     T     R     E     N     A     G     K     I     Q     A     L     S     E     S     I     Q     N     T     N     Q     A     V     H     S     L     K     T     A     L     G     F     S     A     T     A     I     Q     A     I     Q     N     Q     V     N     E     V     I     N     P     A     I     N     K     L     S     -     
0.014 0.014 0.014 0.009 0.014 0.014 0.014 0.014 0.014 0.014 0.019 0.009 0.008 0.009 0.011 0.024 0.083 0.031 0.016 0.010 0.007 0.091 0.062 0.009 0.031 0.025 0.008 0.040 0.010 0.017 0.011 0.013 0.030 0.011 0.014 0.009 0.013 0.013 0.030 0.036 0.019 0.014 0.028 0.008 0.020 0.012 0.083 0.062 0.018 0.014 0.008 0.028 0.005 0.013 0.015 0.014 0.031 0.025 0.042 0.014 0.037 0.018 0.010 0.014 0.008 0.008 0.011 0.008 0.111 0.015 0.016 0.013 
>Sequence
Normalized_weight: 0.022
-     -     -     -     -     -     -     -     T     A     G     V     A     L     H     N     S     I     Q     N     A     N     A     I     L     T     L     K     D     S     I     R     Q     S     N     K     A     I     Q     E     L     Q     T     A     M     S     T     T     V     V     V     L     N     A     L     Q     D     Q     I     N     N     Q     L     A     P     A     I     N     S     -     -     -     
0.014 0.014 0.014 0.009 0.014 0.014 0.014 0.014 0.014 0.014 0.018 0.009 0.008 0.009 0.010 0.056 0.019 0.021 0.014 0.010 0.007 0.091 0.005 0.009 0.014 0.033 0.008 0.008 0.037 0.017 0.011 0.031 0.030 0.042 0.014 0.012 0.013 0.015 0.015 0.008 0.019 0.021 0.028 0.008 0.100 0.037 0.028 0.011 0.022 0.019 0.062 0.042 0.042 0.013 0.042 0.014 0.005 0.025 0.011 0.014 0.008 0.042 0.013 0.111 0.008 0.008 0.011 0.008 0.056 0.013 0.017 0.013 
>Sequence
Normalized_weight: 0.024
-     -     -     -     -     -     -     -     T     A     A     V     A     L     N     Q     A     Q     E     N     A     R     N     I     W     R     L     K     E     S     I     K     K     T     N     E     A     D     L     E     L     K     E     G     L     T     S     T     A     I     A     L     D     K     V     Q     K     F     I     N     E     D     I     I     P     Q     I     K     E     L     D     -     
0.014 0.014 0.014 0.009 0.014 0.014 0.014 0.014 0.014 0.014 0.019 0.009 0.008 0.009 0.042 0.009 0.012 0.018 0.016 0.010 0.007 0.015 0.025 0.009 0.062 0.033 0.008 0.008 0.010 0.017 0.011 0.042 0.010 0.011 0.014 0.014 0.013 0.250 0.030 0.008 0.019 0.014 0.022 0.033 0.020 0.111 0.021 0.011 0.018 0.016 0.008 0.042 0.042 0.033 0.009 0.014 0.062 0.029 0.011 0.014 0.037 0.062 0.010 0.012 0.008 0.024 0.011 0.023 0.028 0.015 0.083 0.013 
>Sequence
Normalized_weight: 0.029
-     -     -     -     -     -     -     -     T     A     A     A     A     L     I     Q     A     N     Q     N     A     A     N     I     L     R     L     K     E     S     I     A     A     T     N     E     A     V     H     E     V     T     D     G     L     S     Q     L     A     V     A     V     G     K     M     Q     Q     F     V     N     D     Q     F     N     N     T     V     R     E     L     D     -     
0.014 0.014 0.014 0.009 0.014 0.014 0.014 0.014 0.014 0.014 0.019 0.167 0.008 0.009 0.062 0.009 0.012 0.014 0.014 0.010 0.007 0.013 0.025 0.009 0.014 0.033 0.008 0.008 0.010 0.017 0.011 0.031 0.013 0.011 0.014 0.014 0.013 0.013 0.030 0.008 0.021 0.042 0.014 0.033 0.020 0.037 0.014 0.013 0.018 0.019 0.008 0.011 0.062 0.033 0.083 0.014 0.062 0.029 0.042 0.014 0.022 0.042 0.083 0.014 0.125 0.143 0.067 0.091 0.028 0.015 0.083 0.013 
>Sequence
Normalized_weight: 0.032
-     -     -     -     -     -     -     -     T     A     A     V     A     I     V     K     A     N     A     N     A     A     A     I     N     N     L     A     S     S     I     Q     S     T     N     K     A     V     S     D     V     I     T     A     S     R     T     I     A     T     A     V     Q     A     I     Q     D     H     I     N     G     A     I     V     N     G     I     T     S     A     S     -     
0.014 0.014 0.014 0.009 0.014 0.014 0.014 0.014 0.014 0.014 0.019 0.009 0.008 0.333 0.011 0.028 0.012 0.014 0.111 0.010 0.007 0.013 0.005 0.009 0.062 0.009 0.008 0.200 0.022 0.017 0.011 0.013 0.030 0.011 0.014 0.012 0.013 0.013 0.023 0.016 0.021 0.031 0.028 0.008 0.033 0.111 0.028 0.042 0.018 0.014 0.008 0.011 0.005 0.013 0.015 0.014 0.005 0.025 0.011 0.014 0.111 0.062 0.010 0.010 0.125 0.143 0.011 0.018 0.056 0.050 0.016 0.013 
>Sequence
Normalized_weight: 0.026
-     -     -     -     -     -     -     -     T     A     A     S     A     L     I     Q     A     N     Q     N     A     A     T     I     L     W     L     K     E     S     I     A     A     T     N     E     A     V     H     E     V     T     D     G     L     S     Q     L     A     V     A     V     G     K     M     Q     Q     F     V     N     D     Q     F     N     -     -     -     -     -     -     -     -     
0.014 0.014 0.014 0.009 0.014 0.014 0.014 0.014 0.014 0.014 0.019 0.167 0.008 0.009 0.062 0.009 0.012 0.014 0.014 0.010 0.007 0.013 0.062 0.009 0.014 0.100 0.008 0.008 0.010 0.017 0.011 0.031 0.013 0.011 0.014 0.014 0.013 0.013 0.030 0.008 0.021 0.042 0.014 0.033 0.020 0.037 0.014 0.013 0.018 0.019 0.008 0.011 0.062 0.033 0.083 0.014 0.062 0.029 0.042 0.014 0.022 0.042 0.083 0.014 0.083 0.048 0.067 0.015 0.016 0.013 0.017 0.013 
>Sequence
Normalized_weight: 0.041
-     -     -     -     -     -     -     -     T     A     G     I     A     L     A     E     A     R     E     A     K     R     D     I     A     L     I     K     E     S     M     T     K     T     H     K     S     I     E     L     L     Q     N     A     V     G     E     Q     I     L     A     L     K     T     L     Q     D     F     V     N     D     E     I     K     P     A     I     S     E     -     -     -     
0.014 0.014 0.014 0.009 0.014 0.014 0.014 0.014 0.014 0.014 0.018 0.011 0.008 0.009 0.031 0.024 0.012 0.031 0.016 0.111 0.083 0.015 0.042 0.009 0.025 0.100 0.083 0.008 0.010 0.017 0.200 0.042 0.010 0.011 0.125 0.012 0.500 0.015 0.007 0.143 0.019 0.021 0.056 0.008 0.050 0.012 0.007 0.125 0.015 0.009 0.008 0.042 0.042 0.167 0.042 0.014 0.005 0.029 0.042 0.014 0.022 0.008 0.010 0.111 0.008 0.008 0.011 0.091 0.028 0.013 0.017 0.013 
>Sequence
Normalized_weight: 0.102
Q     I     L     P     I     D     P     L     -     -     -     -     -     -     -     -     D     I     S     Q     N     L     A     A     V     N     K     S     L     S     D     A     L     Q     H     L     A     Q     S     D     T     Y     L     S     A     I     -     -     -     -     -     -     -     -     -     -     -     -     -     -     -     -     -     -     -     -     -     -     -     -     -     -     
0.250 0.250 0.250 0.333 0.250 0.250 0.250 0.250 0.250 0.250 0.167 0.083 0.125 0.167 0.062 0.083 0.125 0.021 0.056 0.167 0.083 0.045 0.005 0.167 0.042 0.009 0.125 0.040 0.056 0.017 0.100 0.031 0.045 0.167 0.125 0.037 0.013 0.125 0.023 0.016 0.125 0.062 0.028 0.029 0.033 0.056 0.042 0.062 0.100 0.056 0.125 0.125 0.062 0.083 0.083 0.250 0.062 0.100 0.167 0.250 0.056 0.062 0.083 0.056 0.083 0.048 0.067 0.015 0.016 0.013 0.017 0.013 
