>Sequence
Normalized_weight: 0.224
V     K     C     F     N     C     G     K     E     G     H     T     A     R     N     C     R     -     
0.333 0.250 0.200 0.250 0.250 0.200 0.200 0.125 0.200 0.200 0.200 0.250 0.250 0.167 0.250 0.200 0.250 0.250 
>Sequence
Normalized_weight: 0.179
K     G     C     W     K     C     G     K     E     G     H     Q     M     K     D     C     T     E     
0.111 0.167 0.200 0.167 0.167 0.200 0.200 0.125 0.200 0.200 0.200 0.167 0.167 0.250 0.167 0.200 0.167 0.167 
>Sequence
Normalized_weight: 0.224
I     K     C     F     N     C     G     K     E     G     H     T     A     R     N     C     R     -     
0.333 0.250 0.200 0.250 0.250 0.200 0.200 0.125 0.200 0.200 0.200 0.250 0.250 0.167 0.250 0.200 0.250 0.250 
>Sequence
Normalized_weight: 0.200
K     G     C     W     K     C     G     R     E     G     H     Q     M     K     D     C     T     E     
0.111 0.167 0.200 0.167 0.167 0.200 0.200 0.500 0.200 0.200 0.200 0.167 0.167 0.250 0.167 0.200 0.167 0.167 
>Sequence
Normalized_weight: 0.174
K     G     C     W     K     C     G     K     E     G     H     Q     M     R     D     C     T     E     
0.111 0.167 0.200 0.167 0.167 0.200 0.200 0.125 0.200 0.200 0.200 0.167 0.167 0.167 0.167 0.200 0.167 0.167 
