>Sequence
Normalized_weight: 0.126
M     A     T     V     K     F     K     Y     K     G     E     E     K     Q     V     D     I     S     K     I     K     K     V     W     R     V     G     K     M     I     S     F     T     Y     D     E     G     G     G     K     T     G     R     G     A     V     S     E     K     D     A     P     K     E     L     L     Q     M     L     A     K     Q     -     -     -     K     K     
0.125 0.125 0.125 0.125 0.083 0.125 0.125 0.125 0.125 0.125 0.125 0.125 0.125 0.500 0.125 0.125 0.167 0.125 0.125 0.125 0.125 0.125 0.125 0.125 0.125 0.125 0.125 0.125 0.125 0.125 0.125 0.125 0.125 0.125 0.125 0.167 0.111 0.083 0.125 0.125 0.125 0.125 0.125 0.125 0.125 0.125 0.125 0.125 0.125 0.125 0.125 0.125 0.125 0.125 0.125 0.083 0.125 0.125 0.125 0.100 0.125 0.111 0.062 0.083 0.067 0.083 0.083 
>Sequence
Normalized_weight: 0.125
M     V     K     V     K     F     K     Y     K     G     E     E     K     E     V     D     T     S     K     I     K     K     V     W     R     V     G     K     M     V     S     F     T     Y     D     D     N     G     -     K     T     G     R     G     A     V     S     E     K     D     A     P     K     E     L     L     D     M     L     A     R     A     E     R     E     K     K     
0.125 0.125 0.125 0.125 0.083 0.125 0.125 0.125 0.125 0.125 0.125 0.125 0.125 0.071 0.125 0.125 0.100 0.125 0.125 0.125 0.125 0.125 0.125 0.125 0.125 0.125 0.125 0.125 0.125 0.125 0.125 0.125 0.125 0.125 0.125 0.100 0.111 0.083 0.125 0.125 0.125 0.125 0.125 0.125 0.125 0.125 0.125 0.125 0.125 0.125 0.125 0.125 0.125 0.125 0.125 0.083 0.125 0.125 0.125 0.100 0.125 0.083 0.125 0.333 0.333 0.083 0.083 
>Sequence
Normalized_weight: 0.119
M     V     T     V     K     F     K     Y     K     G     E     E     K     E     V     D     T     S     K     I     K     K     V     W     R     V     G     K     M     I     S     F     T     Y     D     E     G     G     G     K     T     G     R     G     A     V     S     E     K     D     A     P     K     E     L     L     Q     M     L     E     K     Q     -     -     -     K     K     
0.125 0.125 0.125 0.125 0.083 0.125 0.125 0.125 0.125 0.125 0.125 0.125 0.125 0.071 0.125 0.125 0.100 0.125 0.125 0.125 0.125 0.125 0.125 0.125 0.125 0.125 0.125 0.125 0.125 0.125 0.125 0.125 0.125 0.125 0.125 0.167 0.111 0.083 0.125 0.125 0.125 0.125 0.125 0.125 0.125 0.125 0.125 0.125 0.125 0.125 0.125 0.125 0.125 0.125 0.125 0.083 0.125 0.125 0.125 0.167 0.125 0.111 0.062 0.083 0.067 0.083 0.083 
>Sequence
Normalized_weight: 0.125
M     V     K     V     K     F     K     Y     K     G     E     E     K     E     V     D     T     S     K     I     K     K     V     W     R     V     G     K     M     V     S     F     T     Y     D     D     -     N     G     K     T     G     R     G     A     V     S     E     K     D     A     P     K     E     L     L     D     M     L     A     R     A     -     -     -     E     R     
0.125 0.125 0.125 0.125 0.083 0.125 0.125 0.125 0.125 0.125 0.125 0.125 0.125 0.071 0.125 0.125 0.100 0.125 0.125 0.125 0.125 0.125 0.125 0.125 0.125 0.125 0.125 0.125 0.125 0.125 0.125 0.125 0.125 0.125 0.125 0.100 0.167 0.250 0.125 0.125 0.125 0.125 0.125 0.125 0.125 0.125 0.125 0.125 0.125 0.125 0.125 0.125 0.125 0.125 0.125 0.083 0.125 0.125 0.125 0.100 0.125 0.083 0.062 0.083 0.067 0.167 0.333 
>Sequence
Normalized_weight: 0.126
M     A     K     V     R     F     K     Y     K     G     E     E     K     E     V     D     T     S     K     I     K     K     V     W     R     V     G     K     M     V     S     F     T     Y     D     D     -     N     G     K     T     G     R     G     A     V     S     E     K     D     A     P     K     E     L     M     D     M     L     A     R     A     -     -     -     E     K     
0.125 0.125 0.125 0.125 0.250 0.125 0.125 0.125 0.125 0.125 0.125 0.125 0.125 0.071 0.125 0.125 0.100 0.125 0.125 0.125 0.125 0.125 0.125 0.125 0.125 0.125 0.125 0.125 0.125 0.125 0.125 0.125 0.125 0.125 0.125 0.100 0.167 0.250 0.125 0.125 0.125 0.125 0.125 0.125 0.125 0.125 0.125 0.125 0.125 0.125 0.125 0.125 0.125 0.125 0.125 0.250 0.125 0.125 0.125 0.100 0.125 0.083 0.062 0.083 0.067 0.167 0.083 
>Sequence
Normalized_weight: 0.129
M     V     T     V     K     F     K     Y     K     G     E     E     K     E     V     D     I     S     K     I     K     K     V     W     R     V     G     K     M     I     S     F     T     Y     D     D     N     G     -     K     T     G     R     G     A     V     S     E     K     D     A     P     K     E     L     L     Q     M     L     E     K     S     G     K     K     -     -     
0.125 0.125 0.125 0.125 0.083 0.125 0.125 0.125 0.125 0.125 0.125 0.125 0.125 0.071 0.125 0.125 0.167 0.125 0.125 0.125 0.125 0.125 0.125 0.125 0.125 0.125 0.125 0.125 0.125 0.125 0.125 0.125 0.125 0.125 0.125 0.100 0.111 0.083 0.125 0.125 0.125 0.125 0.125 0.125 0.125 0.125 0.125 0.125 0.125 0.125 0.125 0.125 0.125 0.125 0.125 0.083 0.125 0.125 0.125 0.167 0.125 0.333 0.250 0.111 0.167 0.167 0.111 
>Sequence
Normalized_weight: 0.125
M     A     K     V     R     F     K     Y     K     G     E     E     K     E     V     D     T     S     K     I     K     K     V     W     R     V     G     K     M     V     S     F     T     Y     D     D     N     G     -     K     T     G     R     G     A     V     S     E     K     D     A     P     K     E     L     M     D     M     L     A     R     A     E     K     K     K     -     
0.125 0.125 0.125 0.125 0.250 0.125 0.125 0.125 0.125 0.125 0.125 0.125 0.125 0.071 0.125 0.125 0.100 0.125 0.125 0.125 0.125 0.125 0.125 0.125 0.125 0.125 0.125 0.125 0.125 0.125 0.125 0.125 0.125 0.125 0.125 0.100 0.111 0.083 0.125 0.125 0.125 0.125 0.125 0.125 0.125 0.125 0.125 0.125 0.125 0.125 0.125 0.125 0.125 0.125 0.125 0.250 0.125 0.125 0.125 0.100 0.125 0.083 0.125 0.111 0.167 0.083 0.111 
>Sequence
Normalized_weight: 0.125
M     A     T     V     K     F     K     Y     K     G     E     E     K     E     V     D     I     S     K     I     K     K     V     W     R     V     G     K     M     I     S     F     T     Y     D     E     G     G     -     K     T     G     R     G     A     V     S     E     K     D     A     P     K     E     L     L     Q     M     L     E     K     Q     K     K     -     -     -     
0.125 0.125 0.125 0.125 0.083 0.125 0.125 0.125 0.125 0.125 0.125 0.125 0.125 0.071 0.125 0.125 0.167 0.125 0.125 0.125 0.125 0.125 0.125 0.125 0.125 0.125 0.125 0.125 0.125 0.125 0.125 0.125 0.125 0.125 0.125 0.167 0.111 0.083 0.125 0.125 0.125 0.125 0.125 0.125 0.125 0.125 0.125 0.125 0.125 0.125 0.125 0.125 0.125 0.125 0.125 0.083 0.125 0.125 0.125 0.167 0.125 0.111 0.250 0.111 0.067 0.167 0.111 
