>Sequence
Normalized_weight: 0.023
S     Y     Q     V     I     C     R     D     E     K     T     Q     M     I     Y     Q     Q     H     Q     S     W     L     R     P     V     L     R     S     N     R     V     E     Y     C     W     C     N     -     -     -     S     G     R     A     Q     C     H     S     V     P     V     K     S     
0.048 0.042 0.167 0.024 0.100 0.009 0.013 0.005 0.012 0.015 0.005 0.016 0.014 0.025 0.008 0.007 0.029 0.033 0.014 0.011 0.004 0.013 0.014 0.003 0.014 0.013 0.006 0.067 0.020 0.012 0.011 0.014 0.017 0.015 0.028 0.008 0.020 0.050 0.009 0.020 0.008 0.015 0.007 0.017 0.016 0.008 0.012 0.009 0.016 0.014 0.056 0.067 0.021 
>Sequence
Normalized_weight: 0.011
-     -     A     E     K     C     F     D     H     A     A     G     T     S     Y     V     V     G     E     T     W     E     K     P     Y     Q     G     -     W     M     M     V     D     C     T     C     L     G     E     G     S     G     R     I     T     C     T     S     R     -     -     -     -     
0.006 0.006 0.024 0.014 0.025 0.009 0.006 0.005 0.021 0.019 0.028 0.004 0.005 0.007 0.008 0.020 0.008 0.004 0.005 0.009 0.004 0.004 0.016 0.003 0.014 0.017 0.013 0.006 0.024 0.011 0.004 0.024 0.007 0.015 0.004 0.008 0.004 0.009 0.013 0.004 0.008 0.015 0.007 0.010 0.011 0.008 0.012 0.009 0.029 0.003 0.009 0.003 0.007 
>Sequence
Normalized_weight: 0.013
-     -     -     N     R     C     N     D     Q     D     T     R     T     S     Y     R     I     G     D     T     W     S     K     K     D     N     R     -     G     N     L     L     Q     C     I     C     T     G     N     G     R     G     E     W     K     C     E     R     H     T     -     -     S     
0.006 0.006 0.003 0.018 0.007 0.009 0.018 0.005 0.012 0.006 0.005 0.013 0.005 0.007 0.008 0.005 0.006 0.004 0.004 0.009 0.004 0.031 0.016 0.028 0.017 0.033 0.006 0.006 0.003 0.028 0.022 0.007 0.007 0.015 0.037 0.008 0.020 0.009 0.004 0.004 0.006 0.015 0.004 0.004 0.006 0.008 0.011 0.040 0.014 0.062 0.009 0.003 0.021 
>Sequence
Normalized_weight: 0.024
S     Y     R     V     T     C     R     D     E     K     T     Q     M     I     Y     Q     Q     H     Q     S     W     L     R     P     L     L     R     G     N     R     V     E     H     C     W     C     N     -     -     -     D     G     Q     T     Q     C     H     S     V     P     V     K     S     
0.048 0.042 0.042 0.024 0.008 0.009 0.013 0.005 0.012 0.015 0.005 0.016 0.014 0.025 0.008 0.007 0.029 0.033 0.014 0.011 0.004 0.013 0.014 0.003 0.028 0.013 0.006 0.067 0.020 0.012 0.011 0.014 0.021 0.015 0.028 0.008 0.020 0.050 0.009 0.020 0.143 0.015 0.037 0.100 0.016 0.008 0.012 0.009 0.016 0.014 0.056 0.067 0.021 
>Sequence
Normalized_weight: 0.024
S     Y     K     V     T     C     R     D     G     K     T     Q     M     T     Y     R     Q     H     D     S     W     L     R     P     L     L     R     G     N     Q     V     E     H     C     W     C     D     -     -     -     G     G     R     A     Q     C     H     S     V     P     V     R     S     
0.048 0.042 0.083 0.024 0.008 0.009 0.013 0.005 0.083 0.015 0.005 0.016 0.014 0.010 0.008 0.005 0.029 0.033 0.004 0.011 0.004 0.013 0.014 0.003 0.028 0.013 0.006 0.067 0.020 0.016 0.011 0.014 0.021 0.015 0.028 0.008 0.033 0.050 0.009 0.020 0.143 0.015 0.007 0.017 0.016 0.008 0.012 0.009 0.016 0.014 0.056 0.067 0.021 
>Sequence
Normalized_weight: 0.025
S     Y     R     A     T     C     R     D     E     P     T     Q     T     T     Y     Q     Q     H     Q     S     W     L     R     P     M     L     R     S     S     R     V     E     Y     C     R     C     N     -     -     -     S     G     L     V     Q     C     H     S     V     P     V     R     S     
0.048 0.042 0.042 0.048 0.008 0.009 0.013 0.005 0.012 0.077 0.005 0.016 0.005 0.010 0.008 0.007 0.029 0.033 0.014 0.011 0.004 0.013 0.014 0.003 0.042 0.013 0.006 0.067 0.143 0.012 0.011 0.014 0.017 0.015 0.019 0.008 0.020 0.050 0.009 0.020 0.008 0.015 0.028 0.100 0.016 0.008 0.012 0.009 0.016 0.014 0.056 0.067 0.021 
>Sequence
Normalized_weight: 0.027
A     Y     G     V     A     C     R     D     E     K     T     Q     M     I     Y     Q     Q     Q     E     S     W     L     R     P     E     V     R     S     K     R     V     E     H     C     R     C     D     -     -     -     R     G     L     A     Q     C     H     T     V     P     V     K     S     
0.167 0.042 0.083 0.024 0.033 0.009 0.013 0.005 0.012 0.015 0.005 0.016 0.014 0.025 0.008 0.007 0.029 0.100 0.005 0.011 0.004 0.013 0.014 0.003 0.042 0.033 0.006 0.067 0.048 0.012 0.011 0.014 0.021 0.015 0.019 0.008 0.033 0.050 0.009 0.020 0.006 0.015 0.028 0.017 0.016 0.008 0.012 0.100 0.016 0.014 0.056 0.067 0.021 
>Sequence
Normalized_weight: 0.033
A     Y     G     V     A     C     K     D     E     I     T     Q     M     T     Y     R     R     Q     E     S     W     L     R     P     E     V     R     S     K     R     V     E     H     C     Q     C     D     -     -     -     R     G     Q     A     R     C     H     T     V     P     V     N     S     
0.167 0.042 0.083 0.024 0.033 0.009 0.091 0.005 0.012 0.077 0.005 0.016 0.014 0.010 0.008 0.005 0.100 0.100 0.005 0.011 0.004 0.013 0.014 0.003 0.042 0.033 0.006 0.067 0.048 0.012 0.011 0.014 0.021 0.015 0.012 0.008 0.033 0.050 0.009 0.020 0.006 0.015 0.037 0.017 0.010 0.008 0.012 0.100 0.016 0.014 0.056 0.200 0.021 
>Sequence
Normalized_weight: 0.038
S     F     R     V     T     C     V     D     Q     Q     T     Q     L     T     Y     Q     R     R     E     S     W     L     R     P     G     L     R     G     N     R     V     E     Y     C     R     C     S     -     -     -     S     G     G     P     R     C     H     S     V     P     V     Q     S     
0.048 0.333 0.042 0.024 0.008 0.009 0.091 0.005 0.012 0.038 0.005 0.016 0.028 0.010 0.008 0.007 0.100 0.200 0.005 0.011 0.004 0.013 0.014 0.003 0.012 0.013 0.006 0.067 0.020 0.012 0.011 0.014 0.017 0.015 0.019 0.008 0.100 0.050 0.009 0.020 0.008 0.015 0.111 0.100 0.010 0.008 0.012 0.009 0.016 0.014 0.056 0.200 0.021 
>Sequence
Normalized_weight: 0.014
-     -     -     A     S     C     R     D     E     K     T     Q     M     I     Y     Q     Q     H     Q     S     W     L     R     P     V     L     R     S     N     R     V     E     Y     C     W     C     N     -     -     -     S     G     R     A     Q     C     -     -     -     -     -     -     -     
0.006 0.006 0.003 0.048 0.013 0.009 0.013 0.005 0.012 0.015 0.005 0.016 0.014 0.025 0.008 0.007 0.029 0.033 0.014 0.011 0.004 0.013 0.014 0.003 0.014 0.013 0.006 0.067 0.020 0.012 0.011 0.014 0.017 0.015 0.028 0.008 0.020 0.050 0.009 0.020 0.008 0.015 0.007 0.017 0.016 0.008 0.011 0.011 0.004 0.003 0.009 0.003 0.007 
>Sequence
Normalized_weight: 0.020
S     Y     R     A     T     C     R     D     E     Q     T     Q     T     T     Y     Q     Q     H     Q     S     W     L     R     P     M     L     R     G     N     R     V     E     Y     C     R     C     N     -     -     -     S     G     L     A     Q     C     H     S     V     P     V     R     S     
0.048 0.042 0.042 0.048 0.008 0.009 0.013 0.005 0.012 0.038 0.005 0.016 0.005 0.010 0.008 0.007 0.029 0.033 0.014 0.011 0.004 0.013 0.014 0.003 0.042 0.013 0.006 0.067 0.020 0.012 0.011 0.014 0.017 0.015 0.019 0.008 0.020 0.050 0.009 0.020 0.008 0.015 0.028 0.017 0.016 0.008 0.012 0.009 0.016 0.014 0.056 0.067 0.021 
>Sequence
Normalized_weight: 0.036
S     Y     K     S     L     C     I     E     H     S     S     G     R     I     Y     K     L     G     D     T     W     L     R     P     A     -     -     G     K     R     T     E     F     C     R     C     E     -     -     -     N     G     L     S     R     C     H     S     V     P     V     -     -     
0.048 0.042 0.083 0.143 0.100 0.009 0.030 0.100 0.021 0.077 0.033 0.004 0.042 0.025 0.008 0.011 0.200 0.004 0.004 0.009 0.004 0.013 0.014 0.003 0.028 0.033 0.015 0.067 0.048 0.012 0.056 0.014 0.083 0.015 0.019 0.008 0.100 0.050 0.009 0.020 0.048 0.015 0.028 0.100 0.010 0.008 0.012 0.009 0.016 0.014 0.056 0.003 0.007 
>Sequence
Normalized_weight: 0.011
-     -     A     E     K     C     F     D     H     A     A     G     T     S     Y     V     V     G     E     T     W     E     K     P     Y     Q     G     -     W     M     M     V     D     C     T     C     L     G     E     G     N     G     R     I     T     C     T     S     R     -     -     -     -     
0.006 0.006 0.024 0.014 0.025 0.009 0.006 0.005 0.021 0.019 0.028 0.004 0.005 0.007 0.008 0.020 0.008 0.004 0.005 0.009 0.004 0.004 0.016 0.003 0.014 0.017 0.013 0.006 0.024 0.011 0.004 0.024 0.007 0.015 0.004 0.008 0.004 0.009 0.013 0.004 0.048 0.015 0.007 0.010 0.011 0.008 0.012 0.009 0.029 0.003 0.009 0.003 0.007 
>Sequence
Normalized_weight: 0.012
-     -     -     E     T     C     F     D     K     Y     T     G     N     T     Y     K     V     G     D     T     Y     E     R     P     K     D     S     -     -     M     I     W     D     C     T     C     I     G     A     G     R     G     R     I     S     C     T     -     -     -     -     -     -     
0.006 0.006 0.003 0.014 0.008 0.009 0.006 0.005 0.021 0.007 0.005 0.004 0.028 0.010 0.008 0.011 0.008 0.004 0.004 0.009 0.062 0.004 0.014 0.003 0.021 0.006 0.009 0.006 0.048 0.011 0.022 0.036 0.007 0.015 0.004 0.008 0.020 0.009 0.030 0.004 0.006 0.015 0.007 0.010 0.016 0.008 0.012 0.011 0.004 0.003 0.009 0.003 0.007 
>Sequence
Normalized_weight: 0.010
-     -     -     D     S     C     F     D     P     Y     T     V     S     H     Y     A     I     G     E     E     W     E     R     L     S     D     A     -     G     F     K     L     T     C     Q     C     L     G     F     G     S     G     H     F     R     C     D     S     -     -     -     -     -     
0.006 0.006 0.003 0.007 0.013 0.009 0.006 0.005 0.010 0.007 0.005 0.020 0.010 0.016 0.008 0.014 0.006 0.004 0.005 0.020 0.004 0.004 0.014 0.009 0.008 0.006 0.091 0.006 0.003 0.011 0.012 0.007 0.028 0.015 0.012 0.008 0.004 0.009 0.011 0.004 0.008 0.015 0.011 0.006 0.010 0.008 0.007 0.009 0.004 0.003 0.009 0.003 0.007 
>Sequence
Normalized_weight: 0.009
-     -     -     D     S     C     F     D     P     Y     T     V     S     H     Y     A     V     G     E     E     W     E     R     L     S     D     S     -     G     F     K     L     T     C     Q     C     L     G     F     G     S     G     H     F     R     C     D     S     -     -     -     -     -     
0.006 0.006 0.003 0.007 0.013 0.009 0.006 0.005 0.010 0.007 0.005 0.020 0.010 0.016 0.008 0.014 0.008 0.004 0.005 0.020 0.004 0.004 0.014 0.009 0.008 0.006 0.009 0.006 0.003 0.011 0.012 0.007 0.028 0.015 0.012 0.008 0.004 0.009 0.011 0.004 0.008 0.015 0.011 0.006 0.010 0.008 0.007 0.009 0.004 0.003 0.009 0.003 0.007 
>Sequence
Normalized_weight: 0.012
-     -     -     E     T     C     F     D     K     Y     T     G     N     T     Y     R     V     G     D     T     Y     E     R     P     K     D     S     -     -     M     I     W     D     C     T     C     I     G     A     G     R     G     R     I     S     C     T     -     -     -     -     -     -     
0.006 0.006 0.003 0.014 0.008 0.009 0.006 0.005 0.021 0.007 0.005 0.004 0.028 0.010 0.008 0.005 0.008 0.004 0.004 0.009 0.062 0.004 0.014 0.003 0.021 0.006 0.009 0.006 0.048 0.011 0.022 0.036 0.007 0.015 0.004 0.008 0.020 0.009 0.030 0.004 0.006 0.015 0.007 0.010 0.016 0.008 0.012 0.011 0.004 0.003 0.009 0.003 0.007 
>Sequence
Normalized_weight: 0.010
-     -     -     D     S     C     F     D     P     Y     T     V     S     H     Y     A     V     G     D     E     W     E     R     M     S     E     S     -     G     F     K     L     L     C     Q     C     L     G     F     G     S     G     H     F     R     C     D     S     -     -     -     -     -     
0.006 0.006 0.003 0.007 0.013 0.009 0.006 0.005 0.010 0.007 0.005 0.020 0.010 0.016 0.008 0.014 0.008 0.004 0.004 0.020 0.004 0.004 0.014 0.028 0.008 0.005 0.009 0.006 0.003 0.011 0.012 0.007 0.083 0.015 0.012 0.008 0.004 0.009 0.011 0.004 0.008 0.015 0.011 0.006 0.010 0.008 0.007 0.009 0.004 0.003 0.009 0.003 0.007 
>Sequence
Normalized_weight: 0.010
-     -     A     E     K     C     F     D     Q     A     A     G     T     S     Y     V     V     G     E     T     W     E     K     P     Y     Q     G     -     W     M     M     V     D     C     T     C     L     G     E     G     S     G     R     I     T     C     T     S     R     -     -     -     -     
0.006 0.006 0.024 0.014 0.025 0.009 0.006 0.005 0.012 0.019 0.028 0.004 0.005 0.007 0.008 0.020 0.008 0.004 0.005 0.009 0.004 0.004 0.016 0.003 0.014 0.017 0.013 0.006 0.024 0.011 0.004 0.024 0.007 0.015 0.004 0.008 0.004 0.009 0.013 0.004 0.008 0.015 0.007 0.010 0.011 0.008 0.012 0.009 0.029 0.003 0.009 0.003 0.007 
>Sequence
Normalized_weight: 0.008
-     -     -     D     S     C     F     D     P     Y     T     V     S     H     Y     A     I     G     E     E     W     E     R     L     S     D     S     -     G     F     K     L     S     C     Q     C     L     G     F     G     S     G     H     F     R     C     D     S     -     -     -     -     -     
0.006 0.006 0.003 0.007 0.013 0.009 0.006 0.005 0.010 0.007 0.005 0.020 0.010 0.016 0.008 0.014 0.006 0.004 0.005 0.020 0.004 0.004 0.014 0.009 0.008 0.006 0.009 0.006 0.003 0.011 0.012 0.007 0.009 0.015 0.012 0.008 0.004 0.009 0.011 0.004 0.008 0.015 0.011 0.006 0.010 0.008 0.007 0.009 0.004 0.003 0.009 0.003 0.007 
>Sequence
Normalized_weight: 0.016
-     -     A     E     R     C     Y     D     N     T     A     G     T     S     Y     V     V     G     Q     T     W     E     K     P     Y     Q     G     -     W     M     M     V     D     C     T     C     L     G     E     G     N     G     R     I     T     C     S     S     K     -     -     -     -     
0.006 0.006 0.024 0.014 0.007 0.009 0.015 0.005 0.021 0.026 0.028 0.004 0.005 0.007 0.008 0.020 0.008 0.004 0.014 0.009 0.004 0.004 0.016 0.003 0.014 0.017 0.013 0.006 0.024 0.011 0.004 0.024 0.007 0.015 0.004 0.008 0.004 0.009 0.013 0.004 0.048 0.015 0.007 0.010 0.011 0.008 0.111 0.009 0.143 0.003 0.009 0.003 0.007 
>Sequence
Normalized_weight: 0.011
-     -     -     E     T     C     F     D     K     Y     T     G     V     S     Y     R     V     G     E     T     Y     E     R     P     K     D     -     -     N     M     I     W     D     C     T     C     I     G     A     G     R     G     R     I     S     C     T     -     -     -     -     -     -     
0.006 0.006 0.003 0.014 0.008 0.009 0.006 0.005 0.021 0.007 0.005 0.004 0.006 0.007 0.008 0.005 0.008 0.004 0.005 0.009 0.062 0.004 0.014 0.003 0.021 0.006 0.015 0.006 0.020 0.011 0.022 0.036 0.007 0.015 0.004 0.008 0.020 0.009 0.030 0.004 0.006 0.015 0.007 0.010 0.016 0.008 0.012 0.011 0.004 0.003 0.009 0.003 0.007 
>Sequence
Normalized_weight: 0.016
-     -     -     D     T     C     Y     D     T     F     S     G     A     H     Y     S     V     G     Q     E     W     E     R     M     S     E     S     -     G     F     R     L     W     C     K     C     L     G     Y     G     S     G     H     F     R     C     D     S     -     -     -     -     -     
0.006 0.006 0.003 0.007 0.008 0.009 0.015 0.005 0.028 0.077 0.033 0.004 0.083 0.016 0.008 0.033 0.008 0.004 0.014 0.020 0.004 0.004 0.014 0.028 0.008 0.005 0.009 0.006 0.003 0.011 0.016 0.007 0.028 0.015 0.111 0.008 0.004 0.009 0.091 0.004 0.008 0.015 0.011 0.006 0.010 0.008 0.007 0.009 0.004 0.003 0.009 0.003 0.007 
>Sequence
Normalized_weight: 0.013
-     -     A     E     K     C     F     D     H     A     A     G     T     S     Y     V     V     G     G     T     W     E     K     P     Y     Q     G     -     W     M     M     V     D     C     T     C     L     G     E     G     S     G     R     I     T     C     T     S     R     -     -     -     -     
0.006 0.006 0.024 0.014 0.025 0.009 0.006 0.005 0.021 0.019 0.028 0.004 0.005 0.007 0.008 0.020 0.008 0.004 0.125 0.009 0.004 0.004 0.016 0.003 0.014 0.017 0.013 0.006 0.024 0.011 0.004 0.024 0.007 0.015 0.004 0.008 0.004 0.009 0.013 0.004 0.008 0.015 0.007 0.010 0.011 0.008 0.012 0.009 0.029 0.003 0.009 0.003 0.007 
>Sequence
Normalized_weight: 0.013
-     -     A     D     A     C     Y     D     N     T     A     G     T     S     Y     M     V     G     E     T     W     E     K     P     Y     Q     G     -     W     M     I     V     D     C     T     C     L     G     E     G     S     G     R     I     T     C     T     S     R     -     -     -     -     
0.006 0.006 0.024 0.007 0.033 0.009 0.015 0.005 0.021 0.026 0.028 0.004 0.005 0.007 0.008 0.100 0.008 0.004 0.005 0.009 0.004 0.004 0.016 0.003 0.014 0.017 0.013 0.006 0.024 0.011 0.022 0.024 0.007 0.015 0.004 0.008 0.004 0.009 0.013 0.004 0.008 0.015 0.007 0.010 0.011 0.008 0.012 0.009 0.029 0.003 0.009 0.003 0.007 
>Sequence
Normalized_weight: 0.023
-     -     -     E     T     C     Y     D     K     V     N     S     R     S     Y     R     V     G     E     T     Y     E     R     P     K     D     G     -     -     M     I     W     D     C     T     C     I     G     S     A     R     G     K     I     S     C     T     -     -     -     -     -     -     
0.006 0.006 0.003 0.014 0.008 0.009 0.015 0.005 0.021 0.077 0.042 0.143 0.042 0.007 0.008 0.005 0.008 0.004 0.005 0.009 0.062 0.004 0.014 0.003 0.021 0.006 0.013 0.006 0.048 0.011 0.022 0.036 0.007 0.015 0.004 0.008 0.020 0.009 0.091 0.200 0.006 0.015 0.056 0.010 0.016 0.008 0.012 0.011 0.004 0.003 0.009 0.003 0.007 
>Sequence
Normalized_weight: 0.009
-     -     A     D     S     C     F     D     P     Y     T     V     S     H     Y     A     I     G     E     E     W     E     R     L     S     E     S     -     G     F     K     L     S     C     Q     C     L     G     F     G     S     G     H     F     R     C     D     S     -     -     -     -     -     
0.006 0.006 0.024 0.007 0.013 0.009 0.006 0.005 0.010 0.007 0.005 0.020 0.010 0.016 0.008 0.014 0.006 0.004 0.005 0.020 0.004 0.004 0.014 0.009 0.008 0.005 0.009 0.006 0.003 0.011 0.012 0.007 0.009 0.015 0.012 0.008 0.004 0.009 0.011 0.004 0.008 0.015 0.011 0.006 0.010 0.008 0.007 0.009 0.004 0.003 0.009 0.003 0.007 
>Sequence
Normalized_weight: 0.009
-     -     -     D     T     C     Y     D     T     Y     T     G     S     F     Y     S     I     G     E     E     W     E     R     L     S     E     T     -     G     F     K     L     W     C     Q     C     L     G     F     G     S     G     H     F     R     C     D     S     -     -     -     -     -     
0.006 0.006 0.003 0.007 0.008 0.009 0.015 0.005 0.028 0.007 0.005 0.004 0.010 0.014 0.008 0.033 0.006 0.004 0.005 0.020 0.004 0.004 0.014 0.009 0.008 0.005 0.023 0.006 0.003 0.011 0.012 0.007 0.028 0.015 0.012 0.008 0.004 0.009 0.011 0.004 0.008 0.015 0.011 0.006 0.010 0.008 0.007 0.009 0.004 0.003 0.009 0.003 0.007 
>Sequence
Normalized_weight: 0.017
-     -     -     -     -     C     H     D     N     -     -     G     V     N     Y     K     I     G     E     K     W     D     R     Q     G     E     N     -     G     Q     M     I     D     C     T     C     L     G     N     G     K     G     -     -     -     -     -     -     -     -     -     -     -     
0.006 0.006 0.003 0.008 0.008 0.009 0.018 0.005 0.021 0.006 0.011 0.004 0.006 0.016 0.008 0.011 0.006 0.004 0.005 0.022 0.004 0.008 0.014 0.009 0.012 0.005 0.011 0.006 0.003 0.016 0.004 0.071 0.007 0.015 0.004 0.008 0.004 0.009 0.004 0.004 0.013 0.015 0.111 0.100 0.056 0.167 0.011 0.011 0.004 0.003 0.009 0.003 0.007 
>Sequence
Normalized_weight: 0.008
-     -     -     D     S     C     F     D     P     Y     T     V     T     H     Y     A     V     G     E     E     W     E     R     L     S     E     S     -     G     F     K     L     S     C     Q     C     L     G     F     G     S     G     H     F     K     C     D     S     -     -     -     -     -     
0.006 0.006 0.003 0.007 0.013 0.009 0.006 0.005 0.010 0.007 0.005 0.020 0.005 0.016 0.008 0.014 0.008 0.004 0.005 0.020 0.004 0.004 0.014 0.009 0.008 0.005 0.009 0.006 0.003 0.011 0.012 0.007 0.009 0.015 0.012 0.008 0.004 0.009 0.011 0.004 0.008 0.015 0.011 0.006 0.006 0.008 0.007 0.009 0.004 0.003 0.009 0.003 0.007 
>Sequence
Normalized_weight: 0.011
-     -     -     D     S     C     F     D     P     Y     T     V     S     H     Y     A     V     G     E     E     W     E     R     L     S     D     S     -     A     F     K     L     T     C     Q     C     L     G     F     G     S     G     H     F     R     C     D     S     -     -     -     -     -     
0.006 0.006 0.003 0.007 0.013 0.009 0.006 0.005 0.010 0.007 0.005 0.020 0.010 0.016 0.008 0.014 0.008 0.004 0.005 0.020 0.004 0.004 0.014 0.009 0.008 0.006 0.009 0.006 0.143 0.011 0.012 0.007 0.028 0.015 0.012 0.008 0.004 0.009 0.011 0.004 0.008 0.015 0.011 0.006 0.010 0.008 0.007 0.009 0.004 0.003 0.009 0.003 0.007 
>Sequence
Normalized_weight: 0.010
-     -     -     E     W     C     H     D     N     -     -     G     V     N     Y     K     I     G     E     K     W     D     R     Q     G     E     N     -     G     Q     M     M     S     C     T     C     L     G     N     G     K     G     E     F     K     C     -     -     -     -     -     -     -     
0.006 0.006 0.003 0.014 0.100 0.009 0.018 0.005 0.021 0.006 0.011 0.004 0.006 0.016 0.008 0.011 0.006 0.004 0.005 0.022 0.004 0.008 0.014 0.009 0.012 0.005 0.011 0.006 0.003 0.016 0.004 0.008 0.009 0.015 0.004 0.008 0.004 0.009 0.004 0.004 0.013 0.015 0.004 0.006 0.006 0.008 0.011 0.011 0.004 0.003 0.009 0.003 0.007 
>Sequence
Normalized_weight: 0.013
-     -     -     -     R     C     D     S     S     D     N     G     V     N     Y     K     I     G     E     K     W     D     R     Q     G     E     N     -     G     Q     M     M     S     C     T     C     L     G     N     G     K     G     E     F     K     C     D     P     H     E     -     -     A     
0.006 0.006 0.003 0.008 0.007 0.009 0.018 0.040 0.008 0.006 0.042 0.004 0.006 0.016 0.008 0.011 0.006 0.004 0.005 0.022 0.004 0.008 0.014 0.009 0.012 0.005 0.011 0.006 0.003 0.016 0.004 0.008 0.009 0.015 0.004 0.008 0.004 0.009 0.004 0.004 0.013 0.015 0.004 0.006 0.006 0.008 0.007 0.011 0.014 0.042 0.009 0.003 0.167 
>Sequence
Normalized_weight: 0.010
-     -     -     D     Q     C     Q     D     S     E     T     G     T     F     Y     Q     I     G     D     S     W     E     K     Y     V     H     -     -     G     V     R     Y     Q     C     Y     C     Y     G     R     G     I     G     E     W     H     C     Q     P     -     -     -     -     -     
0.006 0.006 0.003 0.007 0.010 0.009 0.011 0.005 0.008 0.007 0.005 0.004 0.005 0.014 0.008 0.007 0.006 0.004 0.004 0.011 0.004 0.004 0.016 0.028 0.014 0.025 0.015 0.006 0.003 0.016 0.016 0.018 0.007 0.015 0.014 0.008 0.011 0.009 0.015 0.004 0.018 0.015 0.004 0.004 0.019 0.008 0.019 0.011 0.004 0.003 0.009 0.003 0.007 
>Sequence
Normalized_weight: 0.010
-     -     -     -     -     -     -     -     -     -     -     G     V     M     Y     R     I     G     D     Q     W     D     K     Q     H     D     M     -     G     H     M     M     R     C     T     C     V     G     N     G     R     G     E     W     T     C     -     -     -     -     -     -     -     
0.006 0.006 0.003 0.008 0.008 0.042 0.008 0.013 0.006 0.006 0.011 0.004 0.006 0.018 0.008 0.005 0.006 0.004 0.004 0.029 0.004 0.008 0.016 0.009 0.005 0.006 0.091 0.006 0.003 0.007 0.004 0.008 0.010 0.015 0.004 0.008 0.014 0.009 0.004 0.004 0.006 0.015 0.004 0.004 0.011 0.008 0.011 0.011 0.004 0.003 0.009 0.003 0.007 
>Sequence
Normalized_weight: 0.011
-     -     -     N     R     C     H     -     -     E     G     G     Q     S     Y     K     I     G     D     T     W     R     R     P     H     E     T     -     G     Y     M     L     E     C     V     C     L     G     N     G     K     G     E     W     T     C     K     P     -     -     -     -     -     
0.006 0.006 0.003 0.018 0.007 0.009 0.018 0.013 0.006 0.007 0.056 0.004 0.017 0.007 0.008 0.011 0.006 0.004 0.004 0.009 0.004 0.042 0.014 0.003 0.005 0.005 0.023 0.006 0.003 0.028 0.004 0.007 0.028 0.015 0.037 0.008 0.004 0.009 0.004 0.004 0.013 0.015 0.004 0.004 0.011 0.008 0.037 0.011 0.004 0.003 0.009 0.003 0.007 
>Sequence
Normalized_weight: 0.014
-     -     -     D     Q     C     I     V     D     D     -     -     I     T     Y     N     V     N     D     T     F     H     K     R     H     E     E     -     G     H     M     L     N     C     T     C     F     G     Q     G     R     G     R     W     K     C     D     P     -     -     -     -     -     
0.006 0.006 0.003 0.007 0.010 0.009 0.030 0.100 0.042 0.006 0.011 0.048 0.021 0.010 0.008 0.033 0.008 0.033 0.004 0.009 0.042 0.062 0.016 0.009 0.005 0.005 0.015 0.006 0.003 0.007 0.004 0.007 0.014 0.015 0.004 0.008 0.025 0.009 0.015 0.004 0.006 0.015 0.007 0.004 0.006 0.008 0.007 0.011 0.004 0.003 0.009 0.003 0.007 
>Sequence
Normalized_weight: 0.010
-     -     -     D     Q     C     Q     D     S     E     T     R     T     F     Y     Q     I     G     D     S     W     E     K     Y     L     -     Q     -     G     V     R     Y     Q     C     Y     C     Y     G     R     G     I     G     E     W     A     C     Q     P     -     -     -     -     -     
0.006 0.006 0.003 0.007 0.010 0.009 0.011 0.005 0.008 0.007 0.005 0.013 0.005 0.014 0.008 0.007 0.006 0.004 0.004 0.011 0.004 0.004 0.016 0.028 0.028 0.033 0.013 0.006 0.003 0.016 0.016 0.018 0.007 0.015 0.014 0.008 0.011 0.009 0.015 0.004 0.018 0.015 0.004 0.004 0.037 0.008 0.019 0.011 0.004 0.003 0.009 0.003 0.007 
>Sequence
Normalized_weight: 0.015
-     -     -     D     Q     C     I     V     D     D     -     -     I     T     Y     N     V     N     D     T     F     H     K     R     H     E     E     -     G     H     M     L     N     C     T     C     F     G     Q     G     R     G     K     W     K     C     D     P     -     -     -     -     -     
0.006 0.006 0.003 0.007 0.010 0.009 0.030 0.100 0.042 0.006 0.011 0.048 0.021 0.010 0.008 0.033 0.008 0.033 0.004 0.009 0.042 0.062 0.016 0.009 0.005 0.005 0.015 0.006 0.003 0.007 0.004 0.007 0.014 0.015 0.004 0.008 0.025 0.009 0.015 0.004 0.006 0.015 0.056 0.004 0.006 0.008 0.007 0.011 0.004 0.003 0.009 0.003 0.007 
>Sequence
Normalized_weight: 0.012
-     -     -     N     R     C     N     D     Q     D     T     R     T     S     Y     R     I     G     D     T     W     S     K     K     D     N     R     -     G     N     L     L     Q     C     V     C     T     G     N     G     R     G     E     W     K     C     E     R     H     A     -     -     -     
0.006 0.006 0.003 0.018 0.007 0.009 0.018 0.005 0.012 0.006 0.005 0.013 0.005 0.007 0.008 0.005 0.006 0.004 0.004 0.009 0.004 0.031 0.016 0.028 0.017 0.033 0.006 0.006 0.003 0.028 0.022 0.007 0.007 0.015 0.037 0.008 0.020 0.009 0.004 0.004 0.006 0.015 0.004 0.004 0.006 0.008 0.011 0.040 0.014 0.062 0.009 0.003 0.007 
>Sequence
Normalized_weight: 0.011
-     -     -     D     Q     C     Q     D     S     E     T     R     T     F     Y     Q     I     G     D     S     W     E     K     F     V     H     -     -     G     V     R     Y     Q     C     Y     C     Y     G     R     G     I     G     E     W     H     C     Q     P     -     -     -     -     -     
0.006 0.006 0.003 0.007 0.010 0.009 0.011 0.005 0.008 0.007 0.005 0.013 0.005 0.014 0.008 0.007 0.006 0.004 0.004 0.011 0.004 0.004 0.016 0.083 0.014 0.025 0.015 0.006 0.003 0.016 0.016 0.018 0.007 0.015 0.014 0.008 0.011 0.009 0.015 0.004 0.018 0.015 0.004 0.004 0.019 0.008 0.019 0.011 0.004 0.003 0.009 0.003 0.007 
>Sequence
Normalized_weight: 0.012
-     -     -     -     -     -     -     -     -     -     -     G     V     M     Y     R     I     G     D     Q     W     D     K     Q     H     D     L     -     G     H     M     M     R     C     T     C     V     G     N     G     R     G     E     W     A     C     I     P     Y     S     -     -     -     
0.006 0.006 0.003 0.008 0.008 0.042 0.008 0.013 0.006 0.006 0.011 0.004 0.006 0.018 0.008 0.005 0.006 0.004 0.004 0.029 0.004 0.008 0.016 0.009 0.005 0.006 0.030 0.006 0.003 0.007 0.004 0.008 0.010 0.015 0.004 0.008 0.014 0.009 0.004 0.004 0.006 0.015 0.004 0.004 0.037 0.008 0.056 0.011 0.071 0.042 0.009 0.003 0.007 
>Sequence
Normalized_weight: 0.012
-     -     -     N     R     C     H     -     -     E     G     G     Q     S     Y     K     I     G     D     K     W     R     R     P     H     E     T     -     G     Y     M     L     E     C     L     C     L     G     N     G     K     G     E     W     T     C     K     P     -     -     -     -     -     
0.006 0.006 0.003 0.018 0.007 0.009 0.018 0.013 0.006 0.007 0.056 0.004 0.017 0.007 0.008 0.011 0.006 0.004 0.004 0.022 0.004 0.042 0.014 0.003 0.005 0.005 0.023 0.006 0.003 0.028 0.004 0.007 0.028 0.015 0.056 0.008 0.004 0.009 0.004 0.004 0.013 0.015 0.004 0.004 0.011 0.008 0.037 0.011 0.004 0.003 0.009 0.003 0.007 
>Sequence
Normalized_weight: 0.013
-     -     -     -     -     -     -     -     -     -     -     G     V     M     Y     R     I     G     D     Q     W     D     K     Q     H     D     L     -     G     H     M     M     R     C     T     C     V     G     N     G     R     G     Q     W     A     C     I     P     Y     S     -     -     -     
0.006 0.006 0.003 0.008 0.008 0.042 0.008 0.013 0.006 0.006 0.011 0.004 0.006 0.018 0.008 0.005 0.006 0.004 0.004 0.029 0.004 0.008 0.016 0.009 0.005 0.006 0.030 0.006 0.003 0.007 0.004 0.008 0.010 0.015 0.004 0.008 0.014 0.009 0.004 0.004 0.006 0.015 0.037 0.004 0.037 0.008 0.056 0.011 0.071 0.042 0.009 0.003 0.007 
>Sequence
Normalized_weight: 0.016
-     -     -     N     R     C     N     D     Q     D     T     K     T     S     Y     R     I     G     D     T     W     S     K     T     D     T     R     -     G     N     L     L     Q     C     I     C     T     G     N     G     R     G     E     W     K     C     E     R     H     S     -     -     S     
0.006 0.006 0.003 0.018 0.007 0.009 0.018 0.005 0.012 0.006 0.005 0.143 0.005 0.007 0.008 0.005 0.006 0.004 0.004 0.009 0.004 0.031 0.016 0.042 0.017 0.100 0.006 0.006 0.003 0.028 0.022 0.007 0.007 0.015 0.037 0.008 0.020 0.009 0.004 0.004 0.006 0.015 0.004 0.004 0.006 0.008 0.011 0.040 0.014 0.042 0.009 0.003 0.021 
>Sequence
Normalized_weight: 0.018
-     -     -     -     R     C     D     S     S     D     N     G     V     N     H     R     I     G     E     K     W     D     R     R     G     E     N     -     G     Q     M     M     S     C     T     C     L     G     N     G     K     G     E     F     K     C     E     P     -     -     -     -     -     
0.006 0.006 0.003 0.008 0.007 0.009 0.018 0.040 0.008 0.006 0.042 0.004 0.006 0.016 0.500 0.005 0.006 0.004 0.005 0.022 0.004 0.008 0.014 0.009 0.012 0.005 0.011 0.006 0.003 0.016 0.004 0.008 0.009 0.015 0.004 0.008 0.004 0.009 0.004 0.004 0.013 0.015 0.004 0.006 0.006 0.008 0.011 0.011 0.004 0.003 0.009 0.003 0.007 
>Sequence
Normalized_weight: 0.013
-     -     -     D     Q     C     Q     D     T     E     T     R     Q     F     Y     Q     I     G     D     S     W     E     K     -     H     L     Q     -     G     V     Q     Y     Q     C     Y     C     Y     G     K     G     I     G     E     W     H     C     Q     P     -     -     -     -     -     
0.006 0.006 0.003 0.007 0.010 0.009 0.011 0.005 0.028 0.007 0.005 0.013 0.017 0.014 0.008 0.007 0.006 0.004 0.004 0.011 0.004 0.004 0.016 0.042 0.005 0.013 0.013 0.006 0.003 0.016 0.111 0.018 0.007 0.015 0.014 0.008 0.011 0.009 0.091 0.004 0.018 0.015 0.004 0.004 0.019 0.008 0.019 0.011 0.004 0.003 0.009 0.003 0.007 
>Sequence
Normalized_weight: 0.009
-     -     -     -     -     -     -     -     -     -     -     G     V     M     Y     R     V     G     D     Q     W     D     K     Q     H     D     Q     -     G     H     M     M     R     C     T     C     V     G     N     G     R     G     E     W     S     C     -     -     -     -     -     -     -     
0.006 0.006 0.003 0.008 0.008 0.042 0.008 0.013 0.006 0.006 0.011 0.004 0.006 0.018 0.008 0.005 0.008 0.004 0.004 0.029 0.004 0.008 0.016 0.009 0.005 0.006 0.013 0.006 0.003 0.007 0.004 0.008 0.010 0.015 0.004 0.008 0.014 0.009 0.004 0.004 0.006 0.015 0.004 0.004 0.016 0.008 0.011 0.011 0.004 0.003 0.009 0.003 0.007 
>Sequence
Normalized_weight: 0.013
-     -     -     -     -     -     -     -     -     -     -     G     L     T     Y     N     V     N     S     S     F     T     K     L     H     E     E     -     G     H     M     M     N     C     T     C     F     G     Q     G     R     G     R     W     K     C     D     -     -     -     -     -     -     
0.006 0.006 0.003 0.008 0.008 0.042 0.008 0.013 0.006 0.006 0.011 0.004 0.028 0.010 0.008 0.033 0.008 0.033 0.125 0.011 0.042 0.031 0.016 0.009 0.005 0.005 0.015 0.006 0.003 0.007 0.004 0.008 0.014 0.015 0.004 0.008 0.025 0.009 0.015 0.004 0.006 0.015 0.007 0.004 0.006 0.008 0.007 0.011 0.004 0.003 0.009 0.003 0.007 
>Sequence
Normalized_weight: 0.014
-     -     -     N     R     C     N     D     Q     D     T     R     T     S     Y     R     I     G     D     T     W     S     K     T     D     S     R     -     G     H     V     L     Q     C     L     C     T     G     N     G     R     G     E     W     K     C     E     R     H     A     -     -     S     
0.006 0.006 0.003 0.018 0.007 0.009 0.018 0.005 0.012 0.006 0.005 0.013 0.005 0.007 0.008 0.005 0.006 0.004 0.004 0.009 0.004 0.031 0.016 0.042 0.017 0.100 0.006 0.006 0.003 0.007 0.011 0.007 0.007 0.015 0.056 0.008 0.020 0.009 0.004 0.004 0.006 0.015 0.004 0.004 0.006 0.008 0.011 0.040 0.014 0.062 0.009 0.003 0.021 
>Sequence
Normalized_weight: 0.011
-     -     -     -     R     C     D     S     S     D     S     G     H     N     Y     R     I     G     E     K     W     D     R     R     A     E     N     -     G     H     M     M     S     C     T     C     L     G     N     G     K     G     E     F     K     C     E     P     H     E     -     -     S     
0.006 0.006 0.003 0.008 0.007 0.009 0.018 0.040 0.008 0.006 0.033 0.004 0.042 0.016 0.008 0.005 0.006 0.004 0.005 0.022 0.004 0.008 0.014 0.009 0.028 0.005 0.011 0.006 0.003 0.007 0.004 0.008 0.009 0.015 0.004 0.008 0.004 0.009 0.004 0.004 0.013 0.015 0.004 0.006 0.006 0.008 0.011 0.011 0.014 0.042 0.009 0.003 0.021 
>Sequence
Normalized_weight: 0.009
-     -     -     -     -     -     -     -     -     -     -     G     V     M     Y     R     V     G     D     Q     W     D     R     R     H     D     L     -     G     H     M     M     R     C     T     C     V     G     N     G     R     G     E     W     S     C     -     -     -     -     -     -     -     
0.006 0.006 0.003 0.008 0.008 0.042 0.008 0.013 0.006 0.006 0.011 0.004 0.006 0.018 0.008 0.005 0.008 0.004 0.004 0.029 0.004 0.008 0.014 0.009 0.005 0.006 0.030 0.006 0.003 0.007 0.004 0.008 0.010 0.015 0.004 0.008 0.014 0.009 0.004 0.004 0.006 0.015 0.004 0.004 0.016 0.008 0.011 0.011 0.004 0.003 0.009 0.003 0.007 
>Sequence
Normalized_weight: 0.013
-     -     -     N     R     C     H     -     -     E     G     G     H     S     Y     K     I     G     D     T     W     Q     R     P     H     D     T     -     G     Y     M     L     E     C     V     C     L     G     N     G     K     G     E     W     T     C     K     P     -     -     -     -     -     
0.006 0.006 0.003 0.018 0.007 0.009 0.018 0.013 0.006 0.007 0.056 0.004 0.042 0.007 0.008 0.011 0.006 0.004 0.004 0.009 0.004 0.125 0.014 0.003 0.005 0.006 0.023 0.006 0.003 0.028 0.004 0.007 0.028 0.015 0.037 0.008 0.004 0.009 0.004 0.004 0.013 0.015 0.004 0.004 0.011 0.008 0.037 0.011 0.004 0.003 0.009 0.003 0.007 
>Sequence
Normalized_weight: 0.023
-     -     -     D     Q     C     Q     E     P     E     T     R     V     F     Y     Q     I     G     E     S     W     D     K     L     I     -     Q     -     G     I     H     Y     R     C     Y     C     Y     G     N     G     I     G     E     L     S     C     E     P     Q     H     -     -     S     
0.006 0.006 0.003 0.007 0.010 0.009 0.011 0.100 0.010 0.007 0.005 0.013 0.006 0.014 0.008 0.007 0.006 0.004 0.005 0.011 0.004 0.008 0.016 0.009 0.083 0.033 0.013 0.006 0.003 0.111 0.111 0.018 0.010 0.015 0.014 0.008 0.011 0.009 0.004 0.004 0.018 0.015 0.004 0.100 0.016 0.008 0.011 0.011 0.143 0.125 0.009 0.003 0.021 
>Sequence
Normalized_weight: 0.018
-     -     -     -     -     -     -     -     -     -     -     -     -     -     Y     E     V     N     Q     T     F     T     K     R     H     D     E     -     G     Y     T     M     N     C     T     C     F     G     Q     G     R     G     R     W     K     C     D     -     -     -     -     -     -     
0.006 0.006 0.003 0.008 0.008 0.042 0.008 0.013 0.006 0.006 0.011 0.048 0.083 0.125 0.008 0.100 0.008 0.033 0.014 0.009 0.042 0.031 0.016 0.009 0.005 0.006 0.015 0.006 0.003 0.028 0.056 0.008 0.014 0.015 0.004 0.008 0.025 0.009 0.015 0.004 0.006 0.015 0.007 0.004 0.006 0.008 0.007 0.011 0.004 0.003 0.009 0.003 0.007 
>Sequence
Normalized_weight: 0.013
-     -     -     N     R     C     N     D     Q     D     T     R     T     S     Y     R     I     G     D     T     W     R     K     K     D     N     R     -     G     N     L     L     Q     C     I     C     T     G     N     G     R     G     E     W     K     C     E     R     H     T     -     -     S     
0.006 0.006 0.003 0.018 0.007 0.009 0.018 0.005 0.012 0.006 0.005 0.013 0.005 0.007 0.008 0.005 0.006 0.004 0.004 0.009 0.004 0.042 0.016 0.028 0.017 0.033 0.006 0.006 0.003 0.028 0.022 0.007 0.007 0.015 0.037 0.008 0.020 0.009 0.004 0.004 0.006 0.015 0.004 0.004 0.006 0.008 0.011 0.040 0.014 0.062 0.009 0.003 0.021 
>Sequence
Normalized_weight: 0.011
-     -     -     -     R     C     D     S     S     D     S     G     N     N     Y     R     I     G     E     K     W     E     R     R     A     E     N     -     G     H     L     M     S     C     T     C     L     G     N     G     K     G     E     F     K     C     E     P     H     D     -     -     S     
0.006 0.006 0.003 0.008 0.007 0.009 0.018 0.040 0.008 0.006 0.033 0.004 0.028 0.016 0.008 0.005 0.006 0.004 0.005 0.022 0.004 0.004 0.014 0.009 0.028 0.005 0.011 0.006 0.003 0.007 0.022 0.008 0.009 0.015 0.004 0.008 0.004 0.009 0.004 0.004 0.013 0.015 0.004 0.006 0.006 0.008 0.011 0.011 0.014 0.062 0.009 0.003 0.021 
>Sequence
Normalized_weight: 0.018
-     -     -     -     -     -     -     -     -     D     S     G     L     N     Y     R     V     G     E     K     W     D     R     S     G     E     N     -     G     Q     M     M     S     C     T     C     L     G     E     W     K     G     E     F     K     C     E     P     H     E     -     -     A     
0.006 0.006 0.003 0.008 0.008 0.042 0.008 0.013 0.006 0.006 0.033 0.004 0.028 0.016 0.008 0.005 0.008 0.004 0.005 0.022 0.004 0.008 0.014 0.083 0.012 0.005 0.011 0.006 0.003 0.016 0.004 0.008 0.009 0.015 0.004 0.008 0.004 0.009 0.013 0.200 0.013 0.015 0.004 0.006 0.006 0.008 0.011 0.011 0.014 0.042 0.009 0.003 0.167 
>Sequence
Normalized_weight: 0.014
-     -     -     D     T     C     Y     D     I     T     T     G     S     S     Y     S     I     G     Q     E     W     E     R     M     S     E     S     -     G     F     K     L     W     C     R     C     L     G     L     G     S     G     H     F     K     C     D     S     H     D     -     -     S     
0.006 0.006 0.003 0.007 0.008 0.009 0.015 0.005 0.083 0.026 0.005 0.004 0.010 0.007 0.008 0.033 0.006 0.004 0.014 0.020 0.004 0.004 0.014 0.028 0.008 0.005 0.009 0.006 0.003 0.011 0.012 0.007 0.028 0.015 0.019 0.008 0.004 0.009 0.091 0.004 0.008 0.015 0.011 0.006 0.006 0.008 0.007 0.009 0.014 0.062 0.009 0.003 0.021 
>Sequence
Normalized_weight: 0.014
-     -     -     -     R     C     D     S     S     D     N     G     V     N     Y     K     I     G     E     K     W     D     R     Q     G     E     N     -     G     Q     M     I     D     C     T     C     L     G     N     G     K     G     E     F     -     -     -     -     -     -     -     -     -     
0.006 0.006 0.003 0.008 0.007 0.009 0.018 0.040 0.008 0.006 0.042 0.004 0.006 0.016 0.008 0.011 0.006 0.004 0.005 0.022 0.004 0.008 0.014 0.009 0.012 0.005 0.011 0.006 0.003 0.016 0.004 0.071 0.007 0.015 0.004 0.008 0.004 0.009 0.004 0.004 0.013 0.015 0.004 0.006 0.056 0.167 0.011 0.011 0.004 0.003 0.009 0.003 0.007 
>Sequence
Normalized_weight: 0.010
-     -     -     D     Q     C     Q     D     S     E     T     R     T     F     Y     Q     I     G     D     S     W     E     K     Y     V     H     -     -     G     V     R     Y     Q     C     Y     C     Y     G     R     G     I     G     E     W     H     C     Q     P     -     -     -     -     -     
0.006 0.006 0.003 0.007 0.010 0.009 0.011 0.005 0.008 0.007 0.005 0.013 0.005 0.014 0.008 0.007 0.006 0.004 0.004 0.011 0.004 0.004 0.016 0.028 0.014 0.025 0.015 0.006 0.003 0.016 0.016 0.018 0.007 0.015 0.014 0.008 0.011 0.009 0.015 0.004 0.018 0.015 0.004 0.004 0.019 0.008 0.019 0.011 0.004 0.003 0.009 0.003 0.007 
>Sequence
Normalized_weight: 0.020
-     -     -     D     Q     C     Q     D     S     E     T     R     Q     F     Y     Q     I     G     D     S     W     E     K     -     H     V     Q     -     G     V     R     Y     Q     C     Y     S     I     G     R     G     I     G     E     W     H     C     Q     P     -     -     -     -     -     
0.006 0.006 0.003 0.007 0.010 0.009 0.011 0.005 0.008 0.007 0.005 0.013 0.017 0.014 0.008 0.007 0.006 0.004 0.004 0.011 0.004 0.004 0.016 0.042 0.005 0.033 0.013 0.006 0.003 0.016 0.016 0.018 0.007 0.015 0.014 0.500 0.020 0.009 0.015 0.004 0.018 0.015 0.004 0.004 0.019 0.008 0.019 0.011 0.004 0.003 0.009 0.003 0.007 
>Sequence
Normalized_weight: 0.016
-     -     -     -     -     -     -     -     -     -     -     G     V     M     Y     R     V     G     V     Q     V     D     K     Q     H     D     Q     -     G     H     M     M     R     C     T     C     V     G     N     G     R     G     E     W     N     C     -     -     -     -     -     -     -     
0.006 0.006 0.003 0.008 0.008 0.042 0.008 0.013 0.006 0.006 0.011 0.004 0.006 0.018 0.008 0.005 0.008 0.004 0.125 0.029 0.250 0.008 0.016 0.009 0.005 0.006 0.013 0.006 0.003 0.007 0.004 0.008 0.010 0.015 0.004 0.008 0.014 0.009 0.004 0.004 0.006 0.015 0.004 0.004 0.056 0.008 0.011 0.011 0.004 0.003 0.009 0.003 0.007 
>Sequence
Normalized_weight: 0.015
-     -     -     -     -     -     -     -     -     -     -     G     I     T     Y     D     V     N     H     T     F     T     K     R     H     E     E     -     G     H     M     M     N     C     T     C     Y     G     Q     G     R     G     W     W     K     C     D     -     -     -     -     -     -     
0.006 0.006 0.003 0.008 0.008 0.042 0.008 0.013 0.006 0.006 0.011 0.004 0.021 0.010 0.008 0.050 0.008 0.033 0.125 0.009 0.042 0.031 0.016 0.009 0.005 0.005 0.015 0.006 0.003 0.007 0.004 0.008 0.014 0.015 0.004 0.008 0.011 0.009 0.015 0.004 0.006 0.015 0.111 0.004 0.006 0.008 0.007 0.011 0.004 0.003 0.009 0.003 0.007 
>Sequence
Normalized_weight: 0.009
-     -     -     -     -     -     -     -     -     -     -     G     V     M     Y     R     V     G     D     Q     W     D     K     P     H     E     Q     -     G     H     M     M     R     C     T     C     V     G     N     G     R     G     E     W     N     C     -     -     -     -     -     -     -     
0.006 0.006 0.003 0.008 0.008 0.042 0.008 0.013 0.006 0.006 0.011 0.004 0.006 0.018 0.008 0.005 0.008 0.004 0.004 0.029 0.004 0.008 0.016 0.003 0.005 0.005 0.013 0.006 0.003 0.007 0.004 0.008 0.010 0.015 0.004 0.008 0.014 0.009 0.004 0.004 0.006 0.015 0.004 0.004 0.056 0.008 0.011 0.011 0.004 0.003 0.009 0.003 0.007 
>Sequence
Normalized_weight: 0.018
-     -     -     D     Q     C     Q     D     S     E     T     R     Q     F     Y     Q     I     G     D     S     W     E     K     H     V     H     -     -     G     V     R     Y     Q     C     Y     C     Y     G     R     E     I     G     E     W     H     -     -     -     -     -     -     -     -     
0.006 0.006 0.003 0.007 0.010 0.009 0.011 0.005 0.008 0.007 0.005 0.013 0.017 0.014 0.008 0.007 0.006 0.004 0.004 0.011 0.004 0.004 0.016 0.083 0.014 0.025 0.015 0.006 0.003 0.016 0.016 0.018 0.007 0.015 0.014 0.008 0.011 0.009 0.015 0.200 0.018 0.015 0.004 0.004 0.019 0.167 0.011 0.011 0.004 0.003 0.009 0.003 0.007 
>Sequence
Normalized_weight: 0.013
-     -     -     -     -     -     -     -     -     -     -     G     I     T     Y     D     V     N     Y     T     F     T     K     R     H     E     E     -     G     H     M     M     N     C     T     C     Y     G     Q     G     R     G     R     W     K     C     D     -     -     -     -     -     -     
0.006 0.006 0.003 0.008 0.008 0.042 0.008 0.013 0.006 0.006 0.011 0.004 0.021 0.010 0.008 0.050 0.008 0.033 0.125 0.009 0.042 0.031 0.016 0.009 0.005 0.005 0.015 0.006 0.003 0.007 0.004 0.008 0.014 0.015 0.004 0.008 0.011 0.009 0.015 0.004 0.006 0.015 0.007 0.004 0.006 0.008 0.007 0.011 0.004 0.003 0.009 0.003 0.007 
