>Sequence
Normalized_weight: 0.191
C     S     C     S     S     L     M     D     K     E     C     V     Y     F     C     H     L     D     I     I     W     
0.200 0.200 0.200 0.125 0.125 0.250 0.333 0.200 0.200 0.200 0.200 0.125 0.200 0.200 0.200 0.200 0.125 0.200 0.125 0.200 0.200 
>Sequence
Normalized_weight: 0.268
C     S     C     K     D     M     T     D     K     E     C     L     Y     F     C     H     Q     D     V     I     W     
0.200 0.200 0.200 0.250 0.500 0.250 0.333 0.200 0.200 0.200 0.200 0.500 0.200 0.200 0.200 0.200 0.500 0.200 0.500 0.200 0.200 
>Sequence
Normalized_weight: 0.174
C     S     C     S     S     W     L     D     K     E     C     V     Y     F     C     H     L     D     I     I     W     
0.200 0.200 0.200 0.125 0.125 0.125 0.111 0.200 0.200 0.200 0.200 0.125 0.200 0.200 0.200 0.200 0.125 0.200 0.125 0.200 0.200 
>Sequence
Normalized_weight: 0.180
C     S     C     N     S     W     L     D     K     E     C     V     Y     F     C     H     L     D     I     I     W     
0.200 0.200 0.200 0.250 0.125 0.125 0.111 0.200 0.200 0.200 0.200 0.125 0.200 0.200 0.200 0.200 0.125 0.200 0.125 0.200 0.200 
>Sequence
Normalized_weight: 0.186
C     S     C     A     S     F     L     D     K     E     C     V     Y     F     C     H     L     D     I     I     W     
0.200 0.200 0.200 0.250 0.125 0.250 0.111 0.200 0.200 0.200 0.200 0.125 0.200 0.200 0.200 0.200 0.125 0.200 0.125 0.200 0.200 
