>Sequence
Normalized_weight: 0.018
K     I     C     R     R     R     S     A     G     F     K     G     P     C     M     -     -     S     N     K     N     C     A     Q     V     C     Q     Q     E     G     W     G     G     G     N     C     D     G     P     F     R     R     C     K     C     I     R     Q     C     
0.062 0.029 0.014 0.021 0.025 0.019 0.022 0.029 0.013 0.012 0.003 0.011 0.006 0.022 0.020 0.009 0.013 0.005 0.014 0.020 0.004 0.022 0.006 0.014 0.005 0.022 0.013 0.020 0.022 0.009 0.033 0.011 0.011 0.022 0.009 0.022 0.021 0.006 0.033 0.050 0.007 0.011 0.022 0.024 0.022 0.028 0.008 0.019 0.011 
>Sequence
Normalized_weight: 0.022
R     I     C     R     R     R     S     A     G     F     K     G     P     C     V     -     -     S     N     K     N     C     A     Q     V     C     M     Q     E     G     W     G     G     G     N     C     D     G     P     L     R     R     C     K     C     M     R     R     C     
0.008 0.029 0.014 0.021 0.025 0.019 0.022 0.029 0.013 0.012 0.003 0.011 0.006 0.022 0.010 0.009 0.013 0.005 0.014 0.020 0.004 0.022 0.006 0.014 0.005 0.022 0.100 0.020 0.022 0.009 0.033 0.011 0.011 0.022 0.009 0.022 0.021 0.006 0.033 0.011 0.007 0.011 0.022 0.024 0.022 0.167 0.008 0.111 0.011 
>Sequence
Normalized_weight: 0.023
-     -     -     D     C     L     S     G     R     Y     K     G     P     C     A     V     W     D     N     E     T     C     R     R     V     C     K     E     E     G     R     S     S     G     H     C     S     P     S     L     -     K     C     W     C     E     G     -     C     
0.028 0.016 0.056 0.016 0.016 0.010 0.022 0.017 0.006 0.100 0.003 0.011 0.006 0.022 0.013 0.067 0.062 0.029 0.014 0.014 0.042 0.022 0.017 0.014 0.005 0.022 0.033 0.020 0.022 0.009 0.033 0.007 0.033 0.022 0.008 0.022 0.015 0.050 0.020 0.011 0.031 0.033 0.022 0.021 0.022 0.021 0.024 0.014 0.011 
>Sequence
Normalized_weight: 0.013
R     T     C     E     S     K     S     H     R     F     K     G     P     C     V     -     -     S     T     H     N     C     A     N     V     C     H     N     E     G     F     G     G     G     K     C     R     G     F     R     R     R     C     Y     C     T     R     H     C     
0.008 0.008 0.014 0.005 0.006 0.028 0.022 0.010 0.006 0.012 0.003 0.011 0.006 0.022 0.010 0.009 0.013 0.005 0.050 0.010 0.004 0.022 0.006 0.008 0.005 0.022 0.013 0.014 0.022 0.009 0.006 0.011 0.011 0.022 0.016 0.022 0.008 0.006 0.004 0.004 0.007 0.011 0.022 0.042 0.022 0.006 0.008 0.011 0.011 
>Sequence
Normalized_weight: 0.015
R     T     C     E     S     Q     S     H     R     F     K     G     P     C     S     -     -     R     D     S     N     C     A     T     V     C     L     T     E     G     F     S     G     G     D     C     R     G     F     R     R     R     C     F     C     T     R     P     C     
0.008 0.008 0.014 0.005 0.006 0.007 0.022 0.010 0.006 0.012 0.003 0.011 0.006 0.022 0.100 0.009 0.013 0.016 0.007 0.010 0.004 0.022 0.006 0.100 0.005 0.022 0.017 0.011 0.022 0.009 0.006 0.007 0.011 0.022 0.022 0.022 0.008 0.006 0.004 0.004 0.007 0.011 0.022 0.008 0.022 0.006 0.008 0.009 0.011 
>Sequence
Normalized_weight: 0.013
R     T     C     E     S     Q     S     H     R     F     K     G     T     C     V     -     -     S     A     S     N     C     A     N     V     C     H     N     E     G     F     V     G     G     N     C     R     G     F     R     R     R     C     F     C     T     R     H     C     
0.008 0.008 0.014 0.005 0.006 0.007 0.022 0.010 0.006 0.012 0.003 0.011 0.016 0.022 0.010 0.009 0.013 0.005 0.100 0.010 0.004 0.022 0.006 0.008 0.005 0.022 0.013 0.014 0.022 0.009 0.006 0.020 0.011 0.022 0.009 0.022 0.008 0.006 0.004 0.004 0.007 0.011 0.022 0.008 0.022 0.006 0.008 0.011 0.011 
>Sequence
Normalized_weight: 0.012
R     T     C     E     S     Q     S     H     R     F     K     G     P     C     V     -     -     S     E     K     N     C     A     S     V     C     E     T     E     G     F     S     G     G     D     C     R     G     F     R     R     R     C     F     C     T     R     P     C     
0.008 0.008 0.014 0.005 0.006 0.007 0.022 0.010 0.006 0.012 0.003 0.011 0.006 0.022 0.010 0.009 0.013 0.005 0.025 0.020 0.004 0.022 0.006 0.011 0.005 0.022 0.050 0.011 0.022 0.009 0.006 0.007 0.011 0.022 0.022 0.022 0.008 0.006 0.004 0.004 0.007 0.011 0.022 0.008 0.022 0.006 0.008 0.009 0.011 
>Sequence
Normalized_weight: 0.012
R     T     C     E     S     Q     S     H     R     F     K     G     V     C     A     -     -     S     E     T     N     C     A     S     V     C     Q     T     E     G     F     S     G     G     D     C     R     G     F     R     R     R     C     F     C     T     R     P     C     
0.008 0.008 0.014 0.005 0.006 0.007 0.022 0.010 0.006 0.012 0.003 0.011 0.037 0.022 0.013 0.009 0.013 0.005 0.025 0.017 0.004 0.022 0.006 0.011 0.005 0.022 0.013 0.011 0.022 0.009 0.006 0.007 0.011 0.022 0.022 0.022 0.008 0.006 0.004 0.004 0.007 0.011 0.022 0.008 0.022 0.006 0.008 0.009 0.011 
>Sequence
Normalized_weight: 0.021
R     T     C     E     T     S     S     N     L     F     N     G     P     C     L     -     -     S     S     S     N     C     A     N     V     C     H     N     E     G     F     S     D     G     D     C     R     G     F     R     R     R     C     L     C     T     R     P     C     
0.008 0.008 0.014 0.005 0.031 0.111 0.022 0.050 0.125 0.012 0.111 0.011 0.006 0.022 0.013 0.009 0.013 0.005 0.017 0.010 0.004 0.022 0.006 0.008 0.005 0.022 0.013 0.014 0.022 0.009 0.006 0.007 0.067 0.022 0.022 0.022 0.008 0.006 0.004 0.004 0.007 0.011 0.022 0.042 0.022 0.006 0.008 0.009 0.011 
>Sequence
Normalized_weight: 0.018
R     T     C     E     S     K     S     H     R     F     K     G     T     C     V     -     -     S     S     T     N     C     G     N     V     C     H     N     E     G     F     G     G     G     K     C     R     G     F     R     V     R     C     Y     C     T     R     H     C     
0.008 0.008 0.014 0.005 0.006 0.028 0.022 0.010 0.006 0.012 0.003 0.011 0.016 0.022 0.010 0.009 0.013 0.005 0.017 0.017 0.004 0.022 0.033 0.008 0.005 0.022 0.013 0.014 0.022 0.009 0.006 0.011 0.011 0.022 0.016 0.022 0.008 0.006 0.004 0.004 0.250 0.011 0.022 0.042 0.022 0.006 0.008 0.011 0.011 
>Sequence
Normalized_weight: 0.013
R     T     C     E     S     Q     S     N     R     F     K     G     T     C     V     -     -     S     T     S     N     C     A     S     V     C     Q     T     E     G     F     P     G     G     H     C     R     G     F     R     R     R     C     F     C     T     K     H     C     
0.008 0.008 0.014 0.005 0.006 0.007 0.022 0.050 0.006 0.012 0.003 0.011 0.016 0.022 0.010 0.009 0.013 0.005 0.050 0.010 0.004 0.022 0.006 0.011 0.005 0.022 0.013 0.011 0.022 0.009 0.006 0.020 0.011 0.022 0.008 0.022 0.008 0.006 0.004 0.004 0.007 0.011 0.022 0.008 0.022 0.006 0.012 0.011 0.011 
>Sequence
Normalized_weight: 0.014
R     T     C     E     S     Q     S     H     R     F     K     G     L     C     F     -     -     S     K     S     N     C     G     S     V     C     H     T     E     G     F     N     G     G     H     C     R     G     F     R     R     R     C     F     C     T     R     H     C     
0.008 0.008 0.014 0.005 0.006 0.007 0.022 0.010 0.006 0.012 0.003 0.011 0.012 0.022 0.025 0.009 0.013 0.005 0.020 0.010 0.004 0.022 0.033 0.011 0.005 0.022 0.013 0.011 0.022 0.009 0.006 0.100 0.011 0.022 0.008 0.022 0.008 0.006 0.004 0.004 0.007 0.011 0.022 0.008 0.022 0.006 0.008 0.011 0.011 
>Sequence
Normalized_weight: 0.022
R     T     C     A     S     Q     S     Q     R     F     K     G     K     C     V     -     -     S     D     T     N     C     E     N     V     C     H     N     E     G     F     P     G     G     D     C     R     G     F     R     R     R     C     F     C     T     R     N     C     
0.008 0.008 0.014 0.125 0.006 0.007 0.022 0.100 0.006 0.012 0.003 0.011 0.111 0.022 0.010 0.009 0.013 0.005 0.007 0.017 0.004 0.022 0.167 0.008 0.005 0.022 0.013 0.014 0.022 0.009 0.006 0.020 0.011 0.022 0.022 0.022 0.008 0.006 0.004 0.004 0.007 0.011 0.022 0.008 0.022 0.006 0.008 0.056 0.011 
>Sequence
Normalized_weight: 0.014
R     T     C     E     S     Q     S     H     K     F     K     G     T     C     L     -     -     S     D     T     N     C     A     N     V     C     H     S     E     R     F     S     G     G     K     C     R     G     F     R     R     R     C     F     C     T     T     H     C     
0.008 0.008 0.014 0.005 0.006 0.007 0.022 0.010 0.025 0.012 0.003 0.011 0.016 0.022 0.013 0.009 0.013 0.005 0.007 0.017 0.004 0.022 0.006 0.008 0.005 0.022 0.013 0.036 0.022 0.083 0.006 0.007 0.011 0.022 0.016 0.022 0.008 0.006 0.004 0.004 0.007 0.011 0.022 0.008 0.022 0.006 0.056 0.011 0.011 
>Sequence
Normalized_weight: 0.013
R     T     C     E     S     Q     S     H     R     F     K     G     P     C     L     -     -     S     D     T     N     C     G     S     V     C     R     T     E     R     F     T     G     G     H     C     R     G     F     R     R     R     C     F     C     T     K     H     C     
0.008 0.008 0.014 0.005 0.006 0.007 0.022 0.010 0.006 0.012 0.003 0.011 0.006 0.022 0.013 0.009 0.013 0.005 0.007 0.017 0.004 0.022 0.033 0.011 0.005 0.022 0.009 0.011 0.022 0.083 0.006 0.014 0.011 0.022 0.008 0.022 0.008 0.006 0.004 0.004 0.007 0.011 0.022 0.008 0.022 0.006 0.012 0.011 0.011 
>Sequence
Normalized_weight: 0.015
R     T     C     E     S     Q     S     H     R     F     H     G     T     C     V     -     -     R     E     S     N     C     A     S     V     C     Q     T     E     G     F     I     G     G     N     C     R     A     F     R     R     R     C     F     C     T     R     N     C     
0.008 0.008 0.014 0.005 0.006 0.007 0.022 0.010 0.006 0.012 0.037 0.011 0.016 0.022 0.010 0.009 0.013 0.016 0.025 0.010 0.004 0.022 0.006 0.011 0.005 0.022 0.013 0.011 0.022 0.009 0.006 0.050 0.011 0.022 0.009 0.022 0.008 0.067 0.004 0.004 0.007 0.011 0.022 0.008 0.022 0.006 0.008 0.056 0.011 
>Sequence
Normalized_weight: 0.017
R     H     C     E     S     L     S     H     R     F     K     G     P     C     T     -     -     R     D     S     N     C     A     S     V     C     E     T     E     R     F     S     G     G     N     C     H     G     F     R     R     R     C     F     C     T     K     P     C     
0.008 0.143 0.014 0.005 0.006 0.010 0.022 0.010 0.006 0.012 0.003 0.011 0.006 0.022 0.025 0.009 0.013 0.016 0.007 0.010 0.004 0.022 0.006 0.011 0.005 0.022 0.050 0.011 0.022 0.083 0.006 0.007 0.011 0.022 0.009 0.022 0.056 0.006 0.004 0.004 0.007 0.011 0.022 0.008 0.022 0.006 0.012 0.009 0.011 
>Sequence
Normalized_weight: 0.015
R     T     C     E     S     Q     S     H     R     F     K     G     P     C     V     -     -     R     K     S     N     C     A     S     V     C     Q     T     E     G     F     H     G     G     Q     C     R     G     F     R     R     R     C     F     C     T     K     H     C     
0.008 0.008 0.014 0.005 0.006 0.007 0.022 0.010 0.006 0.012 0.003 0.011 0.006 0.022 0.010 0.009 0.013 0.016 0.020 0.010 0.004 0.022 0.006 0.011 0.005 0.022 0.013 0.011 0.022 0.009 0.006 0.100 0.011 0.022 0.111 0.022 0.008 0.006 0.004 0.004 0.007 0.011 0.022 0.008 0.022 0.006 0.012 0.011 0.011 
>Sequence
Normalized_weight: 0.019
K     V     C     R     Q     R     S     A     G     F     K     G     P     C     V     -     -     S     D     K     N     C     A     Q     V     C     L     Q     E     G     W     G     G     G     N     C     D     G     P     F     R     R     C     K     C     I     R     Q     C     
0.062 0.016 0.014 0.021 0.125 0.019 0.022 0.029 0.013 0.012 0.003 0.011 0.006 0.022 0.010 0.009 0.013 0.005 0.007 0.020 0.004 0.022 0.006 0.014 0.005 0.022 0.017 0.020 0.022 0.009 0.033 0.011 0.011 0.022 0.009 0.022 0.021 0.006 0.033 0.050 0.007 0.011 0.022 0.024 0.022 0.028 0.008 0.019 0.011 
>Sequence
Normalized_weight: 0.023
R     V     C     M     G     K     S     A     G     F     K     G     L     C     M     -     -     R     D     Q     N     C     A     Q     V     C     L     Q     E     G     W     G     G     G     N     C     D     G     V     M     R     Q     C     K     C     I     R     Q     C     
0.008 0.016 0.014 0.125 0.125 0.028 0.022 0.029 0.013 0.012 0.003 0.011 0.012 0.022 0.020 0.009 0.013 0.016 0.007 0.100 0.004 0.022 0.006 0.014 0.005 0.022 0.017 0.020 0.022 0.009 0.033 0.011 0.011 0.022 0.009 0.022 0.021 0.006 0.017 0.025 0.007 0.056 0.022 0.024 0.022 0.028 0.008 0.019 0.011 
>Sequence
Normalized_weight: 0.016
R     V     C     R     R     R     S     A     G     F     K     G     L     C     M     -     -     S     D     H     N     C     A     Q     V     C     L     Q     E     G     W     G     G     G     N     C     D     G     V     M     R     Q     C     K     C     I     R     Q     C     
0.008 0.016 0.014 0.021 0.025 0.019 0.022 0.029 0.013 0.012 0.003 0.011 0.012 0.022 0.020 0.009 0.013 0.005 0.007 0.010 0.004 0.022 0.006 0.014 0.005 0.022 0.017 0.020 0.022 0.009 0.033 0.011 0.011 0.022 0.009 0.022 0.021 0.006 0.017 0.025 0.007 0.056 0.022 0.024 0.022 0.028 0.008 0.019 0.011 
>Sequence
Normalized_weight: 0.018
R     V     C     R     R     R     S     A     G     F     K     G     L     C     M     -     -     S     D     H     N     C     A     Q     V     C     L     Q     E     G     W     G     G     G     N     C     D     G     V     I     R     Q     C     K     C     I     R     Q     C     
0.008 0.016 0.014 0.021 0.025 0.019 0.022 0.029 0.013 0.012 0.003 0.011 0.012 0.022 0.020 0.009 0.013 0.005 0.007 0.010 0.004 0.022 0.006 0.014 0.005 0.022 0.017 0.020 0.022 0.009 0.033 0.011 0.011 0.022 0.009 0.022 0.021 0.006 0.017 0.100 0.007 0.056 0.022 0.024 0.022 0.028 0.008 0.019 0.011 
>Sequence
Normalized_weight: 0.018
R     T     C     E     S     Q     S     H     K     F     Q     G     T     C     L     -     -     R     E     S     N     C     A     N     V     C     Q     T     E     G     F     Q     G     G     V     C     R     G     V     R     R     R     C     F     C     T     R     L     C     
0.008 0.008 0.014 0.005 0.006 0.007 0.022 0.010 0.025 0.012 0.111 0.011 0.016 0.022 0.013 0.009 0.013 0.016 0.025 0.010 0.004 0.022 0.006 0.008 0.005 0.022 0.013 0.011 0.022 0.009 0.006 0.100 0.011 0.022 0.056 0.022 0.008 0.006 0.017 0.004 0.007 0.011 0.022 0.008 0.022 0.006 0.008 0.037 0.011 
>Sequence
Normalized_weight: 0.021
R     V     C     R     R     R     S     A     G     F     K     G     V     C     M     -     -     S     D     H     N     C     A     Q     V     C     L     Q     E     G     Y     G     G     G     N     C     D     G     I     M     R     Q     C     K     C     I     R     Q     C     
0.008 0.016 0.014 0.021 0.025 0.019 0.022 0.029 0.013 0.012 0.003 0.011 0.037 0.022 0.020 0.009 0.013 0.005 0.007 0.010 0.004 0.022 0.006 0.014 0.005 0.022 0.017 0.020 0.022 0.009 0.200 0.011 0.011 0.022 0.009 0.022 0.021 0.006 0.050 0.025 0.007 0.056 0.022 0.024 0.022 0.028 0.008 0.019 0.011 
>Sequence
Normalized_weight: 0.021
R     T     C     E     S     Q     S     H     R     F     K     G     P     C     A     -     -     R     K     A     N     C     A     S     V     C     N     T     E     G     F     P     D     G     Y     C     H     G     V     R     R     R     C     M     C     T     K     P     C     
0.008 0.008 0.014 0.005 0.006 0.007 0.022 0.010 0.006 0.012 0.003 0.011 0.006 0.022 0.013 0.009 0.013 0.016 0.020 0.100 0.004 0.022 0.006 0.011 0.005 0.022 0.100 0.011 0.022 0.009 0.006 0.020 0.067 0.022 0.111 0.022 0.056 0.006 0.017 0.004 0.007 0.011 0.022 0.083 0.022 0.006 0.012 0.009 0.011 
>Sequence
Normalized_weight: 0.032
R     T     C     Q     S     K     S     H     H     F     K     Y     M     C     T     -     -     S     N     H     N     C     A     I     V     C     R     N     E     G     F     S     G     G     R     C     H     G     F     H     R     R     C     Y     C     T     R     L     C     
0.008 0.008 0.014 0.062 0.006 0.028 0.022 0.010 0.062 0.012 0.003 0.500 0.056 0.022 0.025 0.009 0.013 0.005 0.014 0.010 0.004 0.022 0.006 0.100 0.005 0.022 0.009 0.014 0.022 0.009 0.006 0.007 0.011 0.022 0.056 0.022 0.056 0.006 0.004 0.100 0.007 0.011 0.022 0.042 0.022 0.006 0.008 0.037 0.011 
>Sequence
Normalized_weight: 0.015
R     V     C     E     S     Q     S     H     G     F     K     G     A     C     T     -     -     G     D     H     N     C     A     L     V     C     R     N     E     G     F     S     G     G     N     C     R     G     F     R     R     R     C     F     C     T     K     I     C     
0.008 0.016 0.014 0.005 0.006 0.007 0.022 0.010 0.013 0.012 0.003 0.011 0.037 0.022 0.025 0.009 0.013 0.071 0.007 0.010 0.004 0.022 0.006 0.033 0.005 0.022 0.009 0.014 0.022 0.009 0.006 0.007 0.011 0.022 0.009 0.022 0.008 0.006 0.004 0.004 0.007 0.011 0.022 0.008 0.022 0.006 0.012 0.056 0.011 
>Sequence
Normalized_weight: 0.029
R     T     C     E     A     A     S     G     K     F     K     G     M     C     F     -     -     S     S     N     N     C     A     N     T     C     A     R     E     K     F     D     G     G     K     C     K     G     F     R     R     R     C     M     C     T     K     K     C     
0.008 0.008 0.014 0.005 0.031 0.111 0.022 0.017 0.025 0.012 0.003 0.011 0.056 0.022 0.025 0.009 0.013 0.005 0.017 0.050 0.004 0.022 0.006 0.008 0.167 0.022 0.100 0.036 0.022 0.083 0.006 0.100 0.011 0.022 0.016 0.022 0.083 0.006 0.004 0.004 0.007 0.011 0.022 0.083 0.022 0.006 0.012 0.056 0.011 
>Sequence
Normalized_weight: 0.018
R     V     C     E     S     Q     S     H     G     F     H     G     L     C     N     -     -     R     D     H     N     C     A     L     V     C     R     N     E     G     F     S     G     G     R     C     K     G     F     R     R     R     C     F     C     T     R     I     C     
0.008 0.016 0.014 0.005 0.006 0.007 0.022 0.010 0.013 0.012 0.037 0.011 0.012 0.022 0.100 0.009 0.013 0.016 0.007 0.010 0.004 0.022 0.006 0.033 0.005 0.022 0.009 0.014 0.022 0.009 0.006 0.007 0.011 0.022 0.056 0.022 0.083 0.006 0.004 0.004 0.007 0.011 0.022 0.008 0.022 0.006 0.008 0.056 0.011 
>Sequence
Normalized_weight: 0.020
R     K     C     E     S     L     S     H     R     F     A     G     L     C     L     -     -     R     G     H     N     C     A     N     V     C     R     T     E     G     F     P     G     G     K     C     R     G     A     S     R     R     C     F     C     T     T     H     C     
0.008 0.143 0.014 0.005 0.006 0.010 0.022 0.010 0.006 0.012 0.111 0.011 0.012 0.022 0.013 0.009 0.013 0.016 0.025 0.010 0.004 0.022 0.006 0.008 0.005 0.022 0.009 0.011 0.022 0.009 0.006 0.020 0.011 0.022 0.016 0.022 0.008 0.006 0.050 0.050 0.007 0.011 0.022 0.008 0.022 0.006 0.056 0.011 0.011 
>Sequence
Normalized_weight: 0.026
K     I     C     E     A     L     S     G     N     F     K     G     L     C     L     -     -     S     S     R     D     C     G     N     V     C     R     R     E     G     F     T     D     G     S     C     I     G     F     R     L     Q     C     F     C     T     K     P     C     
0.062 0.029 0.014 0.005 0.031 0.010 0.022 0.017 0.062 0.012 0.003 0.011 0.012 0.022 0.013 0.009 0.013 0.005 0.017 0.050 0.062 0.022 0.033 0.008 0.005 0.022 0.009 0.036 0.022 0.009 0.006 0.014 0.067 0.022 0.056 0.022 0.167 0.006 0.004 0.004 0.125 0.056 0.022 0.008 0.022 0.006 0.012 0.009 0.011 
>Sequence
Normalized_weight: 0.018
R     V     C     E     S     Q     S     H     G     F     K     G     A     C     T     -     -     G     D     H     N     C     A     L     V     C     R     N     E     G     F     S     G     G     N     C     R     G     F     R     R     R     C     F     C     T     L     K     C     
0.008 0.016 0.014 0.005 0.006 0.007 0.022 0.010 0.013 0.012 0.003 0.011 0.037 0.022 0.025 0.009 0.013 0.071 0.007 0.010 0.004 0.022 0.006 0.033 0.005 0.022 0.009 0.014 0.022 0.009 0.006 0.007 0.011 0.022 0.009 0.022 0.008 0.006 0.004 0.004 0.007 0.011 0.022 0.008 0.022 0.006 0.167 0.056 0.011 
>Sequence
Normalized_weight: 0.021
R     V     C     Q     S     Q     S     H     H     F     H     G     A     C     F     -     -     S     H     H     N     C     A     F     V     C     R     N     E     G     F     S     G     G     K     C     R     G     V     R     R     R     C     F     C     S     K     L     C     
0.008 0.016 0.014 0.062 0.006 0.007 0.022 0.010 0.062 0.012 0.037 0.011 0.037 0.022 0.025 0.009 0.013 0.005 0.100 0.010 0.004 0.022 0.006 0.100 0.005 0.022 0.009 0.014 0.022 0.009 0.006 0.007 0.011 0.022 0.016 0.022 0.008 0.006 0.017 0.004 0.007 0.011 0.022 0.008 0.022 0.083 0.012 0.037 0.011 
>Sequence
Normalized_weight: 0.030
R     T     C     K     T     P     S     G     K     F     K     G     V     C     A     -     -     S     S     N     N     C     K     N     V     C     Q     T     E     G     F     P     S     G     S     C     D     F     H     V     R     K     C     Y     C     S     K     P     C     
0.008 0.008 0.014 0.031 0.031 0.037 0.022 0.017 0.025 0.012 0.003 0.011 0.037 0.022 0.013 0.009 0.013 0.005 0.017 0.050 0.004 0.022 0.167 0.008 0.005 0.022 0.013 0.011 0.022 0.009 0.006 0.020 0.033 0.022 0.056 0.022 0.021 0.200 0.100 0.100 0.007 0.033 0.022 0.042 0.022 0.083 0.012 0.009 0.011 
>Sequence
Normalized_weight: 0.037
K     I     C     E     A     L     S     G     N     F     K     G     L     C     L     -     -     S     S     R     D     C     G     N     V     C     R     R     E     G     F     T     S     G     V     C     R     G     F     P     L     K     C     F     C     R     K     P     -     
0.062 0.029 0.014 0.005 0.031 0.010 0.022 0.017 0.062 0.012 0.003 0.011 0.012 0.022 0.013 0.009 0.013 0.005 0.017 0.050 0.062 0.022 0.033 0.008 0.005 0.022 0.009 0.036 0.022 0.009 0.006 0.014 0.033 0.022 0.056 0.022 0.008 0.006 0.004 0.100 0.125 0.033 0.022 0.008 0.022 0.167 0.012 0.009 0.500 
>Sequence
Normalized_weight: 0.040
Q     I     C     K     A     P     S     Q     T     F     P     G     L     C     F     -     -     M     D     S     S     C     R     K     Y     C     I     K     E     K     F     T     G     G     H     C     S     K     L     Q     R     K     C     L     C     T     K     P     C     
0.250 0.029 0.014 0.031 0.031 0.037 0.022 0.100 0.025 0.012 0.037 0.011 0.012 0.022 0.025 0.009 0.013 0.143 0.007 0.010 0.125 0.022 0.017 0.033 0.167 0.022 0.020 0.143 0.022 0.083 0.006 0.014 0.011 0.022 0.008 0.022 0.015 0.067 0.050 0.100 0.007 0.033 0.022 0.042 0.022 0.006 0.012 0.009 0.011 
>Sequence
Normalized_weight: 0.025
-     -     -     -     -     -     S     H     S     F     K     G     T     C     L     -     -     S     D     T     N     C     A     N     V     C     H     S     E     R     F     S     G     G     K     C     R     G     F     R     R     R     C     F     C     T     T     H     C     
0.028 0.016 0.056 0.125 0.125 0.111 0.022 0.010 0.125 0.012 0.003 0.011 0.016 0.022 0.013 0.009 0.013 0.005 0.007 0.017 0.004 0.022 0.006 0.008 0.005 0.022 0.013 0.036 0.022 0.083 0.006 0.007 0.011 0.022 0.016 0.022 0.008 0.006 0.004 0.004 0.007 0.011 0.022 0.008 0.022 0.006 0.056 0.011 0.011 
>Sequence
Normalized_weight: 0.030
R     E     C     K     T     E     S     N     T     F     P     G     I     C     I     -     -     T     K     P     P     C     R     K     A     C     I     S     E     K     F     T     D     G     H     C     S     K     I     L     R     R     C     L     C     T     K     P     C     
0.008 0.071 0.014 0.031 0.031 0.056 0.022 0.050 0.025 0.012 0.037 0.011 0.056 0.022 0.050 0.009 0.013 0.071 0.020 0.050 0.062 0.022 0.017 0.033 0.083 0.022 0.020 0.036 0.022 0.083 0.006 0.014 0.067 0.022 0.008 0.022 0.015 0.067 0.050 0.011 0.007 0.011 0.022 0.042 0.022 0.006 0.012 0.009 0.011 
>Sequence
Normalized_weight: 0.030
R     E     C     K     T     E     S     N     T     F     P     G     I     C     I     -     -     T     K     P     P     C     R     K     A     C     I     S     E     K     F     T     D     G     H     C     S     K     L     L     R     R     C     L     C     T     K     P     C     
0.008 0.071 0.014 0.031 0.031 0.056 0.022 0.050 0.025 0.012 0.037 0.011 0.056 0.022 0.050 0.009 0.013 0.071 0.020 0.050 0.062 0.022 0.017 0.033 0.083 0.022 0.020 0.036 0.022 0.083 0.006 0.014 0.067 0.022 0.008 0.022 0.015 0.067 0.050 0.011 0.007 0.011 0.022 0.042 0.022 0.006 0.012 0.009 0.011 
>Sequence
Normalized_weight: 0.029
-     -     -     D     C     L     S     G     K     Y     K     G     P     C     A     V     W     D     N     E     M     C     R     R     I     C     K     E     E     G     H     I     S     G     H     C     S     P     S     L     -     K     C     W     C     E     G     -     C     
0.028 0.016 0.056 0.016 0.016 0.010 0.022 0.017 0.025 0.100 0.003 0.011 0.006 0.022 0.013 0.067 0.062 0.029 0.014 0.014 0.125 0.022 0.017 0.014 0.083 0.022 0.033 0.020 0.022 0.009 0.100 0.050 0.033 0.022 0.008 0.022 0.015 0.050 0.020 0.011 0.031 0.033 0.022 0.021 0.022 0.021 0.024 0.014 0.011 
>Sequence
Normalized_weight: 0.025
-     -     -     D     C     L     S     G     R     Y     G     G     P     C     A     V     W     D     N     E     T     C     R     R     V     C     K     E     E     G     R     S     S     G     H     C     S     P     S     L     -     K     C     W     C     E     G     -     C     
0.028 0.016 0.056 0.016 0.016 0.010 0.022 0.017 0.006 0.100 0.056 0.011 0.006 0.022 0.013 0.067 0.062 0.029 0.014 0.014 0.042 0.022 0.017 0.014 0.005 0.022 0.033 0.020 0.022 0.009 0.033 0.007 0.033 0.022 0.008 0.022 0.015 0.050 0.020 0.011 0.031 0.033 0.022 0.021 0.022 0.021 0.024 0.014 0.011 
>Sequence
Normalized_weight: 0.027
-     -     -     D     C     L     S     G     T     F     G     G     P     C     W     A     W     S     G     E     K     C     R     R     L     C     I     E     E     G     H     V     S     G     H     C     S     G     A     M     -     K     C     W     C     E     G     -     C     
0.028 0.016 0.056 0.016 0.016 0.010 0.022 0.017 0.025 0.012 0.056 0.011 0.006 0.022 0.033 0.111 0.062 0.005 0.025 0.014 0.042 0.022 0.017 0.014 0.056 0.022 0.020 0.020 0.022 0.009 0.100 0.020 0.033 0.022 0.008 0.022 0.015 0.006 0.050 0.025 0.031 0.033 0.022 0.021 0.022 0.021 0.024 0.014 0.011 
>Sequence
Normalized_weight: 0.032
-     -     -     D     C     P     S     G     R     F     S     G     P     C     W     A     W     D     G     E     Q     C     R     R     L     C     R     E     E     G     R     V     S     G     H     C     S     A     S     L     -     K     C     W     C     E     Q     -     C     
0.028 0.016 0.056 0.016 0.016 0.037 0.022 0.017 0.006 0.012 0.111 0.011 0.006 0.022 0.033 0.111 0.062 0.029 0.025 0.014 0.125 0.022 0.017 0.014 0.056 0.022 0.009 0.020 0.022 0.009 0.033 0.020 0.033 0.022 0.008 0.022 0.015 0.067 0.020 0.011 0.031 0.033 0.022 0.021 0.022 0.021 0.167 0.014 0.011 
>Sequence
Normalized_weight: 0.027
-     -     -     D     C     L     S     G     R     Y     R     G     P     C     A     V     W     D     N     E     T     C     R     R     V     C     R     E     E     G     R     V     S     G     H     C     S     A     R     L     -     Q     C     W     C     E     G     -     C     
0.028 0.016 0.056 0.016 0.016 0.010 0.022 0.017 0.006 0.100 0.056 0.011 0.006 0.022 0.013 0.067 0.062 0.029 0.014 0.014 0.042 0.022 0.017 0.014 0.005 0.022 0.009 0.020 0.022 0.009 0.033 0.020 0.033 0.022 0.008 0.022 0.015 0.067 0.100 0.011 0.031 0.056 0.022 0.021 0.022 0.021 0.024 0.014 0.011 
>Sequence
Normalized_weight: 0.026
-     -     -     D     C     L     S     G     T     F     K     G     P     C     W     A     W     S     G     E     K     C     R     R     L     C     I     E     E     G     R     V     S     G     H     C     S     G     G     S     -     K     C     W     C     E     G     -     C     
0.028 0.016 0.056 0.016 0.016 0.010 0.022 0.017 0.025 0.012 0.003 0.011 0.006 0.022 0.033 0.111 0.062 0.005 0.025 0.014 0.042 0.022 0.017 0.014 0.056 0.022 0.020 0.020 0.022 0.009 0.033 0.020 0.033 0.022 0.008 0.022 0.015 0.006 0.100 0.050 0.031 0.033 0.022 0.021 0.022 0.021 0.024 0.014 0.011 
>Sequence
Normalized_weight: 0.037
-     -     -     D     C     L     S     G     R     Y     R     G     S     C     A     V     W     H     R     K     K     C     V     D     I     C     Q     R     E     G     R     T     S     G     H     C     S     P     S     L     -     K     C     W     C     E     G     -     C     
0.028 0.016 0.056 0.016 0.016 0.010 0.022 0.017 0.006 0.100 0.056 0.011 0.111 0.022 0.013 0.067 0.062 0.143 0.100 0.020 0.042 0.022 0.167 0.100 0.083 0.022 0.013 0.036 0.022 0.009 0.033 0.014 0.033 0.022 0.008 0.022 0.015 0.050 0.020 0.011 0.031 0.033 0.022 0.021 0.022 0.021 0.024 0.014 0.011 
