>Sequence
Normalized_weight: 0.027
D     S     L     I     Y     L     L     Q     P     G     K     H     R     L     H     V     D     T     G     -     -     -     M     E     G     S     W     C     G     L     I     P     V     G     Q     P     C     N     Q     V     T     T     T     G     L     K     W     N     L     T     N     D     V     L     G     F     G     T     -     L     V     S     T     S     N     T     Y     D     G     S     G     L     V     T     V     E     T     D     H     P     L     L     W     T     M     A     I     K     S     -     -     -     -     -     -     -     
0.033 0.022 0.013 0.024 0.062 0.016 0.017 0.050 0.016 0.013 0.015 0.014 0.033 0.050 0.013 0.017 0.028 0.042 0.037 0.012 0.016 0.012 0.025 0.014 0.010 0.062 0.022 0.015 0.017 0.024 0.014 0.022 0.029 0.012 0.020 0.015 0.024 0.050 0.042 0.020 0.012 0.017 0.022 0.022 0.024 0.015 0.018 0.033 0.023 0.050 0.013 0.062 0.038 0.022 0.071 0.013 0.010 0.042 0.025 0.014 0.022 0.022 0.016 0.016 0.022 0.028 0.042 0.050 0.025 0.031 0.056 0.083 0.018 0.013 0.018 0.016 0.014 0.012 0.042 0.028 0.023 0.021 0.017 0.017 0.029 0.024 0.042 0.025 0.125 0.022 0.022 0.022 0.022 0.022 0.022 0.022 
>Sequence
Normalized_weight: 0.091
T     D     L     I     F     L     I     K     K     N     G     T     L     I     E     Y     D     P     Q     F     R     N     T     C     I     G     N     C     G     L     L     P     I     G     E     A     T     L     V     K     E     T     R     G     L     K     W     D     V     K     N     W     P     T     S     V     V     T     G     R     V     S     S     S     N     R     F     V     G     D     N     C     C     F     I     D     T     K     D     D     I     I     L     N     V     E     I     F     V     D     K     L     I     D     F     L     
0.083 0.100 0.013 0.024 0.014 0.016 0.250 0.018 0.062 0.200 0.045 0.100 0.100 0.017 0.100 0.100 0.028 0.042 0.111 0.250 0.167 0.250 0.100 0.083 0.050 0.042 0.111 0.015 0.017 0.024 0.029 0.022 0.017 0.012 0.029 0.056 0.083 0.050 0.042 0.036 0.071 0.017 0.056 0.022 0.024 0.015 0.018 0.028 0.028 0.025 0.013 0.014 0.015 0.022 0.024 0.100 0.143 0.042 0.125 0.029 0.022 0.022 0.042 0.016 0.022 0.056 0.083 0.033 0.025 0.031 0.028 0.028 0.083 0.033 0.036 0.042 0.014 0.083 0.042 0.014 0.050 0.025 0.083 0.062 0.029 0.024 0.042 0.200 0.250 0.500 0.500 0.500 0.500 0.500 0.500 0.500 
>Sequence
Normalized_weight: 0.027
E     S     L     I     Y     L     L     Q     P     G     K     H     R     L     H     V     D     T     G     -     -     -     M     E     G     D     W     C     G     L     I     P     V     G     Q     P     C     M     Q     V     T     T     T     G     L     K     W     N     L     T     N     D     V     L     A     F     G     T     -     L     V     S     T     S     N     T     Y     D     G     S     G     V     V     T     V     E     T     D     H     P     L     L     W     T     M     A     I     K     S     -     -     -     -     -     -     -     
0.042 0.022 0.013 0.024 0.062 0.016 0.017 0.050 0.016 0.013 0.015 0.014 0.033 0.050 0.013 0.017 0.028 0.042 0.037 0.012 0.016 0.012 0.025 0.014 0.010 0.062 0.022 0.015 0.017 0.024 0.014 0.022 0.029 0.012 0.020 0.015 0.024 0.100 0.042 0.020 0.012 0.017 0.022 0.022 0.024 0.015 0.018 0.033 0.023 0.050 0.013 0.062 0.038 0.022 0.071 0.013 0.010 0.042 0.025 0.014 0.022 0.022 0.016 0.016 0.022 0.028 0.042 0.050 0.025 0.031 0.056 0.028 0.018 0.013 0.018 0.016 0.014 0.012 0.042 0.028 0.023 0.021 0.017 0.017 0.029 0.024 0.042 0.025 0.125 0.022 0.022 0.022 0.022 0.022 0.022 0.022 
>Sequence
Normalized_weight: 0.026
D     C     L     I     Q     L     L     K     T     H     R     H     E     I     H     I     H     S     S     -     -     -     L     Q     G     P     H     C     G     L     I     P     I     G     T     P     S     A     N     T     T     T     S     G     L     K     W     D     L     S     N     T     E     M     R     F     G     G     -     L     I     S     T     S     N     L     V     K     E     -     E     I     I     T     V     E     S     D     S     D     L     L     W     T     I     S     I     K     -     -     -     -     -     -     -     -     
0.033 0.067 0.013 0.024 0.062 0.016 0.017 0.018 0.025 0.050 0.045 0.014 0.020 0.017 0.013 0.029 0.111 0.021 0.022 0.012 0.016 0.012 0.017 0.083 0.010 0.031 0.012 0.015 0.017 0.024 0.014 0.022 0.017 0.012 0.071 0.015 0.033 0.025 0.042 0.029 0.012 0.017 0.028 0.022 0.024 0.015 0.018 0.028 0.023 0.033 0.013 0.042 0.038 0.050 0.048 0.013 0.010 0.014 0.025 0.014 0.020 0.022 0.016 0.016 0.022 0.037 0.021 0.050 0.025 0.042 0.016 0.028 0.042 0.013 0.018 0.016 0.024 0.012 0.021 0.014 0.023 0.021 0.017 0.017 0.014 0.033 0.042 0.025 0.015 0.022 0.022 0.022 0.022 0.022 0.022 0.022 
>Sequence
Normalized_weight: 0.027
D     C     L     I     Q     L     L     K     T     H     R     H     E     I     H     I     Q     S     S     -     -     -     L     E     G     P     H     C     G     L     I     P     I     G     T     P     S     A     K     T     T     T     S     G     L     Q     W     D     L     S     N     T     E     M     R     F     G     G     -     L     I     S     T     S     N     L     V     K     E     E     K     -     I     T     V     E     S     D     S     D     L     L     W     T     I     S     I     K     -     -     -     -     -     -     -     -     
0.033 0.067 0.013 0.024 0.062 0.016 0.017 0.018 0.025 0.050 0.045 0.014 0.020 0.017 0.013 0.029 0.111 0.021 0.022 0.012 0.016 0.012 0.017 0.014 0.010 0.031 0.012 0.015 0.017 0.024 0.014 0.022 0.017 0.012 0.071 0.015 0.033 0.025 0.042 0.029 0.012 0.017 0.028 0.022 0.024 0.200 0.018 0.028 0.023 0.033 0.013 0.042 0.038 0.050 0.048 0.013 0.010 0.014 0.025 0.014 0.020 0.022 0.016 0.016 0.022 0.037 0.021 0.050 0.025 0.031 0.037 0.021 0.042 0.013 0.018 0.016 0.024 0.012 0.021 0.014 0.023 0.021 0.017 0.017 0.014 0.033 0.042 0.025 0.015 0.022 0.022 0.022 0.022 0.022 0.022 0.022 
>Sequence
Normalized_weight: 0.032
D     C     L     I     R     L     L     K     T     H     K     H     E     I     Y     I     E     S     S     -     -     -     V     E     G     P     H     C     G     L     F     P     V     G     A     P     S     G     S     T     T     T     T     G     L     K     W     N     L     S     E     A     K     M     R     F     G     S     -     M     I     S     T     S     N     I     V     H     A     E     K     -     V     T     V     Q     S     D     A     D     L     L     W     T     I     S     L     R     N     -     -     -     -     -     -     -     
0.033 0.067 0.013 0.024 0.125 0.016 0.017 0.018 0.025 0.050 0.015 0.014 0.020 0.017 0.100 0.029 0.022 0.021 0.022 0.012 0.016 0.012 0.033 0.014 0.010 0.031 0.012 0.015 0.017 0.024 0.200 0.022 0.029 0.012 0.143 0.015 0.033 0.100 0.062 0.029 0.012 0.017 0.022 0.022 0.024 0.015 0.018 0.033 0.023 0.033 0.048 0.062 0.026 0.050 0.048 0.013 0.010 0.056 0.025 0.071 0.020 0.022 0.016 0.016 0.022 0.037 0.021 0.100 0.031 0.031 0.037 0.021 0.018 0.013 0.018 0.042 0.024 0.012 0.028 0.014 0.023 0.021 0.017 0.017 0.014 0.033 0.019 0.050 0.062 0.022 0.022 0.022 0.022 0.022 0.022 0.022 
>Sequence
Normalized_weight: 0.030
-     -     -     -     -     -     -     K     T     H     S     H     E     I     H     I     E     R     S     -     -     -     I     E     G     P     H     C     G     L     I     P     M     G     S     P     S     A     S     T     T     T     T     G     L     R     W     N     L     D     N     T     S     M     S     Y     G     G     -     L     I     S     T     S     N     I     V     -     E     E     E     T     V     R     I     T     S     D     S     D     L     I     W     T     I     S     L     R     N     -     -     -     -     -     -     -     
0.019 0.040 0.033 0.033 0.025 0.050 0.050 0.018 0.025 0.050 0.091 0.014 0.020 0.017 0.013 0.029 0.022 0.028 0.022 0.012 0.016 0.012 0.100 0.014 0.010 0.031 0.012 0.015 0.017 0.024 0.014 0.022 0.200 0.012 0.071 0.015 0.033 0.025 0.062 0.029 0.012 0.017 0.022 0.022 0.024 0.100 0.018 0.033 0.023 0.050 0.013 0.042 0.077 0.050 0.024 0.100 0.010 0.014 0.025 0.014 0.020 0.022 0.016 0.016 0.022 0.037 0.021 0.025 0.025 0.031 0.016 0.042 0.018 0.033 0.036 0.031 0.024 0.012 0.021 0.014 0.023 0.025 0.017 0.017 0.014 0.033 0.019 0.050 0.062 0.022 0.022 0.022 0.022 0.022 0.022 0.022 
>Sequence
Normalized_weight: 0.023
E     S     L     T     F     L     L     K     P     G     K     H     N     I     L     V     P     A     G     -     -     -     L     F     G     K     H     V     G     I     I     P     I     K     G     P     A     -     I     I     S     T     K     G     L     E     W     D     V     K     E     W     K     T     E     F     G     G     -     R     I     S     T     S     N     L     L     P     E     T     E     V     V     E     V     E     T     D     K     D     V     I     F     T     I     A     L     K     -     -     -     -     -     -     -     -     
0.042 0.022 0.013 0.033 0.014 0.016 0.017 0.018 0.016 0.013 0.015 0.014 0.033 0.017 0.100 0.017 0.022 0.083 0.037 0.012 0.016 0.012 0.017 0.017 0.010 0.014 0.012 0.062 0.017 0.042 0.014 0.022 0.017 0.033 0.024 0.015 0.028 0.014 0.021 0.029 0.048 0.017 0.019 0.022 0.024 0.029 0.018 0.028 0.028 0.025 0.048 0.014 0.026 0.022 0.018 0.013 0.010 0.014 0.025 0.029 0.020 0.022 0.016 0.016 0.022 0.037 0.033 0.025 0.025 0.021 0.016 0.028 0.018 0.050 0.018 0.016 0.014 0.012 0.017 0.014 0.036 0.025 0.019 0.017 0.014 0.024 0.019 0.025 0.015 0.022 0.022 0.022 0.022 0.022 0.022 0.022 
>Sequence
Normalized_weight: 0.037
D     S     V     T     W     L     L     R     P     G     K     H     T     I     Q     V     P     V     D     -     -     -     L     V     T     S     W     C     S     L     M     P     V     G     S     S     A     H     N     V     T     T     T     G     L     K     W     N     L     Y     H     A     Q     L     E     F     G     G     -     M     V     S     T     S     N     T     Y     -     A     T     E     F     V     Q     V     E     T     D     A     N     L     I     W     S     M     -     -     -     -     -     -     -     -     -     -     -     
0.033 0.022 0.083 0.033 0.062 0.016 0.017 0.100 0.016 0.013 0.015 0.014 0.025 0.017 0.025 0.017 0.022 0.083 0.022 0.012 0.016 0.012 0.017 0.083 0.033 0.062 0.022 0.015 0.167 0.024 0.200 0.022 0.029 0.012 0.071 0.056 0.028 0.100 0.042 0.020 0.012 0.017 0.022 0.022 0.024 0.015 0.018 0.033 0.023 0.100 0.143 0.062 0.038 0.022 0.018 0.013 0.010 0.014 0.025 0.071 0.022 0.022 0.016 0.016 0.022 0.028 0.042 0.025 0.031 0.021 0.016 0.083 0.018 0.100 0.018 0.016 0.014 0.012 0.028 0.167 0.023 0.025 0.017 0.062 0.029 0.056 0.062 0.020 0.015 0.022 0.022 0.022 0.022 0.022 0.022 0.022 
>Sequence
Normalized_weight: 0.030
E     S     L     T     F     L     L     K     S     G     T     H     R     I     R     V     E     K     D     -     -     -     V     F     A     K     W     V     G     I     L     P     V     K     E     P     S     -     R     I     W     T     K     G     L     E     W     D     V     E     D     W     P     T     E     F     G     G     -     Q     V     S     T     S     N     V     L     P     E     T     E     V     V     E     V     R     A     T     K     D     V     L     F     T     I     A     L     R     -     -     -     -     -     -     -     -     
0.042 0.022 0.013 0.033 0.014 0.016 0.017 0.018 0.125 0.013 0.023 0.014 0.033 0.017 0.100 0.017 0.022 0.083 0.022 0.012 0.016 0.012 0.033 0.017 0.100 0.014 0.022 0.062 0.017 0.042 0.029 0.022 0.029 0.033 0.029 0.015 0.033 0.014 0.042 0.029 0.071 0.017 0.019 0.022 0.024 0.029 0.018 0.028 0.028 0.017 0.036 0.014 0.015 0.022 0.018 0.013 0.010 0.014 0.025 0.071 0.022 0.022 0.016 0.016 0.022 0.056 0.033 0.025 0.025 0.021 0.016 0.028 0.018 0.050 0.018 0.125 0.083 0.083 0.017 0.014 0.036 0.021 0.019 0.017 0.014 0.024 0.019 0.050 0.015 0.022 0.022 0.022 0.022 0.022 0.022 0.022 
>Sequence
Normalized_weight: 0.030
-     S     L     T     F     L     L     K     A     G     T     H     H     I     Q     V     E     E     D     -     -     -     A     F     G     K     H     I     G     I     I     P     L     K     E     -     A     A     N     I     T     T     K     G     F     E     W     D     V     E     D     W     H     T     E     I     G     G     -     K     L     S     T     S     N     I     L     P     D     S     Q     I     V     T     V     T     T     N     K     D     V     L     F     T     V     A     L     K     -     -     -     -     -     -     -     -     
0.019 0.022 0.013 0.033 0.014 0.016 0.017 0.018 0.042 0.013 0.023 0.014 0.050 0.017 0.025 0.017 0.022 0.042 0.022 0.012 0.016 0.012 0.033 0.017 0.010 0.014 0.012 0.125 0.017 0.042 0.014 0.022 0.067 0.033 0.029 0.167 0.028 0.025 0.042 0.029 0.012 0.017 0.019 0.022 0.167 0.029 0.018 0.028 0.028 0.017 0.036 0.014 0.038 0.022 0.018 0.050 0.010 0.014 0.025 0.071 0.067 0.022 0.016 0.016 0.022 0.037 0.033 0.025 0.125 0.031 0.111 0.028 0.018 0.013 0.018 0.031 0.014 0.042 0.017 0.014 0.036 0.021 0.019 0.017 0.029 0.024 0.019 0.025 0.015 0.022 0.022 0.022 0.022 0.022 0.022 0.022 
>Sequence
Normalized_weight: 0.040
N     N     F     I     F     L     L     K     K     G     N     H     V     I     Q     I     N     L     N     -     -     -     A     F     Q     K     G     C     A     L     L     P     I     G     G     K     C     -     K     V     K     T     E     G     L     K     Y     N     L     N     Y     E     Y     L     S     F     D     S     -     L     I     S     S     S     N     E     I     I     Q     N     E     -     I     K     I     S     N     D     T     P     L     I     W     N     S     Q     L     K     N     -     -     -     -     -     -     -     
0.056 0.040 0.083 0.024 0.014 0.016 0.017 0.018 0.062 0.013 0.091 0.014 0.100 0.017 0.025 0.029 0.028 0.021 0.056 0.012 0.016 0.012 0.033 0.017 0.100 0.014 0.111 0.015 0.167 0.024 0.029 0.022 0.017 0.012 0.024 0.033 0.024 0.014 0.042 0.020 0.048 0.017 0.037 0.022 0.024 0.015 0.083 0.033 0.023 0.033 0.071 0.062 0.038 0.022 0.024 0.013 0.071 0.056 0.025 0.014 0.020 0.022 0.042 0.016 0.022 0.028 0.042 0.050 0.062 0.125 0.016 0.021 0.042 0.050 0.036 0.042 0.167 0.012 0.083 0.028 0.023 0.025 0.017 0.062 0.143 0.167 0.019 0.025 0.062 0.022 0.022 0.022 0.022 0.022 0.022 0.022 
>Sequence
Normalized_weight: 0.042
N     N     F     L     F     L     L     K     E     G     K     H     I     I     N     I     N     P     N     -     -     -     V     F     E     K     T     C     A     L     L     P     I     G     N     K     C     -     K     I     K     T     E     G     L     K     Y     N     L     N     Y     E     Y     L     S     F     D     K     -     L     I     S     S     S     N     E     I     I     Q     T     -     C     I     K     I     S     T     D     F     P     I     L     Y     N     C     Y     L     K     -     -     -     -     -     -     -     -     
0.056 0.040 0.083 0.083 0.014 0.016 0.017 0.018 0.125 0.013 0.015 0.014 0.100 0.017 0.100 0.029 0.028 0.042 0.056 0.012 0.016 0.012 0.033 0.017 0.100 0.014 0.111 0.015 0.167 0.024 0.029 0.022 0.017 0.012 0.143 0.033 0.024 0.014 0.042 0.029 0.048 0.017 0.037 0.022 0.024 0.015 0.083 0.033 0.023 0.033 0.071 0.062 0.038 0.022 0.024 0.013 0.071 0.056 0.025 0.014 0.020 0.022 0.042 0.016 0.022 0.028 0.042 0.050 0.062 0.021 0.056 0.028 0.042 0.050 0.036 0.042 0.014 0.012 0.083 0.028 0.050 0.021 0.167 0.062 0.143 0.167 0.019 0.025 0.015 0.022 0.022 0.022 0.022 0.022 0.022 0.022 
>Sequence
Normalized_weight: 0.041
N     S     L     S     W     L     V     R     P     G     E     H     T     I     D     I     P     Q     R     -     -     -     L     E     R     I     W     C     S     L     V     P     I     G     Q     G     C     -     Q     C     T     T     D     G     L     R     W     N     L     D     G     R     P     L     Q     F     G     S     -     I     V     S     T     S     N     T     Y     -     A     T     N     R     V     R     I     T     T     D     G     P     L     L     W     S     M     -     -     -     -     -     -     -     -     -     -     -     
0.056 0.022 0.013 0.056 0.062 0.016 0.083 0.100 0.016 0.013 0.091 0.014 0.025 0.017 0.033 0.029 0.022 0.083 0.111 0.012 0.016 0.012 0.017 0.014 0.100 0.125 0.022 0.015 0.167 0.024 0.200 0.022 0.017 0.012 0.020 0.167 0.024 0.014 0.042 0.143 0.012 0.017 0.111 0.022 0.024 0.100 0.018 0.033 0.023 0.050 0.071 0.062 0.015 0.022 0.071 0.013 0.010 0.056 0.025 0.071 0.022 0.022 0.016 0.016 0.022 0.028 0.042 0.025 0.031 0.021 0.028 0.083 0.018 0.033 0.036 0.031 0.014 0.012 0.042 0.028 0.023 0.021 0.017 0.062 0.029 0.056 0.062 0.020 0.015 0.022 0.022 0.022 0.022 0.022 0.022 0.022 
>Sequence
Normalized_weight: 0.041
-     N     M     V     L     A     L     P     Q     G     T     S     E     I     H     V     E     L     E     -     -     -     K     T     S     K     M     C     G     V     I     P     I     T     Q     K     E     T     I     V     T     S     K     G     L     K     Y     E     M     A     N     L     P     L     A     F     G     K     -     L     I     S     T     S     N     E     V     T     -     I     N     Q     I     S     L     Q     S     T     A     P     L     I     F     T     I     E     L     -     -     -     -     -     -     -     -     -     
0.019 0.040 0.167 0.083 0.062 0.125 0.017 0.067 0.125 0.013 0.023 0.067 0.020 0.017 0.013 0.017 0.022 0.021 0.028 0.012 0.016 0.012 0.100 0.028 0.100 0.014 0.037 0.015 0.017 0.167 0.014 0.022 0.017 0.167 0.020 0.033 0.056 0.025 0.021 0.020 0.012 0.111 0.019 0.022 0.024 0.015 0.083 0.167 0.083 0.100 0.013 0.042 0.015 0.022 0.071 0.013 0.010 0.056 0.025 0.014 0.020 0.022 0.016 0.016 0.022 0.028 0.021 0.033 0.031 0.125 0.028 0.028 0.042 0.100 0.125 0.042 0.024 0.083 0.028 0.028 0.023 0.025 0.019 0.017 0.014 0.024 0.019 0.020 0.015 0.022 0.022 0.022 0.022 0.022 0.022 0.022 
>Sequence
Normalized_weight: 0.051
-     N     V     S     T     L     L     Q     P     G     I     N     -     -     H     V     D     C     H     -     -     -     D     N     G     L     H     C     G     L     L     P     V     G     Q     S     V     Y     V     K     K     T     S     G     L     E     W     N     I     E     D     R     I     C     Q     F     G     G     -     L     V     S     S     C     N     V     V     T     -     K     A     T     V     T     I     E     V     N     N     F     I     V     W     T     M     E     T     R     -     -     -     -     -     -     -     -     
0.019 0.040 0.083 0.056 0.125 0.016 0.017 0.050 0.016 0.013 0.091 0.100 0.033 0.083 0.013 0.017 0.028 0.083 0.111 0.012 0.016 0.012 0.050 0.083 0.010 0.125 0.012 0.015 0.017 0.024 0.029 0.022 0.029 0.012 0.020 0.056 0.167 0.100 0.042 0.036 0.048 0.017 0.028 0.022 0.024 0.029 0.018 0.033 0.250 0.017 0.036 0.062 0.077 0.200 0.071 0.013 0.010 0.014 0.025 0.014 0.022 0.022 0.042 0.167 0.022 0.056 0.021 0.033 0.031 0.125 0.111 0.042 0.018 0.013 0.036 0.016 0.167 0.042 0.083 0.083 0.050 0.250 0.017 0.017 0.029 0.024 0.250 0.050 0.015 0.022 0.022 0.022 0.022 0.022 0.022 0.022 
>Sequence
Normalized_weight: 0.038
-     -     -     -     -     -     -     -     P     G     D     S     N     L     D     V     N     L     E     -     -     -     M     T     T     K     M     C     G     I     I     P     I     V     Q     K     E     T     I     V     S     S     I     G     L     K     Y     E     M     E     N     L     A     L     E     F     G     K     -     L     I     S     T     S     N     E     V     T     -     T     S     Q     V     F     L     K     S     S     S     S     L     I     F     S     I     E     L     E     N     -     -     -     -     -     -     -     
0.019 0.040 0.033 0.033 0.025 0.050 0.050 0.050 0.016 0.013 0.045 0.067 0.033 0.050 0.033 0.017 0.028 0.021 0.028 0.012 0.016 0.012 0.025 0.028 0.033 0.014 0.037 0.015 0.017 0.042 0.014 0.022 0.017 0.083 0.020 0.033 0.056 0.025 0.021 0.020 0.048 0.111 0.111 0.022 0.024 0.015 0.083 0.167 0.083 0.017 0.013 0.042 0.077 0.022 0.018 0.013 0.010 0.056 0.025 0.014 0.020 0.022 0.016 0.016 0.022 0.028 0.021 0.033 0.031 0.021 0.056 0.028 0.018 0.033 0.125 0.125 0.024 0.167 0.021 0.083 0.023 0.025 0.019 0.062 0.014 0.024 0.019 0.200 0.062 0.022 0.022 0.022 0.022 0.022 0.022 0.022 
>Sequence
Normalized_weight: 0.037
E     S     I     S     F     V     L     Q     P     G     Q     N     T     I     H     V     P     R     E     -     -     -     E     H     G     K     H     V     G     I     I     P     V     S     G     P     A     -     R     I     T     T     S     G     F     E     W     D     V     Q     N     W     Q     T     E     I     G     G     -     Q     L     S     T     S     N     H     I     R     A     -     E     I     V     T     V     Q     T     N     V     S     V     L     F     T     V     E     L     -     -     -     -     -     -     -     -     -     
0.042 0.022 0.167 0.056 0.014 0.250 0.017 0.050 0.016 0.013 0.091 0.100 0.025 0.017 0.013 0.017 0.022 0.028 0.028 0.012 0.016 0.012 0.100 0.083 0.010 0.014 0.012 0.062 0.017 0.042 0.014 0.022 0.029 0.167 0.024 0.015 0.028 0.014 0.042 0.029 0.012 0.017 0.028 0.022 0.167 0.029 0.018 0.028 0.028 0.100 0.013 0.014 0.038 0.022 0.018 0.050 0.010 0.014 0.025 0.071 0.067 0.022 0.016 0.016 0.022 0.037 0.042 0.100 0.031 0.042 0.016 0.028 0.018 0.013 0.018 0.042 0.014 0.042 0.083 0.083 0.036 0.021 0.019 0.017 0.029 0.024 0.019 0.020 0.015 0.022 0.022 0.022 0.022 0.022 0.022 0.022 
>Sequence
Normalized_weight: 0.038
-     -     -     -     -     -     -     -     -     -     -     -     -     -     -     -     -     -     -     -     -     -     -     -     -     -     -     C     G     L     L     P     I     G     E     A     T     L     V     K     E     T     R     G     L     K     W     D     V     K     N     W     P     T     S     V     T     G     -     R     V     S     S     S     N     R     F     V     G     D     N     C     C     F     I     D     T     K     D     D     I     I     L     N     V     E     I     -     -     -     -     -     -     -     -     -     
0.019 0.040 0.033 0.033 0.025 0.050 0.050 0.050 0.042 0.067 0.030 0.067 0.033 0.083 0.050 0.100 0.056 0.042 0.056 0.012 0.016 0.012 0.050 0.042 0.050 0.062 0.056 0.015 0.017 0.024 0.029 0.022 0.017 0.012 0.029 0.056 0.083 0.050 0.042 0.036 0.071 0.017 0.056 0.022 0.024 0.015 0.018 0.028 0.028 0.025 0.013 0.014 0.015 0.022 0.024 0.100 0.143 0.014 0.025 0.029 0.022 0.022 0.042 0.016 0.022 0.056 0.083 0.033 0.025 0.031 0.028 0.028 0.083 0.033 0.036 0.042 0.014 0.083 0.042 0.014 0.050 0.025 0.083 0.062 0.029 0.024 0.042 0.020 0.015 0.022 0.022 0.022 0.022 0.022 0.022 0.022 
>Sequence
Normalized_weight: 0.057
-     -     -     -     -     -     -     -     -     -     -     -     T     L     S     L     P     R     S     -     -     -     L     K     I     D     A     V     G     V     I     A     H     N     G     P     C     -     R     V     W     S     E     G     L     K     W     D     M     N     G     L     L     L     G     Y     E     T     -     I     Q     S     G     C     N     -     V     P     L     S     K     S     V     R     V     S     S     D     G     F     V     I     F     T     L     S     -     -     -     -     -     -     -     -     -     -     
0.019 0.040 0.033 0.033 0.025 0.050 0.050 0.050 0.042 0.067 0.030 0.067 0.025 0.050 0.050 0.200 0.022 0.028 0.022 0.012 0.016 0.012 0.017 0.083 0.050 0.062 0.111 0.062 0.017 0.167 0.014 0.500 0.200 0.167 0.024 0.015 0.024 0.014 0.042 0.020 0.071 0.111 0.037 0.022 0.024 0.015 0.018 0.028 0.083 0.033 0.071 0.042 0.077 0.022 0.071 0.100 0.143 0.042 0.025 0.071 0.200 0.022 0.250 0.167 0.022 0.056 0.021 0.025 0.125 0.031 0.037 0.083 0.018 0.033 0.018 0.042 0.024 0.012 0.042 0.083 0.036 0.025 0.019 0.017 0.143 0.033 0.062 0.020 0.015 0.022 0.022 0.022 0.022 0.022 0.022 0.022 
>Sequence
Normalized_weight: 0.094
-     N     L     V     L     A     V     P     T     G     D     S     N     L     D     V     N     L     E     -     -     -     M     T     T     K     M     C     G     I     I     P     I     V     Q     K     E     T     I     K     T     -     -     -     L     L     L     N     L     E     N     -     -     -     -     -     -     -     -     -     -     -     -     -     -     -     -     -     -     -     -     -     -     -     -     -     -     -     -     -     -     -     -     -     -     -     -     -     -     -     -     -     -     -     -     -     
0.019 0.040 0.013 0.083 0.062 0.125 0.083 0.067 0.025 0.013 0.045 0.067 0.033 0.050 0.033 0.017 0.028 0.021 0.028 0.012 0.016 0.012 0.025 0.028 0.033 0.014 0.037 0.015 0.017 0.042 0.014 0.022 0.017 0.083 0.020 0.033 0.056 0.025 0.021 0.036 0.012 0.333 0.111 0.500 0.024 0.200 0.333 0.033 0.023 0.017 0.013 0.125 0.077 0.200 0.143 0.200 0.048 0.167 0.025 0.143 0.200 0.500 0.250 0.333 0.500 0.056 0.167 0.025 0.031 0.042 0.056 0.021 0.250 0.100 0.250 0.125 0.167 0.167 0.083 0.167 0.250 0.250 0.167 0.250 0.143 0.056 0.062 0.020 0.015 0.022 0.022 0.022 0.022 0.022 0.022 0.022 
>Sequence
Normalized_weight: 0.061
T     D     L     L     F     L     V     P     A     D     G     T     C     V     S     Y     T     S     D     M     R     A     A     M     F     G     C     C     G     L     L     P     L     G     G     S     C     T     L     R     R     T     Y     G     L     K     W     D     V     C     A     W     D     T     S     I     A     A     G     R     V     S     S     S     N     Y     L     V     G     D     T     G     C     Y     V     D     A     D     R     D     I     L     M     S     I     E     L     -     -     -     -     -     -     -     -     -     
0.083 0.100 0.013 0.083 0.014 0.016 0.083 0.067 0.042 0.200 0.045 0.100 0.100 0.250 0.050 0.100 0.111 0.021 0.022 0.250 0.167 0.250 0.033 0.083 0.050 0.042 0.111 0.015 0.017 0.024 0.029 0.022 0.067 0.012 0.024 0.056 0.024 0.025 0.125 0.143 0.143 0.017 0.111 0.022 0.024 0.015 0.018 0.028 0.028 0.100 0.143 0.014 0.077 0.022 0.024 0.050 0.143 0.167 0.125 0.029 0.022 0.022 0.042 0.016 0.022 0.111 0.033 0.033 0.025 0.031 0.056 0.083 0.083 0.100 0.018 0.042 0.083 0.012 0.083 0.014 0.050 0.021 0.167 0.062 0.014 0.024 0.019 0.020 0.015 0.022 0.022 0.022 0.022 0.022 0.022 0.022 
>Sequence
Normalized_weight: 0.037
-     -     -     -     -     -     -     -     -     -     -     -     -     -     -     -     -     -     -     -     -     -     -     -     -     -     -     -     G     I     I     P     I     K     G     P     A     I     I     -     S     T     K     G     L     E     W     D     V     K     E     W     K     T     E     F     -     G     G     R     I     S     T     S     N     H     L     L     P     E     T     E     V     V     V     E     T     D     K     D     V     I     F     T     I     A     L     -     -     -     -     -     -     -     -     -     
0.019 0.040 0.033 0.033 0.025 0.050 0.050 0.050 0.042 0.067 0.030 0.067 0.033 0.083 0.050 0.100 0.056 0.042 0.056 0.012 0.016 0.012 0.050 0.042 0.050 0.062 0.056 0.250 0.017 0.042 0.014 0.022 0.017 0.033 0.024 0.015 0.028 0.100 0.021 0.143 0.048 0.017 0.019 0.022 0.024 0.029 0.018 0.028 0.028 0.025 0.048 0.014 0.026 0.022 0.018 0.013 0.048 0.014 0.125 0.029 0.020 0.022 0.016 0.016 0.022 0.037 0.033 0.050 0.062 0.031 0.056 0.083 0.018 0.050 0.018 0.016 0.014 0.012 0.017 0.014 0.036 0.025 0.019 0.017 0.014 0.024 0.019 0.020 0.015 0.022 0.022 0.022 0.022 0.022 0.022 0.022 
>Sequence
Normalized_weight: 0.044
S     S     L     T     F     L     L     K     A     G     T     H     H     I     Q     V     R     E     D     G     E     E     D     A     F     G     H     I     G     I     I     P     L     K     E     A     A     N     I     T     -     T     K     G     F     E     W     D     V     E     D     W     H     T     E     I     -     G     G     K     L     S     T     S     N     H     I     L     P     D     S     Q     I     V     V     T     T     N     K     D     V     L     F     T     V     A     L     -     -     -     -     -     -     -     -     -     
0.167 0.022 0.013 0.033 0.014 0.016 0.017 0.018 0.042 0.013 0.023 0.014 0.050 0.017 0.025 0.017 0.111 0.042 0.022 0.250 0.333 0.250 0.050 0.083 0.050 0.042 0.012 0.125 0.017 0.042 0.014 0.022 0.067 0.033 0.029 0.056 0.028 0.050 0.021 0.029 0.143 0.017 0.019 0.022 0.167 0.029 0.018 0.028 0.028 0.017 0.036 0.014 0.038 0.022 0.018 0.050 0.048 0.014 0.125 0.071 0.067 0.022 0.016 0.016 0.022 0.037 0.042 0.050 0.062 0.031 0.056 0.028 0.042 0.050 0.018 0.031 0.014 0.042 0.017 0.014 0.036 0.021 0.019 0.017 0.029 0.024 0.019 0.020 0.015 0.022 0.022 0.022 0.022 0.022 0.022 0.022 
