>Sequence
Normalized_weight: 0.060
A     Q     H     D     E     A     Q     Q     N     A     F     Y     Q     V     L     N     M     P     N     L     N     A     D     Q     R     N     G     F     I     Q     S     L     K     D     D     P     S     Q     S     A     N     V     L     G     E     A     Q     K     L     N     D     S     Q     A     P     K     
0.167 0.167 0.111 0.083 0.083 0.083 0.024 0.033 0.023 0.062 0.033 0.033 0.125 0.125 0.033 0.048 0.071 0.033 0.033 0.033 0.038 0.111 0.067 0.062 0.024 0.033 0.030 0.033 0.062 0.024 0.033 0.062 0.024 0.033 0.033 0.062 0.024 0.021 0.033 0.022 0.028 0.036 0.024 0.042 0.033 0.048 0.333 0.071 0.062 0.048 0.056 0.083 0.048 0.048 0.062 0.071 
>Sequence
Normalized_weight: 0.054
-     -     -     -     -     D     Q     Q     S     A     F     Y     E     I     L     N     M     P     N     L     N     E     A     Q     R     N     G     F     I     Q     S     L     K     D     D     P     S     Q     S     T     N     V     L     G     E     A     K     K     L     N     E     S     Q     A     P     K     
0.038 0.038 0.056 0.167 0.167 0.083 0.024 0.033 0.083 0.062 0.033 0.033 0.042 0.042 0.033 0.048 0.071 0.033 0.033 0.033 0.038 0.028 0.200 0.062 0.024 0.033 0.030 0.033 0.062 0.024 0.033 0.062 0.024 0.033 0.033 0.062 0.024 0.021 0.033 0.067 0.028 0.036 0.024 0.042 0.033 0.048 0.056 0.071 0.062 0.048 0.167 0.083 0.048 0.048 0.062 0.071 
>Sequence
Normalized_weight: 0.038
-     -     F     N     K     E     Q     Q     N     A     F     Y     E     I     L     H     L     P     N     L     N     E     E     Q     R     N     G     F     I     Q     S     L     K     D     D     P     S     Q     S     A     N     L     L     A     E     -     -     -     -     -     -     -     -     -     -     -     
0.038 0.038 0.048 0.033 0.033 0.042 0.024 0.033 0.023 0.062 0.033 0.033 0.042 0.042 0.033 0.042 0.056 0.033 0.033 0.033 0.038 0.028 0.020 0.062 0.024 0.033 0.030 0.033 0.062 0.024 0.033 0.062 0.024 0.033 0.033 0.062 0.024 0.021 0.033 0.022 0.028 0.042 0.024 0.031 0.033 0.042 0.037 0.056 0.062 0.042 0.042 0.042 0.042 0.042 0.062 0.056 
>Sequence
Normalized_weight: 0.041
-     -     -     N     K     E     Q     Q     N     A     F     Y     E     I     L     N     M     P     N     L     N     E     E     Q     R     N     G     F     I     Q     S     L     K     D     D     P     S     Q     S     A     N     L     L     A     E     A     K     K     L     N     D     A     Q     A     P     K     
0.038 0.038 0.056 0.033 0.033 0.042 0.024 0.033 0.023 0.062 0.033 0.033 0.042 0.042 0.033 0.048 0.071 0.033 0.033 0.033 0.038 0.028 0.020 0.062 0.024 0.033 0.030 0.033 0.062 0.024 0.033 0.062 0.024 0.033 0.033 0.062 0.024 0.021 0.033 0.022 0.028 0.042 0.024 0.031 0.033 0.048 0.056 0.071 0.062 0.048 0.056 0.083 0.048 0.048 0.062 0.071 
>Sequence
Normalized_weight: 0.049
-     -     -     N     K     E     Q     Q     N     A     F     Y     E     I     L     H     L     P     N     L     T     E     E     Q     R     N     G     F     I     Q     S     L     K     D     D     P     S     V     S     K     E     I     L     A     E     A     K     K     L     N     D     A     Q     A     P     K     
0.038 0.038 0.056 0.033 0.033 0.042 0.024 0.033 0.023 0.062 0.033 0.033 0.042 0.042 0.033 0.042 0.056 0.033 0.033 0.033 0.167 0.028 0.020 0.062 0.024 0.033 0.030 0.033 0.062 0.024 0.033 0.062 0.024 0.033 0.033 0.062 0.024 0.125 0.033 0.100 0.111 0.125 0.024 0.031 0.033 0.048 0.056 0.071 0.062 0.048 0.056 0.083 0.048 0.048 0.062 0.071 
>Sequence
Normalized_weight: 0.050
A     Q     H     D     E     A     Q     Q     N     A     F     Y     E     I     L     H     L     P     N     L     N     E     E     Q     R     N     A     F     I     Q     S     L     K     D     D     P     S     Q     S     A     N     L     L     A     E     A     K     K     L     N     D     A     Q     A     P     K     
0.167 0.167 0.111 0.083 0.083 0.083 0.024 0.033 0.023 0.062 0.033 0.033 0.042 0.042 0.033 0.042 0.056 0.033 0.033 0.033 0.038 0.028 0.020 0.062 0.024 0.033 0.083 0.033 0.062 0.024 0.033 0.062 0.024 0.033 0.033 0.062 0.024 0.021 0.033 0.022 0.028 0.042 0.024 0.031 0.033 0.048 0.056 0.071 0.062 0.048 0.056 0.083 0.048 0.048 0.062 0.071 
>Sequence
Normalized_weight: 0.057
A     Q     H     D     E     A     Q     Q     N     A     F     Y     Q     V     L     N     M     P     N     L     N     A     D     Q     R     N     G     F     I     Q     S     L     K     D     D     P     S     Q     S     A     N     V     L     G     E     A     K     K     L     N     E     S     Q     A     P     K     
0.167 0.167 0.111 0.083 0.083 0.083 0.024 0.033 0.023 0.062 0.033 0.033 0.125 0.125 0.033 0.048 0.071 0.033 0.033 0.033 0.038 0.111 0.067 0.062 0.024 0.033 0.030 0.033 0.062 0.024 0.033 0.062 0.024 0.033 0.033 0.062 0.024 0.021 0.033 0.022 0.028 0.036 0.024 0.042 0.033 0.048 0.056 0.071 0.062 0.048 0.167 0.083 0.048 0.048 0.062 0.071 
>Sequence
Normalized_weight: 0.123
-     -     -     N     K     E     L     S     V     A     G     R     E     I     V     T     L     P     N     L     N     D     P     Q     K     K     A     F     I     F     S     L     W     D     D     P     S     Q     S     A     N     L     L     A     E     A     K     K     L     N     D     A     Q     A     P     K     
0.038 0.038 0.056 0.033 0.033 0.042 0.333 0.500 0.250 0.062 0.500 0.500 0.042 0.042 0.500 0.333 0.056 0.033 0.033 0.033 0.038 0.333 0.200 0.062 0.333 0.500 0.083 0.033 0.062 0.333 0.033 0.062 0.333 0.033 0.033 0.062 0.024 0.021 0.033 0.022 0.028 0.042 0.024 0.031 0.033 0.048 0.056 0.071 0.062 0.048 0.056 0.083 0.048 0.048 0.062 0.071 
>Sequence
Normalized_weight: 0.182
-     -     -     -     -     D     Q     Q     K     A     F     Y     Q     V     L     H     L     K     G     I     T     E     E     Q     R     N     Q     Y     I     K     T     L     R     E     H     P     E     R     A     Q     E     V     F     S     E     S     -     -     L     K     D     S     K     N     P     -     
0.038 0.038 0.056 0.167 0.167 0.083 0.024 0.033 0.250 0.062 0.033 0.033 0.125 0.125 0.033 0.042 0.056 0.500 0.500 0.500 0.167 0.028 0.020 0.062 0.024 0.033 0.333 0.500 0.062 0.333 0.500 0.062 0.333 0.500 0.500 0.062 0.333 0.250 0.500 0.200 0.111 0.036 0.333 0.250 0.033 0.333 0.037 0.056 0.062 0.333 0.056 0.083 0.333 0.333 0.062 0.056 
>Sequence
Normalized_weight: 0.039
-     -     F     N     K     E     Q     Q     N     A     F     Y     E     I     L     H     L     P     N     L     N     E     E     Q     R     N     A     F     I     Q     S     L     K     D     D     P     S     Q     S     A     N     L     L     A     E     -     -     -     -     -     -     -     -     -     -     -     
0.038 0.038 0.048 0.033 0.033 0.042 0.024 0.033 0.023 0.062 0.033 0.033 0.042 0.042 0.033 0.042 0.056 0.033 0.033 0.033 0.038 0.028 0.020 0.062 0.024 0.033 0.083 0.033 0.062 0.024 0.033 0.062 0.024 0.033 0.033 0.062 0.024 0.021 0.033 0.022 0.028 0.042 0.024 0.031 0.033 0.042 0.037 0.056 0.062 0.042 0.042 0.042 0.042 0.042 0.062 0.056 
>Sequence
Normalized_weight: 0.041
-     -     F     N     K     D     Q     Q     S     A     F     Y     E     I     L     N     M     P     N     L     N     E     E     Q     R     N     G     F     I     Q     S     L     K     D     D     P     S     Q     S     T     N     V     L     G     E     -     -     -     -     -     -     -     -     -     -     -     
0.038 0.038 0.048 0.033 0.033 0.083 0.024 0.033 0.083 0.062 0.033 0.033 0.042 0.042 0.033 0.048 0.071 0.033 0.033 0.033 0.038 0.028 0.020 0.062 0.024 0.033 0.030 0.033 0.062 0.024 0.033 0.062 0.024 0.033 0.033 0.062 0.024 0.021 0.033 0.067 0.028 0.036 0.024 0.042 0.033 0.042 0.037 0.056 0.062 0.042 0.042 0.042 0.042 0.042 0.062 0.056 
>Sequence
Normalized_weight: 0.044
-     -     F     N     K     E     Q     Q     N     A     F     Y     E     I     L     H     L     P     N     L     N     E     E     Q     R     N     G     F     I     Q     S     L     K     D     D     P     S     V     S     K     E     I     L     A     E     -     -     -     -     -     -     -     -     -     -     -     
0.038 0.038 0.048 0.033 0.033 0.042 0.024 0.033 0.023 0.062 0.033 0.033 0.042 0.042 0.033 0.042 0.056 0.033 0.033 0.033 0.038 0.028 0.020 0.062 0.024 0.033 0.030 0.033 0.062 0.024 0.033 0.062 0.024 0.033 0.033 0.062 0.024 0.125 0.033 0.100 0.111 0.125 0.024 0.031 0.033 0.042 0.037 0.056 0.062 0.042 0.042 0.042 0.042 0.042 0.062 0.056 
>Sequence
Normalized_weight: 0.045
-     -     F     N     K     E     Q     Q     N     A     F     Y     E     I     L     H     L     P     N     L     N     E     E     Q     Q     N     A     F     I     Q     S     L     K     D     D     P     S     Q     S     A     N     L     L     A     E     -     -     -     -     -     -     -     -     -     -     -     
0.038 0.038 0.048 0.033 0.033 0.042 0.024 0.033 0.023 0.062 0.033 0.033 0.042 0.042 0.033 0.042 0.056 0.033 0.033 0.033 0.038 0.028 0.020 0.062 0.333 0.033 0.083 0.033 0.062 0.024 0.033 0.062 0.024 0.033 0.033 0.062 0.024 0.021 0.033 0.022 0.028 0.042 0.024 0.031 0.033 0.042 0.037 0.056 0.062 0.042 0.042 0.042 0.042 0.042 0.062 0.056 
>Sequence
Normalized_weight: 0.080
-     -     F     N     K     E     Q     Q     N     A     F     Y     E     I     L     H     L     P     N     L     T     E     E     Q     R     N     G     F     I     Q     S     L     K     D     D     P     G     N     S     -     -     -     -     -     -     -     -     -     -     -     -     -     -     -     -     -     
0.038 0.038 0.048 0.033 0.033 0.042 0.024 0.033 0.023 0.062 0.033 0.033 0.042 0.042 0.033 0.042 0.056 0.033 0.033 0.033 0.167 0.028 0.020 0.062 0.024 0.033 0.030 0.033 0.062 0.024 0.033 0.062 0.024 0.033 0.033 0.062 0.333 0.250 0.033 0.200 0.333 0.250 0.333 0.250 0.500 0.042 0.037 0.056 0.062 0.042 0.042 0.042 0.042 0.042 0.062 0.056 
>Sequence
Normalized_weight: 0.045
-     -     F     N     K     D     Q     Q     S     A     F     Y     E     I     L     N     M     P     N     L     N     E     V     Q     R     N     G     F     I     Q     S     L     K     D     D     P     S     Q     S     T     N     V     L     G     E     -     -     -     -     -     -     -     -     -     -     -     
0.038 0.038 0.048 0.033 0.033 0.083 0.024 0.033 0.083 0.062 0.033 0.033 0.042 0.042 0.033 0.048 0.071 0.033 0.033 0.033 0.038 0.028 0.200 0.062 0.024 0.033 0.030 0.033 0.062 0.024 0.033 0.062 0.024 0.033 0.033 0.062 0.024 0.021 0.033 0.067 0.028 0.036 0.024 0.042 0.033 0.042 0.037 0.056 0.062 0.042 0.042 0.042 0.042 0.042 0.062 0.056 
>Sequence
Normalized_weight: 0.052
-     -     -     D     E     A     E     Q     N     A     F     Y     Q     V     L     N     M     P     N     L     N     A     D     Q     R     N     G     F     I     Q     S     L     K     D     D     P     S     Q     S     A     N     V     L     G     E     -     -     -     -     -     -     -     -     -     -     -     
0.038 0.038 0.056 0.083 0.083 0.083 0.333 0.033 0.023 0.062 0.033 0.033 0.125 0.125 0.033 0.048 0.071 0.033 0.033 0.033 0.038 0.111 0.067 0.062 0.024 0.033 0.030 0.033 0.062 0.024 0.033 0.062 0.024 0.033 0.033 0.062 0.024 0.021 0.033 0.022 0.028 0.036 0.024 0.042 0.033 0.042 0.037 0.056 0.062 0.042 0.042 0.042 0.042 0.042 0.062 0.056 
