>Sequence
Normalized_weight: 0.015
-     -     -     E     S     D     S     V     E     F     N     N     A     I     S     Y     V     N     K     I     K     T     R     F     L     D     H     P     E     I     Y     R     S     F     L     E     I     L     H     T     Y     Q     K     E     Q     L     H     T     K     -     -     -     G     R     P     F     R     G     M     S     E     E     E     V     F     T     E     V     A     N     L     F     R     G     Q     E     D     L     L     S     E     F     G     Q     F     L     P     E     A     K     R     
0.003 0.002 0.003 0.010 0.014 0.050 0.025 0.004 0.006 0.006 0.003 0.062 0.005 0.005 0.003 0.006 0.007 0.003 0.003 0.009 0.006 0.006 0.003 0.007 0.020 0.003 0.042 0.003 0.005 0.013 0.004 0.031 0.003 0.007 0.003 0.003 0.004 0.014 0.016 0.008 0.007 0.008 0.005 0.006 0.005 0.031 0.100 0.004 0.010 0.003 0.003 0.004 0.007 0.062 0.050 0.030 0.022 0.037 0.062 0.013 0.014 0.018 0.004 0.003 0.030 0.009 0.006 0.004 0.005 0.010 0.004 0.003 0.006 0.002 0.014 0.005 0.003 0.013 0.005 0.014 0.006 0.004 0.010 0.006 0.004 0.003 0.005 0.014 0.036 0.125 0.037 
>Sequence
Normalized_weight: 0.014
S     L     Q     N     N     Q     P     V     E     F     N     H     A     I     N     Y     V     N     K     I     K     N     R     F     Q     G     Q     P     D     I     Y     K     A     F     L     E     I     L     H     T     Y     Q     K     E     Q     R     N     A     K     E     A     G     G     N     Y     T     P     A     L     T     E     Q     E     V     Y     A     Q     V     A     R     L     F     K     N     Q     E     D     L     L     S     E     F     G     Q     F     L     P     D     A     -     -     
0.050 0.143 0.021 0.018 0.008 0.006 0.004 0.004 0.006 0.006 0.003 0.010 0.005 0.005 0.008 0.006 0.007 0.003 0.003 0.009 0.006 0.006 0.003 0.007 0.003 0.006 0.005 0.003 0.004 0.013 0.004 0.006 0.019 0.007 0.003 0.003 0.004 0.014 0.016 0.008 0.007 0.008 0.005 0.006 0.005 0.021 0.020 0.056 0.010 0.050 0.100 0.036 0.007 0.042 0.050 0.030 0.056 0.028 0.021 0.025 0.014 0.007 0.004 0.003 0.003 0.006 0.010 0.004 0.005 0.031 0.004 0.003 0.003 0.012 0.014 0.005 0.003 0.013 0.005 0.014 0.006 0.004 0.010 0.006 0.004 0.003 0.005 0.004 0.036 0.005 0.005 
>Sequence
Normalized_weight: 0.009
-     -     -     E     K     L     P     V     H     V     E     D     A     L     T     Y     L     D     Q     V     K     I     R     F     G     S     D     P     A     T     Y     N     G     F     L     E     I     M     K     E     F     K     S     Q     S     I     D     T     P     -     -     -     G     -     -     -     -     -     -     -     -     -     -     V     I     R     R     V     S     Q     L     F     H     E     H     P     D     L     I     V     G     F     N     A     F     L     P     L     G     Y     R     
0.003 0.002 0.003 0.010 0.007 0.100 0.004 0.004 0.028 0.010 0.005 0.003 0.005 0.004 0.008 0.006 0.005 0.005 0.005 0.006 0.006 0.026 0.003 0.007 0.009 0.008 0.006 0.003 0.030 0.033 0.004 0.005 0.038 0.007 0.003 0.003 0.004 0.012 0.003 0.011 0.007 0.005 0.008 0.008 0.008 0.007 0.005 0.004 0.006 0.003 0.003 0.004 0.007 0.002 0.001 0.001 0.002 0.002 0.003 0.003 0.002 0.002 0.004 0.003 0.003 0.021 0.004 0.004 0.004 0.006 0.004 0.003 0.013 0.022 0.002 0.002 0.003 0.013 0.005 0.012 0.004 0.004 0.003 0.012 0.004 0.003 0.005 0.083 0.010 0.013 0.037 
>Sequence
Normalized_weight: 0.014
-     -     -     E     S     D     S     V     E     F     N     N     A     I     S     Y     V     N     K     I     K     T     R     F     L     D     H     P     E     I     Y     R     S     F     L     E     I     L     H     T     Y     Q     K     E     Q     L     N     T     R     -     -     -     G     R     P     F     R     G     M     S     E     E     E     V     F     T     E     V     A     N     L     F     R     G     Q     E     D     L     L     S     E     F     G     Q     F     L     P     E     A     K     R     
0.003 0.002 0.003 0.010 0.014 0.050 0.025 0.004 0.006 0.006 0.003 0.062 0.005 0.005 0.003 0.006 0.007 0.003 0.003 0.009 0.006 0.006 0.003 0.007 0.020 0.003 0.042 0.003 0.005 0.013 0.004 0.031 0.003 0.007 0.003 0.003 0.004 0.014 0.016 0.008 0.007 0.008 0.005 0.006 0.005 0.031 0.020 0.004 0.038 0.003 0.003 0.004 0.007 0.062 0.050 0.030 0.022 0.037 0.062 0.013 0.014 0.018 0.004 0.003 0.030 0.009 0.006 0.004 0.005 0.010 0.004 0.003 0.006 0.002 0.014 0.005 0.003 0.013 0.005 0.014 0.006 0.004 0.010 0.006 0.004 0.003 0.005 0.014 0.036 0.125 0.037 
>Sequence
Normalized_weight: 0.006
-     -     -     Q     F     Q     R     L     K     V     E     D     A     L     S     Y     L     D     Q     V     K     L     Q     F     G     S     Q     P     Q     V     Y     N     D     F     L     D     I     M     K     E     F     K     S     Q     S     I     D     T     P     -     -     -     G     -     -     -     -     -     -     -     -     -     -     V     I     S     R     V     S     Q     L     F     K     G     H     P     D     L     I     M     G     F     N     T     F     L     P     P     G     Y     K     
0.003 0.002 0.003 0.009 0.017 0.006 0.014 0.008 0.022 0.010 0.005 0.003 0.005 0.004 0.003 0.006 0.005 0.005 0.005 0.006 0.006 0.013 0.007 0.007 0.009 0.008 0.005 0.003 0.008 0.006 0.004 0.005 0.009 0.007 0.003 0.005 0.004 0.012 0.003 0.011 0.007 0.005 0.008 0.008 0.008 0.007 0.005 0.004 0.006 0.003 0.003 0.004 0.007 0.002 0.001 0.001 0.002 0.002 0.003 0.003 0.002 0.002 0.004 0.003 0.003 0.008 0.004 0.004 0.004 0.006 0.004 0.003 0.003 0.002 0.002 0.002 0.003 0.013 0.005 0.006 0.004 0.004 0.003 0.003 0.004 0.003 0.005 0.009 0.010 0.013 0.042 
>Sequence
Normalized_weight: 0.006
-     -     -     Q     F     Q     R     L     K     V     E     D     A     L     S     Y     L     D     Q     V     K     L     Q     F     G     S     Q     P     Q     V     Y     N     D     F     L     D     I     M     K     E     F     K     S     Q     S     I     D     T     P     -     -     -     G     -     -     -     -     -     -     -     -     -     -     V     I     S     R     V     S     Q     L     F     K     G     H     P     E     L     I     M     G     F     G     A     F     L     P     P     G     Y     K     
0.003 0.002 0.003 0.009 0.017 0.006 0.014 0.008 0.022 0.010 0.005 0.003 0.005 0.004 0.003 0.006 0.005 0.005 0.005 0.006 0.006 0.013 0.007 0.007 0.009 0.008 0.005 0.003 0.008 0.006 0.004 0.005 0.009 0.007 0.003 0.005 0.004 0.012 0.003 0.011 0.007 0.005 0.008 0.008 0.008 0.007 0.005 0.004 0.006 0.003 0.003 0.004 0.007 0.002 0.001 0.001 0.002 0.002 0.003 0.003 0.002 0.002 0.004 0.003 0.003 0.008 0.004 0.004 0.004 0.006 0.004 0.003 0.003 0.002 0.002 0.002 0.011 0.013 0.005 0.006 0.004 0.004 0.010 0.012 0.004 0.003 0.005 0.009 0.010 0.013 0.042 
>Sequence
Normalized_weight: 0.014
-     -     -     -     N     Q     P     V     E     F     N     H     A     I     T     Y     V     N     K     I     K     N     R     F     H     T     Q     P     E     K     Y     K     R     F     L     E     I     L     H     T     Y     Q     K     E     Q     K     T     Y     K     -     -     -     E     G     A     Q     S     G     L     T     E     A     E     V     Y     T     Q     V     A     Q     L     F     D     N     Q     E     D     L     L     R     E     F     G     Q     F     L     P     D     A     -     -     
0.003 0.002 0.003 0.002 0.008 0.006 0.004 0.004 0.006 0.006 0.003 0.010 0.005 0.005 0.008 0.006 0.007 0.003 0.003 0.009 0.006 0.006 0.003 0.007 0.010 0.045 0.005 0.003 0.005 0.011 0.004 0.006 0.005 0.007 0.003 0.003 0.004 0.014 0.016 0.008 0.007 0.008 0.005 0.006 0.005 0.005 0.020 0.056 0.010 0.003 0.003 0.004 0.167 0.125 0.100 0.091 0.056 0.037 0.021 0.025 0.014 0.036 0.004 0.003 0.003 0.009 0.010 0.004 0.005 0.006 0.004 0.003 0.022 0.012 0.014 0.005 0.003 0.013 0.005 0.028 0.006 0.004 0.010 0.006 0.004 0.003 0.005 0.004 0.036 0.005 0.005 
>Sequence
Normalized_weight: 0.006
-     -     -     -     -     -     -     -     -     -     E     D     A     L     S     Y     L     D     Q     V     K     F     R     F     G     N     Q     P     Q     V     Y     N     D     F     L     D     I     M     K     E     F     K     S     Q     S     I     D     T     P     -     -     -     G     -     -     -     -     -     -     -     -     -     -     V     I     Q     R     V     S     N     L     F     R     G     H     P     E     L     I     V     G     F     N     T     F     L     P     P     G     Y     K     
0.003 0.002 0.003 0.002 0.003 0.004 0.004 0.004 0.004 0.007 0.005 0.003 0.005 0.004 0.003 0.006 0.005 0.005 0.005 0.006 0.006 0.019 0.003 0.007 0.009 0.011 0.005 0.003 0.008 0.006 0.004 0.005 0.009 0.007 0.003 0.005 0.004 0.012 0.003 0.011 0.007 0.005 0.008 0.008 0.008 0.007 0.005 0.004 0.006 0.003 0.003 0.004 0.007 0.002 0.001 0.001 0.002 0.002 0.003 0.003 0.002 0.002 0.004 0.003 0.003 0.006 0.004 0.004 0.004 0.010 0.004 0.003 0.006 0.002 0.002 0.002 0.011 0.013 0.005 0.012 0.004 0.004 0.003 0.003 0.004 0.003 0.005 0.009 0.010 0.013 0.042 
>Sequence
Normalized_weight: 0.009
-     -     -     -     -     -     -     -     -     -     E     D     A     L     S     Y     L     D     Q     V     K     Y     Q     Y     A     D     Q     P     Q     I     Y     N     N     F     L     D     I     M     K     E     F     K     S     H     C     I     D     T     P     -     -     -     G     -     -     -     -     -     -     -     -     -     -     V     I     E     R     V     S     T     L     F     K     G     H     T     E     L     I     Y     G     F     N     M     F     L     P     P     G     Y     K     
0.003 0.002 0.003 0.002 0.003 0.004 0.004 0.004 0.004 0.007 0.005 0.003 0.005 0.004 0.003 0.006 0.005 0.005 0.005 0.006 0.006 0.026 0.007 0.071 0.020 0.003 0.005 0.003 0.008 0.013 0.004 0.005 0.026 0.007 0.003 0.005 0.004 0.012 0.003 0.011 0.007 0.005 0.008 0.071 0.091 0.007 0.005 0.004 0.006 0.003 0.003 0.004 0.007 0.002 0.001 0.001 0.002 0.002 0.003 0.003 0.002 0.002 0.004 0.003 0.003 0.007 0.004 0.004 0.004 0.006 0.004 0.003 0.003 0.002 0.002 0.038 0.011 0.013 0.005 0.021 0.004 0.004 0.003 0.042 0.004 0.003 0.005 0.009 0.010 0.013 0.042 
>Sequence
Normalized_weight: 0.008
-     -     -     Q     R     G     P     V     E     F     N     H     A     I     S     Y     V     N     K     I     K     N     R     F     Q     D     K     P     E     I     Y     K     Q     F     L     E     I     L     Q     T     Y     Q     R     E     Q     -     -     -     -     -     -     -     -     -     -     -     -     -     K     P     I     Q     E     V     Y     A     Q     V     T     T     L     F     H     T     A     P     D     L     L     E     D     F     K     Q     F     L     P     E     S     -     -     
0.003 0.002 0.003 0.009 0.017 0.013 0.004 0.004 0.006 0.006 0.003 0.010 0.005 0.005 0.003 0.006 0.007 0.003 0.003 0.009 0.006 0.006 0.003 0.007 0.003 0.003 0.016 0.003 0.005 0.013 0.004 0.006 0.019 0.007 0.003 0.003 0.004 0.014 0.014 0.008 0.007 0.008 0.014 0.006 0.005 0.007 0.005 0.004 0.002 0.003 0.003 0.004 0.003 0.002 0.001 0.001 0.002 0.002 0.010 0.025 0.010 0.007 0.004 0.003 0.003 0.006 0.010 0.004 0.010 0.006 0.004 0.003 0.013 0.111 0.014 0.002 0.003 0.013 0.005 0.005 0.019 0.004 0.009 0.006 0.004 0.003 0.005 0.014 0.028 0.005 0.005 
>Sequence
Normalized_weight: 0.006
-     -     -     -     -     -     -     -     -     L     N     D     A     L     S     Y     L     D     Q     V     K     A     Q     F     H     E     Q     P     D     V     Y     N     R     F     L     D     I     M     K     D     F     K     S     Q     T     I     D     T     P     -     -     -     G     -     -     -     -     -     -     -     -     -     -     V     I     N     R     V     S     D     L     F     A     G     H     P     N     L     I     Q     G     F     N     T     F     L     P     P     G     Y     R     
0.003 0.002 0.003 0.002 0.003 0.004 0.004 0.004 0.004 0.024 0.003 0.003 0.005 0.004 0.003 0.006 0.005 0.005 0.005 0.006 0.006 0.006 0.007 0.007 0.010 0.018 0.005 0.003 0.004 0.006 0.004 0.005 0.005 0.007 0.003 0.005 0.004 0.012 0.003 0.005 0.007 0.005 0.008 0.008 0.018 0.007 0.005 0.004 0.006 0.003 0.003 0.004 0.007 0.002 0.001 0.001 0.002 0.002 0.003 0.003 0.002 0.002 0.004 0.003 0.003 0.014 0.004 0.004 0.004 0.010 0.004 0.003 0.010 0.002 0.002 0.002 0.012 0.013 0.005 0.010 0.004 0.004 0.003 0.003 0.004 0.003 0.005 0.009 0.010 0.013 0.037 
>Sequence
Normalized_weight: 0.011
-     -     -     -     -     -     -     -     -     -     N     D     A     L     V     Y     L     K     A     V     K     D     K     F     Q     D     K     R     E     K     Y     E     E     F     L     E     V     M     R     D     F     K     S     E     R     I     D     T     N     -     -     -     G     V     I     I     R     -     -     -     -     -     -     -     -     -     -     V     K     T     L     F     N     G     Y     P     E     L     I     L     G     F     N     T     F     L     P     K     G     Y     -     
0.003 0.002 0.003 0.002 0.003 0.004 0.004 0.004 0.004 0.007 0.003 0.003 0.005 0.004 0.091 0.006 0.005 0.009 0.013 0.006 0.006 0.010 0.012 0.007 0.003 0.003 0.016 0.009 0.005 0.011 0.004 0.018 0.010 0.007 0.003 0.003 0.018 0.012 0.011 0.005 0.007 0.005 0.008 0.006 0.008 0.007 0.005 0.004 0.019 0.003 0.003 0.004 0.007 0.062 0.050 0.030 0.022 0.002 0.003 0.003 0.002 0.002 0.004 0.056 0.030 0.042 0.071 0.004 0.006 0.006 0.004 0.003 0.011 0.002 0.010 0.002 0.011 0.013 0.005 0.007 0.004 0.004 0.003 0.003 0.004 0.003 0.005 0.010 0.010 0.013 0.005 
>Sequence
Normalized_weight: 0.007
-     -     -     -     K     K     P     V     E     F     E     E     A     I     S     F     V     N     K     I     K     T     R     F     Q     G     D     D     R     V     Y     K     S     F     L     D     I     L     N     M     Y     R     K     E     N     -     -     -     -     -     -     -     -     -     -     -     -     -     K     S     I     T     E     V     Y     H     E     V     A     I     L     F     R     D     H     H     D     L     L     G     E     F     T     H     F     L     P     D     -     -     -     
0.003 0.002 0.003 0.002 0.007 0.007 0.004 0.004 0.006 0.006 0.005 0.013 0.005 0.005 0.003 0.014 0.007 0.003 0.003 0.009 0.006 0.006 0.003 0.007 0.003 0.006 0.006 0.013 0.023 0.006 0.004 0.006 0.003 0.007 0.003 0.005 0.004 0.014 0.011 0.007 0.007 0.013 0.005 0.006 0.007 0.007 0.005 0.004 0.002 0.003 0.003 0.004 0.003 0.002 0.001 0.001 0.002 0.002 0.010 0.013 0.010 0.014 0.004 0.003 0.003 0.028 0.006 0.004 0.005 0.009 0.004 0.003 0.006 0.009 0.002 0.038 0.003 0.013 0.005 0.042 0.006 0.004 0.014 0.014 0.004 0.003 0.005 0.004 0.006 0.005 0.005 
>Sequence
Normalized_weight: 0.008
-     -     -     -     -     -     -     -     -     -     N     D     A     L     A     Y     L     K     A     V     K     D     K     F     Q     D     K     R     D     K     Y     D     E     F     L     E     V     M     K     D     F     K     A     Q     R     V     D     T     T     -     -     -     G     -     -     -     -     -     -     -     -     -     -     V     I     L     R     V     K     E     L     F     K     G     N     R     E     L     I     L     G     F     N     T     F     L     P     K     G     F     -     
0.003 0.002 0.003 0.002 0.003 0.004 0.004 0.004 0.004 0.007 0.003 0.003 0.005 0.004 0.011 0.006 0.005 0.009 0.013 0.006 0.006 0.010 0.012 0.007 0.003 0.003 0.016 0.009 0.004 0.011 0.004 0.008 0.010 0.007 0.003 0.003 0.018 0.012 0.003 0.005 0.007 0.005 0.018 0.008 0.008 0.042 0.005 0.004 0.038 0.003 0.003 0.004 0.007 0.002 0.001 0.001 0.002 0.002 0.003 0.003 0.002 0.002 0.004 0.003 0.003 0.042 0.004 0.004 0.006 0.004 0.004 0.003 0.003 0.002 0.050 0.013 0.011 0.013 0.005 0.007 0.004 0.004 0.003 0.003 0.004 0.003 0.005 0.010 0.010 0.050 0.005 
>Sequence
Normalized_weight: 0.006
-     -     -     -     -     -     -     -     -     -     N     D     A     L     T     Y     L     D     Q     V     K     V     Q     F     H     D     Q     P     D     V     Y     N     R     F     L     D     I     M     K     D     F     K     S     Q     A     I     D     T     P     -     -     -     G     -     -     -     -     -     -     -     -     -     -     V     I     N     R     V     S     E     L     F     A     G     H     P     N     L     I     Q     G     F     N     T     F     L     P     P     G     Y     R     
0.003 0.002 0.003 0.002 0.003 0.004 0.004 0.004 0.004 0.007 0.003 0.003 0.005 0.004 0.008 0.006 0.005 0.005 0.005 0.006 0.006 0.019 0.007 0.007 0.010 0.003 0.005 0.003 0.004 0.006 0.004 0.005 0.005 0.007 0.003 0.005 0.004 0.012 0.003 0.005 0.007 0.005 0.008 0.008 0.018 0.007 0.005 0.004 0.006 0.003 0.003 0.004 0.007 0.002 0.001 0.001 0.002 0.002 0.003 0.003 0.002 0.002 0.004 0.003 0.003 0.014 0.004 0.004 0.004 0.004 0.004 0.003 0.010 0.002 0.002 0.002 0.012 0.013 0.005 0.010 0.004 0.004 0.003 0.003 0.004 0.003 0.005 0.009 0.010 0.013 0.037 
>Sequence
Normalized_weight: 0.007
-     -     -     -     K     K     R     V     E     F     E     E     A     I     S     F     V     N     K     I     K     T     R     F     Q     G     D     D     R     V     Y     K     S     F     L     D     I     L     N     M     Y     R     R     D     S     -     -     -     -     -     -     -     -     -     -     -     -     -     K     S     I     T     E     V     Y     Q     E     V     A     I     L     F     R     D     H     S     D     L     L     V     E     F     T     H     F     L     P     D     -     -     -     
0.003 0.002 0.003 0.002 0.007 0.007 0.014 0.004 0.006 0.006 0.005 0.013 0.005 0.005 0.003 0.014 0.007 0.003 0.003 0.009 0.006 0.006 0.003 0.007 0.003 0.006 0.006 0.013 0.023 0.006 0.004 0.006 0.003 0.007 0.003 0.005 0.004 0.014 0.011 0.007 0.007 0.013 0.014 0.029 0.008 0.007 0.005 0.004 0.002 0.003 0.003 0.004 0.003 0.002 0.001 0.001 0.002 0.002 0.010 0.013 0.010 0.014 0.004 0.003 0.003 0.006 0.006 0.004 0.005 0.009 0.004 0.003 0.006 0.009 0.002 0.038 0.003 0.013 0.005 0.012 0.006 0.004 0.014 0.014 0.004 0.003 0.005 0.004 0.006 0.005 0.005 
>Sequence
Normalized_weight: 0.008
-     -     -     -     -     -     -     -     -     -     N     D     A     L     A     Y     L     K     A     V     K     D     K     F     Q     D     Q     R     G     K     Y     D     E     F     L     E     V     M     K     N     F     K     S     Q     R     V     D     T     A     -     -     -     G     -     -     -     -     -     -     -     -     -     -     V     I     T     R     V     K     E     L     F     K     G     H     Q     E     L     I     L     G     F     N     T     F     L     P     K     G     F     -     
0.003 0.002 0.003 0.002 0.003 0.004 0.004 0.004 0.004 0.007 0.003 0.003 0.005 0.004 0.011 0.006 0.005 0.009 0.013 0.006 0.006 0.010 0.012 0.007 0.003 0.003 0.005 0.009 0.091 0.011 0.004 0.008 0.010 0.007 0.003 0.003 0.018 0.012 0.003 0.031 0.007 0.005 0.008 0.008 0.008 0.042 0.005 0.004 0.026 0.003 0.003 0.004 0.007 0.002 0.001 0.001 0.002 0.002 0.003 0.003 0.002 0.002 0.004 0.003 0.003 0.009 0.004 0.004 0.006 0.004 0.004 0.003 0.003 0.002 0.002 0.077 0.011 0.013 0.005 0.007 0.004 0.004 0.003 0.003 0.004 0.003 0.005 0.010 0.010 0.050 0.005 
>Sequence
Normalized_weight: 0.009
-     -     -     -     -     -     -     -     -     -     D     D     A     L     T     Y     L     K     E     V     K     E     M     F     Q     D     Q     R     D     K     Y     D     M     F     L     E     V     M     K     D     F     K     A     Q     K     T     D     T     S     -     -     -     G     -     -     -     -     -     -     -     -     -     -     V     I     S     R     V     K     E     L     F     K     G     H     N     N     L     I     F     G     F     N     T     F     L     P     K     G     F     -     
0.003 0.002 0.003 0.002 0.003 0.004 0.004 0.004 0.004 0.007 0.009 0.003 0.005 0.004 0.008 0.006 0.005 0.009 0.020 0.006 0.006 0.011 0.019 0.007 0.003 0.003 0.005 0.009 0.004 0.011 0.004 0.008 0.038 0.007 0.003 0.003 0.018 0.012 0.003 0.005 0.007 0.005 0.018 0.008 0.030 0.062 0.005 0.004 0.077 0.003 0.003 0.004 0.007 0.002 0.001 0.001 0.002 0.002 0.003 0.003 0.002 0.002 0.004 0.003 0.003 0.008 0.004 0.004 0.006 0.004 0.004 0.003 0.003 0.002 0.002 0.015 0.012 0.013 0.005 0.042 0.004 0.004 0.003 0.003 0.004 0.003 0.005 0.010 0.010 0.050 0.005 
>Sequence
Normalized_weight: 0.008
-     -     -     -     Y     R     P     L     N     V     K     D     A     L     S     Y     L     E     Q     V     K     F     Q     F     S     S     R     P     D     V     Y     N     H     F     L     D     I     M     K     D     F     K     S     Q     A     I     D     T     P     -     -     -     G     -     -     -     -     -     -     -     -     -     -     V     I     E     R     V     S     T     L     F     H     G     Y     P     A     L     I     Q     G     F     N     T     F     L     P     H     G     Y     -     
0.003 0.002 0.003 0.002 0.021 0.017 0.004 0.008 0.028 0.010 0.030 0.003 0.005 0.004 0.003 0.006 0.005 0.023 0.005 0.006 0.006 0.019 0.007 0.007 0.011 0.008 0.021 0.003 0.004 0.006 0.004 0.005 0.019 0.007 0.003 0.005 0.004 0.012 0.003 0.005 0.007 0.005 0.008 0.008 0.018 0.007 0.005 0.004 0.006 0.003 0.003 0.004 0.007 0.002 0.001 0.001 0.002 0.002 0.003 0.003 0.002 0.002 0.004 0.003 0.003 0.007 0.004 0.004 0.004 0.006 0.004 0.003 0.013 0.002 0.010 0.002 0.071 0.013 0.005 0.010 0.004 0.004 0.003 0.003 0.004 0.003 0.005 0.083 0.010 0.013 0.005 
>Sequence
Normalized_weight: 0.010
-     -     -     -     Y     R     A     L     N     V     T     D     A     L     T     Y     L     D     Q     V     K     I     Q     F     S     D     N     P     D     V     Y     N     R     F     L     D     I     M     K     D     F     K     S     H     T     L     D     T     P     -     -     -     G     -     -     -     -     -     -     -     -     -     -     V     I     S     R     V     S     N     L     F     R     G     F     P     H     L     I     E     G     F     N     T     F     L     P     P     G     Y     R     
0.003 0.002 0.003 0.002 0.021 0.017 0.050 0.008 0.028 0.010 0.030 0.003 0.005 0.004 0.008 0.006 0.005 0.005 0.005 0.006 0.006 0.026 0.007 0.007 0.011 0.003 0.010 0.003 0.004 0.006 0.004 0.005 0.005 0.007 0.003 0.005 0.004 0.012 0.003 0.005 0.007 0.005 0.008 0.071 0.018 0.031 0.005 0.004 0.006 0.003 0.003 0.004 0.007 0.002 0.001 0.001 0.002 0.002 0.003 0.003 0.002 0.002 0.004 0.003 0.003 0.008 0.004 0.004 0.004 0.010 0.004 0.003 0.006 0.002 0.100 0.002 0.071 0.013 0.005 0.005 0.004 0.004 0.003 0.003 0.004 0.003 0.005 0.009 0.010 0.013 0.037 
>Sequence
Normalized_weight: 0.008
-     -     -     K     R     G     P     V     E     F     N     H     A     I     S     Y     V     N     K     I     K     N     R     F     S     S     R     P     E     I     Y     K     Q     F     L     E     I     L     Q     T     Y     Q     R     E     S     -     -     -     -     -     -     -     -     -     -     -     -     -     K     P     I     G     D     V     Y     T     Q     V     T     Q     L     F     N     S     A     P     D     L     L     E     D     F     K     Q     F     L     P     E     S     -     -     
0.003 0.002 0.003 0.023 0.017 0.013 0.004 0.004 0.006 0.006 0.003 0.010 0.005 0.005 0.003 0.006 0.007 0.003 0.003 0.009 0.006 0.006 0.003 0.007 0.011 0.008 0.021 0.003 0.005 0.013 0.004 0.006 0.019 0.007 0.003 0.003 0.004 0.014 0.014 0.008 0.007 0.008 0.014 0.006 0.008 0.007 0.005 0.004 0.002 0.003 0.003 0.004 0.003 0.002 0.001 0.001 0.002 0.002 0.010 0.025 0.010 0.071 0.010 0.003 0.003 0.009 0.010 0.004 0.010 0.006 0.004 0.003 0.011 0.056 0.014 0.002 0.003 0.013 0.005 0.005 0.019 0.004 0.009 0.006 0.004 0.003 0.005 0.014 0.028 0.005 0.005 
>Sequence
Normalized_weight: 0.007
-     -     -     -     -     -     -     -     -     -     Q     D     A     L     S     Y     L     D     Q     V     K     V     R     F     V     D     Q     P     D     V     Y     N     R     F     L     D     I     M     K     D     F     K     S     Q     A     I     D     T     P     -     -     -     G     -     -     -     -     -     -     -     -     -     -     V     I     Q     R     V     S     N     L     F     N     G     H     P     A     L     I     Q     G     F     N     T     F     L     P     P     G     Y     R     
0.003 0.002 0.003 0.002 0.003 0.004 0.004 0.004 0.004 0.007 0.030 0.003 0.005 0.004 0.003 0.006 0.005 0.005 0.005 0.006 0.006 0.019 0.003 0.007 0.050 0.003 0.005 0.003 0.004 0.006 0.004 0.005 0.005 0.007 0.003 0.005 0.004 0.012 0.003 0.005 0.007 0.005 0.008 0.008 0.018 0.007 0.005 0.004 0.006 0.003 0.003 0.004 0.007 0.002 0.001 0.001 0.002 0.002 0.003 0.003 0.002 0.002 0.004 0.003 0.003 0.006 0.004 0.004 0.004 0.010 0.004 0.003 0.011 0.002 0.002 0.002 0.071 0.013 0.005 0.010 0.004 0.004 0.003 0.003 0.004 0.003 0.005 0.009 0.010 0.013 0.037 
>Sequence
Normalized_weight: 0.011
-     -     -     D     Y     R     P     L     N     V     K     D     A     L     S     Y     L     E     Q     V     K     F     Q     F     S     S     R     P     D     I     Y     N     L     F     L     D     I     M     K     D     F     K     S     Q     A     I     D     T     P     -     -     -     G     -     -     -     -     -     -     -     -     -     -     V     I     E     R     V     S     T     L     F     R     G     Y     P     I     L     I     Q     G     F     N     T     F     L     P     Q     G     Y     R     
0.003 0.002 0.003 0.045 0.021 0.017 0.004 0.008 0.028 0.010 0.030 0.003 0.005 0.004 0.003 0.006 0.005 0.023 0.005 0.006 0.006 0.019 0.007 0.007 0.011 0.008 0.021 0.003 0.004 0.013 0.004 0.005 0.077 0.007 0.003 0.005 0.004 0.012 0.003 0.005 0.007 0.005 0.008 0.008 0.018 0.007 0.005 0.004 0.006 0.003 0.003 0.004 0.007 0.002 0.001 0.001 0.002 0.002 0.003 0.003 0.002 0.002 0.004 0.003 0.003 0.007 0.004 0.004 0.004 0.006 0.004 0.003 0.006 0.002 0.010 0.002 0.143 0.013 0.005 0.010 0.004 0.004 0.003 0.003 0.004 0.003 0.005 0.083 0.010 0.013 0.037 
>Sequence
Normalized_weight: 0.012
-     -     -     -     K     K     T     V     E     F     E     Q     A     I     N     F     V     N     K     I     K     M     R     F     K     H     D     E     H     V     Y     K     S     F     L     E     I     L     N     M     Y     R     K     E     N     K     E     I     K     -     -     -     -     -     -     -     -     -     -     -     -     -     E     V     Y     N     E     V     S     I     L     F     Q     G     H     L     D     L     L     E     Q     F     T     R     F     L     P     A     S     -     -     
0.003 0.002 0.003 0.002 0.007 0.007 0.050 0.004 0.006 0.006 0.005 0.025 0.005 0.005 0.008 0.014 0.007 0.003 0.003 0.009 0.006 0.077 0.003 0.007 0.100 0.018 0.006 0.017 0.008 0.006 0.004 0.006 0.003 0.007 0.003 0.003 0.004 0.014 0.011 0.007 0.007 0.013 0.005 0.006 0.007 0.005 0.033 0.007 0.010 0.003 0.003 0.004 0.003 0.002 0.001 0.001 0.002 0.002 0.003 0.003 0.002 0.002 0.004 0.003 0.003 0.014 0.006 0.004 0.004 0.009 0.004 0.003 0.006 0.002 0.002 0.077 0.003 0.013 0.005 0.005 0.167 0.004 0.014 0.014 0.004 0.003 0.005 0.083 0.028 0.005 0.005 
>Sequence
Normalized_weight: 0.007
-     -     -     -     -     -     -     -     -     -     N     D     A     L     S     Y     L     R     E     V     K     E     M     F     Q     D     Q     R     E     K     Y     D     R     F     L     E     V     M     K     D     F     K     A     Q     R     T     D     T     G     -     -     -     G     -     -     -     -     -     -     -     -     -     -     V     I     A     R     V     K     E     L     F     K     G     H     N     N     L     I     Y     G     F     N     T     F     L     P     K     G     Y     -     
0.003 0.002 0.003 0.002 0.003 0.004 0.004 0.004 0.004 0.007 0.003 0.003 0.005 0.004 0.003 0.006 0.005 0.013 0.020 0.006 0.006 0.011 0.019 0.007 0.003 0.003 0.005 0.009 0.005 0.011 0.004 0.008 0.005 0.007 0.003 0.003 0.018 0.012 0.003 0.005 0.007 0.005 0.018 0.008 0.008 0.062 0.005 0.004 0.038 0.003 0.003 0.004 0.007 0.002 0.001 0.001 0.002 0.002 0.003 0.003 0.002 0.002 0.004 0.003 0.003 0.006 0.004 0.004 0.006 0.004 0.004 0.003 0.003 0.002 0.002 0.015 0.012 0.013 0.005 0.021 0.004 0.004 0.003 0.003 0.004 0.003 0.005 0.010 0.010 0.013 0.005 
>Sequence
Normalized_weight: 0.011
-     -     -     -     K     K     P     V     D     F     Q     V     A     I     E     F     V     N     R     I     K     A     R     F     G     G     D     D     R     A     Y     K     K     F     L     D     I     L     N     M     Y     R     K     E     T     -     -     -     -     -     -     -     -     -     -     -     -     -     K     S     I     N     E     V     Y     Q     E     V     T     L     L     F     Q     D     H     E     D     L     L     G     E     F     V     H     F     L     P     D     -     -     -     
0.003 0.002 0.003 0.002 0.007 0.007 0.004 0.004 0.012 0.006 0.030 0.125 0.005 0.005 0.045 0.014 0.007 0.003 0.050 0.009 0.006 0.006 0.003 0.007 0.009 0.006 0.006 0.013 0.023 0.067 0.004 0.006 0.026 0.007 0.003 0.005 0.004 0.014 0.011 0.007 0.007 0.013 0.005 0.006 0.018 0.007 0.005 0.004 0.002 0.003 0.003 0.004 0.003 0.002 0.001 0.001 0.002 0.002 0.010 0.013 0.010 0.010 0.004 0.003 0.003 0.006 0.006 0.004 0.010 0.062 0.004 0.003 0.006 0.009 0.002 0.005 0.003 0.013 0.005 0.042 0.006 0.004 0.050 0.014 0.004 0.003 0.005 0.004 0.006 0.005 0.005 
>Sequence
Normalized_weight: 0.008
-     -     -     -     -     -     -     -     -     -     -     D     A     L     T     Y     L     K     A     V     K     D     M     F     Q     D     N     K     E     K     Y     E     T     F     L     G     V     M     K     D     F     K     A     Q     R     V     D     T     N     -     -     -     G     -     -     -     -     -     -     -     -     -     -     V     I     A     R     V     K     D     L     F     K     G     Y     D     D     L     L     L     G     F     N     T     F     L     P     K     G     Y     K     
0.003 0.002 0.003 0.002 0.003 0.004 0.004 0.004 0.004 0.007 0.008 0.003 0.005 0.004 0.008 0.006 0.005 0.009 0.013 0.006 0.006 0.010 0.019 0.007 0.003 0.003 0.010 0.033 0.005 0.011 0.004 0.018 0.038 0.007 0.003 0.025 0.018 0.012 0.003 0.005 0.007 0.005 0.018 0.008 0.008 0.042 0.005 0.004 0.019 0.003 0.003 0.004 0.007 0.002 0.001 0.001 0.002 0.002 0.003 0.003 0.002 0.002 0.004 0.003 0.003 0.006 0.004 0.004 0.006 0.010 0.004 0.003 0.003 0.002 0.010 0.019 0.003 0.013 0.005 0.007 0.004 0.004 0.003 0.003 0.004 0.003 0.005 0.010 0.010 0.013 0.042 
>Sequence
Normalized_weight: 0.013
-     -     -     E     K     K     P     V     D     F     M     E     A     I     N     F     V     N     K     I     K     A     R     F     Q     Q     E     D     H     V     Y     K     S     F     L     G     I     L     N     M     Y     R     -     -     -     -     -     -     -     -     -     -     -     -     -     L     H     N     K     S     I     Q     D     V     Y     G     E     V     P     -     L     F     R     D     Y     P     D     L     L     E     E     F     K     H     F     L     P     D     -     -     -     
0.003 0.002 0.003 0.010 0.007 0.007 0.004 0.004 0.012 0.006 0.091 0.013 0.005 0.005 0.008 0.014 0.007 0.003 0.003 0.009 0.006 0.006 0.003 0.007 0.003 0.045 0.062 0.013 0.008 0.006 0.004 0.006 0.003 0.007 0.003 0.025 0.004 0.014 0.011 0.007 0.007 0.013 0.010 0.011 0.011 0.007 0.005 0.004 0.002 0.003 0.003 0.004 0.003 0.002 0.001 0.091 0.056 0.056 0.010 0.013 0.010 0.007 0.010 0.003 0.003 0.083 0.006 0.004 0.091 0.031 0.004 0.003 0.006 0.009 0.010 0.002 0.003 0.013 0.005 0.005 0.006 0.004 0.009 0.014 0.004 0.003 0.005 0.004 0.006 0.005 0.005 
>Sequence
Normalized_weight: 0.012
-     -     -     Q     N     Q     K     L     T     T     N     D     A     L     L     Y     L     K     A     V     K     D     K     F     Q     D     K     R     D     K     Y     D     E     F     L     E     V     M     R     D     F     K     S     G     R     I     D     T     A     -     -     -     G     V     I     I     R     -     -     -     -     -     -     -     -     -     -     V     K     T     L     F     N     G     H     H     E     L     I     L     G     F     N     A     F     L     P     K     G     F     -     
0.003 0.002 0.003 0.009 0.008 0.006 0.020 0.008 0.019 0.033 0.003 0.003 0.005 0.004 0.091 0.006 0.005 0.009 0.013 0.006 0.006 0.010 0.012 0.007 0.003 0.003 0.016 0.009 0.004 0.011 0.004 0.008 0.010 0.007 0.003 0.003 0.018 0.012 0.011 0.005 0.007 0.005 0.008 0.013 0.008 0.007 0.005 0.004 0.026 0.003 0.003 0.004 0.007 0.062 0.050 0.030 0.022 0.002 0.003 0.003 0.002 0.002 0.004 0.056 0.030 0.042 0.071 0.004 0.006 0.006 0.004 0.003 0.011 0.002 0.002 0.038 0.011 0.013 0.005 0.007 0.004 0.004 0.003 0.012 0.004 0.003 0.005 0.010 0.010 0.050 0.005 
>Sequence
Normalized_weight: 0.013
-     -     -     -     K     Q     A     A     D     L     D     Q     A     I     N     F     V     N     N     V     K     N     R     F     S     H     K     P     E     A     Y     N     S     F     L     D     I     L     K     S     Y     Q     H     D     Q     R     -     -     -     -     -     -     -     -     -     -     -     -     -     P     I     Q     L     V     Y     F     Q     V     S     Q     L     F     A     E     A     P     D     L     L     E     E     F     K     R     F     L     P     D     -     -     -     
0.003 0.002 0.003 0.002 0.007 0.006 0.050 0.022 0.012 0.024 0.009 0.025 0.005 0.005 0.008 0.014 0.007 0.003 0.100 0.006 0.006 0.006 0.003 0.007 0.011 0.018 0.016 0.003 0.005 0.067 0.004 0.005 0.003 0.007 0.003 0.005 0.004 0.014 0.003 0.062 0.007 0.008 0.125 0.029 0.005 0.021 0.005 0.004 0.002 0.003 0.003 0.004 0.003 0.002 0.001 0.001 0.002 0.002 0.003 0.025 0.010 0.007 0.111 0.003 0.003 0.042 0.010 0.004 0.004 0.006 0.004 0.003 0.010 0.022 0.014 0.002 0.003 0.013 0.005 0.005 0.006 0.004 0.009 0.014 0.004 0.003 0.005 0.004 0.006 0.005 0.005 
>Sequence
Normalized_weight: 0.013
-     -     -     E     Y     R     Q     L     N     V     T     D     A     L     S     Y     L     D     L     V     K     L     Q     F     H     Q     E     P     E     I     Y     N     E     F     L     D     I     M     K     E     F     K     -     -     -     -     -     -     -     -     -     -     -     -     -     S     Q     A     I     E     T     P     E     V     I     T     R     V     S     K     L     F     A     G     Y     P     N     L     I     Q     G     F     N     T     F     L     P     P     G     Y     -     
0.003 0.002 0.003 0.010 0.021 0.017 0.100 0.008 0.028 0.010 0.030 0.003 0.005 0.004 0.003 0.006 0.005 0.005 0.033 0.006 0.006 0.013 0.007 0.007 0.010 0.045 0.062 0.003 0.005 0.013 0.004 0.005 0.010 0.007 0.003 0.005 0.004 0.012 0.003 0.011 0.007 0.005 0.010 0.011 0.011 0.007 0.005 0.004 0.002 0.003 0.003 0.004 0.003 0.002 0.001 0.091 0.037 0.028 0.025 0.125 0.014 0.024 0.004 0.003 0.003 0.009 0.004 0.004 0.004 0.031 0.004 0.003 0.010 0.002 0.010 0.002 0.012 0.013 0.005 0.010 0.004 0.004 0.003 0.003 0.004 0.003 0.005 0.009 0.010 0.013 0.005 
>Sequence
Normalized_weight: 0.011
-     -     -     -     -     -     -     -     -     -     -     D     A     L     T     Y     L     K     A     V     K     D     I     F     H     D     N     K     E     K     Y     E     S     F     L     E     L     M     K     E     F     K     A     Q     T     I     D     T     N     -     -     -     G     -     -     -     -     -     -     -     -     -     -     V     I     E     R     I     K     V     L     F     K     G     Y     R     D     L     L     L     G     F     N     T     F     L     P     K     G     Y     K     
0.003 0.002 0.003 0.002 0.003 0.004 0.004 0.004 0.004 0.007 0.008 0.003 0.005 0.004 0.008 0.006 0.005 0.009 0.013 0.006 0.006 0.010 0.111 0.007 0.010 0.003 0.010 0.033 0.005 0.011 0.004 0.018 0.003 0.007 0.003 0.003 0.125 0.012 0.003 0.011 0.007 0.005 0.018 0.008 0.018 0.007 0.005 0.004 0.019 0.003 0.003 0.004 0.007 0.002 0.001 0.001 0.002 0.002 0.003 0.003 0.002 0.002 0.004 0.003 0.003 0.007 0.004 0.167 0.006 0.016 0.004 0.003 0.003 0.002 0.010 0.013 0.003 0.013 0.005 0.007 0.004 0.004 0.003 0.003 0.004 0.003 0.005 0.010 0.010 0.013 0.042 
>Sequence
Normalized_weight: 0.011
-     -     -     Q     K     K     P     V     E     L     G     E     A     I     S     F     I     N     K     I     K     T     R     F     Q     G     D     D     R     V     Y     K     S     V     L     D     I     L     N     M     Y     R     K     D     R     -     -     -     -     -     -     -     -     -     -     -     -     -     K     P     I     T     A     V     Y     R     E     V     A     I     L     F     L     D     H     N     N     L     L     V     E     F     T     H     F     L     P     -     -     -     -     
0.003 0.002 0.003 0.009 0.007 0.007 0.004 0.004 0.006 0.024 0.091 0.013 0.005 0.005 0.003 0.014 0.015 0.003 0.003 0.009 0.006 0.006 0.003 0.007 0.003 0.006 0.006 0.013 0.023 0.006 0.004 0.006 0.003 0.083 0.003 0.005 0.004 0.014 0.011 0.007 0.007 0.013 0.005 0.029 0.008 0.007 0.005 0.004 0.002 0.003 0.003 0.004 0.003 0.002 0.001 0.001 0.002 0.002 0.010 0.025 0.010 0.014 0.111 0.003 0.003 0.021 0.006 0.004 0.005 0.009 0.004 0.003 0.067 0.009 0.002 0.015 0.012 0.013 0.005 0.012 0.006 0.004 0.014 0.014 0.004 0.003 0.005 0.003 0.006 0.005 0.005 
>Sequence
Normalized_weight: 0.014
-     -     -     E     K     P     R     V     D     F     N     Y     A     I     A     Y     M     N     K     V     K     A     R     Y     P     P     N     S     D     T     Y     M     E     F     L     G     V     L     R     T     Y     Q     K     A     Q     -     -     -     -     -     -     -     -     -     -     -     -     -     K     S     I     F     E     V     R     A     R     V     A     E     I     F     K     D     S     P     D     L     L     E     E     F     K     L     F     L     P     D     -     -     -     
0.003 0.002 0.003 0.010 0.007 0.050 0.014 0.004 0.012 0.006 0.003 0.062 0.005 0.005 0.011 0.006 0.056 0.003 0.003 0.006 0.006 0.006 0.003 0.071 0.050 0.045 0.010 0.014 0.004 0.033 0.004 0.062 0.010 0.007 0.003 0.025 0.018 0.014 0.011 0.008 0.007 0.008 0.005 0.020 0.005 0.007 0.005 0.004 0.002 0.003 0.003 0.004 0.003 0.002 0.001 0.001 0.002 0.002 0.010 0.013 0.010 0.071 0.004 0.003 0.045 0.006 0.004 0.004 0.005 0.004 0.167 0.003 0.003 0.009 0.020 0.002 0.003 0.013 0.005 0.005 0.006 0.004 0.009 0.028 0.004 0.003 0.005 0.004 0.006 0.005 0.005 
>Sequence
Normalized_weight: 0.011
-     -     -     -     N     R     P     L     D     V     N     D     A     L     S     Y     L     E     L     V     K     Y     Y     F     S     E     R     R     E     I     Y     N     R     F     L     E     I     M     R     D     F     K     S     Q     A     L     D     T     L     -     -     -     G     -     -     -     -     -     -     -     -     -     -     V     I     N     R     V     S     E     L     F     N     G     Y     P     Q     L     I     E     G     F     N     T     F     L     P     S     G     Y     K     
0.003 0.002 0.003 0.002 0.008 0.017 0.004 0.008 0.012 0.010 0.003 0.003 0.005 0.004 0.003 0.006 0.005 0.023 0.033 0.006 0.006 0.026 0.111 0.007 0.011 0.018 0.021 0.009 0.005 0.013 0.004 0.005 0.005 0.007 0.003 0.003 0.004 0.012 0.011 0.005 0.007 0.005 0.008 0.008 0.018 0.031 0.005 0.004 0.077 0.003 0.003 0.004 0.007 0.002 0.001 0.001 0.002 0.002 0.003 0.003 0.002 0.002 0.004 0.003 0.003 0.014 0.004 0.004 0.004 0.004 0.004 0.003 0.011 0.002 0.010 0.002 0.143 0.013 0.005 0.005 0.004 0.004 0.003 0.003 0.004 0.003 0.005 0.042 0.010 0.013 0.042 
>Sequence
Normalized_weight: 0.021
-     -     -     E     E     G     S     S     A     S     D     Q     T     I     N     F     I     N     K     V     K     T     R     F     S     A     D     E     H     V     Y     K     A     F     L     E     I     L     N     M     Y     R     K     G     N     -     -     -     -     -     -     -     -     -     -     -     -     -     K     P     I     S     E     M     Y     Q     E     V     A     T     L     F     S     E     H     A     D     L     L     E     E     F     T     S     F     R     P     D     S     -     -     
0.003 0.002 0.003 0.010 0.017 0.013 0.025 0.111 0.111 0.167 0.009 0.025 0.333 0.005 0.008 0.014 0.015 0.003 0.003 0.006 0.006 0.006 0.003 0.007 0.011 0.091 0.006 0.017 0.008 0.006 0.004 0.006 0.019 0.007 0.003 0.003 0.004 0.014 0.011 0.007 0.007 0.013 0.005 0.013 0.007 0.007 0.005 0.004 0.002 0.003 0.003 0.004 0.003 0.002 0.001 0.001 0.002 0.002 0.010 0.025 0.010 0.014 0.004 0.083 0.003 0.006 0.006 0.004 0.005 0.006 0.004 0.003 0.067 0.022 0.002 0.077 0.003 0.013 0.005 0.005 0.006 0.004 0.014 0.083 0.004 0.200 0.005 0.004 0.028 0.005 0.005 
>Sequence
Normalized_weight: 0.012
-     -     -     -     -     -     -     -     -     -     -     -     -     -     N     F     I     S     K     L     K     A     R     F     Q     G     N     D     H     V     Y     E     S     F     L     E     I     L     T     M     Y     Q     Q     G     N     -     -     -     -     -     -     -     -     -     -     -     -     -     K     S     V     N     D     L     Y     Q     E     V     G     A     L     L     Q     G     H     E     D     L     V     M     E     F     -     -     -     -     -     -     -     -     -     
0.003 0.002 0.003 0.002 0.003 0.004 0.004 0.004 0.004 0.007 0.008 0.016 0.037 0.018 0.008 0.014 0.015 0.045 0.003 0.031 0.006 0.006 0.003 0.007 0.003 0.006 0.010 0.013 0.008 0.006 0.004 0.018 0.003 0.007 0.003 0.003 0.004 0.014 0.028 0.007 0.007 0.008 0.062 0.013 0.007 0.007 0.005 0.004 0.002 0.003 0.003 0.004 0.003 0.002 0.001 0.001 0.002 0.002 0.010 0.013 0.050 0.010 0.010 0.056 0.003 0.006 0.006 0.004 0.091 0.010 0.004 0.022 0.006 0.002 0.002 0.005 0.003 0.013 0.019 0.006 0.006 0.004 0.020 0.014 0.042 0.033 0.056 0.003 0.006 0.005 0.005 
>Sequence
Normalized_weight: 0.025
-     -     -     -     -     -     -     -     -     L     Q     H     A     R     D     Y     V     E     E     V     K     V     A     F     L     D     R     P     H     V     Y     R     R     F     L     D     I     L     S     D     Y     -     -     -     -     -     -     -     -     -     -     -     N     S     N     V     L     R     L     D     L     K     S     V     V     H     E     V     R     D     L     F     T     N     H     E     N     L     M     V     G     F     S     R     F     L     P     S     G     F     -     
0.003 0.002 0.003 0.002 0.003 0.004 0.004 0.004 0.004 0.024 0.030 0.010 0.005 0.143 0.030 0.006 0.007 0.023 0.020 0.006 0.006 0.019 0.111 0.007 0.020 0.003 0.021 0.003 0.008 0.006 0.004 0.031 0.005 0.007 0.003 0.005 0.004 0.014 0.111 0.005 0.007 0.019 0.010 0.011 0.011 0.007 0.005 0.004 0.002 0.003 0.003 0.004 0.083 0.125 0.100 0.045 0.111 0.056 0.021 0.016 0.100 0.071 0.111 0.003 0.045 0.028 0.006 0.004 0.030 0.010 0.004 0.003 0.067 0.012 0.002 0.005 0.012 0.013 0.167 0.012 0.004 0.004 0.033 0.014 0.004 0.003 0.005 0.042 0.010 0.050 0.005 
>Sequence
Normalized_weight: 0.012
-     -     -     -     E     G     P     P     R     V     D     E     A     L     A     Y     L     R     V     I     K     S     T     F     S     S     D     V     P     V     Y     H     R     F     L     E     I     M     K     D     F     R     A     Q     R     I     E     T     P     -     -     -     -     -     -     -     -     -     -     -     -     -     D     V     I     E     Q     V     A     E     L     L     Y     D     S     P     E     L     V     L     G     F     N     T     F     L     P     T     G     Y     R     
0.003 0.002 0.003 0.002 0.017 0.013 0.004 0.056 0.056 0.010 0.009 0.013 0.005 0.004 0.011 0.006 0.005 0.013 0.100 0.009 0.006 0.026 0.028 0.007 0.011 0.008 0.006 0.050 0.045 0.006 0.004 0.042 0.005 0.007 0.003 0.003 0.004 0.012 0.003 0.005 0.007 0.013 0.018 0.008 0.008 0.007 0.033 0.004 0.006 0.003 0.003 0.004 0.003 0.002 0.001 0.001 0.002 0.002 0.003 0.003 0.002 0.002 0.010 0.003 0.003 0.007 0.010 0.004 0.005 0.004 0.004 0.022 0.022 0.009 0.020 0.002 0.011 0.013 0.019 0.007 0.004 0.004 0.003 0.003 0.004 0.003 0.005 0.042 0.010 0.013 0.037 
>Sequence
Normalized_weight: 0.019
-     -     -     -     -     -     -     -     -     -     -     -     -     -     S     F     T     T     K     L     K     A     R     F     Q     G     D     S     Q     V     V     D     S     V     L     Q     I     M     R     M     Y     -     -     -     -     -     -     -     -     -     -     -     -     -     G     E     G     N     K     S     K     H     D     A     Y     Q     E     V     V     A     L     V     Q     G     H     D     D     L     V     M     E     L     S     Q     I     L     T     D     -     -     -     
0.003 0.002 0.003 0.002 0.003 0.004 0.004 0.004 0.004 0.007 0.008 0.016 0.037 0.018 0.003 0.014 0.083 0.023 0.003 0.031 0.006 0.006 0.003 0.007 0.003 0.006 0.006 0.014 0.008 0.006 0.050 0.008 0.003 0.083 0.003 0.025 0.004 0.012 0.011 0.007 0.007 0.019 0.010 0.011 0.011 0.007 0.005 0.004 0.002 0.003 0.003 0.004 0.003 0.002 0.100 0.091 0.056 0.056 0.010 0.013 0.020 0.036 0.010 0.033 0.003 0.006 0.006 0.004 0.018 0.010 0.004 0.067 0.006 0.002 0.002 0.019 0.003 0.013 0.019 0.006 0.006 0.167 0.033 0.006 0.083 0.003 0.167 0.004 0.006 0.005 0.005 
>Sequence
Normalized_weight: 0.013
-     -     -     D     N     G     P     P     R     V     D     E     A     L     S     Y     L     R     I     I     K     E     T     F     V     N     R     V     P     V     Y     H     R     F     L     D     I     M     K     N     F     R     A     Q     R     I     E     T     -     -     -     -     -     -     -     -     -     -     -     -     -     S     E     V     V     E     Q     V     A     A     L     L     Y     D     S     P     N     L     V     L     G     F     N     T     F     L     P     T     G     Y     K     
0.003 0.002 0.003 0.045 0.008 0.013 0.004 0.056 0.056 0.010 0.009 0.013 0.005 0.004 0.003 0.006 0.005 0.013 0.100 0.009 0.006 0.011 0.028 0.007 0.050 0.011 0.021 0.050 0.045 0.006 0.004 0.042 0.005 0.007 0.003 0.005 0.004 0.012 0.003 0.031 0.007 0.013 0.018 0.008 0.008 0.007 0.033 0.004 0.002 0.003 0.003 0.004 0.003 0.002 0.001 0.001 0.002 0.002 0.003 0.003 0.002 0.014 0.004 0.003 0.045 0.007 0.010 0.004 0.005 0.010 0.004 0.022 0.022 0.009 0.020 0.002 0.012 0.013 0.019 0.007 0.004 0.004 0.003 0.003 0.004 0.003 0.005 0.042 0.010 0.013 0.042 
>Sequence
Normalized_weight: 0.034
-     -     -     Q     R     R     S     E     E     F     E     Q     A     Q     D     F     I     Q     R     V     K     K     R     Y     S     H     N     P     S     V     Y     R     S     F     V     E     L     L     Q     S     H     Q     -     -     -     -     -     -     -     -     -     -     -     -     -     V     K     S     G     L     F     E     K     M     K     A     E     V     N     S     L     L     W     E     S     P     D     L     C     E     D     F     E     R     F     V     P     -     -     -     -     
0.003 0.002 0.003 0.009 0.017 0.017 0.025 0.111 0.006 0.006 0.005 0.025 0.005 0.143 0.030 0.014 0.015 0.091 0.050 0.006 0.006 0.077 0.003 0.071 0.011 0.018 0.010 0.003 0.091 0.006 0.004 0.031 0.003 0.007 0.200 0.003 0.125 0.014 0.014 0.062 0.083 0.008 0.010 0.011 0.011 0.007 0.005 0.004 0.002 0.003 0.003 0.004 0.003 0.002 0.001 0.045 0.056 0.056 0.125 0.125 0.100 0.018 0.111 0.083 0.091 0.006 0.006 0.004 0.091 0.031 0.004 0.022 0.067 0.022 0.020 0.002 0.003 0.013 0.167 0.005 0.019 0.004 0.100 0.014 0.004 0.200 0.005 0.003 0.006 0.005 0.005 
>Sequence
Normalized_weight: 0.022
-     -     -     -     -     -     -     -     -     -     -     -     -     -     S     F     I     G     K     L     K     E     R     F     Q     G     D     D     H     V     Y     E     S     F     L     E     I     L     T     M     Y     Q     E     G     N     -     -     -     -     -     -     -     -     -     -     -     -     -     K     S     V     N     D     L     Y     Q     E     -     -     -     -     -     -     G     H     E     D     L     V     M     G     F     -     -     -     -     -     -     -     -     -     
0.003 0.002 0.003 0.002 0.003 0.004 0.004 0.004 0.004 0.007 0.008 0.016 0.037 0.018 0.003 0.014 0.015 0.091 0.003 0.031 0.006 0.011 0.003 0.007 0.003 0.006 0.006 0.013 0.008 0.006 0.004 0.018 0.003 0.007 0.003 0.003 0.004 0.014 0.028 0.007 0.007 0.008 0.021 0.013 0.007 0.007 0.005 0.004 0.002 0.003 0.003 0.004 0.003 0.002 0.001 0.001 0.002 0.002 0.010 0.013 0.050 0.010 0.010 0.056 0.003 0.006 0.006 0.333 0.091 0.031 0.333 0.200 0.067 0.002 0.002 0.005 0.003 0.013 0.019 0.006 0.004 0.004 0.020 0.014 0.042 0.033 0.056 0.003 0.006 0.005 0.005 
>Sequence
Normalized_weight: 0.021
-     -     -     -     -     -     -     -     -     -     E     D     A     M     N     Y     I     L     T     I     K     N     K     F     L     R     H     P     E     K     F     H     A     F     I     H     T     M     I     D     F     S     R     G     R     I     N     T     H     -     -     -     T     -     -     -     -     -     -     -     -     -     -     V     I     E     R     V     K     I     L     F     D     G     Y     P     D     L     L     L     A     F     N     K     F     L     P     -     -     -     -     
0.003 0.002 0.003 0.002 0.003 0.004 0.004 0.004 0.004 0.007 0.005 0.003 0.005 0.071 0.008 0.006 0.015 0.091 0.033 0.009 0.006 0.006 0.012 0.007 0.020 0.045 0.042 0.003 0.005 0.011 0.125 0.042 0.019 0.007 0.200 0.125 0.125 0.012 0.111 0.005 0.007 0.042 0.014 0.013 0.008 0.007 0.020 0.004 0.077 0.003 0.003 0.004 0.167 0.002 0.001 0.001 0.002 0.002 0.003 0.003 0.002 0.002 0.004 0.003 0.003 0.007 0.004 0.004 0.006 0.009 0.004 0.003 0.022 0.002 0.010 0.002 0.003 0.013 0.005 0.007 0.167 0.004 0.003 0.028 0.004 0.003 0.005 0.003 0.006 0.005 0.005 
>Sequence
Normalized_weight: 0.017
-     -     -     -     K     P     K     A     T     V     D     D     A     Y     A     Y     I     R     T     V     K     S     T     F     H     N     D     P     D     K     Y     D     D     F     M     A     I     M     K     N     F     -     K     A     R     K     I     D     R     -     -     -     N     T     C     I     -     -     -     -     -     -     -     -     -     E     E     V     K     E     L     L     K     G     H     R     D     L     I     S     G     F     N     A     F     L     P     -     -     -     -     
0.003 0.002 0.003 0.002 0.007 0.050 0.020 0.022 0.019 0.010 0.009 0.003 0.005 0.048 0.011 0.006 0.015 0.013 0.033 0.006 0.006 0.026 0.028 0.007 0.010 0.011 0.006 0.003 0.004 0.011 0.004 0.008 0.009 0.007 0.100 0.062 0.004 0.012 0.003 0.031 0.007 0.019 0.005 0.020 0.008 0.005 0.100 0.056 0.038 0.003 0.003 0.004 0.083 0.125 0.100 0.030 0.002 0.002 0.003 0.003 0.002 0.002 0.004 0.056 0.030 0.007 0.006 0.004 0.006 0.004 0.004 0.022 0.003 0.002 0.002 0.013 0.003 0.013 0.005 0.014 0.004 0.004 0.003 0.012 0.004 0.003 0.005 0.003 0.006 0.005 0.005 
>Sequence
Normalized_weight: 0.007
-     Q     Q     Q     F     Q     R     L     K     V     E     D     A     L     S     Y     L     D     Q     V     K     L     Q     F     G     S     Q     P     Q     V     Y     N     D     F     L     D     I     M     K     E     F     K     -     -     S     Q     S     I     D     T     P     G     -     -     -     -     -     -     -     -     -     -     -     V     I     S     R     V     S     Q     L     F     K     G     H     P     D     L     I     M     G     F     N     T     F     L     P     -     -     -     -     
0.003 0.036 0.021 0.009 0.017 0.006 0.014 0.008 0.022 0.010 0.005 0.003 0.005 0.004 0.003 0.006 0.005 0.005 0.005 0.006 0.006 0.013 0.007 0.007 0.009 0.008 0.005 0.003 0.008 0.006 0.004 0.005 0.009 0.007 0.003 0.005 0.004 0.012 0.003 0.011 0.007 0.005 0.010 0.011 0.008 0.025 0.006 0.007 0.015 0.040 0.040 0.036 0.003 0.002 0.001 0.001 0.002 0.002 0.003 0.003 0.002 0.002 0.004 0.003 0.003 0.008 0.004 0.004 0.004 0.006 0.004 0.003 0.003 0.002 0.002 0.002 0.003 0.013 0.005 0.006 0.004 0.004 0.003 0.003 0.004 0.003 0.005 0.003 0.006 0.005 0.005 
>Sequence
Normalized_weight: 0.011
-     Q     Q     Q     F     Q     R     L     K     V     E     D     A     L     S     Y     L     D     Q     V     K     L     Q     F     G     S     Q     P     Q     V     Y     N     D     F     L     D     I     M     -     -     -     -     K     E     L     K     S     -     -     -     -     -     -     -     -     -     Q     S     I     D     T     P     G     V     I     S     R     V     S     Q     L     F     K     G     H     P     D     L     I     M     G     F     N     T     F     L     P     -     -     -     -     
0.003 0.036 0.021 0.009 0.017 0.006 0.014 0.008 0.022 0.010 0.005 0.003 0.005 0.004 0.003 0.006 0.005 0.005 0.005 0.006 0.006 0.013 0.007 0.007 0.009 0.008 0.005 0.003 0.008 0.006 0.004 0.005 0.009 0.007 0.003 0.005 0.004 0.012 0.056 0.062 0.125 0.019 0.005 0.006 0.091 0.005 0.006 0.004 0.002 0.003 0.003 0.004 0.003 0.002 0.001 0.001 0.037 0.056 0.025 0.016 0.014 0.024 0.022 0.003 0.003 0.008 0.004 0.004 0.004 0.006 0.004 0.003 0.003 0.002 0.002 0.002 0.003 0.013 0.005 0.006 0.004 0.004 0.003 0.003 0.004 0.003 0.005 0.003 0.006 0.005 0.005 
>Sequence
Normalized_weight: 0.015
T     M     Q     N     N     Q     P     V     E     F     N     H     A     I     N     Y     V     N     K     I     K     N     R     F     Q     G     Q     P     D     I     Y     K     S     F     L     E     I     L     H     T     Y     Q     K     E     Q     R     N     A     K     E     A     G     G     N     Y     T     P     A     L     T     E     Q     E     V     Y     A     Q     V     A     R     L     F     K     N     Q     E     D     L     L     S     E     F     G     Q     F     L     P     D     A     -     -     
0.250 0.071 0.021 0.018 0.008 0.006 0.004 0.004 0.006 0.006 0.003 0.010 0.005 0.005 0.008 0.006 0.007 0.003 0.003 0.009 0.006 0.006 0.003 0.007 0.003 0.006 0.005 0.003 0.004 0.013 0.004 0.006 0.003 0.007 0.003 0.003 0.004 0.014 0.016 0.008 0.007 0.008 0.005 0.006 0.005 0.021 0.020 0.056 0.010 0.050 0.100 0.036 0.007 0.042 0.050 0.030 0.056 0.028 0.021 0.025 0.014 0.007 0.004 0.003 0.003 0.006 0.010 0.004 0.005 0.031 0.004 0.003 0.003 0.012 0.014 0.005 0.003 0.013 0.005 0.014 0.006 0.004 0.010 0.006 0.004 0.003 0.005 0.004 0.036 0.005 0.005 
>Sequence
Normalized_weight: 0.007
-     -     Q     Q     F     Q     R     L     K     V     E     D     A     L     S     Y     L     D     Q     V     K     L     Q     F     G     S     Q     P     Q     V     Y     N     D     F     L     D     I     M     K     E     F     K     -     -     S     Q     S     I     D     T     P     G     -     -     -     -     -     -     -     -     -     -     -     V     I     S     R     V     S     Q     L     F     K     G     H     P     E     L     I     M     G     F     G     A     F     L     P     -     -     -     -     
0.003 0.002 0.021 0.009 0.017 0.006 0.014 0.008 0.022 0.010 0.005 0.003 0.005 0.004 0.003 0.006 0.005 0.005 0.005 0.006 0.006 0.013 0.007 0.007 0.009 0.008 0.005 0.003 0.008 0.006 0.004 0.005 0.009 0.007 0.003 0.005 0.004 0.012 0.003 0.011 0.007 0.005 0.010 0.011 0.008 0.025 0.006 0.007 0.015 0.040 0.040 0.036 0.003 0.002 0.001 0.001 0.002 0.002 0.003 0.003 0.002 0.002 0.004 0.003 0.003 0.008 0.004 0.004 0.004 0.006 0.004 0.003 0.003 0.002 0.002 0.002 0.011 0.013 0.005 0.006 0.004 0.004 0.010 0.012 0.004 0.003 0.005 0.003 0.006 0.005 0.005 
>Sequence
Normalized_weight: 0.021
-     -     Q     Q     N     Q     P     V     E     F     N     H     A     I     T     Y     V     N     K     I     K     N     R     F     Q     N     Q     P     A     K     Y     K     K     F     L     E     I     L     H     D     Y     Q     R     E     Q     K     V     M     K     E     G     S     L     N     Q     G     K     M     L     T     E     Q     E     V     Y     T     Q     V     A     K     L     F     G     Q     D     E     D     L     L     R     E     F     G     Q     F     L     P     D     A     -     -     
0.003 0.002 0.021 0.009 0.008 0.006 0.004 0.004 0.006 0.006 0.003 0.010 0.005 0.005 0.008 0.006 0.007 0.003 0.003 0.009 0.006 0.006 0.003 0.007 0.003 0.011 0.005 0.003 0.030 0.011 0.004 0.006 0.026 0.007 0.003 0.003 0.004 0.014 0.016 0.005 0.007 0.008 0.014 0.006 0.005 0.005 0.100 0.111 0.010 0.050 0.067 0.125 0.167 0.042 0.100 0.045 0.056 0.111 0.021 0.025 0.014 0.007 0.004 0.003 0.003 0.009 0.010 0.004 0.005 0.031 0.004 0.003 0.067 0.111 0.100 0.005 0.003 0.013 0.005 0.028 0.006 0.004 0.010 0.006 0.004 0.003 0.005 0.004 0.036 0.005 0.005 
>Sequence
Normalized_weight: 0.013
-     -     -     -     -     -     -     -     -     -     E     D     A     L     S     Y     L     D     Q     V     K     Y     Q     Y     A     D     Q     P     Q     I     Y     N     N     F     L     D     I     M     -     -     -     -     K     E     F     K     S     -     -     -     -     -     -     -     -     -     H     C     I     D     T     P     G     V     I     E     R     V     S     T     L     F     K     G     H     T     E     L     I     Y     G     F     N     M     F     L     P     -     -     -     -     
0.003 0.002 0.003 0.002 0.003 0.004 0.004 0.004 0.004 0.007 0.005 0.003 0.005 0.004 0.003 0.006 0.005 0.005 0.005 0.006 0.006 0.026 0.007 0.071 0.020 0.003 0.005 0.003 0.008 0.013 0.004 0.005 0.026 0.007 0.003 0.005 0.004 0.012 0.056 0.062 0.125 0.019 0.005 0.006 0.091 0.005 0.006 0.004 0.002 0.003 0.003 0.004 0.003 0.002 0.001 0.001 0.056 0.111 0.025 0.016 0.014 0.024 0.022 0.003 0.003 0.007 0.004 0.004 0.004 0.006 0.004 0.003 0.003 0.002 0.002 0.038 0.011 0.013 0.005 0.021 0.004 0.004 0.003 0.042 0.004 0.003 0.005 0.003 0.006 0.005 0.005 
>Sequence
Normalized_weight: 0.014
-     -     -     -     N     Q     P     V     E     F     N     H     A     I     T     Y     V     N     K     I     K     N     R     F     H     T     Q     P     E     K     Y     K     R     F     L     E     I     L     H     T     Y     Q     K     E     Q     K     T     Y     K     E     G     S     G     C     M     T     S     A     L     T     E     A     E     V     Y     T     Q     V     A     Q     L     F     D     N     Q     E     D     L     L     R     E     F     G     Q     F     L     P     D     A     -     -     
0.003 0.002 0.003 0.002 0.008 0.006 0.004 0.004 0.006 0.006 0.003 0.010 0.005 0.005 0.008 0.006 0.007 0.003 0.003 0.009 0.006 0.006 0.003 0.007 0.010 0.045 0.005 0.003 0.005 0.011 0.004 0.006 0.005 0.007 0.003 0.003 0.004 0.014 0.016 0.008 0.007 0.008 0.005 0.006 0.005 0.005 0.020 0.056 0.010 0.050 0.067 0.125 0.007 0.125 0.100 0.030 0.056 0.028 0.021 0.025 0.014 0.036 0.004 0.003 0.003 0.009 0.010 0.004 0.005 0.006 0.004 0.003 0.022 0.012 0.014 0.005 0.003 0.013 0.005 0.028 0.006 0.004 0.010 0.006 0.004 0.003 0.005 0.004 0.036 0.005 0.005 
>Sequence
Normalized_weight: 0.007
-     -     -     -     -     -     -     -     -     -     E     D     A     L     S     Y     L     D     Q     V     K     F     R     F     G     N     Q     P     Q     V     Y     N     D     F     L     D     I     M     K     E     F     K     -     -     S     Q     S     I     D     T     P     G     -     -     -     -     -     -     -     -     -     -     -     V     I     Q     R     V     S     N     L     F     R     G     H     P     E     L     I     V     G     F     N     T     F     L     P     -     -     -     -     
0.003 0.002 0.003 0.002 0.003 0.004 0.004 0.004 0.004 0.007 0.005 0.003 0.005 0.004 0.003 0.006 0.005 0.005 0.005 0.006 0.006 0.019 0.003 0.007 0.009 0.011 0.005 0.003 0.008 0.006 0.004 0.005 0.009 0.007 0.003 0.005 0.004 0.012 0.003 0.011 0.007 0.005 0.010 0.011 0.008 0.025 0.006 0.007 0.015 0.040 0.040 0.036 0.003 0.002 0.001 0.001 0.002 0.002 0.003 0.003 0.002 0.002 0.004 0.003 0.003 0.006 0.004 0.004 0.004 0.010 0.004 0.003 0.006 0.002 0.002 0.002 0.011 0.013 0.005 0.012 0.004 0.004 0.003 0.003 0.004 0.003 0.005 0.003 0.006 0.005 0.005 
>Sequence
Normalized_weight: 0.012
N     M     E     R     R     G     P     V     E     F     N     H     A     I     S     Y     V     N     K     I     K     N     R     F     Q     D     K     P     E     I     Y     K     Q     F     L     E     I     L     Q     T     Y     Q     R     E     Q     K     P     I     -     -     -     -     -     -     -     -     -     -     -     -     -     Q     D     V     Y     A     Q     V     T     T     L     F     N     S     A     P     D     L     L     E     D     F     K     Q     F     L     P     E     S     -     -     
0.250 0.071 0.024 0.091 0.017 0.013 0.004 0.004 0.006 0.006 0.003 0.010 0.005 0.005 0.003 0.006 0.007 0.003 0.003 0.009 0.006 0.006 0.003 0.007 0.003 0.003 0.016 0.003 0.005 0.013 0.004 0.006 0.019 0.007 0.003 0.003 0.004 0.014 0.014 0.008 0.007 0.008 0.014 0.006 0.005 0.005 0.020 0.007 0.002 0.003 0.003 0.004 0.003 0.002 0.001 0.001 0.002 0.002 0.003 0.003 0.002 0.007 0.010 0.003 0.003 0.006 0.010 0.004 0.010 0.006 0.004 0.003 0.011 0.056 0.014 0.002 0.003 0.013 0.005 0.005 0.019 0.004 0.009 0.006 0.004 0.003 0.005 0.014 0.028 0.005 0.005 
>Sequence
Normalized_weight: 0.009
S     Q     Q     G     S     Q     P     I     -     L     N     D     A     L     S     Y     L     D     Q     V     K     A     Q     F     H     E     Q     P     D     V     Y     N     R     F     L     D     I     M     K     D     F     K     -     -     S     Q     T     I     D     T     P     G     -     -     -     -     -     -     -     -     -     -     -     V     I     N     R     V     S     D     L     F     A     G     H     P     N     L     I     Q     G     F     N     T     F     L     P     -     -     -     -     
0.050 0.036 0.021 0.030 0.014 0.006 0.004 0.056 0.004 0.024 0.003 0.003 0.005 0.004 0.003 0.006 0.005 0.005 0.005 0.006 0.006 0.006 0.007 0.007 0.010 0.018 0.005 0.003 0.004 0.006 0.004 0.005 0.005 0.007 0.003 0.005 0.004 0.012 0.003 0.005 0.007 0.005 0.010 0.011 0.008 0.025 0.020 0.007 0.015 0.040 0.040 0.036 0.003 0.002 0.001 0.001 0.002 0.002 0.003 0.003 0.002 0.002 0.004 0.003 0.003 0.014 0.004 0.004 0.004 0.010 0.004 0.003 0.010 0.002 0.002 0.002 0.012 0.013 0.005 0.010 0.004 0.004 0.003 0.003 0.004 0.003 0.005 0.003 0.006 0.005 0.005 
>Sequence
Normalized_weight: 0.010
-     Q     E     E     K     K     P     V     D     F     V     E     A     I     N     F     V     N     K     I     K     N     R     F     Q     H     D     E     H     V     Y     K     A     F     L     D     I     L     N     M     Y     R     K     D     N     K     S     I     -     -     -     -     -     -     -     -     -     -     -     -     -     Q     D     V     Y     H     E     V     A     V     L     F     A     D     H     K     D     L     L     E     E     F     Q     H     F     L     P     D     -     -     -     
0.003 0.036 0.024 0.010 0.007 0.007 0.004 0.004 0.012 0.006 0.091 0.013 0.005 0.005 0.008 0.014 0.007 0.003 0.003 0.009 0.006 0.006 0.003 0.007 0.003 0.018 0.006 0.017 0.008 0.006 0.004 0.006 0.019 0.007 0.003 0.005 0.004 0.014 0.011 0.007 0.007 0.013 0.005 0.029 0.007 0.005 0.006 0.007 0.002 0.003 0.003 0.004 0.003 0.002 0.001 0.001 0.002 0.002 0.003 0.003 0.002 0.007 0.010 0.003 0.003 0.028 0.006 0.004 0.005 0.016 0.004 0.003 0.010 0.009 0.002 0.077 0.003 0.013 0.005 0.005 0.006 0.004 0.100 0.014 0.004 0.003 0.005 0.004 0.006 0.005 0.005 
>Sequence
Normalized_weight: 0.008
-     -     -     -     -     -     -     -     -     -     N     D     A     L     A     Y     L     K     A     V     K     D     K     F     Q     D     K     R     D     K     Y     D     E     F     L     E     V     M     K     D     F     -     K     A     Q     R     -     -     -     -     -     -     -     -     -     -     -     -     V     D     T     T     G     V     I     L     R     V     K     E     L     F     K     G     N     R     E     L     I     L     G     F     N     T     F     L     P     -     -     -     -     
0.003 0.002 0.003 0.002 0.003 0.004 0.004 0.004 0.004 0.007 0.003 0.003 0.005 0.004 0.011 0.006 0.005 0.009 0.013 0.006 0.006 0.010 0.012 0.007 0.003 0.003 0.016 0.009 0.004 0.011 0.004 0.008 0.010 0.007 0.003 0.003 0.018 0.012 0.003 0.005 0.007 0.019 0.005 0.020 0.005 0.021 0.005 0.004 0.002 0.003 0.003 0.004 0.003 0.002 0.001 0.001 0.002 0.002 0.062 0.016 0.014 0.014 0.022 0.003 0.003 0.042 0.004 0.004 0.006 0.004 0.004 0.003 0.003 0.002 0.050 0.013 0.011 0.013 0.005 0.007 0.004 0.004 0.003 0.003 0.004 0.003 0.005 0.003 0.006 0.005 0.005 
>Sequence
Normalized_weight: 0.013
S     R     R     S     G     A     P     V     E     F     N     H     A     I     N     Y     V     H     K     I     K     N     R     F     A     D     Q     E     E     T     Y     K     H     F     L     E     I     L     Q     T     Y     Q     K     E     Q     K     P     I     G     -     -     -     -     -     -     -     -     -     -     -     -     -     E     V     Y     Q     Q     V     T     I     L     F     R     N     E     P     D     L     L     D     D     F     K     Q     F     L     P     D     -     -     -     
0.050 0.071 0.083 0.045 0.083 0.100 0.004 0.004 0.006 0.006 0.003 0.010 0.005 0.005 0.008 0.006 0.007 0.045 0.003 0.009 0.006 0.006 0.003 0.007 0.020 0.003 0.005 0.017 0.005 0.033 0.004 0.006 0.019 0.007 0.003 0.003 0.004 0.014 0.014 0.008 0.007 0.008 0.005 0.006 0.005 0.005 0.020 0.007 0.038 0.003 0.003 0.004 0.003 0.002 0.001 0.001 0.002 0.002 0.003 0.003 0.002 0.002 0.004 0.003 0.003 0.006 0.010 0.004 0.010 0.009 0.004 0.003 0.006 0.012 0.100 0.002 0.003 0.013 0.005 0.042 0.019 0.004 0.009 0.006 0.004 0.003 0.005 0.004 0.006 0.005 0.005 
>Sequence
Normalized_weight: 0.010
-     I     E     K     R     G     P     V     E     F     N     H     A     I     S     Y     V     N     K     I     K     N     R     F     Q     D     K     P     E     I     Y     K     Q     F     L     E     I     L     Q     T     Y     Q     R     E     Q     K     P     I     -     -     -     -     -     -     -     -     -     -     -     -     -     Q     D     V     Y     S     Q     V     T     T     L     F     H     A     A     P     D     L     L     E     D     F     K     Q     F     L     P     E     S     -     -     
0.003 0.143 0.024 0.023 0.017 0.013 0.004 0.004 0.006 0.006 0.003 0.010 0.005 0.005 0.003 0.006 0.007 0.003 0.003 0.009 0.006 0.006 0.003 0.007 0.003 0.003 0.016 0.003 0.005 0.013 0.004 0.006 0.019 0.007 0.003 0.003 0.004 0.014 0.014 0.008 0.007 0.008 0.014 0.006 0.005 0.005 0.020 0.007 0.002 0.003 0.003 0.004 0.003 0.002 0.001 0.001 0.002 0.002 0.003 0.003 0.002 0.007 0.010 0.003 0.003 0.008 0.010 0.004 0.010 0.006 0.004 0.003 0.013 0.111 0.014 0.002 0.003 0.013 0.005 0.005 0.019 0.004 0.009 0.006 0.004 0.003 0.005 0.014 0.028 0.005 0.005 
>Sequence
Normalized_weight: 0.009
-     -     Q     G     Q     Q     P     I     -     L     N     D     A     L     S     Y     L     D     Q     V     K     V     Q     F     H     E     Q     P     D     V     Y     N     K     F     L     D     I     M     K     D     F     K     S     Q     T     I     N     T     P     G     -     -     -     -     -     -     -     -     -     -     -     -     -     V     I     T     R     V     S     E     L     F     A     G     H     P     N     L     I     Q     G     F     N     T     F     L     P     -     -     -     -     
0.003 0.002 0.021 0.030 0.083 0.006 0.004 0.056 0.004 0.024 0.003 0.003 0.005 0.004 0.003 0.006 0.005 0.005 0.005 0.006 0.006 0.019 0.007 0.007 0.010 0.018 0.005 0.003 0.004 0.006 0.004 0.005 0.026 0.007 0.003 0.005 0.004 0.012 0.003 0.005 0.007 0.005 0.008 0.008 0.018 0.007 0.020 0.004 0.006 0.100 0.003 0.004 0.003 0.002 0.001 0.001 0.002 0.002 0.003 0.003 0.002 0.002 0.004 0.003 0.003 0.009 0.004 0.004 0.004 0.004 0.004 0.003 0.010 0.002 0.002 0.002 0.012 0.013 0.005 0.010 0.004 0.004 0.003 0.003 0.004 0.003 0.005 0.003 0.006 0.005 0.005 
>Sequence
Normalized_weight: 0.008
-     -     -     -     -     -     P     V     H     V     E     D     A     L     T     Y     L     D     Q     V     K     I     R     F     G     S     D     P     A     T     Y     N     G     F     L     E     I     M     K     E     F     K     -     -     S     Q     S     I     D     T     P     G     -     -     -     -     -     -     -     -     -     -     -     V     I     R     R     V     S     Q     L     F     H     E     H     P     D     L     I     V     G     F     N     A     F     L     P     -     -     -     -     
0.003 0.002 0.003 0.002 0.003 0.004 0.004 0.004 0.028 0.010 0.005 0.003 0.005 0.004 0.008 0.006 0.005 0.005 0.005 0.006 0.006 0.026 0.003 0.007 0.009 0.008 0.006 0.003 0.030 0.033 0.004 0.005 0.038 0.007 0.003 0.003 0.004 0.012 0.003 0.011 0.007 0.005 0.010 0.011 0.008 0.025 0.006 0.007 0.015 0.040 0.040 0.036 0.003 0.002 0.001 0.001 0.002 0.002 0.003 0.003 0.002 0.002 0.004 0.003 0.003 0.021 0.004 0.004 0.004 0.006 0.004 0.003 0.013 0.022 0.002 0.002 0.003 0.013 0.005 0.012 0.004 0.004 0.003 0.012 0.004 0.003 0.005 0.003 0.006 0.005 0.005 
>Sequence
Normalized_weight: 0.010
-     -     K     K     N     V     D     V     E     F     S     Q     A     I     S     Y     V     N     K     I     K     T     R     F     A     D     Q     P     D     I     Y     K     H     F     L     E     I     L     Q     T     Y     Q     R     E     Q     K     P     I     -     -     -     -     -     -     -     -     -     -     -     -     -     N     E     V     Y     A     Q     V     T     H     L     F     Q     N     A     P     D     L     L     E     D     F     K     K     F     L     P     D     S     -     -     
0.003 0.002 0.083 0.023 0.008 0.100 0.050 0.004 0.006 0.006 0.030 0.025 0.005 0.005 0.003 0.006 0.007 0.003 0.003 0.009 0.006 0.006 0.003 0.007 0.020 0.003 0.005 0.003 0.004 0.013 0.004 0.006 0.019 0.007 0.003 0.003 0.004 0.014 0.014 0.008 0.007 0.008 0.014 0.006 0.005 0.005 0.020 0.007 0.002 0.003 0.003 0.004 0.003 0.002 0.001 0.001 0.002 0.002 0.003 0.003 0.002 0.010 0.004 0.003 0.003 0.006 0.010 0.004 0.010 0.062 0.004 0.003 0.006 0.012 0.014 0.002 0.003 0.013 0.005 0.005 0.019 0.004 0.009 0.028 0.004 0.003 0.005 0.004 0.028 0.005 0.005 
>Sequence
Normalized_weight: 0.010
-     -     K     K     A     G     D     V     E     F     S     H     A     I     S     Y     V     N     K     I     K     T     R     F     A     E     Q     P     D     I     Y     K     H     F     L     E     I     L     Q     T     Y     Q     R     E     Q     K     P     I     -     -     -     -     -     -     -     -     -     -     -     -     -     N     E     V     Y     A     Q     V     T     V     L     F     Q     N     A     P     D     L     L     D     D     F     K     K     F     L     P     D     S     -     -     
0.003 0.002 0.083 0.023 0.083 0.013 0.050 0.004 0.006 0.006 0.030 0.010 0.005 0.005 0.003 0.006 0.007 0.003 0.003 0.009 0.006 0.006 0.003 0.007 0.020 0.018 0.005 0.003 0.004 0.013 0.004 0.006 0.019 0.007 0.003 0.003 0.004 0.014 0.014 0.008 0.007 0.008 0.014 0.006 0.005 0.005 0.020 0.007 0.002 0.003 0.003 0.004 0.003 0.002 0.001 0.001 0.002 0.002 0.003 0.003 0.002 0.010 0.004 0.003 0.003 0.006 0.010 0.004 0.010 0.016 0.004 0.003 0.006 0.012 0.014 0.002 0.003 0.013 0.005 0.042 0.019 0.004 0.009 0.028 0.004 0.003 0.005 0.004 0.028 0.005 0.005 
>Sequence
Normalized_weight: 0.009
-     -     -     S     K     K     T     V     E     F     E     E     A     I     S     F     V     N     K     I     K     T     R     F     Q     H     N     E     L     V     Y     K     S     F     L     E     I     L     N     M     Y     R     K     D     N     K     D     I     -     -     -     -     -     -     -     -     -     -     -     -     -     T     E     V     Y     N     E     V     S     T     L     F     E     D     H     S     D     L     L     E     E     F     T     R     F     L     P     D     S     -     -     
0.003 0.002 0.003 0.045 0.007 0.007 0.050 0.004 0.006 0.006 0.005 0.013 0.005 0.005 0.003 0.014 0.007 0.003 0.003 0.009 0.006 0.006 0.003 0.007 0.003 0.018 0.010 0.017 0.091 0.006 0.004 0.006 0.003 0.007 0.003 0.003 0.004 0.014 0.011 0.007 0.007 0.013 0.005 0.029 0.007 0.005 0.005 0.007 0.002 0.003 0.003 0.004 0.003 0.002 0.001 0.001 0.002 0.002 0.003 0.003 0.002 0.014 0.004 0.003 0.003 0.014 0.006 0.004 0.004 0.006 0.004 0.003 0.067 0.009 0.002 0.038 0.003 0.013 0.005 0.005 0.006 0.004 0.014 0.014 0.004 0.003 0.005 0.004 0.028 0.005 0.005 
>Sequence
Normalized_weight: 0.009
-     -     -     N     T     Q     K     L     T     T     D     D     A     L     T     Y     L     K     E     V     K     E     M     F     Q     D     Q     R     D     K     Y     D     M     F     L     E     V     M     K     D     F     -     K     A     Q     K     T     -     -     -     -     -     -     -     -     -     -     -     -     D     T     S     G     V     I     S     R     V     K     E     L     F     K     G     H     N     N     L     I     F     G     F     N     T     F     L     P     -     -     -     -     
0.003 0.002 0.003 0.018 0.083 0.006 0.020 0.008 0.019 0.033 0.009 0.003 0.005 0.004 0.008 0.006 0.005 0.009 0.020 0.006 0.006 0.011 0.019 0.007 0.003 0.003 0.005 0.009 0.004 0.011 0.004 0.008 0.038 0.007 0.003 0.003 0.018 0.012 0.003 0.005 0.007 0.019 0.005 0.020 0.005 0.005 0.020 0.004 0.002 0.003 0.003 0.004 0.003 0.002 0.001 0.001 0.002 0.002 0.003 0.016 0.014 0.014 0.022 0.003 0.003 0.008 0.004 0.004 0.006 0.004 0.004 0.003 0.003 0.002 0.002 0.015 0.012 0.013 0.005 0.042 0.004 0.004 0.003 0.003 0.004 0.003 0.005 0.003 0.006 0.005 0.005 
>Sequence
Normalized_weight: 0.013
S     R     R     V     S     Q     K     L     T     T     N     D     A     L     S     Y     L     R     E     V     K     E     M     F     Q     D     Q     R     E     K     Y     D     R     F     L     E     V     M     K     D     F     -     K     A     Q     R     T     D     T     G     G     -     -     -     -     -     -     -     -     -     -     -     -     V     I     A     R     V     K     E     L     F     K     G     H     N     N     L     I     Y     G     F     N     T     F     L     P     -     -     -     -     
0.050 0.071 0.083 0.091 0.014 0.006 0.020 0.008 0.019 0.033 0.003 0.003 0.005 0.004 0.003 0.006 0.005 0.013 0.020 0.006 0.006 0.011 0.019 0.007 0.003 0.003 0.005 0.009 0.005 0.011 0.004 0.008 0.005 0.007 0.003 0.003 0.018 0.012 0.003 0.005 0.007 0.019 0.005 0.020 0.005 0.021 0.020 0.056 0.038 0.100 0.067 0.004 0.003 0.002 0.001 0.001 0.002 0.002 0.003 0.003 0.002 0.002 0.004 0.003 0.003 0.006 0.004 0.004 0.006 0.004 0.004 0.003 0.003 0.002 0.002 0.015 0.012 0.013 0.005 0.021 0.004 0.004 0.003 0.003 0.004 0.003 0.005 0.003 0.006 0.005 0.005 
>Sequence
Normalized_weight: 0.008
-     -     -     -     -     -     -     -     -     -     -     D     A     L     T     Y     L     K     A     V     K     D     M     F     Q     D     N     K     E     K     Y     E     T     F     L     G     V     M     K     D     F     -     K     A     Q     R     -     -     -     -     -     -     -     -     -     -     -     -     V     D     T     N     G     V     I     A     R     V     K     D     L     F     K     G     Y     D     D     L     L     L     G     F     N     T     F     L     P     -     -     -     -     
0.003 0.002 0.003 0.002 0.003 0.004 0.004 0.004 0.004 0.007 0.008 0.003 0.005 0.004 0.008 0.006 0.005 0.009 0.013 0.006 0.006 0.010 0.019 0.007 0.003 0.003 0.010 0.033 0.005 0.011 0.004 0.018 0.038 0.007 0.003 0.025 0.018 0.012 0.003 0.005 0.007 0.019 0.005 0.020 0.005 0.021 0.005 0.004 0.002 0.003 0.003 0.004 0.003 0.002 0.001 0.001 0.002 0.002 0.062 0.016 0.014 0.010 0.022 0.003 0.003 0.006 0.004 0.004 0.006 0.010 0.004 0.003 0.003 0.002 0.010 0.019 0.003 0.013 0.005 0.007 0.004 0.004 0.003 0.003 0.004 0.003 0.005 0.003 0.006 0.005 0.005 
>Sequence
Normalized_weight: 0.015
S     T     E     N     E     K     P     V     D     F     N     Y     A     I     A     Y     M     N     K     V     K     A     R     Y     P     P     N     S     D     T     Y     M     E     F     L     G     V     L     R     T     Y     Q     K     A     Q     K     S     I     F     -     -     -     -     -     -     -     -     -     -     -     -     -     E     V     R     A     R     V     A     E     I     F     K     D     S     P     D     L     L     E     E     F     K     L     F     L     P     D     -     -     -     
0.050 0.071 0.024 0.018 0.017 0.007 0.004 0.004 0.012 0.006 0.003 0.062 0.005 0.005 0.011 0.006 0.056 0.003 0.003 0.006 0.006 0.006 0.003 0.071 0.050 0.045 0.010 0.014 0.004 0.033 0.004 0.062 0.010 0.007 0.003 0.025 0.018 0.014 0.011 0.008 0.007 0.008 0.005 0.020 0.005 0.005 0.006 0.007 0.077 0.003 0.003 0.004 0.003 0.002 0.001 0.001 0.002 0.002 0.003 0.003 0.002 0.002 0.004 0.003 0.045 0.006 0.004 0.004 0.005 0.004 0.167 0.003 0.003 0.009 0.020 0.002 0.003 0.013 0.005 0.005 0.006 0.004 0.009 0.028 0.004 0.003 0.005 0.004 0.006 0.005 0.005 
>Sequence
Normalized_weight: 0.012
-     -     E     E     E     K     P     V     D     F     K     D     A     I     G     F     V     T     K     I     K     T     R     F     G     D     D     E     H     A     Y     K     R     F     L     D     I     L     N     L     Y     R     K     E     K     K     S     I     -     -     -     -     -     -     -     -     -     -     -     -     -     S     E     V     Y     E     E     V     T     M     L     F     K     G     H     E     D     L     L     M     E     F     V     N     F     L     P     N     -     -     -     
0.003 0.002 0.024 0.010 0.017 0.007 0.004 0.004 0.012 0.006 0.030 0.003 0.005 0.005 0.091 0.014 0.007 0.023 0.003 0.009 0.006 0.006 0.003 0.007 0.009 0.003 0.006 0.017 0.008 0.067 0.004 0.006 0.005 0.007 0.003 0.005 0.004 0.014 0.011 0.125 0.007 0.013 0.005 0.006 0.030 0.005 0.006 0.007 0.002 0.003 0.003 0.004 0.003 0.002 0.001 0.001 0.002 0.002 0.003 0.003 0.002 0.014 0.004 0.003 0.003 0.007 0.006 0.004 0.010 0.062 0.004 0.003 0.003 0.002 0.002 0.005 0.003 0.013 0.005 0.006 0.006 0.004 0.050 0.083 0.004 0.003 0.005 0.083 0.006 0.005 0.005 
>Sequence
Normalized_weight: 0.016
-     T     S     N     S     K     F     A     H     F     D     E     A     Y     E     F     V     N     K     V     K     T     R     F     Q     N     N     -     D     V     F     N     S     F     L     E     V     L     K     T     H     K     K     E     N     K     S     V     A     -     -     -     -     -     -     -     -     -     -     -     -     -     E     L     Y     Q     E     V     A     I     L     F     Q     G     H     R     D     L     L     E     E     F     H     L     F     L     P     -     -     -     -     
0.003 0.071 0.167 0.018 0.014 0.007 0.100 0.022 0.028 0.006 0.009 0.013 0.005 0.048 0.045 0.014 0.007 0.003 0.003 0.006 0.006 0.006 0.003 0.007 0.003 0.011 0.010 0.100 0.004 0.006 0.125 0.005 0.003 0.007 0.003 0.003 0.018 0.014 0.003 0.008 0.083 0.005 0.005 0.006 0.007 0.005 0.006 0.056 0.026 0.003 0.003 0.004 0.003 0.002 0.001 0.001 0.002 0.002 0.003 0.003 0.002 0.002 0.004 0.056 0.003 0.006 0.006 0.004 0.005 0.009 0.004 0.003 0.006 0.002 0.002 0.013 0.003 0.013 0.005 0.005 0.006 0.004 0.100 0.028 0.004 0.003 0.005 0.003 0.006 0.005 0.005 
>Sequence
Normalized_weight: 0.016
-     -     -     -     N     K     K     L     T     T     T     D     A     L     D     F     L     H     L     V     K     T     K     Y     Q     D     N     R     E     I     Y     D     S     F     L     T     I     M     K     D     F     R     -     -     -     -     -     -     -     -     -     -     -     -     -     G     Q     R     A     K     T     C     D     V     I     S     K     V     K     E     L     F     K     G     Q     P     E     L     L     L     G     F     N     T     F     L     P     -     -     -     -     
0.003 0.002 0.003 0.002 0.008 0.007 0.020 0.008 0.019 0.033 0.030 0.003 0.005 0.004 0.030 0.014 0.005 0.045 0.033 0.006 0.006 0.006 0.012 0.071 0.003 0.003 0.010 0.009 0.005 0.013 0.004 0.008 0.003 0.007 0.003 0.125 0.004 0.012 0.003 0.005 0.007 0.013 0.010 0.011 0.011 0.007 0.005 0.004 0.002 0.003 0.003 0.004 0.003 0.002 0.001 0.045 0.037 0.056 0.125 0.125 0.014 0.071 0.010 0.003 0.003 0.008 0.143 0.004 0.006 0.004 0.004 0.003 0.003 0.002 0.014 0.002 0.011 0.013 0.005 0.007 0.004 0.004 0.003 0.003 0.004 0.003 0.005 0.003 0.006 0.005 0.005 
>Sequence
Normalized_weight: 0.020
-     -     -     -     -     -     -     -     -     -     -     -     -     -     N     F     I     S     K     L     K     A     R     F     Q     G     N     D     H     V     Y     E     S     F     L     E     I     L     T     M     Y     Q     Q     G     N     K     S     V     N     D     L     Y     -     -     -     -     -     -     -     -     -     Q     E     V     G     F     L     V     V     A     L     L     Q     G     H     E     D     L     V     M     E     F     -     -     -     -     -     -     -     -     -     
0.003 0.002 0.003 0.002 0.003 0.004 0.004 0.004 0.004 0.007 0.008 0.016 0.037 0.018 0.008 0.014 0.015 0.045 0.003 0.031 0.006 0.006 0.003 0.007 0.003 0.006 0.010 0.013 0.008 0.006 0.004 0.018 0.003 0.007 0.003 0.003 0.004 0.014 0.028 0.007 0.007 0.008 0.062 0.013 0.007 0.005 0.006 0.056 0.019 0.200 0.200 0.250 0.003 0.002 0.001 0.001 0.002 0.002 0.003 0.003 0.002 0.007 0.004 0.003 0.091 0.042 0.143 0.004 0.018 0.010 0.004 0.022 0.006 0.002 0.002 0.005 0.003 0.013 0.019 0.006 0.006 0.004 0.020 0.014 0.042 0.033 0.056 0.003 0.006 0.005 0.005 
>Sequence
Normalized_weight: 0.026
-     -     E     A     E     K     P     T     H     T     D     E     -     L     N     F     M     N     K     L     K     T     R     F     Q     R     D     T     H     V     V     G     S     F     H     S     I     M     T     M     Y     K     E     G     K     K     S     R     K     -     -     -     -     -     -     -     -     -     -     -     -     -     E     V     H     E     E     V     C     D     L     L     Y     Y     H     E     D     L     R     A     D     F     T     R     I     F     P     -     -     -     -     
0.003 0.002 0.024 0.091 0.017 0.007 0.004 0.111 0.028 0.033 0.009 0.013 0.037 0.004 0.008 0.014 0.056 0.003 0.003 0.031 0.006 0.006 0.003 0.007 0.003 0.045 0.006 0.100 0.008 0.006 0.050 0.125 0.003 0.007 0.200 0.125 0.004 0.012 0.028 0.007 0.007 0.005 0.021 0.013 0.030 0.005 0.006 0.111 0.010 0.003 0.003 0.004 0.003 0.002 0.001 0.001 0.002 0.002 0.003 0.003 0.002 0.002 0.004 0.003 0.091 0.007 0.006 0.004 0.091 0.010 0.004 0.022 0.022 0.111 0.002 0.005 0.003 0.013 0.167 0.083 0.019 0.004 0.014 0.014 0.083 0.100 0.005 0.003 0.006 0.005 0.005 
>Sequence
Normalized_weight: 0.027
-     -     -     -     -     -     -     -     -     -     -     -     -     -     -     -     -     N     K     K     N     A     R     F     Q     G     G     S     H     V     V     N     S     V     L     Q     I     L     K     M     Y     S     E     G     N     K     S     -     -     -     -     -     -     -     -     -     -     -     -     -     K     D     E     A     Y     Q     E     V     V     S     L     L     Q     N     H     V     D     L     V     M     E     F     G     -     -     -     -     -     -     -     -     
0.003 0.002 0.003 0.002 0.003 0.004 0.004 0.004 0.004 0.007 0.008 0.016 0.037 0.018 0.030 0.333 0.167 0.003 0.003 0.250 0.500 0.006 0.003 0.007 0.003 0.006 0.125 0.014 0.008 0.006 0.050 0.005 0.003 0.083 0.003 0.025 0.004 0.014 0.003 0.007 0.007 0.042 0.021 0.013 0.007 0.005 0.006 0.004 0.002 0.003 0.003 0.004 0.003 0.002 0.001 0.001 0.002 0.002 0.003 0.003 0.020 0.036 0.004 0.033 0.003 0.006 0.006 0.004 0.018 0.031 0.004 0.022 0.006 0.012 0.002 0.077 0.003 0.013 0.019 0.006 0.006 0.004 0.010 0.014 0.042 0.033 0.056 0.003 0.006 0.005 0.005 
>Sequence
Normalized_weight: 0.027
-     -     -     -     -     -     -     A     D     L     S     D     A     M     M     F     L     N     K     I     K     E     E     Y     M     N     D     M     V     T     Y     D     N     F     L     E     T     M     R     D     F     K     -     -     -     -     -     -     -     -     -     -     -     -     -     F     G     K     I     D     A     E     E     V     C     R     A     V     R     V     L     F     R     D     K     P     H     L     I     E     T     F     N     D     Y     L     P     -     -     -     -     
0.003 0.002 0.003 0.002 0.003 0.004 0.004 0.022 0.012 0.024 0.030 0.003 0.005 0.071 0.091 0.014 0.005 0.003 0.003 0.009 0.006 0.011 0.111 0.071 0.100 0.011 0.006 0.100 0.091 0.033 0.004 0.008 0.026 0.007 0.003 0.003 0.125 0.012 0.011 0.005 0.007 0.005 0.010 0.011 0.011 0.007 0.005 0.004 0.002 0.003 0.003 0.004 0.003 0.002 0.001 0.030 0.056 0.056 0.025 0.016 0.100 0.018 0.004 0.003 0.091 0.021 0.143 0.004 0.030 0.016 0.004 0.003 0.006 0.009 0.100 0.002 0.071 0.013 0.005 0.005 0.167 0.004 0.003 0.083 0.250 0.003 0.005 0.003 0.006 0.005 0.005 
>Sequence
Normalized_weight: 0.016
-     -     E     G     S     K     P     A     T     V     D     D     A     Y     A     Y     I     R     T     V     K     S     T     F     H     N     D     P     D     K     Y     D     D     F     M     A     I     M     K     N     F     K     -     -     -     -     -     -     -     -     -     -     -     -     -     A     R     K     I     D     R     N     T     C     I     E     E     V     K     E     L     L     K     G     H     R     D     L     I     S     G     F     N     A     F     L     P     -     -     -     -     
0.003 0.002 0.024 0.030 0.014 0.007 0.004 0.022 0.019 0.010 0.009 0.003 0.005 0.048 0.011 0.006 0.015 0.013 0.033 0.006 0.006 0.026 0.028 0.007 0.010 0.011 0.006 0.003 0.004 0.011 0.004 0.008 0.009 0.007 0.100 0.062 0.004 0.012 0.003 0.031 0.007 0.005 0.010 0.011 0.011 0.007 0.005 0.004 0.002 0.003 0.003 0.004 0.003 0.002 0.001 0.091 0.022 0.056 0.025 0.016 0.100 0.010 0.111 0.167 0.003 0.007 0.006 0.004 0.006 0.004 0.004 0.022 0.003 0.002 0.002 0.013 0.003 0.013 0.005 0.014 0.004 0.004 0.003 0.012 0.004 0.003 0.005 0.003 0.006 0.005 0.005 
>Sequence
Normalized_weight: 0.017
-     -     -     -     -     -     -     -     -     -     -     -     -     -     -     F     I     R     K     L     K     A     K     F     Q     G     D     S     H     V     A     D     S     V     L     Q     I     L     R     M     Y     S     E     G     N     K     S     -     -     -     -     -     -     -     -     -     -     -     -     -     K     S     E     A     F     Q     E     V     V     P     L     V     Q     D     H     E     D     L     V     M     E     -     -     -     -     -     -     -     -     -     -     
0.003 0.002 0.003 0.002 0.003 0.004 0.004 0.004 0.004 0.007 0.008 0.016 0.037 0.018 0.030 0.014 0.015 0.013 0.003 0.031 0.006 0.006 0.012 0.007 0.003 0.006 0.006 0.014 0.008 0.006 0.250 0.008 0.003 0.083 0.003 0.025 0.004 0.014 0.011 0.007 0.007 0.042 0.021 0.013 0.007 0.005 0.006 0.004 0.002 0.003 0.003 0.004 0.003 0.002 0.001 0.001 0.002 0.002 0.003 0.003 0.020 0.014 0.004 0.033 0.030 0.006 0.006 0.004 0.018 0.062 0.004 0.067 0.006 0.009 0.002 0.005 0.003 0.013 0.019 0.006 0.006 0.167 0.020 0.014 0.042 0.033 0.056 0.003 0.006 0.005 0.005 
>Sequence
Normalized_weight: 0.020
-     -     -     -     -     -     -     -     -     -     -     -     -     -     S     F     T     T     K     L     K     A     K     F     Q     G     D     S     Q     V     V     D     S     V     L     Q     I     M     R     M     Y     G     E     G     N     K     S     -     -     -     -     -     -     -     -     -     -     -     -     -     K     H     D     A     Y     Q     E     I     V     A     L     V     Q     G     H     D     D     L     V     M     E     L     S     Q     I     F     T     D     -     -     -     
0.003 0.002 0.003 0.002 0.003 0.004 0.004 0.004 0.004 0.007 0.008 0.016 0.037 0.018 0.003 0.014 0.083 0.023 0.003 0.031 0.006 0.006 0.012 0.007 0.003 0.006 0.006 0.014 0.008 0.006 0.050 0.008 0.003 0.083 0.003 0.025 0.004 0.012 0.011 0.007 0.007 0.167 0.021 0.013 0.007 0.005 0.006 0.004 0.002 0.003 0.003 0.004 0.003 0.002 0.001 0.001 0.002 0.002 0.003 0.003 0.020 0.036 0.010 0.033 0.003 0.006 0.006 0.167 0.018 0.010 0.004 0.067 0.006 0.002 0.002 0.019 0.003 0.013 0.019 0.006 0.006 0.167 0.033 0.006 0.083 0.100 0.167 0.004 0.006 0.005 0.005 
>Sequence
Normalized_weight: 0.017
-     -     -     -     -     -     -     -     -     -     -     -     -     -     -     F     I     T     K     L     K     A     R     F     L     G     D     S     Q     V     V     D     S     V     L     Q     I     L     R     M     H     S     E     G     N     K     S     -     -     -     -     -     -     -     -     -     -     -     -     -     K     D     E     A     S     Q     E     V     R     A     L     I     Q     G     H     E     D     L     L     M     E     -     -     -     -     -     -     -     -     -     -     
0.003 0.002 0.003 0.002 0.003 0.004 0.004 0.004 0.004 0.007 0.008 0.016 0.037 0.018 0.030 0.014 0.015 0.023 0.003 0.031 0.006 0.006 0.003 0.007 0.020 0.006 0.006 0.014 0.008 0.006 0.050 0.008 0.003 0.083 0.003 0.025 0.004 0.014 0.011 0.007 0.083 0.042 0.021 0.013 0.007 0.005 0.006 0.004 0.002 0.003 0.003 0.004 0.003 0.002 0.001 0.001 0.002 0.002 0.003 0.003 0.020 0.036 0.004 0.033 0.091 0.006 0.006 0.004 0.030 0.010 0.004 0.200 0.006 0.002 0.002 0.005 0.003 0.013 0.005 0.006 0.006 0.167 0.020 0.014 0.042 0.033 0.056 0.003 0.006 0.005 0.005 
