>Sequence
Normalized_weight: 0.007
A     M     S     D     L     E     L     R     Q     C     L     P     C     G     P     G     G     K     G     R     C     F     G     P     S     I     C     C     G     D     E     L     G     C     F     V     G     T     A     E     A     L     R     C     Q     E     E     N     Y     L     P     S     P     C     Q     S     G     Q     K     P     C     G     S     G     G     R     C     A     A     A     G     I     C     C     N     D     E     S     C     V     T     E     P     E     C     -     -     -     -     -     -     -     
0.010 0.028 0.014 0.005 0.006 0.007 0.007 0.004 0.005 0.016 0.007 0.005 0.008 0.008 0.004 0.003 0.006 0.004 0.008 0.004 0.016 0.005 0.008 0.004 0.004 0.006 0.006 0.006 0.003 0.007 0.004 0.004 0.009 0.009 0.006 0.006 0.006 0.007 0.007 0.004 0.008 0.004 0.003 0.009 0.004 0.003 0.009 0.003 0.003 0.003 0.005 0.004 0.006 0.009 0.004 0.006 0.002 0.013 0.003 0.003 0.009 0.005 0.003 0.004 0.005 0.003 0.009 0.003 0.003 0.010 0.009 0.005 0.009 0.009 0.009 0.006 0.003 0.006 0.006 0.007 0.009 0.020 0.007 0.011 0.006 0.005 0.006 0.008 0.003 0.003 0.006 0.007 
>Sequence
Normalized_weight: 0.009
A     V     L     D     L     D     V     R     T     C     L     P     C     G     P     G     G     K     G     R     C     F     G     P     S     I     C     C     G     D     E     L     G     C     F     V     G     T     A     E     A     L     R     C     Q     E     E     N     Y     L     P     S     P     C     Q     S     G     Q     K     P     C     G     S     G     G     R     C     A     A     A     G     I     C     C     S     P     D     G     C     E     E     D     P     A     C     D     P     E     A     A     F     S     
0.010 0.008 0.006 0.005 0.006 0.008 0.007 0.004 0.042 0.016 0.007 0.005 0.008 0.008 0.004 0.003 0.006 0.004 0.008 0.004 0.016 0.005 0.008 0.004 0.004 0.006 0.006 0.006 0.003 0.007 0.004 0.004 0.009 0.009 0.006 0.006 0.006 0.007 0.007 0.004 0.008 0.004 0.003 0.009 0.004 0.003 0.009 0.003 0.003 0.003 0.005 0.004 0.006 0.009 0.004 0.006 0.002 0.013 0.003 0.003 0.009 0.005 0.003 0.004 0.005 0.003 0.009 0.003 0.003 0.010 0.009 0.005 0.009 0.009 0.007 0.010 0.011 0.009 0.006 0.077 0.042 0.003 0.007 0.008 0.006 0.006 0.014 0.006 0.016 0.017 0.021 0.037 
>Sequence
Normalized_weight: 0.008
A     V     Q     D     L     P     S     R     Q     C     M     S     C     G     P     G     D     R     G     R     C     F     G     P     S     I     C     C     G     E     G     L     G     C     L     L     G     S     P     E     T     L     R     C     Q     E     E     D     F     L     P     S     P     C     E     A     G     G     K     M     C     G     Y     E     G     R     C     A     A     P     G     V     C     C     D     S     E     G     C     S     M     D     Q     S     C     -     -     -     -     -     -     -     
0.010 0.008 0.014 0.005 0.006 0.009 0.020 0.004 0.005 0.016 0.007 0.009 0.008 0.008 0.004 0.003 0.007 0.004 0.008 0.004 0.016 0.005 0.008 0.004 0.004 0.006 0.006 0.006 0.003 0.003 0.008 0.004 0.009 0.009 0.008 0.014 0.006 0.014 0.005 0.004 0.006 0.004 0.003 0.009 0.004 0.003 0.009 0.018 0.014 0.003 0.005 0.004 0.006 0.009 0.006 0.009 0.002 0.005 0.003 0.111 0.009 0.005 0.023 0.012 0.005 0.003 0.009 0.003 0.003 0.005 0.009 0.010 0.009 0.009 0.007 0.006 0.003 0.009 0.006 0.008 0.010 0.003 0.018 0.006 0.006 0.005 0.006 0.008 0.003 0.003 0.006 0.007 
>Sequence
Normalized_weight: 0.011
A     V     Q     D     W     Q     S     R     Q     C     L     S     C     G     P     G     D     H     G     Q     C     F     G     P     S     I     C     C     G     E     G     I     G     C     L     V     G     S     P     E     T     L     R     C     L     E     E     D     F     L     P     S     P     C     E     V     S     G     K     A     C     G     Y     E     G     H     C     A     A     P     G     V     C     C     D     S     E     G     C     S     M     D     Q     S     C     -     -     -     -     -     -     -     
0.010 0.008 0.014 0.005 0.045 0.111 0.020 0.004 0.005 0.016 0.007 0.009 0.008 0.008 0.004 0.003 0.007 0.083 0.008 0.021 0.016 0.005 0.008 0.004 0.004 0.006 0.006 0.006 0.003 0.003 0.008 0.024 0.009 0.009 0.008 0.006 0.006 0.014 0.005 0.004 0.006 0.004 0.003 0.009 0.015 0.003 0.009 0.018 0.014 0.003 0.005 0.004 0.006 0.009 0.006 0.016 0.050 0.005 0.003 0.028 0.009 0.005 0.023 0.012 0.005 0.015 0.009 0.003 0.003 0.005 0.009 0.010 0.009 0.009 0.007 0.006 0.003 0.009 0.006 0.008 0.010 0.003 0.018 0.006 0.006 0.005 0.006 0.008 0.003 0.003 0.006 0.007 
>Sequence
Normalized_weight: 0.026
-     M     Q     L     L     G     Q     R     Q     C     M     S     C     G     P     D     G     I     G     Q     C     V     G     P     N     I     C     C     S     P     H     F     G     C     H     I     G     T     P     E     T     E     V     C     Q     K     E     N     Q     S     T     S     P     C     S     V     R     G     E     T     C     G     D     T     G     N     C     V     A     N     G     I     C     C     D     S     E     S     C     A     V     N     D     R     C     -     -     -     -     -     -     -     
0.028 0.028 0.014 0.200 0.006 0.014 0.033 0.004 0.005 0.016 0.007 0.009 0.008 0.008 0.004 0.125 0.006 0.083 0.008 0.021 0.016 0.031 0.008 0.004 0.009 0.006 0.006 0.006 0.167 0.033 0.037 0.029 0.009 0.009 0.050 0.042 0.006 0.007 0.005 0.004 0.006 0.111 0.020 0.009 0.004 0.062 0.009 0.003 0.062 0.048 0.067 0.004 0.006 0.009 0.056 0.016 0.050 0.005 0.033 0.111 0.009 0.005 0.030 0.143 0.005 0.023 0.009 0.042 0.003 0.033 0.009 0.005 0.009 0.009 0.007 0.006 0.003 0.006 0.006 0.007 0.005 0.071 0.048 0.023 0.006 0.005 0.006 0.008 0.003 0.003 0.006 0.007 
>Sequence
Normalized_weight: 0.014
S     F     P     D     L     K     -     R     P     C     M     S     C     G     P     G     N     R     G     L     C     F     G     P     S     I     C     C     G     E     G     M     G     C     Y     M     G     S     P     E     A     A     S     C     V     E     E     N     Y     L     T     S     P     C     E     V     G     G     R     V     C     G     S     E     G     H     C     A     A     P     G     V     C     C     D     A     E     S     C     L     L     D     S     D     C     -     -     -     -     -     -     -     
0.020 0.022 0.010 0.005 0.006 0.111 0.025 0.004 0.083 0.016 0.007 0.009 0.008 0.008 0.004 0.003 0.008 0.004 0.008 0.167 0.016 0.005 0.008 0.004 0.004 0.006 0.006 0.006 0.003 0.003 0.008 0.036 0.009 0.009 0.005 0.021 0.006 0.014 0.005 0.004 0.008 0.007 0.050 0.009 0.011 0.003 0.009 0.003 0.003 0.003 0.067 0.004 0.006 0.009 0.006 0.016 0.002 0.005 0.008 0.028 0.009 0.005 0.003 0.012 0.005 0.015 0.009 0.003 0.003 0.005 0.009 0.010 0.009 0.009 0.007 0.015 0.003 0.006 0.006 0.077 0.017 0.003 0.010 0.011 0.006 0.005 0.006 0.008 0.003 0.003 0.006 0.007 
>Sequence
Normalized_weight: 0.012
A     A     L     D     L     D     V     R     K     C     L     P     C     G     P     G     G     K     G     R     C     F     G     P     N     I     C     C     V     E     E     L     G     C     F     V     G     T     A     E     A     L     R     C     Q     E     E     S     Y     L     P     S     P     C     Q     S     G     H     K     A     C     G     S     G     G     H     C     A     A     F     G     L     C     C     S     P     D     G     -     -     -     -     -     -     -     -     -     -     -     -     -     -     
0.010 0.028 0.006 0.005 0.006 0.008 0.007 0.004 0.010 0.016 0.007 0.005 0.008 0.008 0.004 0.003 0.006 0.004 0.008 0.004 0.016 0.005 0.008 0.004 0.009 0.006 0.006 0.006 0.056 0.003 0.004 0.004 0.009 0.009 0.006 0.006 0.006 0.007 0.007 0.004 0.008 0.004 0.003 0.009 0.004 0.003 0.009 0.042 0.003 0.003 0.005 0.004 0.006 0.009 0.004 0.006 0.002 0.167 0.003 0.028 0.009 0.005 0.003 0.004 0.005 0.015 0.009 0.003 0.003 0.100 0.009 0.028 0.009 0.009 0.007 0.010 0.011 0.009 0.056 0.013 0.014 0.024 0.024 0.015 0.056 0.005 0.006 0.008 0.003 0.003 0.006 0.007 
>Sequence
Normalized_weight: 0.029
-     -     -     -     -     P     A     R     Q     C     M     P     C     G     A     T     V     G     G     R     C     V     S     E     N     T     C     C     V     A     H     L     G     C     F     V     N     T     E     E     S     K     V     C     A     L     E     N     H     L     S     T     P     C     R     L     E     G     P     P     C     G     S     D     G     Q     C     A     V     E     G     I     C     C     A     G     Q     N     C     R     Y     D     A     Q     C     -     -     -     -     -     -     -     
0.028 0.011 0.011 0.029 0.013 0.009 0.050 0.004 0.005 0.016 0.007 0.005 0.008 0.008 0.125 0.062 0.062 0.042 0.008 0.004 0.016 0.031 0.250 0.125 0.009 0.167 0.006 0.006 0.056 0.020 0.037 0.004 0.009 0.009 0.006 0.006 0.167 0.007 0.071 0.004 0.028 0.037 0.020 0.009 0.013 0.062 0.009 0.003 0.042 0.003 0.029 0.011 0.006 0.009 0.022 0.062 0.100 0.005 0.050 0.003 0.009 0.005 0.003 0.018 0.005 0.030 0.009 0.003 0.048 0.033 0.009 0.005 0.009 0.009 0.056 0.045 0.062 0.083 0.006 0.015 0.042 0.003 0.020 0.045 0.006 0.005 0.006 0.008 0.003 0.003 0.006 0.007 
>Sequence
Normalized_weight: 0.030
-     -     -     -     -     P     A     R     Q     C     M     P     C     G     A     T     V     G     G     R     C     V     S     E     N     T     C     C     V     A     H     L     G     C     F     V     N     T     E     E     S     K     V     C     A     L     E     N     H     L     S     T     P     C     R     L     Q     G     P     P     C     G     S     D     G     Q     C     A     V     E     G     I     C     C     A     G     H     N     C     R     Y     D     A     Q     C     -     -     -     -     -     -     -     
0.028 0.011 0.011 0.029 0.013 0.009 0.050 0.004 0.005 0.016 0.007 0.005 0.008 0.008 0.125 0.062 0.062 0.042 0.008 0.004 0.016 0.031 0.250 0.125 0.009 0.167 0.006 0.006 0.056 0.020 0.037 0.004 0.009 0.009 0.006 0.006 0.167 0.007 0.071 0.004 0.028 0.037 0.020 0.009 0.013 0.062 0.009 0.003 0.042 0.003 0.029 0.011 0.006 0.009 0.022 0.062 0.100 0.005 0.050 0.003 0.009 0.005 0.003 0.018 0.005 0.030 0.009 0.003 0.048 0.033 0.009 0.005 0.009 0.009 0.056 0.045 0.125 0.083 0.006 0.015 0.042 0.003 0.020 0.045 0.006 0.005 0.006 0.008 0.003 0.003 0.006 0.007 
>Sequence
Normalized_weight: 0.021
S     A     L     A     M     D     V     R     K     C     L     P     C     G     P     G     S     K     G     R     C     F     G     P     N     I     C     C     G     E     E     L     G     C     Y     M     G     T     A     E     S     L     R     C     Q     E     E     S     Y     L     S     S     P     -     -     -     -     -     -     -     -     -     -     -     -     -     -     -     -     -     -     -     -     -     -     -     -     -     -     -     -     -     -     -     -     -     -     -     -     -     -     -     
0.020 0.028 0.006 0.067 0.009 0.008 0.007 0.004 0.010 0.016 0.007 0.005 0.008 0.008 0.004 0.003 0.062 0.004 0.008 0.004 0.016 0.005 0.008 0.004 0.009 0.006 0.006 0.006 0.003 0.003 0.004 0.004 0.009 0.009 0.005 0.021 0.006 0.007 0.007 0.004 0.028 0.004 0.003 0.009 0.004 0.003 0.009 0.042 0.003 0.003 0.029 0.004 0.006 0.100 0.022 0.025 0.020 0.033 0.020 0.022 0.100 0.050 0.018 0.029 0.050 0.018 0.100 0.033 0.029 0.020 0.100 0.033 0.100 0.100 0.022 0.018 0.025 0.033 0.056 0.013 0.014 0.024 0.024 0.015 0.056 0.005 0.006 0.008 0.003 0.003 0.006 0.007 
>Sequence
Normalized_weight: 0.049
-     -     -     -     -     P     T     K     P     C     M     Y     C     -     -     -     S     F     G     Q     C     V     G     P     H     I     C     C     G     P     T     -     G     C     E     M     G     T     A     E     A     N     M     C     S     E     E     D     E     D     P     I     P     C     Q     V     F     G     S     D     C     A     L     N     G     H     C     V     A     D     G     I     C     C     V     D     D     T     C     T     T     H     L     G     C     -     -     -     -     -     -     -     
0.028 0.011 0.011 0.029 0.013 0.009 0.100 0.250 0.083 0.016 0.007 0.167 0.008 0.500 0.250 0.125 0.062 0.083 0.008 0.021 0.016 0.031 0.008 0.004 0.143 0.006 0.006 0.006 0.003 0.033 0.111 0.029 0.009 0.009 0.100 0.021 0.006 0.007 0.007 0.004 0.008 0.111 0.100 0.009 0.091 0.003 0.009 0.018 0.062 0.143 0.005 0.167 0.006 0.009 0.004 0.016 0.100 0.005 0.033 0.111 0.009 0.250 0.030 0.143 0.005 0.015 0.009 0.042 0.003 0.025 0.009 0.005 0.009 0.009 0.111 0.006 0.011 0.024 0.006 0.008 0.009 0.143 0.143 0.091 0.006 0.005 0.006 0.008 0.003 0.003 0.006 0.007 
>Sequence
Normalized_weight: 0.038
A     M     S     D     L     E     L     R     Q     C     L     P     W     G     P     G     G     K     G     R     C     F     G     P     S     I     C     C     G     D     E     -     -     -     -     -     -     -     -     -     -     -     -     -     -     -     -     -     -     -     -     -     -     -     -     -     -     -     -     -     -     -     -     -     -     -     -     -     -     -     -     -     -     -     -     -     -     -     -     -     -     -     -     -     -     -     -     -     -     -     -     -     
0.010 0.028 0.014 0.005 0.006 0.007 0.007 0.004 0.005 0.016 0.007 0.005 0.500 0.008 0.004 0.003 0.006 0.004 0.008 0.004 0.016 0.005 0.008 0.004 0.004 0.006 0.006 0.006 0.003 0.007 0.004 0.029 0.167 0.167 0.033 0.056 0.111 0.083 0.048 0.050 0.056 0.037 0.033 0.125 0.023 0.031 0.125 0.031 0.031 0.036 0.050 0.042 0.083 0.100 0.022 0.025 0.020 0.033 0.020 0.022 0.100 0.050 0.018 0.029 0.050 0.018 0.100 0.033 0.029 0.020 0.100 0.033 0.100 0.100 0.022 0.018 0.025 0.033 0.056 0.013 0.014 0.024 0.024 0.015 0.056 0.005 0.006 0.008 0.003 0.003 0.006 0.007 
>Sequence
Normalized_weight: 0.035
-     -     -     -     -     -     -     -     K     C     L     P     C     G     P     R     N     K     -     -     C     F     G     P     N     I     C     C     G     E     E     L     G     C     Y     L     G     T     P     E     T     L     R     -     -     -     -     -     -     -     -     -     -     -     -     -     -     -     -     -     -     -     -     -     -     -     -     -     -     -     -     -     -     -     -     -     -     -     -     -     -     -     -     -     -     -     -     -     -     -     -     -     
0.028 0.011 0.011 0.029 0.013 0.037 0.025 0.250 0.010 0.016 0.007 0.005 0.008 0.008 0.004 0.016 0.008 0.004 0.500 0.167 0.016 0.005 0.008 0.004 0.009 0.006 0.006 0.006 0.003 0.003 0.004 0.004 0.009 0.009 0.005 0.014 0.006 0.007 0.005 0.004 0.006 0.004 0.003 0.125 0.023 0.031 0.125 0.031 0.031 0.036 0.050 0.042 0.083 0.100 0.022 0.025 0.020 0.033 0.020 0.022 0.100 0.050 0.018 0.029 0.050 0.018 0.100 0.033 0.029 0.020 0.100 0.033 0.100 0.100 0.022 0.018 0.025 0.033 0.056 0.013 0.014 0.024 0.024 0.015 0.056 0.005 0.006 0.008 0.003 0.003 0.006 0.007 
>Sequence
Normalized_weight: 0.035
A     L     A     D     G     E     L     R     Q     C     M     P     C     G     P     G     D     R     G     R     C     F     G     P     N     I     C     C     G     -     -     -     -     -     -     -     -     -     -     -     -     -     -     -     -     -     -     -     -     -     -     -     -     -     -     -     -     -     -     -     -     -     -     -     -     -     -     -     -     -     -     -     -     -     -     -     -     -     -     -     -     -     -     -     -     -     -     -     -     -     -     -     
0.010 0.009 0.033 0.005 0.045 0.007 0.007 0.004 0.005 0.016 0.007 0.005 0.008 0.008 0.004 0.003 0.007 0.004 0.008 0.004 0.016 0.005 0.008 0.004 0.009 0.006 0.006 0.006 0.003 0.050 0.056 0.029 0.167 0.167 0.033 0.056 0.111 0.083 0.048 0.050 0.056 0.037 0.033 0.125 0.023 0.031 0.125 0.031 0.031 0.036 0.050 0.042 0.083 0.100 0.022 0.025 0.020 0.033 0.020 0.022 0.100 0.050 0.018 0.029 0.050 0.018 0.100 0.033 0.029 0.020 0.100 0.033 0.100 0.100 0.022 0.018 0.025 0.033 0.056 0.013 0.014 0.024 0.024 0.015 0.056 0.005 0.006 0.008 0.003 0.003 0.006 0.007 
>Sequence
Normalized_weight: 0.008
A     I     S     D     M     E     L     R     Q     C     L     P     C     G     P     G     G     K     G     R     C     F     G     P     S     I     C     C     A     D     E     L     G     C     F     V     G     T     A     E     A     L     R     C     Q     E     E     N     Y     L     P     S     P     C     Q     S     G     Q     K     P     C     G     S     G     G     R     C     A     A     V     G     I     C     C     S     D     E     S     C     V     A     E     P     E     C     H     D     -     -     -     -     -     
0.010 0.016 0.014 0.005 0.009 0.007 0.007 0.004 0.005 0.016 0.007 0.005 0.008 0.008 0.004 0.003 0.006 0.004 0.008 0.004 0.016 0.005 0.008 0.004 0.004 0.006 0.006 0.006 0.028 0.007 0.004 0.004 0.009 0.009 0.006 0.006 0.006 0.007 0.007 0.004 0.008 0.004 0.003 0.009 0.004 0.003 0.009 0.003 0.003 0.003 0.005 0.004 0.006 0.009 0.004 0.006 0.002 0.013 0.003 0.003 0.009 0.005 0.003 0.004 0.005 0.003 0.009 0.003 0.003 0.100 0.009 0.005 0.009 0.009 0.007 0.006 0.003 0.006 0.006 0.007 0.014 0.020 0.007 0.011 0.006 0.038 0.008 0.008 0.003 0.003 0.006 0.007 
>Sequence
Normalized_weight: 0.007
A     T     S     D     M     E     L     R     Q     C     L     P     C     G     P     G     G     K     G     R     C     F     G     P     S     I     C     C     A     D     E     L     G     C     F     L     G     T     A     E     A     L     R     C     Q     E     E     N     Y     L     P     S     P     C     Q     S     G     Q     K     P     C     G     S     G     G     R     C     A     A     A     G     I     C     C     S     D     E     S     C     V     A     E     P     E     C     R     E     -     -     -     -     -     
0.010 0.056 0.014 0.005 0.009 0.007 0.007 0.004 0.005 0.016 0.007 0.005 0.008 0.008 0.004 0.003 0.006 0.004 0.008 0.004 0.016 0.005 0.008 0.004 0.004 0.006 0.006 0.006 0.028 0.007 0.004 0.004 0.009 0.009 0.006 0.014 0.006 0.007 0.007 0.004 0.008 0.004 0.003 0.009 0.004 0.003 0.009 0.003 0.003 0.003 0.005 0.004 0.006 0.009 0.004 0.006 0.002 0.013 0.003 0.003 0.009 0.005 0.003 0.004 0.005 0.003 0.009 0.003 0.003 0.010 0.009 0.005 0.009 0.009 0.007 0.006 0.003 0.006 0.006 0.007 0.014 0.020 0.007 0.011 0.006 0.013 0.006 0.008 0.003 0.003 0.006 0.007 
>Sequence
Normalized_weight: 0.009
S     Y     P     D     T     E     V     R     Q     C     I     P     C     G     P     G     N     R     G     N     C     F     G     P     N     I     C     C     G     E     D     L     G     C     Y     I     G     T     P     E     T     L     R     C     V     E     E     N     Y     L     P     S     P     C     E     A     G     G     K     P     C     G     A     G     G     R     C     A     A     P     G     V     C     C     N     D     Q     S     C     T     M     D     S     S     C     L     D     E     -     -     -     -     
0.020 0.056 0.010 0.005 0.005 0.007 0.007 0.004 0.005 0.016 0.021 0.005 0.008 0.008 0.004 0.003 0.008 0.004 0.008 0.033 0.016 0.005 0.008 0.004 0.009 0.006 0.006 0.006 0.003 0.003 0.022 0.004 0.009 0.009 0.005 0.042 0.006 0.007 0.005 0.004 0.006 0.004 0.003 0.009 0.011 0.003 0.009 0.003 0.003 0.003 0.005 0.004 0.006 0.009 0.006 0.009 0.002 0.005 0.003 0.003 0.009 0.005 0.030 0.004 0.005 0.003 0.009 0.003 0.003 0.005 0.009 0.010 0.009 0.009 0.009 0.006 0.062 0.006 0.006 0.008 0.010 0.003 0.010 0.006 0.006 0.005 0.008 0.006 0.003 0.003 0.006 0.007 
>Sequence
Normalized_weight: 0.012
A     F     P     D     T     E     I     R     Q     C     I     P     C     G     P     G     K     K     G     N     C     F     G     P     S     I     C     C     G     E     E     F     G     C     Y     F     G     T     P     E     T     L     R     C     L     E     E     N     Y     L     S     S     P     C     E     A     G     G     K     P     C     S     A     G     G     R     C     A     A     S     G     I     C     C     N     D     E     S     C     T     T     D     A     A     C     V     D     E     N     S     D     -     
0.010 0.022 0.010 0.005 0.005 0.007 0.008 0.004 0.005 0.016 0.021 0.005 0.008 0.008 0.004 0.003 0.125 0.004 0.008 0.033 0.016 0.005 0.008 0.004 0.004 0.006 0.006 0.006 0.003 0.003 0.004 0.029 0.009 0.009 0.005 0.021 0.006 0.007 0.005 0.004 0.006 0.004 0.003 0.009 0.015 0.003 0.009 0.003 0.003 0.003 0.029 0.004 0.006 0.009 0.006 0.009 0.002 0.005 0.003 0.003 0.009 0.062 0.030 0.004 0.005 0.003 0.009 0.003 0.003 0.009 0.009 0.005 0.009 0.009 0.009 0.006 0.003 0.006 0.006 0.008 0.009 0.003 0.020 0.008 0.006 0.026 0.008 0.006 0.111 0.020 0.062 0.007 
>Sequence
Normalized_weight: 0.010
S     Y     P     D     T     A     V     R     Q     C     I     P     C     G     P     G     N     R     G     N     C     F     G     P     N     I     C     C     G     E     D     L     G     C     Y     V     G     T     P     E     T     L     R     C     V     E     E     T     Y     L     P     S     P     C     E     A     G     G     K     P     C     S     S     G     G     R     C     A     A     P     G     V     C     C     S     D     D     T     C     V     V     D     S     S     C     L     D     E     -     -     -     -     
0.020 0.056 0.010 0.005 0.005 0.028 0.007 0.004 0.005 0.016 0.021 0.005 0.008 0.008 0.004 0.003 0.008 0.004 0.008 0.033 0.016 0.005 0.008 0.004 0.009 0.006 0.006 0.006 0.003 0.003 0.022 0.004 0.009 0.009 0.005 0.006 0.006 0.007 0.005 0.004 0.006 0.004 0.003 0.009 0.011 0.003 0.009 0.125 0.003 0.003 0.005 0.004 0.006 0.009 0.006 0.009 0.002 0.005 0.003 0.003 0.009 0.062 0.003 0.004 0.005 0.003 0.009 0.003 0.003 0.005 0.009 0.010 0.009 0.009 0.007 0.006 0.011 0.024 0.006 0.007 0.005 0.003 0.010 0.006 0.006 0.005 0.008 0.006 0.003 0.003 0.006 0.007 
>Sequence
Normalized_weight: 0.007
A     L     S     D     T     E     L     R     Q     C     L     P     C     G     P     G     G     Q     G     R     C     F     G     P     S     I     C     C     A     D     A     L     G     C     F     V     G     T     A     E     A     L     R     C     Q     E     E     N     Y     L     P     S     P     C     Q     S     G     Q     K     P     C     G     S     G     G     R     C     A     A     N     G     V     C     C     N     D     E     S     C     V     I     E     P     E     C     R     E     E     -     -     -     -     
0.010 0.009 0.014 0.005 0.005 0.007 0.007 0.004 0.005 0.016 0.007 0.005 0.008 0.008 0.004 0.003 0.006 0.017 0.008 0.004 0.016 0.005 0.008 0.004 0.004 0.006 0.006 0.006 0.028 0.007 0.028 0.004 0.009 0.009 0.006 0.006 0.006 0.007 0.007 0.004 0.008 0.004 0.003 0.009 0.004 0.003 0.009 0.003 0.003 0.003 0.005 0.004 0.006 0.009 0.004 0.006 0.002 0.013 0.003 0.003 0.009 0.005 0.003 0.004 0.005 0.003 0.009 0.003 0.003 0.033 0.009 0.010 0.009 0.009 0.009 0.006 0.003 0.006 0.006 0.007 0.021 0.020 0.007 0.011 0.006 0.013 0.006 0.006 0.003 0.003 0.006 0.007 
>Sequence
Normalized_weight: 0.014
A     L     Q     D     T     G     I     R     Q     C     M     T     C     G     P     G     D     Q     G     H     C     F     G     P     S     I     C     C     G     E     G     L     G     C     W     M     G     S     P     E     T     A     R     C     F     E     E     N     Y     L     P     T     P     C     Q     T     G     G     R     P     C     G     S     D     G     R     C     A     A     P     G     V     C     C     D     S     E     S     C     V     L     D     P     D     C     L     S     E     S     R     Y     -     
0.010 0.009 0.014 0.005 0.005 0.014 0.008 0.004 0.005 0.016 0.007 0.083 0.008 0.008 0.004 0.003 0.007 0.017 0.008 0.028 0.016 0.005 0.008 0.004 0.004 0.006 0.006 0.006 0.003 0.003 0.008 0.004 0.009 0.009 0.050 0.021 0.006 0.014 0.005 0.004 0.006 0.007 0.003 0.009 0.091 0.003 0.009 0.003 0.003 0.003 0.005 0.011 0.006 0.009 0.004 0.025 0.002 0.005 0.008 0.003 0.009 0.005 0.003 0.018 0.005 0.003 0.009 0.003 0.003 0.005 0.009 0.010 0.009 0.009 0.007 0.006 0.003 0.006 0.006 0.007 0.017 0.003 0.007 0.011 0.006 0.005 0.042 0.006 0.016 0.100 0.250 0.007 
>Sequence
Normalized_weight: 0.009
A     V     L     D     L     D     V     R     K     C     L     P     C     G     P     G     G     K     G     R     C     F     G     P     S     I     C     C     G     D     E     L     G     C     F     V     G     T     A     E     A     L     R     C     Q     E     E     N     Y     L     P     S     P     C     Q     S     G     Q     K     P     C     G     S     E     G     R     C     A     A     A     G     I     C     C     N     P     D     G     C     R     F     D     P     A     C     D     P     E     A     T     F     S     
0.010 0.008 0.006 0.005 0.006 0.008 0.007 0.004 0.010 0.016 0.007 0.005 0.008 0.008 0.004 0.003 0.006 0.004 0.008 0.004 0.016 0.005 0.008 0.004 0.004 0.006 0.006 0.006 0.003 0.007 0.004 0.004 0.009 0.009 0.006 0.006 0.006 0.007 0.007 0.004 0.008 0.004 0.003 0.009 0.004 0.003 0.009 0.003 0.003 0.003 0.005 0.004 0.006 0.009 0.004 0.006 0.002 0.013 0.003 0.003 0.009 0.005 0.003 0.012 0.005 0.003 0.009 0.003 0.003 0.010 0.009 0.005 0.009 0.009 0.009 0.010 0.011 0.009 0.006 0.015 0.083 0.003 0.007 0.008 0.006 0.006 0.014 0.006 0.016 0.100 0.021 0.037 
>Sequence
Normalized_weight: 0.012
A     L     G     D     T     A     L     R     Q     C     L     P     C     G     P     G     N     R     G     R     C     F     G     P     G     I     C     C     G     A     E     L     G     C     Y     L     G     T     A     E     T     R     R     C     A     E     E     D     Y     M     P     S     P     C     Q     A     G     G     Q     P     C     G     S     D     G     R     C     A     A     N     G     V     C     C     S     A     D     T     C     A     M     D     A     V     C     L     E     E     G     S     -     -     
0.010 0.009 0.100 0.005 0.005 0.028 0.007 0.004 0.005 0.016 0.007 0.005 0.008 0.008 0.004 0.003 0.008 0.004 0.008 0.004 0.016 0.005 0.008 0.004 0.029 0.006 0.006 0.006 0.003 0.020 0.004 0.004 0.009 0.009 0.005 0.014 0.006 0.007 0.007 0.004 0.006 0.056 0.003 0.009 0.013 0.003 0.009 0.018 0.003 0.071 0.005 0.004 0.006 0.009 0.004 0.009 0.002 0.005 0.033 0.003 0.009 0.005 0.003 0.018 0.005 0.003 0.009 0.003 0.003 0.033 0.009 0.010 0.009 0.009 0.007 0.015 0.011 0.024 0.006 0.007 0.010 0.003 0.020 0.091 0.006 0.005 0.006 0.006 0.037 0.020 0.006 0.007 
>Sequence
Normalized_weight: 0.009
A     L     A     D     A     A     L     R     Q     C     M     P     C     G     P     G     D     R     G     N     C     F     G     P     S     I     C     C     G     A     E     L     G     C     Y     V     G     T     A     E     T     L     R     C     A     E     E     N     Y     L     P     S     P     C     R     A     G     G     Q     P     C     G     A     G     G     R     C     A     A     P     G     I     C     C     S     D     E     T     C     S     L     E     P     A     C     L     E     E     A     G     -     -     
0.010 0.009 0.033 0.005 0.023 0.028 0.007 0.004 0.005 0.016 0.007 0.005 0.008 0.008 0.004 0.003 0.007 0.004 0.008 0.033 0.016 0.005 0.008 0.004 0.004 0.006 0.006 0.006 0.003 0.020 0.004 0.004 0.009 0.009 0.005 0.006 0.006 0.007 0.007 0.004 0.006 0.004 0.003 0.009 0.013 0.003 0.009 0.003 0.003 0.003 0.005 0.004 0.006 0.009 0.022 0.009 0.002 0.005 0.033 0.003 0.009 0.005 0.030 0.004 0.005 0.003 0.009 0.003 0.003 0.005 0.009 0.005 0.009 0.009 0.007 0.006 0.003 0.024 0.006 0.008 0.017 0.020 0.007 0.008 0.006 0.005 0.006 0.006 0.016 0.025 0.006 0.007 
>Sequence
Normalized_weight: 0.009
A     T     S     D     M     E     L     R     Q     C     L     P     C     G     P     G     G     K     G     R     C     F     G     P     S     I     C     C     A     D     E     L     G     C     F     V     G     T     A     E     A     L     R     C     Q     E     E     N     Y     L     P     S     P     C     Q     S     G     Q     K     P     C     G     S     G     G     R     C     C     A     A     G     I     C     C     S     D     E     S     C     V     T     E     P     E     C     R     E     -     -     -     -     -     
0.010 0.056 0.014 0.005 0.009 0.007 0.007 0.004 0.005 0.016 0.007 0.005 0.008 0.008 0.004 0.003 0.006 0.004 0.008 0.004 0.016 0.005 0.008 0.004 0.004 0.006 0.006 0.006 0.028 0.007 0.004 0.004 0.009 0.009 0.006 0.006 0.006 0.007 0.007 0.004 0.008 0.004 0.003 0.009 0.004 0.003 0.009 0.003 0.003 0.003 0.005 0.004 0.006 0.009 0.004 0.006 0.002 0.013 0.003 0.003 0.009 0.005 0.003 0.004 0.005 0.003 0.009 0.167 0.003 0.010 0.009 0.005 0.009 0.009 0.007 0.006 0.003 0.006 0.006 0.007 0.009 0.020 0.007 0.011 0.006 0.013 0.006 0.008 0.003 0.003 0.006 0.007 
>Sequence
Normalized_weight: 0.014
S     F     P     D     T     E     V     R     E     C     L     S     C     G     P     G     N     R     G     N     C     F     G     P     S     I     C     C     G     E     E     I     G     C     Y     F     G     T     S     E     T     L     R     C     K     E     E     N     Y     L     P     S     P     C     E     S     G     W     K     S     C     S     R     G     G     R     C     M     S     P     G     I     C     C     N     D     E     S     C     T     V     D     S     S     C     L     D     E     -     -     -     -     
0.020 0.022 0.010 0.005 0.005 0.007 0.007 0.004 0.056 0.016 0.007 0.009 0.008 0.008 0.004 0.003 0.008 0.004 0.008 0.033 0.016 0.005 0.008 0.004 0.004 0.006 0.006 0.006 0.003 0.003 0.004 0.024 0.009 0.009 0.005 0.021 0.006 0.007 0.029 0.004 0.006 0.004 0.003 0.009 0.030 0.003 0.009 0.003 0.003 0.003 0.005 0.004 0.006 0.009 0.006 0.006 0.002 0.167 0.003 0.022 0.009 0.062 0.091 0.004 0.005 0.003 0.009 0.167 0.048 0.005 0.009 0.005 0.009 0.009 0.009 0.006 0.003 0.006 0.006 0.008 0.005 0.003 0.010 0.006 0.006 0.005 0.008 0.006 0.003 0.003 0.006 0.007 
>Sequence
Normalized_weight: 0.009
A     V     L     D     L     D     V     R     T     C     L     P     C     G     P     G     G     K     G     R     C     F     G     P     S     I     C     C     G     D     E     L     G     C     F     V     G     T     A     E     A     L     R     C     R     E     E     N     Y     L     P     S     P     C     Q     S     G     Q     K     P     C     G     S     G     G     R     C     A     A     A     G     I     C     C     S     P     D     G     C     H     A     D     P     A     C     D     P     E     A     A     F     S     
0.010 0.008 0.006 0.005 0.006 0.008 0.007 0.004 0.042 0.016 0.007 0.005 0.008 0.008 0.004 0.003 0.006 0.004 0.008 0.004 0.016 0.005 0.008 0.004 0.004 0.006 0.006 0.006 0.003 0.007 0.004 0.004 0.009 0.009 0.006 0.006 0.006 0.007 0.007 0.004 0.008 0.004 0.003 0.009 0.045 0.003 0.009 0.003 0.003 0.003 0.005 0.004 0.006 0.009 0.004 0.006 0.002 0.013 0.003 0.003 0.009 0.005 0.003 0.004 0.005 0.003 0.009 0.003 0.003 0.010 0.009 0.005 0.009 0.009 0.007 0.010 0.011 0.009 0.006 0.077 0.014 0.003 0.007 0.008 0.006 0.006 0.014 0.006 0.016 0.017 0.021 0.037 
>Sequence
Normalized_weight: 0.014
S     F     I     D     T     E     I     R     Q     C     I     P     C     G     P     Q     N     R     G     R     C     F     G     P     Y     I     C     C     G     E     E     L     G     C     Y     I     G     T     S     E     T     L     R     C     L     E     E     N     Y     L     S     S     P     C     K     A     G     G     K     L     C     S     T     G     G     Q     C     A     A     P     G     I     C     C     T     D     E     S     C     A     M     D     S     S     C     L     D     -     -     -     -     -     
0.020 0.022 0.050 0.005 0.005 0.007 0.008 0.004 0.005 0.016 0.021 0.005 0.008 0.008 0.004 0.125 0.008 0.004 0.008 0.004 0.016 0.005 0.008 0.004 0.143 0.006 0.006 0.006 0.003 0.003 0.004 0.004 0.009 0.009 0.005 0.042 0.006 0.007 0.029 0.004 0.006 0.004 0.003 0.009 0.015 0.003 0.009 0.003 0.003 0.003 0.029 0.004 0.006 0.009 0.111 0.009 0.002 0.005 0.003 0.037 0.009 0.062 0.045 0.004 0.005 0.030 0.009 0.003 0.003 0.005 0.009 0.005 0.009 0.009 0.028 0.006 0.003 0.006 0.006 0.007 0.010 0.003 0.010 0.006 0.006 0.005 0.008 0.008 0.003 0.003 0.006 0.007 
>Sequence
Normalized_weight: 0.011
S     V     L     D     T     D     L     R     K     C     I     S     C     G     P     G     N     R     G     R     C     F     G     P     S     I     C     C     G     E     E     L     G     C     F     F     G     T     T     E     A     L     R     C     Q     E     E     N     Y     W     P     S     P     C     Q     S     G     G     K     P     C     G     S     G     G     R     C     A     A     P     G     I     C     C     S     D     E     S     C     S     V     D     S     T     C     N     Q     D     V     L     F     -     
0.020 0.008 0.006 0.005 0.005 0.008 0.007 0.004 0.010 0.016 0.021 0.009 0.008 0.008 0.004 0.003 0.008 0.004 0.008 0.004 0.016 0.005 0.008 0.004 0.004 0.006 0.006 0.006 0.003 0.003 0.004 0.004 0.009 0.009 0.006 0.021 0.006 0.007 0.071 0.004 0.008 0.004 0.003 0.009 0.004 0.003 0.009 0.003 0.003 0.143 0.005 0.004 0.006 0.009 0.004 0.006 0.002 0.005 0.003 0.003 0.009 0.005 0.003 0.004 0.005 0.003 0.009 0.003 0.003 0.005 0.009 0.005 0.009 0.009 0.007 0.006 0.003 0.006 0.006 0.008 0.005 0.003 0.010 0.023 0.006 0.077 0.017 0.028 0.037 0.050 0.021 0.007 
>Sequence
Normalized_weight: 0.009
A     V     L     D     L     D     M     R     K     C     L     P     C     G     P     G     G     K     G     R     C     F     G     P     S     I     C     C     A     D     E     L     G     C     F     V     G     T     A     E     A     L     R     C     Q     E     E     N     Y     L     P     S     P     C     Q     S     G     Q     K     P     C     G     S     G     G     R     C     A     A     T     G     I     C     C     S     P     D     G     C     R     T     D     P     A     C     D     P     E     S     A     F     S     
0.010 0.008 0.006 0.005 0.006 0.008 0.033 0.004 0.010 0.016 0.007 0.005 0.008 0.008 0.004 0.003 0.006 0.004 0.008 0.004 0.016 0.005 0.008 0.004 0.004 0.006 0.006 0.006 0.028 0.007 0.004 0.004 0.009 0.009 0.006 0.006 0.006 0.007 0.007 0.004 0.008 0.004 0.003 0.009 0.004 0.003 0.009 0.003 0.003 0.003 0.005 0.004 0.006 0.009 0.004 0.006 0.002 0.013 0.003 0.003 0.009 0.005 0.003 0.004 0.005 0.003 0.009 0.003 0.003 0.100 0.009 0.005 0.009 0.009 0.007 0.010 0.011 0.009 0.006 0.015 0.009 0.003 0.007 0.008 0.006 0.006 0.014 0.006 0.016 0.017 0.021 0.037 
>Sequence
Normalized_weight: 0.009
A     L     P     E     T     G     I     R     Q     C     M     P     C     G     P     K     D     K     G     R     C     F     G     P     N     I     C     C     G     E     G     L     G     C     L     L     G     S     P     E     T     A     H     C     L     E     E     N     Y     L     L     T     P     C     Q     T     G     G     R     P     C     G     S     G     G     H     C     A     A     P     G     V     C     C     N     S     E     S     C     A     V     D     S     D     C     L     G     E     -     -     -     -     
0.010 0.009 0.010 0.033 0.005 0.014 0.008 0.004 0.005 0.016 0.007 0.005 0.008 0.008 0.004 0.125 0.007 0.004 0.008 0.004 0.016 0.005 0.008 0.004 0.009 0.006 0.006 0.006 0.003 0.003 0.008 0.004 0.009 0.009 0.008 0.014 0.006 0.014 0.005 0.004 0.006 0.007 0.020 0.009 0.015 0.003 0.009 0.003 0.003 0.003 0.033 0.011 0.006 0.009 0.004 0.025 0.002 0.005 0.008 0.003 0.009 0.005 0.003 0.004 0.005 0.015 0.009 0.003 0.003 0.005 0.009 0.010 0.009 0.009 0.009 0.006 0.003 0.006 0.006 0.007 0.005 0.003 0.010 0.011 0.006 0.005 0.028 0.006 0.003 0.003 0.006 0.007 
>Sequence
Normalized_weight: 0.013
S     V     L     D     M     D     I     R     K     C     I     P     C     G     P     R     N     K     G     H     C     F     G     P     T     I     C     C     G     E     E     I     G     C     Y     F     G     T     S     E     T     L     R     C     Q     E     E     N     F     L     P     S     P     C     E     S     G     R     N     P     C     G     S     G     G     N     C     A     A     P     G     I     C     C     N     N     E     S     C     T     V     D     S     A     C     D     Q     D     P     A     F     S     
0.020 0.008 0.006 0.005 0.009 0.008 0.008 0.004 0.010 0.016 0.021 0.005 0.008 0.008 0.004 0.016 0.008 0.004 0.008 0.028 0.016 0.005 0.008 0.004 0.143 0.006 0.006 0.006 0.003 0.003 0.004 0.024 0.009 0.009 0.005 0.021 0.006 0.007 0.029 0.004 0.006 0.004 0.003 0.009 0.004 0.003 0.009 0.003 0.014 0.003 0.005 0.004 0.006 0.009 0.006 0.006 0.002 0.033 0.100 0.003 0.009 0.005 0.003 0.004 0.005 0.023 0.009 0.003 0.003 0.005 0.009 0.005 0.009 0.009 0.009 0.030 0.003 0.006 0.006 0.008 0.005 0.003 0.010 0.008 0.006 0.006 0.017 0.028 0.111 0.017 0.021 0.037 
>Sequence
Normalized_weight: 0.009
A     L     P     D     T     G     I     R     Q     C     M     P     C     G     P     G     D     R     G     R     C     F     G     P     G     I     C     C     G     E     G     L     G     C     L     L     G     S     P     E     T     A     H     C     V     E     E     N     Y     L     L     T     P     C     M     A     G     G     R     P     C     G     S     G     G     R     C     A     A     S     G     L     C     C     N     P     E     S     C     A     V     D     S     D     C     L     A     E     -     -     -     -     
0.010 0.009 0.010 0.005 0.005 0.014 0.008 0.004 0.005 0.016 0.007 0.005 0.008 0.008 0.004 0.003 0.007 0.004 0.008 0.004 0.016 0.005 0.008 0.004 0.029 0.006 0.006 0.006 0.003 0.003 0.008 0.004 0.009 0.009 0.008 0.014 0.006 0.014 0.005 0.004 0.006 0.007 0.020 0.009 0.011 0.003 0.009 0.003 0.003 0.003 0.033 0.011 0.006 0.009 0.111 0.009 0.002 0.005 0.008 0.003 0.009 0.005 0.003 0.004 0.005 0.003 0.009 0.003 0.003 0.009 0.009 0.028 0.009 0.009 0.009 0.010 0.003 0.006 0.006 0.007 0.005 0.003 0.010 0.011 0.006 0.005 0.042 0.006 0.003 0.003 0.006 0.007 
>Sequence
Normalized_weight: 0.014
S     V     I     D     M     D     V     R     K     C     I     P     C     G     P     R     N     K     G     H     C     F     G     P     N     I     C     C     G     E     E     L     G     C     Y     F     G     T     T     E     T     L     R     C     Q     E     E     N     F     L     P     S     P     C     E     S     G     R     K     P     C     G     N     G     G     N     C     A     R     S     G     I     C     C     N     H     E     S     C     T     M     D     P     A     C     E     Q     D     S     V     F     S     
0.020 0.008 0.050 0.005 0.009 0.008 0.007 0.004 0.010 0.016 0.021 0.005 0.008 0.008 0.004 0.016 0.008 0.004 0.008 0.028 0.016 0.005 0.008 0.004 0.009 0.006 0.006 0.006 0.003 0.003 0.004 0.004 0.009 0.009 0.005 0.021 0.006 0.007 0.071 0.004 0.006 0.004 0.003 0.009 0.004 0.003 0.009 0.003 0.014 0.003 0.005 0.004 0.006 0.009 0.006 0.006 0.002 0.033 0.003 0.003 0.009 0.005 0.030 0.004 0.005 0.023 0.009 0.003 0.143 0.009 0.009 0.005 0.009 0.009 0.009 0.091 0.003 0.006 0.006 0.008 0.010 0.003 0.007 0.008 0.006 0.038 0.017 0.028 0.016 0.100 0.021 0.037 
>Sequence
Normalized_weight: 0.009
A     A     L     D     L     D     M     R     K     C     L     P     C     G     P     G     G     K     G     R     C     F     G     P     S     I     C     C     A     D     E     L     G     C     F     V     G     T     A     E     A     L     R     C     Q     E     E     N     Y     L     P     S     P     C     Q     S     G     Q     K     P     C     G     S     G     G     R     C     A     T     A     G     I     C     C     S     P     D     G     C     R     T     D     P     A     C     D     P     E     S     A     F     S     
0.010 0.028 0.006 0.005 0.006 0.008 0.033 0.004 0.010 0.016 0.007 0.005 0.008 0.008 0.004 0.003 0.006 0.004 0.008 0.004 0.016 0.005 0.008 0.004 0.004 0.006 0.006 0.006 0.028 0.007 0.004 0.004 0.009 0.009 0.006 0.006 0.006 0.007 0.007 0.004 0.008 0.004 0.003 0.009 0.004 0.003 0.009 0.003 0.003 0.003 0.005 0.004 0.006 0.009 0.004 0.006 0.002 0.013 0.003 0.003 0.009 0.005 0.003 0.004 0.005 0.003 0.009 0.003 0.071 0.010 0.009 0.005 0.009 0.009 0.007 0.010 0.011 0.009 0.006 0.015 0.009 0.003 0.007 0.008 0.006 0.006 0.014 0.006 0.016 0.017 0.021 0.037 
>Sequence
Normalized_weight: 0.010
A     V     L     D     L     D     V     R     T     C     L     P     C     G     P     G     G     K     G     R     C     F     G     P     S     I     C     C     G     D     E     L     G     C     F     V     G     T     A     E     A     L     R     C     Q     E     E     N     Y     L     P     S     P     C     Q     S     G     Q     K     P     C     G     S     G     G     R     C     A     A     A     G     I     C     C     D     P     D     G     C     A     P     D     P     E     C     H     E     S     A     S     F     -     
0.010 0.008 0.006 0.005 0.006 0.008 0.007 0.004 0.042 0.016 0.007 0.005 0.008 0.008 0.004 0.003 0.006 0.004 0.008 0.004 0.016 0.005 0.008 0.004 0.004 0.006 0.006 0.006 0.003 0.007 0.004 0.004 0.009 0.009 0.006 0.006 0.006 0.007 0.007 0.004 0.008 0.004 0.003 0.009 0.004 0.003 0.009 0.003 0.003 0.003 0.005 0.004 0.006 0.009 0.004 0.006 0.002 0.013 0.003 0.003 0.009 0.005 0.003 0.004 0.005 0.003 0.009 0.003 0.003 0.010 0.009 0.005 0.009 0.009 0.007 0.010 0.011 0.009 0.006 0.007 0.083 0.003 0.007 0.011 0.006 0.038 0.006 0.167 0.016 0.020 0.021 0.007 
>Sequence
Normalized_weight: 0.012
A     I     Q     D     S     P     S     R     Q     C     M     S     C     G     P     G     D     R     G     R     C     F     G     P     S     I     C     C     G     E     G     L     G     C     L     L     G     S     P     E     T     Q     R     C     L     E     E     D     F     L     P     S     P     C     E     A     G     G     K     V     C     G     Y     E     G     R     C     A     A     P     G     V     C     C     D     S     E     G     C     S     V     D     Q     S     C     V     D     G     D     G     D     A     
0.010 0.016 0.014 0.005 0.091 0.009 0.020 0.004 0.005 0.016 0.007 0.009 0.008 0.008 0.004 0.003 0.007 0.004 0.008 0.004 0.016 0.005 0.008 0.004 0.004 0.006 0.006 0.006 0.003 0.003 0.008 0.004 0.009 0.009 0.008 0.014 0.006 0.014 0.005 0.004 0.006 0.056 0.003 0.009 0.015 0.003 0.009 0.018 0.014 0.003 0.005 0.004 0.006 0.009 0.006 0.009 0.002 0.005 0.003 0.028 0.009 0.005 0.023 0.012 0.005 0.003 0.009 0.003 0.003 0.005 0.009 0.010 0.009 0.009 0.007 0.006 0.003 0.009 0.006 0.008 0.005 0.003 0.018 0.006 0.006 0.026 0.008 0.042 0.056 0.025 0.062 0.111 
>Sequence
Normalized_weight: 0.010
S     I     M     D     A     P     L     R     K     C     M     S     C     G     P     G     D     R     G     R     C     F     G     P     G     I     C     C     G     E     G     L     G     C     L     L     G     S     P     E     T     A     H     C     V     E     E     N     Y     L     L     T     P     C     H     A     G     G     R     P     C     G     S     G     G     R     C     A     A     S     G     L     C     C     D     A     E     S     C     T     T     D     Q     S     C     L     I     E     -     -     -     -     
0.020 0.016 0.025 0.005 0.023 0.009 0.007 0.004 0.010 0.016 0.007 0.009 0.008 0.008 0.004 0.003 0.007 0.004 0.008 0.004 0.016 0.005 0.008 0.004 0.029 0.006 0.006 0.006 0.003 0.003 0.008 0.004 0.009 0.009 0.008 0.014 0.006 0.014 0.005 0.004 0.006 0.007 0.020 0.009 0.011 0.003 0.009 0.003 0.003 0.003 0.033 0.011 0.006 0.009 0.111 0.009 0.002 0.005 0.008 0.003 0.009 0.005 0.003 0.004 0.005 0.003 0.009 0.003 0.003 0.009 0.009 0.028 0.009 0.009 0.007 0.015 0.003 0.006 0.006 0.008 0.009 0.003 0.018 0.006 0.006 0.005 0.083 0.006 0.003 0.003 0.006 0.007 
>Sequence
Normalized_weight: 0.012
S     A     L     A     F     P     S     R     K     C     M     S     C     G     P     G     D     R     G     R     C     F     G     P     N     I     C     C     G     E     G     M     G     C     Y     V     G     S     P     E     A     A     G     C     V     E     E     N     Y     L     P     S     P     C     E     V     G     G     R     V     C     G     S     E     G     R     C     A     A     P     G     I     C     C     D     V     E     G     C     S     I     D     Q     S     C     T     E     E     -     -     -     -     
0.020 0.028 0.006 0.067 0.091 0.009 0.020 0.004 0.010 0.016 0.007 0.009 0.008 0.008 0.004 0.003 0.007 0.004 0.008 0.004 0.016 0.005 0.008 0.004 0.009 0.006 0.006 0.006 0.003 0.003 0.008 0.036 0.009 0.009 0.005 0.006 0.006 0.014 0.005 0.004 0.008 0.007 0.050 0.009 0.011 0.003 0.009 0.003 0.003 0.003 0.005 0.004 0.006 0.009 0.006 0.016 0.002 0.005 0.008 0.028 0.009 0.005 0.003 0.012 0.005 0.003 0.009 0.003 0.003 0.005 0.009 0.005 0.009 0.009 0.007 0.091 0.003 0.009 0.006 0.008 0.021 0.003 0.018 0.006 0.006 0.077 0.006 0.006 0.003 0.003 0.006 0.007 
>Sequence
Normalized_weight: 0.017
S     I     M     D     A     P     Q     R     K     C     M     S     C     G     P     G     E     Q     G     R     C     F     G     P     S     I     C     C     G     K     D     V     G     C     W     M     G     S     P     E     T     A     H     C     M     E     E     N     Y     L     P     T     P     C     Q     V     G     G     R     P     C     G     S     D     T     R     C     A     S     P     G     V     C     C     D     S     E     G     C     S     A     D     Q     S     C     F     A     E     -     -     -     -     
0.020 0.016 0.025 0.005 0.023 0.009 0.033 0.004 0.010 0.016 0.007 0.009 0.008 0.008 0.004 0.003 0.125 0.017 0.008 0.004 0.016 0.005 0.008 0.004 0.004 0.006 0.006 0.006 0.003 0.050 0.022 0.143 0.009 0.009 0.050 0.021 0.006 0.014 0.005 0.004 0.006 0.007 0.020 0.009 0.030 0.003 0.009 0.003 0.003 0.003 0.005 0.011 0.006 0.009 0.004 0.016 0.002 0.005 0.008 0.003 0.009 0.005 0.003 0.018 0.250 0.003 0.009 0.003 0.048 0.005 0.009 0.010 0.009 0.009 0.007 0.006 0.003 0.009 0.006 0.008 0.014 0.003 0.018 0.006 0.006 0.077 0.042 0.006 0.003 0.003 0.006 0.007 
>Sequence
Normalized_weight: 0.010
A     V     L     D     M     D     I     R     K     C     M     P     C     G     P     R     N     K     G     H     C     F     G     P     N     I     C     C     G     E     E     L     G     C     Y     F     G     T     S     E     T     L     R     C     Q     E     E     N     F     L     P     T     P     C     E     S     G     R     K     P     C     G     N     E     G     S     C     A     A     S     G     I     C     C     S     N     E     G     C     M     V     D     S     S     C     D     Q     E     V     M     F     -     
0.010 0.008 0.006 0.005 0.009 0.008 0.008 0.004 0.010 0.016 0.007 0.005 0.008 0.008 0.004 0.016 0.008 0.004 0.008 0.028 0.016 0.005 0.008 0.004 0.009 0.006 0.006 0.006 0.003 0.003 0.004 0.004 0.009 0.009 0.005 0.021 0.006 0.007 0.029 0.004 0.006 0.004 0.003 0.009 0.004 0.003 0.009 0.003 0.014 0.003 0.005 0.011 0.006 0.009 0.006 0.006 0.002 0.033 0.003 0.003 0.009 0.005 0.030 0.012 0.005 0.030 0.009 0.003 0.003 0.009 0.009 0.005 0.009 0.009 0.007 0.030 0.003 0.009 0.006 0.038 0.005 0.003 0.010 0.006 0.006 0.006 0.017 0.006 0.037 0.100 0.021 0.007 
>Sequence
Normalized_weight: 0.013
S     V     Q     D     W     P     I     R     Q     C     M     P     C     G     P     G     D     R     G     R     C     F     G     P     S     I     C     C     G     E     G     I     G     C     L     V     G     S     P     E     T     L     R     C     L     E     E     D     F     L     P     S     P     C     E     M     S     G     K     A     C     G     Y     E     G     R     C     A     A     P     G     V     C     C     D     S     E     G     C     S     V     D     Q     S     C     V     D     G     D     A     D     A     
0.020 0.008 0.014 0.005 0.045 0.009 0.008 0.004 0.005 0.016 0.007 0.005 0.008 0.008 0.004 0.003 0.007 0.004 0.008 0.004 0.016 0.005 0.008 0.004 0.004 0.006 0.006 0.006 0.003 0.003 0.008 0.024 0.009 0.009 0.008 0.006 0.006 0.014 0.005 0.004 0.006 0.004 0.003 0.009 0.015 0.003 0.009 0.018 0.014 0.003 0.005 0.004 0.006 0.009 0.006 0.125 0.050 0.005 0.003 0.028 0.009 0.005 0.023 0.012 0.005 0.003 0.009 0.003 0.003 0.005 0.009 0.010 0.009 0.009 0.007 0.006 0.003 0.009 0.006 0.008 0.005 0.003 0.018 0.006 0.006 0.026 0.008 0.042 0.056 0.017 0.062 0.111 
>Sequence
Normalized_weight: 0.010
A     L     A     D     T     A     L     R     Q     C     L     P     C     G     P     G     N     R     G     R     C     F     G     P     G     I     C     C     G     V     E     L     G     C     Y     V     G     T     A     E     T     R     R     C     A     E     E     D     Y     L     P     S     P     C     Q     P     G     G     Q     P     C     G     S     G     G     R     C     A     A     D     G     V     C     C     S     A     D     T     C     A     A     D     A     S     C     L     E     E     G     S     -     -     
0.010 0.009 0.033 0.005 0.005 0.028 0.007 0.004 0.005 0.016 0.007 0.005 0.008 0.008 0.004 0.003 0.008 0.004 0.008 0.004 0.016 0.005 0.008 0.004 0.029 0.006 0.006 0.006 0.003 0.100 0.004 0.004 0.009 0.009 0.005 0.006 0.006 0.007 0.007 0.004 0.006 0.056 0.003 0.009 0.013 0.003 0.009 0.018 0.003 0.003 0.005 0.004 0.006 0.009 0.004 0.031 0.002 0.005 0.033 0.003 0.009 0.005 0.003 0.004 0.005 0.003 0.009 0.003 0.003 0.025 0.009 0.010 0.009 0.009 0.007 0.015 0.011 0.024 0.006 0.007 0.014 0.003 0.020 0.006 0.006 0.005 0.006 0.006 0.037 0.020 0.006 0.007 
>Sequence
Normalized_weight: 0.009
S     F     P     D     L     P     -     R     Q     C     M     S     C     G     P     G     D     R     G     R     C     F     G     P     N     I     C     C     G     E     G     M     G     C     Y     M     G     S     P     E     A     A     G     C     V     E     E     N     Y     L     P     S     P     C     E     A     G     G     R     V     C     G     S     E     G     S     C     A     A     S     G     V     C     C     D     S     E     S     C     V     L     D     P     D     C     L     E     D     S     -     -     -     
0.020 0.022 0.010 0.005 0.006 0.009 0.025 0.004 0.005 0.016 0.007 0.009 0.008 0.008 0.004 0.003 0.007 0.004 0.008 0.004 0.016 0.005 0.008 0.004 0.009 0.006 0.006 0.006 0.003 0.003 0.008 0.036 0.009 0.009 0.005 0.021 0.006 0.014 0.005 0.004 0.008 0.007 0.050 0.009 0.011 0.003 0.009 0.003 0.003 0.003 0.005 0.004 0.006 0.009 0.006 0.009 0.002 0.005 0.008 0.028 0.009 0.005 0.003 0.012 0.005 0.030 0.009 0.003 0.003 0.009 0.009 0.010 0.009 0.009 0.007 0.006 0.003 0.006 0.006 0.007 0.017 0.003 0.007 0.011 0.006 0.005 0.006 0.028 0.016 0.003 0.006 0.007 
>Sequence
Normalized_weight: 0.009
A     M     S     D     M     E     L     R     Q     C     L     P     C     G     P     G     G     K     G     R     C     F     G     P     S     I     C     C     G     E     E     L     G     C     F     V     G     T     A     E     A     L     R     C     Q     E     E     N     Y     L     P     S     P     C     Q     S     G     Q     K     P     C     G     S     G     G     R     C     A     A     A     G     I     C     C     Y     E     E     S     C     V     T     E     P     E     C     R     E     G     A     G     -     -     
0.010 0.028 0.014 0.005 0.009 0.007 0.007 0.004 0.005 0.016 0.007 0.005 0.008 0.008 0.004 0.003 0.006 0.004 0.008 0.004 0.016 0.005 0.008 0.004 0.004 0.006 0.006 0.006 0.003 0.003 0.004 0.004 0.009 0.009 0.006 0.006 0.006 0.007 0.007 0.004 0.008 0.004 0.003 0.009 0.004 0.003 0.009 0.003 0.003 0.003 0.005 0.004 0.006 0.009 0.004 0.006 0.002 0.013 0.003 0.003 0.009 0.005 0.003 0.004 0.005 0.003 0.009 0.003 0.003 0.010 0.009 0.005 0.009 0.009 0.111 0.045 0.003 0.006 0.006 0.007 0.009 0.020 0.007 0.011 0.006 0.013 0.006 0.042 0.016 0.025 0.006 0.007 
>Sequence
Normalized_weight: 0.012
S     I     M     D     A     P     Q     R     K     C     M     S     C     G     P     G     D     R     G     R     C     F     G     P     G     I     C     C     G     E     S     F     G     C     L     M     G     S     P     E     S     A     R     C     A     E     E     N     Y     L     L     T     P     C     Q     A     G     G     R     P     C     G     S     G     G     L     C     A     S     S     G     L     C     C     D     A     E     S     C     T     M     D     Q     S     C     L     S     E     -     -     -     -     
0.020 0.016 0.025 0.005 0.023 0.009 0.033 0.004 0.010 0.016 0.007 0.009 0.008 0.008 0.004 0.003 0.007 0.004 0.008 0.004 0.016 0.005 0.008 0.004 0.029 0.006 0.006 0.006 0.003 0.003 0.111 0.029 0.009 0.009 0.008 0.021 0.006 0.014 0.005 0.004 0.028 0.007 0.003 0.009 0.013 0.003 0.009 0.003 0.003 0.003 0.033 0.011 0.006 0.009 0.004 0.009 0.002 0.005 0.008 0.003 0.009 0.005 0.003 0.004 0.005 0.091 0.009 0.003 0.048 0.009 0.009 0.028 0.009 0.009 0.007 0.015 0.003 0.006 0.006 0.008 0.010 0.003 0.018 0.006 0.006 0.005 0.042 0.006 0.003 0.003 0.006 0.007 
>Sequence
Normalized_weight: 0.016
A     L     T     E     T     G     I     R     Q     C     K     S     C     G     P     G     D     R     G     R     C     F     G     P     S     I     C     C     G     D     G     F     G     C     L     L     G     S     L     E     T     A     H     C     V     E     E     N     Y     L     L     T     P     C     Q     A     G     G     R     S     C     G     S     G     G     H     C     A     I     S     G     F     C     C     N     S     E     G     C     M     V     D     S     D     C     L     G     E     T     -     -     -     
0.010 0.009 0.100 0.033 0.005 0.014 0.008 0.004 0.005 0.016 0.167 0.009 0.008 0.008 0.004 0.003 0.007 0.004 0.008 0.004 0.016 0.005 0.008 0.004 0.004 0.006 0.006 0.006 0.003 0.007 0.008 0.029 0.009 0.009 0.008 0.014 0.006 0.014 0.071 0.004 0.006 0.007 0.020 0.009 0.011 0.003 0.009 0.003 0.003 0.003 0.033 0.011 0.006 0.009 0.004 0.009 0.002 0.005 0.008 0.022 0.009 0.005 0.003 0.004 0.005 0.015 0.009 0.003 0.143 0.009 0.009 0.167 0.009 0.009 0.009 0.006 0.003 0.009 0.006 0.038 0.005 0.003 0.010 0.011 0.006 0.005 0.028 0.006 0.037 0.003 0.006 0.007 
>Sequence
Normalized_weight: 0.010
A     L     P     E     T     G     I     R     Q     C     M     S     C     G     P     R     D     R     G     R     C     F     G     P     N     I     C     C     G     E     A     L     G     C     L     M     G     S     P     E     T     A     R     C     A     G     E     N     Y     L     L     T     P     C     Q     A     G     G     R     P     C     G     S     G     G     R     C     A     V     S     G     L     C     C     N     S     E     S     C     A     V     D     S     D     C     L     G     E     T     -     -     -     
0.010 0.009 0.010 0.033 0.005 0.014 0.008 0.004 0.005 0.016 0.007 0.009 0.008 0.008 0.004 0.016 0.007 0.004 0.008 0.004 0.016 0.005 0.008 0.004 0.009 0.006 0.006 0.006 0.003 0.003 0.028 0.004 0.009 0.009 0.008 0.021 0.006 0.014 0.005 0.004 0.006 0.007 0.003 0.009 0.013 0.125 0.009 0.003 0.003 0.003 0.033 0.011 0.006 0.009 0.004 0.009 0.002 0.005 0.008 0.003 0.009 0.005 0.003 0.004 0.005 0.003 0.009 0.003 0.048 0.009 0.009 0.028 0.009 0.009 0.009 0.006 0.003 0.006 0.006 0.007 0.005 0.003 0.010 0.011 0.006 0.005 0.028 0.006 0.037 0.003 0.006 0.007 
>Sequence
Normalized_weight: 0.017
-     -     -     -     -     -     -     R     E     C     V     S     C     G     P     G     N     A     G     R     C     Y     G     P     S     I     C     C     G     A     A     L     G     C     L     V     G     S     P     E     T     M     S     C     M     E     E     N     H     L     P     S     P     C     E     T     G     G     R     P     C     G     D     E     G     R     C     A     A     P     G     V     C     C     D     S     V     S     C     V     M     D     S     E     C     L     E     D     V     -     -     -     
0.028 0.011 0.011 0.029 0.013 0.037 0.025 0.004 0.056 0.016 0.167 0.009 0.008 0.008 0.004 0.003 0.008 0.083 0.008 0.004 0.016 0.250 0.008 0.004 0.004 0.006 0.006 0.006 0.003 0.020 0.028 0.004 0.009 0.009 0.008 0.006 0.006 0.014 0.005 0.004 0.006 0.056 0.050 0.009 0.030 0.003 0.009 0.003 0.042 0.003 0.005 0.004 0.006 0.009 0.006 0.025 0.002 0.005 0.008 0.003 0.009 0.005 0.030 0.012 0.005 0.003 0.009 0.003 0.003 0.005 0.009 0.010 0.009 0.009 0.007 0.006 0.042 0.006 0.006 0.007 0.010 0.003 0.010 0.011 0.006 0.005 0.006 0.028 0.037 0.003 0.006 0.007 
>Sequence
Normalized_weight: 0.020
A     V     L     D     L     D     V     R     T     C     L     P     C     G     P     G     G     K     G     R     C     F     G     P     S     I     C     C     G     D     E     L     G     C     F     V     G     T     A     E     A     L     R     C     Q     E     E     N     Y     L     P     S     P     C     Q     S     G     Q     K     P     C     G     S     G     G     R     C     A     A     A     G     I     C     C     S     P     G     R     L     P     R     G     P     R     L     R     P     -     -     -     -     -     
0.010 0.008 0.006 0.005 0.006 0.008 0.007 0.004 0.042 0.016 0.007 0.005 0.008 0.008 0.004 0.003 0.006 0.004 0.008 0.004 0.016 0.005 0.008 0.004 0.004 0.006 0.006 0.006 0.003 0.007 0.004 0.004 0.009 0.009 0.006 0.006 0.006 0.007 0.007 0.004 0.008 0.004 0.003 0.009 0.004 0.003 0.009 0.003 0.003 0.003 0.005 0.004 0.006 0.009 0.004 0.006 0.002 0.013 0.003 0.003 0.009 0.005 0.003 0.004 0.005 0.003 0.009 0.003 0.003 0.010 0.009 0.005 0.009 0.009 0.007 0.010 0.125 0.167 0.333 0.077 0.083 0.143 0.007 0.023 0.333 0.013 0.014 0.008 0.003 0.003 0.006 0.007 
>Sequence
Normalized_weight: 0.012
A     V     L     D     G     D     V     R     K     C     L     P     C     G     P     R     N     R     G     R     C     F     G     P     R     I     C     C     G     E     E     L     G     C     Y     L     G     T     P     E     T     L     R     C     Q     E     E     S     F     L     P     T     P     C     E     S     G     R     K     P     C     G     G     D     G     S     C     A     A     P     G     I     C     C     S     S     E     G     C     V     A     D     P     A     C     E     R     E     A     L     F     A     
0.010 0.008 0.006 0.005 0.045 0.008 0.007 0.004 0.010 0.016 0.007 0.005 0.008 0.008 0.004 0.016 0.008 0.004 0.008 0.004 0.016 0.005 0.008 0.004 0.071 0.006 0.006 0.006 0.003 0.003 0.004 0.004 0.009 0.009 0.005 0.014 0.006 0.007 0.005 0.004 0.006 0.004 0.003 0.009 0.004 0.003 0.009 0.042 0.014 0.003 0.005 0.011 0.006 0.009 0.006 0.006 0.002 0.033 0.003 0.003 0.009 0.005 0.091 0.018 0.005 0.030 0.009 0.003 0.003 0.005 0.009 0.005 0.009 0.009 0.007 0.006 0.003 0.009 0.006 0.007 0.014 0.003 0.007 0.008 0.006 0.038 0.042 0.006 0.016 0.050 0.021 0.111 
>Sequence
Normalized_weight: 0.027
-     -     -     -     -     -     V     R     Q     C     L     P     C     G     P     G     G     Q     G     R     C     F     G     P     R     I     C     C     G     E     A     M     G     C     R     L     G     G     P     D     V     A     I     C     R     A     E     R     L     M     P     S     P     C     E     S     R     G     E     P     C     G     H     G     G     K     C     G     A     P     G     L     C     C     S     S     E     S     C     A     E     D     A     S     C     G     W     E     G     G     D     S     
0.028 0.011 0.011 0.029 0.013 0.037 0.007 0.004 0.005 0.016 0.007 0.005 0.008 0.008 0.004 0.003 0.006 0.017 0.008 0.004 0.016 0.005 0.008 0.004 0.071 0.006 0.006 0.006 0.003 0.003 0.028 0.036 0.009 0.009 0.100 0.014 0.006 0.083 0.005 0.200 0.167 0.007 0.100 0.009 0.045 0.125 0.009 0.125 0.042 0.071 0.005 0.004 0.006 0.009 0.006 0.006 0.050 0.005 0.033 0.003 0.009 0.005 0.091 0.004 0.005 0.045 0.009 0.167 0.003 0.005 0.009 0.028 0.009 0.009 0.007 0.006 0.003 0.006 0.006 0.007 0.042 0.003 0.020 0.006 0.006 0.077 0.083 0.006 0.037 0.025 0.062 0.037 
>Sequence
Normalized_weight: 0.012
S     L     L     D     M     E     V     R     K     C     I     S     C     G     P     R     N     K     G     H     C     F     G     P     S     I     C     C     G     E     E     L     G     C     Y     F     G     T     A     E     T     M     R     C     Q     E     E     N     F     L     P     T     P     C     E     S     G     R     K     P     C     G     S     G     E     T     C     A     A     S     G     I     C     C     N     N     E     G     C     T     V     D     S     A     C     D     Q     E     -     -     -     -     
0.020 0.009 0.006 0.005 0.009 0.007 0.007 0.004 0.010 0.016 0.021 0.009 0.008 0.008 0.004 0.016 0.008 0.004 0.008 0.028 0.016 0.005 0.008 0.004 0.004 0.006 0.006 0.006 0.003 0.003 0.004 0.004 0.009 0.009 0.005 0.021 0.006 0.007 0.007 0.004 0.006 0.056 0.003 0.009 0.004 0.003 0.009 0.003 0.014 0.003 0.005 0.011 0.006 0.009 0.006 0.006 0.002 0.033 0.003 0.003 0.009 0.005 0.003 0.004 0.250 0.091 0.009 0.003 0.003 0.009 0.009 0.005 0.009 0.009 0.009 0.030 0.003 0.009 0.006 0.008 0.005 0.003 0.010 0.008 0.006 0.006 0.017 0.006 0.003 0.003 0.006 0.007 
>Sequence
Normalized_weight: 0.022
S     I     M     D     M     E     I     R     Q     C     L     P     C     G     P     R     N     R     G     Q     C     F     G     T     S     I     C     C     G     E     E     I     G     C     Y     F     G     T     S     E     T     L     R     C     Q     K     E     V     Y     L     P     S     P     C     E     P     T     G     R     L     C     G     N     G     G     K     C     A     T     S     G     T     C     C     T     A     E     S     C     T     V     D     P     T     C     D     T     R     T     I     F     S     
0.020 0.016 0.025 0.005 0.009 0.007 0.008 0.004 0.005 0.016 0.007 0.005 0.008 0.008 0.004 0.016 0.008 0.004 0.008 0.021 0.016 0.005 0.008 0.250 0.004 0.006 0.006 0.006 0.003 0.003 0.004 0.024 0.009 0.009 0.005 0.021 0.006 0.007 0.029 0.004 0.006 0.004 0.003 0.009 0.004 0.062 0.009 0.125 0.003 0.003 0.005 0.004 0.006 0.009 0.006 0.031 0.100 0.005 0.008 0.037 0.009 0.005 0.030 0.004 0.005 0.045 0.009 0.003 0.071 0.009 0.009 0.167 0.009 0.009 0.028 0.015 0.003 0.006 0.006 0.008 0.005 0.003 0.007 0.023 0.006 0.006 0.083 0.167 0.037 0.100 0.021 0.037 
>Sequence
Normalized_weight: 0.024
A     L     L     E     P     V     S     R     Q     C     L     A     C     G     P     G     D     K     G     R     C     L     G     P     S     I     C     C     G     E     E     I     G     C     L     V     G     S     P     W     M     A     R     C     Q     E     E     E     Y     L     P     S     P     C     Q     T     A     G     K     L     C     G     S     D     G     P     C     A     A     P     G     V     C     C     G     T     E     G     C     K     L     D     P     N     C     S     E     D     S     -     -     -     
0.010 0.009 0.006 0.033 0.091 0.111 0.020 0.004 0.005 0.016 0.007 0.056 0.008 0.008 0.004 0.003 0.007 0.004 0.008 0.004 0.016 0.250 0.008 0.004 0.004 0.006 0.006 0.006 0.003 0.003 0.004 0.024 0.009 0.009 0.008 0.006 0.006 0.014 0.005 0.200 0.167 0.007 0.003 0.009 0.004 0.003 0.009 0.062 0.003 0.003 0.005 0.004 0.006 0.009 0.004 0.025 0.100 0.005 0.003 0.037 0.009 0.005 0.003 0.018 0.005 0.091 0.009 0.003 0.003 0.005 0.009 0.010 0.009 0.009 0.111 0.091 0.003 0.009 0.006 0.077 0.017 0.003 0.007 0.091 0.006 0.077 0.006 0.028 0.016 0.003 0.006 0.007 
>Sequence
Normalized_weight: 0.017
-     -     -     -     -     P     I     R     Q     C     M     S     C     G     P     G     G     V     G     R     C     F     G     P     S     I     C     C     G     P     G     L     G     C     V     L     G     S     P     E     A     Q     V     C     M     E     E     E     Q     L     S     G     P     C     E     T     G     G     T     S     C     G     D     G     G     R     C     A     A     E     G     I     C     C     D     S     E     S     C     A     V     D     P     D     C     P     E     G     S     S     -     -     
0.028 0.011 0.011 0.029 0.013 0.009 0.008 0.004 0.005 0.016 0.007 0.009 0.008 0.008 0.004 0.003 0.006 0.083 0.008 0.004 0.016 0.005 0.008 0.004 0.004 0.006 0.006 0.006 0.003 0.033 0.008 0.004 0.009 0.009 0.100 0.014 0.006 0.014 0.005 0.004 0.008 0.056 0.020 0.009 0.030 0.003 0.009 0.062 0.062 0.003 0.029 0.167 0.006 0.009 0.006 0.025 0.002 0.005 0.100 0.022 0.009 0.005 0.030 0.004 0.005 0.003 0.009 0.003 0.003 0.033 0.009 0.005 0.009 0.009 0.007 0.006 0.003 0.006 0.006 0.007 0.005 0.003 0.007 0.011 0.006 0.077 0.006 0.042 0.016 0.020 0.006 0.007 
>Sequence
Normalized_weight: 0.022
-     -     L     D     T     G     M     R     E     C     M     K     C     G     P     G     G     T     G     Q     C     V     G     P     S     I     C     C     G     Q     D     F     G     C     H     V     G     T     A     E     A     A     V     C     Q     Q     E     N     D     S     S     T     P     C     L     V     K     G     E     A     C     G     S     A     G     N     C     V     A     D     G     I     C     C     D     S     E     S     C     A     V     N     D     R     C     R     D     -     -     -     -     -     
0.028 0.011 0.006 0.005 0.005 0.014 0.033 0.004 0.056 0.016 0.007 0.167 0.008 0.008 0.004 0.003 0.006 0.083 0.008 0.021 0.016 0.031 0.008 0.004 0.004 0.006 0.006 0.006 0.003 0.100 0.022 0.029 0.009 0.009 0.050 0.006 0.006 0.007 0.007 0.004 0.008 0.007 0.020 0.009 0.004 0.125 0.009 0.003 0.125 0.048 0.029 0.011 0.006 0.009 0.111 0.016 0.050 0.005 0.033 0.028 0.009 0.005 0.003 0.143 0.005 0.023 0.009 0.042 0.003 0.025 0.009 0.005 0.009 0.009 0.007 0.006 0.003 0.006 0.006 0.007 0.005 0.071 0.048 0.023 0.006 0.013 0.008 0.008 0.003 0.003 0.006 0.007 
>Sequence
Normalized_weight: 0.034
-     I     P     A     T     E     P     R     Q     C     M     S     C     G     P     N     G     E     G     Q     C     V     G     S     N     I     C     C     H     K     D     -     G     C     I     I     G     T     L     -     A     K     E     C     N     E     E     N     E     S     T     T     A     C     S     V     K     G     V     P     C     G     T     D     G     R     C     V     A     D     G     V     C     C     D     E     S     S     C     F     T     T     D     R     C     D     R     E     -     -     -     -     
0.028 0.016 0.010 0.067 0.005 0.007 0.050 0.004 0.005 0.016 0.007 0.009 0.008 0.008 0.004 0.125 0.006 0.083 0.008 0.021 0.016 0.031 0.008 0.250 0.009 0.006 0.006 0.006 0.167 0.050 0.022 0.029 0.009 0.009 0.033 0.042 0.006 0.007 0.071 0.050 0.008 0.037 0.100 0.009 0.091 0.003 0.009 0.003 0.062 0.048 0.067 0.011 0.333 0.009 0.056 0.016 0.050 0.005 0.100 0.003 0.009 0.005 0.045 0.018 0.005 0.003 0.009 0.042 0.003 0.025 0.009 0.010 0.009 0.009 0.007 0.045 0.125 0.006 0.006 0.077 0.009 0.143 0.048 0.023 0.006 0.006 0.042 0.006 0.003 0.003 0.006 0.007 
>Sequence
Normalized_weight: 0.023
-     -     -     E     T     E     P     R     S     C     A     A     C     G     L     G     -     -     G     Q     C     V     G     P     S     I     C     C     G     G     L     L     G     C     I     V     G     G     P     L     S     A     P     C     K     R     E     N     L     H     P     E     P     C     R     P     G     G     S     S     C     G     L     E     G     I     C     A     A     P     G     I     C     C     T     D     V     T     C     S     I     D     S     T     C     D     D     -     -     -     -     -     
0.028 0.011 0.011 0.033 0.005 0.007 0.050 0.004 0.083 0.016 0.083 0.056 0.008 0.008 0.125 0.003 0.062 0.042 0.008 0.021 0.016 0.031 0.008 0.004 0.004 0.006 0.006 0.006 0.003 0.100 0.111 0.004 0.009 0.009 0.033 0.006 0.006 0.083 0.005 0.100 0.028 0.007 0.050 0.009 0.030 0.062 0.009 0.003 0.042 0.071 0.005 0.083 0.006 0.009 0.022 0.031 0.002 0.005 0.033 0.022 0.009 0.005 0.030 0.012 0.005 0.045 0.009 0.003 0.003 0.005 0.009 0.005 0.009 0.009 0.028 0.006 0.042 0.024 0.006 0.008 0.021 0.003 0.010 0.023 0.006 0.006 0.008 0.008 0.003 0.003 0.006 0.007 
>Sequence
Normalized_weight: 0.036
-     -     -     E     T     E     L     H     S     C     A     A     C     G     L     G     -     -     G     Q     C     V     G     P     S     L     G     G     G     R     G     G     G     C     I     V     G     G     P     L     S     A     P     C     K     R     E     N     L     H     P     E     P     C     R     P     G     G     S     S     C     G     L     E     G     I     C     A     A     P     G     I     C     C     T     D     V     T     C     S     I     D     A     T     C     D     D     -     -     -     -     -     
0.028 0.011 0.011 0.033 0.005 0.007 0.007 0.250 0.083 0.016 0.083 0.056 0.008 0.008 0.125 0.003 0.062 0.042 0.008 0.021 0.016 0.031 0.008 0.004 0.004 0.333 0.333 0.333 0.003 0.100 0.008 0.143 0.009 0.009 0.033 0.006 0.006 0.083 0.005 0.100 0.028 0.007 0.050 0.009 0.030 0.062 0.009 0.003 0.042 0.071 0.005 0.083 0.006 0.009 0.022 0.031 0.002 0.005 0.033 0.022 0.009 0.005 0.030 0.012 0.005 0.045 0.009 0.003 0.003 0.005 0.009 0.005 0.009 0.009 0.028 0.006 0.042 0.024 0.006 0.008 0.021 0.003 0.020 0.023 0.006 0.006 0.008 0.008 0.003 0.003 0.006 0.007 
>Sequence
Normalized_weight: 0.045
A     L     Q     D     I     G     I     R     Q     C     M     T     C     G     P     G     D     Q     G     H     C     F     G     P     S     I     -     -     -     -     -     -     -     -     -     -     -     -     -     -     -     -     -     -     -     -     -     -     -     -     -     -     -     -     -     -     -     -     -     -     -     -     -     -     -     -     -     -     -     -     -     -     -     -     -     -     -     -     -     -     -     -     -     -     -     -     -     -     -     -     -     -     
0.010 0.009 0.014 0.005 0.091 0.014 0.008 0.004 0.005 0.016 0.007 0.083 0.008 0.008 0.004 0.003 0.007 0.017 0.008 0.028 0.016 0.005 0.008 0.004 0.004 0.006 0.333 0.333 0.167 0.050 0.056 0.029 0.167 0.167 0.033 0.056 0.111 0.083 0.048 0.050 0.056 0.037 0.033 0.125 0.023 0.031 0.125 0.031 0.031 0.036 0.050 0.042 0.083 0.100 0.022 0.025 0.020 0.033 0.020 0.022 0.100 0.050 0.018 0.029 0.050 0.018 0.100 0.033 0.029 0.020 0.100 0.033 0.100 0.100 0.022 0.018 0.025 0.033 0.056 0.013 0.014 0.024 0.024 0.015 0.056 0.005 0.006 0.008 0.003 0.003 0.006 0.007 
