>Sequence
Normalized_weight: 0.016
G     -     -     -     -     -     -     -     -     R     Q     F     G     H     L     -     -     T     R     V     R     H     V     I     T     Y     S     L     S     P     F     E     Q     R     A     F     P     H     Y     F     S     K     G     I     P     N     V     L     R     R     T     R     A     C     I     L     R     V     A     P     P     F     V     A     F     Y     L     V     Y     T     W     G     T     Q     E     F     E     K     S     K     R     K     N     P     A     A     Y     E     N     D     R     -     -     -     
0.036 0.008 0.011 0.006 0.009 0.011 0.007 0.017 0.009 0.017 0.036 0.021 0.018 0.015 0.011 0.019 0.006 0.018 0.020 0.024 0.010 0.017 0.021 0.010 0.020 0.011 0.009 0.013 0.011 0.010 0.017 0.011 0.028 0.014 0.026 0.012 0.013 0.021 0.012 0.008 0.011 0.009 0.019 0.013 0.014 0.016 0.017 0.019 0.016 0.016 0.018 0.010 0.024 0.028 0.011 0.014 0.017 0.008 0.011 0.011 0.013 0.008 0.010 0.013 0.017 0.015 0.010 0.042 0.014 0.008 0.009 0.009 0.014 0.012 0.008 0.011 0.008 0.028 0.010 0.008 0.016 0.031 0.021 0.015 0.021 0.024 0.013 0.020 0.028 0.022 0.040 0.015 0.015 0.015 
>Sequence
Normalized_weight: 0.019
-     -     -     -     -     -     -     -     -     R     Q     F     G     H     L     -     -     T     R     V     R     H     L     I     T     Y     S     L     S     P     F     E     Q     R     P     F     P     H     Y     F     S     K     G     V     P     N     V     W     R     R     L     R     A     C     I     L     R     V     A     P     P     F     L     A     F     Y     L     L     Y     T     W     G     T     Q     E     F     E     K     S     K     R     K     N     P     A     A     Y     -     -     V     N     -     -     -     
0.023 0.008 0.011 0.006 0.009 0.011 0.007 0.017 0.009 0.017 0.036 0.021 0.018 0.015 0.011 0.019 0.006 0.018 0.020 0.024 0.010 0.017 0.083 0.010 0.020 0.011 0.009 0.013 0.011 0.010 0.017 0.011 0.028 0.014 0.029 0.012 0.013 0.021 0.012 0.008 0.011 0.009 0.019 0.015 0.014 0.016 0.017 0.050 0.016 0.016 0.067 0.010 0.024 0.028 0.011 0.014 0.017 0.008 0.011 0.011 0.013 0.008 0.067 0.013 0.017 0.015 0.010 0.024 0.014 0.008 0.009 0.009 0.014 0.012 0.008 0.011 0.008 0.028 0.010 0.008 0.016 0.031 0.021 0.015 0.021 0.024 0.013 0.010 0.011 0.200 0.029 0.015 0.015 0.015 
>Sequence
Normalized_weight: 0.045
G     P     P     S     G     K     T     Y     M     G     W     W     G     H     M     G     G     P     K     Q     K     G     I     T     S     Y     A     V     S     P     Y     A     Q     K     P     L     Q     G     I     F     H     N     A     V     F     N     S     F     R     R     F     K     S     Q     F     L     Y     V     L     I     P     A     G     I     Y     W     Y     W     W     K     N     G     N     E     Y     N     E     F     L     Y     S     -     K     A     G     R     E     E     L     E     R     V     N     V     
0.036 0.250 0.056 0.167 0.050 0.056 0.100 0.071 0.083 0.024 0.036 0.028 0.018 0.015 0.067 0.056 0.042 0.018 0.011 0.013 0.025 0.013 0.015 0.062 0.022 0.011 0.024 0.056 0.011 0.010 0.083 0.062 0.028 0.042 0.029 0.025 0.100 0.013 0.036 0.008 0.017 0.042 0.021 0.015 0.021 0.016 0.125 0.016 0.016 0.016 0.029 0.029 0.017 0.010 0.021 0.014 0.016 0.008 0.050 0.067 0.013 0.067 0.040 0.042 0.050 0.167 0.022 0.042 0.083 0.062 0.062 0.009 0.021 0.011 0.042 0.014 0.008 0.012 0.021 0.048 0.025 0.025 0.028 0.050 0.048 0.020 0.056 0.020 0.083 0.025 0.040 0.167 0.167 0.250 
>Sequence
Normalized_weight: 0.020
G     -     -     -     -     -     -     -     -     R     Q     F     G     H     L     -     -     T     R     V     R     H     L     I     T     Y     S     L     S     P     F     E     Q     R     P     F     P     H     Y     F     S     K     G     V     P     N     V     W     R     R     L     R     A     C     I     L     R     V     A     P     P     F     L     A     F     Y     L     L     Y     T     W     G     T     Q     E     F     E     K     S     K     R     K     N     P     A     A     Y     V     N     D     R     -     -     -     
0.036 0.008 0.011 0.006 0.009 0.011 0.007 0.017 0.009 0.017 0.036 0.021 0.018 0.015 0.011 0.019 0.006 0.018 0.020 0.024 0.010 0.017 0.083 0.010 0.020 0.011 0.009 0.013 0.011 0.010 0.017 0.011 0.028 0.014 0.029 0.012 0.013 0.021 0.012 0.008 0.011 0.009 0.019 0.015 0.014 0.016 0.017 0.050 0.016 0.016 0.067 0.010 0.024 0.028 0.011 0.014 0.017 0.008 0.011 0.011 0.013 0.008 0.067 0.013 0.017 0.015 0.010 0.024 0.014 0.008 0.009 0.009 0.014 0.012 0.008 0.011 0.008 0.028 0.010 0.008 0.016 0.031 0.021 0.015 0.021 0.024 0.013 0.200 0.028 0.022 0.040 0.015 0.015 0.015 
>Sequence
Normalized_weight: 0.017
G     -     -     -     -     -     -     -     -     R     E     F     G     N     L     -     -     A     R     I     R     H     V     I     S     Y     S     L     S     P     F     E     Q     R     A     F     P     S     Y     F     S     K     G     I     P     N     V     L     R     R     T     R     E     R     I     L     R     V     A     P     P     F     V     V     V     Y     L     I     Y     T     W     G     N     Q     E     F     E     Q     S     K     R     K     N     P     A     M     Y     E     N     D     K     -     -     -     
0.036 0.008 0.011 0.006 0.009 0.011 0.007 0.017 0.009 0.017 0.024 0.021 0.018 0.012 0.011 0.019 0.006 0.029 0.020 0.042 0.010 0.017 0.021 0.010 0.022 0.011 0.009 0.013 0.011 0.010 0.017 0.011 0.028 0.014 0.026 0.012 0.013 0.083 0.012 0.008 0.011 0.009 0.019 0.013 0.014 0.016 0.017 0.019 0.016 0.016 0.018 0.010 0.019 0.028 0.011 0.014 0.017 0.008 0.011 0.011 0.013 0.008 0.010 0.019 0.067 0.015 0.010 0.009 0.014 0.008 0.009 0.009 0.021 0.012 0.008 0.011 0.008 0.022 0.010 0.008 0.016 0.031 0.021 0.015 0.021 0.071 0.013 0.020 0.028 0.022 0.067 0.015 0.015 0.015 
>Sequence
Normalized_weight: 0.017
G     -     -     -     -     -     -     -     -     R     E     F     G     N     L     -     -     T     R     I     R     H     V     I     S     Y     S     L     S     P     F     E     Q     R     A     F     P     H     Y     F     S     K     G     I     P     N     V     L     R     R     T     R     E     R     I     L     R     V     A     P     P     F     V     L     F     Y     L     I     Y     T     W     G     N     Q     E     F     A     Q     S     K     R     K     N     P     A     K     Y     E     N     D     K     -     -     -     
0.036 0.008 0.011 0.006 0.009 0.011 0.007 0.017 0.009 0.017 0.024 0.021 0.018 0.012 0.011 0.019 0.006 0.018 0.020 0.042 0.010 0.017 0.021 0.010 0.022 0.011 0.009 0.013 0.011 0.010 0.017 0.011 0.028 0.014 0.026 0.012 0.013 0.021 0.012 0.008 0.011 0.009 0.019 0.013 0.014 0.016 0.017 0.019 0.016 0.016 0.018 0.010 0.019 0.028 0.011 0.014 0.017 0.008 0.011 0.011 0.013 0.008 0.010 0.033 0.017 0.015 0.010 0.009 0.014 0.008 0.009 0.009 0.021 0.012 0.008 0.011 0.048 0.022 0.010 0.008 0.016 0.031 0.021 0.015 0.021 0.071 0.013 0.020 0.028 0.022 0.067 0.015 0.015 0.015 
>Sequence
Normalized_weight: 0.018
G     -     -     -     -     -     -     -     -     R     E     F     G     N     L     -     -     T     R     M     R     H     V     I     S     Y     S     L     S     P     F     E     Q     R     A     Y     P     H     V     F     T     K     G     I     P     N     V     L     R     R     I     R     E     S     F     F     R     V     V     P     Q     F     V     V     F     Y     L     I     Y     T     W     G     T     E     E     F     E     R     S     K     R     K     N     P     A     A     Y     E     N     D     K     -     -     -     
0.036 0.008 0.011 0.006 0.009 0.011 0.007 0.017 0.009 0.017 0.024 0.021 0.018 0.012 0.011 0.019 0.006 0.018 0.020 0.028 0.010 0.017 0.021 0.010 0.022 0.011 0.009 0.013 0.011 0.010 0.017 0.011 0.028 0.014 0.026 0.029 0.013 0.021 0.036 0.008 0.056 0.009 0.019 0.013 0.014 0.016 0.017 0.019 0.016 0.016 0.050 0.010 0.019 0.056 0.021 0.042 0.017 0.008 0.033 0.011 0.048 0.008 0.010 0.019 0.017 0.015 0.010 0.009 0.014 0.008 0.009 0.009 0.014 0.011 0.008 0.011 0.008 0.056 0.010 0.008 0.016 0.031 0.021 0.015 0.021 0.024 0.013 0.020 0.028 0.022 0.067 0.015 0.015 0.015 
>Sequence
Normalized_weight: 0.035
G     -     -     -     -     -     -     -     -     Q     H     F     G     N     L     -     -     A     K     V     H     G     I     V     T     Y     K     L     S     P     F     E     Q     R     A     F     A     G     A     I     S     K     G     L     P     N     M     V     R     R     F     R     S     N     V     F     I     V     T     P     P     F     I     V     G     Y     L     I     Y     D     L     T     E     R     K     H     T     A     L     L     R     K     N     P     A     D     Y     A     N     D     -     -     -     -     
0.036 0.008 0.011 0.006 0.009 0.011 0.007 0.017 0.009 0.167 0.029 0.021 0.018 0.012 0.011 0.019 0.006 0.029 0.011 0.024 0.100 0.013 0.015 0.062 0.020 0.011 0.056 0.013 0.011 0.010 0.017 0.011 0.028 0.014 0.026 0.012 0.014 0.013 0.029 0.067 0.011 0.009 0.019 0.100 0.014 0.016 0.062 0.125 0.016 0.016 0.029 0.010 0.017 0.083 0.028 0.042 0.083 0.008 0.100 0.011 0.013 0.008 0.033 0.019 0.025 0.015 0.010 0.009 0.014 0.016 0.125 0.167 0.083 0.143 0.125 0.071 0.071 0.037 0.021 0.143 0.016 0.031 0.021 0.015 0.021 0.029 0.013 0.067 0.028 0.022 0.011 0.015 0.015 0.015 
>Sequence
Normalized_weight: 0.042
G     -     -     -     -     -     -     -     -     H     G     F     G     E     L     -     -     A     K     V     R     G     I     V     T     H     K     I     S     P     F     E     Q     R     A     F     A     N     V     I     S     K     G     V     P     N     T     L     R     R     I     R     S     Q     V     F     I     V     A     P     P     F     V     M     G     Y     M     V     Y     N     Y     I     E     N     L     H     T     Q     M     N     R     K     N     P     A     E     F     E     N     D     -     -     -     -     
0.036 0.008 0.011 0.006 0.009 0.011 0.007 0.017 0.009 0.167 0.036 0.021 0.018 0.167 0.011 0.019 0.006 0.029 0.011 0.024 0.010 0.013 0.015 0.062 0.020 0.333 0.056 0.083 0.011 0.010 0.017 0.011 0.028 0.014 0.026 0.012 0.014 0.125 0.036 0.067 0.011 0.009 0.019 0.015 0.014 0.016 0.017 0.019 0.016 0.016 0.050 0.010 0.017 0.010 0.028 0.042 0.083 0.008 0.011 0.011 0.013 0.008 0.010 0.167 0.025 0.015 0.200 0.042 0.014 0.025 0.250 0.167 0.083 0.071 0.125 0.071 0.071 0.022 0.167 0.016 0.016 0.031 0.021 0.015 0.021 0.143 0.056 0.020 0.028 0.022 0.011 0.015 0.015 0.015 
>Sequence
Normalized_weight: 0.027
-     -     -     -     -     -     -     -     -     -     -     W     G     H     L     -     -     P     K     Q     K     G     I     I     T     Y     S     L     S     P     F     Q     Q     R     P     M     A     G     F     F     K     T     S     T     Q     N     M     F     R     R     V     M     T     E     G     L     Y     V     A     I     P     F     G     I     A     Y     Y     I     Y     C     W     G     K     E     E     F     L     N     S     K     -     -     -     -     -     -     -     -     -     -     -     -     -     -     
0.023 0.008 0.011 0.006 0.009 0.011 0.007 0.017 0.009 0.013 0.012 0.028 0.018 0.015 0.011 0.019 0.006 0.018 0.011 0.013 0.025 0.013 0.015 0.010 0.020 0.011 0.009 0.013 0.011 0.010 0.017 0.125 0.028 0.014 0.029 0.100 0.014 0.013 0.024 0.008 0.083 0.083 0.167 0.100 0.125 0.016 0.062 0.016 0.016 0.016 0.018 0.100 0.083 0.083 0.083 0.014 0.016 0.008 0.011 0.067 0.013 0.008 0.040 0.042 0.022 0.015 0.022 0.009 0.014 0.062 0.009 0.009 0.028 0.011 0.008 0.011 0.024 0.022 0.010 0.008 0.031 0.025 0.042 0.019 0.026 0.011 0.013 0.010 0.011 0.013 0.011 0.015 0.015 0.015 
>Sequence
Normalized_weight: 0.024
-     -     -     -     -     -     -     -     -     -     -     -     -     -     -     -     -     -     K     Q     K     G     I     I     T     Y     N     V     T     P     N     R     Q     R     P     F     A     G     A     G     H     A     A     V     F     N     T     W     R     R     F     K     G     Q     V     L     Y     I     V     P     P     F     V     A     A     Y     Y     I     M     D     W     A     T     H     E     F     L     N     S     K     -     -     -     -     -     -     -     -     -     -     -     -     -     -     
0.023 0.008 0.011 0.006 0.009 0.011 0.007 0.017 0.009 0.013 0.012 0.042 0.062 0.024 0.033 0.019 0.006 0.024 0.011 0.013 0.025 0.013 0.015 0.010 0.020 0.011 0.083 0.056 0.167 0.010 0.028 0.031 0.028 0.014 0.029 0.012 0.014 0.013 0.029 0.100 0.017 0.056 0.021 0.015 0.021 0.016 0.017 0.050 0.016 0.016 0.029 0.029 0.042 0.010 0.028 0.014 0.016 0.100 0.033 0.011 0.013 0.008 0.010 0.013 0.022 0.015 0.022 0.009 0.042 0.016 0.009 0.014 0.014 0.071 0.008 0.011 0.024 0.022 0.010 0.008 0.031 0.025 0.042 0.019 0.026 0.011 0.013 0.010 0.011 0.013 0.011 0.015 0.015 0.015 
>Sequence
Normalized_weight: 0.033
G     -     -     -     -     -     -     -     -     K     H     F     G     N     L     -     -     G     K     M     Y     G     E     H     R     F     A     L     A     P     N     E     Q     K     A     Y     K     G     F     F     D     Q     A     F     V     K     T     F     K     T     V     W     D     Q     W     Y     Y     Y     I     P     Q     T     I     G     A     Y     L     L     Y     D     W     A     K     K     T     N     V     A     A     N     R     K     N     P     A     D     F     A     N     D     Q     -     -     -     
0.036 0.008 0.011 0.006 0.009 0.011 0.007 0.017 0.009 0.042 0.029 0.021 0.018 0.012 0.011 0.019 0.006 0.020 0.011 0.028 0.050 0.013 0.062 0.062 0.083 0.083 0.024 0.013 0.083 0.010 0.028 0.011 0.028 0.042 0.026 0.029 0.050 0.013 0.024 0.008 0.042 0.042 0.021 0.050 0.062 0.125 0.017 0.016 0.125 0.125 0.018 0.050 0.042 0.010 0.042 0.083 0.016 0.050 0.040 0.011 0.048 0.050 0.033 0.042 0.022 0.015 0.010 0.024 0.014 0.016 0.009 0.014 0.028 0.036 0.031 0.014 0.071 0.037 0.033 0.016 0.016 0.031 0.021 0.015 0.021 0.029 0.056 0.067 0.028 0.022 0.100 0.015 0.015 0.015 
>Sequence
Normalized_weight: 0.033
G     -     -     -     -     -     -     -     -     K     H     F     G     N     L     -     -     G     K     M     Y     G     E     H     R     F     A     L     A     P     N     E     Q     K     A     Y     K     G     F     L     D     Q     A     F     V     K     T     F     K     T     V     W     D     Q     W     Y     Y     Y     I     P     Q     T     I     G     A     Y     L     L     Y     D     W     A     K     K     T     N     H     E     A     N     R     K     N     P     A     D     Y     A     N     D     Q     -     -     -     
0.036 0.008 0.011 0.006 0.009 0.011 0.007 0.017 0.009 0.042 0.029 0.021 0.018 0.012 0.011 0.019 0.006 0.020 0.011 0.028 0.050 0.013 0.062 0.062 0.083 0.083 0.024 0.013 0.083 0.010 0.028 0.011 0.028 0.042 0.026 0.029 0.050 0.013 0.024 0.100 0.042 0.042 0.021 0.050 0.062 0.125 0.017 0.016 0.125 0.125 0.018 0.050 0.042 0.010 0.042 0.083 0.016 0.050 0.040 0.011 0.048 0.050 0.033 0.042 0.022 0.015 0.010 0.024 0.014 0.016 0.009 0.014 0.028 0.036 0.031 0.014 0.029 0.056 0.033 0.016 0.016 0.031 0.021 0.015 0.021 0.029 0.013 0.067 0.028 0.022 0.100 0.015 0.015 0.015 
>Sequence
Normalized_weight: 0.027
-     -     -     -     -     -     -     -     -     -     -     W     G     H     F     -     -     G     K     Q     R     G     I     I     T     Y     G     L     S     A     N     R     Q     N     P     W     A     G     S     F     N     D     A     I     F     N     T     F     R     R     T     K     G     Q     I     F     F     W     L     P     P     M     V     A     G     Y     W     M     M     S     W     A     I     E     E     Y     L     N     S     K     -     -     -     -     -     -     -     -     -     -     -     -     -     -     
0.023 0.008 0.011 0.006 0.009 0.011 0.007 0.017 0.009 0.013 0.012 0.028 0.018 0.015 0.029 0.019 0.006 0.020 0.011 0.013 0.010 0.013 0.015 0.010 0.020 0.011 0.033 0.013 0.011 0.167 0.028 0.031 0.028 0.067 0.029 0.100 0.014 0.013 0.071 0.008 0.083 0.033 0.021 0.013 0.021 0.016 0.017 0.016 0.016 0.016 0.018 0.029 0.042 0.010 0.011 0.042 0.125 0.040 0.050 0.011 0.013 0.100 0.010 0.013 0.025 0.015 0.100 0.083 0.042 0.062 0.009 0.014 0.033 0.011 0.008 0.048 0.024 0.022 0.010 0.008 0.031 0.025 0.042 0.019 0.026 0.011 0.013 0.010 0.011 0.013 0.011 0.015 0.015 0.015 
>Sequence
Normalized_weight: 0.024
-     -     -     -     -     -     -     -     -     -     G     W     G     N     F     -     -     G     K     Q     R     G     I     I     S     Y     G     I     S     P     N     R     Q     N     P     L     A     G     T     A     H     D     A     V     F     N     T     F     R     R     V     S     S     Q     F     L     Y     W     A     P     S     L     V     A     G     Y     Y     I     M     N     W     A     R     N     H     Y     L     N     S     K     -     -     -     -     -     -     -     -     -     -     -     -     -     -     
0.023 0.008 0.011 0.006 0.009 0.011 0.007 0.017 0.009 0.013 0.036 0.028 0.018 0.012 0.029 0.019 0.006 0.020 0.011 0.013 0.010 0.013 0.015 0.010 0.022 0.011 0.033 0.083 0.011 0.010 0.028 0.031 0.028 0.067 0.029 0.025 0.014 0.013 0.048 0.067 0.017 0.033 0.021 0.015 0.021 0.016 0.017 0.016 0.016 0.016 0.018 0.067 0.017 0.010 0.021 0.014 0.016 0.040 0.011 0.011 0.111 0.067 0.010 0.013 0.025 0.015 0.022 0.009 0.042 0.025 0.009 0.014 0.056 0.071 0.125 0.048 0.024 0.022 0.010 0.008 0.031 0.025 0.042 0.019 0.026 0.011 0.013 0.010 0.011 0.013 0.011 0.015 0.015 0.015 
>Sequence
Normalized_weight: 0.028
-     -     -     -     -     -     -     -     -     -     -     W     G     H     M     -     -     P     K     Q     K     G     I     T     S     Y     A     V     S     P     Y     A     Q     K     P     L     Q     G     I     F     H     N     A     V     F     N     S     F     R     R     F     K     S     Q     F     L     Y     V     L     I     P     A     G     I     Y     W     Y     W     W     K     N     G     N     E     E     F     L     Y     S     K     -     -     -     -     -     -     -     -     -     -     -     -     -     -     
0.023 0.008 0.011 0.006 0.009 0.011 0.007 0.017 0.009 0.013 0.012 0.028 0.018 0.015 0.067 0.019 0.006 0.018 0.011 0.013 0.025 0.013 0.015 0.062 0.022 0.011 0.024 0.056 0.011 0.010 0.083 0.062 0.028 0.042 0.029 0.025 0.100 0.013 0.036 0.008 0.017 0.042 0.021 0.015 0.021 0.016 0.125 0.016 0.016 0.016 0.029 0.029 0.017 0.010 0.021 0.014 0.016 0.008 0.050 0.067 0.013 0.067 0.040 0.042 0.050 0.167 0.022 0.042 0.083 0.062 0.062 0.009 0.021 0.011 0.008 0.011 0.024 0.028 0.010 0.008 0.031 0.025 0.042 0.019 0.026 0.011 0.013 0.010 0.011 0.013 0.011 0.015 0.015 0.015 
>Sequence
Normalized_weight: 0.015
-     -     -     -     -     -     -     -     -     R     Q     F     G     H     L     -     -     T     R     V     R     H     V     I     T     Y     S     L     S     P     F     E     Q     R     A     F     P     H     Y     F     S     K     G     I     P     N     V     L     R     R     T     R     A     C     I     L     R     V     A     P     P     F     V     A     F     Y     L     V     Y     T     W     G     T     Q     E     F     E     K     S     K     R     K     N     P     A     A     Y     -     -     E     N     -     -     -     
0.023 0.008 0.011 0.006 0.009 0.011 0.007 0.017 0.009 0.017 0.036 0.021 0.018 0.015 0.011 0.019 0.006 0.018 0.020 0.024 0.010 0.017 0.021 0.010 0.020 0.011 0.009 0.013 0.011 0.010 0.017 0.011 0.028 0.014 0.026 0.012 0.013 0.021 0.012 0.008 0.011 0.009 0.019 0.013 0.014 0.016 0.017 0.019 0.016 0.016 0.018 0.010 0.024 0.028 0.011 0.014 0.017 0.008 0.011 0.011 0.013 0.008 0.010 0.013 0.017 0.015 0.010 0.042 0.014 0.008 0.009 0.009 0.014 0.012 0.008 0.011 0.008 0.028 0.010 0.008 0.016 0.031 0.021 0.015 0.021 0.024 0.013 0.010 0.011 0.025 0.029 0.015 0.015 0.015 
>Sequence
Normalized_weight: 0.017
-     -     -     -     -     -     -     -     -     R     E     F     G     N     L     -     -     A     R     I     R     H     V     I     S     Y     S     L     S     P     F     E     Q     R     A     F     P     S     Y     F     S     K     G     I     P     N     V     L     R     R     T     R     E     R     I     L     R     V     A     P     P     F     V     V     V     Y     L     I     Y     T     W     G     N     Q     E     F     E     Q     S     K     R     K     N     P     A     M     Y     -     -     E     N     -     -     -     
0.023 0.008 0.011 0.006 0.009 0.011 0.007 0.017 0.009 0.017 0.024 0.021 0.018 0.012 0.011 0.019 0.006 0.029 0.020 0.042 0.010 0.017 0.021 0.010 0.022 0.011 0.009 0.013 0.011 0.010 0.017 0.011 0.028 0.014 0.026 0.012 0.013 0.083 0.012 0.008 0.011 0.009 0.019 0.013 0.014 0.016 0.017 0.019 0.016 0.016 0.018 0.010 0.019 0.028 0.011 0.014 0.017 0.008 0.011 0.011 0.013 0.008 0.010 0.019 0.067 0.015 0.010 0.009 0.014 0.008 0.009 0.009 0.021 0.012 0.008 0.011 0.008 0.022 0.010 0.008 0.016 0.031 0.021 0.015 0.021 0.071 0.013 0.010 0.011 0.025 0.029 0.015 0.015 0.015 
>Sequence
Normalized_weight: 0.016
-     -     -     -     -     -     -     -     -     R     E     F     G     N     L     -     -     T     R     I     R     H     V     I     S     Y     S     L     S     P     F     E     Q     R     A     F     P     H     Y     F     S     K     G     I     P     N     V     L     R     R     T     R     E     R     I     L     R     V     A     P     P     F     V     L     F     Y     L     I     Y     T     W     G     N     Q     E     F     A     Q     S     K     R     K     N     P     A     K     Y     -     -     E     N     -     -     -     
0.023 0.008 0.011 0.006 0.009 0.011 0.007 0.017 0.009 0.017 0.024 0.021 0.018 0.012 0.011 0.019 0.006 0.018 0.020 0.042 0.010 0.017 0.021 0.010 0.022 0.011 0.009 0.013 0.011 0.010 0.017 0.011 0.028 0.014 0.026 0.012 0.013 0.021 0.012 0.008 0.011 0.009 0.019 0.013 0.014 0.016 0.017 0.019 0.016 0.016 0.018 0.010 0.019 0.028 0.011 0.014 0.017 0.008 0.011 0.011 0.013 0.008 0.010 0.033 0.017 0.015 0.010 0.009 0.014 0.008 0.009 0.009 0.021 0.012 0.008 0.011 0.048 0.022 0.010 0.008 0.016 0.031 0.021 0.015 0.021 0.071 0.013 0.010 0.011 0.025 0.029 0.015 0.015 0.015 
>Sequence
Normalized_weight: 0.018
-     -     -     -     -     -     -     -     -     R     E     F     G     N     L     -     -     T     R     M     R     H     V     I     S     Y     S     L     S     P     F     E     Q     R     A     Y     P     H     V     F     T     K     G     I     P     N     V     L     R     R     I     R     E     S     F     F     R     V     V     P     Q     F     V     V     F     Y     L     I     Y     T     W     G     T     E     E     F     E     R     S     K     R     K     N     P     A     A     Y     -     -     E     N     -     -     -     
0.023 0.008 0.011 0.006 0.009 0.011 0.007 0.017 0.009 0.017 0.024 0.021 0.018 0.012 0.011 0.019 0.006 0.018 0.020 0.028 0.010 0.017 0.021 0.010 0.022 0.011 0.009 0.013 0.011 0.010 0.017 0.011 0.028 0.014 0.026 0.029 0.013 0.021 0.036 0.008 0.056 0.009 0.019 0.013 0.014 0.016 0.017 0.019 0.016 0.016 0.050 0.010 0.019 0.056 0.021 0.042 0.017 0.008 0.033 0.011 0.048 0.008 0.010 0.019 0.017 0.015 0.010 0.009 0.014 0.008 0.009 0.009 0.014 0.011 0.008 0.011 0.008 0.056 0.010 0.008 0.016 0.031 0.021 0.015 0.021 0.024 0.013 0.010 0.011 0.025 0.029 0.015 0.015 0.015 
>Sequence
Normalized_weight: 0.022
-     -     -     -     -     -     -     -     -     -     -     W     G     N     F     -     -     G     K     Q     R     G     I     I     S     Y     G     I     S     P     N     R     Q     N     P     L     A     G     T     A     H     D     A     V     F     N     T     F     R     R     V     S     S     Q     F     L     Y     W     A     P     S     L     V     A     G     Y     Y     I     M     N     W     A     I     E     R     Y     L     N     S     K     -     -     -     -     -     -     -     -     -     -     -     -     -     -     
0.023 0.008 0.011 0.006 0.009 0.011 0.007 0.017 0.009 0.013 0.012 0.028 0.018 0.012 0.029 0.019 0.006 0.020 0.011 0.013 0.010 0.013 0.015 0.010 0.022 0.011 0.033 0.083 0.011 0.010 0.028 0.031 0.028 0.067 0.029 0.025 0.014 0.013 0.048 0.067 0.017 0.033 0.021 0.015 0.021 0.016 0.017 0.016 0.016 0.016 0.018 0.067 0.017 0.010 0.021 0.014 0.016 0.040 0.011 0.011 0.111 0.067 0.010 0.013 0.025 0.015 0.022 0.009 0.042 0.025 0.009 0.014 0.033 0.011 0.021 0.048 0.024 0.022 0.010 0.008 0.031 0.025 0.042 0.019 0.026 0.011 0.013 0.010 0.011 0.013 0.011 0.015 0.015 0.015 
>Sequence
Normalized_weight: 0.032
-     -     -     -     -     -     -     -     -     K     H     F     G     N     L     -     -     G     K     M     Y     G     E     H     R     F     A     L     A     P     N     E     Q     K     A     Y     K     G     F     F     D     Q     A     F     V     K     T     F     K     T     V     W     D     Q     W     Y     Y     Y     I     P     Q     T     I     G     A     Y     L     L     Y     D     W     A     K     K     T     N     V     A     A     N     R     K     N     P     A     D     F     -     -     A     N     -     -     -     
0.023 0.008 0.011 0.006 0.009 0.011 0.007 0.017 0.009 0.042 0.029 0.021 0.018 0.012 0.011 0.019 0.006 0.020 0.011 0.028 0.050 0.013 0.062 0.062 0.083 0.083 0.024 0.013 0.083 0.010 0.028 0.011 0.028 0.042 0.026 0.029 0.050 0.013 0.024 0.008 0.042 0.042 0.021 0.050 0.062 0.125 0.017 0.016 0.125 0.125 0.018 0.050 0.042 0.010 0.042 0.083 0.016 0.050 0.040 0.011 0.048 0.050 0.033 0.042 0.022 0.015 0.010 0.024 0.014 0.016 0.009 0.014 0.028 0.036 0.031 0.014 0.071 0.037 0.033 0.016 0.016 0.031 0.021 0.015 0.021 0.029 0.056 0.010 0.011 0.100 0.029 0.015 0.015 0.015 
>Sequence
Normalized_weight: 0.032
-     -     -     -     -     -     -     -     -     K     H     F     G     N     L     -     -     G     K     M     Y     G     E     H     R     F     A     L     A     P     N     E     Q     K     A     Y     K     G     F     L     D     Q     A     F     V     K     T     F     K     T     V     W     D     Q     W     Y     Y     Y     I     P     Q     T     I     G     A     Y     L     L     Y     D     W     A     K     K     T     N     H     E     A     N     R     K     N     P     A     D     Y     -     -     A     N     -     -     -     
0.023 0.008 0.011 0.006 0.009 0.011 0.007 0.017 0.009 0.042 0.029 0.021 0.018 0.012 0.011 0.019 0.006 0.020 0.011 0.028 0.050 0.013 0.062 0.062 0.083 0.083 0.024 0.013 0.083 0.010 0.028 0.011 0.028 0.042 0.026 0.029 0.050 0.013 0.024 0.100 0.042 0.042 0.021 0.050 0.062 0.125 0.017 0.016 0.125 0.125 0.018 0.050 0.042 0.010 0.042 0.083 0.016 0.050 0.040 0.011 0.048 0.050 0.033 0.042 0.022 0.015 0.010 0.024 0.014 0.016 0.009 0.014 0.028 0.036 0.031 0.014 0.029 0.056 0.033 0.016 0.016 0.031 0.021 0.015 0.021 0.029 0.013 0.010 0.011 0.100 0.029 0.015 0.015 0.015 
>Sequence
Normalized_weight: 0.045
G     G     P     H     G     K     A     Y     M     G     W     W     G     S     M     G     S     P     K     Q     K     Y     I     T     S     Y     A     V     S     P     Y     A     Q     K     P     L     A     G     I     F     H     N     A     V     F     N     T     F     R     R     V     R     A     Q     A     L     Y     V     I     I     P     F     G     L     Y     Y     A     W     W     A     N     C     R     D     Y     N     E     F     L     Y     T     -     K     A     G     R     E     E     L     E     R     V     N     -     
0.036 0.083 0.056 0.083 0.050 0.056 0.100 0.071 0.083 0.024 0.036 0.028 0.018 0.083 0.067 0.056 0.083 0.018 0.011 0.013 0.025 0.250 0.015 0.062 0.022 0.011 0.024 0.056 0.011 0.010 0.083 0.062 0.028 0.042 0.029 0.025 0.014 0.013 0.036 0.008 0.017 0.042 0.021 0.015 0.021 0.016 0.017 0.016 0.016 0.016 0.018 0.010 0.024 0.010 0.167 0.014 0.016 0.008 0.040 0.067 0.013 0.008 0.040 0.033 0.050 0.015 0.067 0.042 0.083 0.125 0.062 0.083 0.056 0.071 0.042 0.014 0.008 0.012 0.021 0.048 0.125 0.025 0.028 0.050 0.048 0.020 0.056 0.020 0.083 0.025 0.040 0.167 0.167 0.015 
>Sequence
Normalized_weight: 0.063
G     G     P     H     A     K     A     Y     M     G     W     W     G     S     I     G     S     P     A     Q     K     G     I     T     T     Y     T     V     S     P     Y     A     Q     K     P     L     N     N     I     F     H     N     A     V     F     N     T     F     R     R     V     K     S     Q     I     L     Y     M     A     L     P     A     A     L     Y     W     A     W     W     V     N     C     R     D     Y     N     A     Y     L     Y     T     -     K     A     G     R     E     E     L     E     R     V     N     V     
0.036 0.083 0.056 0.083 0.250 0.056 0.100 0.071 0.083 0.024 0.036 0.028 0.018 0.083 0.200 0.056 0.083 0.018 0.200 0.013 0.025 0.013 0.015 0.062 0.020 0.011 0.167 0.056 0.011 0.010 0.083 0.062 0.028 0.042 0.029 0.025 0.200 0.125 0.036 0.008 0.017 0.042 0.021 0.015 0.021 0.016 0.017 0.016 0.016 0.016 0.018 0.029 0.017 0.010 0.011 0.014 0.016 0.200 0.011 0.333 0.013 0.067 0.200 0.033 0.050 0.167 0.067 0.042 0.083 0.125 0.062 0.083 0.056 0.071 0.042 0.014 0.048 0.028 0.021 0.048 0.125 0.025 0.028 0.050 0.048 0.020 0.056 0.020 0.083 0.025 0.040 0.167 0.167 0.250 
>Sequence
Normalized_weight: 0.046
G     A     A     G     G     K     T     Y     L     G     W     W     G     H     L     G     G     P     K     Q     K     G     I     I     T     Y     S     L     S     P     F     Q     Q     R     P     M     A     G     F     F     K     T     S     T     Q     N     M     F     R     R     V     M     T     E     G     L     Y     V     A     I     P     F     G     I     A     Y     Y     I     Y     C     W     G     K     E     R     N     E     F     L     N     S     -     K     H     G     R     H     L     V     E     -     -     -     -     
0.036 0.125 0.333 0.167 0.050 0.056 0.100 0.071 0.083 0.024 0.036 0.028 0.018 0.015 0.011 0.056 0.042 0.018 0.011 0.013 0.025 0.013 0.015 0.010 0.020 0.011 0.009 0.013 0.011 0.010 0.017 0.125 0.028 0.014 0.029 0.100 0.014 0.013 0.024 0.008 0.083 0.083 0.167 0.100 0.125 0.016 0.062 0.016 0.016 0.016 0.018 0.100 0.083 0.083 0.083 0.014 0.016 0.008 0.011 0.067 0.013 0.008 0.040 0.042 0.022 0.015 0.022 0.009 0.014 0.062 0.009 0.009 0.028 0.011 0.021 0.014 0.008 0.012 0.021 0.016 0.025 0.025 0.028 0.250 0.048 0.020 0.167 0.100 0.250 0.025 0.011 0.015 0.015 0.015 
>Sequence
Normalized_weight: 0.031
G     A     P     I     G     K     H     Y     L     G     G     W     G     N     F     G     G     M     K     Q     R     G     I     I     S     Y     G     I     S     P     N     R     Q     N     P     L     A     G     T     A     H     D     A     V     F     N     T     F     R     R     V     S     S     Q     F     L     Y     W     A     P     S     L     V     A     G     Y     Y     I     M     N     W     A     I     E     R     N     H     Y     L     N     S     -     K     A     G     R     A     E     -     -     -     -     -     -     
0.036 0.125 0.056 0.083 0.050 0.056 0.100 0.071 0.083 0.024 0.036 0.028 0.018 0.012 0.029 0.056 0.042 0.143 0.011 0.013 0.010 0.013 0.015 0.010 0.022 0.011 0.033 0.083 0.011 0.010 0.028 0.031 0.028 0.067 0.029 0.025 0.014 0.013 0.048 0.067 0.017 0.033 0.021 0.015 0.021 0.016 0.017 0.016 0.016 0.016 0.018 0.067 0.017 0.010 0.021 0.014 0.016 0.040 0.011 0.011 0.111 0.067 0.010 0.013 0.025 0.015 0.022 0.009 0.042 0.025 0.009 0.014 0.033 0.011 0.021 0.014 0.029 0.028 0.021 0.016 0.025 0.025 0.028 0.050 0.048 0.020 0.056 0.020 0.011 0.013 0.011 0.015 0.015 0.015 
>Sequence
Normalized_weight: 0.045
-     -     P     K     N     G     H     Y     I     G     N     W     G     H     F     G     G     E     K     Q     R     G     I     I     T     Y     G     L     S     A     N     R     Q     N     P     W     A     G     S     F     N     D     A     I     F     N     T     F     R     R     T     K     G     Q     I     F     F     W     L     P     P     M     V     A     G     Y     W     M     M     S     W     A     I     E     R     S     E     Y     L     N     S     -     K     A     G     R     A     E     -     -     -     -     -     -     
0.023 0.008 0.056 0.167 0.250 0.333 0.100 0.071 0.250 0.024 0.143 0.028 0.018 0.015 0.029 0.056 0.042 0.143 0.011 0.013 0.010 0.013 0.015 0.010 0.020 0.011 0.033 0.013 0.011 0.167 0.028 0.031 0.028 0.067 0.029 0.100 0.014 0.013 0.071 0.008 0.083 0.033 0.021 0.013 0.021 0.016 0.017 0.016 0.016 0.016 0.018 0.029 0.042 0.010 0.011 0.042 0.125 0.040 0.050 0.011 0.013 0.100 0.010 0.013 0.025 0.015 0.100 0.083 0.042 0.062 0.009 0.014 0.033 0.011 0.021 0.143 0.008 0.028 0.021 0.016 0.025 0.025 0.028 0.050 0.048 0.020 0.056 0.020 0.011 0.013 0.011 0.015 0.015 0.015 
>Sequence
Normalized_weight: 0.035
-     G     P     I     G     K     K     Y     L     G     G     W     G     G     F     G     T     P     K     Q     K     G     I     I     T     Y     N     V     T     P     N     R     Q     R     P     F     A     G     A     G     H     A     A     V     F     N     T     W     R     R     F     K     G     Q     V     L     Y     I     V     P     P     F     V     A     A     Y     Y     I     M     D     W     A     T     H     E     N     H     F     L     N     S     -     K     P     G     R     A     L     -     -     -     -     -     -     
0.023 0.083 0.056 0.083 0.050 0.056 0.200 0.071 0.083 0.024 0.036 0.028 0.018 0.167 0.029 0.056 0.167 0.018 0.011 0.013 0.025 0.013 0.015 0.010 0.020 0.011 0.083 0.056 0.167 0.010 0.028 0.031 0.028 0.014 0.029 0.012 0.014 0.013 0.029 0.100 0.017 0.056 0.021 0.015 0.021 0.016 0.017 0.050 0.016 0.016 0.029 0.029 0.042 0.010 0.028 0.014 0.016 0.100 0.033 0.011 0.013 0.008 0.010 0.013 0.022 0.015 0.022 0.009 0.042 0.016 0.009 0.014 0.014 0.071 0.008 0.014 0.029 0.012 0.021 0.016 0.025 0.025 0.028 0.015 0.048 0.020 0.056 0.100 0.011 0.013 0.011 0.015 0.015 0.015 
>Sequence
Normalized_weight: 0.037
-     -     -     -     -     -     -     -     -     -     -     -     -     -     L     G     C     P     T     P     Q     R     I     V     T     Y     S     L     S     S     N     R     Q     R     P     L     A     G     A     F     H     A     A     I     F     N     T     F     R     R     F     R     S     Q     V     L     Y     V     V     P     P     F     V     V     A     Y     A     A     M     N     W     A     I     E     R     -     -     -     -     -     -     -     -     -     -     -     -     -     -     -     -     -     -     -     
0.023 0.008 0.011 0.006 0.009 0.011 0.007 0.017 0.009 0.013 0.012 0.042 0.062 0.024 0.011 0.056 0.167 0.018 0.200 0.167 0.200 0.250 0.015 0.062 0.020 0.011 0.009 0.013 0.011 0.333 0.028 0.031 0.028 0.014 0.029 0.025 0.014 0.013 0.029 0.008 0.017 0.056 0.021 0.013 0.021 0.016 0.017 0.016 0.016 0.016 0.029 0.010 0.017 0.010 0.028 0.014 0.016 0.008 0.033 0.011 0.013 0.008 0.010 0.019 0.022 0.015 0.067 0.167 0.042 0.025 0.009 0.014 0.033 0.011 0.021 0.024 0.143 0.056 0.083 0.071 0.031 0.025 0.042 0.019 0.026 0.011 0.013 0.010 0.011 0.013 0.011 0.015 0.015 0.015 
>Sequence
Normalized_weight: 0.032
-     -     -     -     -     -     -     -     -     -     -     -     -     H     F     G     N     A     K     V     H     G     I     V     T     Y     K     L     S     P     F     E     Q     R     A     F     A     G     A     I     S     K     G     L     P     N     M     V     R     R     F     R     S     N     V     F     I     V     T     P     P     F     I     V     G     Y     L     I     Y     D     L     -     T     E     R     K     H     -     -     -     -     -     -     -     -     -     -     -     -     -     -     -     -     -     
0.023 0.008 0.011 0.006 0.009 0.011 0.007 0.017 0.009 0.013 0.012 0.042 0.062 0.015 0.029 0.056 0.167 0.029 0.011 0.024 0.100 0.013 0.015 0.062 0.020 0.011 0.056 0.013 0.011 0.010 0.017 0.011 0.028 0.014 0.026 0.012 0.014 0.013 0.029 0.067 0.011 0.009 0.019 0.100 0.014 0.016 0.062 0.125 0.016 0.016 0.029 0.010 0.017 0.083 0.028 0.042 0.083 0.008 0.100 0.011 0.013 0.008 0.033 0.019 0.025 0.015 0.010 0.009 0.014 0.016 0.125 0.167 0.014 0.011 0.021 0.143 0.029 0.056 0.083 0.071 0.031 0.025 0.042 0.019 0.026 0.011 0.013 0.010 0.011 0.013 0.011 0.015 0.015 0.015 
>Sequence
Normalized_weight: 0.018
-     -     -     -     -     -     -     -     -     -     -     -     -     -     -     -     -     -     -     -     R     H     L     I     T     Y     S     L     S     P     F     E     Q     R     P     F     P     H     Y     F     S     K     G     V     P     N     V     W     R     R     L     R     A     C     I     L     R     V     A     P     P     F     L     A     F     Y     L     L     Y     T     W     G     T     Q     -     -     E     F     E     K     S     -     K     -     -     -     -     -     -     -     -     -     -     -     
0.023 0.008 0.011 0.006 0.009 0.011 0.007 0.017 0.009 0.013 0.012 0.042 0.062 0.024 0.033 0.019 0.006 0.024 0.040 0.033 0.010 0.017 0.083 0.010 0.020 0.011 0.009 0.013 0.011 0.010 0.017 0.011 0.028 0.014 0.029 0.012 0.013 0.021 0.012 0.008 0.011 0.009 0.019 0.015 0.014 0.016 0.017 0.050 0.016 0.016 0.067 0.010 0.024 0.028 0.011 0.014 0.017 0.008 0.011 0.011 0.013 0.008 0.067 0.013 0.017 0.015 0.010 0.024 0.014 0.008 0.009 0.009 0.014 0.012 0.025 0.024 0.008 0.012 0.042 0.008 0.025 0.025 0.028 0.019 0.026 0.011 0.013 0.010 0.011 0.013 0.011 0.015 0.015 0.015 
>Sequence
Normalized_weight: 0.017
-     -     -     -     -     -     -     -     -     -     -     -     -     -     -     -     -     -     -     -     R     H     V     I     S     Y     S     L     S     P     F     E     Q     R     A     F     P     H     Y     F     S     K     G     I     P     N     V     L     R     R     T     R     E     R     I     L     R     V     A     P     P     F     V     L     F     Y     L     I     Y     T     W     G     N     Q     -     -     E     F     A     Q     S     -     K     -     -     -     -     -     -     -     -     -     -     -     
0.023 0.008 0.011 0.006 0.009 0.011 0.007 0.017 0.009 0.013 0.012 0.042 0.062 0.024 0.033 0.019 0.006 0.024 0.040 0.033 0.010 0.017 0.021 0.010 0.022 0.011 0.009 0.013 0.011 0.010 0.017 0.011 0.028 0.014 0.026 0.012 0.013 0.021 0.012 0.008 0.011 0.009 0.019 0.013 0.014 0.016 0.017 0.019 0.016 0.016 0.018 0.010 0.019 0.028 0.011 0.014 0.017 0.008 0.011 0.011 0.013 0.008 0.010 0.033 0.017 0.015 0.010 0.009 0.014 0.008 0.009 0.009 0.021 0.012 0.025 0.024 0.008 0.012 0.033 0.071 0.025 0.025 0.028 0.019 0.026 0.011 0.013 0.010 0.011 0.013 0.011 0.015 0.015 0.015 
>Sequence
Normalized_weight: 0.018
-     -     -     -     -     -     -     -     -     -     -     -     -     -     -     -     -     -     -     -     R     H     V     I     S     Y     S     L     S     P     F     E     Q     R     A     F     P     S     Y     F     S     K     G     I     P     N     V     L     R     R     T     R     E     R     I     L     R     V     A     P     P     F     V     V     V     Y     L     I     Y     T     W     G     N     Q     -     -     E     F     E     Q     S     -     K     -     -     -     -     -     -     -     -     -     -     -     
0.023 0.008 0.011 0.006 0.009 0.011 0.007 0.017 0.009 0.013 0.012 0.042 0.062 0.024 0.033 0.019 0.006 0.024 0.040 0.033 0.010 0.017 0.021 0.010 0.022 0.011 0.009 0.013 0.011 0.010 0.017 0.011 0.028 0.014 0.026 0.012 0.013 0.083 0.012 0.008 0.011 0.009 0.019 0.013 0.014 0.016 0.017 0.019 0.016 0.016 0.018 0.010 0.019 0.028 0.011 0.014 0.017 0.008 0.011 0.011 0.013 0.008 0.010 0.019 0.067 0.015 0.010 0.009 0.014 0.008 0.009 0.009 0.021 0.012 0.025 0.024 0.008 0.012 0.042 0.071 0.025 0.025 0.028 0.019 0.026 0.011 0.013 0.010 0.011 0.013 0.011 0.015 0.015 0.015 
>Sequence
Normalized_weight: 0.016
-     -     -     -     -     -     -     -     -     -     -     -     -     -     -     -     -     -     -     -     R     H     V     I     T     Y     S     L     S     P     F     E     Q     R     A     F     P     H     Y     F     S     K     G     I     P     N     V     L     R     R     T     R     A     C     I     L     R     V     A     P     P     F     V     A     F     Y     L     V     Y     T     W     G     T     Q     -     -     E     F     E     K     S     -     K     -     -     -     -     -     -     -     -     -     -     -     
0.023 0.008 0.011 0.006 0.009 0.011 0.007 0.017 0.009 0.013 0.012 0.042 0.062 0.024 0.033 0.019 0.006 0.024 0.040 0.033 0.010 0.017 0.021 0.010 0.020 0.011 0.009 0.013 0.011 0.010 0.017 0.011 0.028 0.014 0.026 0.012 0.013 0.021 0.012 0.008 0.011 0.009 0.019 0.013 0.014 0.016 0.017 0.019 0.016 0.016 0.018 0.010 0.024 0.028 0.011 0.014 0.017 0.008 0.011 0.011 0.013 0.008 0.010 0.013 0.017 0.015 0.010 0.042 0.014 0.008 0.009 0.009 0.014 0.012 0.025 0.024 0.008 0.012 0.042 0.008 0.025 0.025 0.028 0.019 0.026 0.011 0.013 0.010 0.011 0.013 0.011 0.015 0.015 0.015 
>Sequence
Normalized_weight: 0.020
-     -     -     -     -     -     -     -     -     -     -     -     -     -     -     -     -     -     -     -     R     H     V     I     S     Y     S     L     S     P     F     E     Q     R     A     Y     P     H     V     F     T     K     G     I     P     N     V     L     R     R     I     R     E     S     F     F     R     V     V     P     Q     F     V     V     F     Y     L     I     Y     T     W     G     T     E     -     -     E     F     E     R     S     -     K     -     -     -     -     -     -     -     -     -     -     -     
0.023 0.008 0.011 0.006 0.009 0.011 0.007 0.017 0.009 0.013 0.012 0.042 0.062 0.024 0.033 0.019 0.006 0.024 0.040 0.033 0.010 0.017 0.021 0.010 0.022 0.011 0.009 0.013 0.011 0.010 0.017 0.011 0.028 0.014 0.026 0.029 0.013 0.021 0.036 0.008 0.056 0.009 0.019 0.013 0.014 0.016 0.017 0.019 0.016 0.016 0.050 0.010 0.019 0.056 0.021 0.042 0.017 0.008 0.033 0.011 0.048 0.008 0.010 0.019 0.017 0.015 0.010 0.009 0.014 0.008 0.009 0.009 0.014 0.011 0.025 0.024 0.008 0.012 0.042 0.143 0.025 0.025 0.028 0.019 0.026 0.011 0.013 0.010 0.011 0.013 0.011 0.015 0.015 0.015 
