>Sequence
Normalized_weight: 0.080
-     -     -     -     -     -     -     -     -     -     G     S     A     D     Y     S     S     L     T     V     V     Q     L     K     D     L     L     T     K     R     N     L     S     V     G     G     L     K     N     E     L     V     Q     R     L     I     K     D     D     E     E     S     K     G     
0.036 0.062 0.042 0.031 0.031 0.062 0.042 0.021 0.025 0.031 0.125 0.100 0.125 0.042 0.048 0.067 0.056 0.042 0.042 0.036 0.250 0.033 0.067 0.026 0.042 0.048 0.048 0.143 0.143 0.029 0.167 0.036 0.056 0.143 0.022 0.025 0.100 0.067 0.200 0.028 0.067 0.056 0.167 0.056 0.036 0.071 0.100 0.033 0.029 0.033 0.083 0.250 0.250 0.333 
>Sequence
Normalized_weight: 0.073
Y     S     E     E     E     L     K     T     H     I     S     K     G     T     L     G     K     F     T     V     P     M     L     K     E     A     C     R     A     Y     G     L     K     S     G     L     K     K     Q     E     L     L     E     A     L     T     K     H     F     Q     D     -     -     -     
0.500 0.071 0.056 0.062 0.050 0.071 0.067 0.083 0.067 0.250 0.125 0.050 0.036 0.036 0.048 0.029 0.048 0.250 0.042 0.036 0.036 0.167 0.067 0.026 0.042 0.071 0.048 0.048 0.036 0.040 0.021 0.036 0.033 0.029 0.022 0.250 0.033 0.067 0.033 0.028 0.067 0.067 0.042 0.083 0.036 0.048 0.100 0.033 0.050 0.100 0.167 0.021 0.021 0.026 
>Sequence
Normalized_weight: 0.129
-     -     -     -     -     -     -     -     -     -     -     -     -     -     -     -     T     V     K     L     S     F     L     Q     H     I     C     K     L     T     G     L     S     R     S     G     R     K     D     E     L     L     R     R     I     V     D     S     -     -     P     I     Y     P     
0.036 0.062 0.042 0.031 0.031 0.062 0.042 0.021 0.025 0.031 0.018 0.033 0.050 0.250 0.333 0.200 0.167 0.250 0.167 0.500 0.125 0.167 0.067 0.333 0.250 0.029 0.048 0.029 0.143 0.200 0.021 0.036 0.056 0.143 0.067 0.025 0.100 0.067 0.200 0.028 0.067 0.067 0.167 0.056 0.500 0.071 0.100 0.167 0.200 0.067 0.167 0.250 0.250 0.333 
>Sequence
Normalized_weight: 0.058
-     -     -     -     -     -     -     -     -     -     -     S     L     D     Y     S     T     M     T     V     A     Q     L     K     E     E     L     Q     G     R     D     L     V     I     S     G     V     K     A     E     L     I     S     R     L     E     D     D     D     E     Q     -     -     -     
0.036 0.062 0.042 0.031 0.031 0.062 0.042 0.021 0.025 0.031 0.018 0.100 0.250 0.042 0.048 0.067 0.167 0.036 0.042 0.036 0.050 0.033 0.067 0.026 0.042 0.143 0.048 0.048 0.071 0.029 0.056 0.036 0.167 0.048 0.067 0.025 0.200 0.067 0.033 0.028 0.067 0.083 0.083 0.056 0.036 0.036 0.100 0.033 0.029 0.033 0.042 0.021 0.021 0.026 
>Sequence
Normalized_weight: 0.043
-     -     -     -     -     -     -     -     -     -     -     -     -     D     Y     N     S     M     T     V     A     Q     L     K     E     L     L     Q     E     R     D     L     T     I     G     G     N     K     A     E     L     V     S     R     L     E     E     D     D     I     Q     -     -     -     
0.036 0.062 0.042 0.031 0.031 0.062 0.042 0.021 0.025 0.031 0.018 0.033 0.050 0.042 0.048 0.067 0.056 0.036 0.042 0.036 0.050 0.033 0.067 0.026 0.042 0.048 0.048 0.048 0.029 0.029 0.056 0.036 0.083 0.048 0.022 0.025 0.050 0.067 0.033 0.028 0.067 0.056 0.083 0.056 0.036 0.036 0.033 0.033 0.029 0.100 0.042 0.021 0.021 0.026 
>Sequence
Normalized_weight: 0.042
-     -     -     -     -     -     -     -     -     -     -     -     -     D     Y     N     S     M     T     V     A     Q     L     K     E     I     L     Q     E     R     D     L     T     I     G     G     N     K     A     E     L     V     A     R     L     E     E     D     D     I     Q     -     -     -     
0.036 0.062 0.042 0.031 0.031 0.062 0.042 0.021 0.025 0.031 0.018 0.033 0.050 0.042 0.048 0.067 0.056 0.036 0.042 0.036 0.050 0.033 0.067 0.026 0.042 0.029 0.048 0.048 0.029 0.029 0.056 0.036 0.083 0.048 0.022 0.025 0.050 0.067 0.033 0.028 0.067 0.056 0.056 0.056 0.036 0.036 0.033 0.033 0.029 0.100 0.042 0.021 0.021 0.026 
>Sequence
Normalized_weight: 0.060
-     -     -     -     -     -     -     -     -     -     -     -     -     D     Y     A     S     M     T     V     A     Q     L     K     D     V     L     K     E     R     E     L     P     T     Q     G     L     K     A     A     L     V     E     R     L     Q     Q     A     D     -     -     -     -     -     
0.036 0.062 0.042 0.031 0.031 0.062 0.042 0.021 0.025 0.031 0.018 0.033 0.050 0.042 0.048 0.200 0.056 0.036 0.042 0.036 0.050 0.033 0.067 0.026 0.042 0.071 0.048 0.029 0.029 0.029 0.167 0.036 0.056 0.071 0.200 0.025 0.100 0.067 0.033 0.333 0.067 0.056 0.042 0.056 0.036 0.071 0.100 0.167 0.029 0.067 0.028 0.021 0.021 0.026 
>Sequence
Normalized_weight: 0.057
-     -     -     -     -     -     -     -     -     -     -     -     -     D     Y     N     S     M     K     V     P     E     L     K     K     L     L     N     E     R     S     L     P     Q     T     G     N     K     A     D     L     I     A     R     L     Q     E     H     D     K     Q     -     -     -     
0.036 0.062 0.042 0.031 0.031 0.062 0.042 0.021 0.025 0.031 0.018 0.033 0.050 0.042 0.048 0.067 0.056 0.036 0.167 0.036 0.036 0.056 0.067 0.026 0.125 0.048 0.048 0.143 0.029 0.029 0.167 0.036 0.056 0.071 0.200 0.025 0.050 0.067 0.033 0.167 0.067 0.083 0.056 0.056 0.036 0.071 0.033 0.033 0.029 0.100 0.042 0.021 0.021 0.026 
>Sequence
Normalized_weight: 0.073
-     -     -     -     -     -     -     -     -     -     -     -     A     E     Y     S     S     M     K     V     P     E     L     K     K     M     L     G     E     R     G     L     P     Q     S     G     N     K     P     D     L     I     A     R     L     K     E     D     D     E     K     K     E     -     
0.036 0.062 0.042 0.031 0.031 0.062 0.042 0.021 0.025 0.031 0.018 0.033 0.125 0.250 0.048 0.067 0.056 0.036 0.167 0.036 0.036 0.056 0.067 0.026 0.125 0.143 0.048 0.143 0.029 0.029 0.021 0.036 0.056 0.071 0.067 0.025 0.050 0.067 0.200 0.167 0.067 0.083 0.056 0.056 0.036 0.143 0.033 0.033 0.029 0.033 0.167 0.250 0.250 0.026 
>Sequence
Normalized_weight: 0.052
-     S     E     E     E     L     K     A     H     F     R     K     G     T     L     G     K     L     T     V     P     T     L     K     D     I     C     K     A     H     G     L     K     S     G     P     K     K     Q     E     L     L     D     A     L     I     R     H     L     E     -     -     -     -     
0.036 0.071 0.056 0.062 0.050 0.071 0.067 0.083 0.067 0.062 0.125 0.050 0.036 0.036 0.048 0.029 0.048 0.042 0.042 0.036 0.036 0.083 0.067 0.026 0.042 0.029 0.048 0.029 0.036 0.200 0.021 0.036 0.033 0.029 0.022 0.083 0.033 0.067 0.033 0.028 0.067 0.067 0.042 0.083 0.036 0.071 0.067 0.033 0.100 0.033 0.028 0.021 0.021 0.026 
>Sequence
Normalized_weight: 0.058
-     S     E     E     E     L     K     D     L     F     A     K     G     T     L     G     K     L     T     V     P     A     L     R     D     I     C     K     A     Y     G     L     K     S     G     P     K     K     Q     E     L     L     E     A     L     S     R     H     L     E     -     -     -     -     
0.036 0.071 0.056 0.062 0.050 0.071 0.067 0.167 0.200 0.062 0.062 0.050 0.036 0.036 0.048 0.029 0.048 0.042 0.042 0.036 0.036 0.056 0.067 0.333 0.042 0.029 0.048 0.029 0.036 0.040 0.021 0.036 0.033 0.029 0.022 0.083 0.033 0.067 0.033 0.028 0.067 0.067 0.042 0.083 0.036 0.143 0.067 0.033 0.100 0.033 0.028 0.021 0.021 0.026 
>Sequence
Normalized_weight: 0.066
-     S     E     D     S     L     R     S     Y     V     Q     N     G     T     L     G     K     L     T     V     S     A     L     K     D     T     C     R     H     Y     G     L     R     S     G     G     K     K     Q     E     L     I     D     A     L     T     E     Y     F     -     -     -     -     -     
0.036 0.071 0.056 0.125 0.250 0.071 0.167 0.167 0.100 0.125 0.125 0.100 0.036 0.036 0.048 0.029 0.048 0.042 0.042 0.036 0.125 0.056 0.067 0.026 0.042 0.143 0.048 0.048 0.143 0.040 0.021 0.036 0.167 0.029 0.022 0.025 0.033 0.067 0.033 0.028 0.067 0.083 0.042 0.083 0.036 0.048 0.033 0.083 0.050 0.067 0.028 0.021 0.021 0.026 
>Sequence
Normalized_weight: 0.048
-     S     E     E     E     L     K     A     H     F     A     K     G     T     L     G     K     L     T     V     P     T     L     K     E     V     C     K     A     Y     G     L     K     S     G     P     K     K     Q     E     L     L     D     A     L     T     R     H     F     Q     -     -     -     -     
0.036 0.071 0.056 0.062 0.050 0.071 0.067 0.083 0.067 0.062 0.062 0.050 0.036 0.036 0.048 0.029 0.048 0.042 0.042 0.036 0.036 0.083 0.067 0.026 0.042 0.071 0.048 0.029 0.036 0.040 0.021 0.036 0.033 0.029 0.022 0.083 0.033 0.067 0.033 0.028 0.067 0.067 0.042 0.083 0.036 0.048 0.067 0.033 0.050 0.100 0.028 0.021 0.021 0.026 
>Sequence
Normalized_weight: 0.064
-     S     E     D     E     L     R     T     Y     V     K     N     G     T     L     G     K     L     T     V     P     A     L     K     E     A     C     R     G     Y     K     L     K     -     G     S     K     K     Q     E     L     V     D     A     L     V     E     Y     F     K     -     -     -     -     
0.036 0.071 0.056 0.125 0.050 0.071 0.167 0.083 0.100 0.125 0.125 0.100 0.036 0.036 0.048 0.029 0.048 0.042 0.042 0.036 0.036 0.056 0.067 0.026 0.042 0.071 0.048 0.048 0.071 0.040 0.167 0.036 0.033 0.143 0.022 0.250 0.033 0.067 0.033 0.028 0.067 0.056 0.042 0.083 0.036 0.071 0.033 0.083 0.050 0.100 0.028 0.021 0.021 0.026 
>Sequence
Normalized_weight: 0.098
-     S     N     A     D     L     K     K     A     F     E     Q     G     T     L     G     K     M     T     V     A     E     L     K     D     I     M     A     S     K     G     I     S     T     A     G     R     K     A     E     L     V     E     R     L     E     Q     W     V     E     E     -     -     -     
0.036 0.071 0.333 0.250 0.250 0.071 0.067 0.167 0.200 0.062 0.125 0.200 0.036 0.036 0.048 0.029 0.048 0.036 0.042 0.036 0.050 0.056 0.067 0.026 0.042 0.029 0.333 0.143 0.143 0.200 0.021 0.500 0.056 0.071 0.200 0.025 0.100 0.067 0.033 0.028 0.067 0.056 0.042 0.056 0.036 0.036 0.100 0.167 0.200 0.033 0.083 0.021 0.021 0.026 
