>Sequence
Normalized_weight: 0.007
-     -     -     -     I     T     H     H     E     L     V     P     K     H     I     R     L     S     S     D     E     K     R     E     L     L     K     R     Y     R     L     K     E     S     Q     L     P     R     I     Q     R     A     D     P     V     A     L     Y     L     G     L     K     R     G     E     V     V     K     I     I     R     K     S     E     T     S     G     R     Y     A     S     Y     R     I     C     M     -     
0.003 0.002 0.002 0.004 0.004 0.003 0.010 0.003 0.002 0.002 0.002 0.003 0.003 0.002 0.009 0.050 0.004 0.004 0.024 0.006 0.002 0.003 0.019 0.003 0.003 0.002 0.003 0.003 0.002 0.006 0.005 0.002 0.004 0.006 0.002 0.003 0.004 0.003 0.003 0.004 0.006 0.033 0.006 0.002 0.003 0.003 0.010 0.002 0.003 0.002 0.003 0.002 0.003 0.003 0.010 0.003 0.003 0.004 0.003 0.003 0.003 0.002 0.002 0.003 0.002 0.009 0.002 0.003 0.004 0.010 0.006 0.003 0.006 0.013 0.015 0.143 0.004 
>Sequence
Normalized_weight: 0.014
M     K     R     E     I     L     K     H     Q     L     V     P     E     H     V     I     L     N     E     S     E     A     K     R     V     L     K     E     L     D     A     H     P     E     Q     L     P     K     I     K     T     T     D     P     V     A     K     A     I     G     A     K     R     G     D     I     V     K     I     I     R     K     S     P     T     A     E     E     F     V     T     Y     R     L     V     Q     D     
0.042 0.010 0.056 0.125 0.004 0.004 0.005 0.003 0.067 0.002 0.002 0.003 0.004 0.002 0.006 0.004 0.004 0.009 0.004 0.019 0.002 0.007 0.002 0.038 0.006 0.002 0.003 0.006 0.005 0.038 0.125 0.077 0.006 0.005 0.002 0.003 0.004 0.004 0.003 0.008 0.017 0.004 0.006 0.002 0.003 0.003 0.005 0.008 0.006 0.002 0.004 0.002 0.003 0.003 0.002 0.008 0.003 0.004 0.003 0.003 0.003 0.002 0.002 0.004 0.002 0.002 0.031 0.003 0.021 0.003 0.005 0.003 0.006 0.003 0.004 0.036 0.167 
>Sequence
Normalized_weight: 0.005
-     -     -     -     I     T     H     H     E     L     V     P     K     H     V     L     L     S     K     E     E     K     A     A     L     L     K     R     Y     R     L     K     E     T     Q     L     P     R     I     L     S     K     D     P     I     A     R     Y     L     G     L     K     R     G     Q     V     V     K     I     I     R     V     S     E     T     A     G     R     Y     A     S     Y     R     L     C     V     -     
0.003 0.002 0.002 0.004 0.004 0.003 0.010 0.003 0.002 0.002 0.002 0.003 0.003 0.002 0.006 0.006 0.004 0.004 0.004 0.002 0.002 0.003 0.013 0.013 0.003 0.002 0.003 0.003 0.002 0.006 0.005 0.002 0.004 0.005 0.002 0.003 0.004 0.003 0.003 0.005 0.017 0.008 0.006 0.002 0.009 0.003 0.004 0.002 0.003 0.002 0.003 0.002 0.003 0.003 0.004 0.003 0.003 0.004 0.003 0.003 0.003 0.031 0.002 0.003 0.002 0.002 0.002 0.003 0.004 0.010 0.006 0.003 0.006 0.003 0.015 0.005 0.004 
>Sequence
Normalized_weight: 0.005
-     -     -     -     I     T     H     H     E     L     V     P     K     H     I     K     L     S     D     E     E     K     K     E     L     L     K     R     Y     R     L     K     E     S     Q     L     P     R     I     Q     R     M     D     P     V     A     L     Y     L     G     L     K     R     G     E     V     V     K     I     I     R     K     S     E     T     S     G     R     Y     A     S     Y     R     I     C     L     -     
0.003 0.002 0.002 0.004 0.004 0.003 0.010 0.003 0.002 0.002 0.002 0.003 0.003 0.002 0.009 0.014 0.004 0.004 0.006 0.002 0.002 0.003 0.002 0.003 0.003 0.002 0.003 0.003 0.002 0.006 0.005 0.002 0.004 0.006 0.002 0.003 0.004 0.003 0.003 0.004 0.006 0.033 0.006 0.002 0.003 0.003 0.010 0.002 0.003 0.002 0.003 0.002 0.003 0.003 0.010 0.003 0.003 0.004 0.003 0.003 0.003 0.002 0.002 0.003 0.002 0.009 0.002 0.003 0.004 0.010 0.006 0.003 0.006 0.013 0.015 0.071 0.004 
>Sequence
Normalized_weight: 0.006
-     -     -     -     I     T     H     H     E     L     V     P     K     H     I     L     L     S     P     D     E     K     K     E     L     L     D     R     Y     K     L     R     E     T     Q     L     P     R     I     Q     L     A     D     P     V     A     R     Y     L     G     L     K     R     G     E     V     V     K     I     V     R     R     S     E     T     S     G     R     Y     N     S     Y     R     I     C     -     -     
0.003 0.002 0.002 0.004 0.004 0.003 0.010 0.003 0.002 0.002 0.002 0.003 0.003 0.002 0.009 0.006 0.004 0.004 0.012 0.006 0.002 0.003 0.002 0.003 0.003 0.002 0.010 0.003 0.002 0.005 0.005 0.010 0.004 0.005 0.002 0.003 0.004 0.003 0.003 0.004 0.067 0.033 0.006 0.002 0.003 0.003 0.004 0.002 0.003 0.002 0.003 0.002 0.003 0.003 0.010 0.003 0.003 0.004 0.003 0.013 0.003 0.013 0.002 0.003 0.002 0.009 0.002 0.003 0.004 0.042 0.006 0.003 0.006 0.013 0.015 0.004 0.004 
>Sequence
Normalized_weight: 0.006
-     -     -     -     I     T     H     H     E     L     V     P     K     H     V     L     L     S     R     E     E     K     I     A     L     L     K     R     Y     R     L     K     E     T     Q     L     P     R     I     L     Q     K     D     P     V     A     R     Y     L     G     L     K     R     G     H     V     V     K     I     I     R     N     S     E     T     A     G     R     Y     A     S     Y     R     F     -     -     -     
0.003 0.002 0.002 0.004 0.004 0.003 0.010 0.003 0.002 0.002 0.002 0.003 0.003 0.002 0.006 0.006 0.004 0.004 0.012 0.002 0.002 0.003 0.026 0.013 0.003 0.002 0.003 0.003 0.002 0.006 0.005 0.002 0.004 0.005 0.002 0.003 0.004 0.003 0.003 0.005 0.017 0.008 0.006 0.002 0.003 0.003 0.004 0.002 0.003 0.002 0.003 0.002 0.003 0.003 0.083 0.003 0.003 0.004 0.003 0.003 0.003 0.009 0.002 0.003 0.002 0.002 0.002 0.003 0.004 0.010 0.006 0.003 0.006 0.025 0.013 0.004 0.004 
>Sequence
Normalized_weight: 0.007
-     -     -     -     I     T     H     H     E     L     V     P     K     H     I     R     L     S     D     A     E     K     K     E     L     L     K     R     Y     R     L     K     E     S     Q     L     P     R     I     Q     R     M     D     P     V     A     L     Y     L     G     L     K     R     G     E     V     I     K     I     I     R     K     S     E     T     S     G     R     Y     A     S     Y     R     I     C     L     -     
0.003 0.002 0.002 0.004 0.004 0.003 0.010 0.003 0.002 0.002 0.002 0.003 0.003 0.002 0.009 0.050 0.004 0.004 0.006 0.077 0.002 0.003 0.002 0.003 0.003 0.002 0.003 0.003 0.002 0.006 0.005 0.002 0.004 0.006 0.002 0.003 0.004 0.003 0.003 0.004 0.006 0.033 0.006 0.002 0.003 0.003 0.010 0.002 0.003 0.002 0.003 0.002 0.003 0.003 0.010 0.003 0.006 0.004 0.003 0.003 0.003 0.002 0.002 0.003 0.002 0.009 0.002 0.003 0.004 0.010 0.006 0.003 0.006 0.013 0.015 0.071 0.004 
>Sequence
Normalized_weight: 0.010
-     -     -     -     I     T     H     H     M     L     V     P     K     H     E     I     L     S     K     N     E     S     K     S     L     L     E     R     Y     S     I     K     F     D     H     L     P     K     I     L     K     N     D     P     V     A     K     Y     L     G     L     Q     R     S     E     I     V     K     I     T     R     V     S     E     T     S     G     K     F     I     T     Y     R     I     C     I     -     
0.003 0.002 0.002 0.004 0.004 0.003 0.010 0.003 0.033 0.002 0.002 0.003 0.003 0.002 0.003 0.004 0.004 0.004 0.004 0.038 0.002 0.056 0.002 0.009 0.003 0.002 0.005 0.003 0.002 0.013 0.004 0.002 0.023 0.008 0.036 0.003 0.004 0.004 0.003 0.005 0.007 0.006 0.006 0.002 0.003 0.003 0.005 0.002 0.003 0.002 0.003 0.033 0.003 0.200 0.010 0.008 0.003 0.004 0.003 0.004 0.003 0.031 0.002 0.003 0.002 0.009 0.002 0.017 0.021 0.005 0.005 0.003 0.006 0.013 0.015 0.018 0.004 
>Sequence
Normalized_weight: 0.011
-     -     -     -     I     T     E     H     V     L     V     P     K     H     E     I     L     T     E     D     E     S     K     T     L     L     T     K     Y     C     V     T     F     S     K     F     P     V     I     Y     K     T     D     P     V     A     K     Y     Y     G     M     K     P     G     N     V     C     K     I     I     R     S     S     E     S     A     G     Q     F     I     N     Y     R     Y     C     V     -     
0.003 0.002 0.002 0.004 0.004 0.003 0.006 0.003 0.004 0.002 0.002 0.003 0.003 0.002 0.003 0.004 0.004 0.007 0.004 0.006 0.002 0.056 0.002 0.009 0.003 0.002 0.015 0.004 0.002 0.077 0.010 0.008 0.023 0.006 0.010 0.036 0.004 0.077 0.003 0.028 0.007 0.004 0.006 0.002 0.003 0.003 0.005 0.002 0.011 0.002 0.028 0.002 0.003 0.003 0.042 0.003 0.021 0.004 0.003 0.003 0.003 0.013 0.002 0.003 0.014 0.002 0.002 0.033 0.021 0.005 0.091 0.003 0.006 0.007 0.015 0.005 0.004 
>Sequence
Normalized_weight: 0.006
-     -     -     -     V     P     D     H     V     Y     V     P     K     H     E     I     I     P     K     S     E     A     E     E     V     L     K     K     Y     N     C     K     P     T     E     L     P     L     I     F     V     N     D     P     A     I     M     G     L     G     V     K     P     G     D     M     I     K     I     T     R     N     S     P     T     A     G     E     S     L     Y     Y     R     Y     V     V     -     
0.003 0.002 0.002 0.004 0.009 0.017 0.006 0.003 0.004 0.010 0.002 0.003 0.003 0.002 0.003 0.004 0.014 0.009 0.004 0.019 0.002 0.007 0.006 0.003 0.006 0.002 0.003 0.004 0.002 0.003 0.016 0.002 0.006 0.005 0.009 0.003 0.004 0.010 0.003 0.014 0.004 0.006 0.006 0.002 0.007 0.008 0.016 0.012 0.003 0.002 0.014 0.002 0.003 0.003 0.002 0.028 0.006 0.004 0.003 0.004 0.003 0.009 0.002 0.004 0.002 0.002 0.002 0.003 0.006 0.021 0.003 0.003 0.006 0.007 0.004 0.005 0.004 
>Sequence
Normalized_weight: 0.006
-     -     -     -     V     P     D     H     V     Y     V     P     K     H     E     I     M     T     K     K     E     A     Q     K     V     L     D     E     F     N     C     K     P     T     E     L     P     L     I     F     V     T     D     P     A     I     L     G     L     G     V     K     P     G     D     M     I     R     I     T     R     K     S     G     T     A     G     E     S     T     Y     Y     R     Y     V     V     -     
0.003 0.002 0.002 0.004 0.009 0.017 0.006 0.003 0.004 0.010 0.002 0.003 0.003 0.002 0.003 0.004 0.013 0.007 0.004 0.013 0.002 0.007 0.009 0.005 0.006 0.002 0.010 0.006 0.010 0.003 0.016 0.002 0.006 0.005 0.009 0.003 0.004 0.010 0.003 0.014 0.004 0.004 0.006 0.002 0.007 0.008 0.010 0.012 0.003 0.002 0.014 0.002 0.003 0.003 0.002 0.028 0.006 0.020 0.003 0.004 0.003 0.002 0.002 0.012 0.002 0.002 0.002 0.003 0.006 0.021 0.003 0.003 0.006 0.007 0.004 0.005 0.004 
>Sequence
Normalized_weight: 0.007
-     -     -     -     V     P     D     H     T     Y     V     P     K     H     E     I     M     N     K     K     D     A     Q     K     V     L     D     Q     F     N     C     Q     P     T     E     L     P     L     I     F     V     T     D     P     A     I     L     G     L     G     V     K     P     G     D     M     I     K     I     T     R     K     S     G     T     A     G     E     S     T     Y     Y     R     Y     V     V     -     
0.003 0.002 0.002 0.004 0.009 0.017 0.006 0.003 0.013 0.010 0.002 0.003 0.003 0.002 0.003 0.004 0.013 0.009 0.004 0.013 0.024 0.007 0.009 0.005 0.006 0.002 0.010 0.030 0.010 0.003 0.016 0.015 0.006 0.005 0.009 0.003 0.004 0.010 0.003 0.014 0.004 0.004 0.006 0.002 0.007 0.008 0.010 0.012 0.003 0.002 0.014 0.002 0.003 0.003 0.002 0.028 0.006 0.004 0.003 0.004 0.003 0.002 0.002 0.012 0.002 0.002 0.002 0.003 0.006 0.021 0.003 0.003 0.006 0.007 0.004 0.005 0.004 
>Sequence
Normalized_weight: 0.006
-     -     -     -     V     P     D     H     V     Y     V     P     K     H     E     I     M     T     K     K     D     A     Q     K     V     L     D     D     F     N     C     K     P     T     E     L     P     L     I     F     V     T     D     P     A     I     L     G     L     G     V     K     P     G     D     M     I     K     I     T     R     K     S     G     T     A     G     E     S     I     Y     Y     R     Y     V     V     -     
0.003 0.002 0.002 0.004 0.009 0.017 0.006 0.003 0.004 0.010 0.002 0.003 0.003 0.002 0.003 0.004 0.013 0.007 0.004 0.013 0.024 0.007 0.009 0.005 0.006 0.002 0.010 0.018 0.010 0.003 0.016 0.002 0.006 0.005 0.009 0.003 0.004 0.010 0.003 0.014 0.004 0.004 0.006 0.002 0.007 0.008 0.010 0.012 0.003 0.002 0.014 0.002 0.003 0.003 0.002 0.028 0.006 0.004 0.003 0.004 0.003 0.002 0.002 0.012 0.002 0.002 0.002 0.003 0.006 0.005 0.003 0.003 0.006 0.007 0.004 0.005 0.004 
>Sequence
Normalized_weight: 0.012
-     -     -     -     I     S     S     H     E     M     V     P     T     H     E     I     I     P     R     E     E     I     P     L     L     L     E     K     Y     S     I     K     M     Q     Q     F     P     K     L     L     D     T     D     P     L     V     L     E     I     G     A     T     P     G     D     V     V     K     I     T     R     M     S     P     T     A     G     E     S     T     Y     Y     R     L     V     I     -     
0.003 0.002 0.002 0.004 0.004 0.014 0.045 0.003 0.002 0.023 0.002 0.003 0.111 0.002 0.003 0.004 0.014 0.009 0.012 0.002 0.002 0.016 0.038 0.026 0.003 0.002 0.005 0.004 0.002 0.013 0.004 0.002 0.091 0.014 0.002 0.036 0.004 0.004 0.042 0.005 0.022 0.004 0.006 0.002 0.028 0.011 0.010 0.009 0.006 0.002 0.004 0.100 0.003 0.003 0.002 0.003 0.003 0.004 0.003 0.004 0.003 0.062 0.002 0.004 0.002 0.002 0.002 0.003 0.006 0.021 0.003 0.003 0.006 0.003 0.004 0.018 0.004 
>Sequence
Normalized_weight: 0.015
-     -     -     -     V     K     E     H     V     F     V     P     E     H     Q     A     L     T     T     E     E     K     Q     K     F     L     E     R     K     R     T     R     F     V     V     L     P     R     I     H     V     T     D     P     I     A     R     Y     F     G     L     K     R     G     E     V     V     K     I     S     R     L     S     E     T     S     G     R     Y     I     T     Y     R     Y     V     I     -     
0.003 0.002 0.002 0.004 0.009 0.028 0.006 0.003 0.004 0.091 0.002 0.003 0.004 0.002 0.017 0.100 0.004 0.007 0.036 0.002 0.002 0.003 0.009 0.005 0.031 0.002 0.005 0.003 0.091 0.006 0.125 0.010 0.023 0.083 0.071 0.003 0.004 0.003 0.003 0.042 0.004 0.004 0.006 0.002 0.009 0.003 0.004 0.002 0.007 0.002 0.003 0.002 0.003 0.003 0.010 0.003 0.003 0.004 0.003 0.050 0.003 0.062 0.002 0.003 0.002 0.009 0.002 0.003 0.004 0.005 0.005 0.003 0.006 0.007 0.004 0.018 0.004 
>Sequence
Normalized_weight: 0.010
-     -     -     -     -     -     -     -     -     -     -     -     -     -     -     L     L     S     D     E     Q     K     R     V     L     L     D     R     Y     K     V     K     E     T     Q     L     P     R     I     Q     M     H     D     P     V     A     R     Y     F     G     M     R     R     G     Q     V     V     R     I     I     R     P     S     E     T     A     G     R     Y     V     T     Y     R     L     C     V     -     
0.003 0.002 0.002 0.004 0.019 0.012 0.015 0.050 0.013 0.018 0.031 0.067 0.037 0.056 0.028 0.006 0.004 0.004 0.006 0.002 0.020 0.003 0.019 0.038 0.003 0.002 0.010 0.003 0.002 0.005 0.010 0.002 0.004 0.005 0.002 0.003 0.004 0.003 0.003 0.004 0.067 0.033 0.006 0.002 0.003 0.003 0.004 0.002 0.007 0.002 0.028 0.008 0.003 0.003 0.004 0.003 0.003 0.020 0.003 0.003 0.003 0.004 0.002 0.003 0.002 0.002 0.002 0.003 0.004 0.003 0.005 0.003 0.006 0.003 0.015 0.005 0.004 
>Sequence
Normalized_weight: 0.020
-     -     -     -     I     T     E     H     K     L     V     N     K     Y     Y     V     L     D     D     Q     A     K     K     K     L     L     N     T     Y     T     V     Q     D     T     Q     L     P     R     I     L     V     T     D     P     L     A     R     Y     Y     G     L     K     R     G     Q     V     V     K     I     R     R     S     D     A     T     S     L     D     Y     Y     T     Y     R     F     A     V     -     
0.003 0.002 0.002 0.004 0.004 0.003 0.006 0.003 0.017 0.002 0.002 0.200 0.003 0.056 0.083 0.004 0.004 0.016 0.006 0.026 0.143 0.003 0.002 0.005 0.003 0.002 0.038 0.045 0.002 0.026 0.010 0.015 0.013 0.005 0.002 0.003 0.004 0.003 0.003 0.005 0.004 0.004 0.006 0.002 0.028 0.003 0.004 0.002 0.011 0.002 0.003 0.002 0.003 0.003 0.004 0.003 0.003 0.004 0.003 0.050 0.003 0.013 0.048 0.083 0.002 0.009 0.125 0.017 0.004 0.042 0.005 0.003 0.006 0.025 0.200 0.005 0.004 
>Sequence
Normalized_weight: 0.009
-     -     -     -     I     L     N     H     K     M     V     P     P     H     K     I     I     N     D     D     E     K     K     K     L     F     E     D     Y     N     I     K     D     A     N     L     P     E     I     D     R     F     D     P     V     A     M     L     I     G     L     R     P     G     K     I     V     E     I     T     R     P     S     R     S     S     I     S     S     K     Y     Y     R     L     C     -     -     
0.003 0.002 0.002 0.004 0.004 0.004 0.010 0.003 0.017 0.023 0.002 0.003 0.016 0.002 0.012 0.004 0.014 0.009 0.006 0.006 0.002 0.003 0.002 0.005 0.003 0.031 0.005 0.018 0.002 0.003 0.004 0.002 0.013 0.017 0.024 0.003 0.004 0.019 0.003 0.042 0.006 0.011 0.006 0.002 0.003 0.003 0.016 0.012 0.006 0.002 0.003 0.008 0.003 0.003 0.042 0.008 0.003 0.014 0.003 0.004 0.003 0.004 0.002 0.014 0.014 0.009 0.031 0.013 0.006 0.017 0.003 0.003 0.006 0.003 0.015 0.004 0.004 
>Sequence
Normalized_weight: 0.008
-     -     -     -     V     T     D     H     I     L     V     P     K     H     E     I     V     P     K     E     E     V     E     E     I     L     K     R     Y     N     I     K     I     Q     Q     L     P     K     I     Y     E     D     D     P     V     I     Q     E     I     G     A     K     E     G     D     V     V     R     V     I     R     K     S     P     T     A     G     V     S     I     A     Y     R     L     V     I     -     
0.003 0.002 0.002 0.004 0.009 0.003 0.006 0.003 0.022 0.002 0.002 0.003 0.003 0.002 0.003 0.004 0.015 0.009 0.004 0.002 0.002 0.019 0.006 0.003 0.010 0.002 0.003 0.003 0.002 0.003 0.004 0.002 0.015 0.014 0.002 0.003 0.004 0.004 0.003 0.028 0.033 0.017 0.006 0.002 0.003 0.008 0.022 0.009 0.006 0.002 0.004 0.002 0.028 0.003 0.002 0.003 0.003 0.020 0.036 0.003 0.003 0.002 0.002 0.004 0.002 0.002 0.002 0.067 0.006 0.005 0.023 0.003 0.006 0.003 0.004 0.018 0.004 
>Sequence
Normalized_weight: 0.008
-     -     -     -     V     L     D     H     N     L     V     P     E     H     H     I     V     S     E     E     E     E     K     T     I     L     K     E     L     G     I     E     K     E     F     L     P     R     I     S     P     N     D     P     V     A     I     H     G     K     I     K     D     G     T     V     I     K     I     I     R     N     S     P     T     M     G     H     S     V     Y     Y     R     V     -     -     -     
0.003 0.002 0.002 0.004 0.009 0.004 0.006 0.003 0.017 0.002 0.002 0.003 0.004 0.002 0.012 0.004 0.015 0.004 0.004 0.002 0.002 0.011 0.002 0.009 0.010 0.002 0.003 0.006 0.005 0.006 0.004 0.006 0.006 0.005 0.018 0.003 0.004 0.003 0.003 0.006 0.017 0.006 0.006 0.002 0.003 0.003 0.056 0.018 0.033 0.025 0.009 0.002 0.042 0.003 0.021 0.003 0.006 0.004 0.003 0.003 0.003 0.009 0.002 0.004 0.002 0.031 0.002 0.013 0.006 0.003 0.003 0.003 0.006 0.008 0.013 0.004 0.004 
>Sequence
Normalized_weight: 0.010
-     -     -     -     I     L     K     H     T     L     V     P     P     H     K     V     L     D     K     R     Q     T     A     E     I     M     K     R     Y     N     I     S     D     D     K     F     P     E     I     S     R     F     D     P     V     S     M     V     I     G     I     R     P     G     E     V     C     E     I     I     R     P     S     K     T     A     V     E     T     K     Y     Y     R     V     C     I     -     
0.003 0.002 0.002 0.004 0.004 0.004 0.005 0.003 0.013 0.002 0.002 0.003 0.016 0.002 0.012 0.004 0.004 0.016 0.004 0.038 0.020 0.037 0.013 0.003 0.010 0.042 0.003 0.003 0.002 0.003 0.004 0.026 0.013 0.008 0.010 0.036 0.004 0.019 0.003 0.006 0.006 0.011 0.006 0.002 0.003 0.024 0.016 0.018 0.006 0.002 0.009 0.008 0.003 0.003 0.010 0.003 0.021 0.014 0.003 0.003 0.003 0.004 0.002 0.014 0.002 0.002 0.062 0.003 0.021 0.017 0.003 0.003 0.006 0.008 0.015 0.018 0.004 
>Sequence
Normalized_weight: 0.016
-     -     -     -     -     -     -     -     -     -     V     K     E     V     T     V     I     P     R     E     E     A     K     E     L     L     K     R     M     K     L     R     P     W     Q     L     P     W     I     R     A     S     D     P     L     A     Q     K     A     G     A     K     P     G     D     V     L     K     I     V     R     E     S     P     T     A     G     E     A     V     V     Y     R     L     V     V     -     
0.003 0.002 0.002 0.004 0.019 0.012 0.015 0.050 0.013 0.018 0.002 0.200 0.004 0.167 0.021 0.004 0.014 0.009 0.012 0.002 0.002 0.007 0.002 0.003 0.003 0.002 0.003 0.003 0.091 0.005 0.005 0.010 0.006 0.042 0.002 0.003 0.004 0.019 0.003 0.012 0.004 0.004 0.006 0.002 0.028 0.003 0.022 0.071 0.100 0.002 0.004 0.002 0.003 0.003 0.002 0.003 0.031 0.004 0.003 0.013 0.003 0.062 0.002 0.004 0.002 0.002 0.002 0.003 0.016 0.003 0.018 0.003 0.006 0.003 0.004 0.005 0.004 
>Sequence
Normalized_weight: 0.007
-     -     -     -     V     L     D     H     N     L     V     P     E     H     H     I     V     P     E     E     E     E     K     N     I     L     K     E     L     N     I     E     K     E     F     L     P     K     I     S     P     N     D     P     A     I     K     H     G     K     I     K     E     G     T     I     I     K     I     V     R     K     S     P     T     M     G     H     S     V     Y     Y     R     V     -     -     -     
0.003 0.002 0.002 0.004 0.009 0.004 0.006 0.003 0.017 0.002 0.002 0.003 0.004 0.002 0.012 0.004 0.015 0.009 0.004 0.002 0.002 0.011 0.002 0.013 0.010 0.002 0.003 0.006 0.005 0.003 0.004 0.006 0.006 0.005 0.018 0.003 0.004 0.004 0.003 0.006 0.017 0.006 0.006 0.002 0.007 0.008 0.005 0.018 0.033 0.025 0.009 0.002 0.028 0.003 0.021 0.008 0.006 0.004 0.003 0.013 0.003 0.002 0.002 0.004 0.002 0.031 0.002 0.013 0.006 0.003 0.003 0.003 0.006 0.008 0.013 0.004 0.004 
>Sequence
Normalized_weight: 0.009
-     -     -     -     V     L     E     H     E     I     V     P     E     H     H     L     V     P     V     E     E     E     E     S     V     L     T     K     L     N     V     T     K     D     D     L     P     K     I     G     I     N     D     P     T     I     K     H     G     K     L     V     P     G     R     V     V     K     I     I     R     K     S     P     T     A     G     Y     Y     E     Y     Y     R     V     I     V     -     
0.003 0.002 0.002 0.004 0.009 0.004 0.006 0.003 0.002 0.045 0.002 0.003 0.004 0.002 0.012 0.006 0.015 0.009 0.024 0.002 0.002 0.011 0.006 0.009 0.006 0.002 0.015 0.004 0.005 0.003 0.010 0.008 0.006 0.008 0.014 0.003 0.004 0.004 0.003 0.042 0.011 0.006 0.006 0.002 0.037 0.008 0.005 0.018 0.033 0.025 0.003 0.020 0.003 0.003 0.017 0.003 0.003 0.004 0.003 0.003 0.003 0.002 0.002 0.004 0.002 0.002 0.002 0.022 0.004 0.017 0.003 0.003 0.006 0.008 0.033 0.005 0.004 
>Sequence
Normalized_weight: 0.013
-     -     -     -     -     -     -     -     -     -     -     -     -     -     -     -     M     D     E     D     D     L     K     T     V     L     T     H     Y     N     V     E     R     E     Q     L     P     K     L     K     V     T     D     P     I     A     L     E     I     G     A     E     P     G     D     V     V     K     V     I     R     K     S     Q     T     A     G     E     A     L     Y     Y     R     Y     V     I     -     
0.003 0.002 0.002 0.004 0.019 0.012 0.015 0.050 0.013 0.018 0.031 0.067 0.037 0.056 0.028 0.050 0.013 0.016 0.004 0.006 0.024 0.022 0.002 0.009 0.006 0.002 0.015 0.091 0.002 0.003 0.010 0.006 0.045 0.005 0.002 0.003 0.004 0.004 0.042 0.008 0.004 0.004 0.006 0.002 0.009 0.003 0.010 0.009 0.006 0.002 0.004 0.014 0.003 0.003 0.002 0.003 0.003 0.004 0.036 0.003 0.003 0.002 0.002 0.014 0.002 0.002 0.002 0.003 0.016 0.021 0.003 0.003 0.006 0.007 0.004 0.018 0.004 
>Sequence
Normalized_weight: 0.017
-     -     -     -     V     S     Q     H     E     L     V     P     E     H     T     V     L     D     E     E     T     L     D     G     V     L     A     D     Y     D     I     D     R     T     E     L     P     K     I     K     Y     K     D     P     -     A     L     P     D     N     A     E     I     G     D     V     V     E     I     V     R     D     S     R     T     T     D     E     A     V     V     Y     R     L     V     I     -     
0.003 0.002 0.002 0.004 0.009 0.014 0.045 0.003 0.002 0.002 0.002 0.003 0.004 0.002 0.021 0.004 0.004 0.016 0.004 0.002 0.143 0.022 0.038 0.077 0.006 0.002 0.011 0.018 0.002 0.038 0.004 0.026 0.045 0.005 0.009 0.003 0.004 0.004 0.003 0.008 0.067 0.008 0.006 0.002 0.056 0.003 0.010 0.071 0.100 0.021 0.004 0.014 0.083 0.003 0.002 0.003 0.003 0.014 0.003 0.013 0.003 0.021 0.002 0.014 0.002 0.042 0.062 0.003 0.016 0.003 0.018 0.003 0.006 0.003 0.004 0.018 0.004 
>Sequence
Normalized_weight: 0.012
-     -     -     -     -     -     -     -     -     -     -     -     -     -     -     -     M     P     E     G     E     L     K     S     V     L     S     K     Y     S     I     E     K     E     Q     L     P     K     I     K     V     H     D     P     V     C     K     E     I     G     A     V     V     G     D     V     V     K     I     T     R     I     S     Q     T     A     G     E     A     E     Y     Y     R     L     V     I     -     
0.003 0.002 0.002 0.004 0.019 0.012 0.015 0.050 0.013 0.018 0.031 0.067 0.037 0.056 0.028 0.050 0.013 0.009 0.004 0.026 0.002 0.022 0.002 0.009 0.006 0.002 0.019 0.004 0.002 0.013 0.004 0.006 0.006 0.005 0.002 0.003 0.004 0.004 0.003 0.008 0.004 0.033 0.006 0.002 0.003 0.036 0.005 0.009 0.006 0.002 0.004 0.020 0.017 0.003 0.002 0.003 0.003 0.004 0.003 0.004 0.003 0.031 0.002 0.014 0.002 0.002 0.002 0.003 0.016 0.017 0.003 0.003 0.006 0.003 0.004 0.018 0.004 
>Sequence
Normalized_weight: 0.016
-     -     -     -     -     -     E     H     V     L     V     P     K     H     I     L     I     K     K     E     E     I     I     K     E     I     L     E     Y     Q     L     N     S     K     K     L     P     N     M     L     Q     S     D     P     M     S     K     Y     F     N     T     K     R     G     D     I     F     K     I     I     R     N     S     S     T     A     G     T     Y     I     C     Y     R     -     C     V     -     
0.003 0.002 0.002 0.004 0.019 0.012 0.006 0.003 0.004 0.002 0.002 0.003 0.003 0.002 0.009 0.006 0.014 0.111 0.004 0.002 0.002 0.016 0.026 0.005 0.062 0.125 0.077 0.006 0.002 0.038 0.005 0.026 0.045 0.017 0.010 0.003 0.004 0.038 0.083 0.005 0.017 0.004 0.006 0.002 0.022 0.024 0.005 0.002 0.007 0.021 0.042 0.002 0.003 0.003 0.002 0.008 0.062 0.004 0.003 0.003 0.003 0.009 0.002 0.028 0.002 0.002 0.002 0.022 0.004 0.005 0.045 0.003 0.006 0.017 0.015 0.005 0.004 
>Sequence
Normalized_weight: 0.005
-     -     -     N     I     T     R     H     E     L     V     P     K     H     V     L     L     S     P     E     E     K     K     N     L     L     Q     R     Y     R     L     K     E     S     Q     L     P     R     I     Q     V     S     D     P     V     A     R     Y     L     G     L     R     R     G     Q     V     V     K     I     I     R     K     S     E     T     A     G     R     Y     A     S     Y     R     W     V     -     -     
0.003 0.002 0.002 0.003 0.004 0.003 0.030 0.003 0.002 0.002 0.002 0.003 0.003 0.002 0.006 0.006 0.004 0.004 0.012 0.002 0.002 0.003 0.002 0.013 0.003 0.002 0.013 0.003 0.002 0.006 0.005 0.002 0.004 0.006 0.002 0.003 0.004 0.003 0.003 0.004 0.004 0.004 0.006 0.002 0.003 0.003 0.004 0.002 0.003 0.002 0.003 0.008 0.003 0.003 0.004 0.003 0.003 0.004 0.003 0.003 0.003 0.002 0.002 0.003 0.002 0.002 0.002 0.003 0.004 0.010 0.006 0.003 0.006 0.050 0.004 0.004 0.004 
>Sequence
Normalized_weight: 0.008
-     -     -     N     I     T     H     H     E     L     V     P     K     H     V     M     L     S     R     V     E     K     K     A     L     L     E     R     Y     R     L     K     E     T     Q     L     P     R     I     Q     T     K     D     P     V     A     R     Y     L     G     L     Q     R     G     N     V     V     K     I     I     R     H     S     E     T     A     G     R     Y     A     S     Y     R     L     -     -     -     
0.003 0.002 0.002 0.003 0.004 0.003 0.010 0.003 0.002 0.002 0.002 0.003 0.003 0.002 0.006 0.100 0.004 0.004 0.012 0.077 0.002 0.003 0.002 0.013 0.003 0.002 0.005 0.003 0.002 0.006 0.005 0.002 0.004 0.005 0.002 0.003 0.004 0.003 0.003 0.004 0.017 0.008 0.006 0.002 0.003 0.003 0.004 0.002 0.003 0.002 0.003 0.033 0.003 0.003 0.042 0.003 0.003 0.004 0.003 0.003 0.003 0.062 0.002 0.003 0.002 0.002 0.002 0.003 0.004 0.010 0.006 0.003 0.006 0.003 0.013 0.004 0.004 
>Sequence
Normalized_weight: 0.005
-     -     I     N     I     T     E     H     E     L     V     P     E     H     V     V     M     T     K     D     E     V     T     E     L     L     A     R     Y     K     L     R     E     S     Q     L     P     R     I     Q     A     G     D     P     V     A     R     Y     F     G     L     K     R     G     Q     V     V     K     I     I     R     P     S     E     T     A     G     R     Y     I     T     Y     R     L     V     Q     -     
0.003 0.002 0.009 0.003 0.004 0.003 0.006 0.003 0.002 0.002 0.002 0.003 0.004 0.002 0.006 0.004 0.013 0.007 0.004 0.006 0.002 0.019 0.026 0.003 0.003 0.002 0.011 0.003 0.002 0.005 0.005 0.010 0.004 0.006 0.002 0.003 0.004 0.003 0.003 0.004 0.004 0.013 0.006 0.002 0.003 0.003 0.004 0.002 0.007 0.002 0.003 0.002 0.003 0.003 0.004 0.003 0.003 0.004 0.003 0.003 0.003 0.004 0.002 0.003 0.002 0.002 0.002 0.003 0.004 0.005 0.005 0.003 0.006 0.003 0.004 0.036 0.004 
>Sequence
Normalized_weight: 0.005
-     -     I     N     I     T     E     H     E     L     V     P     E     H     V     V     M     T     K     E     E     V     T     E     L     L     A     R     Y     K     L     R     E     S     Q     L     P     R     I     Q     A     G     D     P     V     A     R     Y     F     G     I     K     R     G     Q     V     V     K     I     I     R     P     S     E     T     A     G     R     Y     I     T     Y     R     L     V     Q     -     
0.003 0.002 0.009 0.003 0.004 0.003 0.006 0.003 0.002 0.002 0.002 0.003 0.004 0.002 0.006 0.004 0.013 0.007 0.004 0.002 0.002 0.019 0.026 0.003 0.003 0.002 0.011 0.003 0.002 0.005 0.005 0.010 0.004 0.006 0.002 0.003 0.004 0.003 0.003 0.004 0.004 0.013 0.006 0.002 0.003 0.003 0.004 0.002 0.007 0.002 0.009 0.002 0.003 0.003 0.004 0.003 0.003 0.004 0.003 0.003 0.003 0.004 0.002 0.003 0.002 0.002 0.002 0.003 0.004 0.005 0.005 0.003 0.006 0.003 0.004 0.036 0.004 
>Sequence
Normalized_weight: 0.008
M     L     V     N     I     K     E     H     V     L     V     P     E     H     Q     V     L     T     T     E     E     K     K     T     L     L     E     R     Y     T     V     K     E     T     Q     L     P     R     I     Q     V     T     D     P     I     A     R     Y     F     G     L     K     R     G     Q     V     V     K     I     I     R     P     S     E     T     A     G     R     Y     V     T     Y     R     Y     V     V     -     
0.042 0.125 0.111 0.003 0.004 0.028 0.006 0.003 0.004 0.002 0.002 0.003 0.004 0.002 0.017 0.004 0.004 0.007 0.036 0.002 0.002 0.003 0.002 0.009 0.003 0.002 0.005 0.003 0.002 0.026 0.010 0.002 0.004 0.005 0.002 0.003 0.004 0.003 0.003 0.004 0.004 0.004 0.006 0.002 0.009 0.003 0.004 0.002 0.007 0.002 0.003 0.002 0.003 0.003 0.004 0.003 0.003 0.004 0.003 0.003 0.003 0.004 0.002 0.003 0.002 0.002 0.002 0.003 0.004 0.003 0.005 0.003 0.006 0.007 0.004 0.005 0.004 
>Sequence
Normalized_weight: 0.005
-     -     -     N     I     T     R     H     E     L     V     P     K     H     V     L     L     S     P     E     E     K     S     K     L     L     Q     R     Y     R     L     K     E     S     Q     L     P     R     I     Q     V     S     D     P     V     A     R     Y     L     G     L     R     R     G     Q     V     V     K     I     I     R     K     S     E     T     A     G     R     Y     A     S     Y     R     W     V     -     -     
0.003 0.002 0.002 0.003 0.004 0.003 0.030 0.003 0.002 0.002 0.002 0.003 0.003 0.002 0.006 0.006 0.004 0.004 0.012 0.002 0.002 0.003 0.019 0.005 0.003 0.002 0.013 0.003 0.002 0.006 0.005 0.002 0.004 0.006 0.002 0.003 0.004 0.003 0.003 0.004 0.004 0.004 0.006 0.002 0.003 0.003 0.004 0.002 0.003 0.002 0.003 0.008 0.003 0.003 0.004 0.003 0.003 0.004 0.003 0.003 0.003 0.002 0.002 0.003 0.002 0.002 0.002 0.003 0.004 0.010 0.006 0.003 0.006 0.050 0.004 0.004 0.004 
>Sequence
Normalized_weight: 0.005
-     -     -     N     I     T     E     H     E     L     V     P     E     H     V     V     M     T     A     E     E     K     A     E     L     L     A     R     Y     K     L     K     D     S     Q     L     P     R     I     Q     Q     C     D     P     V     A     R     Y     F     G     L     R     R     G     Q     V     V     K     I     I     R     P     S     E     T     A     G     R     Y     I     T     Y     R     L     V     V     -     
0.003 0.002 0.002 0.003 0.004 0.003 0.006 0.003 0.002 0.002 0.002 0.003 0.004 0.002 0.006 0.004 0.013 0.007 0.036 0.002 0.002 0.003 0.013 0.003 0.003 0.002 0.011 0.003 0.002 0.005 0.005 0.002 0.013 0.006 0.002 0.003 0.004 0.003 0.003 0.004 0.017 0.067 0.006 0.002 0.003 0.003 0.004 0.002 0.007 0.002 0.003 0.008 0.003 0.003 0.004 0.003 0.003 0.004 0.003 0.003 0.003 0.004 0.002 0.003 0.002 0.002 0.002 0.003 0.004 0.005 0.005 0.003 0.006 0.003 0.004 0.005 0.004 
>Sequence
Normalized_weight: 0.005
-     -     I     N     I     T     E     H     E     L     V     P     E     H     V     V     M     T     K     E     E     V     S     E     L     L     A     R     Y     K     L     R     E     N     Q     L     P     R     I     Q     A     G     D     P     V     A     R     Y     F     G     I     R     R     G     Q     V     V     K     I     I     R     P     S     E     T     A     G     R     Y     I     T     Y     R     L     V     Q     -     
0.003 0.002 0.009 0.003 0.004 0.003 0.006 0.003 0.002 0.002 0.002 0.003 0.004 0.002 0.006 0.004 0.013 0.007 0.004 0.002 0.002 0.019 0.019 0.003 0.003 0.002 0.011 0.003 0.002 0.005 0.005 0.010 0.004 0.014 0.002 0.003 0.004 0.003 0.003 0.004 0.004 0.013 0.006 0.002 0.003 0.003 0.004 0.002 0.007 0.002 0.009 0.008 0.003 0.003 0.004 0.003 0.003 0.004 0.003 0.003 0.003 0.004 0.002 0.003 0.002 0.002 0.002 0.003 0.004 0.005 0.005 0.003 0.006 0.003 0.004 0.036 0.004 
>Sequence
Normalized_weight: 0.006
-     -     I     N     I     T     E     H     E     L     V     P     E     H     V     V     M     T     P     E     E     K     Q     E     L     L     A     R     Y     K     L     K     E     N     M     L     M     R     I     Q     A     G     D     P     V     A     R     Y     F     G     L     K     R     G     Q     V     V     K     I     I     R     P     S     E     T     A     G     R     Y     I     S     Y     R     L     V     -     -     
0.003 0.002 0.009 0.003 0.004 0.003 0.006 0.003 0.002 0.002 0.002 0.003 0.004 0.002 0.006 0.004 0.013 0.007 0.012 0.002 0.002 0.003 0.009 0.003 0.003 0.002 0.011 0.003 0.002 0.005 0.005 0.002 0.004 0.014 0.036 0.003 0.111 0.003 0.003 0.004 0.004 0.013 0.006 0.002 0.003 0.003 0.004 0.002 0.007 0.002 0.003 0.002 0.003 0.003 0.004 0.003 0.003 0.004 0.003 0.003 0.003 0.004 0.002 0.003 0.002 0.002 0.002 0.003 0.004 0.005 0.006 0.003 0.006 0.003 0.004 0.004 0.004 
>Sequence
Normalized_weight: 0.006
-     -     -     N     I     K     D     H     T     L     V     P     E     H     E     L     L     T     P     E     Q     K     K     T     L     L     E     R     Y     T     V     K     E     T     Q     L     P     R     I     Q     I     T     D     P     I     A     R     Y     Y     G     M     K     R     G     Q     V     V     K     I     I     R     A     S     E     T     A     G     R     Y     V     T     Y     R     Y     V     V     -     
0.003 0.002 0.002 0.003 0.004 0.028 0.006 0.003 0.013 0.002 0.002 0.003 0.004 0.002 0.003 0.006 0.004 0.007 0.012 0.002 0.020 0.003 0.002 0.009 0.003 0.002 0.005 0.003 0.002 0.026 0.010 0.002 0.004 0.005 0.002 0.003 0.004 0.003 0.003 0.004 0.011 0.004 0.006 0.002 0.009 0.003 0.004 0.002 0.011 0.002 0.028 0.002 0.003 0.003 0.004 0.003 0.003 0.004 0.003 0.003 0.003 0.062 0.002 0.003 0.002 0.002 0.002 0.003 0.004 0.003 0.005 0.003 0.006 0.007 0.004 0.005 0.004 
>Sequence
Normalized_weight: 0.006
-     -     I     N     I     T     E     H     E     L     V     P     E     H     V     V     M     T     V     E     E     K     Q     E     L     L     S     R     Y     K     L     K     E     N     M     L     M     R     I     Q     A     G     D     P     V     A     R     Y     F     G     L     K     R     G     Q     V     V     K     I     I     R     S     S     E     T     A     G     R     Y     I     S     Y     R     L     V     -     -     
0.003 0.002 0.009 0.003 0.004 0.003 0.006 0.003 0.002 0.002 0.002 0.003 0.004 0.002 0.006 0.004 0.013 0.007 0.024 0.002 0.002 0.003 0.009 0.003 0.003 0.002 0.019 0.003 0.002 0.005 0.005 0.002 0.004 0.014 0.036 0.003 0.111 0.003 0.003 0.004 0.004 0.013 0.006 0.002 0.003 0.003 0.004 0.002 0.007 0.002 0.003 0.002 0.003 0.003 0.004 0.003 0.003 0.004 0.003 0.003 0.003 0.013 0.002 0.003 0.002 0.002 0.002 0.003 0.004 0.005 0.006 0.003 0.006 0.003 0.004 0.004 0.004 
>Sequence
Normalized_weight: 0.009
-     -     -     N     I     T     K     H     E     L     V     P     R     H     I     P     L     T     S     D     E     K     K     N     L     L     Q     R     Y     K     I     M     E     N     K     L     P     R     I     Q     D     V     D     P     V     C     R     Y     F     G     L     S     K     G     Q     V     V     K     I     I     R     P     S     E     T     A     G     R     Y     V     T     Y     R     L     V     V     -     
0.003 0.002 0.002 0.003 0.004 0.003 0.005 0.003 0.002 0.002 0.002 0.003 0.111 0.002 0.009 0.050 0.004 0.007 0.024 0.006 0.002 0.003 0.002 0.013 0.003 0.002 0.013 0.003 0.002 0.005 0.004 0.077 0.004 0.014 0.010 0.003 0.004 0.003 0.003 0.004 0.022 0.033 0.006 0.002 0.003 0.036 0.004 0.002 0.007 0.002 0.003 0.033 0.014 0.003 0.004 0.003 0.003 0.004 0.003 0.003 0.003 0.004 0.002 0.003 0.002 0.002 0.002 0.003 0.004 0.003 0.005 0.003 0.006 0.003 0.004 0.005 0.004 
>Sequence
Normalized_weight: 0.009
-     K     F     S     L     L     D     H     E     A     V     P     K     H     E     I     M     S     E     G     E     L     K     S     V     L     S     K     Y     F     I     E     K     E     Q     L     P     K     I     K     V     Q     D     P     V     C     K     E     I     G     A     V     V     G     D     V     V     K     I     T     R     K     S     Q     T     A     G     E     A     D     Y     Y     R     L     V     -     -     
0.003 0.010 0.007 0.031 0.042 0.004 0.006 0.003 0.002 0.045 0.002 0.003 0.003 0.002 0.003 0.004 0.013 0.004 0.004 0.026 0.002 0.022 0.002 0.009 0.006 0.002 0.019 0.004 0.002 0.077 0.004 0.006 0.006 0.005 0.002 0.003 0.004 0.004 0.003 0.008 0.004 0.033 0.006 0.002 0.003 0.036 0.005 0.009 0.006 0.002 0.004 0.020 0.017 0.003 0.002 0.003 0.003 0.004 0.003 0.004 0.003 0.002 0.002 0.014 0.002 0.002 0.002 0.003 0.016 0.042 0.003 0.003 0.006 0.003 0.004 0.004 0.004 
>Sequence
Normalized_weight: 0.010
M     K     F     K     L     Q     D     H     M     L     V     P     K     H     E     V     L     S     K     E     E     A     E     E     L     L     K     I     L     G     I     G     K     E     Q     L     P     K     I     K     A     D     D     P     I     A     K     E     I     G     A     K     P     G     D     I     V     K     I     T     R     K     S     L     T     A     G     E     S     V     F     Y     R     L     V     V     -     
0.042 0.010 0.007 0.062 0.042 0.083 0.006 0.003 0.033 0.002 0.002 0.003 0.003 0.002 0.003 0.004 0.004 0.004 0.004 0.002 0.002 0.007 0.006 0.003 0.003 0.002 0.003 0.091 0.005 0.006 0.004 0.038 0.006 0.005 0.002 0.003 0.004 0.004 0.003 0.008 0.004 0.017 0.006 0.002 0.009 0.003 0.005 0.009 0.006 0.002 0.004 0.002 0.003 0.003 0.002 0.008 0.003 0.004 0.003 0.004 0.003 0.002 0.002 0.042 0.002 0.002 0.002 0.003 0.006 0.003 0.023 0.003 0.006 0.003 0.004 0.005 0.004 
>Sequence
Normalized_weight: 0.017
-     -     F     N     K     T     K     H     S     W     V     P     P     H     R     V     L     S     R     E     E     R     E     S     V     F     R     T     L     K     L     G     P     G     D     L     P     R     I     L     K     S     D     V     I     A     R     Y     Y     G     A     K     Q     G     D     V     V     E     I     T     R     R     S     K     T     A     G     E     S     I     Y     Y     R     V     V     V     D     
0.003 0.002 0.007 0.003 0.167 0.003 0.005 0.003 0.013 0.091 0.002 0.003 0.016 0.002 0.012 0.004 0.004 0.004 0.012 0.002 0.002 0.111 0.006 0.009 0.006 0.031 0.026 0.045 0.005 0.005 0.005 0.038 0.006 0.042 0.014 0.003 0.004 0.003 0.003 0.005 0.007 0.004 0.006 0.143 0.009 0.003 0.004 0.002 0.011 0.002 0.004 0.002 0.083 0.003 0.002 0.003 0.003 0.014 0.003 0.004 0.003 0.013 0.002 0.014 0.002 0.002 0.002 0.003 0.006 0.005 0.003 0.003 0.006 0.008 0.004 0.005 0.167 
>Sequence
Normalized_weight: 0.009
-     -     F     D     I     F     A     H     E     L     V     P     E     H     R     I     L     S     E     E     E     T     K     E     L     L     R     R     Y     R     I     Q     I     S     Q     L     P     Q     I     K     A     S     D     P     A     V     V     A     L     G     A     K     P     G     D     V     L     E     I     K     R     K     S     R     T     A     G     Y     Y     Y     Y     Y     R     L     V     V     E     
0.003 0.002 0.007 0.031 0.004 0.014 0.091 0.003 0.002 0.002 0.002 0.003 0.004 0.002 0.012 0.004 0.004 0.004 0.004 0.002 0.002 0.037 0.002 0.003 0.003 0.002 0.026 0.003 0.002 0.006 0.004 0.015 0.015 0.006 0.002 0.003 0.004 0.015 0.003 0.008 0.004 0.004 0.006 0.002 0.007 0.011 0.028 0.008 0.003 0.002 0.004 0.002 0.003 0.003 0.002 0.003 0.031 0.014 0.003 0.025 0.003 0.002 0.002 0.014 0.002 0.002 0.002 0.022 0.004 0.042 0.003 0.003 0.006 0.003 0.004 0.005 0.067 
>Sequence
Normalized_weight: 0.011
-     K     I     D     I     S     N     H     E     L     V     P     K     H     E     I     L     Q     L     E     E     A     Y     K     L     V     K     E     L     G     I     K     P     E     Q     L     P     W     I     R     A     S     D     P     V     A     K     S     I     G     A     K     P     G     D     I     I     K     I     T     R     K     S     P     F     T     G     E     S     V     T     Y     R     Y     V     -     -     
0.003 0.010 0.009 0.031 0.004 0.014 0.010 0.003 0.002 0.002 0.002 0.003 0.003 0.002 0.003 0.004 0.004 0.111 0.071 0.002 0.002 0.007 0.026 0.005 0.003 0.125 0.003 0.006 0.005 0.006 0.004 0.002 0.006 0.005 0.002 0.003 0.004 0.019 0.003 0.012 0.004 0.004 0.006 0.002 0.003 0.003 0.005 0.024 0.006 0.002 0.004 0.002 0.003 0.003 0.002 0.008 0.006 0.004 0.003 0.004 0.003 0.002 0.002 0.004 0.100 0.042 0.002 0.003 0.006 0.003 0.005 0.003 0.006 0.007 0.004 0.004 0.004 
>Sequence
Normalized_weight: 0.014
-     -     I     N     I     T     K     H     V     L     V     P     K     H     V     L     L     S     E     M     E     K     S     V     V     L     K     E     Y     R     C     T     E     G     Q     I     P     I     I     E     S     S     D     P     M     A     R     Y     L     G     L     L     P     N     D     V     V     R     I     S     R     P     S     E     T     V     G     I     Y     T     T     F     R     I     -     -     -     
0.003 0.002 0.009 0.003 0.004 0.003 0.005 0.003 0.004 0.002 0.002 0.003 0.003 0.002 0.006 0.006 0.004 0.004 0.004 0.077 0.002 0.003 0.019 0.038 0.006 0.002 0.003 0.006 0.002 0.006 0.016 0.008 0.004 0.042 0.002 0.125 0.004 0.026 0.003 0.083 0.017 0.004 0.006 0.002 0.022 0.003 0.004 0.002 0.003 0.002 0.003 0.033 0.003 0.040 0.002 0.003 0.003 0.020 0.003 0.050 0.003 0.004 0.002 0.003 0.002 0.062 0.002 0.067 0.004 0.021 0.005 0.083 0.006 0.013 0.013 0.004 0.004 
>Sequence
Normalized_weight: 0.007
-     -     -     -     -     -     -     H     V     Y     V     P     K     H     E     I     M     N     K     K     D     A     Q     K     V     L     D     E     F     N     C     K     P     T     E     L     P     L     I     F     V     T     D     P     A     I     L     G     L     G     V     K     P     G     D     M     V     K     I     T     R     K     S     G     T     A     G     E     S     I     Y     Y     R     Y     V     V     E     
0.003 0.002 0.002 0.004 0.019 0.012 0.015 0.003 0.004 0.010 0.002 0.003 0.003 0.002 0.003 0.004 0.013 0.009 0.004 0.013 0.024 0.007 0.009 0.005 0.006 0.002 0.010 0.006 0.010 0.003 0.016 0.002 0.006 0.005 0.009 0.003 0.004 0.010 0.003 0.014 0.004 0.004 0.006 0.002 0.007 0.008 0.010 0.012 0.003 0.002 0.014 0.002 0.003 0.003 0.002 0.028 0.003 0.004 0.003 0.004 0.003 0.002 0.002 0.012 0.002 0.002 0.002 0.003 0.006 0.005 0.003 0.003 0.006 0.007 0.004 0.005 0.067 
>Sequence
Normalized_weight: 0.009
-     K     N     Q     I     L     D     H     V     Y     V     P     K     H     E     I     I     P     K     S     E     A     E     E     V     L     K     K     Y     N     C     K     P     T     E     L     P     L     I     F     V     N     D     P     A     I     M     G     L     G     V     K     P     G     D     M     I     K     I     T     R     N     S     P     T     A     G     E     S     L     Y     Y     R     Y     V     V     E     
0.003 0.010 0.111 0.062 0.004 0.004 0.006 0.003 0.004 0.010 0.002 0.003 0.003 0.002 0.003 0.004 0.014 0.009 0.004 0.019 0.002 0.007 0.006 0.003 0.006 0.002 0.003 0.004 0.002 0.003 0.016 0.002 0.006 0.005 0.009 0.003 0.004 0.010 0.003 0.014 0.004 0.006 0.006 0.002 0.007 0.008 0.016 0.012 0.003 0.002 0.014 0.002 0.003 0.003 0.002 0.028 0.006 0.004 0.003 0.004 0.003 0.009 0.002 0.004 0.002 0.002 0.002 0.003 0.006 0.021 0.003 0.003 0.006 0.007 0.004 0.005 0.067 
>Sequence
Normalized_weight: 0.011
I     K     I     D     P     S     Q     H     E     L     V     P     K     H     E     V     L     S     I     E     E     A     Y     K     I     L     K     E     L     G     I     K     P     E     Q     L     P     W     I     R     A     S     D     P     I     A     K     L     V     G     A     K     P     G     D     I     I     K     I     T     R     K     S     S     L     S     G     E     V     V     V     Y     R     Y     V     -     -     
0.250 0.010 0.009 0.031 0.042 0.014 0.045 0.003 0.002 0.002 0.002 0.003 0.003 0.002 0.003 0.004 0.004 0.004 0.012 0.002 0.002 0.007 0.026 0.005 0.010 0.002 0.003 0.006 0.005 0.006 0.004 0.002 0.006 0.005 0.002 0.003 0.004 0.019 0.003 0.012 0.004 0.004 0.006 0.002 0.009 0.003 0.005 0.012 0.050 0.002 0.004 0.002 0.003 0.003 0.002 0.008 0.006 0.004 0.003 0.004 0.003 0.002 0.002 0.028 0.025 0.009 0.002 0.003 0.042 0.003 0.018 0.003 0.006 0.007 0.004 0.004 0.004 
>Sequence
Normalized_weight: 0.016
-     -     I     N     P     T     K     H     R     L     V     P     K     H     T     I     L     S     N     T     E     K     A     R     V     L     A     E     L     R     V     T     E     A     Q     I     P     L     I     Q     T     S     D     P     I     M     R     W     Y     D     A     K     P     G     D     L     I     R     I     T     R     T     S     G     S     A     G     K     H     L     Y     Y     R     L     -     -     -     
0.003 0.002 0.009 0.003 0.042 0.003 0.005 0.003 0.033 0.002 0.002 0.003 0.003 0.002 0.021 0.004 0.004 0.004 0.071 0.077 0.002 0.003 0.013 0.038 0.006 0.002 0.011 0.006 0.005 0.006 0.010 0.008 0.004 0.017 0.002 0.125 0.004 0.010 0.003 0.004 0.017 0.004 0.006 0.002 0.009 0.143 0.004 0.036 0.011 0.125 0.004 0.002 0.003 0.003 0.002 0.056 0.006 0.020 0.003 0.004 0.003 0.062 0.002 0.012 0.014 0.002 0.002 0.017 0.031 0.021 0.003 0.003 0.006 0.003 0.013 0.004 0.004 
>Sequence
Normalized_weight: 0.015
-     -     -     N     I     T     H     H     E     L     V     P     K     H     T     Q     L     E     D     E     E     V     K     E     M     L     Q     A     H     A     L     E     L     S     A     L     P     R     I     L     S     T     D     P     V     A     A     Y     L     G     L     E     R     G     R     V     V     R     I     E     R     K     S     M     S     A     G     F     Y     V     T     Y     R     Q     V     V     -     
0.003 0.002 0.002 0.003 0.004 0.003 0.010 0.003 0.002 0.002 0.002 0.003 0.003 0.002 0.021 0.100 0.004 0.037 0.006 0.002 0.002 0.019 0.002 0.003 0.125 0.002 0.013 0.091 0.045 0.038 0.005 0.006 0.018 0.006 0.071 0.003 0.004 0.003 0.003 0.005 0.017 0.004 0.006 0.002 0.003 0.003 0.056 0.002 0.003 0.002 0.003 0.014 0.003 0.003 0.017 0.003 0.003 0.020 0.003 0.033 0.003 0.002 0.002 0.083 0.014 0.002 0.002 0.067 0.004 0.003 0.005 0.003 0.006 0.050 0.004 0.005 0.004 
>Sequence
Normalized_weight: 0.012
-     -     -     N     V     S     K     H     V     L     R     P     K     H     Q     V     L     N     D     K     E     K     E     S     L     L     K     K     F     S     I     E     E     K     Q     L     P     R     L     S     S     K     D     P     I     V     R     Y     Y     G     L     E     T     G     Q     V     M     K     V     T     Y     K     D     E     L     S     E     S     H     V     T     Y     R     C     V     -     -     
0.003 0.002 0.002 0.003 0.009 0.014 0.005 0.003 0.004 0.002 0.062 0.003 0.003 0.002 0.017 0.004 0.004 0.009 0.006 0.013 0.002 0.003 0.006 0.009 0.003 0.002 0.003 0.004 0.010 0.013 0.004 0.006 0.004 0.017 0.002 0.003 0.004 0.003 0.042 0.006 0.017 0.008 0.006 0.002 0.009 0.011 0.004 0.002 0.011 0.002 0.003 0.014 0.083 0.003 0.004 0.003 0.125 0.004 0.036 0.004 0.062 0.002 0.048 0.003 0.025 0.009 0.031 0.013 0.031 0.003 0.005 0.003 0.006 0.020 0.004 0.004 0.004 
>Sequence
Normalized_weight: 0.008
-     -     F     N     I     F     K     H     V     L     V     P     E     H     R     I     L     S     E     E     E     K     K     A     L     L     E     K     Y     R     I     T     P     A     Q     L     P     Q     I     K     A     S     D     P     A     V     K     A     L     G     A     K     P     G     D     I     I     E     I     K     R     K     S     P     T     A     G     -     -     -     -     -     -     -     -     -     -     
0.003 0.002 0.007 0.003 0.004 0.014 0.005 0.003 0.004 0.002 0.002 0.003 0.004 0.002 0.012 0.004 0.004 0.004 0.004 0.002 0.002 0.003 0.002 0.013 0.003 0.002 0.005 0.004 0.002 0.006 0.004 0.008 0.006 0.017 0.002 0.003 0.004 0.015 0.003 0.008 0.004 0.004 0.006 0.002 0.007 0.011 0.005 0.008 0.003 0.002 0.004 0.002 0.003 0.003 0.002 0.008 0.006 0.014 0.003 0.025 0.003 0.002 0.002 0.004 0.002 0.002 0.002 0.010 0.021 0.017 0.018 0.050 0.100 0.017 0.013 0.004 0.004 
>Sequence
Normalized_weight: 0.012
-     -     -     N     I     T     K     H     V     L     R     P     K     H     H     V     L     N     E     Q     E     K     E     S     L     F     K     K     F     S     I     Q     E     Q     Q     L     P     K     L     L     K     K     D     P     T     A     K     Y     Y     G     L     E     K     G     Q     V     V     E     V     T     Y     K     G     E     G     S     E     D     H     V     S     Y     R     C     -     -     -     
0.003 0.002 0.002 0.003 0.004 0.003 0.005 0.003 0.004 0.002 0.062 0.003 0.003 0.002 0.012 0.004 0.004 0.009 0.004 0.026 0.002 0.003 0.006 0.009 0.003 0.031 0.003 0.004 0.010 0.013 0.004 0.015 0.004 0.014 0.002 0.003 0.004 0.004 0.042 0.005 0.007 0.008 0.006 0.002 0.037 0.003 0.005 0.002 0.011 0.002 0.003 0.014 0.014 0.003 0.004 0.003 0.003 0.014 0.036 0.004 0.062 0.002 0.071 0.003 0.100 0.009 0.031 0.017 0.031 0.003 0.006 0.003 0.006 0.020 0.013 0.004 0.004 
>Sequence
Normalized_weight: 0.012
-     S     R     V     I     L     E     H     E     Y     V     P     E     H     R     L     L     S     I     E     E     A     V     Q     V     L     K     M     L     G     I     K     P     W     Q     L     P     K     I     S     V     N     D     P     I     A     R     L     L     K     A     K     P     G     D     I     I     E     I     T     R     R     S     Y     T     A     G     E     A     K     Y     Y     R     F     V     V     -     
0.003 0.062 0.056 0.125 0.004 0.004 0.006 0.003 0.002 0.010 0.002 0.003 0.004 0.002 0.012 0.006 0.004 0.004 0.012 0.002 0.002 0.007 0.077 0.026 0.006 0.002 0.003 0.091 0.005 0.006 0.004 0.002 0.006 0.042 0.002 0.003 0.004 0.004 0.003 0.006 0.004 0.006 0.006 0.002 0.009 0.003 0.004 0.012 0.003 0.025 0.004 0.002 0.003 0.003 0.002 0.008 0.006 0.014 0.003 0.004 0.003 0.013 0.002 0.083 0.002 0.002 0.002 0.003 0.016 0.017 0.003 0.003 0.006 0.025 0.004 0.005 0.004 
>Sequence
Normalized_weight: 0.008
-     -     F     N     I     F     K     H     V     L     V     P     E     H     R     I     L     S     E     E     E     K     K     A     L     L     E     K     Y     K     I     T     P     A     Q     L     P     Q     I     R     A     S     D     P     A     V     K     A     L     G     A     K     P     G     D     I     I     E     I     K     R     R     S     P     T     A     G     -     -     -     -     -     -     -     -     -     -     
0.003 0.002 0.007 0.003 0.004 0.014 0.005 0.003 0.004 0.002 0.002 0.003 0.004 0.002 0.012 0.004 0.004 0.004 0.004 0.002 0.002 0.003 0.002 0.013 0.003 0.002 0.005 0.004 0.002 0.005 0.004 0.008 0.006 0.017 0.002 0.003 0.004 0.015 0.003 0.012 0.004 0.004 0.006 0.002 0.007 0.011 0.005 0.008 0.003 0.002 0.004 0.002 0.003 0.003 0.002 0.008 0.006 0.014 0.003 0.025 0.003 0.013 0.002 0.004 0.002 0.002 0.002 0.010 0.021 0.017 0.018 0.050 0.100 0.017 0.013 0.004 0.004 
>Sequence
Normalized_weight: 0.007
-     K     F     N     V     L     D     H     N     L     V     P     E     H     H     I     V     S     E     E     E     E     K     T     I     L     K     E     L     G     I     E     K     E     F     L     P     R     I     S     P     N     D     P     V     I     K     A     L     E     A     K     D     G     T     V     I     K     I     I     R     N     S     P     T     M     G     H     S     V     Y     Y     R     V     V     -     -     
0.003 0.010 0.007 0.003 0.009 0.004 0.006 0.003 0.017 0.002 0.002 0.003 0.004 0.002 0.012 0.004 0.015 0.004 0.004 0.002 0.002 0.011 0.002 0.009 0.010 0.002 0.003 0.006 0.005 0.006 0.004 0.006 0.006 0.005 0.018 0.003 0.004 0.003 0.003 0.006 0.017 0.006 0.006 0.002 0.003 0.008 0.005 0.008 0.003 0.042 0.004 0.002 0.042 0.003 0.021 0.003 0.006 0.004 0.003 0.003 0.003 0.009 0.002 0.004 0.002 0.031 0.002 0.013 0.006 0.003 0.003 0.003 0.006 0.008 0.004 0.004 0.004 
>Sequence
Normalized_weight: 0.010
-     K     F     S     L     L     D     H     E     S     V     P     K     H     E     I     I     S     E     G     E     L     K     S     V     L     S     K     Y     L     I     E     K     E     Q     L     P     K     I     K     V     Q     D     P     V     S     K     E     I     G     A     V     V     G     D     V     V     R     I     T     R     K     S     Q     T     A     G     E     A     D     Y     Y     R     L     V     -     -     
0.003 0.010 0.007 0.031 0.042 0.004 0.006 0.003 0.002 0.091 0.002 0.003 0.003 0.002 0.003 0.004 0.014 0.004 0.004 0.026 0.002 0.022 0.002 0.009 0.006 0.002 0.019 0.004 0.002 0.077 0.004 0.006 0.006 0.005 0.002 0.003 0.004 0.004 0.003 0.008 0.004 0.033 0.006 0.002 0.003 0.024 0.005 0.009 0.006 0.002 0.004 0.020 0.017 0.003 0.002 0.003 0.003 0.020 0.003 0.004 0.003 0.002 0.002 0.014 0.002 0.002 0.002 0.003 0.016 0.042 0.003 0.003 0.006 0.003 0.004 0.004 0.004 
>Sequence
Normalized_weight: 0.008
-     -     F     S     I     F     D     H     V     L     V     P     E     H     R     V     L     S     E     E     E     K     K     A     L     L     E     K     Y     K     I     T     L     A     Q     L     P     Q     I     K     A     S     D     P     A     V     K     A     L     G     A     K     P     G     D     V     I     E     I     K     R     K     S     P     T     A     G     -     -     -     -     -     -     -     -     -     -     
0.003 0.002 0.007 0.031 0.004 0.014 0.006 0.003 0.004 0.002 0.002 0.003 0.004 0.002 0.012 0.004 0.004 0.004 0.004 0.002 0.002 0.003 0.002 0.013 0.003 0.002 0.005 0.004 0.002 0.005 0.004 0.008 0.018 0.017 0.002 0.003 0.004 0.015 0.003 0.008 0.004 0.004 0.006 0.002 0.007 0.011 0.005 0.008 0.003 0.002 0.004 0.002 0.003 0.003 0.002 0.003 0.006 0.014 0.003 0.025 0.003 0.002 0.002 0.004 0.002 0.002 0.002 0.010 0.021 0.017 0.018 0.050 0.100 0.017 0.013 0.004 0.004 
>Sequence
Normalized_weight: 0.015
-     -     -     N     I     T     K     H     S     L     K     P     Q     H     Q     V     L     N     D     E     E     K     T     T     L     L     K     K     F     S     I     E     E     K     Q     L     P     R     I     S     K     K     D     A     I     V     R     Y     Y     G     L     E     K     G     Q     V     V     K     V     N     Y     R     G     E     L     T     E     S     H     V     A     F     R     C     V     -     -     
0.003 0.002 0.002 0.003 0.004 0.003 0.005 0.003 0.013 0.002 0.125 0.003 0.056 0.002 0.017 0.004 0.004 0.009 0.006 0.002 0.002 0.003 0.026 0.009 0.003 0.002 0.003 0.004 0.010 0.013 0.004 0.006 0.004 0.017 0.002 0.003 0.004 0.003 0.003 0.006 0.007 0.008 0.006 0.143 0.009 0.011 0.004 0.002 0.011 0.002 0.003 0.014 0.014 0.003 0.004 0.003 0.003 0.004 0.036 0.050 0.062 0.013 0.071 0.003 0.025 0.042 0.031 0.013 0.031 0.003 0.023 0.083 0.006 0.020 0.004 0.004 0.004 
>Sequence
Normalized_weight: 0.015
M     Q     F     S     V     F     K     H     T     L     V     P     P     H     F     V     L     D     R     D     E     E     Q     E     V     R     T     R     F     N     V     T     D     S     Q     L     P     T     I     S     R     F     D     T     V     A     M     L     I     G     L     R     P     G     M     V     C     R     I     E     R     P     S     K     T     A     I     T     T     N     F     Y     R     I     -     -     -     
0.042 0.031 0.007 0.031 0.009 0.014 0.005 0.003 0.013 0.002 0.002 0.003 0.016 0.002 0.083 0.004 0.004 0.016 0.012 0.006 0.002 0.011 0.009 0.003 0.006 0.125 0.015 0.003 0.010 0.003 0.010 0.008 0.013 0.006 0.002 0.003 0.004 0.038 0.003 0.006 0.006 0.011 0.006 0.143 0.003 0.003 0.016 0.012 0.006 0.002 0.003 0.008 0.003 0.003 0.083 0.003 0.021 0.020 0.003 0.033 0.003 0.004 0.002 0.014 0.002 0.002 0.031 0.022 0.021 0.042 0.023 0.003 0.006 0.013 0.013 0.004 0.004 
>Sequence
Normalized_weight: 0.012
-     K     I     D     P     R     I     H     Y     L     V     P     K     H     E     V     L     N     I     D     E     A     Y     K     I     L     K     E     L     G     I     R     P     E     Q     L     P     W     I     R     A     S     D     P     V     A     R     S     I     N     A     K     P     G     D     I     I     R     I     I     R     K     S     Q     L     Y     G     E     V     V     S     Y     R     Y     V     -     -     
0.003 0.010 0.009 0.031 0.042 0.083 0.091 0.003 0.067 0.002 0.002 0.003 0.003 0.002 0.003 0.004 0.004 0.009 0.012 0.006 0.002 0.007 0.026 0.005 0.010 0.002 0.003 0.006 0.005 0.006 0.004 0.010 0.006 0.005 0.002 0.003 0.004 0.019 0.003 0.012 0.004 0.004 0.006 0.002 0.003 0.003 0.004 0.024 0.006 0.021 0.004 0.002 0.003 0.003 0.002 0.008 0.006 0.020 0.003 0.003 0.003 0.002 0.002 0.014 0.025 0.125 0.002 0.003 0.042 0.003 0.006 0.003 0.006 0.007 0.004 0.004 0.004 
>Sequence
Normalized_weight: 0.012
-     -     -     K     V     S     S     H     E     M     V     P     E     H     E     I     I     P     G     D     E     I     P     F     L     L     E     K     Y     G     I     K     I     Q     Q     F     P     K     L     L     I     S     D     P     L     V     I     E     V     G     A     K     V     G     D     I     V     K     I     T     R     K     S     Q     T     A     G     E     T     V     Y     F     R     L     V     V     -     
0.003 0.002 0.002 0.062 0.009 0.014 0.045 0.003 0.002 0.023 0.002 0.003 0.004 0.002 0.003 0.004 0.014 0.009 0.071 0.006 0.002 0.016 0.038 0.077 0.003 0.002 0.005 0.004 0.002 0.006 0.004 0.002 0.015 0.014 0.002 0.036 0.004 0.004 0.042 0.005 0.011 0.004 0.006 0.002 0.028 0.011 0.056 0.009 0.050 0.002 0.004 0.002 0.017 0.003 0.002 0.008 0.003 0.004 0.003 0.004 0.003 0.002 0.002 0.014 0.002 0.002 0.002 0.003 0.021 0.003 0.003 0.083 0.006 0.003 0.004 0.005 0.004 
>Sequence
Normalized_weight: 0.024
L     A     Y     N     I     A     R     H     D     T     V     P     Q     H     E     V     L     S     P     E     E     A     R     L     F     L     Q     Q     R     Q     I     S     L     S     Q     L     P     R     I     L     K     E     D     P     M     V     A     Y     L     G     L     A     R     G     S     I     V     K     I     H     R     D     T     K     E     S     G     P     Y     E     M     Y     R     Q     V     -     -     
0.062 0.125 0.037 0.003 0.004 0.083 0.030 0.003 0.067 0.091 0.002 0.003 0.056 0.002 0.003 0.004 0.004 0.004 0.012 0.002 0.002 0.007 0.019 0.026 0.031 0.002 0.013 0.030 0.091 0.038 0.004 0.026 0.018 0.006 0.002 0.003 0.004 0.003 0.003 0.005 0.007 0.067 0.006 0.002 0.022 0.011 0.056 0.002 0.003 0.002 0.003 0.100 0.003 0.003 0.042 0.008 0.003 0.004 0.003 0.100 0.003 0.021 0.143 0.014 0.050 0.009 0.002 0.067 0.004 0.017 0.091 0.003 0.006 0.050 0.004 0.004 0.004 
>Sequence
Normalized_weight: 0.010
L     Q     Y     N     I     L     N     H     K     M     V     P     P     H     K     I     I     N     D     D     E     K     K     K     L     F     E     D     Y     N     I     K     S     D     N     L     P     E     I     D     R     F     D     P     V     A     M     L     I     G     L     R     P     G     K     I     V     E     I     T     R     P     S     R     S     S     I     S     S     K     Y     Y     R     L     -     -     -     
0.062 0.031 0.037 0.003 0.004 0.004 0.010 0.003 0.017 0.023 0.002 0.003 0.016 0.002 0.012 0.004 0.014 0.009 0.006 0.006 0.002 0.003 0.002 0.005 0.003 0.031 0.005 0.018 0.002 0.003 0.004 0.002 0.045 0.008 0.024 0.003 0.004 0.019 0.003 0.042 0.006 0.011 0.006 0.002 0.003 0.003 0.016 0.012 0.006 0.002 0.003 0.008 0.003 0.003 0.042 0.008 0.003 0.014 0.003 0.004 0.003 0.004 0.002 0.014 0.014 0.009 0.031 0.013 0.006 0.017 0.003 0.003 0.006 0.003 0.013 0.004 0.004 
>Sequence
Normalized_weight: 0.007
-     K     F     N     V     L     D     H     N     L     V     P     E     H     H     I     V     P     E     E     E     E     K     N     I     L     K     E     L     N     I     E     K     E     F     L     P     K     I     S     P     N     D     P     A     I     K     A     L     E     A     K     E     G     T     I     I     K     I     V     R     K     S     P     T     M     G     H     S     V     Y     Y     R     V     V     -     -     
0.003 0.010 0.007 0.003 0.009 0.004 0.006 0.003 0.017 0.002 0.002 0.003 0.004 0.002 0.012 0.004 0.015 0.009 0.004 0.002 0.002 0.011 0.002 0.013 0.010 0.002 0.003 0.006 0.005 0.003 0.004 0.006 0.006 0.005 0.018 0.003 0.004 0.004 0.003 0.006 0.017 0.006 0.006 0.002 0.007 0.008 0.005 0.008 0.003 0.042 0.004 0.002 0.028 0.003 0.021 0.008 0.006 0.004 0.003 0.013 0.003 0.002 0.002 0.004 0.002 0.031 0.002 0.013 0.006 0.003 0.003 0.003 0.006 0.008 0.004 0.004 0.004 
>Sequence
Normalized_weight: 0.011
M     Q     F     N     I     L     K     H     T     L     V     P     P     H     K     V     L     D     K     R     Q     T     A     E     I     M     K     R     Y     N     I     D     I     D     K     F     P     E     I     S     R     F     D     P     V     S     M     V     I     G     I     R     P     G     E     V     C     E     I     I     R     P     S     K     T     A     V     E     T     K     Y     Y     R     V     -     -     -     
0.042 0.031 0.007 0.003 0.004 0.004 0.005 0.003 0.013 0.002 0.002 0.003 0.016 0.002 0.012 0.004 0.004 0.016 0.004 0.038 0.020 0.037 0.013 0.003 0.010 0.042 0.003 0.003 0.002 0.003 0.004 0.026 0.015 0.008 0.010 0.036 0.004 0.019 0.003 0.006 0.006 0.011 0.006 0.002 0.003 0.024 0.016 0.018 0.006 0.002 0.009 0.008 0.003 0.003 0.010 0.003 0.021 0.014 0.003 0.003 0.003 0.004 0.002 0.014 0.002 0.002 0.062 0.003 0.021 0.017 0.003 0.003 0.006 0.008 0.013 0.004 0.004 
>Sequence
Normalized_weight: 0.008
-     K     F     N     V     L     E     H     E     I     V     P     E     H     H     L     V     P     V     E     E     E     E     S     V     L     T     K     L     N     V     T     K     D     D     L     P     K     I     G     I     N     D     P     T     I     K     A     L     E     L     V     P     G     R     V     V     K     I     I     R     K     S     P     T     A     G     Y     Y     E     Y     Y     R     V     I     V     -     
0.003 0.010 0.007 0.003 0.009 0.004 0.006 0.003 0.002 0.045 0.002 0.003 0.004 0.002 0.012 0.006 0.015 0.009 0.024 0.002 0.002 0.011 0.006 0.009 0.006 0.002 0.015 0.004 0.005 0.003 0.010 0.008 0.006 0.008 0.014 0.003 0.004 0.004 0.003 0.042 0.011 0.006 0.006 0.002 0.037 0.008 0.005 0.008 0.003 0.042 0.003 0.020 0.003 0.003 0.017 0.003 0.003 0.004 0.003 0.003 0.003 0.002 0.002 0.004 0.002 0.002 0.002 0.022 0.004 0.017 0.003 0.003 0.006 0.008 0.033 0.005 0.004 
>Sequence
Normalized_weight: 0.017
-     -     -     N     L     F     K     H     S     L     I     P     K     H     R     V     V     N     K     E     E     I     D     N     I     L     N     K     C     N     C     N     I     N     Q     L     P     I     I     L     K     T     D     I     M     S     K     L     N     R     I     S     P     G     D     I     V     E     I     T     R     K     S     L     K     S     G     E     Y     P     F     Y     R     V     C     K     -     
0.003 0.002 0.002 0.003 0.042 0.014 0.005 0.003 0.013 0.002 0.062 0.003 0.003 0.002 0.012 0.004 0.015 0.009 0.004 0.002 0.002 0.016 0.038 0.013 0.010 0.002 0.038 0.004 0.091 0.003 0.016 0.026 0.015 0.014 0.002 0.003 0.004 0.026 0.003 0.005 0.007 0.004 0.006 0.143 0.022 0.024 0.005 0.012 0.100 0.062 0.009 0.033 0.003 0.003 0.002 0.008 0.003 0.014 0.003 0.004 0.003 0.002 0.002 0.042 0.100 0.009 0.002 0.003 0.004 0.042 0.023 0.003 0.006 0.008 0.015 0.036 0.004 
>Sequence
Normalized_weight: 0.019
L     T     Y     N     I     L     N     H     S     Y     V     P     K     H     E     I     V     E     K     N     D     I     K     T     -     -     -     K     F     N     I     T     D     E     Q     F     P     S     I     S     R     F     D     P     V     A     V     V     L     G     F     R     P     G     V     L     C     K     I     T     R     P     S     P     N     A     I     E     S     E     Y     Y     R     L     C     K     -     
0.062 0.125 0.037 0.003 0.004 0.004 0.010 0.003 0.013 0.010 0.002 0.003 0.003 0.002 0.003 0.004 0.015 0.037 0.004 0.038 0.024 0.016 0.002 0.009 0.125 0.125 0.077 0.004 0.010 0.003 0.004 0.008 0.013 0.005 0.002 0.036 0.004 0.038 0.003 0.006 0.006 0.011 0.006 0.002 0.003 0.003 0.028 0.018 0.003 0.002 0.042 0.008 0.003 0.003 0.083 0.056 0.021 0.004 0.003 0.004 0.003 0.004 0.002 0.004 0.100 0.002 0.031 0.003 0.006 0.017 0.003 0.003 0.006 0.003 0.015 0.036 0.004 
>Sequence
Normalized_weight: 0.014
-     K     K     Q     P     I     K     H     R     L     V     P     E     Y     Q     K     L     T     K     E     E     V     E     K     L     L     K     E     L     N     I     D     I     D     Y     L     P     K     I     Y     V     D     D     P     A     I     Q     H     L     N     P     K     P     G     D     V     L     R     I     I     R     K     S     P     T     A     G     K     T     I     Y     Y     R     V     V     -     -     
0.003 0.010 0.111 0.062 0.042 0.083 0.005 0.003 0.033 0.002 0.002 0.003 0.004 0.056 0.017 0.014 0.004 0.007 0.004 0.002 0.002 0.019 0.006 0.005 0.003 0.002 0.003 0.006 0.005 0.003 0.004 0.026 0.015 0.008 0.071 0.003 0.004 0.004 0.003 0.028 0.004 0.017 0.006 0.002 0.007 0.008 0.022 0.018 0.003 0.021 0.083 0.002 0.003 0.003 0.002 0.003 0.031 0.020 0.003 0.003 0.003 0.002 0.002 0.004 0.002 0.002 0.002 0.017 0.021 0.005 0.003 0.003 0.006 0.008 0.004 0.004 0.004 
>Sequence
Normalized_weight: 0.021
M     S     I     N     I     T     N     H     K     Y     Y     F     P     H     I     K     I     N     D     Q     E     K     K     E     L     L     D     K     Y     G     -     -     -     K     H     L     P     I     I     L     K     T     D     P     V     V     R     Y     L     N     F     K     K     G     D     I     L     K     I     I     R     K     -     -     -     -     D     N     F     I     H     Y     R     L     V     K     -     
0.042 0.062 0.009 0.003 0.004 0.003 0.010 0.003 0.017 0.010 0.125 0.200 0.016 0.002 0.009 0.014 0.014 0.009 0.006 0.026 0.002 0.003 0.002 0.003 0.003 0.002 0.010 0.004 0.002 0.006 0.125 0.077 0.091 0.017 0.036 0.003 0.004 0.026 0.003 0.005 0.007 0.004 0.006 0.002 0.003 0.011 0.004 0.002 0.003 0.021 0.042 0.002 0.014 0.003 0.002 0.008 0.031 0.004 0.003 0.003 0.003 0.002 0.048 0.028 0.025 0.025 0.062 0.067 0.021 0.005 0.091 0.003 0.006 0.003 0.004 0.036 0.004 
>Sequence
Normalized_weight: 0.017
-     -     -     N     I     T     K     H     E     L     V     P     K     H     I     P     L     T     S     D     E     K     R     N     L     L     Q     R     Y     K     I     K     E     N     K     L     P     R     I     Q     D     V     D     P     V     C     R     Y     F     G     L     S     K     G     Q     V     Q     K     N     N     R     K     -     -     -     -     -     -     -     -     -     -     -     -     -     -     -     
0.003 0.002 0.002 0.003 0.004 0.003 0.005 0.003 0.002 0.002 0.002 0.003 0.003 0.002 0.009 0.050 0.004 0.007 0.024 0.006 0.002 0.003 0.019 0.013 0.003 0.002 0.013 0.003 0.002 0.005 0.004 0.002 0.004 0.014 0.010 0.003 0.004 0.003 0.003 0.004 0.022 0.033 0.006 0.002 0.003 0.036 0.004 0.002 0.007 0.002 0.003 0.033 0.014 0.003 0.004 0.003 0.125 0.004 0.250 0.050 0.003 0.002 0.048 0.028 0.025 0.025 0.031 0.010 0.021 0.017 0.018 0.050 0.100 0.017 0.013 0.004 0.004 
>Sequence
Normalized_weight: 0.023
-     -     -     N     I     T     K     H     I     Q     Q     P     K     I     E     I     L     N     K     E     E     K     E     Q     L     L     R     K     H     A     L     E     D     K     Q     L     P     Y     L     Q     E     K     D     S     F     V     R     Y     Y     G     L     K     K     K     Q     V     V     K     I     T     Y     S     K     E     P     V     G     D     F     V     T     Y     R     C     I     -     -     
0.003 0.002 0.002 0.003 0.004 0.003 0.005 0.003 0.022 0.091 0.062 0.003 0.003 0.167 0.003 0.004 0.004 0.009 0.004 0.002 0.002 0.003 0.006 0.026 0.003 0.002 0.026 0.004 0.045 0.038 0.005 0.006 0.013 0.017 0.002 0.003 0.004 0.077 0.042 0.004 0.033 0.008 0.006 0.143 0.111 0.011 0.004 0.002 0.011 0.002 0.003 0.002 0.014 0.200 0.004 0.003 0.003 0.004 0.003 0.004 0.062 0.013 0.143 0.003 0.100 0.062 0.002 0.017 0.021 0.003 0.005 0.003 0.006 0.020 0.033 0.004 0.004 
>Sequence
Normalized_weight: 0.021
-     -     -     -     -     M     E     H     V     L     V     P     K     H     K     K     E     E     I     I     K     E     I     L     E     M     Y     Q     L     N     S     K     F     -     K     L     P     N     M     L     Q     S     D     P     M     S     K     Y     F     N     T     K     R     G     D     I     F     K     I     I     R     N     S     S     T     A     G     T     Y     I     C     Y     R     C     V     V     -     
0.003 0.002 0.002 0.004 0.019 0.042 0.006 0.003 0.004 0.002 0.002 0.003 0.003 0.002 0.012 0.014 0.167 0.037 0.012 0.077 0.143 0.011 0.026 0.026 0.062 0.042 0.077 0.030 0.005 0.003 0.125 0.002 0.023 0.083 0.010 0.003 0.004 0.038 0.083 0.005 0.017 0.004 0.006 0.002 0.022 0.024 0.005 0.002 0.007 0.021 0.042 0.002 0.003 0.003 0.002 0.008 0.062 0.004 0.003 0.003 0.003 0.009 0.002 0.028 0.002 0.002 0.002 0.022 0.004 0.005 0.045 0.003 0.006 0.020 0.004 0.005 0.004 
>Sequence
Normalized_weight: 0.029
-     -     I     N     I     P     K     V     S     A     I     P     K     H     K     L     I     T     Q     E     E     A     Q     E     F     L     G     R     E     Y     L     Q     P     Q     D     L     M     Q     I     S     A     S     D     P     P     V     V     W     L     G     G     R     P     G     D     F     V     Q     I     E     R     P     S     E     T     A     M     H     A     V     V     I     R     F     I     -     -     
0.003 0.002 0.009 0.003 0.004 0.017 0.005 0.250 0.013 0.045 0.062 0.003 0.003 0.002 0.012 0.006 0.014 0.007 0.071 0.002 0.002 0.007 0.009 0.003 0.031 0.002 0.077 0.003 0.091 0.077 0.005 0.015 0.006 0.014 0.014 0.003 0.111 0.015 0.003 0.006 0.004 0.004 0.006 0.002 0.056 0.011 0.028 0.036 0.003 0.002 0.083 0.008 0.003 0.003 0.002 0.167 0.003 0.200 0.003 0.033 0.003 0.004 0.002 0.003 0.002 0.002 0.125 0.013 0.016 0.003 0.018 0.250 0.006 0.025 0.033 0.004 0.004 
>Sequence
Normalized_weight: 0.017
-     -     -     -     -     M     N     H     A     L     M     P     K     Y     K     K     I     T     E     K     Q     I     N     E     L     L     E     K     Y     K     I     N     K     D     N     L     P     T     I     R     R     D     D     P     P     I     K     Y     I     G     L     K     R     N     D     I     C     E     I     R     R     I     N     G     E     -     -     -     -     V     F     Y     R     L     V     -     -     
0.003 0.002 0.002 0.004 0.019 0.042 0.010 0.003 0.067 0.002 0.125 0.003 0.003 0.056 0.012 0.014 0.014 0.007 0.004 0.013 0.020 0.016 0.077 0.003 0.003 0.002 0.005 0.004 0.002 0.005 0.004 0.026 0.006 0.008 0.024 0.003 0.004 0.038 0.003 0.012 0.006 0.017 0.006 0.002 0.056 0.008 0.005 0.002 0.006 0.002 0.003 0.002 0.003 0.040 0.002 0.008 0.021 0.014 0.003 0.050 0.003 0.031 0.143 0.012 0.050 0.025 0.031 0.010 0.021 0.003 0.023 0.003 0.006 0.003 0.004 0.004 0.004 
>Sequence
Normalized_weight: 0.011
-     -     -     -     V     L     N     H     V     L     V     P     K     H     V     I     D     D     E     E     E     I     E     K     I     L     E     E     L     G     V     E     K     D     D     L     P     R     I     H     T     N     D     P     V     V     V     A     L     R     I     K     P     G     S     L     V     K     I     V     R     D     S     P     T     A     G     K     T     V     V     Y     R     V     V     -     -     
0.003 0.002 0.002 0.004 0.009 0.004 0.010 0.003 0.004 0.002 0.002 0.003 0.003 0.002 0.006 0.004 0.167 0.016 0.004 0.002 0.002 0.016 0.006 0.005 0.010 0.002 0.005 0.006 0.005 0.006 0.010 0.006 0.006 0.008 0.014 0.003 0.004 0.003 0.003 0.042 0.017 0.006 0.006 0.002 0.003 0.011 0.028 0.008 0.003 0.062 0.009 0.002 0.003 0.003 0.042 0.056 0.003 0.004 0.003 0.013 0.003 0.021 0.002 0.004 0.002 0.002 0.002 0.017 0.021 0.003 0.018 0.003 0.006 0.008 0.004 0.004 0.004 
>Sequence
Normalized_weight: 0.014
-     R     F     N     V     L     N     H     V     L     V     P     H     H     E     L     V     P     I     E     D     E     A     Q     I     L     E     P     W     G     L     K     K     E     L     L     P     K     I     L     I     T     D     P     A     I     Q     V     I     G     W     L     A     N     R     V     V     K     V     V     R     Y     S     R     S     A     G     Q     S     V     A     Y     R     L     I     V     E     
0.003 0.062 0.007 0.003 0.009 0.004 0.010 0.003 0.004 0.002 0.002 0.003 0.056 0.002 0.003 0.006 0.015 0.009 0.012 0.002 0.024 0.011 0.013 0.026 0.010 0.002 0.005 0.045 0.045 0.006 0.005 0.002 0.006 0.005 0.036 0.003 0.004 0.004 0.003 0.005 0.011 0.004 0.006 0.002 0.007 0.008 0.022 0.018 0.006 0.002 0.042 0.033 0.042 0.040 0.017 0.003 0.003 0.004 0.036 0.013 0.003 0.031 0.002 0.014 0.014 0.002 0.002 0.033 0.006 0.003 0.023 0.003 0.006 0.003 0.033 0.005 0.067 
>Sequence
Normalized_weight: 0.018
-     -     -     -     -     -     -     -     -     -     -     P     K     H     E     K     L     S     A     S     Q     A     K     K     Q     L     K     D     I     N     V     S     L     D     E     L     P     L     I     R     R     T     D     P     A     I     L     R     L     A     I     E     V     N     D     V     I     K     I     T     R     S     S     K     T     G     G     D     V     P     Y     Y     R     R     V     -     -     
0.003 0.002 0.002 0.004 0.019 0.012 0.015 0.050 0.013 0.018 0.031 0.003 0.003 0.002 0.003 0.014 0.004 0.004 0.036 0.019 0.020 0.007 0.002 0.005 0.125 0.002 0.003 0.018 0.091 0.003 0.010 0.026 0.018 0.008 0.009 0.003 0.004 0.010 0.003 0.012 0.006 0.004 0.006 0.002 0.007 0.008 0.010 0.071 0.003 0.125 0.009 0.014 0.017 0.040 0.002 0.003 0.006 0.004 0.003 0.004 0.003 0.013 0.002 0.014 0.002 0.125 0.002 0.017 0.042 0.042 0.003 0.003 0.006 0.100 0.004 0.004 0.004 
>Sequence
Normalized_weight: 0.015
-     R     F     N     V     L     N     H     I     L     V     P     H     H     E     L     V     P     I     D     S     E     S     E     V     L     E     P     W     G     L     R     K     E     L     L     P     K     I     L     I     T     D     P     A     I     Q     S     I     G     W     L     A     N     R     V     V     K     V     V     R     Y     S     R     S     A     G     S     S     V     A     Y     R     L     I     V     E     
0.003 0.062 0.007 0.003 0.009 0.004 0.010 0.003 0.022 0.002 0.002 0.003 0.056 0.002 0.003 0.006 0.015 0.009 0.012 0.006 0.143 0.011 0.019 0.003 0.006 0.002 0.005 0.045 0.045 0.006 0.005 0.010 0.006 0.005 0.036 0.003 0.004 0.004 0.003 0.005 0.011 0.004 0.006 0.002 0.007 0.008 0.022 0.024 0.006 0.002 0.042 0.033 0.042 0.040 0.017 0.003 0.003 0.004 0.036 0.013 0.003 0.031 0.002 0.014 0.014 0.002 0.002 0.013 0.006 0.003 0.023 0.003 0.006 0.003 0.033 0.005 0.067 
>Sequence
Normalized_weight: 0.033
L     Q     M     N     I     T     K     Y     H     L     Q     P     L     F     N     K     L     L     D     E     E     A     K     D     F     K     K     K     Y     K     I     I     L     Q     S     F     P     S     M     S     K     S     D     P     I     A     R     F     F     K     Y     Q     S     G     D     V     I     K     I     T     N     K     D     G     -     -     -     -     F     V     S     Y     R     I     V     K     -     
0.062 0.031 0.111 0.003 0.004 0.003 0.005 0.250 0.067 0.002 0.062 0.003 0.111 0.167 0.083 0.014 0.004 0.111 0.006 0.002 0.002 0.007 0.002 0.077 0.031 0.125 0.003 0.004 0.002 0.005 0.004 0.077 0.018 0.014 0.071 0.036 0.004 0.038 0.083 0.006 0.007 0.004 0.006 0.002 0.009 0.003 0.004 0.071 0.007 0.025 0.083 0.033 0.083 0.003 0.002 0.003 0.006 0.004 0.003 0.004 0.250 0.002 0.048 0.012 0.025 0.025 0.031 0.010 0.021 0.003 0.006 0.003 0.006 0.013 0.004 0.036 0.004 
>Sequence
Normalized_weight: 0.061
-     -     -     N     I     T     D     H     V     L     V     P     E     H     I     L     L     S     D     E     Q     K     K     T     L     L     D     R     Y     K     V     K     E     T     -     -     -     -     -     -     -     -     -     -     -     -     -     -     -     -     -     -     -     -     -     -     -     -     -     -     -     -     -     -     -     -     -     -     -     -     -     -     -     -     -     -     -     
0.003 0.002 0.002 0.003 0.004 0.003 0.006 0.003 0.004 0.002 0.002 0.003 0.004 0.002 0.009 0.006 0.004 0.004 0.006 0.002 0.020 0.003 0.002 0.009 0.003 0.002 0.010 0.003 0.002 0.005 0.010 0.002 0.004 0.005 0.071 0.250 0.333 0.077 0.250 0.083 0.067 0.067 0.500 0.143 0.056 0.143 0.111 0.071 0.100 0.125 0.083 0.100 0.083 0.200 0.083 0.167 0.125 0.200 0.250 0.100 0.250 0.062 0.048 0.028 0.025 0.025 0.031 0.010 0.021 0.017 0.018 0.050 0.100 0.017 0.013 0.004 0.004 
