> GA
Normalized_weight: 0.005
T     I     D     Q     W     L     L     K     N     A     K     E     D     A     I     A     E     L     K     K     A     G     I     T     S     D     F     Y     F     N     A     I     N     K     A     K     T     V     E     -     -     -     -     E     V     N     A     L     K     N     E     I     L     K     A     H     A     
0.007 0.008 0.009 0.020 0.006 0.006 0.003 0.004 0.007 0.002 0.003 0.002 0.006 0.003 0.003 0.008 0.001 0.003 0.002 0.002 0.003 0.002 0.003 0.003 0.002 0.003 0.003 0.002 0.003 0.004 0.004 0.006 0.002 0.003 0.002 0.002 0.002 0.002 0.003 0.005 0.005 0.005 0.005 0.016 0.003 0.003 0.002 0.002 0.003 0.007 0.002 0.003 0.003 0.004 0.003 0.005 0.025 
>A0A1Y3FXJ3 [258...302]
Normalized_weight: 0.044
-     -     -     -     -     -     -     -     K     A     R     E     K     A     V     R     Q     L     Q     V     N     L     L     A     R     G     Y     Y     S     G     V     I     N     G     I     K     T     P     E     -     -     -     -     T     I     N     A     I     K     K     F     Q     K     S     M     H     A     
0.005 0.004 0.006 0.006 0.005 0.005 0.028 0.011 0.010 0.002 0.250 0.002 0.005 0.003 0.024 0.006 0.056 0.003 0.025 0.091 0.006 0.200 0.143 0.062 0.062 0.125 0.003 0.002 0.100 0.022 0.071 0.006 0.002 0.042 0.200 0.002 0.002 0.062 0.003 0.005 0.005 0.005 0.005 0.125 0.025 0.003 0.002 0.024 0.003 0.018 0.056 0.167 0.200 0.036 0.143 0.005 0.025 
>A0A2G2KB95 [27...75]
Normalized_weight: 0.071
-     -     -     A     Q     E     I     T     E     S     K     I     Q     T     L     E     E     V     K     A     A     G     T     L     R     S     S     Y     R     K     T     I     P     R     A     K     T     D     E     T     P     Q     A     N     L     K     A     F     R     A     E     I     -     -     -     -     -     
0.005 0.004 0.006 0.005 0.021 0.004 0.250 0.100 0.002 0.167 0.003 0.100 0.023 0.025 0.016 0.003 0.001 0.067 0.002 0.004 0.003 0.002 0.143 0.125 0.062 0.062 0.083 0.002 0.100 0.005 0.071 0.006 0.111 0.011 0.002 0.002 0.002 0.125 0.003 0.500 0.500 0.500 0.500 0.125 0.025 0.005 0.002 0.048 0.083 0.005 0.002 0.003 0.017 0.009 0.008 0.004 0.007 
>F9MY06 [103...151]
Normalized_weight: 0.020
-     -     -     A     A     K     L     Q     G     A     K     D     E     A     K     E     K     L     K     A     N     G     I     A     S     E     F     Y     L     K     Q     V     D     A     A     K     N     V     E     -     -     -     -     S     L     N     S     F     V     K     M     L     I     D     E     H     -     
0.005 0.004 0.006 0.005 0.021 0.010 0.003 0.014 0.083 0.002 0.003 0.020 0.010 0.003 0.018 0.003 0.056 0.003 0.002 0.004 0.006 0.002 0.003 0.062 0.002 0.009 0.003 0.002 0.025 0.005 0.005 0.062 0.006 0.009 0.002 0.002 0.167 0.002 0.003 0.005 0.005 0.005 0.005 0.042 0.025 0.003 0.005 0.048 0.007 0.018 0.056 0.010 0.013 0.071 0.143 0.005 0.007 
>A0A133ZU39 [114...161]
Normalized_weight: 0.025
-     -     D     A     Q     K     L     A     E     A     K     A     E     A     K     E     F     L     K     K     H     G     V     T     K     E     Q     Y     F     Y     K     I     D     S     A     K     D     L     Q     -     -     -     -     E     V     E     K     W     K     T     E     I     L     N     -     -     -     
0.005 0.004 0.009 0.005 0.021 0.010 0.003 0.003 0.002 0.002 0.003 0.025 0.010 0.003 0.018 0.003 0.111 0.003 0.002 0.002 0.091 0.002 0.005 0.003 0.125 0.009 0.083 0.002 0.003 0.111 0.006 0.006 0.006 0.014 0.002 0.002 0.167 0.062 0.083 0.005 0.005 0.005 0.005 0.016 0.003 0.005 0.025 0.143 0.003 0.125 0.002 0.003 0.003 0.016 0.008 0.004 0.007 
>A0A328K7K0 [347...393]
Normalized_weight: 0.010
-     P     K     E     K     I     L     E     L     Y     K     E     Q     T     I     K     D     L     K     A     R     G     F     N     N     E     F     V     F     G     A     I     N     K     A     N     T     I     E     -     -     -     -     G     I     D     S     I     V     K     E     L     -     -     -     -     -     
0.005 0.028 0.004 0.004 0.006 0.036 0.003 0.014 0.042 0.015 0.003 0.002 0.023 0.025 0.003 0.005 0.022 0.003 0.002 0.004 0.030 0.002 0.016 0.025 0.011 0.009 0.003 0.013 0.003 0.022 0.004 0.006 0.002 0.003 0.002 0.010 0.002 0.007 0.003 0.005 0.005 0.005 0.005 0.002 0.025 0.006 0.005 0.024 0.007 0.018 0.002 0.010 0.017 0.009 0.008 0.004 0.007 
>A0A328KSX9 [354...400]
Normalized_weight: 0.010
-     P     K     E     K     I     L     E     L     Y     K     E     Q     T     I     K     D     L     K     A     R     G     F     N     N     E     F     V     F     G     A     I     N     K     A     N     T     I     E     -     -     -     -     G     I     D     S     I     V     K     E     L     -     -     -     -     -     
0.005 0.028 0.004 0.004 0.006 0.036 0.003 0.014 0.042 0.015 0.003 0.002 0.023 0.025 0.003 0.005 0.022 0.003 0.002 0.004 0.030 0.002 0.016 0.025 0.011 0.009 0.003 0.013 0.003 0.022 0.004 0.006 0.002 0.003 0.002 0.010 0.002 0.007 0.003 0.005 0.005 0.005 0.005 0.002 0.025 0.006 0.005 0.024 0.007 0.018 0.002 0.010 0.017 0.009 0.008 0.004 0.007 
>A0A1S8KNT5 [11...55]
Normalized_weight: 0.009
-     -     -     E     E     K     L     A     Q     Y     K     E     K     T     I     N     E     L     K     A     K     G     F     N     N     K     L     V     F     D     I     I     R     R     A     K     T     I     E     -     -     -     -     G     V     D     S     V     V     A     N     L     -     -     -     -     -     
0.005 0.004 0.006 0.004 0.005 0.010 0.003 0.003 0.028 0.015 0.003 0.002 0.005 0.025 0.003 0.025 0.001 0.003 0.002 0.004 0.010 0.002 0.016 0.025 0.011 0.007 0.008 0.013 0.003 0.004 0.010 0.006 0.037 0.011 0.002 0.002 0.002 0.007 0.003 0.005 0.005 0.005 0.005 0.002 0.003 0.006 0.005 0.016 0.007 0.005 0.056 0.010 0.017 0.009 0.008 0.004 0.007 
>H3NG65 [423...468]
Normalized_weight: 0.008
-     -     K     A     E     W     L     A     A     Y     K     E     R     T     I     E     E     L     K     A     K     G     F     T     N     K     F     V     F     N     I     I     Q     R     A     N     T     I     E     -     -     -     -     G     I     D     S     V     V     A     E     L     -     -     -     -     -     
0.005 0.004 0.004 0.005 0.005 0.071 0.003 0.003 0.006 0.015 0.003 0.002 0.015 0.025 0.003 0.003 0.001 0.003 0.002 0.004 0.010 0.002 0.016 0.003 0.011 0.007 0.003 0.013 0.003 0.004 0.010 0.006 0.019 0.011 0.002 0.010 0.002 0.007 0.003 0.005 0.005 0.005 0.005 0.002 0.025 0.006 0.005 0.016 0.007 0.005 0.002 0.010 0.017 0.009 0.008 0.004 0.007 
>H3NG64 [1098...1143]
Normalized_weight: 0.007
-     -     K     A     E     F     L     A     A     Y     K     K     R     T     I     E     E     L     K     A     K     G     F     T     N     K     F     V     F     N     I     I     Q     R     A     N     T     I     E     -     -     -     -     G     I     D     S     V     V     A     E     L     -     -     -     -     -     
0.005 0.004 0.004 0.005 0.005 0.014 0.003 0.003 0.006 0.015 0.003 0.008 0.015 0.025 0.003 0.003 0.001 0.003 0.002 0.004 0.010 0.002 0.016 0.003 0.011 0.007 0.003 0.013 0.003 0.004 0.010 0.006 0.019 0.011 0.002 0.010 0.002 0.007 0.003 0.005 0.005 0.005 0.005 0.002 0.025 0.006 0.005 0.016 0.007 0.005 0.002 0.010 0.017 0.009 0.008 0.004 0.007 
>A0A328KP86 [1244...1289]
Normalized_weight: 0.007
-     -     K     A     E     F     L     A     A     Y     K     E     R     T     I     E     E     L     K     A     K     G     V     T     N     K     F     V     F     N     I     I     Q     R     A     N     T     V     E     -     -     -     -     G     I     D     S     V     V     A     E     L     -     -     -     -     -     
0.005 0.004 0.004 0.005 0.005 0.014 0.003 0.003 0.006 0.015 0.003 0.002 0.015 0.025 0.003 0.003 0.001 0.003 0.002 0.004 0.010 0.002 0.005 0.003 0.011 0.007 0.003 0.013 0.003 0.004 0.010 0.006 0.019 0.011 0.002 0.010 0.002 0.002 0.003 0.005 0.005 0.005 0.005 0.002 0.025 0.006 0.005 0.016 0.007 0.005 0.002 0.010 0.017 0.009 0.008 0.004 0.007 
>A0A328K6E2 [882...927]
Normalized_weight: 0.007
-     -     K     A     E     F     L     A     A     Y     K     E     R     T     I     E     E     L     K     A     K     G     V     T     N     K     F     V     F     N     I     I     Q     R     A     N     T     I     E     -     -     -     -     G     I     D     S     V     V     A     E     L     -     -     -     -     -     
0.005 0.004 0.004 0.005 0.005 0.014 0.003 0.003 0.006 0.015 0.003 0.002 0.015 0.025 0.003 0.003 0.001 0.003 0.002 0.004 0.010 0.002 0.005 0.003 0.011 0.007 0.003 0.013 0.003 0.004 0.010 0.006 0.019 0.011 0.002 0.010 0.002 0.007 0.003 0.005 0.005 0.005 0.005 0.002 0.025 0.006 0.005 0.016 0.007 0.005 0.002 0.010 0.017 0.009 0.008 0.004 0.007 
>UPI000DC018A6 [1178...1223]
Normalized_weight: 0.007
-     -     K     A     E     F     L     A     A     Y     K     E     R     T     I     E     E     L     K     A     K     G     V     T     N     K     F     V     F     N     I     I     Q     R     A     N     T     I     E     -     -     -     -     G     I     D     S     V     V     A     E     L     -     -     -     -     -     
0.005 0.004 0.004 0.005 0.005 0.014 0.003 0.003 0.006 0.015 0.003 0.002 0.015 0.025 0.003 0.003 0.001 0.003 0.002 0.004 0.010 0.002 0.005 0.003 0.011 0.007 0.003 0.013 0.003 0.004 0.010 0.006 0.019 0.011 0.002 0.010 0.002 0.007 0.003 0.005 0.005 0.005 0.005 0.002 0.025 0.006 0.005 0.016 0.007 0.005 0.002 0.010 0.017 0.009 0.008 0.004 0.007 
>A0A328K4C4 [1167...1212]
Normalized_weight: 0.008
-     -     K     A     E     F     L     A     A     Y     K     E     R     T     I     E     E     L     K     A     K     G     V     T     N     K     F     I     F     N     I     I     Q     R     A     N     T     I     E     -     -     -     -     G     I     D     S     V     V     A     E     L     -     -     -     -     -     
0.005 0.004 0.004 0.005 0.005 0.014 0.003 0.003 0.006 0.015 0.003 0.002 0.015 0.025 0.003 0.003 0.001 0.003 0.002 0.004 0.010 0.002 0.005 0.003 0.011 0.007 0.003 0.062 0.003 0.004 0.010 0.006 0.019 0.011 0.002 0.010 0.002 0.007 0.003 0.005 0.005 0.005 0.005 0.002 0.025 0.006 0.005 0.016 0.007 0.005 0.002 0.010 0.017 0.009 0.008 0.004 0.007 
>A0A328KDD3 [919...963]
Normalized_weight: 0.011
-     -     -     A     E     A     L     K     A     H     K     E     K     A     I     K     D     L     K     A     K     G     F     D     N     D     F     V     F     G     L     I     D     K     A     N     T     K     E     -     -     -     -     G     V     D     A     L     V     E     E     L     -     -     -     -     -     
0.005 0.004 0.006 0.005 0.005 0.003 0.003 0.004 0.006 0.167 0.003 0.002 0.005 0.003 0.003 0.005 0.022 0.003 0.002 0.004 0.010 0.002 0.016 0.062 0.011 0.003 0.003 0.013 0.003 0.022 0.002 0.006 0.006 0.003 0.002 0.010 0.002 0.042 0.003 0.005 0.005 0.005 0.005 0.002 0.003 0.006 0.002 0.002 0.007 0.021 0.002 0.010 0.017 0.009 0.008 0.004 0.007 
>A0A328KFB0 [123...167]
Normalized_weight: 0.012
-     -     -     A     E     A     L     K     A     Y     K     E     K     A     I     K     D     L     K     A     K     G     F     N     N     E     Y     V     F     D     S     I     R     R     A     K     T     S     E     -     -     -     -     G     V     D     S     I     V     E     N     L     -     -     -     -     -     
0.005 0.004 0.006 0.005 0.005 0.003 0.003 0.004 0.006 0.015 0.003 0.002 0.005 0.003 0.003 0.005 0.022 0.003 0.002 0.004 0.010 0.002 0.016 0.025 0.011 0.009 0.003 0.013 0.003 0.004 0.071 0.006 0.037 0.011 0.002 0.002 0.002 0.125 0.003 0.005 0.005 0.005 0.005 0.002 0.003 0.006 0.005 0.024 0.007 0.021 0.056 0.010 0.017 0.009 0.008 0.004 0.007 
>K9E8M0 [247...296]
Normalized_weight: 0.020
-     -     E     A     Q     A     L     Q     A     A     K     E     S     A     K     A     E     L     Q     A     A     G     A     T     S     P     K     L     A     E     Y     I     D     S     A     D     S     V     E     -     -     -     -     E     V     D     R     L     K     N     D     F     L     E     V     R     -     
0.005 0.004 0.083 0.005 0.021 0.003 0.003 0.014 0.006 0.002 0.003 0.002 0.030 0.003 0.018 0.008 0.001 0.003 0.025 0.004 0.003 0.002 0.024 0.003 0.002 0.021 0.008 0.042 0.033 0.019 0.071 0.006 0.006 0.014 0.002 0.071 0.056 0.002 0.003 0.005 0.005 0.005 0.005 0.016 0.003 0.006 0.100 0.002 0.003 0.007 0.022 0.056 0.003 0.020 0.143 0.100 0.007 
>K9E8I0 [60...105]
Normalized_weight: 0.018
-     -     -     Q     E     A     L     Q     T     E     K     E     S     A     K     A     E     L     Q     E     A     G     A     T     S     P     R     L     A     Q     A     I     D     A     A     D     S     V     E     -     -     -     -     E     V     E     Q     L     K     N     D     F     L     -     -     -     -     
0.005 0.004 0.006 0.020 0.005 0.003 0.003 0.014 0.042 0.167 0.003 0.002 0.030 0.003 0.018 0.008 0.001 0.003 0.025 0.009 0.003 0.002 0.024 0.003 0.002 0.021 0.083 0.042 0.033 0.111 0.004 0.006 0.006 0.009 0.002 0.071 0.056 0.002 0.003 0.005 0.005 0.005 0.005 0.016 0.003 0.005 0.025 0.002 0.003 0.007 0.022 0.056 0.003 0.009 0.008 0.004 0.007 
>C7RET1 [1767...1803]
Normalized_weight: 0.018
-     -     -     -     -     -     -     -     -     -     -     -     -     -     I     G     K     L     A     K     N     N     I     N     S     P     L     F     I     D     K     V     K     R     A     N     T     L     E     -     -     -     -     G     L     N     S     L     V     D     E     L     L     K     A     -     -     
0.005 0.004 0.006 0.006 0.005 0.005 0.028 0.011 0.012 0.024 0.036 0.014 0.015 0.042 0.003 0.050 0.056 0.003 0.100 0.002 0.006 0.200 0.003 0.025 0.002 0.021 0.008 0.009 0.005 0.004 0.006 0.062 0.056 0.011 0.002 0.010 0.002 0.062 0.003 0.005 0.005 0.005 0.005 0.002 0.025 0.003 0.005 0.002 0.007 0.004 0.002 0.010 0.003 0.004 0.003 0.004 0.007 
>A0A133YJ97 [63...109]
Normalized_weight: 0.029
-     -     -     -     -     E     L     Q     K     A     K     D     D     A     I     E     T     L     D     D     N     G     I     K     D     N     E     S     I     S     K     I     N     A     C     T     T     V     E     -     -     -     -     Q     V     R     K     T     K     K     E     I     I     K     K     H     -     
0.005 0.004 0.006 0.006 0.005 0.004 0.003 0.014 0.010 0.002 0.003 0.020 0.006 0.003 0.003 0.003 0.056 0.003 0.005 0.023 0.006 0.002 0.003 0.042 0.042 0.125 0.083 0.125 0.005 0.056 0.006 0.006 0.002 0.009 0.200 0.143 0.002 0.002 0.003 0.005 0.005 0.005 0.005 0.125 0.003 0.083 0.025 0.143 0.003 0.018 0.002 0.003 0.013 0.004 0.143 0.005 0.007 
>UPI00093B0AD6 [2074...2122]
Normalized_weight: 0.022
-     -     K     R     I     A     L     E     K     A     K     E     L     A     I     D     E     L     I     K     S     E     I     D     S     K     I     I     I     K     H     I     K     E     A     K     S     I     E     -     -     -     -     E     V     T     A     L     K     K     E     F     L     K     S     -     -     
0.005 0.004 0.004 0.100 0.006 0.003 0.003 0.014 0.010 0.002 0.003 0.002 0.005 0.003 0.003 0.100 0.001 0.003 0.100 0.002 0.091 0.200 0.003 0.062 0.002 0.007 0.006 0.062 0.005 0.005 0.071 0.006 0.056 0.062 0.002 0.002 0.056 0.007 0.003 0.005 0.005 0.005 0.005 0.016 0.003 0.028 0.002 0.002 0.003 0.018 0.002 0.056 0.003 0.004 0.008 0.004 0.007 
>K9EXL1 [44...90]
Normalized_weight: 0.017
-     -     K     A     Q     E     L     Q     A     A     K     E     A     A     I     A     E     V     Q     T     A     G     F     T     D     E     K     Y     A     G     W     I     N     A     Q     E     T     V     Q     -     -     -     -     D     V     N     A     V     K     R     E     I     L     -     -     -     -     
0.005 0.004 0.004 0.005 0.021 0.004 0.003 0.014 0.006 0.002 0.003 0.002 0.010 0.003 0.003 0.008 0.001 0.067 0.025 0.091 0.003 0.002 0.016 0.003 0.042 0.009 0.008 0.002 0.033 0.022 0.036 0.006 0.002 0.009 0.100 0.071 0.002 0.002 0.083 0.005 0.005 0.005 0.005 0.062 0.003 0.003 0.002 0.016 0.003 0.062 0.002 0.003 0.003 0.009 0.008 0.004 0.007 
>K9EAV4 [146...191]
Normalized_weight: 0.016
-     -     -     E     A     E     L     Q     A     A     K     E     S     A     I     A     E     V     K     A     A     G     F     T     D     Q     K     Y     V     D     W     I     N     A     Q     E     T     V     Q     -     -     -     -     D     V     N     G     V     K     R     E     I     L     -     -     -     -     
0.005 0.004 0.006 0.004 0.021 0.004 0.003 0.014 0.006 0.002 0.003 0.002 0.030 0.003 0.003 0.008 0.001 0.067 0.002 0.004 0.003 0.002 0.016 0.003 0.042 0.025 0.008 0.002 0.020 0.004 0.036 0.006 0.002 0.009 0.100 0.071 0.002 0.002 0.083 0.005 0.005 0.005 0.005 0.062 0.003 0.003 0.100 0.016 0.003 0.062 0.002 0.003 0.003 0.009 0.008 0.004 0.007 
>Q51932 [51...98]
Normalized_weight: 0.022
-     -     -     -     K     D     L     Q     E     A     K     D     K     A     I     Q     E     A     K     A     N     G     V     T     S     K     L     L     L     K     N     I     E     N     A     K     T     P     E     -     -     -     -     S     A     K     S     F     A     E     E     L     I     K     S     H     -     
0.005 0.004 0.006 0.006 0.006 0.036 0.003 0.014 0.002 0.002 0.003 0.020 0.005 0.003 0.003 0.050 0.001 0.200 0.002 0.004 0.006 0.002 0.005 0.003 0.002 0.007 0.008 0.042 0.025 0.005 0.071 0.006 0.028 0.007 0.002 0.002 0.002 0.062 0.003 0.005 0.005 0.005 0.005 0.042 0.250 0.005 0.005 0.048 0.167 0.021 0.002 0.010 0.013 0.004 0.008 0.005 0.007 
>UPI000EF18F10 [347...395]
Normalized_weight: 0.019
-     -     -     K     E     D     L     K     A     A     K     K     L     A     H     Q     Q     L     N     K     A     G     I     V     G     K     M     Y     H     D     Q     I     D     R     A     K     K     K     E     -     -     -     -     S     V     M     N     L     V     A     E     L     L     K     A     H     -     
0.005 0.004 0.006 0.050 0.005 0.036 0.003 0.004 0.006 0.002 0.003 0.008 0.005 0.003 0.014 0.050 0.056 0.003 0.033 0.002 0.003 0.002 0.003 0.125 0.008 0.007 0.083 0.002 0.010 0.004 0.005 0.006 0.006 0.011 0.002 0.002 0.167 0.042 0.003 0.005 0.005 0.005 0.005 0.042 0.003 0.083 0.100 0.002 0.007 0.005 0.002 0.010 0.003 0.004 0.003 0.005 0.007 
>C7HW75 [1674...1721]
Normalized_weight: 0.016
-     -     K     Y     E     K     L     K     K     A     Q     E     D     A     I     K     E     L     N     D     A     G     I     K     E     D     L     Y     L     E     K     I     R     K     A     K     T     I     E     -     -     -     -     E     V     E     K     I     K     E     E     L     L     K     -     -     -     
0.005 0.004 0.004 0.100 0.005 0.010 0.003 0.004 0.010 0.002 0.250 0.002 0.006 0.003 0.003 0.005 0.001 0.003 0.033 0.023 0.003 0.002 0.003 0.042 0.125 0.003 0.008 0.002 0.025 0.019 0.006 0.006 0.037 0.003 0.002 0.002 0.002 0.007 0.003 0.005 0.005 0.005 0.005 0.016 0.003 0.005 0.025 0.024 0.003 0.021 0.002 0.010 0.003 0.004 0.008 0.004 0.007 
>UPI0002071ADC [225...273]
Normalized_weight: 0.012
-     -     -     K     A     E     L     F     Y     A     K     E     D     A     H     K     A     L     N     D     A     G     I     T     G     D     I     F     H     K     A     I     D     A     A     K     T     V     A     -     -     -     -     G     V     N     A     Y     V     A     E     T     L     A     A     H     -     
0.005 0.004 0.006 0.050 0.021 0.004 0.003 0.100 0.083 0.002 0.003 0.002 0.006 0.003 0.014 0.005 0.037 0.003 0.033 0.023 0.003 0.002 0.003 0.003 0.008 0.003 0.006 0.009 0.010 0.005 0.004 0.006 0.006 0.009 0.002 0.002 0.002 0.002 0.083 0.005 0.005 0.005 0.005 0.002 0.003 0.003 0.002 0.018 0.007 0.005 0.002 0.021 0.003 0.009 0.003 0.005 0.007 
>UPI000C9B2440 [433...478]
Normalized_weight: 0.006
-     -     -     -     -     -     L     A     E     A     K     K     V     A     H     E     E     F     T     K     A     G     I     T     G     D     I     F     H     K     A     I     D     A     A     K     T     V     E     -     -     -     -     G     L     Q     A     Y     V     A     E     T     L     A     A     H     -     
0.005 0.004 0.006 0.006 0.005 0.005 0.003 0.003 0.002 0.002 0.003 0.008 0.023 0.003 0.014 0.003 0.001 0.014 0.013 0.002 0.003 0.002 0.003 0.003 0.008 0.003 0.006 0.009 0.010 0.005 0.004 0.006 0.006 0.009 0.002 0.002 0.002 0.002 0.003 0.005 0.005 0.005 0.005 0.002 0.025 0.014 0.002 0.018 0.007 0.005 0.002 0.021 0.003 0.009 0.003 0.005 0.007 
>UPI0001E99247 [482...527]
Normalized_weight: 0.006
-     -     -     -     -     -     L     A     E     A     K     K     V     A     H     E     E     F     T     K     A     G     I     T     G     K     I     F     H     D     A     I     D     A     A     K     T     V     E     -     -     -     -     G     L     K     A     Y     V     A     E     T     L     A     A     H     -     
0.005 0.004 0.006 0.006 0.005 0.005 0.003 0.003 0.002 0.002 0.003 0.008 0.023 0.003 0.014 0.003 0.001 0.014 0.013 0.002 0.003 0.002 0.003 0.003 0.008 0.007 0.006 0.009 0.010 0.004 0.004 0.006 0.006 0.009 0.002 0.002 0.002 0.002 0.003 0.005 0.005 0.005 0.005 0.002 0.025 0.005 0.002 0.018 0.007 0.005 0.002 0.021 0.003 0.009 0.003 0.005 0.007 
>UPI0001F0F8F1 [520...565]
Normalized_weight: 0.006
-     -     -     -     -     -     L     A     E     A     K     K     V     A     H     E     E     F     T     K     A     G     I     T     G     K     I     F     H     D     A     I     D     A     A     K     T     V     E     -     -     -     -     G     L     Q     A     Y     V     A     E     T     L     A     A     H     -     
0.005 0.004 0.006 0.006 0.005 0.005 0.003 0.003 0.002 0.002 0.003 0.008 0.023 0.003 0.014 0.003 0.001 0.014 0.013 0.002 0.003 0.002 0.003 0.003 0.008 0.007 0.006 0.009 0.010 0.004 0.004 0.006 0.006 0.009 0.002 0.002 0.002 0.002 0.003 0.005 0.005 0.005 0.005 0.002 0.025 0.014 0.002 0.018 0.007 0.005 0.002 0.021 0.003 0.009 0.003 0.005 0.007 
>UPI0001FD9C84 [443...493]
Normalized_weight: 0.011
-     P     A     A     D     V     L     A     E     A     K     N     V     A     H     A     E     F     T     K     A     G     I     T     G     K     I     F     H     D     A     I     D     A     A     K     T     V     E     -     -     -     -     G     L     Q     A     Y     V     A     E     T     L     K     A     H     -     
0.005 0.028 0.056 0.005 0.028 0.071 0.003 0.003 0.002 0.002 0.003 0.100 0.023 0.003 0.014 0.008 0.001 0.014 0.013 0.002 0.003 0.002 0.003 0.003 0.008 0.007 0.006 0.009 0.010 0.004 0.004 0.006 0.006 0.009 0.002 0.002 0.002 0.002 0.003 0.005 0.005 0.005 0.005 0.002 0.025 0.014 0.002 0.018 0.007 0.005 0.002 0.021 0.003 0.004 0.003 0.005 0.007 
>E1NUT2 [338...389]
Normalized_weight: 0.008
T     P     A     V     D     A     L     A     E     A     K     K     A     A     H     E     E     F     T     K     A     G     I     T     G     K     I     F     H     D     A     I     D     A     A     K     T     V     E     -     -     -     -     G     L     Q     A     Y     V     A     E     T     L     K     A     H     -     
0.007 0.028 0.056 0.050 0.028 0.003 0.003 0.003 0.002 0.002 0.003 0.008 0.010 0.003 0.014 0.003 0.001 0.014 0.013 0.002 0.003 0.002 0.003 0.003 0.008 0.007 0.006 0.009 0.010 0.004 0.004 0.006 0.006 0.009 0.002 0.002 0.002 0.002 0.003 0.005 0.005 0.005 0.005 0.002 0.025 0.014 0.002 0.018 0.007 0.005 0.002 0.021 0.003 0.004 0.003 0.005 0.007 
>UPI0001E985C4 [495...546]
Normalized_weight: 0.008
T     P     A     V     D     A     L     A     E     A     K     K     A     A     H     E     E     F     T     K     A     G     I     T     G     K     I     F     H     D     A     I     D     A     A     K     T     V     E     -     -     -     -     G     L     Q     A     Y     V     A     E     T     L     K     A     H     -     
0.007 0.028 0.056 0.050 0.028 0.003 0.003 0.003 0.002 0.002 0.003 0.008 0.010 0.003 0.014 0.003 0.001 0.014 0.013 0.002 0.003 0.002 0.003 0.003 0.008 0.007 0.006 0.009 0.010 0.004 0.004 0.006 0.006 0.009 0.002 0.002 0.002 0.002 0.003 0.005 0.005 0.005 0.005 0.002 0.025 0.014 0.002 0.018 0.007 0.005 0.002 0.021 0.003 0.004 0.003 0.005 0.007 
>A0A2N6RWJ1 [183...220]
Normalized_weight: 0.009
-     -     -     -     -     -     -     -     -     -     -     -     -     -     H     E     E     F     T     K     A     G     I     T     G     K     I     F     H     D     A     I     D     A     A     K     T     V     E     -     -     -     -     G     L     Q     A     Y     V     A     E     T     L     K     A     H     -     
0.005 0.004 0.006 0.006 0.005 0.005 0.028 0.011 0.012 0.024 0.036 0.014 0.015 0.042 0.014 0.003 0.001 0.014 0.013 0.002 0.003 0.002 0.003 0.003 0.008 0.007 0.006 0.009 0.010 0.004 0.004 0.006 0.006 0.009 0.002 0.002 0.002 0.002 0.003 0.005 0.005 0.005 0.005 0.002 0.025 0.014 0.002 0.018 0.007 0.005 0.002 0.021 0.003 0.004 0.003 0.005 0.007 
>K9EPZ2 [37...87]
Normalized_weight: 0.015
-     A     E     A     E     A     L     E     T     A     K     A     E     A     I     E     E     L     T     A     D     G     V     T     S     D     L     W     F     E     L     I     N     K     A     N     T     I     E     -     -     -     -     G     V     G     S     L     K     N     D     I     L     N     A     R     -     
0.005 0.017 0.083 0.005 0.005 0.003 0.003 0.014 0.042 0.002 0.003 0.025 0.010 0.003 0.003 0.003 0.001 0.003 0.013 0.004 0.091 0.002 0.005 0.003 0.002 0.003 0.008 0.125 0.003 0.019 0.002 0.006 0.002 0.003 0.002 0.010 0.002 0.007 0.003 0.005 0.005 0.005 0.005 0.002 0.003 0.083 0.005 0.002 0.003 0.007 0.022 0.003 0.003 0.016 0.003 0.100 0.007 
>A0A2Z6G6Z6 [327...376]
Normalized_weight: 0.014
T     V     K     S     I     A     L     S     E     A     K     V     L     A     H     K     E     L     D     K     Y     G     A     -     S     S     Y     F     H     N     L     V     D     K     A     S     T     V     D     -     -     -     -     G     V     N     Q     I     V     K     D     V     V     E     S     -     -     
0.007 0.012 0.004 0.007 0.006 0.003 0.003 0.011 0.002 0.002 0.003 0.011 0.005 0.003 0.014 0.005 0.001 0.003 0.005 0.002 0.004 0.002 0.024 0.004 0.002 0.062 0.003 0.009 0.010 0.004 0.002 0.062 0.006 0.003 0.002 0.143 0.002 0.002 0.125 0.005 0.005 0.005 0.005 0.002 0.003 0.003 0.025 0.024 0.007 0.018 0.022 0.028 0.040 0.020 0.008 0.004 0.007 
>A0A346CL20 [208...256]
Normalized_weight: 0.026
-     -     -     E     E     A     F     A     A     Y     K     E     A     V     K     A     E     L     K     A     A     G     A     -     S     D     F     Y     T     K     K     I     D     S     A     N     T     V     D     -     -     -     -     G     V     K     T     L     R     E     M     I     L     D     S     I     A     
0.005 0.004 0.006 0.004 0.005 0.003 0.250 0.003 0.006 0.015 0.003 0.002 0.010 0.250 0.018 0.008 0.001 0.003 0.002 0.004 0.003 0.002 0.024 0.004 0.002 0.003 0.003 0.002 0.100 0.005 0.006 0.006 0.006 0.014 0.002 0.010 0.002 0.002 0.125 0.005 0.005 0.005 0.005 0.002 0.003 0.005 0.050 0.002 0.083 0.021 0.056 0.003 0.003 0.071 0.008 0.200 0.025 
>UPI0009E08B48 [47...96]
Normalized_weight: 0.011
T     V     K     A     I     E     L     A     E     A     K     A     M     A     L     K     E     F     D     K     Y     G     V     -     S     D     F     Y     K     K     M     I     E     K     A     G     T     V     E     -     -     -     -     G     V     K     Q     L     Q     S     E     V     V     E     A     -     -     
0.007 0.012 0.004 0.005 0.006 0.004 0.003 0.003 0.002 0.002 0.003 0.025 0.030 0.003 0.016 0.005 0.001 0.014 0.005 0.002 0.004 0.002 0.005 0.004 0.002 0.003 0.003 0.002 0.005 0.005 0.036 0.006 0.028 0.003 0.002 0.071 0.002 0.002 0.003 0.005 0.005 0.005 0.005 0.002 0.003 0.005 0.025 0.002 0.042 0.062 0.002 0.028 0.040 0.020 0.003 0.004 0.007 
>A0A0P6S320 [199...248]
Normalized_weight: 0.010
T     V     K     A     I     E     L     A     E     A     K     D     A     A     L     K     E     F     D     K     Y     G     V     -     S     D     F     Y     K     K     M     I     E     K     A     G     T     V     E     -     -     -     -     G     V     K     Q     L     Q     S     E     V     V     E     A     -     -     
0.007 0.012 0.004 0.005 0.006 0.004 0.003 0.003 0.002 0.002 0.003 0.020 0.010 0.003 0.016 0.005 0.001 0.014 0.005 0.002 0.004 0.002 0.005 0.004 0.002 0.003 0.003 0.002 0.005 0.005 0.036 0.006 0.028 0.003 0.002 0.071 0.002 0.002 0.003 0.005 0.005 0.005 0.005 0.002 0.003 0.005 0.025 0.002 0.042 0.062 0.002 0.028 0.040 0.020 0.003 0.004 0.007 
>I7WD78 [213...264]
Normalized_weight: 0.008
T     L     K     S     I     K     L     S     E     A     K     E     M     A     I     R     E     L     D     A     Q     G     V     -     S     D     F     Y     K     N     K     I     N     N     A     K     T     V     E     -     -     -     -     G     V     V     A     L     K     D     L     I     L     N     S     L     A     
0.007 0.056 0.004 0.007 0.006 0.010 0.003 0.011 0.002 0.002 0.003 0.002 0.030 0.003 0.003 0.006 0.001 0.003 0.005 0.004 0.045 0.002 0.005 0.004 0.002 0.003 0.003 0.002 0.005 0.004 0.006 0.006 0.002 0.007 0.002 0.002 0.002 0.002 0.003 0.005 0.005 0.005 0.005 0.002 0.003 0.042 0.002 0.002 0.003 0.004 0.019 0.003 0.003 0.016 0.008 0.050 0.025 
>Q53900 [193...244]
Normalized_weight: 0.008
T     L     K     S     I     K     L     S     E     A     K     E     M     A     I     R     E     L     D     A     Q     G     V     -     S     D     F     Y     K     N     K     I     N     N     A     K     T     V     E     -     -     -     -     G     V     V     A     L     K     D     L     I     L     N     S     L     A     
0.007 0.056 0.004 0.007 0.006 0.010 0.003 0.011 0.002 0.002 0.003 0.002 0.030 0.003 0.003 0.006 0.001 0.003 0.005 0.004 0.045 0.002 0.005 0.004 0.002 0.003 0.003 0.002 0.005 0.004 0.006 0.006 0.002 0.007 0.002 0.002 0.002 0.002 0.003 0.005 0.005 0.005 0.005 0.002 0.003 0.042 0.002 0.002 0.003 0.004 0.019 0.003 0.003 0.016 0.008 0.050 0.025 
>G5KGV3 [219...268]
Normalized_weight: 0.017
T     V     K     D     Y     A     L     E     D     A     K     S     L     A     K     S     A     L     K     S     E     G     A     -     S     D     F     Y     I     N     K     I     D     S     A     N     T     V     E     -     -     -     -     G     V     N     S     L     K     D     S     I     I     E     S     -     -     
0.007 0.012 0.004 0.050 0.083 0.003 0.003 0.014 0.083 0.002 0.003 0.100 0.005 0.003 0.018 0.100 0.037 0.003 0.002 0.091 0.045 0.002 0.024 0.004 0.002 0.003 0.003 0.002 0.005 0.004 0.006 0.006 0.006 0.014 0.002 0.010 0.002 0.002 0.003 0.005 0.005 0.005 0.005 0.002 0.003 0.003 0.005 0.002 0.003 0.004 0.111 0.003 0.013 0.020 0.008 0.004 0.007 
>A0A2W5AJE8 [213...264]
Normalized_weight: 0.012
T     P     D     D     F     K     L     E     F     A     K     D     D     A     K     K     A     L     K     A     A     G     V     -     S     D     Y     Y     I     K     K     I     D     G     A     K     T     V     E     -     -     -     -     G     V     K     S     L     K     D     F     I     L     N     S     L     A     
0.007 0.028 0.009 0.050 0.083 0.010 0.003 0.014 0.083 0.002 0.003 0.020 0.006 0.003 0.018 0.005 0.037 0.003 0.002 0.004 0.003 0.002 0.005 0.004 0.002 0.003 0.003 0.002 0.005 0.005 0.006 0.006 0.006 0.042 0.002 0.002 0.002 0.002 0.003 0.005 0.005 0.005 0.005 0.002 0.003 0.005 0.005 0.002 0.003 0.004 0.056 0.003 0.003 0.016 0.008 0.050 0.025 
>G5JZF8 [469...497]
Normalized_weight: 0.020
-     -     -     -     -     -     -     -     -     -     -     -     -     -     -     -     -     -     -     -     -     -     -     -     S     D     F     Y     I     N     K     I     D     G     A     N     T     V     E     -     -     -     -     G     V     K     A     L     K     D     A     I     L     A     A     L     A     
0.005 0.004 0.006 0.006 0.005 0.005 0.028 0.011 0.012 0.024 0.036 0.014 0.015 0.042 0.071 0.050 0.056 0.100 0.050 0.045 0.045 0.100 0.071 0.004 0.002 0.003 0.003 0.002 0.005 0.004 0.006 0.006 0.006 0.042 0.002 0.010 0.002 0.002 0.003 0.005 0.005 0.005 0.005 0.002 0.003 0.005 0.002 0.002 0.003 0.004 0.111 0.003 0.003 0.009 0.003 0.050 0.025 
>UPI00042883B2 [168...217]
Normalized_weight: 0.009
S     V     K     E     A     R     L     S     E     A     K     A     L     A     I     G     E     L     D     K     R     G     V     -     S     D     Y     Y     K     K     L     I     N     N     A     K     T     I     E     -     -     -     -     G     I     N     A     L     K     A     E     I     L     A     A     -     -     
0.083 0.012 0.004 0.004 0.021 0.071 0.003 0.011 0.002 0.002 0.003 0.025 0.005 0.003 0.003 0.050 0.001 0.003 0.005 0.002 0.030 0.002 0.005 0.004 0.002 0.003 0.003 0.002 0.005 0.005 0.002 0.006 0.002 0.007 0.002 0.002 0.002 0.007 0.003 0.005 0.005 0.005 0.005 0.002 0.025 0.003 0.002 0.002 0.003 0.005 0.002 0.003 0.003 0.009 0.003 0.004 0.007 
>UPI000824553D [173...222]
Normalized_weight: 0.009
T     V     K     S     I     E     L     A     E     A     K     V     L     A     N     R     E     L     D     K     Y     G     V     -     S     D     Y     H     K     N     L     I     N     N     A     K     T     V     E     -     -     -     -     G     V     K     D     L     Q     A     Q     V     V     E     S     -     -     
0.007 0.012 0.004 0.007 0.006 0.004 0.003 0.003 0.002 0.002 0.003 0.011 0.005 0.003 0.018 0.006 0.001 0.003 0.005 0.002 0.004 0.002 0.005 0.004 0.002 0.003 0.003 0.062 0.005 0.004 0.002 0.006 0.002 0.007 0.002 0.002 0.002 0.002 0.003 0.005 0.005 0.005 0.005 0.002 0.003 0.005 0.050 0.002 0.042 0.005 0.056 0.028 0.040 0.020 0.008 0.004 0.007 
>UPI0000113178 [14...63]
Normalized_weight: 0.008
A     V     D     A     N     S     L     A     E     A     K     V     L     A     N     R     E     L     D     K     Y     G     V     -     S     D     Y     Y     K     N     L     I     N     N     A     K     T     V     E     -     -     -     -     G     V     K     A     L     I     D     E     I     L     A     A     -     -     
0.125 0.012 0.009 0.005 0.042 0.024 0.003 0.003 0.002 0.002 0.003 0.011 0.005 0.003 0.018 0.006 0.001 0.003 0.005 0.002 0.004 0.002 0.005 0.004 0.002 0.003 0.003 0.002 0.005 0.004 0.002 0.006 0.002 0.007 0.002 0.002 0.002 0.002 0.003 0.005 0.005 0.005 0.005 0.002 0.003 0.005 0.002 0.002 0.024 0.004 0.002 0.003 0.003 0.009 0.003 0.004 0.007 
>Q53833 [409...458]
Normalized_weight: 0.005
T     V     K     S     I     E     L     A     E     A     K     V     L     A     N     R     E     L     D     K     Y     G     V     -     S     D     Y     Y     K     N     L     I     N     N     A     K     T     V     E     -     -     -     -     G     V     K     A     L     I     D     E     I     L     A     A     -     -     
0.007 0.012 0.004 0.007 0.006 0.004 0.003 0.003 0.002 0.002 0.003 0.011 0.005 0.003 0.018 0.006 0.001 0.003 0.005 0.002 0.004 0.002 0.005 0.004 0.002 0.003 0.003 0.002 0.005 0.004 0.002 0.006 0.002 0.007 0.002 0.002 0.002 0.002 0.003 0.005 0.005 0.005 0.005 0.002 0.003 0.005 0.002 0.002 0.024 0.004 0.002 0.003 0.003 0.009 0.003 0.004 0.007 
>A0A380ETU6 [240...289]
Normalized_weight: 0.005
T     V     K     S     I     E     L     A     E     A     K     V     L     A     N     R     E     L     D     K     Y     G     V     -     S     D     Y     Y     K     N     L     I     N     N     A     K     T     V     E     -     -     -     -     G     V     K     A     L     I     D     E     I     L     A     A     -     -     
0.007 0.012 0.004 0.007 0.006 0.004 0.003 0.003 0.002 0.002 0.003 0.011 0.005 0.003 0.018 0.006 0.001 0.003 0.005 0.002 0.004 0.002 0.005 0.004 0.002 0.003 0.003 0.002 0.005 0.004 0.002 0.006 0.002 0.007 0.002 0.002 0.002 0.002 0.003 0.005 0.005 0.005 0.005 0.002 0.003 0.005 0.002 0.002 0.024 0.004 0.002 0.003 0.003 0.009 0.003 0.004 0.007 
>K4Q980 [248...297]
Normalized_weight: 0.005
T     V     K     S     I     E     L     A     E     A     K     V     L     A     N     R     E     L     D     K     Y     G     V     -     S     D     Y     Y     K     N     L     I     N     N     A     K     T     V     E     -     -     -     -     G     V     K     A     L     I     D     E     I     L     A     A     -     -     
0.007 0.012 0.004 0.007 0.006 0.004 0.003 0.003 0.002 0.002 0.003 0.011 0.005 0.003 0.018 0.006 0.001 0.003 0.005 0.002 0.004 0.002 0.005 0.004 0.002 0.003 0.003 0.002 0.005 0.004 0.002 0.006 0.002 0.007 0.002 0.002 0.002 0.002 0.003 0.005 0.005 0.005 0.005 0.002 0.003 0.005 0.002 0.002 0.024 0.004 0.002 0.003 0.003 0.009 0.003 0.004 0.007 
>UPI000E04CD7C [226...275]
Normalized_weight: 0.005
T     V     K     S     I     E     L     A     E     A     K     V     L     A     N     R     E     L     D     K     Y     G     V     -     S     D     Y     Y     K     N     L     I     N     N     A     K     T     V     E     -     -     -     -     G     V     K     A     L     I     D     E     I     L     A     A     -     -     
0.007 0.012 0.004 0.007 0.006 0.004 0.003 0.003 0.002 0.002 0.003 0.011 0.005 0.003 0.018 0.006 0.001 0.003 0.005 0.002 0.004 0.002 0.005 0.004 0.002 0.003 0.003 0.002 0.005 0.004 0.002 0.006 0.002 0.007 0.002 0.002 0.002 0.002 0.003 0.005 0.005 0.005 0.005 0.002 0.003 0.005 0.002 0.002 0.024 0.004 0.002 0.003 0.003 0.009 0.003 0.004 0.007 
>P19909 [248...297]
Normalized_weight: 0.005
T     V     K     S     I     E     L     A     E     A     K     V     L     A     N     R     E     L     D     K     Y     G     V     -     S     D     Y     Y     K     N     L     I     N     N     A     K     T     V     E     -     -     -     -     G     V     K     A     L     I     D     E     I     L     A     A     -     -     
0.007 0.012 0.004 0.007 0.006 0.004 0.003 0.003 0.002 0.002 0.003 0.011 0.005 0.003 0.018 0.006 0.001 0.003 0.005 0.002 0.004 0.002 0.005 0.004 0.002 0.003 0.003 0.002 0.005 0.004 0.002 0.006 0.002 0.007 0.002 0.002 0.002 0.002 0.003 0.005 0.005 0.005 0.005 0.002 0.003 0.005 0.002 0.002 0.024 0.004 0.002 0.003 0.003 0.009 0.003 0.004 0.007 
>P06654 [173...222]
Normalized_weight: 0.007
T     V     K     S     I     E     L     A     E     A     K     V     L     A     N     R     E     L     D     K     Y     G     V     -     S     D     Y     H     K     N     L     I     N     N     A     K     T     V     E     -     -     -     -     G     V     K     E     L     I     D     E     I     L     A     A     -     -     
0.007 0.012 0.004 0.007 0.006 0.004 0.003 0.003 0.002 0.002 0.003 0.011 0.005 0.003 0.018 0.006 0.001 0.003 0.005 0.002 0.004 0.002 0.005 0.004 0.002 0.003 0.003 0.062 0.005 0.004 0.002 0.006 0.002 0.007 0.002 0.002 0.002 0.002 0.003 0.005 0.005 0.005 0.005 0.002 0.003 0.005 0.100 0.002 0.024 0.004 0.002 0.003 0.003 0.009 0.003 0.004 0.007 
>F9P4J6 [134...183]
Normalized_weight: 0.007
T     I     K     S     L     E     L     S     E     A     K     T     L     A     L     R     E     F     D     K     Y     G     V     -     S     D     Y     Y     K     K     L     V     N     S     A     K     T     V     E     -     -     -     -     G     V     A     A     L     K     D     L     I     L     N     S     -     -     
0.007 0.008 0.004 0.007 0.017 0.004 0.003 0.011 0.002 0.002 0.003 0.020 0.005 0.003 0.016 0.006 0.001 0.014 0.005 0.002 0.004 0.002 0.005 0.004 0.002 0.003 0.003 0.002 0.005 0.005 0.002 0.062 0.002 0.014 0.002 0.002 0.002 0.002 0.003 0.005 0.005 0.005 0.005 0.002 0.003 0.021 0.002 0.002 0.003 0.004 0.019 0.003 0.003 0.016 0.008 0.004 0.007 
>UPI00039085E5 [258...307]
Normalized_weight: 0.007
T     I     K     S     L     E     L     S     E     A     K     T     L     A     L     R     E     F     D     K     Y     G     V     -     S     D     Y     Y     K     K     L     V     N     S     A     K     T     V     E     -     -     -     -     G     V     A     A     L     K     D     L     I     L     N     S     -     -     
0.007 0.008 0.004 0.007 0.017 0.004 0.003 0.011 0.002 0.002 0.003 0.020 0.005 0.003 0.016 0.006 0.001 0.014 0.005 0.002 0.004 0.002 0.005 0.004 0.002 0.003 0.003 0.002 0.005 0.005 0.002 0.062 0.002 0.014 0.002 0.002 0.002 0.002 0.003 0.005 0.005 0.005 0.005 0.002 0.003 0.021 0.002 0.002 0.003 0.004 0.019 0.003 0.003 0.016 0.008 0.004 0.007 
>UPI0003909896 [183...232]
Normalized_weight: 0.007
T     I     K     S     L     E     L     S     E     A     K     T     L     A     L     R     E     F     D     K     Y     G     V     -     S     D     Y     Y     K     K     L     V     N     S     A     K     T     V     E     -     -     -     -     G     V     A     A     L     K     D     L     I     L     N     S     -     -     
0.007 0.008 0.004 0.007 0.017 0.004 0.003 0.011 0.002 0.002 0.003 0.020 0.005 0.003 0.016 0.006 0.001 0.014 0.005 0.002 0.004 0.002 0.005 0.004 0.002 0.003 0.003 0.002 0.005 0.005 0.002 0.062 0.002 0.014 0.002 0.002 0.002 0.002 0.003 0.005 0.005 0.005 0.005 0.002 0.003 0.021 0.002 0.002 0.003 0.004 0.019 0.003 0.003 0.016 0.008 0.004 0.007 
>UPI0003906C90 [183...232]
Normalized_weight: 0.007
T     I     K     S     L     E     L     S     E     A     K     T     L     A     L     R     E     F     D     K     Y     G     V     -     S     D     Y     Y     K     K     L     V     N     S     A     K     T     V     E     -     -     -     -     G     V     A     A     L     K     D     L     I     L     N     S     -     -     
0.007 0.008 0.004 0.007 0.017 0.004 0.003 0.011 0.002 0.002 0.003 0.020 0.005 0.003 0.016 0.006 0.001 0.014 0.005 0.002 0.004 0.002 0.005 0.004 0.002 0.003 0.003 0.002 0.005 0.005 0.002 0.062 0.002 0.014 0.002 0.002 0.002 0.002 0.003 0.005 0.005 0.005 0.005 0.002 0.003 0.021 0.002 0.002 0.003 0.004 0.019 0.003 0.003 0.016 0.008 0.004 0.007 
>I0SHA6 [183...232]
Normalized_weight: 0.011
T     I     K     S     L     E     L     S     E     A     K     T     L     A     L     R     E     F     D     K     Y     G     V     -     S     D     Y     Y     K     K     L     V     N     S     A     K     T     V     A     -     -     -     -     G     V     K     K     L     Q     A     Q     V     V     E     S     -     -     
0.007 0.008 0.004 0.007 0.017 0.004 0.003 0.011 0.002 0.002 0.003 0.020 0.005 0.003 0.016 0.006 0.001 0.014 0.005 0.002 0.004 0.002 0.005 0.004 0.002 0.003 0.003 0.002 0.005 0.005 0.002 0.062 0.002 0.014 0.002 0.002 0.002 0.002 0.083 0.005 0.005 0.005 0.005 0.002 0.003 0.005 0.025 0.002 0.042 0.005 0.056 0.028 0.040 0.020 0.008 0.004 0.007 
>B0S4H6 [175...224]
Normalized_weight: 0.008
-     -     K     Q     E     E     L     K     K     A     K     E     Q     A     I     A     E     L     K     A     N     G     I     T     S     K     F     F     V     D     R     I     N     A     G     K     T     V     E     -     -     -     -     G     V     K     A     L     K     E     E     L     I     K     S     H     -     
0.005 0.004 0.004 0.020 0.005 0.004 0.003 0.004 0.010 0.002 0.003 0.002 0.023 0.003 0.003 0.008 0.001 0.003 0.002 0.004 0.006 0.002 0.003 0.003 0.002 0.007 0.003 0.009 0.020 0.004 0.071 0.006 0.002 0.009 0.067 0.002 0.002 0.002 0.003 0.005 0.005 0.005 0.005 0.002 0.003 0.005 0.002 0.002 0.003 0.021 0.002 0.010 0.013 0.004 0.008 0.005 0.007 
>UPI00038011B8 [144...188]
Normalized_weight: 0.009
-     -     -     -     -     Q     L     E     K     A     K     E     A     A     L     K     E     L     D     E     A     G     A     -     S     D     F     F     K     N     L     I     S     K     A     N     T     V     E     -     -     -     -     G     V     E     S     L     K     A     D     V     L     A     A     -     -     
0.005 0.004 0.006 0.006 0.005 0.071 0.003 0.014 0.010 0.002 0.003 0.002 0.010 0.003 0.016 0.005 0.001 0.003 0.005 0.009 0.003 0.002 0.024 0.004 0.002 0.003 0.003 0.009 0.005 0.004 0.002 0.006 0.111 0.003 0.002 0.010 0.002 0.002 0.003 0.005 0.005 0.005 0.005 0.002 0.003 0.005 0.005 0.002 0.003 0.005 0.022 0.028 0.003 0.009 0.003 0.004 0.007 
>A0A133YMC1 [121...171]
Normalized_weight: 0.014
-     L     S     E     K     S     L     K     E     A     K     E     K     A     K     E     E     L     R     K     E     G     I     T     S     K     L     F     L     D     K     I     D     L     A     K     T     K     E     -     -     -     -     G     V     D     A     L     K     A     E     I     I     K     S     H     -     
0.005 0.056 0.167 0.004 0.006 0.024 0.003 0.004 0.002 0.002 0.003 0.002 0.005 0.003 0.018 0.003 0.001 0.003 0.100 0.002 0.045 0.002 0.003 0.003 0.002 0.007 0.008 0.009 0.025 0.004 0.006 0.006 0.006 0.125 0.002 0.002 0.002 0.042 0.003 0.005 0.005 0.005 0.005 0.002 0.003 0.006 0.002 0.002 0.003 0.005 0.002 0.003 0.013 0.004 0.008 0.005 0.007 
>UPI00017EE951 [8...50]
Normalized_weight: 0.013
-     -     -     -     -     N     L     K     Q     A     K     E     E     A     I     K     E     L     V     D     A     G     I     -     A     E     K     Y     I     K     L     I     A     N     A     K     T     V     E     -     -     -     -     G     V     W     T     L     K     D     E     I     L     -     -     -     -     
0.005 0.004 0.006 0.006 0.005 0.018 0.003 0.004 0.028 0.002 0.003 0.002 0.010 0.003 0.003 0.005 0.001 0.003 0.100 0.023 0.003 0.002 0.003 0.004 0.125 0.009 0.008 0.002 0.005 0.005 0.002 0.006 0.111 0.007 0.002 0.002 0.002 0.002 0.003 0.005 0.005 0.005 0.005 0.002 0.003 0.083 0.050 0.002 0.003 0.004 0.002 0.003 0.003 0.009 0.008 0.004 0.007 
>A0A0J9X1W7 [9...53]
Normalized_weight: 0.015
-     -     -     -     -     -     L     A     E     A     K     E     K     A     I     K     D     L     K     I     Y     G     I     -     G     E     H     Y     I     K     L     I     E     K     A     K     Q     V     A     -     -     -     -     A     V     E     D     L     K     D     E     I     L     K     A     H     -     
0.005 0.004 0.006 0.006 0.005 0.005 0.003 0.003 0.002 0.002 0.003 0.002 0.005 0.003 0.003 0.005 0.022 0.003 0.002 0.091 0.004 0.002 0.003 0.004 0.008 0.009 0.083 0.002 0.005 0.005 0.002 0.006 0.028 0.003 0.002 0.002 0.167 0.002 0.083 0.005 0.005 0.005 0.005 0.125 0.003 0.005 0.050 0.002 0.003 0.004 0.002 0.003 0.003 0.004 0.003 0.005 0.007 
>A0A380JVQ2 [225...260]
Normalized_weight: 0.010
-     -     -     -     -     -     -     -     -     -     -     -     -     -     I     E     T     L     K     K     Y     G     I     -     G     D     Y     Y     I     K     L     I     N     N     G     K     T     A     E     -     -     -     -     G     V     T     A     L     K     D     E     I     L     A     S     -     -     
0.005 0.004 0.006 0.006 0.005 0.005 0.028 0.011 0.012 0.024 0.036 0.014 0.015 0.042 0.003 0.003 0.056 0.003 0.002 0.002 0.004 0.002 0.003 0.004 0.008 0.003 0.003 0.002 0.005 0.005 0.002 0.006 0.002 0.007 0.067 0.002 0.002 0.062 0.003 0.005 0.005 0.005 0.005 0.002 0.003 0.028 0.002 0.002 0.003 0.004 0.002 0.003 0.003 0.009 0.008 0.004 0.007 
>Q53974 [205...242]
Normalized_weight: 0.010
-     -     -     -     -     -     -     -     -     -     -     -     D     A     I     E     I     L     K     K     Y     G     I     -     G     D     Y     Y     I     K     L     I     N     N     G     K     T     A     E     -     -     -     -     G     V     T     A     L     K     D     E     I     L     A     S     -     -     
0.005 0.004 0.006 0.006 0.005 0.005 0.028 0.011 0.012 0.024 0.036 0.014 0.006 0.003 0.003 0.003 0.111 0.003 0.002 0.002 0.004 0.002 0.003 0.004 0.008 0.003 0.003 0.002 0.005 0.005 0.002 0.006 0.002 0.007 0.067 0.002 0.002 0.062 0.003 0.005 0.005 0.005 0.005 0.002 0.003 0.028 0.002 0.002 0.003 0.004 0.002 0.003 0.003 0.009 0.008 0.004 0.007 
>UPI0000E8DA2F [3...52]
Normalized_weight: 0.008
A     V     D     A     N     S     L     A     Q     A     K     E     A     A     I     K     E     L     K     Q     Y     G     I     -     G     D     Y     Y     I     K     L     I     N     N     A     K     T     V     E     -     -     -     -     G     V     E     S     L     K     N     E     I     L     K     A     -     -     
0.125 0.012 0.009 0.005 0.042 0.024 0.003 0.003 0.028 0.002 0.003 0.002 0.010 0.003 0.003 0.005 0.001 0.003 0.002 0.023 0.004 0.002 0.003 0.004 0.008 0.003 0.003 0.002 0.005 0.005 0.002 0.006 0.002 0.007 0.002 0.002 0.002 0.002 0.003 0.005 0.005 0.005 0.005 0.002 0.003 0.005 0.005 0.002 0.003 0.007 0.002 0.003 0.003 0.004 0.003 0.004 0.007 
>A0A233VXN7 [361...412]
Normalized_weight: 0.006
S     A     K     E     K     A     L     K     E     A     K     E     K     A     I     E     E     L     K     K     N     G     I     T     S     E     K     Y     I     D     Q     I     N     E     A     K     T     V     E     -     -     -     -     G     V     N     A     L     K     D     E     I     I     K     A     H     -     
0.083 0.017 0.004 0.004 0.006 0.003 0.003 0.004 0.002 0.002 0.003 0.002 0.005 0.003 0.003 0.003 0.001 0.003 0.002 0.002 0.006 0.002 0.003 0.003 0.002 0.009 0.008 0.002 0.005 0.004 0.005 0.006 0.002 0.062 0.002 0.002 0.002 0.002 0.003 0.005 0.005 0.005 0.005 0.002 0.003 0.003 0.002 0.002 0.003 0.004 0.002 0.003 0.013 0.004 0.003 0.005 0.007 
>A0A233VIG3 [352...403]
Normalized_weight: 0.006
S     A     K     E     K     A     L     K     E     A     K     E     K     A     I     E     E     L     K     E     N     G     I     T     S     P     V     Y     I     D     Q     I     N     K     A     K     T     V     E     -     -     -     -     G     V     N     A     L     K     D     E     I     I     K     A     H     -     
0.083 0.017 0.004 0.004 0.006 0.003 0.003 0.004 0.002 0.002 0.003 0.002 0.005 0.003 0.003 0.003 0.001 0.003 0.002 0.009 0.006 0.002 0.003 0.003 0.002 0.021 0.028 0.002 0.005 0.004 0.005 0.006 0.002 0.003 0.002 0.002 0.002 0.002 0.003 0.005 0.005 0.005 0.005 0.002 0.003 0.003 0.002 0.002 0.003 0.004 0.002 0.003 0.013 0.004 0.003 0.005 0.007 
>A0A233VMP1 [424...474]
Normalized_weight: 0.005
-     A     K     E     K     A     L     K     E     A     K     E     K     A     I     E     E     L     K     N     N     G     I     T     S     P     V     Y     I     D     Q     I     N     K     A     K     T     I     E     -     -     -     -     G     V     N     A     L     K     D     E     I     I     K     A     H     -     
0.005 0.017 0.004 0.004 0.006 0.003 0.003 0.004 0.002 0.002 0.003 0.002 0.005 0.003 0.003 0.003 0.001 0.003 0.002 0.015 0.006 0.002 0.003 0.003 0.002 0.021 0.028 0.002 0.005 0.004 0.005 0.006 0.002 0.003 0.002 0.002 0.002 0.007 0.003 0.005 0.005 0.005 0.005 0.002 0.003 0.003 0.002 0.002 0.003 0.004 0.002 0.003 0.013 0.004 0.003 0.005 0.007 
>A0A233W6U0 [380...430]
Normalized_weight: 0.005
-     A     K     E     K     A     L     K     E     A     K     E     K     A     V     E     E     L     K     N     N     G     I     T     S     P     V     Y     I     D     Q     I     N     K     A     K     T     V     E     -     -     -     -     G     V     N     A     L     K     D     E     I     I     K     A     H     -     
0.005 0.017 0.004 0.004 0.006 0.003 0.003 0.004 0.002 0.002 0.003 0.002 0.005 0.003 0.024 0.003 0.001 0.003 0.002 0.015 0.006 0.002 0.003 0.003 0.002 0.021 0.028 0.002 0.005 0.004 0.005 0.006 0.002 0.003 0.002 0.002 0.002 0.002 0.003 0.005 0.005 0.005 0.005 0.002 0.003 0.003 0.002 0.002 0.003 0.004 0.002 0.003 0.013 0.004 0.003 0.005 0.007 
>D9PRS5 [394...444]
Normalized_weight: 0.005
-     A     K     E     K     A     L     K     E     A     K     E     K     A     I     E     E     L     K     N     N     G     I     T     S     E     K     Y     I     E     Q     I     N     K     A     K     T     V     E     -     -     -     -     G     V     N     A     L     K     D     E     I     I     K     S     H     -     
0.005 0.017 0.004 0.004 0.006 0.003 0.003 0.004 0.002 0.002 0.003 0.002 0.005 0.003 0.003 0.003 0.001 0.003 0.002 0.015 0.006 0.002 0.003 0.003 0.002 0.009 0.008 0.002 0.005 0.019 0.005 0.006 0.002 0.003 0.002 0.002 0.002 0.002 0.003 0.005 0.005 0.005 0.005 0.002 0.003 0.003 0.002 0.002 0.003 0.004 0.002 0.003 0.013 0.004 0.008 0.005 0.007 
>D6S921 [377...427]
Normalized_weight: 0.004
-     A     K     E     K     A     L     K     E     A     K     E     K     A     V     E     E     L     K     E     N     G     I     T     S     E     K     Y     I     D     Q     I     N     K     A     K     T     V     E     -     -     -     -     G     V     N     A     L     K     D     E     I     I     K     A     H     -     
0.005 0.017 0.004 0.004 0.006 0.003 0.003 0.004 0.002 0.002 0.003 0.002 0.005 0.003 0.024 0.003 0.001 0.003 0.002 0.009 0.006 0.002 0.003 0.003 0.002 0.009 0.008 0.002 0.005 0.004 0.005 0.006 0.002 0.003 0.002 0.002 0.002 0.002 0.003 0.005 0.005 0.005 0.005 0.002 0.003 0.003 0.002 0.002 0.003 0.004 0.002 0.003 0.013 0.004 0.003 0.005 0.007 
>A0A133MZ12 [399...449]
Normalized_weight: 0.005
-     A     K     E     K     A     L     K     E     A     K     E     K     A     V     E     E     L     K     N     N     G     I     T     S     E     K     Y     I     E     Q     I     N     K     A     K     T     V     E     -     -     -     -     G     V     N     A     L     K     D     E     I     I     K     A     H     -     
0.005 0.017 0.004 0.004 0.006 0.003 0.003 0.004 0.002 0.002 0.003 0.002 0.005 0.003 0.024 0.003 0.001 0.003 0.002 0.015 0.006 0.002 0.003 0.003 0.002 0.009 0.008 0.002 0.005 0.019 0.005 0.006 0.002 0.003 0.002 0.002 0.002 0.002 0.003 0.005 0.005 0.005 0.005 0.002 0.003 0.003 0.002 0.002 0.003 0.004 0.002 0.003 0.013 0.004 0.003 0.005 0.007 
>B0S3H9 [384...434]
Normalized_weight: 0.005
-     A     K     E     K     A     L     K     E     A     K     E     K     A     V     E     E     L     K     N     N     G     I     T     S     E     K     Y     I     E     Q     I     N     K     A     K     T     V     E     -     -     -     -     G     V     N     A     L     K     D     E     I     I     K     A     H     -     
0.005 0.017 0.004 0.004 0.006 0.003 0.003 0.004 0.002 0.002 0.003 0.002 0.005 0.003 0.024 0.003 0.001 0.003 0.002 0.015 0.006 0.002 0.003 0.003 0.002 0.009 0.008 0.002 0.005 0.019 0.005 0.006 0.002 0.003 0.002 0.002 0.002 0.002 0.003 0.005 0.005 0.005 0.005 0.002 0.003 0.003 0.002 0.002 0.003 0.004 0.002 0.003 0.013 0.004 0.003 0.005 0.007 
>E1KY24 [364...414]
Normalized_weight: 0.005
-     A     K     E     K     A     L     K     E     A     K     E     K     A     V     E     E     L     K     N     N     G     I     T     S     E     K     Y     I     D     Q     I     N     K     A     K     T     V     E     -     -     -     -     G     V     N     A     L     K     D     E     I     I     K     A     H     -     
0.005 0.017 0.004 0.004 0.006 0.003 0.003 0.004 0.002 0.002 0.003 0.002 0.005 0.003 0.024 0.003 0.001 0.003 0.002 0.015 0.006 0.002 0.003 0.003 0.002 0.009 0.008 0.002 0.005 0.004 0.005 0.006 0.002 0.003 0.002 0.002 0.002 0.002 0.003 0.005 0.005 0.005 0.005 0.002 0.003 0.003 0.002 0.002 0.003 0.004 0.002 0.003 0.013 0.004 0.003 0.005 0.007 
>A0A2X3S9V4 [168...214]
Normalized_weight: 0.007
-     -     -     A     E     A     L     L     K     A     K     E     A     A     I     N     E     L     K     Q     Y     G     I     -     S     D     Y     Y     V     T     L     I     N     K     A     K     T     V     E     -     -     -     -     G     V     N     A     L     K     A     E     I     L     S     A     -     -     
0.005 0.004 0.006 0.005 0.005 0.003 0.003 0.100 0.010 0.002 0.003 0.002 0.010 0.003 0.003 0.025 0.001 0.003 0.002 0.023 0.004 0.002 0.003 0.004 0.002 0.003 0.003 0.002 0.020 0.037 0.002 0.006 0.002 0.003 0.002 0.002 0.002 0.002 0.003 0.005 0.005 0.005 0.005 0.002 0.003 0.003 0.002 0.002 0.003 0.005 0.002 0.003 0.003 0.036 0.003 0.004 0.007 
>A0A0D1A4I0 [3...44]
Normalized_weight: 0.006
-     -     -     -     -     -     -     -     K     A     K     E     A     A     I     N     E     L     K     Q     Y     G     I     -     S     D     Y     Y     V     T     L     I     N     K     A     K     T     V     E     -     -     -     -     G     V     N     A     L     K     A     E     I     L     S     A     -     -     
0.005 0.004 0.006 0.006 0.005 0.005 0.028 0.011 0.010 0.002 0.003 0.002 0.010 0.003 0.003 0.025 0.001 0.003 0.002 0.023 0.004 0.002 0.003 0.004 0.002 0.003 0.003 0.002 0.020 0.037 0.002 0.006 0.002 0.003 0.002 0.002 0.002 0.002 0.003 0.005 0.005 0.005 0.005 0.002 0.003 0.003 0.002 0.002 0.003 0.005 0.002 0.003 0.003 0.036 0.003 0.004 0.007 
>A0A0D1AL80 [175...210]
Normalized_weight: 0.008
-     -     -     -     -     -     -     -     -     -     -     -     -     -     I     N     E     L     K     Q     Y     G     I     -     S     D     Y     Y     V     T     L     I     N     K     A     K     T     V     E     -     -     -     -     G     V     N     A     L     K     A     E     I     L     S     A     -     -     
0.005 0.004 0.006 0.006 0.005 0.005 0.028 0.011 0.012 0.024 0.036 0.014 0.015 0.042 0.003 0.025 0.001 0.003 0.002 0.023 0.004 0.002 0.003 0.004 0.002 0.003 0.003 0.002 0.020 0.037 0.002 0.006 0.002 0.003 0.002 0.002 0.002 0.002 0.003 0.005 0.005 0.005 0.005 0.002 0.003 0.003 0.002 0.002 0.003 0.005 0.002 0.003 0.003 0.036 0.003 0.004 0.007 
>UPI0006AB76D3 [2...52]
Normalized_weight: 0.003
T     I     D     E     W     L     L     K     E     A     K     E     K     A     I     E     E     L     K     K     A     G     I     T     S     D     Y     Y     F     D     L     I     N     K     A     K     T     V     E     -     -     -     -     G     V     N     A     L     K     D     E     I     L     K     A     -     -     
0.007 0.008 0.009 0.004 0.006 0.006 0.003 0.004 0.002 0.002 0.003 0.002 0.005 0.003 0.003 0.003 0.001 0.003 0.002 0.002 0.003 0.002 0.003 0.003 0.002 0.003 0.003 0.002 0.003 0.004 0.002 0.006 0.002 0.003 0.002 0.002 0.002 0.002 0.003 0.005 0.005 0.005 0.005 0.002 0.003 0.003 0.002 0.002 0.003 0.004 0.002 0.003 0.003 0.004 0.003 0.004 0.007 
>UPI00073E6CFA [278...330]
Normalized_weight: 0.005
T     I     D     E     W     N     L     A     N     A     K     K     E     A     I     E     E     L     K     A     A     G     I     T     G     Q     I     Y     F     D     Q     I     N     K     A     K     T     V     E     -     -     -     -     G     V     E     A     L     K     A     E     I     L     K     A     H     A     
0.007 0.008 0.009 0.004 0.006 0.018 0.003 0.003 0.007 0.002 0.003 0.008 0.010 0.003 0.003 0.003 0.001 0.003 0.002 0.004 0.003 0.002 0.003 0.003 0.008 0.025 0.006 0.002 0.003 0.004 0.005 0.006 0.002 0.003 0.002 0.002 0.002 0.002 0.003 0.005 0.005 0.005 0.005 0.002 0.003 0.005 0.002 0.002 0.003 0.005 0.002 0.003 0.003 0.004 0.003 0.005 0.025 
>A0A133LFF9 [297...349]
Normalized_weight: 0.005
T     I     D     E     W     N     L     A     N     A     K     K     E     A     I     E     E     L     K     A     A     G     I     T     G     Q     I     Y     F     D     Q     I     N     K     A     K     T     V     E     -     -     -     -     G     V     E     A     L     K     A     E     I     L     K     A     H     A     
0.007 0.008 0.009 0.004 0.006 0.018 0.003 0.003 0.007 0.002 0.003 0.008 0.010 0.003 0.003 0.003 0.001 0.003 0.002 0.004 0.003 0.002 0.003 0.003 0.008 0.025 0.006 0.002 0.003 0.004 0.005 0.006 0.002 0.003 0.002 0.002 0.002 0.002 0.003 0.005 0.005 0.005 0.005 0.002 0.003 0.005 0.002 0.002 0.003 0.005 0.002 0.003 0.003 0.004 0.003 0.005 0.025 
>C7HTJ5 [1...30]
Normalized_weight: 0.017
-     -     -     -     -     -     -     -     -     -     -     -     -     -     -     -     -     -     -     -     -     -     -     T     G     Q     I     Y     F     D     Q     I     N     K     A     K     T     I     E     -     -     -     -     G     V     E     A     L     K     N     E     I     L     K     A     H     A     
0.005 0.004 0.006 0.006 0.005 0.005 0.028 0.011 0.012 0.024 0.036 0.014 0.015 0.042 0.071 0.050 0.056 0.100 0.050 0.045 0.045 0.100 0.071 0.003 0.008 0.025 0.006 0.002 0.003 0.004 0.005 0.006 0.002 0.003 0.002 0.002 0.002 0.007 0.003 0.005 0.005 0.005 0.005 0.002 0.003 0.005 0.002 0.002 0.003 0.007 0.002 0.003 0.003 0.004 0.003 0.005 0.025 
>E1KY41 [511...563]
Normalized_weight: 0.005
T     I     D     E     W     L     L     K     N     A     K     E     D     A     I     K     E     L     K     E     A     G     I     K     S     Q     F     F     F     N     L     I     N     N     A     K     T     V     E     -     -     -     -     G     V     E     S     L     K     N     E     I     L     K     A     H     A     
0.007 0.008 0.009 0.004 0.006 0.006 0.003 0.004 0.007 0.002 0.003 0.002 0.006 0.003 0.003 0.005 0.001 0.003 0.002 0.009 0.003 0.002 0.003 0.042 0.002 0.025 0.003 0.009 0.003 0.004 0.002 0.006 0.002 0.007 0.002 0.002 0.002 0.002 0.003 0.005 0.005 0.005 0.005 0.002 0.003 0.005 0.005 0.002 0.003 0.007 0.002 0.003 0.003 0.004 0.003 0.005 0.025 
>A0A1E8RBT6 [295...347]
Normalized_weight: 0.006
T     I     D     E     W     L     L     I     N     A     K     K     D     A     I     E     E     L     K     A     A     G     I     T     S     D     F     Y     F     N     L     I     N     K     A     K     T     I     E     -     -     -     -     G     V     E     A     L     K     N     E     I     L     K     A     H     A     
0.007 0.008 0.009 0.004 0.006 0.006 0.003 0.100 0.007 0.002 0.003 0.008 0.006 0.003 0.003 0.003 0.001 0.003 0.002 0.004 0.003 0.002 0.003 0.003 0.002 0.003 0.003 0.002 0.003 0.004 0.002 0.006 0.002 0.003 0.002 0.002 0.002 0.007 0.003 0.005 0.005 0.005 0.005 0.002 0.003 0.005 0.002 0.002 0.003 0.007 0.002 0.003 0.003 0.004 0.003 0.005 0.025 
>A0A233W6R9 [185...237]
Normalized_weight: 0.004
T     I     D     E     W     L     L     K     E     A     K     K     D     A     I     A     E     L     K     K     A     G     I     T     S     D     L     Y     F     N     A     I     N     K     A     K     T     I     E     -     -     -     -     G     V     N     A     L     K     N     E     I     L     K     A     H     A     
0.007 0.008 0.009 0.004 0.006 0.006 0.003 0.004 0.002 0.002 0.003 0.008 0.006 0.003 0.003 0.008 0.001 0.003 0.002 0.002 0.003 0.002 0.003 0.003 0.002 0.003 0.008 0.002 0.003 0.004 0.004 0.006 0.002 0.003 0.002 0.002 0.002 0.007 0.003 0.005 0.005 0.005 0.005 0.002 0.003 0.003 0.002 0.002 0.003 0.007 0.002 0.003 0.003 0.004 0.003 0.005 0.025 
>A0A233VWB7 [68...120]
Normalized_weight: 0.004
T     I     D     E     W     L     L     K     E     A     K     K     D     A     I     A     E     L     K     K     A     G     I     T     S     D     L     Y     F     N     A     I     N     K     A     K     T     I     E     -     -     -     -     G     V     N     A     L     K     N     E     I     L     K     A     H     A     
0.007 0.008 0.009 0.004 0.006 0.006 0.003 0.004 0.002 0.002 0.003 0.008 0.006 0.003 0.003 0.008 0.001 0.003 0.002 0.002 0.003 0.002 0.003 0.003 0.002 0.003 0.008 0.002 0.003 0.004 0.004 0.006 0.002 0.003 0.002 0.002 0.002 0.007 0.003 0.005 0.005 0.005 0.005 0.002 0.003 0.003 0.002 0.002 0.003 0.007 0.002 0.003 0.003 0.004 0.003 0.005 0.025 
>UPI0001561835 [9...61]
Normalized_weight: 0.005
T     I     D     Q     W     L     L     K     N     A     K     E     D     A     I     A     E     L     K     K     A     G     I     T     S     D     F     Y     F     N     A     I     N     K     A     K     T     V     E     -     -     -     -     E     V     N     A     L     K     N     E     I     L     K     A     H     A     
0.007 0.008 0.009 0.020 0.006 0.006 0.003 0.004 0.007 0.002 0.003 0.002 0.006 0.003 0.003 0.008 0.001 0.003 0.002 0.002 0.003 0.002 0.003 0.003 0.002 0.003 0.003 0.002 0.003 0.004 0.004 0.006 0.002 0.003 0.002 0.002 0.002 0.002 0.003 0.005 0.005 0.005 0.005 0.016 0.003 0.003 0.002 0.002 0.003 0.007 0.002 0.003 0.003 0.004 0.003 0.005 0.025 
>Q51911 [213...265]
Normalized_weight: 0.005
T     I     D     Q     W     L     L     K     N     A     K     E     D     A     I     A     E     L     K     K     A     G     I     T     S     D     F     Y     F     N     A     I     N     K     A     K     T     V     E     -     -     -     -     E     V     N     A     L     K     N     E     I     L     K     A     H     A     
0.007 0.008 0.009 0.020 0.006 0.006 0.003 0.004 0.007 0.002 0.003 0.002 0.006 0.003 0.003 0.008 0.001 0.003 0.002 0.002 0.003 0.002 0.003 0.003 0.002 0.003 0.003 0.002 0.003 0.004 0.004 0.006 0.002 0.003 0.002 0.002 0.002 0.002 0.003 0.005 0.005 0.005 0.005 0.016 0.003 0.003 0.002 0.002 0.003 0.007 0.002 0.003 0.003 0.004 0.003 0.005 0.025 
>A0A317LSR7 [362...413]
Normalized_weight: 0.004
T     I     D     E     W     L     L     K     N     A     K     E     D     A     I     K     E     L     K     E     A     G     I     T     S     D     I     Y     F     D     A     I     N     K     A     K     T     V     E     -     -     -     -     G     V     E     A     L     K     N     E     I     L     K     A     H     -     
0.007 0.008 0.009 0.004 0.006 0.006 0.003 0.004 0.007 0.002 0.003 0.002 0.006 0.003 0.003 0.005 0.001 0.003 0.002 0.009 0.003 0.002 0.003 0.003 0.002 0.003 0.006 0.002 0.003 0.004 0.004 0.006 0.002 0.003 0.002 0.002 0.002 0.002 0.003 0.005 0.005 0.005 0.005 0.002 0.003 0.005 0.002 0.002 0.003 0.007 0.002 0.003 0.003 0.004 0.003 0.005 0.007 
>A0A233VI99 [995...1047]
Normalized_weight: 0.004
T     I     D     E     W     L     L     K     N     A     K     E     D     A     I     K     E     L     K     E     A     G     I     T     S     D     I     Y     F     D     A     I     N     K     A     K     T     V     E     -     -     -     -     G     V     E     A     L     K     N     E     I     L     K     A     H     A     
0.007 0.008 0.009 0.004 0.006 0.006 0.003 0.004 0.007 0.002 0.003 0.002 0.006 0.003 0.003 0.005 0.001 0.003 0.002 0.009 0.003 0.002 0.003 0.003 0.002 0.003 0.006 0.002 0.003 0.004 0.004 0.006 0.002 0.003 0.002 0.002 0.002 0.002 0.003 0.005 0.005 0.005 0.005 0.002 0.003 0.005 0.002 0.002 0.003 0.007 0.002 0.003 0.003 0.004 0.003 0.005 0.025 
>Q51918 [548...600]
Normalized_weight: 0.005
T     I     D     E     W     L     L     K     N     A     K     E     E     A     I     K     E     L     K     E     A     G     I     T     S     D     L     Y     F     S     L     I     N     K     A     K     T     V     E     -     -     -     -     G     V     E     A     L     K     N     E     I     L     K     A     H     A     
0.007 0.008 0.009 0.004 0.006 0.006 0.003 0.004 0.007 0.002 0.003 0.002 0.010 0.003 0.003 0.005 0.001 0.003 0.002 0.009 0.003 0.002 0.003 0.003 0.002 0.003 0.008 0.002 0.003 0.056 0.002 0.006 0.002 0.003 0.002 0.002 0.002 0.002 0.003 0.005 0.005 0.005 0.005 0.002 0.003 0.005 0.002 0.002 0.003 0.007 0.002 0.003 0.003 0.004 0.003 0.005 0.025 
>UPI000B91CFC3 [350...402]
Normalized_weight: 0.004
T     I     D     E     W     L     L     K     N     A     K     E     E     A     I     K     E     L     K     E     A     G     I     T     S     D     F     Y     F     N     A     I     N     K     A     K     T     V     E     -     -     -     -     G     V     E     A     L     K     N     E     I     L     K     A     H     A     
0.007 0.008 0.009 0.004 0.006 0.006 0.003 0.004 0.007 0.002 0.003 0.002 0.010 0.003 0.003 0.005 0.001 0.003 0.002 0.009 0.003 0.002 0.003 0.003 0.002 0.003 0.003 0.002 0.003 0.004 0.004 0.006 0.002 0.003 0.002 0.002 0.002 0.002 0.003 0.005 0.005 0.005 0.005 0.002 0.003 0.005 0.002 0.002 0.003 0.007 0.002 0.003 0.003 0.004 0.003 0.005 0.025 
>A0A233V257 [293...345]
Normalized_weight: 0.005
T     I     D     E     W     N     L     K     N     A     K     E     E     A     I     K     E     L     K     E     A     G     I     T     S     D     L     Y     F     D     A     I     N     K     A     K     T     V     E     -     -     -     -     G     V     E     A     L     K     N     E     I     L     K     A     H     A     
0.007 0.008 0.009 0.004 0.006 0.018 0.003 0.004 0.007 0.002 0.003 0.002 0.010 0.003 0.003 0.005 0.001 0.003 0.002 0.009 0.003 0.002 0.003 0.003 0.002 0.003 0.008 0.002 0.003 0.004 0.004 0.006 0.002 0.003 0.002 0.002 0.002 0.002 0.003 0.005 0.005 0.005 0.005 0.002 0.003 0.005 0.002 0.002 0.003 0.007 0.002 0.003 0.003 0.004 0.003 0.005 0.025 
