>Sequence
Normalized_weight: 0.091
-     -     G     I     C     P     R     F     A     H     V     I     E     N     L     L     L     G     T     P     S     S     Y     E     T     S     L     K     E     F     E     P     D     D     T     M     K     D     A     G     M     Q     M     K     K     V     L     D     S     L     P     Q     T     T     R     E     N     I     M     K     L     T     E     K     I     V     K     S     P     L     C     M     -     -     -     -     -     
0.167 0.111 0.083 0.062 0.111 0.062 0.100 0.062 0.067 0.100 0.048 0.067 0.048 0.071 0.062 0.083 0.067 0.056 0.083 0.083 0.048 0.042 0.071 0.071 0.167 0.111 0.067 0.067 0.100 0.071 0.200 0.062 0.056 0.100 0.250 0.067 0.067 0.083 0.048 0.048 0.125 0.062 0.250 0.111 0.050 0.111 0.167 0.111 0.333 0.111 0.062 0.056 0.125 0.042 0.071 0.062 0.067 0.062 0.067 0.062 0.062 0.062 0.062 0.062 0.111 0.100 0.062 0.111 0.048 0.111 0.111 0.200 0.083 0.083 0.083 0.056 0.071 
>Sequence
Normalized_weight: 0.093
S     S     D     I     C     P     G     F     L     Q     V     L     E     A     L     L     L     G     S     E     S     N     Y     E     A     A     L     K     P     F     N     P     A     S     D     L     Q     N     A     G     T     Q     L     K     R     L     V     D     T     L     P     Q     E     T     R     I     N     I     V     K     L     T     E     K     I     L     T     S     P     L     C     E     Q     D     L     R     V     
0.083 0.111 0.111 0.062 0.111 0.062 0.050 0.062 0.067 0.067 0.048 0.111 0.048 0.071 0.062 0.083 0.067 0.056 0.167 0.167 0.048 0.250 0.071 0.071 0.056 0.067 0.067 0.067 0.067 0.071 0.067 0.062 0.333 0.067 0.042 0.111 0.067 0.125 0.048 0.048 0.062 0.062 0.071 0.111 0.125 0.067 0.083 0.111 0.048 0.111 0.062 0.056 0.083 0.042 0.071 0.125 0.067 0.062 0.200 0.062 0.062 0.062 0.062 0.062 0.111 0.067 0.083 0.111 0.048 0.111 0.111 0.200 0.167 0.167 0.167 0.167 0.250 
>Sequence
Normalized_weight: 0.203
-     -     G     I     C     P     A     I     K     E     D     V     H     L     F     L     F     G     T     P     E     E     Y     V     N     Y     V     E     K     Y     K     D     D     P     E     T     L     E     N     T     E     K     L     K     I     C     V     D     T     L     T     K     E     N     K     E     H     A     A     A     F     I     E     K     I     E     S     S     P     L     C     -     -     -     -     -     -     
0.167 0.111 0.083 0.062 0.111 0.062 0.200 0.500 0.200 0.200 0.333 0.333 0.333 0.143 0.500 0.083 0.333 0.056 0.083 0.083 0.333 0.250 0.071 0.250 0.333 0.333 0.167 0.111 0.200 0.250 0.100 0.500 0.056 0.200 0.250 0.333 0.200 0.083 0.333 0.333 0.250 0.500 0.071 0.111 0.250 0.333 0.083 0.111 0.048 0.111 0.500 0.167 0.083 0.250 0.250 0.062 0.333 0.500 0.200 0.500 0.500 0.250 0.062 0.062 0.111 0.200 0.250 0.111 0.048 0.111 0.111 0.067 0.083 0.083 0.083 0.056 0.071 
>Sequence
Normalized_weight: 0.112
S     S     D     T     C     P     G     F     F     Q     V     L     E     F     L     F     M     G     S     E     S     S     Y     E     A     A     L     K     F     Y     N     P     G     S     D     L     Q     D     S     G     T     Q     L     K     K     L     V     D     T     L     P     Q     K     T     R     M     N     I     M     K     L     S     E     I     I     L     T     S     P     L     C     N     Q     D     L     S     V     
0.083 0.111 0.111 0.500 0.111 0.062 0.050 0.062 0.200 0.067 0.048 0.111 0.048 0.143 0.062 0.167 0.111 0.056 0.167 0.167 0.048 0.042 0.071 0.071 0.056 0.067 0.067 0.067 0.100 0.250 0.067 0.062 0.167 0.067 0.042 0.111 0.067 0.083 0.333 0.048 0.062 0.062 0.071 0.111 0.050 0.067 0.083 0.111 0.048 0.111 0.062 0.056 0.083 0.042 0.071 0.250 0.067 0.062 0.067 0.062 0.062 0.250 0.062 0.500 0.111 0.067 0.083 0.111 0.048 0.111 0.111 0.067 0.167 0.167 0.167 0.333 0.250 
>Sequence
Normalized_weight: 0.094
S     S     D     I     C     P     G     F     L     Q     V     L     E     A     L     L     M     E     S     E     S     G     Y     V     A     S     L     K     P     F     N     P     G     S     D     L     Q     N     A     G     T     Q     L     K     R     L     V     D     T     L     P     Q     E     T     R     I     N     I     M     K     L     T     E     K     I     L     T     S     P     L     C     K     Q     D     L     R     -     
0.083 0.111 0.111 0.062 0.111 0.062 0.050 0.062 0.067 0.067 0.048 0.111 0.048 0.071 0.062 0.083 0.111 0.333 0.167 0.167 0.048 0.250 0.071 0.250 0.056 0.111 0.067 0.067 0.067 0.071 0.067 0.062 0.167 0.067 0.042 0.111 0.067 0.125 0.048 0.048 0.062 0.062 0.071 0.111 0.125 0.067 0.083 0.111 0.048 0.111 0.062 0.056 0.083 0.042 0.071 0.125 0.067 0.062 0.067 0.062 0.062 0.062 0.062 0.062 0.111 0.067 0.083 0.111 0.048 0.111 0.111 0.200 0.167 0.167 0.167 0.167 0.071 
>Sequence
Normalized_weight: 0.083
S     A     G     I     C     P     G     F     A     H     V     I     E     N     L     L     L     G     T     P     S     S     Y     E     T     S     L     K     E     F     Q     P     D     D     A     M     K     D     A     G     M     Q     M     K     K     V     L     D     T     L     P     Q     T     T     R     E     N     I     I     K     L     T     E     K     I     V     K     S     P     L     C     -     -     -     -     -     -     
0.083 0.111 0.083 0.062 0.111 0.062 0.050 0.062 0.067 0.100 0.048 0.067 0.048 0.071 0.062 0.083 0.067 0.056 0.083 0.083 0.048 0.042 0.071 0.071 0.167 0.111 0.067 0.067 0.100 0.071 0.200 0.062 0.056 0.100 0.250 0.067 0.067 0.083 0.048 0.048 0.125 0.062 0.250 0.111 0.050 0.111 0.167 0.111 0.048 0.111 0.062 0.056 0.125 0.042 0.071 0.062 0.067 0.062 0.067 0.062 0.062 0.062 0.062 0.062 0.111 0.100 0.062 0.111 0.048 0.111 0.111 0.067 0.083 0.083 0.083 0.056 0.071 
>Sequence
Normalized_weight: 0.095
S     A     E     I     C     P     S     F     Q     R     V     I     E     T     L     L     M     D     T     P     S     S     Y     E     A     A     M     E     L     F     S     P     D     Q     D     M     R     E     A     G     A     Q     L     K     K     L     V     D     T     L     P     Q     K     P     R     E     S     I     I     K     L     M     E     K     I     A     Q     S     S     L     C     N     -     -     -     -     -     
0.083 0.111 0.167 0.062 0.111 0.062 0.200 0.062 0.200 0.100 0.048 0.067 0.048 0.143 0.062 0.083 0.111 0.167 0.083 0.083 0.048 0.042 0.071 0.071 0.056 0.067 0.167 0.111 0.200 0.071 0.100 0.062 0.056 0.100 0.042 0.067 0.200 0.083 0.048 0.048 0.125 0.062 0.071 0.111 0.050 0.067 0.083 0.111 0.048 0.111 0.062 0.056 0.083 0.250 0.071 0.062 0.111 0.062 0.067 0.062 0.062 0.083 0.062 0.062 0.111 0.100 0.250 0.111 0.333 0.111 0.111 0.067 0.083 0.083 0.083 0.056 0.071 
>Sequence
Normalized_weight: 0.125
S     A     G     I     C     Q     R     F     A     G     I     I     Q     G     L     F     L     G     T     P     A     S     F     E     A     A     V     E     P     F     K     P     D     A     D     M     K     A     A     A     T     Q     L     K     T     L     V     D     F     L     P     K     N     T     K     D     S     I     L     K     L     M     D     K     I     A     K     S     P     L     C     -     -     -     -     -     -     
0.083 0.111 0.083 0.062 0.111 0.500 0.100 0.062 0.067 0.200 0.333 0.067 0.333 0.143 0.062 0.167 0.067 0.056 0.083 0.083 0.333 0.042 0.250 0.071 0.056 0.067 0.167 0.111 0.067 0.071 0.100 0.062 0.056 0.200 0.042 0.067 0.067 0.250 0.048 0.333 0.062 0.062 0.071 0.111 0.250 0.067 0.083 0.111 0.333 0.111 0.062 0.167 0.250 0.042 0.250 0.125 0.111 0.062 0.200 0.062 0.062 0.083 0.500 0.062 0.111 0.100 0.062 0.111 0.048 0.111 0.111 0.067 0.083 0.083 0.083 0.056 0.071 
>Sequence
Normalized_weight: 0.104
-     -     E     I     C     P     T     F     L     R     V     I     E     S     L     F     L     D     T     P     S     S     F     E     A     A     M     G     F     F     S     P     D     Q     D     M     S     E     A     G     A     Q     L     K     K     V     L     D     T     L     P     A     K     A     R     D     S     I     I     K     L     M     E     K     I     D     K     S     L     L     C     N     -     -     -     -     -     
0.167 0.111 0.167 0.062 0.111 0.062 0.200 0.062 0.067 0.100 0.048 0.067 0.048 0.143 0.062 0.167 0.067 0.167 0.083 0.083 0.048 0.042 0.250 0.071 0.056 0.067 0.167 0.333 0.100 0.071 0.100 0.062 0.056 0.100 0.042 0.067 0.200 0.083 0.048 0.048 0.125 0.062 0.071 0.111 0.050 0.111 0.167 0.111 0.048 0.111 0.062 0.333 0.083 0.250 0.071 0.125 0.111 0.062 0.067 0.062 0.062 0.083 0.062 0.062 0.111 0.200 0.062 0.111 0.333 0.111 0.111 0.067 0.083 0.083 0.083 0.056 0.071 
